pruned_3_0.1_model_0
DatasetDict({
    train: Dataset({
        features: ['question1', 'question2', 'label', 'indexes'],
        num_rows: 36384
    })
    validation: Dataset({
        features: ['question1', 'question2', 'label', 'indexes'],
        num_rows: 40430
    })
    test: Dataset({
        features: ['question1', 'question2', 'label', 'indexes'],
        num_rows: 390965
    })
})
[Train] Epoch:   0, Total:  36384, Accuracy : 0.7283, Loss: 0.4916
[Eval] Epoch:   0, Total:  40430, Accuracy : 0.8387, Loss: 0.3617
[Train] Epoch:   1, Total:  36384, Accuracy : 0.8373, Loss: 0.3972
[Eval] Epoch:   1, Total:  40430, Accuracy : 0.8512, Loss: 0.3654
[Train] Epoch:   2, Total:  36384, Accuracy : 0.8697, Loss: 0.2471
[Eval] Epoch:   2, Total:  40430, Accuracy : 0.8616, Loss: 0.3222
[Train] Epoch:   3, Total:  36384, Accuracy : 0.8937, Loss: 0.2305
[Eval] Epoch:   3, Total:  40430, Accuracy : 0.8649, Loss: 0.3353
[Train] Epoch:   4, Total:  36384, Accuracy : 0.9127, Loss: 0.1381
[Eval] Epoch:   4, Total:  40430, Accuracy : 0.8694, Loss: 0.3732
[Train] Epoch:   5, Total:  36384, Accuracy : 0.9276, Loss: 0.0939
[Eval] Epoch:   5, Total:  40430, Accuracy : 0.8700, Loss: 0.3794
[Train] Epoch:   6, Total:  36384, Accuracy : 0.9413, Loss: 0.1468
[Eval] Epoch:   6, Total:  40430, Accuracy : 0.8712, Loss: 0.4486
[Train] Epoch:   7, Total:  36384, Accuracy : 0.9490, Loss: 0.1323
[Eval] Epoch:   7, Total:  40430, Accuracy : 0.8723, Loss: 0.4480
[Train] Epoch:   8, Total:  36384, Accuracy : 0.9528, Loss: 0.2728
[Eval] Epoch:   8, Total:  40430, Accuracy : 0.8735, Loss: 0.4630
[Train] Epoch:   9, Total:  36384, Accuracy : 0.9562, Loss: 0.2064
[Eval] Epoch:   9, Total:  40430, Accuracy : 0.8734, Loss: 0.4678
[Train] Epoch:  10, Total:  36384, Accuracy : 0.9455, Loss: 0.0696
[Eval] Epoch:  10, Total:  40430, Accuracy : 0.8649, Loss: 0.4702
[Train] Epoch:  11, Total:  36384, Accuracy : 0.9510, Loss: 0.1438
[Eval] Epoch:  11, Total:  40430, Accuracy : 0.8697, Loss: 0.5065
[Train] Epoch:  12, Total:  36384, Accuracy : 0.9600, Loss: 0.1086
[Eval] Epoch:  12, Total:  40430, Accuracy : 0.8706, Loss: 0.4778
[Train] Epoch:  13, Total:  36384, Accuracy : 0.9673, Loss: 0.0148
[Eval] Epoch:  13, Total:  40430, Accuracy : 0.8709, Loss: 0.4835
[Train] Epoch:  14, Total:  36384, Accuracy : 0.9738, Loss: 0.0775
[Eval] Epoch:  14, Total:  40430, Accuracy : 0.8732, Loss: 0.5953
[Train] Epoch:  15, Total:  36384, Accuracy : 0.9789, Loss: 0.2198
[Eval] Epoch:  15, Total:  40430, Accuracy : 0.8710, Loss: 0.5588
[Train] Epoch:  16, Total:  36384, Accuracy : 0.9816, Loss: 0.0058
[Eval] Epoch:  16, Total:  40430, Accuracy : 0.8739, Loss: 0.5679
[Train] Epoch:  17, Total:  36384, Accuracy : 0.9857, Loss: 0.0784
[Eval] Epoch:  17, Total:  40430, Accuracy : 0.8726, Loss: 0.5265
[Train] Epoch:  18, Total:  36384, Accuracy : 0.9873, Loss: 0.0018
[Eval] Epoch:  18, Total:  40430, Accuracy : 0.8737, Loss: 0.5843
[Train] Epoch:  19, Total:  36384, Accuracy : 0.9883, Loss: 0.0177
[Eval] Epoch:  19, Total:  40430, Accuracy : 0.8735, Loss: 0.5869
{"epoch":[1,2,3,4,5,6,7,8,9,10,11,12,13,14,15,16,17,18,19,20],"train_loss":[0.521081037246264,0.36489021006997646,0.30423217063600366,0.2558195239805675,0.21758882816021258,0.18494502762397685,0.1583814835631764,0.14266525630975938,0.13236785445596788,0.12514660452733506,0.14546342194080353,0.13671226653602572,0.11301339766779146,0.09613177932512301,0.07775644642802385,0.0644534221049268,0.055130516992999125,0.04543487493183229,0.03893393452093656,0.03785500572538459],"eval_loss":[0.3576621858379509,0.34101390442516233,0.32858393067800545,0.3384153712776643,0.34365671835368194,0.3524519954867001,0.3963982316700718,0.39459897134500216,0.40247957332979273,0.4060807463866246,0.42854689693526377,0.4352012012578264,0.4343494754048842,0.45463756000316596,0.5098729746628411,0.5233208084408241,0.5411867127765583,0.5388704941997046,0.5819826331696932,0.5852668943661677],"train_acc":[0.7283421284080914,0.8373186015831134,0.8697229551451188,0.893717018469657,0.9126813984168866,0.9275505716798593,0.9412928759894459,0.9490435356200527,0.9527814423922604,0.9562445030782761,0.9455255057167986,0.9509674582233949,0.9599824098504838,0.9672933157431838,0.9737521987686896,0.9789193051890941,0.9816127968337731,0.9857354881266491,0.9873295954265612,0.9883190413368513],"eval_acc":[0.8386594113282216,0.8511996042542667,0.8616373979718032,0.8649270343804106,0.869403907989117,0.8700469948058372,0.87116002968093,0.8722730645560227,0.8735097699727925,0.8734355676477863,0.8649270343804106,0.8696512490724709,0.8706406134058867,0.8708632203809052,0.8732376947811031,0.8710116250309177,0.8739055157061588,0.8725698738560475,0.8736829087311403,0.8734850358644571]}
[Eval] Epoch:  11, Total:  40430, Accuracy : 0.8735, Loss: 0.5869
40430 35315 92.47216930985451
