pruned_3_0.005_model_0
DatasetDict({
    train: Dataset({
        features: ['question1', 'question2', 'label', 'indexes'],
        num_rows: 1819
    })
    validation: Dataset({
        features: ['question1', 'question2', 'label', 'indexes'],
        num_rows: 40430
    })
    test: Dataset({
        features: ['question1', 'question2', 'label', 'indexes'],
        num_rows: 390965
    })
})
[Train] Epoch:   0, Total:   1819, Accuracy : 0.3892, Loss: 0.6981
[Eval] Epoch:   0, Total:  40430, Accuracy : 0.3684, Loss: 0.6959
[Train] Epoch:   1, Total:   1819, Accuracy : 0.5723, Loss: 0.6532
[Eval] Epoch:   1, Total:  40430, Accuracy : 0.6318, Loss: 0.6763
[Train] Epoch:   2, Total:   1819, Accuracy : 0.6278, Loss: 0.6040
[Eval] Epoch:   2, Total:  40430, Accuracy : 0.6318, Loss: 0.6616
[Train] Epoch:   3, Total:   1819, Accuracy : 0.6278, Loss: 0.6255
[Eval] Epoch:   3, Total:  40430, Accuracy : 0.6318, Loss: 0.6526
[Train] Epoch:   4, Total:   1819, Accuracy : 0.6278, Loss: 0.7157
[Eval] Epoch:   4, Total:  40430, Accuracy : 0.6318, Loss: 0.6039
[Train] Epoch:   5, Total:   1819, Accuracy : 0.6278, Loss: 0.5570
[Eval] Epoch:   5, Total:  40430, Accuracy : 0.6318, Loss: 0.6318
[Train] Epoch:   6, Total:   1819, Accuracy : 0.6311, Loss: 0.4639
[Eval] Epoch:   6, Total:  40430, Accuracy : 0.6318, Loss: 0.5039
[Train] Epoch:   7, Total:   1819, Accuracy : 0.7389, Loss: 0.4621
[Eval] Epoch:   7, Total:  40430, Accuracy : 0.7910, Loss: 0.5225
[Train] Epoch:   8, Total:   1819, Accuracy : 0.8015, Loss: 0.3802
[Eval] Epoch:   8, Total:  40430, Accuracy : 0.7856, Loss: 0.4513
[Train] Epoch:   9, Total:   1819, Accuracy : 0.8395, Loss: 0.2384
[Eval] Epoch:   9, Total:  40430, Accuracy : 0.8011, Loss: 0.4847
[Train] Epoch:  10, Total:   1819, Accuracy : 0.8609, Loss: 0.3618
[Eval] Epoch:  10, Total:  40430, Accuracy : 0.8078, Loss: 0.5203
[Train] Epoch:  11, Total:   1819, Accuracy : 0.8708, Loss: 0.2862
[Eval] Epoch:  11, Total:  40430, Accuracy : 0.8087, Loss: 0.4890
[Train] Epoch:  12, Total:   1819, Accuracy : 0.8697, Loss: 0.1416
[Eval] Epoch:  12, Total:  40430, Accuracy : 0.8095, Loss: 0.4884
[Train] Epoch:  13, Total:   1819, Accuracy : 0.8708, Loss: 0.3645
[Eval] Epoch:  13, Total:  40430, Accuracy : 0.8137, Loss: 0.4988
[Train] Epoch:  14, Total:   1819, Accuracy : 0.8939, Loss: 0.2700
[Eval] Epoch:  14, Total:  40430, Accuracy : 0.8172, Loss: 0.4826
[Train] Epoch:  15, Total:   1819, Accuracy : 0.9164, Loss: 0.2400
[Eval] Epoch:  15, Total:  40430, Accuracy : 0.8195, Loss: 0.5277
[Train] Epoch:  16, Total:   1819, Accuracy : 0.9192, Loss: 0.2159
[Eval] Epoch:  16, Total:  40430, Accuracy : 0.8175, Loss: 0.5502
[Train] Epoch:  17, Total:   1819, Accuracy : 0.9230, Loss: 0.3470
[Eval] Epoch:  17, Total:  40430, Accuracy : 0.8176, Loss: 0.5559
[Train] Epoch:  18, Total:   1819, Accuracy : 0.9302, Loss: 0.1398
[Eval] Epoch:  18, Total:  40430, Accuracy : 0.8208, Loss: 0.5265
[Train] Epoch:  19, Total:   1819, Accuracy : 0.9351, Loss: 0.2887
[Eval] Epoch:  19, Total:  40430, Accuracy : 0.8204, Loss: 0.5248
{"epoch":[1,2,3,4,5,6,7,8,9,10,11,12,13,14,15,16,17,18,19,20],"train_loss":[0.7028366178274155,0.6840102598071098,0.6619731187820435,0.6536724865436554,0.6518757790327072,0.597462072968483,0.5664307475090027,0.4752935990691185,0.41889357939362526,0.3554515540599823,0.33562109991908073,0.3239280879497528,0.2999622542411089,0.3243934288620949,0.27862558141350746,0.24061408825218678,0.226244879886508,0.23086214065551758,0.1932481024414301,0.20511404424905777],"eval_loss":[0.6959992266153987,0.6742986463293245,0.65624041836473,0.6455636409264577,0.5906189385848709,0.596895226383511,0.49641681189023995,0.4919848700490179,0.44115225744398334,0.45850835646255106,0.4722177274996721,0.45374665569655503,0.454167286995091,0.4780961484471454,0.48297246573846553,0.53103979931602,0.5413758154911331,0.5544541259355182,0.5225499421358109,0.5192750005782405],"train_acc":[0.3892248488180319,0.5722924683892249,0.6278174821330401,0.6278174821330401,0.6278174821330401,0.6278174821330401,0.6311159978009896,0.7388675096206707,0.8015393073117097,0.839472237493128,0.8609125893347993,0.8708081363386476,0.8697086311159978,0.8708081363386476,0.8938977460142936,0.9164376030786147,0.9191863661352392,0.9230346344145135,0.9301814183617372,0.9351291918636614],"eval_acc":[0.3684392777640366,0.6318327974276527,0.6318327974276527,0.6318327974276527,0.6318327974276527,0.6318327974276527,0.6318327974276527,0.7910215186742517,0.7855552807321297,0.8011130348750928,0.8077665100173139,0.8087311402423942,0.8094731634924561,0.8137026960178085,0.81723967350977,0.8194904773682908,0.8174622804847885,0.8175612169181301,0.8208261192184022,0.8204056393767005]}
[Eval] Epoch:  11, Total:  40430, Accuracy : 0.8204, Loss: 0.5248
40430 33169 82.045450091362
