pruned_1_0.02_model_0
DatasetDict({
    train: Dataset({
        features: ['question1', 'question2', 'label', 'indexes'],
        num_rows: 7273
    })
    validation: Dataset({
        features: ['question1', 'question2', 'label', 'indexes'],
        num_rows: 40430
    })
    test: Dataset({
        features: ['question1', 'question2', 'label', 'indexes'],
        num_rows: 390965
    })
})
[Train] Epoch:   0, Total:   7273, Accuracy : 0.5974, Loss: 0.6424
[Eval] Epoch:   0, Total:  40430, Accuracy : 0.6318, Loss: 0.6462
[Train] Epoch:   1, Total:   7273, Accuracy : 0.6601, Loss: 0.5820
[Eval] Epoch:   1, Total:  40430, Accuracy : 0.7116, Loss: 0.5069
[Train] Epoch:   2, Total:   7273, Accuracy : 0.7828, Loss: 0.4119
[Eval] Epoch:   2, Total:  40430, Accuracy : 0.7966, Loss: 0.4349
[Train] Epoch:   3, Total:   7273, Accuracy : 0.8401, Loss: 0.2753
[Eval] Epoch:   3, Total:  40430, Accuracy : 0.8202, Loss: 0.4388
[Train] Epoch:   4, Total:   7273, Accuracy : 0.8669, Loss: 0.2906
[Eval] Epoch:   4, Total:  40430, Accuracy : 0.8326, Loss: 0.4500
[Train] Epoch:   5, Total:   7273, Accuracy : 0.8970, Loss: 0.2538
[Eval] Epoch:   5, Total:  40430, Accuracy : 0.8391, Loss: 0.4038
[Train] Epoch:   6, Total:   7273, Accuracy : 0.9181, Loss: 0.1778
[Eval] Epoch:   6, Total:  40430, Accuracy : 0.8373, Loss: 0.4652
[Train] Epoch:   7, Total:   7273, Accuracy : 0.9291, Loss: 0.2230
[Eval] Epoch:   7, Total:  40430, Accuracy : 0.8426, Loss: 0.4815
[Train] Epoch:   8, Total:   7273, Accuracy : 0.9362, Loss: 0.1424
[Eval] Epoch:   8, Total:  40430, Accuracy : 0.8405, Loss: 0.4778
[Train] Epoch:   9, Total:   7273, Accuracy : 0.9427, Loss: 0.1115
[Eval] Epoch:   9, Total:  40430, Accuracy : 0.8437, Loss: 0.4858
[Train] Epoch:  10, Total:   7273, Accuracy : 0.9472, Loss: 0.2129
[Eval] Epoch:  10, Total:  40430, Accuracy : 0.8340, Loss: 0.5309
[Train] Epoch:  11, Total:   7273, Accuracy : 0.9396, Loss: 0.2670
[Eval] Epoch:  11, Total:  40430, Accuracy : 0.8281, Loss: 0.5475
[Train] Epoch:  12, Total:   7273, Accuracy : 0.9513, Loss: 0.1195
[Eval] Epoch:  12, Total:  40430, Accuracy : 0.8342, Loss: 0.5648
[Train] Epoch:  13, Total:   7273, Accuracy : 0.9563, Loss: 0.1403
[Eval] Epoch:  13, Total:  40430, Accuracy : 0.8423, Loss: 0.5281
[Train] Epoch:  14, Total:   7273, Accuracy : 0.9698, Loss: 0.0652
[Eval] Epoch:  14, Total:  40430, Accuracy : 0.8414, Loss: 0.5718
[Train] Epoch:  15, Total:   7273, Accuracy : 0.9742, Loss: 0.0471
[Eval] Epoch:  15, Total:  40430, Accuracy : 0.8410, Loss: 0.5971
[Train] Epoch:  16, Total:   7273, Accuracy : 0.9783, Loss: 0.0086
[Eval] Epoch:  16, Total:  40430, Accuracy : 0.8424, Loss: 0.6316
[Train] Epoch:  17, Total:   7273, Accuracy : 0.9835, Loss: 0.0166
[Eval] Epoch:  17, Total:  40430, Accuracy : 0.8426, Loss: 0.6379
[Train] Epoch:  18, Total:   7273, Accuracy : 0.9839, Loss: 0.0311
[Eval] Epoch:  18, Total:  40430, Accuracy : 0.8407, Loss: 0.6878
[Train] Epoch:  19, Total:   7273, Accuracy : 0.9839, Loss: 0.0333
[Eval] Epoch:  19, Total:  40430, Accuracy : 0.8416, Loss: 0.6761
{"epoch":[1,2,3,4,5,6,7,8,9,10,11,12,13,14,15,16,17,18,19,20],"train_loss":[0.6731206939138216,0.5673654120543907,0.43385724158122624,0.34540264873669063,0.30308990694325544,0.2511729371958765,0.2071405310055305,0.18417196001472144,0.16283398866653442,0.15451828750043078,0.14733589183667611,0.1603312497508937,0.1368028351972843,0.11966095055485594,0.09295322052363691,0.07614971992784533,0.06172674557129885,0.051986337446703994,0.048421702989987256,0.05136890702977263],"eval_loss":[0.6398825260657298,0.49799298240414147,0.4106067713302902,0.3978606128617178,0.4045811127635497,0.38487209059015104,0.4270137056142469,0.4548662684009045,0.44740905829622774,0.45274329223210297,0.5268178800993328,0.5108742134857781,0.5114048634526096,0.5224341069218479,0.5386848659077778,0.5641597316989416,0.6264329107501839,0.6486061328574072,0.6569946223421942,0.6541020785328708],"train_acc":[0.597415096933865,0.6601127457720335,0.7827581465695036,0.8400934964938814,0.8669049910628351,0.8970163618864293,0.9180530730097621,0.9290526605252303,0.9362023924102846,0.9426646500756222,0.9472019799257528,0.9396397635088685,0.9513268252440533,0.9562766396260141,0.9697511343324625,0.9741509693386498,0.9782758146569503,0.9835006187267977,0.9839131032586278,0.9839131032586278],"eval_acc":[0.6318327974276527,0.7116250309176354,0.7965866930497155,0.8202325006183527,0.8326242888943853,0.8391293593865942,0.8372743012614395,0.8426416027702202,0.8405144694533762,0.8436804353203067,0.8340093989611674,0.8280732129606728,0.834232005936186,0.8422705911451892,0.8414048973534504,0.841009151620084,0.8423942616868662,0.8425674004452139,0.840687608211724,0.8416027702201335]}
[Eval] Epoch:  11, Total:  40430, Accuracy : 0.8416, Loss: 0.6761
40430 34026 103.34812840819359
