pruned_3_0.5_model_0
DatasetDict({
    train: Dataset({
        features: ['question1', 'question2', 'label', 'indexes'],
        num_rows: 181923
    })
    validation: Dataset({
        features: ['question1', 'question2', 'label', 'indexes'],
        num_rows: 40430
    })
    test: Dataset({
        features: ['question1', 'question2', 'label', 'indexes'],
        num_rows: 390965
    })
})
[Train] Epoch:   0, Total: 181923, Accuracy : 0.8195, Loss: 0.3083
[Eval] Epoch:   0, Total:  40430, Accuracy : 0.8717, Loss: 0.3104
[Train] Epoch:   1, Total: 181923, Accuracy : 0.8842, Loss: 0.2854
[Eval] Epoch:   1, Total:  40430, Accuracy : 0.8882, Loss: 0.2806
[Train] Epoch:   2, Total: 181923, Accuracy : 0.9070, Loss: 0.2055
[Eval] Epoch:   2, Total:  40430, Accuracy : 0.8949, Loss: 0.2833
[Train] Epoch:   3, Total: 181923, Accuracy : 0.9252, Loss: 0.1943
[Eval] Epoch:   3, Total:  40430, Accuracy : 0.8949, Loss: 0.2934
[Train] Epoch:   4, Total: 181923, Accuracy : 0.9392, Loss: 0.1672
[Eval] Epoch:   4, Total:  40430, Accuracy : 0.9000, Loss: 0.3038
[Train] Epoch:   5, Total: 181923, Accuracy : 0.9511, Loss: 0.0979
[Eval] Epoch:   5, Total:  40430, Accuracy : 0.9005, Loss: 0.3360
[Train] Epoch:   6, Total: 181923, Accuracy : 0.9591, Loss: 0.1254
[Eval] Epoch:   6, Total:  40430, Accuracy : 0.9022, Loss: 0.3413
[Train] Epoch:   7, Total: 181923, Accuracy : 0.9642, Loss: 0.0917
[Eval] Epoch:   7, Total:  40430, Accuracy : 0.9026, Loss: 0.3633
[Train] Epoch:   8, Total: 181923, Accuracy : 0.9685, Loss: 0.0973
[Eval] Epoch:   8, Total:  40430, Accuracy : 0.9025, Loss: 0.3863
[Train] Epoch:   9, Total: 181923, Accuracy : 0.9701, Loss: 0.0959
[Eval] Epoch:   9, Total:  40430, Accuracy : 0.9027, Loss: 0.3903
[Train] Epoch:  10, Total: 181923, Accuracy : 0.9574, Loss: 0.0708
[Eval] Epoch:  10, Total:  40430, Accuracy : 0.8985, Loss: 0.3751
[Train] Epoch:  11, Total: 181923, Accuracy : 0.9623, Loss: 0.1052
[Eval] Epoch:  11, Total:  40430, Accuracy : 0.9005, Loss: 0.3927
[Train] Epoch:  12, Total: 181923, Accuracy : 0.9690, Loss: 0.0686
[Eval] Epoch:  12, Total:  40430, Accuracy : 0.9007, Loss: 0.4666
[Train] Epoch:  13, Total: 181923, Accuracy : 0.9745, Loss: 0.0182
[Eval] Epoch:  13, Total:  40430, Accuracy : 0.9006, Loss: 0.4331
[Train] Epoch:  14, Total: 181923, Accuracy : 0.9798, Loss: 0.0597
[Eval] Epoch:  14, Total:  40430, Accuracy : 0.9030, Loss: 0.5063
[Train] Epoch:  15, Total: 181923, Accuracy : 0.9846, Loss: 0.0234
[Eval] Epoch:  15, Total:  40430, Accuracy : 0.9031, Loss: 0.4841
[Train] Epoch:  16, Total: 181923, Accuracy : 0.9873, Loss: 0.0412
[Eval] Epoch:  16, Total:  40430, Accuracy : 0.9039, Loss: 0.5704
[Train] Epoch:  17, Total: 181923, Accuracy : 0.9900, Loss: 0.0230
[Eval] Epoch:  17, Total:  40430, Accuracy : 0.9051, Loss: 0.5807
[Train] Epoch:  18, Total: 181923, Accuracy : 0.9919, Loss: 0.0511
[Eval] Epoch:  18, Total:  40430, Accuracy : 0.9041, Loss: 0.6123
[Train] Epoch:  19, Total: 181923, Accuracy : 0.9924, Loss: 0.0350
[Eval] Epoch:  19, Total:  40430, Accuracy : 0.9038, Loss: 0.6243
{"epoch":[1,2,3,4,5,6,7,8,9,10,11,12,13,14,15,16,17,18,19,20],"train_loss":[0.3761311941341341,0.2733355221743322,0.22583070801867045,0.18736493677613436,0.1556799858494147,0.1294724290244774,0.10933751754368408,0.09585986245533586,0.08673201791114277,0.08352996003925381,0.11358002009480647,0.10089884139859391,0.08350181984603824,0.06980329424499124,0.05592714830232279,0.044004305637194006,0.036038592722366466,0.029057157877570676,0.02372954670325414,0.02268122142208963],"eval_loss":[0.2907983025983919,0.2683614079333559,0.2583587013090713,0.26786090857997724,0.2716584835625902,0.2931385469398921,0.304300162988373,0.31895185177084767,0.33229278395824796,0.3357840908479087,0.3073758231122283,0.33160913952543764,0.3687437918933132,0.37849428636741034,0.41796526227948033,0.42187935868396037,0.4696994020214564,0.48349006228809116,0.5076896425666688,0.5162548586914811],"train_acc":[0.819511551590508,0.8842147501965117,0.9069716308548122,0.9252430973543752,0.9392325324450455,0.9510507192603465,0.9591255641122892,0.9642101328584072,0.9685416357469918,0.9701412135903652,0.9573885654919939,0.9622972356436514,0.9690473442060652,0.9745386784518725,0.9797991457924506,0.9845648983361093,0.9872748360570132,0.9900122579333015,0.9918921741615958,0.9924308636071305],"eval_acc":[0.8717041800643087,0.8881770962156814,0.8948553054662379,0.8949047736829088,0.9,0.9004946821667079,0.9022260697501855,0.9025970813752164,0.9024981449418749,0.9027454860252287,0.8985159534998763,0.9004946821667079,0.9006678209250557,0.9006183527083849,0.9029680930002474,0.903067029433589,0.9039327232253277,0.905144694533762,0.9040811278753401,0.9038337867919861]}
[Eval] Epoch:  11, Total:  40430, Accuracy : 0.9038, Loss: 0.6243
40430 36542 81.56826767325401
