pruned_1_0.2_model_0
DatasetDict({
    train: Dataset({
        features: ['question1', 'question2', 'label', 'indexes'],
        num_rows: 72764
    })
    validation: Dataset({
        features: ['question1', 'question2', 'label', 'indexes'],
        num_rows: 40430
    })
    test: Dataset({
        features: ['question1', 'question2', 'label', 'indexes'],
        num_rows: 390965
    })
})
[Train] Epoch:   0, Total:  72764, Accuracy : 0.7904, Loss: 0.3710
[Eval] Epoch:   0, Total:  40430, Accuracy : 0.8604, Loss: 0.3566
[Train] Epoch:   1, Total:  72764, Accuracy : 0.8730, Loss: 0.3677
[Eval] Epoch:   1, Total:  40430, Accuracy : 0.8699, Loss: 0.3439
[Train] Epoch:   2, Total:  72764, Accuracy : 0.8981, Loss: 0.2380
[Eval] Epoch:   2, Total:  40430, Accuracy : 0.8805, Loss: 0.3871
[Train] Epoch:   3, Total:  72764, Accuracy : 0.9179, Loss: 0.1548
[Eval] Epoch:   3, Total:  40430, Accuracy : 0.8814, Loss: 0.3655
[Train] Epoch:   4, Total:  72764, Accuracy : 0.9338, Loss: 0.2029
[Eval] Epoch:   4, Total:  40430, Accuracy : 0.8854, Loss: 0.3818
[Train] Epoch:   5, Total:  72764, Accuracy : 0.9480, Loss: 0.1010
[Eval] Epoch:   5, Total:  40430, Accuracy : 0.8839, Loss: 0.4322
[Train] Epoch:   6, Total:  72764, Accuracy : 0.9586, Loss: 0.0680
[Eval] Epoch:   6, Total:  40430, Accuracy : 0.8837, Loss: 0.4707
[Train] Epoch:   7, Total:  72764, Accuracy : 0.9641, Loss: 0.1358
[Eval] Epoch:   7, Total:  40430, Accuracy : 0.8848, Loss: 0.4842
[Train] Epoch:   8, Total:  72764, Accuracy : 0.9682, Loss: 0.1629
[Eval] Epoch:   8, Total:  40430, Accuracy : 0.8843, Loss: 0.5019
[Train] Epoch:   9, Total:  72764, Accuracy : 0.9697, Loss: 0.0366
[Eval] Epoch:   9, Total:  40430, Accuracy : 0.8848, Loss: 0.5018
[Train] Epoch:  10, Total:  72764, Accuracy : 0.9588, Loss: 0.0706
[Eval] Epoch:  10, Total:  40430, Accuracy : 0.8784, Loss: 0.4906
[Train] Epoch:  11, Total:  72764, Accuracy : 0.9625, Loss: 0.0863
[Eval] Epoch:  11, Total:  40430, Accuracy : 0.8838, Loss: 0.4820
[Train] Epoch:  12, Total:  72764, Accuracy : 0.9702, Loss: 0.1459
[Eval] Epoch:  12, Total:  40430, Accuracy : 0.8806, Loss: 0.4988
[Train] Epoch:  13, Total:  72764, Accuracy : 0.9764, Loss: 0.0494
[Eval] Epoch:  13, Total:  40430, Accuracy : 0.8804, Loss: 0.5065
[Train] Epoch:  14, Total:  72764, Accuracy : 0.9825, Loss: 0.1255
[Eval] Epoch:  14, Total:  40430, Accuracy : 0.8842, Loss: 0.6839
[Train] Epoch:  15, Total:  72764, Accuracy : 0.9859, Loss: 0.0185
[Eval] Epoch:  15, Total:  40430, Accuracy : 0.8839, Loss: 0.6490
[Train] Epoch:  16, Total:  72764, Accuracy : 0.9891, Loss: 0.0390
[Eval] Epoch:  16, Total:  40430, Accuracy : 0.8839, Loss: 0.7162
[Train] Epoch:  17, Total:  72764, Accuracy : 0.9914, Loss: 0.0231
[Eval] Epoch:  17, Total:  40430, Accuracy : 0.8851, Loss: 0.7273
[Train] Epoch:  18, Total:  72764, Accuracy : 0.9930, Loss: 0.0089
[Eval] Epoch:  18, Total:  40430, Accuracy : 0.8844, Loss: 0.7717
[Train] Epoch:  19, Total:  72764, Accuracy : 0.9930, Loss: 0.0026
[Eval] Epoch:  19, Total:  40430, Accuracy : 0.8849, Loss: 0.7823
{"epoch":[1,2,3,4,5,6,7,8,9,10,11,12,13,14,15,16,17,18,19,20],"train_loss":[0.41835024989487835,0.29288325618233596,0.24158380245953276,0.2002936027813376,0.16601280018425824,0.13462729388684558,0.11052543063435638,0.09691505400758041,0.08581673176142207,0.08304558925722774,0.1066245217725896,0.0986935680634097,0.08034120807260797,0.06501897728037939,0.04954044699930308,0.03912642778207858,0.031973490624672224,0.02499913835097431,0.020442031614335353,0.020526160450096715],"eval_loss":[0.3106531296161157,0.2970867725678637,0.2928990865055519,0.2892899867854541,0.3117997146482709,0.3327393196051634,0.36687773070003415,0.3840353641706177,0.39734296349785,0.39856538610367837,0.37997873740482935,0.3973919761520398,0.41069209915173205,0.42925907181033607,0.5389185219625884,0.5430424603857572,0.5702218954698949,0.6074593331240401,0.632499701425999,0.6369347108315818],"train_acc":[0.7903908526194272,0.8730278709251827,0.8980952119179815,0.9178989610246825,0.9337859381012589,0.9480374910670112,0.9586471331977351,0.9640618987411357,0.9682397889066021,0.969655324061349,0.9587845637952834,0.9625364191083503,0.9701500742125226,0.9764031664009675,0.9825188279918641,0.9859408498708152,0.9890605244351602,0.9913556154142158,0.992977296465285,0.9929635534055302],"eval_acc":[0.8604006925550334,0.8699233242641603,0.8804600544150384,0.8814494187484542,0.8853821419737818,0.8839228295819935,0.8836754884986396,0.8847885233737324,0.8843185753153598,0.8848132574820677,0.878431857531536,0.8838486272569874,0.8805837249567153,0.8804353203067029,0.8841701706653475,0.8839228295819935,0.883947563690329,0.8850605985654217,0.8843680435320307,0.884887459807074]}
[Eval] Epoch:  11, Total:  40430, Accuracy : 0.8849, Loss: 0.7823
40430 35776 100.63568431138992
