pruned_1_0.5_model_0
DatasetDict({
    train: Dataset({
        features: ['question1', 'question2', 'label', 'indexes'],
        num_rows: 181921
    })
    validation: Dataset({
        features: ['question1', 'question2', 'label', 'indexes'],
        num_rows: 40430
    })
    test: Dataset({
        features: ['question1', 'question2', 'label', 'indexes'],
        num_rows: 390965
    })
})
[Train] Epoch:   0, Total: 181921, Accuracy : 0.8328, Loss: 0.3253
[Eval] Epoch:   0, Total:  40430, Accuracy : 0.8812, Loss: 0.3290
[Train] Epoch:   1, Total: 181921, Accuracy : 0.8925, Loss: 0.2724
[Eval] Epoch:   1, Total:  40430, Accuracy : 0.8875, Loss: 0.2746
[Train] Epoch:   2, Total: 181921, Accuracy : 0.9141, Loss: 0.2076
[Eval] Epoch:   2, Total:  40430, Accuracy : 0.8976, Loss: 0.3133
[Train] Epoch:   3, Total: 181921, Accuracy : 0.9321, Loss: 0.1688
[Eval] Epoch:   3, Total:  40430, Accuracy : 0.8992, Loss: 0.3296
[Train] Epoch:   4, Total: 181921, Accuracy : 0.9460, Loss: 0.0983
[Eval] Epoch:   4, Total:  40430, Accuracy : 0.9016, Loss: 0.3196
[Train] Epoch:   5, Total: 181921, Accuracy : 0.9566, Loss: 0.1211
[Eval] Epoch:   5, Total:  40430, Accuracy : 0.9021, Loss: 0.3299
[Train] Epoch:   6, Total: 181921, Accuracy : 0.9640, Loss: 0.0617
[Eval] Epoch:   6, Total:  40430, Accuracy : 0.9032, Loss: 0.3588
[Train] Epoch:   7, Total: 181921, Accuracy : 0.9694, Loss: 0.0716
[Eval] Epoch:   7, Total:  40430, Accuracy : 0.9034, Loss: 0.3728
[Train] Epoch:   8, Total: 181921, Accuracy : 0.9728, Loss: 0.0705
[Eval] Epoch:   8, Total:  40430, Accuracy : 0.9035, Loss: 0.3847
[Train] Epoch:   9, Total: 181921, Accuracy : 0.9739, Loss: 0.1075
[Eval] Epoch:   9, Total:  40430, Accuracy : 0.9035, Loss: 0.3925
[Train] Epoch:  10, Total: 181921, Accuracy : 0.9621, Loss: 0.0516
[Eval] Epoch:  10, Total:  40430, Accuracy : 0.9001, Loss: 0.2841
[Train] Epoch:  11, Total: 181921, Accuracy : 0.9668, Loss: 0.0362
[Eval] Epoch:  11, Total:  40430, Accuracy : 0.8990, Loss: 0.3834
[Train] Epoch:  12, Total: 181921, Accuracy : 0.9731, Loss: 0.0747
[Eval] Epoch:  12, Total:  40430, Accuracy : 0.9012, Loss: 0.4178
[Train] Epoch:  13, Total: 181921, Accuracy : 0.9790, Loss: 0.0589
[Eval] Epoch:  13, Total:  40430, Accuracy : 0.9029, Loss: 0.4059
[Train] Epoch:  14, Total: 181921, Accuracy : 0.9830, Loss: 0.0483
[Eval] Epoch:  14, Total:  40430, Accuracy : 0.9038, Loss: 0.4049
[Train] Epoch:  15, Total: 181921, Accuracy : 0.9868, Loss: 0.0604
[Eval] Epoch:  15, Total:  40430, Accuracy : 0.9041, Loss: 0.4468
[Train] Epoch:  16, Total: 181921, Accuracy : 0.9898, Loss: 0.0173
[Eval] Epoch:  16, Total:  40430, Accuracy : 0.9031, Loss: 0.4354
[Train] Epoch:  17, Total: 181921, Accuracy : 0.9917, Loss: 0.0171
[Eval] Epoch:  17, Total:  40430, Accuracy : 0.9038, Loss: 0.4865
[Train] Epoch:  18, Total: 181921, Accuracy : 0.9930, Loss: 0.0598
[Eval] Epoch:  18, Total:  40430, Accuracy : 0.9037, Loss: 0.4770
[Train] Epoch:  19, Total: 181921, Accuracy : 0.9938, Loss: 0.0315
[Eval] Epoch:  19, Total:  40430, Accuracy : 0.9037, Loss: 0.4875
{"epoch":[1,2,3,4,5,6,7,8,9,10,11,12,13,14,15,16,17,18,19,20],"train_loss":[0.35458285463174855,0.25275412090803834,0.20846843451219604,0.16939323170191795,0.13870690043088252,0.11470460713056405,0.09535487855977147,0.08309774107329872,0.07409672791193306,0.07138002368342525,0.10042164780712999,0.08837284134902615,0.07330428246990287,0.05878630287960989,0.04736192366592953,0.03725072711839769,0.029343138085075677,0.023567875075702845,0.02076077005405466,0.01823691393465849],"eval_loss":[0.27631057978053636,0.25644926387297956,0.26130157954330685,0.27982190968115117,0.2798644400472882,0.297757417435133,0.3273180395930628,0.33348134009143976,0.3427786712970915,0.3479536771774292,0.28900572242616096,0.35285358715660964,0.38567903251210345,0.3804616969597491,0.4145441410850875,0.44676505878001826,0.477229508983938,0.5232755914330482,0.5270616124513783,0.5390210983496678],"train_acc":[0.8328285354631956,0.8924698083233932,0.9141220639728234,0.9320968992035005,0.9459875440438432,0.9566075384370138,0.9640063544065831,0.9693658236267391,0.9728013808191468,0.9738677777716701,0.9621264175108976,0.9668262597501113,0.9730982129605708,0.9789578993079413,0.98295413943415,0.9867799759236152,0.9897867755784104,0.9917326751721901,0.9929914633274883,0.9938324877281897],"eval_acc":[0.8812020776651002,0.8875092752906257,0.8975760573831313,0.8992085085332674,0.9016077170418006,0.9021271333168439,0.9032401681919366,0.9034380410586198,0.9034875092752906,0.9034627751669553,0.9001484046500123,0.8990353697749196,0.9011625030917635,0.9028938906752412,0.90375958446698,0.9040811278753401,0.9031412317585951,0.9037843185753154,0.9037101162503092,0.9037101162503092]}
[Eval] Epoch:  11, Total:  40430, Accuracy : 0.9037, Loss: 0.4875
40430 36537 85.16533353924751
