pruned_2_0.3_model_0
DatasetDict({
    train: Dataset({
        features: ['question1', 'question2', 'label', 'indexes'],
        num_rows: 109153
    })
    validation: Dataset({
        features: ['question1', 'question2', 'label', 'indexes'],
        num_rows: 40430
    })
    test: Dataset({
        features: ['question1', 'question2', 'label', 'indexes'],
        num_rows: 390965
    })
})
[Train] Epoch:   0, Total: 109153, Accuracy : 0.8308, Loss: 0.2036
[Eval] Epoch:   0, Total:  40430, Accuracy : 0.8625, Loss: 0.3489
[Train] Epoch:   1, Total: 109153, Accuracy : 0.9045, Loss: 0.2092
[Eval] Epoch:   1, Total:  40430, Accuracy : 0.8788, Loss: 0.3380
[Train] Epoch:   2, Total: 109153, Accuracy : 0.9241, Loss: 0.1427
[Eval] Epoch:   2, Total:  40430, Accuracy : 0.8784, Loss: 0.3496
[Train] Epoch:   3, Total: 109153, Accuracy : 0.9422, Loss: 0.1379
[Eval] Epoch:   3, Total:  40430, Accuracy : 0.8826, Loss: 0.3878
[Train] Epoch:   4, Total: 109153, Accuracy : 0.9570, Loss: 0.1098
[Eval] Epoch:   4, Total:  40430, Accuracy : 0.8827, Loss: 0.4262
[Train] Epoch:   5, Total: 109153, Accuracy : 0.9674, Loss: 0.1388
[Eval] Epoch:   5, Total:  40430, Accuracy : 0.8839, Loss: 0.4819
[Train] Epoch:   6, Total: 109153, Accuracy : 0.9749, Loss: 0.0367
[Eval] Epoch:   6, Total:  40430, Accuracy : 0.8838, Loss: 0.5168
[Train] Epoch:   7, Total: 109153, Accuracy : 0.9787, Loss: 0.0398
[Eval] Epoch:   7, Total:  40430, Accuracy : 0.8830, Loss: 0.5523
[Train] Epoch:   8, Total: 109153, Accuracy : 0.9818, Loss: 0.0372
[Eval] Epoch:   8, Total:  40430, Accuracy : 0.8832, Loss: 0.5810
[Train] Epoch:   9, Total: 109153, Accuracy : 0.9829, Loss: 0.1005
[Eval] Epoch:   9, Total:  40430, Accuracy : 0.8831, Loss: 0.5910
[Train] Epoch:  10, Total: 109153, Accuracy : 0.9729, Loss: 0.0895
[Eval] Epoch:  10, Total:  40430, Accuracy : 0.8792, Loss: 0.5104
[Train] Epoch:  11, Total: 109153, Accuracy : 0.9755, Loss: 0.1035
[Eval] Epoch:  11, Total:  40430, Accuracy : 0.8835, Loss: 0.5325
[Train] Epoch:  12, Total: 109153, Accuracy : 0.9808, Loss: 0.1340
[Eval] Epoch:  12, Total:  40430, Accuracy : 0.8794, Loss: 0.5918
[Train] Epoch:  13, Total: 109153, Accuracy : 0.9846, Loss: 0.0501
[Eval] Epoch:  13, Total:  40430, Accuracy : 0.8815, Loss: 0.6301
[Train] Epoch:  14, Total: 109153, Accuracy : 0.9879, Loss: 0.0611
[Eval] Epoch:  14, Total:  40430, Accuracy : 0.8839, Loss: 0.6398
[Train] Epoch:  15, Total: 109153, Accuracy : 0.9912, Loss: 0.0248
[Eval] Epoch:  15, Total:  40430, Accuracy : 0.8831, Loss: 0.7454
[Train] Epoch:  16, Total: 109153, Accuracy : 0.9933, Loss: 0.0141
[Eval] Epoch:  16, Total:  40430, Accuracy : 0.8853, Loss: 0.8744
[Train] Epoch:  17, Total: 109153, Accuracy : 0.9947, Loss: 0.0016
[Eval] Epoch:  17, Total:  40430, Accuracy : 0.8853, Loss: 0.8345
[Train] Epoch:  18, Total: 109153, Accuracy : 0.9958, Loss: 0.0428
[Eval] Epoch:  18, Total:  40430, Accuracy : 0.8857, Loss: 0.9190
[Train] Epoch:  19, Total: 109153, Accuracy : 0.9963, Loss: 0.0002
[Eval] Epoch:  19, Total:  40430, Accuracy : 0.8856, Loss: 0.9171
{"epoch":[1,2,3,4,5,6,7,8,9,10,11,12,13,14,15,16,17,18,19,20],"train_loss":[0.3258625115736865,0.21672902687232445,0.17625124977609313,0.13932245530065943,0.10998264157520804,0.0862255021668011,0.06879784822010324,0.05807282010952678,0.05089544943278651,0.04749579978038053,0.0734364627718716,0.0671942909869782,0.05322251970764136,0.04320754829589147,0.034284331378869416,0.025753170589368955,0.01961269362560262,0.015549031639647772,0.012821687774763245,0.01132859731172386],"eval_loss":[0.3071922809828686,0.2833564503094818,0.28909692385151414,0.3080523676132854,0.3301908534161652,0.3614754816399345,0.38525706963448586,0.409272331791588,0.4385069670933711,0.4437866334485102,0.39474248754072794,0.40603532406348214,0.4553290653643729,0.489357970372031,0.47726441731181324,0.561640775467776,0.6559206733975229,0.644022356671623,0.7047875280244441,0.7074598781292951],"train_acc":[0.8308429452236769,0.9044918600496551,0.9241431751761289,0.9422278819638489,0.9569594972194992,0.9673852299066448,0.9748518135094775,0.9787454307256787,0.9818420015940927,0.9828772457009886,0.9729004241752403,0.9754747922640697,0.9807884345826501,0.9846087601806638,0.9879252059036399,0.9911958443652488,0.9933487856495011,0.9947413263950602,0.9957948934065028,0.9963445805429076],"eval_acc":[0.8624783576552065,0.8787781350482315,0.8784071234232006,0.8825871877318823,0.8827355923818946,0.8838733613653228,0.8837744249319812,0.8829581993569132,0.8831560722235964,0.8830571357902548,0.879248083106604,0.8835270838486272,0.8793964877566164,0.8814988869651249,0.8839228295819935,0.8831313381152609,0.8853326737571111,0.8853079396487756,0.8856542171654712,0.885580014840465]}
[Eval] Epoch:  11, Total:  40430, Accuracy : 0.8856, Loss: 0.9171
40430 35804 111.77866074442863
