random_0.04_model_0
DatasetDict({
    train: Dataset({
        features: ['question1', 'question2', 'label', 'indexes'],
        num_rows: 14554
    })
    validation: Dataset({
        features: ['question1', 'question2', 'label', 'indexes'],
        num_rows: 40430
    })
    test: Dataset({
        features: ['question1', 'question2', 'label', 'indexes'],
        num_rows: 390965
    })
})
[Train] Epoch:   0, Total:  14554, Accuracy : 0.6096, Loss: 0.4841
[Eval] Epoch:   0, Total:  40430, Accuracy : 0.7533, Loss: 0.4793
[Train] Epoch:   1, Total:  14554, Accuracy : 0.7930, Loss: 0.4210
[Eval] Epoch:   1, Total:  40430, Accuracy : 0.8261, Loss: 0.3946
[Train] Epoch:   2, Total:  14554, Accuracy : 0.8495, Loss: 0.3041
[Eval] Epoch:   2, Total:  40430, Accuracy : 0.8454, Loss: 0.3584
[Train] Epoch:   3, Total:  14554, Accuracy : 0.8760, Loss: 0.2840
[Eval] Epoch:   3, Total:  40430, Accuracy : 0.8523, Loss: 0.3752
[Train] Epoch:   4, Total:  14554, Accuracy : 0.8969, Loss: 0.1713
[Eval] Epoch:   4, Total:  40430, Accuracy : 0.8454, Loss: 0.4296
[Train] Epoch:   5, Total:  14554, Accuracy : 0.9149, Loss: 0.2014
[Eval] Epoch:   5, Total:  40430, Accuracy : 0.8552, Loss: 0.4054
[Train] Epoch:   6, Total:  14554, Accuracy : 0.9297, Loss: 0.1710
[Eval] Epoch:   6, Total:  40430, Accuracy : 0.8550, Loss: 0.4613
[Train] Epoch:   7, Total:  14554, Accuracy : 0.9412, Loss: 0.1382
[Eval] Epoch:   7, Total:  40430, Accuracy : 0.8573, Loss: 0.4704
[Train] Epoch:   8, Total:  14554, Accuracy : 0.9449, Loss: 0.1301
[Eval] Epoch:   8, Total:  40430, Accuracy : 0.8560, Loss: 0.4717
[Train] Epoch:   9, Total:  14554, Accuracy : 0.9498, Loss: 0.1686
[Eval] Epoch:   9, Total:  40430, Accuracy : 0.8571, Loss: 0.4778
[Train] Epoch:  10, Total:  14554, Accuracy : 0.9439, Loss: 0.1281
[Eval] Epoch:  10, Total:  40430, Accuracy : 0.8519, Loss: 0.4772
[Train] Epoch:  11, Total:  14554, Accuracy : 0.9400, Loss: 0.1389
[Eval] Epoch:  11, Total:  40430, Accuracy : 0.8534, Loss: 0.4631
[Train] Epoch:  12, Total:  14554, Accuracy : 0.9531, Loss: 0.1226
[Eval] Epoch:  12, Total:  40430, Accuracy : 0.8554, Loss: 0.5426
[Train] Epoch:  13, Total:  14554, Accuracy : 0.9641, Loss: 0.0842
[Eval] Epoch:  13, Total:  40430, Accuracy : 0.8498, Loss: 0.6862
[Train] Epoch:  14, Total:  14554, Accuracy : 0.9688, Loss: 0.0504
[Eval] Epoch:  14, Total:  40430, Accuracy : 0.8528, Loss: 0.6280
[Train] Epoch:  15, Total:  14554, Accuracy : 0.9768, Loss: 0.0727
[Eval] Epoch:  15, Total:  40430, Accuracy : 0.8555, Loss: 0.6995
[Train] Epoch:  16, Total:  14554, Accuracy : 0.9807, Loss: 0.0386
[Eval] Epoch:  16, Total:  40430, Accuracy : 0.8556, Loss: 0.7317
[Train] Epoch:  17, Total:  14554, Accuracy : 0.9834, Loss: 0.0425
[Eval] Epoch:  17, Total:  40430, Accuracy : 0.8573, Loss: 0.6867
[Train] Epoch:  18, Total:  14554, Accuracy : 0.9845, Loss: 0.0330
[Eval] Epoch:  18, Total:  40430, Accuracy : 0.8562, Loss: 0.7133
[Train] Epoch:  19, Total:  14554, Accuracy : 0.9860, Loss: 0.0377
[Eval] Epoch:  19, Total:  40430, Accuracy : 0.8559, Loss: 0.7142
{"epoch":[1,2,3,4,5,6,7,8,9,10,11,12,13,14,15,16,17,18,19,20],"train_loss":[0.6273140672006106,0.42685422876424955,0.33859589957354363,0.28493519127368927,0.24480756725135602,0.20978841839129464,0.1814718032092379,0.15823169457807876,0.14916626089497617,0.1367844454290574,0.15132592108688855,0.15747357002998652,0.12813367171768555,0.09911665771352618,0.08776801870318882,0.06965492678838864,0.062335086904727575,0.05130271012322944,0.049000542806951625,0.044352168070250435],"eval_loss":[0.47040982487835464,0.3770767512577998,0.3493034551038018,0.35442950010676927,0.4039406336938279,0.3903726199759713,0.41607216604148284,0.4246411331092255,0.4359572075213058,0.44518383658384975,0.429563493291034,0.42737666300580474,0.49098643509647516,0.567807561989072,0.5455887723195402,0.5818598127063317,0.603774032072176,0.5959919517553305,0.6145137927577465,0.6152969557273237],"train_acc":[0.609591864779442,0.7929778754981448,0.8494571938985845,0.876047821904631,0.8969355503641611,0.9149374742338876,0.9297100453483579,0.9411845540744812,0.9448948742613714,0.9497732582108012,0.943864229765013,0.9400164903119418,0.9531400302322386,0.9641335715267281,0.9688058265768861,0.9768448536484815,0.9806925931015529,0.9834409784251752,0.9844716229215336,0.9859832348495259],"eval_acc":[0.7533267375711106,0.8260944842938412,0.8453623546871135,0.8523373732376948,0.8454118229037844,0.8552065298046005,0.8549591887212467,0.8572841949047737,0.8559732871629978,0.8570615879297552,0.8519168933959931,0.8534256740044521,0.8553796685629483,0.8497650259708137,0.8528320554044027,0.8555033391046253,0.8556022755379669,0.8573336631214444,0.856171160029681,0.8559485530546623]}
[Eval] Epoch:  11, Total:  40430, Accuracy : 0.8559, Loss: 0.7142
40430 34606 97.21691900491714
