pruned_3_0.03_model_0
DatasetDict({
    train: Dataset({
        features: ['question1', 'question2', 'label', 'indexes'],
        num_rows: 10915
    })
    validation: Dataset({
        features: ['question1', 'question2', 'label', 'indexes'],
        num_rows: 40430
    })
    test: Dataset({
        features: ['question1', 'question2', 'label', 'indexes'],
        num_rows: 390965
    })
})
[Train] Epoch:   0, Total:  10915, Accuracy : 0.5400, Loss: 0.6102
[Eval] Epoch:   0, Total:  40430, Accuracy : 0.6318, Loss: 0.6338
[Train] Epoch:   1, Total:  10915, Accuracy : 0.7111, Loss: 0.4856
[Eval] Epoch:   1, Total:  40430, Accuracy : 0.8119, Loss: 0.4167
[Train] Epoch:   2, Total:  10915, Accuracy : 0.8218, Loss: 0.4474
[Eval] Epoch:   2, Total:  40430, Accuracy : 0.8260, Loss: 0.3953
[Train] Epoch:   3, Total:  10915, Accuracy : 0.8503, Loss: 0.4150
[Eval] Epoch:   3, Total:  40430, Accuracy : 0.8374, Loss: 0.3833
[Train] Epoch:   4, Total:  10915, Accuracy : 0.8748, Loss: 0.2705
[Eval] Epoch:   4, Total:  40430, Accuracy : 0.8461, Loss: 0.3876
[Train] Epoch:   5, Total:  10915, Accuracy : 0.8974, Loss: 0.2787
[Eval] Epoch:   5, Total:  40430, Accuracy : 0.8489, Loss: 0.3864
[Train] Epoch:   6, Total:  10915, Accuracy : 0.9132, Loss: 0.2081
[Eval] Epoch:   6, Total:  40430, Accuracy : 0.8467, Loss: 0.3982
[Train] Epoch:   7, Total:  10915, Accuracy : 0.9234, Loss: 0.2224
[Eval] Epoch:   7, Total:  40430, Accuracy : 0.8490, Loss: 0.4254
[Train] Epoch:   8, Total:  10915, Accuracy : 0.9319, Loss: 0.2867
[Eval] Epoch:   8, Total:  40430, Accuracy : 0.8501, Loss: 0.4403
[Train] Epoch:   9, Total:  10915, Accuracy : 0.9372, Loss: 0.1806
[Eval] Epoch:   9, Total:  40430, Accuracy : 0.8497, Loss: 0.4378
[Train] Epoch:  10, Total:  10915, Accuracy : 0.9315, Loss: 0.1417
[Eval] Epoch:  10, Total:  40430, Accuracy : 0.8480, Loss: 0.4484
[Train] Epoch:  11, Total:  10915, Accuracy : 0.9316, Loss: 0.1970
[Eval] Epoch:  11, Total:  40430, Accuracy : 0.8451, Loss: 0.4580
[Train] Epoch:  12, Total:  10915, Accuracy : 0.9366, Loss: 0.1595
[Eval] Epoch:  12, Total:  40430, Accuracy : 0.8456, Loss: 0.5049
[Train] Epoch:  13, Total:  10915, Accuracy : 0.9504, Loss: 0.0952
[Eval] Epoch:  13, Total:  40430, Accuracy : 0.8475, Loss: 0.5332
[Train] Epoch:  14, Total:  10915, Accuracy : 0.9566, Loss: 0.1193
[Eval] Epoch:  14, Total:  40430, Accuracy : 0.8503, Loss: 0.5151
[Train] Epoch:  15, Total:  10915, Accuracy : 0.9655, Loss: 0.1462
[Eval] Epoch:  15, Total:  40430, Accuracy : 0.8467, Loss: 0.5354
[Train] Epoch:  16, Total:  10915, Accuracy : 0.9687, Loss: 0.0740
[Eval] Epoch:  16, Total:  40430, Accuracy : 0.8488, Loss: 0.5196
[Train] Epoch:  17, Total:  10915, Accuracy : 0.9754, Loss: 0.0729
[Eval] Epoch:  17, Total:  40430, Accuracy : 0.8490, Loss: 0.5346
[Train] Epoch:  18, Total:  10915, Accuracy : 0.9736, Loss: 0.1065
[Eval] Epoch:  18, Total:  40430, Accuracy : 0.8505, Loss: 0.5527
[Train] Epoch:  19, Total:  10915, Accuracy : 0.9788, Loss: 0.1409
[Eval] Epoch:  19, Total:  40430, Accuracy : 0.8506, Loss: 0.5531
{"epoch":[1,2,3,4,5,6,7,8,9,10,11,12,13,14,15,16,17,18,19,20],"train_loss":[0.6806498724360799,0.5295678162297537,0.39823449974836306,0.3468174289825351,0.30045600547346957,0.2616308414658835,0.22546907739583835,0.202746550357619,0.1886220678340557,0.18235288352467294,0.19229392915271049,0.18519348443247552,0.17716376032940176,0.14308182999145153,0.12715110096127488,0.10879682125740273,0.09677603962116463,0.08236301395782204,0.08278263542194698,0.07397558522778888],"eval_loss":[0.6249808744539188,0.4067598104099684,0.38080270192291166,0.37775922179976595,0.39440395862241334,0.3969687926995603,0.4113131555952603,0.4312773197889328,0.4448873149820521,0.4417146234949933,0.4372475466018991,0.44539358457432515,0.46332188837135896,0.5055004035747503,0.5186152831663059,0.5399705614847473,0.5472669378866123,0.5678181506787674,0.5726068785673455,0.5727040520574473],"train_acc":[0.5399908382959231,0.7111314704535043,0.8218048557031608,0.8502977553825012,0.8747595052679799,0.8973889143380669,0.9132386623912048,0.9234081539166284,0.9319285387081997,0.9372423270728355,0.9314704535043518,0.9315620705451214,0.9366010077874485,0.9504351809436555,0.9565735226752176,0.9654603756298672,0.9686669720568025,0.9753550160329821,0.97361429225836,0.9788364635822263],"eval_acc":[0.6318327974276527,0.8119218402176601,0.8259708137521642,0.8374474400197873,0.8460796438288399,0.8489488003957457,0.8467474647538956,0.8489735345040811,0.8500865693791739,0.8496660895374721,0.8479841701706653,0.8451150136037596,0.8456344298788029,0.847464753895622,0.8502844422458571,0.8467474647538956,0.8488003957457334,0.8489982686124166,0.850531783329211,0.8506059856542172]}
[Eval] Epoch:  11, Total:  40430, Accuracy : 0.8506, Loss: 0.5531
40430 34390 90.48724022507668
