pruned_1_0.4_model_0
DatasetDict({
    train: Dataset({
        features: ['question1', 'question2', 'label', 'indexes'],
        num_rows: 145534
    })
    validation: Dataset({
        features: ['question1', 'question2', 'label', 'indexes'],
        num_rows: 40430
    })
    test: Dataset({
        features: ['question1', 'question2', 'label', 'indexes'],
        num_rows: 390965
    })
})
[Train] Epoch:   0, Total: 145534, Accuracy : 0.8231, Loss: 0.3924
[Eval] Epoch:   0, Total:  40430, Accuracy : 0.8726, Loss: 0.3372
[Train] Epoch:   1, Total: 145534, Accuracy : 0.8873, Loss: 0.1889
[Eval] Epoch:   1, Total:  40430, Accuracy : 0.8853, Loss: 0.3135
[Train] Epoch:   2, Total: 145534, Accuracy : 0.9097, Loss: 0.2539
[Eval] Epoch:   2, Total:  40430, Accuracy : 0.8906, Loss: 0.3002
[Train] Epoch:   3, Total: 145534, Accuracy : 0.9281, Loss: 0.1719
[Eval] Epoch:   3, Total:  40430, Accuracy : 0.8930, Loss: 0.3437
[Train] Epoch:   4, Total: 145534, Accuracy : 0.9431, Loss: 0.1077
[Eval] Epoch:   4, Total:  40430, Accuracy : 0.8972, Loss: 0.3533
[Train] Epoch:   5, Total: 145534, Accuracy : 0.9541, Loss: 0.0752
[Eval] Epoch:   5, Total:  40430, Accuracy : 0.8945, Loss: 0.3936
[Train] Epoch:   6, Total: 145534, Accuracy : 0.9625, Loss: 0.0942
[Eval] Epoch:   6, Total:  40430, Accuracy : 0.8976, Loss: 0.4215
[Train] Epoch:   7, Total: 145534, Accuracy : 0.9673, Loss: 0.2191
[Eval] Epoch:   7, Total:  40430, Accuracy : 0.8969, Loss: 0.4438
[Train] Epoch:   8, Total: 145534, Accuracy : 0.9707, Loss: 0.0370
[Eval] Epoch:   8, Total:  40430, Accuracy : 0.8973, Loss: 0.4613
[Train] Epoch:   9, Total: 145534, Accuracy : 0.9727, Loss: 0.0361
[Eval] Epoch:   9, Total:  40430, Accuracy : 0.8974, Loss: 0.4736
[Train] Epoch:  10, Total: 145534, Accuracy : 0.9602, Loss: 0.1086
[Eval] Epoch:  10, Total:  40430, Accuracy : 0.8947, Loss: 0.4375
[Train] Epoch:  11, Total: 145534, Accuracy : 0.9658, Loss: 0.0899
[Eval] Epoch:  11, Total:  40430, Accuracy : 0.8947, Loss: 0.4066
[Train] Epoch:  12, Total: 145534, Accuracy : 0.9725, Loss: 0.0378
[Eval] Epoch:  12, Total:  40430, Accuracy : 0.8953, Loss: 0.3996
[Train] Epoch:  13, Total: 145534, Accuracy : 0.9779, Loss: 0.0511
[Eval] Epoch:  13, Total:  40430, Accuracy : 0.8957, Loss: 0.4888
[Train] Epoch:  14, Total: 145534, Accuracy : 0.9822, Loss: 0.0784
[Eval] Epoch:  14, Total:  40430, Accuracy : 0.8940, Loss: 0.5315
[Train] Epoch:  15, Total: 145534, Accuracy : 0.9862, Loss: 0.0431
[Eval] Epoch:  15, Total:  40430, Accuracy : 0.8970, Loss: 0.6652
[Train] Epoch:  16, Total: 145534, Accuracy : 0.9889, Loss: 0.0169
[Eval] Epoch:  16, Total:  40430, Accuracy : 0.8969, Loss: 0.6204
[Train] Epoch:  17, Total: 145534, Accuracy : 0.9908, Loss: 0.0136
[Eval] Epoch:  17, Total:  40430, Accuracy : 0.8991, Loss: 0.6311
[Train] Epoch:  18, Total: 145534, Accuracy : 0.9929, Loss: 0.0009
[Eval] Epoch:  18, Total:  40430, Accuracy : 0.8985, Loss: 0.6967
[Train] Epoch:  19, Total: 145534, Accuracy : 0.9932, Loss: 0.0443
[Eval] Epoch:  19, Total:  40430, Accuracy : 0.8986, Loss: 0.7002
{"epoch":[1,2,3,4,5,6,7,8,9,10,11,12,13,14,15,16,17,18,19,20],"train_loss":[0.36806854019056096,0.2626964790592713,0.21714670582951057,0.17848213862869985,0.14639167814975462,0.12075297613685496,0.10154746208333383,0.08939013958487968,0.08034264354234945,0.07619433648727167,0.10425103032185658,0.09337725804918993,0.07639927488403077,0.06182545563451592,0.05059415152417545,0.03970047326673392,0.031862378747305575,0.02598628392447153,0.0216942142253465,0.01990890326792692],"eval_loss":[0.2958489680026151,0.2722449043317686,0.258152595520774,0.27994317485939096,0.280018917273117,0.31746101124754433,0.32426390730881993,0.33909715127341356,0.3531510013191006,0.36135595603079734,0.34009334624190873,0.33964498444825786,0.3541466079746621,0.402715346669849,0.44342060038183306,0.49549048412826996,0.48319529496793506,0.5016244880006283,0.5638181818059728,0.5646196864073789],"train_acc":[0.8230654005249632,0.88726345733643,0.9096568499457172,0.928071790784284,0.9430511083320736,0.9541069440817953,0.9624555086783845,0.967292866271799,0.9706597770967609,0.9727142798246458,0.9601605123201451,0.9657605782841123,0.9724531724545467,0.977943298473209,0.9822309563400993,0.9861956656176564,0.9889304217571152,0.9908200145670427,0.9928745172949276,0.9932180796240054],"eval_acc":[0.8725946079643829,0.8853326737571111,0.8905763047242147,0.8930002473410834,0.8972297798664358,0.8945337620578778,0.8976007914914668,0.8968835023497403,0.897303982191442,0.8973781845164481,0.8947069008162256,0.894731634924561,0.8953499876329458,0.8957209992579768,0.8940143457828346,0.8970071728914173,0.8969329705664111,0.899060103883255,0.8985159534998763,0.8985654217165471]}
[Eval] Epoch:  11, Total:  40430, Accuracy : 0.8986, Loss: 0.7002
40430 36329 89.20991045236588
