pruned_1_0.01_model_0
DatasetDict({
    train: Dataset({
        features: ['question1', 'question2', 'label', 'indexes'],
        num_rows: 3637
    })
    validation: Dataset({
        features: ['question1', 'question2', 'label', 'indexes'],
        num_rows: 40430
    })
    test: Dataset({
        features: ['question1', 'question2', 'label', 'indexes'],
        num_rows: 390965
    })
})
[Train] Epoch:   0, Total:   3637, Accuracy : 0.4451, Loss: 0.6948
[Eval] Epoch:   0, Total:  40430, Accuracy : 0.6318, Loss: 0.6816
[Train] Epoch:   1, Total:   3637, Accuracy : 0.6175, Loss: 0.6332
[Eval] Epoch:   1, Total:  40430, Accuracy : 0.6318, Loss: 0.6557
[Train] Epoch:   2, Total:   3637, Accuracy : 0.6173, Loss: 0.6439
[Eval] Epoch:   2, Total:  40430, Accuracy : 0.6318, Loss: 0.5511
[Train] Epoch:   3, Total:   3637, Accuracy : 0.7047, Loss: 0.4940
[Eval] Epoch:   3, Total:  40430, Accuracy : 0.8037, Loss: 0.4541
[Train] Epoch:   4, Total:   3637, Accuracy : 0.8045, Loss: 0.4203
[Eval] Epoch:   4, Total:  40430, Accuracy : 0.8135, Loss: 0.4268
[Train] Epoch:   5, Total:   3637, Accuracy : 0.8342, Loss: 0.4000
[Eval] Epoch:   5, Total:  40430, Accuracy : 0.8137, Loss: 0.4278
[Train] Epoch:   6, Total:   3637, Accuracy : 0.8609, Loss: 0.3261
[Eval] Epoch:   6, Total:  40430, Accuracy : 0.8220, Loss: 0.4441
[Train] Epoch:   7, Total:   3637, Accuracy : 0.8859, Loss: 0.2716
[Eval] Epoch:   7, Total:  40430, Accuracy : 0.8189, Loss: 0.4586
[Train] Epoch:   8, Total:   3637, Accuracy : 0.8988, Loss: 0.2264
[Eval] Epoch:   8, Total:  40430, Accuracy : 0.8264, Loss: 0.4647
[Train] Epoch:   9, Total:   3637, Accuracy : 0.9145, Loss: 0.3139
[Eval] Epoch:   9, Total:  40430, Accuracy : 0.8288, Loss: 0.4808
[Train] Epoch:  10, Total:   3637, Accuracy : 0.9178, Loss: 0.2626
[Eval] Epoch:  10, Total:  40430, Accuracy : 0.8263, Loss: 0.4801
[Train] Epoch:  11, Total:   3637, Accuracy : 0.8812, Loss: 0.4623
[Eval] Epoch:  11, Total:  40430, Accuracy : 0.7509, Loss: 0.8033
[Train] Epoch:  12, Total:   3637, Accuracy : 0.8587, Loss: 0.1870
[Eval] Epoch:  12, Total:  40430, Accuracy : 0.8164, Loss: 0.4644
[Train] Epoch:  13, Total:   3637, Accuracy : 0.9274, Loss: 0.1722
[Eval] Epoch:  13, Total:  40430, Accuracy : 0.8295, Loss: 0.5486
[Train] Epoch:  14, Total:   3637, Accuracy : 0.9403, Loss: 0.2516
[Eval] Epoch:  14, Total:  40430, Accuracy : 0.8323, Loss: 0.4945
[Train] Epoch:  15, Total:   3637, Accuracy : 0.9516, Loss: 0.1905
[Eval] Epoch:  15, Total:  40430, Accuracy : 0.8266, Loss: 0.5282
[Train] Epoch:  16, Total:   3637, Accuracy : 0.9593, Loss: 0.2008
[Eval] Epoch:  16, Total:  40430, Accuracy : 0.8329, Loss: 0.5643
[Train] Epoch:  17, Total:   3637, Accuracy : 0.9626, Loss: 0.1373
[Eval] Epoch:  17, Total:  40430, Accuracy : 0.8340, Loss: 0.5377
[Train] Epoch:  18, Total:   3637, Accuracy : 0.9651, Loss: 0.0479
[Eval] Epoch:  18, Total:  40430, Accuracy : 0.8325, Loss: 0.5286
[Train] Epoch:  19, Total:   3637, Accuracy : 0.9676, Loss: 0.0288
[Eval] Epoch:  19, Total:  40430, Accuracy : 0.8342, Loss: 0.5324
{"epoch":[1,2,3,4,5,6,7,8,9,10,11,12,13,14,15,16,17,18,19,20],"train_loss":[0.7009379585584005,0.6678600152333577,0.6319458802541097,0.5072636942068736,0.4319011429945628,0.3800112267335256,0.3288835684458415,0.28011750876903535,0.2540224591890971,0.23243297437826793,0.2237048029899597,0.3270256668329239,0.3419992337624232,0.19817743301391602,0.17649804850419362,0.14239697605371476,0.13208624919255574,0.122486978272597,0.10963640039165815,0.10104371731479962],"eval_loss":[0.6807308751571027,0.6503267333477358,0.5444658981471122,0.4420416219325005,0.40353471964974946,0.408079570607294,0.4183544612760785,0.4298159153778342,0.4432943531229526,0.44381533148168006,0.44374899490724634,0.8275793854948841,0.42337744371800484,0.5124101801009118,0.4887470369097553,0.5208207108551943,0.5703585344024852,0.5402934194742879,0.5382280032845992,0.5413761825501164],"train_acc":[0.4451470992576299,0.6175419301622216,0.6172669782788012,0.7047016772064889,0.8045092108880946,0.8342040142974979,0.8608743469892769,0.8858949683805334,0.8988177069012923,0.9144899642562552,0.9177893868572999,0.8812207863623865,0.8586747319219137,0.927412702777014,0.9403354412977729,0.9516084685180094,0.9593071212537806,0.9626065438548254,0.965081110805609,0.9675556777563926],"eval_acc":[0.6318327974276527,0.6318327974276527,0.6318327974276527,0.8036853821419738,0.81348008904279,0.8136779619094732,0.8220380905268365,0.8188968587682414,0.826391293593866,0.8287905021023992,0.8263170912688598,0.7508780608459065,0.816423447934702,0.829532525352461,0.8322532772693544,0.8266139005688845,0.8329458323027454,0.8339599307444967,0.8324511501360375,0.834232005936186]}
[Eval] Epoch:  11, Total:  40430, Accuracy : 0.8342, Loss: 0.5324
40430 33728 85.5374368429184
