random_0.5_model_0
DatasetDict({
    train: Dataset({
        features: ['question1', 'question2', 'label', 'indexes'],
        num_rows: 181923
    })
    validation: Dataset({
        features: ['question1', 'question2', 'label', 'indexes'],
        num_rows: 40430
    })
    test: Dataset({
        features: ['question1', 'question2', 'label', 'indexes'],
        num_rows: 390965
    })
})
[Train] Epoch:   0, Total: 181923, Accuracy : 0.8346, Loss: 0.2738
[Eval] Epoch:   0, Total:  40430, Accuracy : 0.8774, Loss: 0.3322
[Train] Epoch:   1, Total: 181923, Accuracy : 0.8929, Loss: 0.2477
[Eval] Epoch:   1, Total:  40430, Accuracy : 0.8892, Loss: 0.2939
[Train] Epoch:   2, Total: 181923, Accuracy : 0.9136, Loss: 0.2451
[Eval] Epoch:   2, Total:  40430, Accuracy : 0.8956, Loss: 0.2929
[Train] Epoch:   3, Total: 181923, Accuracy : 0.9319, Loss: 0.1455
[Eval] Epoch:   3, Total:  40430, Accuracy : 0.8972, Loss: 0.2854
[Train] Epoch:   4, Total: 181923, Accuracy : 0.9450, Loss: 0.0821
[Eval] Epoch:   4, Total:  40430, Accuracy : 0.8975, Loss: 0.2899
[Train] Epoch:   5, Total: 181923, Accuracy : 0.9563, Loss: 0.0980
[Eval] Epoch:   5, Total:  40430, Accuracy : 0.9020, Loss: 0.3499
[Train] Epoch:   6, Total: 181923, Accuracy : 0.9632, Loss: 0.0619
[Eval] Epoch:   6, Total:  40430, Accuracy : 0.9015, Loss: 0.3747
[Train] Epoch:   7, Total: 181923, Accuracy : 0.9691, Loss: 0.1042
[Eval] Epoch:   7, Total:  40430, Accuracy : 0.9014, Loss: 0.3879
[Train] Epoch:   8, Total: 181923, Accuracy : 0.9724, Loss: 0.0635
[Eval] Epoch:   8, Total:  40430, Accuracy : 0.9010, Loss: 0.3985
[Train] Epoch:   9, Total: 181923, Accuracy : 0.9740, Loss: 0.0416
[Eval] Epoch:   9, Total:  40430, Accuracy : 0.9009, Loss: 0.4075
[Train] Epoch:  10, Total: 181923, Accuracy : 0.9609, Loss: 0.1077
[Eval] Epoch:  10, Total:  40430, Accuracy : 0.8972, Loss: 0.3256
[Train] Epoch:  11, Total: 181923, Accuracy : 0.9672, Loss: 0.0593
[Eval] Epoch:  11, Total:  40430, Accuracy : 0.8955, Loss: 0.3745
[Train] Epoch:  12, Total: 181923, Accuracy : 0.9728, Loss: 0.0723
[Eval] Epoch:  12, Total:  40430, Accuracy : 0.8985, Loss: 0.4962
[Train] Epoch:  13, Total: 181923, Accuracy : 0.9780, Loss: 0.0690
[Eval] Epoch:  13, Total:  40430, Accuracy : 0.8997, Loss: 0.4818
[Train] Epoch:  14, Total: 181923, Accuracy : 0.9829, Loss: 0.0732
[Eval] Epoch:  14, Total:  40430, Accuracy : 0.9003, Loss: 0.5632
[Train] Epoch:  15, Total: 181923, Accuracy : 0.9867, Loss: 0.1140
[Eval] Epoch:  15, Total:  40430, Accuracy : 0.9035, Loss: 0.5477
[Train] Epoch:  16, Total: 181923, Accuracy : 0.9899, Loss: 0.0039
[Eval] Epoch:  16, Total:  40430, Accuracy : 0.9025, Loss: 0.5836
[Train] Epoch:  17, Total: 181923, Accuracy : 0.9918, Loss: 0.0383
[Eval] Epoch:  17, Total:  40430, Accuracy : 0.9015, Loss: 0.6543
[Train] Epoch:  18, Total: 181923, Accuracy : 0.9932, Loss: 0.0028
[Eval] Epoch:  18, Total:  40430, Accuracy : 0.9024, Loss: 0.6454
[Train] Epoch:  19, Total: 181923, Accuracy : 0.9941, Loss: 0.0086
[Eval] Epoch:  19, Total:  40430, Accuracy : 0.9020, Loss: 0.6643
{"epoch":[1,2,3,4,5,6,7,8,9,10,11,12,13,14,15,16,17,18,19,20],"train_loss":[0.3500983764099169,0.2506876967627288,0.20785264662465633,0.1693528231374825,0.1387585452882214,0.11425033804296442,0.09540561192345434,0.08222544292294526,0.07410277887319545,0.07026854086190504,0.10152539015654606,0.08833427367268232,0.07279120559598491,0.05907159412748661,0.047021005289568846,0.036615286098397565,0.028314726749263473,0.02334308709884416,0.01954205089624324,0.017037935614908108],"eval_loss":[0.2842985038893132,0.2556401328006877,0.24618643182742445,0.26000159733657596,0.2737525326164463,0.30915725712157505,0.3257415157896054,0.3349585506734969,0.3450116091702558,0.3528739533658269,0.2825607169843927,0.3395157056518748,0.3936711014071597,0.3994143266655222,0.4510404530771171,0.4714198850000961,0.5012356037203269,0.5590733517951603,0.5639601440369328,0.5708455366047123],"train_acc":[0.8346333338830164,0.8929217306222963,0.9135678281470732,0.9318997597884819,0.9450151987379276,0.9563221802630784,0.9632152064334911,0.9690913188546803,0.9723894175008108,0.9740164794995685,0.9609010405501228,0.9671894153020784,0.9728181703248078,0.9779632042127714,0.9829103521819671,0.9866866751317865,0.98989132764961,0.9917767407089813,0.9932443946065094,0.9941403780720415],"eval_acc":[0.8773930249814494,0.8891911946574326,0.8956467969329706,0.8971555775414296,0.8975018550581252,0.902003462775167,0.9014840465001237,0.9013603759584466,0.9010388325500865,0.9009151620084096,0.8972050457581005,0.8954983922829582,0.8985159534998763,0.8996537224833044,0.9002720751916894,0.9034627751669553,0.9025476131585456,0.9015335147167944,0.9023744744001979,0.9019539945584961]}
[Eval] Epoch:  11, Total:  40430, Accuracy : 0.9020, Loss: 0.6643
40430 36466 90.19359478354454
