pruned_3_0.4_model_0
DatasetDict({
    train: Dataset({
        features: ['question1', 'question2', 'label', 'indexes'],
        num_rows: 145538
    })
    validation: Dataset({
        features: ['question1', 'question2', 'label', 'indexes'],
        num_rows: 40430
    })
    test: Dataset({
        features: ['question1', 'question2', 'label', 'indexes'],
        num_rows: 390965
    })
})
[Train] Epoch:   0, Total: 145538, Accuracy : 0.8118, Loss: 0.3213
[Eval] Epoch:   0, Total:  40430, Accuracy : 0.8708, Loss: 0.3107
[Train] Epoch:   1, Total: 145538, Accuracy : 0.8787, Loss: 0.2435
[Eval] Epoch:   1, Total:  40430, Accuracy : 0.8859, Loss: 0.2683
[Train] Epoch:   2, Total: 145538, Accuracy : 0.9031, Loss: 0.2512
[Eval] Epoch:   2, Total:  40430, Accuracy : 0.8925, Loss: 0.2763
[Train] Epoch:   3, Total: 145538, Accuracy : 0.9221, Loss: 0.2501
[Eval] Epoch:   3, Total:  40430, Accuracy : 0.8935, Loss: 0.2827
[Train] Epoch:   4, Total: 145538, Accuracy : 0.9376, Loss: 0.2212
[Eval] Epoch:   4, Total:  40430, Accuracy : 0.8952, Loss: 0.2925
[Train] Epoch:   5, Total: 145538, Accuracy : 0.9488, Loss: 0.2045
[Eval] Epoch:   5, Total:  40430, Accuracy : 0.8949, Loss: 0.3393
[Train] Epoch:   6, Total: 145538, Accuracy : 0.9572, Loss: 0.0984
[Eval] Epoch:   6, Total:  40430, Accuracy : 0.8961, Loss: 0.3585
[Train] Epoch:   7, Total: 145538, Accuracy : 0.9632, Loss: 0.1624
[Eval] Epoch:   7, Total:  40430, Accuracy : 0.8954, Loss: 0.3834
[Train] Epoch:   8, Total: 145538, Accuracy : 0.9660, Loss: 0.0301
[Eval] Epoch:   8, Total:  40430, Accuracy : 0.8974, Loss: 0.4011
[Train] Epoch:   9, Total: 145538, Accuracy : 0.9685, Loss: 0.1186
[Eval] Epoch:   9, Total:  40430, Accuracy : 0.8974, Loss: 0.4106
[Train] Epoch:  10, Total: 145538, Accuracy : 0.9550, Loss: 0.1463
[Eval] Epoch:  10, Total:  40430, Accuracy : 0.8945, Loss: 0.3790
[Train] Epoch:  11, Total: 145538, Accuracy : 0.9606, Loss: 0.1257
[Eval] Epoch:  11, Total:  40430, Accuracy : 0.8936, Loss: 0.4123
[Train] Epoch:  12, Total: 145538, Accuracy : 0.9672, Loss: 0.0685
[Eval] Epoch:  12, Total:  40430, Accuracy : 0.8956, Loss: 0.4695
[Train] Epoch:  13, Total: 145538, Accuracy : 0.9743, Loss: 0.0205
[Eval] Epoch:  13, Total:  40430, Accuracy : 0.8949, Loss: 0.4444
[Train] Epoch:  14, Total: 145538, Accuracy : 0.9794, Loss: 0.0380
[Eval] Epoch:  14, Total:  40430, Accuracy : 0.8968, Loss: 0.5331
[Train] Epoch:  15, Total: 145538, Accuracy : 0.9847, Loss: 0.1035
[Eval] Epoch:  15, Total:  40430, Accuracy : 0.8973, Loss: 0.5654
[Train] Epoch:  16, Total: 145538, Accuracy : 0.9877, Loss: 0.0035
[Eval] Epoch:  16, Total:  40430, Accuracy : 0.8967, Loss: 0.5772
[Train] Epoch:  17, Total: 145538, Accuracy : 0.9893, Loss: 0.0706
[Eval] Epoch:  17, Total:  40430, Accuracy : 0.8974, Loss: 0.5931
[Train] Epoch:  18, Total: 145538, Accuracy : 0.9918, Loss: 0.0064
[Eval] Epoch:  18, Total:  40430, Accuracy : 0.8983, Loss: 0.6503
[Train] Epoch:  19, Total: 145538, Accuracy : 0.9922, Loss: 0.0028
[Eval] Epoch:  19, Total:  40430, Accuracy : 0.8979, Loss: 0.6472
{"epoch":[1,2,3,4,5,6,7,8,9,10,11,12,13,14,15,16,17,18,19,20],"train_loss":[0.3913596105648889,0.2851536646878154,0.23588414359281268,0.19488440226167703,0.16114099387910957,0.1348900522689723,0.11432387038201146,0.09990986090919464,0.0920461623557894,0.08788060825743658,0.11883343059589238,0.1037452341972315,0.08653257063120237,0.06965454277273117,0.05615481907773521,0.043924779314482305,0.03539538971166436,0.029885029163283602,0.024255675875036756,0.023026975769728016],"eval_loss":[0.2924272543455981,0.26319237157136577,0.2616798989946329,0.2787109627565251,0.2819522457975375,0.31864546277100525,0.32613288658329204,0.3448742762019363,0.3546612457949904,0.3610550407556039,0.3437433156031596,0.3519500064887578,0.39120950238614144,0.39417404049559485,0.4615155884736701,0.4788589307778998,0.48040461728844464,0.5059100881784777,0.5571719253364997,0.5581998951450179],"train_acc":[0.8118154708735863,0.8786846047080488,0.903145570229081,0.9220615921614973,0.9375558273440614,0.9488381041377509,0.9572345366845773,0.9632054858524921,0.9659882642333961,0.9684549739586912,0.9549945718643928,0.9605876128571232,0.967204441451717,0.9743297283183774,0.9794486663276945,0.9846844123184323,0.9877076777199082,0.9893361184020668,0.9917959570696313,0.9922357047643914],"eval_acc":[0.8707642839475637,0.8859262923571605,0.8925302992827109,0.8935196636161267,0.8952015829829335,0.8948553054662379,0.8961167449913431,0.895424189957952,0.8974029186247836,0.8973781845164481,0.894484293841207,0.8936186000494682,0.8955725946079643,0.8949047736829088,0.8968093000247341,0.8972792480831066,0.8966856294830572,0.8974029186247836,0.8982686124165223,0.8978976007914915]}
[Eval] Epoch:  11, Total:  40430, Accuracy : 0.8979, Loss: 0.6472
40430 36302 88.19558343291283
