pruned_3_0.3_model_0
DatasetDict({
    train: Dataset({
        features: ['question1', 'question2', 'label', 'indexes'],
        num_rows: 109153
    })
    validation: Dataset({
        features: ['question1', 'question2', 'label', 'indexes'],
        num_rows: 40430
    })
    test: Dataset({
        features: ['question1', 'question2', 'label', 'indexes'],
        num_rows: 390965
    })
})
[Train] Epoch:   0, Total: 109153, Accuracy : 0.8015, Loss: 0.3060
[Eval] Epoch:   0, Total:  40430, Accuracy : 0.8619, Loss: 0.2995
[Train] Epoch:   1, Total: 109153, Accuracy : 0.8726, Loss: 0.2001
[Eval] Epoch:   1, Total:  40430, Accuracy : 0.8768, Loss: 0.2915
[Train] Epoch:   2, Total: 109153, Accuracy : 0.8980, Loss: 0.2400
[Eval] Epoch:   2, Total:  40430, Accuracy : 0.8831, Loss: 0.3043
[Train] Epoch:   3, Total: 109153, Accuracy : 0.9171, Loss: 0.2418
[Eval] Epoch:   3, Total:  40430, Accuracy : 0.8874, Loss: 0.3287
[Train] Epoch:   4, Total: 109153, Accuracy : 0.9329, Loss: 0.2259
[Eval] Epoch:   4, Total:  40430, Accuracy : 0.8892, Loss: 0.3082
[Train] Epoch:   5, Total: 109153, Accuracy : 0.9446, Loss: 0.1613
[Eval] Epoch:   5, Total:  40430, Accuracy : 0.8898, Loss: 0.3355
[Train] Epoch:   6, Total: 109153, Accuracy : 0.9546, Loss: 0.1268
[Eval] Epoch:   6, Total:  40430, Accuracy : 0.8897, Loss: 0.3439
[Train] Epoch:   7, Total: 109153, Accuracy : 0.9606, Loss: 0.1177
[Eval] Epoch:   7, Total:  40430, Accuracy : 0.8912, Loss: 0.3673
[Train] Epoch:   8, Total: 109153, Accuracy : 0.9643, Loss: 0.1162
[Eval] Epoch:   8, Total:  40430, Accuracy : 0.8914, Loss: 0.3825
[Train] Epoch:   9, Total: 109153, Accuracy : 0.9660, Loss: 0.0887
[Eval] Epoch:   9, Total:  40430, Accuracy : 0.8913, Loss: 0.3868
[Train] Epoch:  10, Total: 109153, Accuracy : 0.9530, Loss: 0.1880
[Eval] Epoch:  10, Total:  40430, Accuracy : 0.8874, Loss: 0.3256
[Train] Epoch:  11, Total: 109153, Accuracy : 0.9585, Loss: 0.1479
[Eval] Epoch:  11, Total:  40430, Accuracy : 0.8896, Loss: 0.4123
[Train] Epoch:  12, Total: 109153, Accuracy : 0.9667, Loss: 0.0725
[Eval] Epoch:  12, Total:  40430, Accuracy : 0.8877, Loss: 0.4266
[Train] Epoch:  13, Total: 109153, Accuracy : 0.9729, Loss: 0.0772
[Eval] Epoch:  13, Total:  40430, Accuracy : 0.8913, Loss: 0.4505
[Train] Epoch:  14, Total: 109153, Accuracy : 0.9784, Loss: 0.0707
[Eval] Epoch:  14, Total:  40430, Accuracy : 0.8900, Loss: 0.4778
[Train] Epoch:  15, Total: 109153, Accuracy : 0.9834, Loss: 0.0835
[Eval] Epoch:  15, Total:  40430, Accuracy : 0.8918, Loss: 0.5829
[Train] Epoch:  16, Total: 109153, Accuracy : 0.9864, Loss: 0.0337
[Eval] Epoch:  16, Total:  40430, Accuracy : 0.8915, Loss: 0.6292
[Train] Epoch:  17, Total: 109153, Accuracy : 0.9888, Loss: 0.0218
[Eval] Epoch:  17, Total:  40430, Accuracy : 0.8924, Loss: 0.6342
[Train] Epoch:  18, Total: 109153, Accuracy : 0.9905, Loss: 0.0041
[Eval] Epoch:  18, Total:  40430, Accuracy : 0.8918, Loss: 0.6582
[Train] Epoch:  19, Total: 109153, Accuracy : 0.9913, Loss: 0.0489
[Eval] Epoch:  19, Total:  40430, Accuracy : 0.8918, Loss: 0.6574
{"epoch":[1,2,3,4,5,6,7,8,9,10,11,12,13,14,15,16,17,18,19,20],"train_loss":[0.40743492707714823,0.29643973153285175,0.24646924645476376,0.20719116168921112,0.17267024763085523,0.14492653039844589,0.12337207004637293,0.10841032140288476,0.09926354210710359,0.09496672428812858,0.12547018862301068,0.11101833257204755,0.0914218007680683,0.07487409226858086,0.06044424568636635,0.04857477136785099,0.03895771688186243,0.03258413757880238,0.028336763498918602,0.026671419186251506],"eval_loss":[0.3164701221298568,0.2935728932483287,0.2845685039705868,0.293432299660731,0.30171719212320786,0.31233457787127433,0.34223694344864614,0.35434277770639977,0.3678557381411142,0.3716452725325959,0.324108132833167,0.3611807481774801,0.3702758203578901,0.4042641240396077,0.4473820669175703,0.4930255231034907,0.5459240827756592,0.5333929916348639,0.5653315207249001,0.5656893155242824],"train_acc":[0.8014804906873838,0.8726374904949933,0.8980238747446245,0.917070534021053,0.932855716288146,0.9445915366503899,0.9546050039852317,0.9605507865106777,0.9642978204905042,0.965974366256539,0.9529559425760171,0.9584711368446126,0.9667256053429589,0.9729004241752403,0.9784339413483826,0.9834086099328465,0.9864135662785265,0.9888047053218876,0.9904629281833757,0.9912599745311627],"eval_acc":[0.8618847390551571,0.8767746722730646,0.8830571357902548,0.8874350729656196,0.8891911946574326,0.8898095473658174,0.8897353450408113,0.8911699233242641,0.8914172644076181,0.8912688597576057,0.8873856047489488,0.8895622062824635,0.8876576799406382,0.8912935938659411,0.8899579520158298,0.8918377442493198,0.8915162008409597,0.8924066287410339,0.891788276032649,0.8918130101409845]}
[Eval] Epoch:  11, Total:  40430, Accuracy : 0.8918, Loss: 0.6574
40430 36056 89.37891185283661
