pruned_3_0.05_model_0
DatasetDict({
    train: Dataset({
        features: ['question1', 'question2', 'label', 'indexes'],
        num_rows: 18192
    })
    validation: Dataset({
        features: ['question1', 'question2', 'label', 'indexes'],
        num_rows: 40430
    })
    test: Dataset({
        features: ['question1', 'question2', 'label', 'indexes'],
        num_rows: 390965
    })
})
[Train] Epoch:   0, Total:  18192, Accuracy : 0.6400, Loss: 0.3865
[Eval] Epoch:   0, Total:  40430, Accuracy : 0.8024, Loss: 0.4187
[Train] Epoch:   1, Total:  18192, Accuracy : 0.8093, Loss: 0.4065
[Eval] Epoch:   1, Total:  40430, Accuracy : 0.8419, Loss: 0.3603
[Train] Epoch:   2, Total:  18192, Accuracy : 0.8446, Loss: 0.5144
[Eval] Epoch:   2, Total:  40430, Accuracy : 0.8441, Loss: 0.3684
[Train] Epoch:   3, Total:  18192, Accuracy : 0.8769, Loss: 0.4478
[Eval] Epoch:   3, Total:  40430, Accuracy : 0.8551, Loss: 0.3497
[Train] Epoch:   4, Total:  18192, Accuracy : 0.8967, Loss: 0.0965
[Eval] Epoch:   4, Total:  40430, Accuracy : 0.8562, Loss: 0.3314
[Train] Epoch:   5, Total:  18192, Accuracy : 0.9177, Loss: 0.0895
[Eval] Epoch:   5, Total:  40430, Accuracy : 0.8593, Loss: 0.3858
[Train] Epoch:   6, Total:  18192, Accuracy : 0.9272, Loss: 0.3968
[Eval] Epoch:   6, Total:  40430, Accuracy : 0.8581, Loss: 0.4032
[Train] Epoch:   7, Total:  18192, Accuracy : 0.9368, Loss: 0.1915
[Eval] Epoch:   7, Total:  40430, Accuracy : 0.8592, Loss: 0.4093
[Train] Epoch:   8, Total:  18192, Accuracy : 0.9441, Loss: 0.1771
[Eval] Epoch:   8, Total:  40430, Accuracy : 0.8590, Loss: 0.4329
[Train] Epoch:   9, Total:  18192, Accuracy : 0.9458, Loss: 0.0268
[Eval] Epoch:   9, Total:  40430, Accuracy : 0.8588, Loss: 0.4315
[Train] Epoch:  10, Total:  18192, Accuracy : 0.9341, Loss: 0.2175
[Eval] Epoch:  10, Total:  40430, Accuracy : 0.8492, Loss: 0.4717
[Train] Epoch:  11, Total:  18192, Accuracy : 0.9406, Loss: 0.2340
[Eval] Epoch:  11, Total:  40430, Accuracy : 0.8576, Loss: 0.4963
[Train] Epoch:  12, Total:  18192, Accuracy : 0.9511, Loss: 0.1881
[Eval] Epoch:  12, Total:  40430, Accuracy : 0.8552, Loss: 0.4632
[Train] Epoch:  13, Total:  18192, Accuracy : 0.9604, Loss: 0.2819
[Eval] Epoch:  13, Total:  40430, Accuracy : 0.8549, Loss: 0.5246
[Train] Epoch:  14, Total:  18192, Accuracy : 0.9678, Loss: 0.1880
[Eval] Epoch:  14, Total:  40430, Accuracy : 0.8561, Loss: 0.5040
[Train] Epoch:  15, Total:  18192, Accuracy : 0.9743, Loss: 0.2431
[Eval] Epoch:  15, Total:  40430, Accuracy : 0.8577, Loss: 0.6083
[Train] Epoch:  16, Total:  18192, Accuracy : 0.9811, Loss: 0.0304
[Eval] Epoch:  16, Total:  40430, Accuracy : 0.8587, Loss: 0.6239
[Train] Epoch:  17, Total:  18192, Accuracy : 0.9820, Loss: 0.0103
[Eval] Epoch:  17, Total:  40430, Accuracy : 0.8595, Loss: 0.6269
[Train] Epoch:  18, Total:  18192, Accuracy : 0.9842, Loss: 0.0984
[Eval] Epoch:  18, Total:  40430, Accuracy : 0.8577, Loss: 0.6423
[Train] Epoch:  19, Total:  18192, Accuracy : 0.9853, Loss: 0.0177
[Eval] Epoch:  19, Total:  40430, Accuracy : 0.8581, Loss: 0.6429
{"epoch":[1,2,3,4,5,6,7,8,9,10,11,12,13,14,15,16,17,18,19,20],"train_loss":[0.6064580347802904,0.41405145823955536,0.35199564240045017,0.2960090403341585,0.2522599876133932,0.21264130984329516,0.19442947498626179,0.17119480090008843,0.1566121917631891,0.15040463103084928,0.17446852972110113,0.16128341470741564,0.13459339561975664,0.11671655754455262,0.09404193159813683,0.07830235279268688,0.061056708451360464,0.05744957508674512,0.050154753003476396,0.04535604019959768],"eval_loss":[0.43235139850574206,0.3577870751106286,0.35298484243169614,0.344708364786981,0.35649053573231154,0.3827497990259641,0.38963241252718095,0.41476342789357223,0.4293116708345051,0.4253089148787004,0.45719954503487936,0.46735684686823736,0.44430079622359214,0.4725550788490078,0.5269627095777777,0.5598805333617367,0.5859134544300127,0.5809645447172697,0.6017105813267865,0.6030456612381754],"train_acc":[0.6400065963060686,0.8092568161829375,0.8446020228671943,0.8769239226033422,0.8966578715919086,0.9176561125769569,0.9271657871591908,0.9368403693931399,0.9440963060686016,0.9458003518029904,0.9341468777484608,0.9406332453825857,0.9510773966578716,0.9603671943711521,0.967788038698329,0.9742744063324539,0.9811455584872472,0.9819700967458224,0.9842238346525946,0.9853232189973615],"eval_acc":[0.802448676725204,0.8418501113034875,0.8441256492703438,0.8551323274795943,0.8562206282463517,0.8592629235716053,0.8580756863715063,0.8592381894632698,0.8590403165965866,0.8587929755132327,0.8491961414790997,0.8575810042047984,0.8551817956962652,0.8548602522879051,0.8561464259213455,0.8577294088548107,0.8586940390798912,0.8594855305466238,0.85767994063814,0.8581004204798417]}
[Eval] Epoch:  11, Total:  40430, Accuracy : 0.8581, Loss: 0.6429
40430 34693 95.28121447563171
