pruned_1_0.05_model_0
DatasetDict({
    train: Dataset({
        features: ['question1', 'question2', 'label', 'indexes'],
        num_rows: 18198
    })
    validation: Dataset({
        features: ['question1', 'question2', 'label', 'indexes'],
        num_rows: 40430
    })
    test: Dataset({
        features: ['question1', 'question2', 'label', 'indexes'],
        num_rows: 390965
    })
})
[Train] Epoch:   0, Total:  18198, Accuracy : 0.6243, Loss: 0.3824
[Eval] Epoch:   0, Total:  40430, Accuracy : 0.7983, Loss: 0.4404
[Train] Epoch:   1, Total:  18198, Accuracy : 0.8223, Loss: 0.1471
[Eval] Epoch:   1, Total:  40430, Accuracy : 0.8362, Loss: 0.4060
[Train] Epoch:   2, Total:  18198, Accuracy : 0.8606, Loss: 0.2513
[Eval] Epoch:   2, Total:  40430, Accuracy : 0.8437, Loss: 0.3690
[Train] Epoch:   3, Total:  18198, Accuracy : 0.8870, Loss: 0.3033
[Eval] Epoch:   3, Total:  40430, Accuracy : 0.8556, Loss: 0.3852
[Train] Epoch:   4, Total:  18198, Accuracy : 0.9102, Loss: 0.2120
[Eval] Epoch:   4, Total:  40430, Accuracy : 0.8565, Loss: 0.3926
[Train] Epoch:   5, Total:  18198, Accuracy : 0.9275, Loss: 0.0705
[Eval] Epoch:   5, Total:  40430, Accuracy : 0.8614, Loss: 0.4333
[Train] Epoch:   6, Total:  18198, Accuracy : 0.9413, Loss: 0.2969
[Eval] Epoch:   6, Total:  40430, Accuracy : 0.8598, Loss: 0.4143
[Train] Epoch:   7, Total:  18198, Accuracy : 0.9494, Loss: 0.0828
[Eval] Epoch:   7, Total:  40430, Accuracy : 0.8625, Loss: 0.4596
[Train] Epoch:   8, Total:  18198, Accuracy : 0.9564, Loss: 0.0347
[Eval] Epoch:   8, Total:  40430, Accuracy : 0.8605, Loss: 0.4649
[Train] Epoch:   9, Total:  18198, Accuracy : 0.9560, Loss: 0.1360
[Eval] Epoch:   9, Total:  40430, Accuracy : 0.8606, Loss: 0.4633
[Train] Epoch:  10, Total:  18198, Accuracy : 0.9488, Loss: 0.2624
[Eval] Epoch:  10, Total:  40430, Accuracy : 0.8504, Loss: 0.4490
[Train] Epoch:  11, Total:  18198, Accuracy : 0.9514, Loss: 0.0299
[Eval] Epoch:  11, Total:  40430, Accuracy : 0.8589, Loss: 0.4751
[Train] Epoch:  12, Total:  18198, Accuracy : 0.9604, Loss: 0.2316
[Eval] Epoch:  12, Total:  40430, Accuracy : 0.8541, Loss: 0.5703
[Train] Epoch:  13, Total:  18198, Accuracy : 0.9683, Loss: 0.0803
[Eval] Epoch:  13, Total:  40430, Accuracy : 0.8564, Loss: 0.5965
[Train] Epoch:  14, Total:  18198, Accuracy : 0.9735, Loss: 0.0125
[Eval] Epoch:  14, Total:  40430, Accuracy : 0.8590, Loss: 0.5565
[Train] Epoch:  15, Total:  18198, Accuracy : 0.9809, Loss: 0.0058
[Eval] Epoch:  15, Total:  40430, Accuracy : 0.8617, Loss: 0.5874
[Train] Epoch:  16, Total:  18198, Accuracy : 0.9848, Loss: 0.0013
[Eval] Epoch:  16, Total:  40430, Accuracy : 0.8625, Loss: 0.6025
[Train] Epoch:  17, Total:  18198, Accuracy : 0.9874, Loss: 0.2668
[Eval] Epoch:  17, Total:  40430, Accuracy : 0.8616, Loss: 0.6153
[Train] Epoch:  18, Total:  18198, Accuracy : 0.9888, Loss: 0.0183
[Eval] Epoch:  18, Total:  40430, Accuracy : 0.8618, Loss: 0.6289
[Train] Epoch:  19, Total:  18198, Accuracy : 0.9908, Loss: 0.0052
[Eval] Epoch:  19, Total:  40430, Accuracy : 0.8625, Loss: 0.6330
{"epoch":[1,2,3,4,5,6,7,8,9,10,11,12,13,14,15,16,17,18,19,20],"train_loss":[0.601213170422448,0.3862902455859714,0.3186267562624481,0.26836299606495434,0.22228951400352848,0.18469594118909705,0.1565261253466209,0.13623862103041676,0.1227027407536904,0.12043675645771953,0.13683109689089987,0.13030818285834458,0.1117606829955346,0.08742823612151875,0.07090501641182022,0.05894927418557927,0.04688560269520773,0.04141903741724996,0.0345335009559575,0.030066159857799195],"eval_loss":[0.4167493180006365,0.370114260459248,0.34436116622218604,0.34047099608409254,0.36476669168170495,0.3884656102974204,0.38738071588398537,0.42088530344676367,0.42920647750172436,0.42975433293399934,0.4430859796231306,0.4634401649236679,0.50114683542825,0.5381519034316268,0.5458138221049611,0.558220399331443,0.5788596095163611,0.6021787363894379,0.6111854729773123,0.6155809243268604],"train_acc":[0.6242993735575338,0.822343114627981,0.8606440268161336,0.8869656006154523,0.9101549620837455,0.927519507638202,0.9413122321134191,0.9493900428618529,0.9563688317397516,0.956039125178591,0.9488405319265854,0.9513682822288163,0.960435212660732,0.9683481701285855,0.9734586218265744,0.9808770194526871,0.9847785470930871,0.9873612484888449,0.9888449280140674,0.9907682162875041],"eval_acc":[0.7982686124165224,0.8362107346030175,0.8436804353203067,0.8556022755379669,0.8565174375463764,0.86143952510512,0.8598318080633193,0.8625030917635419,0.8604501607717042,0.8606480336383874,0.8503833786791987,0.858867177838239,0.8540687608211724,0.8563937670046995,0.8590155824882513,0.8616868661884739,0.8624783576552065,0.861563195646797,0.8618105367301508,0.8624536235468712]}
[Eval] Epoch:  11, Total:  40430, Accuracy : 0.8625, Loss: 0.6330
40430 34869 97.26178604364395
