pruned_3_0.04_model_0
DatasetDict({
    train: Dataset({
        features: ['question1', 'question2', 'label', 'indexes'],
        num_rows: 14553
    })
    validation: Dataset({
        features: ['question1', 'question2', 'label', 'indexes'],
        num_rows: 40430
    })
    test: Dataset({
        features: ['question1', 'question2', 'label', 'indexes'],
        num_rows: 390965
    })
})
[Train] Epoch:   0, Total:  14553, Accuracy : 0.6275, Loss: 0.6059
[Eval] Epoch:   0, Total:  40430, Accuracy : 0.6385, Loss: 0.4807
[Train] Epoch:   1, Total:  14553, Accuracy : 0.7864, Loss: 0.4308
[Eval] Epoch:   1, Total:  40430, Accuracy : 0.8263, Loss: 0.4030
[Train] Epoch:   2, Total:  14553, Accuracy : 0.8404, Loss: 0.3363
[Eval] Epoch:   2, Total:  40430, Accuracy : 0.8474, Loss: 0.3537
[Train] Epoch:   3, Total:  14553, Accuracy : 0.8682, Loss: 0.3484
[Eval] Epoch:   3, Total:  40430, Accuracy : 0.8445, Loss: 0.3650
[Train] Epoch:   4, Total:  14553, Accuracy : 0.8922, Loss: 0.2493
[Eval] Epoch:   4, Total:  40430, Accuracy : 0.8501, Loss: 0.3608
[Train] Epoch:   5, Total:  14553, Accuracy : 0.9138, Loss: 0.3110
[Eval] Epoch:   5, Total:  40430, Accuracy : 0.8529, Loss: 0.4118
[Train] Epoch:   6, Total:  14553, Accuracy : 0.9272, Loss: 0.1885
[Eval] Epoch:   6, Total:  40430, Accuracy : 0.8546, Loss: 0.4109
[Train] Epoch:   7, Total:  14553, Accuracy : 0.9387, Loss: 0.1378
[Eval] Epoch:   7, Total:  40430, Accuracy : 0.8553, Loss: 0.4329
[Train] Epoch:   8, Total:  14553, Accuracy : 0.9450, Loss: 0.1704
[Eval] Epoch:   8, Total:  40430, Accuracy : 0.8563, Loss: 0.4422
[Train] Epoch:   9, Total:  14553, Accuracy : 0.9488, Loss: 0.1437
[Eval] Epoch:   9, Total:  40430, Accuracy : 0.8561, Loss: 0.4488
[Train] Epoch:  10, Total:  14553, Accuracy : 0.9439, Loss: 0.1663
[Eval] Epoch:  10, Total:  40430, Accuracy : 0.8526, Loss: 0.4664
[Train] Epoch:  11, Total:  14553, Accuracy : 0.9425, Loss: 0.1472
[Eval] Epoch:  11, Total:  40430, Accuracy : 0.8557, Loss: 0.5092
[Train] Epoch:  12, Total:  14553, Accuracy : 0.9571, Loss: 0.0731
[Eval] Epoch:  12, Total:  40430, Accuracy : 0.8532, Loss: 0.5592
[Train] Epoch:  13, Total:  14553, Accuracy : 0.9655, Loss: 0.0677
[Eval] Epoch:  13, Total:  40430, Accuracy : 0.8500, Loss: 0.5280
[Train] Epoch:  14, Total:  14553, Accuracy : 0.9705, Loss: 0.0539
[Eval] Epoch:  14, Total:  40430, Accuracy : 0.8553, Loss: 0.5918
[Train] Epoch:  15, Total:  14553, Accuracy : 0.9773, Loss: 0.0479
[Eval] Epoch:  15, Total:  40430, Accuracy : 0.8529, Loss: 0.6549
[Train] Epoch:  16, Total:  14553, Accuracy : 0.9821, Loss: 0.0167
[Eval] Epoch:  16, Total:  40430, Accuracy : 0.8500, Loss: 0.6542
[Train] Epoch:  17, Total:  14553, Accuracy : 0.9854, Loss: 0.0452
[Eval] Epoch:  17, Total:  40430, Accuracy : 0.8514, Loss: 0.6889
[Train] Epoch:  18, Total:  14553, Accuracy : 0.9869, Loss: 0.0358
[Eval] Epoch:  18, Total:  40430, Accuracy : 0.8527, Loss: 0.6907
[Train] Epoch:  19, Total:  14553, Accuracy : 0.9886, Loss: 0.0389
[Eval] Epoch:  19, Total:  40430, Accuracy : 0.8527, Loss: 0.6943
{"epoch":[1,2,3,4,5,6,7,8,9,10,11,12,13,14,15,16,17,18,19,20],"train_loss":[0.6436482877062079,0.44370968979701664,0.3597279321729091,0.30829780012892005,0.2570614958541435,0.2192024316704064,0.18946972306360277,0.16566056287602374,0.14982292722714574,0.14378986141660757,0.15473506534308717,0.15414239309336009,0.12033446048173987,0.10272963593403499,0.0838746014786394,0.06647594570460026,0.05398648692981193,0.04415192350483777,0.04072121720303569,0.035349314542193165],"eval_loss":[0.48572944859160655,0.3810870256982272,0.34840325181242787,0.36408461517171015,0.3657294930536536,0.3966543478301809,0.3975890458007402,0.4236717295797565,0.4326956043892269,0.43602002006542834,0.4626574891654751,0.48560470399222794,0.5112912039968032,0.5142847024187257,0.5320112331758572,0.5881835939008978,0.6049873417691339,0.6459434519085703,0.645984305233895,0.6500531557617308],"train_acc":[0.6274994846423417,0.7864357864357865,0.8403765546622689,0.8682058682058682,0.8921871779014636,0.9138321995464853,0.9271627843056415,0.938706795849653,0.9450285164570879,0.948807805950663,0.943860372431801,0.9424860853432282,0.9571222428365286,0.9655053940768227,0.9704528275956847,0.9772555486841201,0.9821342678485535,0.9853638425066996,0.9868755583041298,0.9885934171648457],"eval_acc":[0.6385357407865446,0.8263170912688598,0.8473658174622805,0.8444719267870393,0.8501360375958447,0.8529309918377442,0.8545634429878803,0.8553054662379421,0.8562700964630225,0.8560969577046748,0.8526094484293841,0.8556517437546376,0.8531783329210982,0.8499876329458323,0.8552559980212713,0.8529062577294089,0.8499628988374969,0.8513727430126143,0.8527083848627257,0.8526589166460549]}
[Eval] Epoch:  11, Total:  40430, Accuracy : 0.8527, Loss: 0.6943
40430 34473 102.70839861035347
