pruned_2_0.04_model_0
DatasetDict({
    train: Dataset({
        features: ['question1', 'question2', 'label', 'indexes'],
        num_rows: 14553
    })
    validation: Dataset({
        features: ['question1', 'question2', 'label', 'indexes'],
        num_rows: 40430
    })
    test: Dataset({
        features: ['question1', 'question2', 'label', 'indexes'],
        num_rows: 390965
    })
})
[Train] Epoch:   0, Total:  14553, Accuracy : 0.7058, Loss: 0.2310
[Eval] Epoch:   0, Total:  40430, Accuracy : 0.6837, Loss: 1.1345
[Train] Epoch:   1, Total:  14553, Accuracy : 0.9720, Loss: 0.1605
[Eval] Epoch:   1, Total:  40430, Accuracy : 0.6908, Loss: 0.9755
[Train] Epoch:   2, Total:  14553, Accuracy : 0.9815, Loss: 0.1463
[Eval] Epoch:   2, Total:  40430, Accuracy : 0.7417, Loss: 0.9222
[Train] Epoch:   3, Total:  14553, Accuracy : 0.9862, Loss: 0.0369
[Eval] Epoch:   3, Total:  40430, Accuracy : 0.7397, Loss: 1.1009
[Train] Epoch:   4, Total:  14553, Accuracy : 0.9917, Loss: 0.0245
[Eval] Epoch:   4, Total:  40430, Accuracy : 0.7194, Loss: 1.2096
[Train] Epoch:   5, Total:  14553, Accuracy : 0.9950, Loss: 0.0052
[Eval] Epoch:   5, Total:  40430, Accuracy : 0.7301, Loss: 1.1949
[Train] Epoch:   6, Total:  14553, Accuracy : 0.9953, Loss: 0.0091
[Eval] Epoch:   6, Total:  40430, Accuracy : 0.7668, Loss: 1.0518
[Train] Epoch:   7, Total:  14553, Accuracy : 0.9962, Loss: 0.0339
[Eval] Epoch:   7, Total:  40430, Accuracy : 0.7265, Loss: 1.4168
[Train] Epoch:   8, Total:  14553, Accuracy : 0.9968, Loss: 0.0029
[Eval] Epoch:   8, Total:  40430, Accuracy : 0.7477, Loss: 1.3805
[Train] Epoch:   9, Total:  14553, Accuracy : 0.9971, Loss: 0.0502
[Eval] Epoch:   9, Total:  40430, Accuracy : 0.7518, Loss: 1.3360
[Train] Epoch:  10, Total:  14553, Accuracy : 0.9960, Loss: 0.0478
[Eval] Epoch:  10, Total:  40430, Accuracy : 0.6822, Loss: 1.7880
[Train] Epoch:  11, Total:  14553, Accuracy : 0.9940, Loss: 0.0081
[Eval] Epoch:  11, Total:  40430, Accuracy : 0.7404, Loss: 1.4593
[Train] Epoch:  12, Total:  14553, Accuracy : 0.9961, Loss: 0.0032
[Eval] Epoch:  12, Total:  40430, Accuracy : 0.7326, Loss: 1.5037
[Train] Epoch:  13, Total:  14553, Accuracy : 0.9966, Loss: 0.0228
[Eval] Epoch:  13, Total:  40430, Accuracy : 0.7330, Loss: 1.8050
[Train] Epoch:  14, Total:  14553, Accuracy : 0.9969, Loss: 0.0007
[Eval] Epoch:  14, Total:  40430, Accuracy : 0.7321, Loss: 1.9047
[Train] Epoch:  15, Total:  14553, Accuracy : 0.9984, Loss: 0.0006
[Eval] Epoch:  15, Total:  40430, Accuracy : 0.7457, Loss: 2.0033
[Train] Epoch:  16, Total:  14553, Accuracy : 0.9984, Loss: 0.0005
[Eval] Epoch:  16, Total:  40430, Accuracy : 0.7421, Loss: 2.1390
[Train] Epoch:  17, Total:  14553, Accuracy : 0.9989, Loss: 0.0006
[Eval] Epoch:  17, Total:  40430, Accuracy : 0.7417, Loss: 2.0718
[Train] Epoch:  18, Total:  14553, Accuracy : 0.9992, Loss: 0.0007
[Eval] Epoch:  18, Total:  40430, Accuracy : 0.7455, Loss: 2.0510
[Train] Epoch:  19, Total:  14553, Accuracy : 0.9992, Loss: 0.0005
[Eval] Epoch:  19, Total:  40430, Accuracy : 0.7462, Loss: 2.0578
{"epoch":[1,2,3,4,5,6,7,8,9,10,11,12,13,14,15,16,17,18,19,20],"train_loss":[0.4914583825228507,0.10047321322194316,0.06427341758420593,0.05003962894542176,0.03440968782167163,0.024850285391470318,0.022676505213766768,0.01961673383208874,0.016646223902506262,0.015807012132810133,0.018859169055838464,0.02444395188879418,0.017108629731330694,0.01415794818629429,0.011612200269091613,0.006581384586497096,0.006717373493429797,0.004609660428781226,0.0033174217168012994,0.002936127171810847],"eval_loss":[1.1136585134494155,0.8811414702029168,0.7799493655373778,0.9503512156160572,1.0604458175882507,1.0981690506391888,0.9043472737451143,1.2582671947871582,1.1675908512706998,1.1282849538175366,1.625763861438896,1.2698815661140634,1.3208910649335837,1.5869542458389378,1.619572228268732,1.644317315349096,1.7691985730883442,1.7499592243870603,1.724703238734716,1.7268962882742096],"train_acc":[0.705765134336563,0.9719645433931148,0.9815158386586958,0.9861884147598433,0.9916855631141346,0.9949838521267093,0.9952587095444239,0.9961519961519961,0.9967704253418539,0.9971139971139971,0.9960145674431389,0.9939531368102796,0.9960832817975676,0.9966329966329966,0.9969078540507111,0.9983508554937126,0.9984195698481413,0.9989005703291418,0.9991754277468563,0.999244142101285],"eval_acc":[0.6836754884986396,0.6908236458075686,0.7416522384368044,0.7397229779866435,0.7193668068266139,0.7300519416275043,0.766831560722236,0.7265396982438783,0.7476873608706406,0.7517932228543162,0.6821667078901805,0.7403907989116992,0.7326490230027207,0.7329705664110808,0.7321296067276775,0.7456591639871383,0.7420974523868414,0.7417264407618105,0.7454860252287905,0.7462033143705169]}
[Eval] Epoch:  11, Total:  40430, Accuracy : 0.7462, Loss: 2.0578
40430 30169 272.84961354732513
