random_0.005_model_0
DatasetDict({
    train: Dataset({
        features: ['question1', 'question2', 'label', 'indexes'],
        num_rows: 1819
    })
    validation: Dataset({
        features: ['question1', 'question2', 'label', 'indexes'],
        num_rows: 40430
    })
    test: Dataset({
        features: ['question1', 'question2', 'label', 'indexes'],
        num_rows: 390965
    })
})
[Train] Epoch:   0, Total:   1819, Accuracy : 0.3942, Loss: 0.7283
[Eval] Epoch:   0, Total:  40430, Accuracy : 0.3682, Loss: 0.7188
[Train] Epoch:   1, Total:   1819, Accuracy : 0.4206, Loss: 0.6966
[Eval] Epoch:   1, Total:  40430, Accuracy : 0.6373, Loss: 0.6916
[Train] Epoch:   2, Total:   1819, Accuracy : 0.5926, Loss: 0.6372
[Eval] Epoch:   2, Total:  40430, Accuracy : 0.6318, Loss: 0.6629
[Train] Epoch:   3, Total:   1819, Accuracy : 0.6058, Loss: 0.6466
[Eval] Epoch:   3, Total:  40430, Accuracy : 0.6318, Loss: 0.6431
[Train] Epoch:   4, Total:   1819, Accuracy : 0.6058, Loss: 0.5955
[Eval] Epoch:   4, Total:  40430, Accuracy : 0.6318, Loss: 0.6044
[Train] Epoch:   5, Total:   1819, Accuracy : 0.6053, Loss: 0.5628
[Eval] Epoch:   5, Total:  40430, Accuracy : 0.6318, Loss: 0.5336
[Train] Epoch:   6, Total:   1819, Accuracy : 0.6861, Loss: 0.5142
[Eval] Epoch:   6, Total:  40430, Accuracy : 0.7156, Loss: 0.5241
[Train] Epoch:   7, Total:   1819, Accuracy : 0.7839, Loss: 0.4899
[Eval] Epoch:   7, Total:  40430, Accuracy : 0.7865, Loss: 0.5002
[Train] Epoch:   8, Total:   1819, Accuracy : 0.8208, Loss: 0.2792
[Eval] Epoch:   8, Total:  40430, Accuracy : 0.7991, Loss: 0.5209
[Train] Epoch:   9, Total:   1819, Accuracy : 0.8318, Loss: 0.4922
[Eval] Epoch:   9, Total:  40430, Accuracy : 0.7743, Loss: 0.5049
[Train] Epoch:  10, Total:   1819, Accuracy : 0.8494, Loss: 0.1249
[Eval] Epoch:  10, Total:  40430, Accuracy : 0.8118, Loss: 0.4632
[Train] Epoch:  11, Total:   1819, Accuracy : 0.8730, Loss: 0.3533
[Eval] Epoch:  11, Total:  40430, Accuracy : 0.8093, Loss: 0.4561
[Train] Epoch:  12, Total:   1819, Accuracy : 0.8769, Loss: 0.2726
[Eval] Epoch:  12, Total:  40430, Accuracy : 0.8083, Loss: 0.4517
[Train] Epoch:  13, Total:   1819, Accuracy : 0.8796, Loss: 0.3840
[Eval] Epoch:  13, Total:  40430, Accuracy : 0.7950, Loss: 0.4628
[Train] Epoch:  14, Total:   1819, Accuracy : 0.9060, Loss: 0.1965
[Eval] Epoch:  14, Total:  40430, Accuracy : 0.8086, Loss: 0.4772
[Train] Epoch:  15, Total:   1819, Accuracy : 0.9197, Loss: 0.2233
[Eval] Epoch:  15, Total:  40430, Accuracy : 0.8193, Loss: 0.5138
[Train] Epoch:  16, Total:   1819, Accuracy : 0.9340, Loss: 0.2042
[Eval] Epoch:  16, Total:  40430, Accuracy : 0.8206, Loss: 0.5559
[Train] Epoch:  17, Total:   1819, Accuracy : 0.9406, Loss: 0.1079
[Eval] Epoch:  17, Total:  40430, Accuracy : 0.8197, Loss: 0.5616
[Train] Epoch:  18, Total:   1819, Accuracy : 0.9494, Loss: 0.1706
[Eval] Epoch:  18, Total:  40430, Accuracy : 0.8193, Loss: 0.5855
[Train] Epoch:  19, Total:   1819, Accuracy : 0.9500, Loss: 0.0506
[Eval] Epoch:  19, Total:  40430, Accuracy : 0.8199, Loss: 0.5834
{"epoch":[1,2,3,4,5,6,7,8,9,10,11,12,13,14,15,16,17,18,19,20],"train_loss":[0.7248175963759422,0.7039812207221985,0.6759306564927101,0.6670734062790871,0.6304024457931519,0.5815390571951866,0.5137904398143291,0.47799407318234444,0.38126545399427414,0.41010022163391113,0.32901161164045334,0.3179251439869404,0.29718461632728577,0.3022720143198967,0.22916443087160587,0.22098375670611858,0.18482179753482342,0.16297781839966774,0.1521478071808815,0.14009491726756096],"eval_loss":[0.7205246302145946,0.6913536775715744,0.6593682328356972,0.6389420236213298,0.5756491445287873,0.5285027649583696,0.5101725530775287,0.475369373265701,0.5021764285202268,0.4938930339073833,0.4291594781075852,0.43414679584623894,0.4342596608249447,0.4747714694542221,0.467390611201902,0.48454103175597857,0.5026854872703552,0.5203481086447269,0.541035108928439,0.5394634200802332],"train_acc":[0.39417262231995603,0.4205607476635514,0.5926333150082463,0.605827377680044,0.605827377680044,0.6052776250687191,0.6860912589334799,0.7839472237493128,0.8207806487080813,0.8317757009345794,0.8493677844969764,0.8730071467839472,0.8768554150632215,0.879604178119846,0.9059923034634415,0.919736118746564,0.9340296866410115,0.9406267179769104,0.9494227597581089,0.9499725123694338],"eval_acc":[0.36816720257234725,0.6373485035864457,0.6318327974276527,0.6318327974276527,0.6318327974276527,0.6318327974276527,0.7156072223596339,0.78651991095721,0.7991095720999258,0.7742765273311897,0.8117981696759832,0.8093000247341083,0.8083106604006925,0.7949789760079149,0.8086322038090527,0.8192678703932723,0.820628246351719,0.819688350234974,0.8193420727182785,0.8199109572099926]}
[Eval] Epoch:  11, Total:  40430, Accuracy : 0.8199, Loss: 0.5834
40430 33149 85.23522037267685
