random_0.2_model_0
DatasetDict({
    train: Dataset({
        features: ['question1', 'question2', 'label', 'indexes'],
        num_rows: 72769
    })
    validation: Dataset({
        features: ['question1', 'question2', 'label', 'indexes'],
        num_rows: 40430
    })
    test: Dataset({
        features: ['question1', 'question2', 'label', 'indexes'],
        num_rows: 390965
    })
})
[Train] Epoch:   0, Total:  72769, Accuracy : 0.7849, Loss: 0.4274
[Eval] Epoch:   0, Total:  40430, Accuracy : 0.8545, Loss: 0.3864
[Train] Epoch:   1, Total:  72769, Accuracy : 0.8754, Loss: 0.3271
[Eval] Epoch:   1, Total:  40430, Accuracy : 0.8754, Loss: 0.3095
[Train] Epoch:   2, Total:  72769, Accuracy : 0.9025, Loss: 0.1014
[Eval] Epoch:   2, Total:  40430, Accuracy : 0.8816, Loss: 0.3969
[Train] Epoch:   3, Total:  72769, Accuracy : 0.9219, Loss: 0.1468
[Eval] Epoch:   3, Total:  40430, Accuracy : 0.8808, Loss: 0.3486
[Train] Epoch:   4, Total:  72769, Accuracy : 0.9381, Loss: 0.2154
[Eval] Epoch:   4, Total:  40430, Accuracy : 0.8851, Loss: 0.3666
[Train] Epoch:   5, Total:  72769, Accuracy : 0.9503, Loss: 0.1223
[Eval] Epoch:   5, Total:  40430, Accuracy : 0.8839, Loss: 0.3726
[Train] Epoch:   6, Total:  72769, Accuracy : 0.9588, Loss: 0.1929
[Eval] Epoch:   6, Total:  40430, Accuracy : 0.8860, Loss: 0.4197
[Train] Epoch:   7, Total:  72769, Accuracy : 0.9654, Loss: 0.0608
[Eval] Epoch:   7, Total:  40430, Accuracy : 0.8857, Loss: 0.4491
[Train] Epoch:   8, Total:  72769, Accuracy : 0.9694, Loss: 0.0778
[Eval] Epoch:   8, Total:  40430, Accuracy : 0.8860, Loss: 0.4646
[Train] Epoch:   9, Total:  72769, Accuracy : 0.9702, Loss: 0.0327
[Eval] Epoch:   9, Total:  40430, Accuracy : 0.8862, Loss: 0.4672
[Train] Epoch:  10, Total:  72769, Accuracy : 0.9599, Loss: 0.0662
[Eval] Epoch:  10, Total:  40430, Accuracy : 0.8813, Loss: 0.4961
[Train] Epoch:  11, Total:  72769, Accuracy : 0.9644, Loss: 0.0776
[Eval] Epoch:  11, Total:  40430, Accuracy : 0.8842, Loss: 0.4260
[Train] Epoch:  12, Total:  72769, Accuracy : 0.9709, Loss: 0.1100
[Eval] Epoch:  12, Total:  40430, Accuracy : 0.8843, Loss: 0.4598
[Train] Epoch:  13, Total:  72769, Accuracy : 0.9768, Loss: 0.0456
[Eval] Epoch:  13, Total:  40430, Accuracy : 0.8827, Loss: 0.4892
[Train] Epoch:  14, Total:  72769, Accuracy : 0.9823, Loss: 0.0337
[Eval] Epoch:  14, Total:  40430, Accuracy : 0.8842, Loss: 0.5299
[Train] Epoch:  15, Total:  72769, Accuracy : 0.9861, Loss: 0.1526
[Eval] Epoch:  15, Total:  40430, Accuracy : 0.8853, Loss: 0.5506
[Train] Epoch:  16, Total:  72769, Accuracy : 0.9892, Loss: 0.0347
[Eval] Epoch:  16, Total:  40430, Accuracy : 0.8864, Loss: 0.5421
[Train] Epoch:  17, Total:  72769, Accuracy : 0.9912, Loss: 0.0311
[Eval] Epoch:  17, Total:  40430, Accuracy : 0.8868, Loss: 0.5913
[Train] Epoch:  18, Total:  72769, Accuracy : 0.9927, Loss: 0.0016
[Eval] Epoch:  18, Total:  40430, Accuracy : 0.8870, Loss: 0.6046
[Train] Epoch:  19, Total:  72769, Accuracy : 0.9927, Loss: 0.0748
[Eval] Epoch:  19, Total:  40430, Accuracy : 0.8867, Loss: 0.6148
{"epoch":[1,2,3,4,5,6,7,8,9,10,11,12,13,14,15,16,17,18,19,20],"train_loss":[0.41689386927244954,0.2850379076966068,0.23243861459849174,0.19264882225216481,0.15665505042201594,0.1296905550517534,0.1090134375450904,0.09343673054847801,0.08510130373270888,0.08097788064103377,0.10574461636051798,0.09557404183504874,0.08020933061315302,0.06497048221267106,0.05085818738790981,0.04076620672519008,0.03182970800093914,0.026083798152639677,0.022874504626777613,0.021730277291499078],"eval_loss":[0.32899078792786296,0.2836973356861102,0.2955171223494071,0.2981297215328941,0.31155080744360064,0.3366234485484377,0.3654786491695839,0.3805837358666372,0.39716984944630274,0.39690347610017923,0.40596838304890864,0.3878147894445854,0.41571037697641156,0.43084234593412546,0.46810189908063865,0.5202354900067365,0.5361495827195011,0.5818600235860559,0.6006937775808044,0.6045650607800181],"train_acc":[0.7849358930313732,0.8753590127664252,0.9024996908024021,0.9218760736027705,0.938078027731589,0.9503359947230277,0.9588011378471601,0.9653698690376397,0.9693688246368646,0.9701658673336173,0.959873022853138,0.9644079209553519,0.9709354257994476,0.9768170512168644,0.982313897401366,0.9861204633841334,0.9892124393629155,0.9912325303357199,0.9926754524591516,0.992702936690074],"eval_acc":[0.8544645065545388,0.8753895622062825,0.8816225575068019,0.8807568637150631,0.8850853326737571,0.8839228295819935,0.8860004946821667,0.8856789512738066,0.8859757605738313,0.8861983675488498,0.8813010140984417,0.8842443729903537,0.8842938412070245,0.8826613900568885,0.8842443729903537,0.8853326737571111,0.8864209745238684,0.8868167202572347,0.8869651249072471,0.8867177838238931]}
[Eval] Epoch:  11, Total:  40430, Accuracy : 0.8867, Loss: 0.6148
40430 35850 95.52127960324287
