random_0.01_model_0
DatasetDict({
    train: Dataset({
        features: ['question1', 'question2', 'label', 'indexes'],
        num_rows: 3638
    })
    validation: Dataset({
        features: ['question1', 'question2', 'label', 'indexes'],
        num_rows: 40430
    })
    test: Dataset({
        features: ['question1', 'question2', 'label', 'indexes'],
        num_rows: 390965
    })
})
[Train] Epoch:   0, Total:   3638, Accuracy : 0.5388, Loss: 0.6501
[Eval] Epoch:   0, Total:  40430, Accuracy : 0.6318, Loss: 0.6755
[Train] Epoch:   1, Total:   3638, Accuracy : 0.6281, Loss: 0.7387
[Eval] Epoch:   1, Total:  40430, Accuracy : 0.6318, Loss: 0.6640
[Train] Epoch:   2, Total:   3638, Accuracy : 0.6278, Loss: 0.5686
[Eval] Epoch:   2, Total:  40430, Accuracy : 0.6318, Loss: 0.6295
[Train] Epoch:   3, Total:   3638, Accuracy : 0.6663, Loss: 0.5341
[Eval] Epoch:   3, Total:  40430, Accuracy : 0.7785, Loss: 0.4501
[Train] Epoch:   4, Total:   3638, Accuracy : 0.7938, Loss: 0.4073
[Eval] Epoch:   4, Total:  40430, Accuracy : 0.7956, Loss: 0.4176
[Train] Epoch:   5, Total:   3638, Accuracy : 0.8359, Loss: 0.3476
[Eval] Epoch:   5, Total:  40430, Accuracy : 0.8180, Loss: 0.3983
[Train] Epoch:   6, Total:   3638, Accuracy : 0.8782, Loss: 0.1881
[Eval] Epoch:   6, Total:  40430, Accuracy : 0.8259, Loss: 0.4490
[Train] Epoch:   7, Total:   3638, Accuracy : 0.8969, Loss: 0.2386
[Eval] Epoch:   7, Total:  40430, Accuracy : 0.8278, Loss: 0.4077
[Train] Epoch:   8, Total:   3638, Accuracy : 0.9120, Loss: 0.1345
[Eval] Epoch:   8, Total:  40430, Accuracy : 0.8303, Loss: 0.4740
[Train] Epoch:   9, Total:   3638, Accuracy : 0.9197, Loss: 0.1613
[Eval] Epoch:   9, Total:  40430, Accuracy : 0.8305, Loss: 0.4794
[Train] Epoch:  10, Total:   3638, Accuracy : 0.9296, Loss: 0.2996
[Eval] Epoch:  10, Total:  40430, Accuracy : 0.8285, Loss: 0.4694
[Train] Epoch:  11, Total:   3638, Accuracy : 0.9222, Loss: 0.2547
[Eval] Epoch:  11, Total:  40430, Accuracy : 0.8218, Loss: 0.4744
[Train] Epoch:  12, Total:   3638, Accuracy : 0.9208, Loss: 0.4122
[Eval] Epoch:  12, Total:  40430, Accuracy : 0.8255, Loss: 0.4754
[Train] Epoch:  13, Total:   3638, Accuracy : 0.9360, Loss: 0.1576
[Eval] Epoch:  13, Total:  40430, Accuracy : 0.8287, Loss: 0.5419
[Train] Epoch:  14, Total:   3638, Accuracy : 0.9480, Loss: 0.1788
[Eval] Epoch:  14, Total:  40430, Accuracy : 0.8207, Loss: 0.5669
[Train] Epoch:  15, Total:   3638, Accuracy : 0.9626, Loss: 0.0759
[Eval] Epoch:  15, Total:  40430, Accuracy : 0.8302, Loss: 0.6147
[Train] Epoch:  16, Total:   3638, Accuracy : 0.9695, Loss: 0.1091
[Eval] Epoch:  16, Total:  40430, Accuracy : 0.8290, Loss: 0.6517
[Train] Epoch:  17, Total:   3638, Accuracy : 0.9731, Loss: 0.0192
[Eval] Epoch:  17, Total:  40430, Accuracy : 0.8307, Loss: 0.6875
[Train] Epoch:  18, Total:   3638, Accuracy : 0.9742, Loss: 0.0367
[Eval] Epoch:  18, Total:  40430, Accuracy : 0.8323, Loss: 0.7012
[Train] Epoch:  19, Total:   3638, Accuracy : 0.9742, Loss: 0.1089
[Eval] Epoch:  19, Total:  40430, Accuracy : 0.8319, Loss: 0.6936
{"epoch":[1,2,3,4,5,6,7,8,9,10,11,12,13,14,15,16,17,18,19,20],"train_loss":[0.6870623548825582,0.6689412514368693,0.6444624702135722,0.5467334667841593,0.4286576588948568,0.3635273277759552,0.293268742163976,0.25747990409533184,0.22699044545491537,0.2055555373430252,0.20330234467983246,0.20650784770647684,0.21907743016878764,0.17847377061843872,0.14621898432572683,0.11575038631757101,0.09558181862036387,0.07487243736783664,0.07962525362769762,0.08690413335959117],"eval_loss":[0.6737779578830623,0.6490487188478059,0.6129684293571906,0.4539168401609493,0.4140659625394435,0.389201781983617,0.43653453754473337,0.40853958510899846,0.4374926607065563,0.4482387421251852,0.4446556454972376,0.47370596984519237,0.4582271423143677,0.49518233952643,0.5256960803194891,0.5455193485640273,0.5795498162130767,0.5915520130833493,0.6017344409151922,0.5979396397177177],"train_acc":[0.5387575590984057,0.6280923584387026,0.6278174821330401,0.6663001649257834,0.7938427707531611,0.8358988455195162,0.8782297965915338,0.8969213853765805,0.9120395821880154,0.919736118746564,0.9296316657504123,0.9222100054975261,0.9208356239692138,0.9359538207806487,0.9480483782297966,0.9626168224299065,0.9694887300714679,0.9730621220450797,0.9741616272677295,0.9741616272677295],"eval_acc":[0.6318327974276527,0.6318327974276527,0.6318327974276527,0.7784565916398714,0.7955973287162997,0.8180311649765026,0.8258966114271581,0.8277764036606481,0.8303240168191937,0.8305218896858768,0.828468958694039,0.8218402176601534,0.8255008656937918,0.8286915656690577,0.8207024486767251,0.8302498144941874,0.8289636408607469,0.8307444966608953,0.8322780113776899,0.8318575315359882]}
[Eval] Epoch:  11, Total:  40430, Accuracy : 0.8319, Loss: 0.6936
40430 33632 94.4744630753994
