pruned_1_0.75_model_0
DatasetDict({
    train: Dataset({
        features: ['question1', 'question2', 'label', 'indexes'],
        num_rows: 272885
    })
    validation: Dataset({
        features: ['question1', 'question2', 'label', 'indexes'],
        num_rows: 40430
    })
    test: Dataset({
        features: ['question1', 'question2', 'label', 'indexes'],
        num_rows: 390965
    })
})
[Train] Epoch:   0, Total: 272885, Accuracy : 0.8459, Loss: 0.2903
[Eval] Epoch:   0, Total:  40430, Accuracy : 0.8865, Loss: 0.2791
[Train] Epoch:   1, Total: 272885, Accuracy : 0.8988, Loss: 0.2232
[Eval] Epoch:   1, Total:  40430, Accuracy : 0.8965, Loss: 0.2738
[Train] Epoch:   2, Total: 272885, Accuracy : 0.9189, Loss: 0.2209
[Eval] Epoch:   2, Total:  40430, Accuracy : 0.9003, Loss: 0.2504
[Train] Epoch:   3, Total: 272885, Accuracy : 0.9352, Loss: 0.1812
[Eval] Epoch:   3, Total:  40430, Accuracy : 0.9060, Loss: 0.2705
[Train] Epoch:   4, Total: 272885, Accuracy : 0.9481, Loss: 0.1330
[Eval] Epoch:   4, Total:  40430, Accuracy : 0.9073, Loss: 0.2762
[Train] Epoch:   5, Total: 272885, Accuracy : 0.9576, Loss: 0.1327
[Eval] Epoch:   5, Total:  40430, Accuracy : 0.9081, Loss: 0.2947
[Train] Epoch:   6, Total: 272885, Accuracy : 0.9652, Loss: 0.0933
[Eval] Epoch:   6, Total:  40430, Accuracy : 0.9103, Loss: 0.3272
[Train] Epoch:   7, Total: 272885, Accuracy : 0.9700, Loss: 0.0789
[Eval] Epoch:   7, Total:  40430, Accuracy : 0.9095, Loss: 0.3535
[Train] Epoch:   8, Total: 272885, Accuracy : 0.9730, Loss: 0.0659
[Eval] Epoch:   8, Total:  40430, Accuracy : 0.9100, Loss: 0.3660
[Train] Epoch:   9, Total: 272885, Accuracy : 0.9742, Loss: 0.0590
[Eval] Epoch:   9, Total:  40430, Accuracy : 0.9103, Loss: 0.3734
[Train] Epoch:  10, Total: 272885, Accuracy : 0.9625, Loss: 0.1136
[Eval] Epoch:  10, Total:  40430, Accuracy : 0.9084, Loss: 0.3322
[Train] Epoch:  11, Total: 272885, Accuracy : 0.9673, Loss: 0.1262
[Eval] Epoch:  11, Total:  40430, Accuracy : 0.9067, Loss: 0.3649
[Train] Epoch:  12, Total: 272885, Accuracy : 0.9729, Loss: 0.1035
[Eval] Epoch:  12, Total:  40430, Accuracy : 0.9088, Loss: 0.3507
[Train] Epoch:  13, Total: 272885, Accuracy : 0.9786, Loss: 0.0542
[Eval] Epoch:  13, Total:  40430, Accuracy : 0.9092, Loss: 0.3827
[Train] Epoch:  14, Total: 272885, Accuracy : 0.9828, Loss: 0.0661
[Eval] Epoch:  14, Total:  40430, Accuracy : 0.9107, Loss: 0.4081
[Train] Epoch:  15, Total: 272885, Accuracy : 0.9865, Loss: 0.0157
[Eval] Epoch:  15, Total:  40430, Accuracy : 0.9093, Loss: 0.4978
[Train] Epoch:  16, Total: 272885, Accuracy : 0.9894, Loss: 0.0411
[Eval] Epoch:  16, Total:  40430, Accuracy : 0.9103, Loss: 0.5294
[Train] Epoch:  17, Total: 272885, Accuracy : 0.9916, Loss: 0.0035
[Eval] Epoch:  17, Total:  40430, Accuracy : 0.9114, Loss: 0.5481
[Train] Epoch:  18, Total: 272885, Accuracy : 0.9929, Loss: 0.0065
[Eval] Epoch:  18, Total:  40430, Accuracy : 0.9113, Loss: 0.5443
[Train] Epoch:  19, Total: 272885, Accuracy : 0.9933, Loss: 0.0179
[Eval] Epoch:  19, Total:  40430, Accuracy : 0.9112, Loss: 0.5572
{"epoch":[1,2,3,4,5,6,7,8,9,10,11,12,13,14,15,16,17,18,19,20],"train_loss":[0.3261343327265296,0.2379418940721936,0.19624191138187447,0.1617937053695293,0.1330272037445045,0.11069975824813458,0.09313185968196917,0.08080392133088093,0.07355625863321559,0.06986724773393926,0.09921569910466559,0.08744716905861198,0.07305400514202874,0.05872672881606065,0.047334842619749996,0.03708065181925166,0.029759969057971316,0.024252492733741804,0.0201177432962543,0.01899931657829804],"eval_loss":[0.26244174821090094,0.24139197349925584,0.24023923089232627,0.24156907332848898,0.2517984366115135,0.27277486969398546,0.278882046383393,0.3093922026926958,0.316288471976413,0.32128078377322306,0.29616922328743756,0.3232818275124212,0.30979084798806833,0.34143364523785025,0.36551066610632066,0.4366345597973353,0.46327718460484396,0.4991266270038448,0.5064208155757264,0.5129212518281574],"train_acc":[0.8459387654140023,0.8988255125785587,0.9188889092474852,0.9351961448962017,0.9481429906370815,0.9576488264287154,0.9651721421111458,0.9699617054803306,0.9730325961485607,0.9742052512963336,0.9624970225552889,0.9673268959451784,0.9729263242757938,0.9786246953845026,0.9828242666324642,0.9864851494219177,0.9893618190812979,0.9915715411253825,0.9929274236399949,0.9933415174890522],"eval_acc":[0.8864704427405392,0.8965124907247094,0.9003215434083601,0.9059609201088301,0.907271827850606,0.9080633193173386,0.9103141231758595,0.9094731634924561,0.9100420479841702,0.910338857284195,0.9083848627256987,0.9066782092505565,0.908780608459065,0.9091763541924314,0.9107346030175613,0.9093247588424437,0.9102893890675241,0.9113776898342815,0.9112540192926045,0.9111550828592629]}
[Eval] Epoch:  11, Total:  40430, Accuracy : 0.9112, Loss: 0.5572
40430 36838 81.04155778884888
