pruned_1_0.04_model_0
DatasetDict({
    train: Dataset({
        features: ['question1', 'question2', 'label', 'indexes'],
        num_rows: 14548
    })
    validation: Dataset({
        features: ['question1', 'question2', 'label', 'indexes'],
        num_rows: 40430
    })
    test: Dataset({
        features: ['question1', 'question2', 'label', 'indexes'],
        num_rows: 390965
    })
})
[Train] Epoch:   0, Total:  14548, Accuracy : 0.6180, Loss: 0.5241
[Eval] Epoch:   0, Total:  40430, Accuracy : 0.7353, Loss: 0.5177
[Train] Epoch:   1, Total:  14548, Accuracy : 0.7777, Loss: 0.4171
[Eval] Epoch:   1, Total:  40430, Accuracy : 0.8149, Loss: 0.4226
[Train] Epoch:   2, Total:  14548, Accuracy : 0.8426, Loss: 0.3516
[Eval] Epoch:   2, Total:  40430, Accuracy : 0.8458, Loss: 0.3654
[Train] Epoch:   3, Total:  14548, Accuracy : 0.8753, Loss: 0.2685
[Eval] Epoch:   3, Total:  40430, Accuracy : 0.8511, Loss: 0.3640
[Train] Epoch:   4, Total:  14548, Accuracy : 0.8979, Loss: 0.2655
[Eval] Epoch:   4, Total:  40430, Accuracy : 0.8556, Loss: 0.3598
[Train] Epoch:   5, Total:  14548, Accuracy : 0.9173, Loss: 0.2680
[Eval] Epoch:   5, Total:  40430, Accuracy : 0.8554, Loss: 0.3928
[Train] Epoch:   6, Total:  14548, Accuracy : 0.9348, Loss: 0.1565
[Eval] Epoch:   6, Total:  40430, Accuracy : 0.8544, Loss: 0.4087
[Train] Epoch:   7, Total:  14548, Accuracy : 0.9451, Loss: 0.1219
[Eval] Epoch:   7, Total:  40430, Accuracy : 0.8555, Loss: 0.4355
[Train] Epoch:   8, Total:  14548, Accuracy : 0.9476, Loss: 0.1952
[Eval] Epoch:   8, Total:  40430, Accuracy : 0.8559, Loss: 0.4459
[Train] Epoch:   9, Total:  14548, Accuracy : 0.9522, Loss: 0.1256
[Eval] Epoch:   9, Total:  40430, Accuracy : 0.8554, Loss: 0.4494
[Train] Epoch:  10, Total:  14548, Accuracy : 0.9448, Loss: 0.1356
[Eval] Epoch:  10, Total:  40430, Accuracy : 0.8528, Loss: 0.4455
[Train] Epoch:  11, Total:  14548, Accuracy : 0.9489, Loss: 0.1537
[Eval] Epoch:  11, Total:  40430, Accuracy : 0.8560, Loss: 0.4818
[Train] Epoch:  12, Total:  14548, Accuracy : 0.9564, Loss: 0.1032
[Eval] Epoch:  12, Total:  40430, Accuracy : 0.8562, Loss: 0.5149
[Train] Epoch:  13, Total:  14548, Accuracy : 0.9678, Loss: 0.0809
[Eval] Epoch:  13, Total:  40430, Accuracy : 0.8548, Loss: 0.5183
[Train] Epoch:  14, Total:  14548, Accuracy : 0.9752, Loss: 0.0824
[Eval] Epoch:  14, Total:  40430, Accuracy : 0.8521, Loss: 0.5943
[Train] Epoch:  15, Total:  14548, Accuracy : 0.9805, Loss: 0.1040
[Eval] Epoch:  15, Total:  40430, Accuracy : 0.8580, Loss: 0.6681
[Train] Epoch:  16, Total:  14548, Accuracy : 0.9827, Loss: 0.0239
[Eval] Epoch:  16, Total:  40430, Accuracy : 0.8574, Loss: 0.6118
[Train] Epoch:  17, Total:  14548, Accuracy : 0.9878, Loss: 0.0606
[Eval] Epoch:  17, Total:  40430, Accuracy : 0.8578, Loss: 0.6852
[Train] Epoch:  18, Total:  14548, Accuracy : 0.9893, Loss: 0.0441
[Eval] Epoch:  18, Total:  40430, Accuracy : 0.8581, Loss: 0.6785
[Train] Epoch:  19, Total:  14548, Accuracy : 0.9893, Loss: 0.0129
[Eval] Epoch:  19, Total:  40430, Accuracy : 0.8579, Loss: 0.6720
{"epoch":[1,2,3,4,5,6,7,8,9,10,11,12,13,14,15,16,17,18,19,20],"train_loss":[0.6309039362689906,0.44056285734762224,0.3473658640133707,0.2890157189808394,0.24420314295250073,0.20334459187691672,0.17056267590899216,0.14600517561561183,0.13774231847440987,0.1294500351997844,0.14343633724932084,0.13924123320663184,0.11757333811960723,0.09015286328238353,0.07257213508873656,0.05798801784648707,0.051007943718056926,0.039435680661546554,0.03597842882338323,0.03556043488022528],"eval_loss":[0.5026416674822192,0.39182927808429624,0.3416667936157577,0.35729894881384283,0.35775402527821215,0.36807335818870157,0.4032331890886343,0.413407462024236,0.4254735304584986,0.43313083684519876,0.4260690065124367,0.44586972307555284,0.47428663320179226,0.5117816817534121,0.5678051068812986,0.5994976826860935,0.587131345007993,0.6498084309734876,0.6381947149204302,0.6355071797778334],"train_acc":[0.6179543579873522,0.7777014022546055,0.8425900467418201,0.8753093208688479,0.897924113280176,0.9173082210613143,0.9348364036293648,0.94514709925763,0.9476216662084135,0.9522271102557053,0.9448034094033544,0.9488589496838054,0.9564201264778663,0.967761891668958,0.9751855925213088,0.9805471542480066,0.9827467693153699,0.9877646411877922,0.9892768765466043,0.9893456145174594],"eval_acc":[0.7353450408112787,0.8148651991095721,0.8457581004204798,0.8510759337125897,0.8556270096463022,0.8554044026712837,0.8543655701211972,0.8555033391046253,0.8558743507296562,0.8553796685629483,0.8527825871877319,0.8559732871629978,0.8562206282463517,0.8548107840712342,0.8520652980460054,0.8579767499381648,0.857432599554786,0.8578283452881523,0.858050952263171,0.8579272817214939]}
[Eval] Epoch:  11, Total:  40430, Accuracy : 0.8579, Loss: 0.6720
40430 34686 100.41013440489769
