pruned_3_0.02_model_0
DatasetDict({
    train: Dataset({
        features: ['question1', 'question2', 'label', 'indexes'],
        num_rows: 7276
    })
    validation: Dataset({
        features: ['question1', 'question2', 'label', 'indexes'],
        num_rows: 40430
    })
    test: Dataset({
        features: ['question1', 'question2', 'label', 'indexes'],
        num_rows: 390965
    })
})
[Train] Epoch:   0, Total:   7276, Accuracy : 0.5144, Loss: 0.6893
[Eval] Epoch:   0, Total:  40430, Accuracy : 0.6318, Loss: 0.6558
[Train] Epoch:   1, Total:   7276, Accuracy : 0.6259, Loss: 0.4997
[Eval] Epoch:   1, Total:  40430, Accuracy : 0.6318, Loss: 0.5279
[Train] Epoch:   2, Total:   7276, Accuracy : 0.7485, Loss: 0.4344
[Eval] Epoch:   2, Total:  40430, Accuracy : 0.8055, Loss: 0.3998
[Train] Epoch:   3, Total:   7276, Accuracy : 0.8124, Loss: 0.4697
[Eval] Epoch:   3, Total:  40430, Accuracy : 0.8220, Loss: 0.3991
[Train] Epoch:   4, Total:   7276, Accuracy : 0.8529, Loss: 0.3230
[Eval] Epoch:   4, Total:  40430, Accuracy : 0.8337, Loss: 0.3748
[Train] Epoch:   5, Total:   7276, Accuracy : 0.8808, Loss: 0.3900
[Eval] Epoch:   5, Total:  40430, Accuracy : 0.8342, Loss: 0.3751
[Train] Epoch:   6, Total:   7276, Accuracy : 0.9027, Loss: 0.2460
[Eval] Epoch:   6, Total:  40430, Accuracy : 0.8370, Loss: 0.4114
[Train] Epoch:   7, Total:   7276, Accuracy : 0.9111, Loss: 0.2026
[Eval] Epoch:   7, Total:  40430, Accuracy : 0.8382, Loss: 0.4012
[Train] Epoch:   8, Total:   7276, Accuracy : 0.9181, Loss: 0.1446
[Eval] Epoch:   8, Total:  40430, Accuracy : 0.8354, Loss: 0.4129
[Train] Epoch:   9, Total:   7276, Accuracy : 0.9252, Loss: 0.2674
[Eval] Epoch:   9, Total:  40430, Accuracy : 0.8383, Loss: 0.4263
[Train] Epoch:  10, Total:   7276, Accuracy : 0.9159, Loss: 0.6764
[Eval] Epoch:  10, Total:  40430, Accuracy : 0.7673, Loss: 0.7160
[Train] Epoch:  11, Total:   7276, Accuracy : 0.9004, Loss: 0.2885
[Eval] Epoch:  11, Total:  40430, Accuracy : 0.8290, Loss: 0.4534
[Train] Epoch:  12, Total:   7276, Accuracy : 0.9321, Loss: 0.1563
[Eval] Epoch:  12, Total:  40430, Accuracy : 0.8384, Loss: 0.4901
[Train] Epoch:  13, Total:   7276, Accuracy : 0.9489, Loss: 0.2568
[Eval] Epoch:  13, Total:  40430, Accuracy : 0.8380, Loss: 0.5212
[Train] Epoch:  14, Total:   7276, Accuracy : 0.9549, Loss: 0.1493
[Eval] Epoch:  14, Total:  40430, Accuracy : 0.8363, Loss: 0.4971
[Train] Epoch:  15, Total:   7276, Accuracy : 0.9645, Loss: 0.0955
[Eval] Epoch:  15, Total:  40430, Accuracy : 0.8398, Loss: 0.5608
[Train] Epoch:  16, Total:   7276, Accuracy : 0.9714, Loss: 0.0294
[Eval] Epoch:  16, Total:  40430, Accuracy : 0.8406, Loss: 0.5865
[Train] Epoch:  17, Total:   7276, Accuracy : 0.9754, Loss: 0.0830
[Eval] Epoch:  17, Total:  40430, Accuracy : 0.8415, Loss: 0.6162
[Train] Epoch:  18, Total:   7276, Accuracy : 0.9775, Loss: 0.0418
[Eval] Epoch:  18, Total:  40430, Accuracy : 0.8416, Loss: 0.6057
[Train] Epoch:  19, Total:   7276, Accuracy : 0.9794, Loss: 0.0238
[Eval] Epoch:  19, Total:  40430, Accuracy : 0.8415, Loss: 0.6042
{"epoch":[1,2,3,4,5,6,7,8,9,10,11,12,13,14,15,16,17,18,19,20],"train_loss":[0.6901769494188243,0.6205088352334911,0.4882124857655887,0.41144686217965754,0.3424379661165435,0.294663372738608,0.254219480629625,0.23103734542583598,0.21516191445547958,0.2005840724912183,0.2291986140711554,0.2610892411963693,0.18420733614214535,0.1485542737204453,0.1269830645158373,0.10612554514202578,0.08304499385171923,0.07574233220055185,0.07339879382273247,0.06934720708121514],"eval_loss":[0.6482313516773756,0.5203979315259789,0.41999960681305654,0.3907006852611711,0.40322262784348256,0.4028656188445755,0.44174495113046863,0.4327097676600082,0.4387007310420652,0.44839402844634235,0.682414686755289,0.4565478759475901,0.48762898769559737,0.538651247379146,0.5190963409369505,0.5620241342466089,0.5965795520740219,0.6097829988862895,0.596868645729898,0.5958668165191819],"train_acc":[0.5144310060472788,0.625893347993403,0.7484881803188566,0.8123969213853766,0.8529411764705882,0.8808411214953271,0.902693787795492,0.9110775151181968,0.9180868609125893,0.9252336448598131,0.9158878504672897,0.9003573391973612,0.9321055525013744,0.9488730071467839,0.9549202858713579,0.9645409565695438,0.971412864211105,0.9753985706432106,0.977460142935679,0.9793842770753161],"eval_acc":[0.6318327974276527,0.6318327974276527,0.805515706158793,0.8220133564185012,0.833663121444472,0.834232005936186,0.8369527578530794,0.8381894632698491,0.8353945090279495,0.8383378679198615,0.7672520405639377,0.8290131090774178,0.8384368043532031,0.8379668562948306,0.8362602028196884,0.8397724462033144,0.8406381399950532,0.8414543655701212,0.841627504328469,0.8414790996784566]}
[Eval] Epoch:  11, Total:  40430, Accuracy : 0.8415, Loss: 0.6042
40430 34021 94.14695701003075
