pruned_2_0.03_model_0
DatasetDict({
    train: Dataset({
        features: ['question1', 'question2', 'label', 'indexes'],
        num_rows: 10915
    })
    validation: Dataset({
        features: ['question1', 'question2', 'label', 'indexes'],
        num_rows: 40430
    })
    test: Dataset({
        features: ['question1', 'question2', 'label', 'indexes'],
        num_rows: 390965
    })
})
[Train] Epoch:   0, Total:  10915, Accuracy : 0.7863, Loss: 0.2642
[Eval] Epoch:   0, Total:  40430, Accuracy : 0.3682, Loss: 1.6654
[Train] Epoch:   1, Total:  10915, Accuracy : 0.9457, Loss: 0.0896
[Eval] Epoch:   1, Total:  40430, Accuracy : 0.7104, Loss: 1.1702
[Train] Epoch:   2, Total:  10915, Accuracy : 0.9814, Loss: 0.0605
[Eval] Epoch:   2, Total:  40430, Accuracy : 0.7234, Loss: 0.9506
[Train] Epoch:   3, Total:  10915, Accuracy : 0.9860, Loss: 0.0688
[Eval] Epoch:   3, Total:  40430, Accuracy : 0.7300, Loss: 1.0214
[Train] Epoch:   4, Total:  10915, Accuracy : 0.9896, Loss: 0.0364
[Eval] Epoch:   4, Total:  40430, Accuracy : 0.7197, Loss: 1.2424
[Train] Epoch:   5, Total:  10915, Accuracy : 0.9923, Loss: 0.0127
[Eval] Epoch:   5, Total:  40430, Accuracy : 0.7141, Loss: 1.2106
[Train] Epoch:   6, Total:  10915, Accuracy : 0.9934, Loss: 0.0181
[Eval] Epoch:   6, Total:  40430, Accuracy : 0.7012, Loss: 1.3477
[Train] Epoch:   7, Total:  10915, Accuracy : 0.9946, Loss: 0.0048
[Eval] Epoch:   7, Total:  40430, Accuracy : 0.7059, Loss: 1.4778
[Train] Epoch:   8, Total:  10915, Accuracy : 0.9954, Loss: 0.0423
[Eval] Epoch:   8, Total:  40430, Accuracy : 0.6956, Loss: 1.5416
[Train] Epoch:   9, Total:  10915, Accuracy : 0.9955, Loss: 0.0455
[Eval] Epoch:   9, Total:  40430, Accuracy : 0.7062, Loss: 1.4579
[Train] Epoch:  10, Total:  10915, Accuracy : 0.9950, Loss: 0.0606
[Eval] Epoch:  10, Total:  40430, Accuracy : 0.7134, Loss: 1.4446
[Train] Epoch:  11, Total:  10915, Accuracy : 0.9948, Loss: 0.0365
[Eval] Epoch:  11, Total:  40430, Accuracy : 0.6845, Loss: 1.5790
[Train] Epoch:  12, Total:  10915, Accuracy : 0.9939, Loss: 0.0226
[Eval] Epoch:  12, Total:  40430, Accuracy : 0.7080, Loss: 1.3678
[Train] Epoch:  13, Total:  10915, Accuracy : 0.9953, Loss: 0.0037
[Eval] Epoch:  13, Total:  40430, Accuracy : 0.7000, Loss: 1.4860
[Train] Epoch:  14, Total:  10915, Accuracy : 0.9967, Loss: 0.0588
[Eval] Epoch:  14, Total:  40430, Accuracy : 0.6912, Loss: 1.7126
[Train] Epoch:  15, Total:  10915, Accuracy : 0.9970, Loss: 0.0372
[Eval] Epoch:  15, Total:  40430, Accuracy : 0.7233, Loss: 1.4408
[Train] Epoch:  16, Total:  10915, Accuracy : 0.9975, Loss: 0.0014
[Eval] Epoch:  16, Total:  40430, Accuracy : 0.7012, Loss: 1.8301
[Train] Epoch:  17, Total:  10915, Accuracy : 0.9979, Loss: 0.0014
[Eval] Epoch:  17, Total:  40430, Accuracy : 0.7153, Loss: 1.8030
[Train] Epoch:  18, Total:  10915, Accuracy : 0.9980, Loss: 0.0355
[Eval] Epoch:  18, Total:  40430, Accuracy : 0.7116, Loss: 1.8270
[Train] Epoch:  19, Total:  10915, Accuracy : 0.9980, Loss: 0.0363
[Eval] Epoch:  19, Total:  40430, Accuracy : 0.7108, Loss: 1.8323
{"epoch":[1,2,3,4,5,6,7,8,9,10,11,12,13,14,15,16,17,18,19,20],"train_loss":[0.4732124881688939,0.1291303861626359,0.07243915898508804,0.0576524774349013,0.04536506517378743,0.03670511286445828,0.03205966794603439,0.028107447246479435,0.02537102123917362,0.023900817727756707,0.025652591778008743,0.026841157706194493,0.026904358117039815,0.02168637864714012,0.0175456247633583,0.015013620685136248,0.011674558838591153,0.009715076768770814,0.009409350911588517,0.008720750980035857],"eval_loss":[1.6791604644135585,1.0204249616665175,0.8215934147563162,0.8833441783355761,1.087522830389723,1.1064001344427277,1.1807372189020808,1.3145948105220553,1.3725106535078604,1.295149697155892,1.2711470617523677,1.4247294521029992,1.2357339640206928,1.3474258101439174,1.617031090621707,1.3728313951552669,1.792232251619991,1.7802434880522233,1.8003534870811655,1.8077878521967539],"train_acc":[0.7862574438845625,0.9456710948236372,0.9814017407237746,0.9859825927622538,0.9895556573522675,0.992304168575355,0.99340357306459,0.9945945945945946,0.9954191479615209,0.9955107650022904,0.9949610627576729,0.9947778286761337,0.993861658268438,0.9953275309207512,0.996701786532295,0.9969766376546038,0.9975263398992212,0.9978928080622996,0.9979844251030692,0.9979844251030692],"eval_acc":[0.36816720257234725,0.7104130596092011,0.7233984664852832,0.7300272075191689,0.7197130843433094,0.7140984417511749,0.7012367054167697,0.7059114518921593,0.6956467969329706,0.7062329953005194,0.7134058867177838,0.6844917140737077,0.7080138511006678,0.7000247341083354,0.6911946574325996,0.7232500618352709,0.7011872372000989,0.7152856789512738,0.7116497650259708,0.7108088053425674]}
[Eval] Epoch:  11, Total:  40430, Accuracy : 0.7108, Loss: 1.8323
40430 28738 285.6304806470871
