random_0.005_model_0
DatasetDict({
    train: Dataset({
        features: ['question1', 'question2', 'label', 'indexes'],
        num_rows: 1819
    })
    validation: Dataset({
        features: ['question1', 'question2', 'label', 'indexes'],
        num_rows: 40430
    })
    test: Dataset({
        features: ['question1', 'question2', 'label', 'indexes'],
        num_rows: 390965
    })
})
[Train] Epoch:   0, Total:   1819, Accuracy : 0.5404, Loss: 0.6824
[Eval] Epoch:   0, Total:  40430, Accuracy : 0.6318, Loss: 0.6858
[Train] Epoch:   1, Total:   1819, Accuracy : 0.6080, Loss: 0.6760
[Eval] Epoch:   1, Total:  40430, Accuracy : 0.6318, Loss: 0.6721
[Train] Epoch:   2, Total:   1819, Accuracy : 0.6058, Loss: 0.6351
[Eval] Epoch:   2, Total:  40430, Accuracy : 0.6318, Loss: 0.6618
[Train] Epoch:   3, Total:   1819, Accuracy : 0.6058, Loss: 0.6755
[Eval] Epoch:   3, Total:  40430, Accuracy : 0.6318, Loss: 0.6568
[Train] Epoch:   4, Total:   1819, Accuracy : 0.6058, Loss: 0.6508
[Eval] Epoch:   4, Total:  40430, Accuracy : 0.6318, Loss: 0.6384
[Train] Epoch:   5, Total:   1819, Accuracy : 0.6058, Loss: 0.5733
[Eval] Epoch:   5, Total:  40430, Accuracy : 0.6318, Loss: 0.5549
[Train] Epoch:   6, Total:   1819, Accuracy : 0.6421, Loss: 0.5425
[Eval] Epoch:   6, Total:  40430, Accuracy : 0.6953, Loss: 0.5342
[Train] Epoch:   7, Total:   1819, Accuracy : 0.7746, Loss: 0.4478
[Eval] Epoch:   7, Total:  40430, Accuracy : 0.7479, Loss: 0.4885
[Train] Epoch:   8, Total:   1819, Accuracy : 0.7960, Loss: 0.5219
[Eval] Epoch:   8, Total:  40430, Accuracy : 0.7282, Loss: 0.4793
[Train] Epoch:   9, Total:   1819, Accuracy : 0.8114, Loss: 0.4247
[Eval] Epoch:   9, Total:  40430, Accuracy : 0.7486, Loss: 0.4671
[Train] Epoch:  10, Total:   1819, Accuracy : 0.8296, Loss: 0.2957
[Eval] Epoch:  10, Total:  40430, Accuracy : 0.7640, Loss: 0.4725
[Train] Epoch:  11, Total:   1819, Accuracy : 0.8422, Loss: 0.3579
[Eval] Epoch:  11, Total:  40430, Accuracy : 0.7771, Loss: 0.4782
[Train] Epoch:  12, Total:   1819, Accuracy : 0.8510, Loss: 0.2589
[Eval] Epoch:  12, Total:  40430, Accuracy : 0.7782, Loss: 0.4755
[Train] Epoch:  13, Total:   1819, Accuracy : 0.8604, Loss: 0.3223
[Eval] Epoch:  13, Total:  40430, Accuracy : 0.7772, Loss: 0.4560
[Train] Epoch:  14, Total:   1819, Accuracy : 0.8824, Loss: 0.2367
[Eval] Epoch:  14, Total:  40430, Accuracy : 0.7930, Loss: 0.5103
[Train] Epoch:  15, Total:   1819, Accuracy : 0.9005, Loss: 0.2350
[Eval] Epoch:  15, Total:  40430, Accuracy : 0.8050, Loss: 0.5263
[Train] Epoch:  16, Total:   1819, Accuracy : 0.9208, Loss: 0.2036
[Eval] Epoch:  16, Total:  40430, Accuracy : 0.8069, Loss: 0.5542
[Train] Epoch:  17, Total:   1819, Accuracy : 0.9285, Loss: 0.4069
[Eval] Epoch:  17, Total:  40430, Accuracy : 0.8037, Loss: 0.5293
[Train] Epoch:  18, Total:   1819, Accuracy : 0.9280, Loss: 0.1191
[Eval] Epoch:  18, Total:  40430, Accuracy : 0.8125, Loss: 0.5799
[Train] Epoch:  19, Total:   1819, Accuracy : 0.9401, Loss: 0.2576
[Eval] Epoch:  19, Total:  40430, Accuracy : 0.8130, Loss: 0.5764
{"epoch":[1,2,3,4,5,6,7,8,9,10,11,12,13,14,15,16,17,18,19,20],"train_loss":[0.6904826536774635,0.6805883273482323,0.6678115352988243,0.67411919683218,0.6656041592359543,0.6051110997796059,0.5388070940971375,0.4828372560441494,0.44932621344923973,0.42086340859532356,0.3710380084812641,0.3640468083322048,0.3421800807118416,0.3335089758038521,0.29660183005034924,0.2545127831399441,0.21201627142727375,0.2297309022396803,0.19057356473058462,0.1899912804365158],"eval_loss":[0.6853777800179734,0.6701170734212368,0.6578338108485258,0.6522073956984508,0.6335486316982704,0.5438281075109409,0.5252987472694132,0.4874270780931545,0.4805398362724087,0.4680734323927119,0.4595507394663895,0.4546990100341507,0.4527923170524307,0.4825875032928926,0.5432846178359623,0.47974707770951186,0.49598470820656304,0.5019035675103152,0.5184952071573161,0.5166530854339841],"train_acc":[0.5404068169323805,0.6080263881253436,0.605827377680044,0.605827377680044,0.605827377680044,0.605827377680044,0.6421110500274876,0.7746014293567894,0.7960417811984607,0.811434854315558,0.8295766904892798,0.8422210005497526,0.8510170423309511,0.8603628367234745,0.8823529411764706,0.9004947773501925,0.9208356239692138,0.9285321605277626,0.9279824079164376,0.9400769653655855],"eval_acc":[0.6318327974276527,0.6318327974276527,0.6318327974276527,0.6318327974276527,0.6318327974276527,0.6318327974276527,0.6953499876329459,0.7478852337373237,0.7282216176106852,0.7485777887707148,0.7640366064803363,0.7770962156814247,0.7781597823398466,0.777244620331437,0.792975513232748,0.8049962898837497,0.8068760821172397,0.8036606480336383,0.8124659906010389,0.8129854068760821]}
[Eval] Epoch:  11, Total:  40430, Accuracy : 0.8130, Loss: 0.5764
40430 32869 81.63118749856949
