pruned_2_0.05_model_0
DatasetDict({
    train: Dataset({
        features: ['question1', 'question2', 'label', 'indexes'],
        num_rows: 18192
    })
    validation: Dataset({
        features: ['question1', 'question2', 'label', 'indexes'],
        num_rows: 40430
    })
    test: Dataset({
        features: ['question1', 'question2', 'label', 'indexes'],
        num_rows: 390965
    })
})
[Train] Epoch:   0, Total:  18192, Accuracy : 0.8001, Loss: 0.0665
[Eval] Epoch:   0, Total:  40430, Accuracy : 0.7178, Loss: 0.9152
[Train] Epoch:   1, Total:  18192, Accuracy : 0.9700, Loss: 0.0965
[Eval] Epoch:   1, Total:  40430, Accuracy : 0.6578, Loss: 0.9308
[Train] Epoch:   2, Total:  18192, Accuracy : 0.9804, Loss: 0.0158
[Eval] Epoch:   2, Total:  40430, Accuracy : 0.7563, Loss: 0.7762
[Train] Epoch:   3, Total:  18192, Accuracy : 0.9870, Loss: 0.0704
[Eval] Epoch:   3, Total:  40430, Accuracy : 0.7711, Loss: 0.7417
[Train] Epoch:   4, Total:  18192, Accuracy : 0.9907, Loss: 0.0060
[Eval] Epoch:   4, Total:  40430, Accuracy : 0.7710, Loss: 0.8966
[Train] Epoch:   5, Total:  18192, Accuracy : 0.9946, Loss: 0.3427
[Eval] Epoch:   5, Total:  40430, Accuracy : 0.7258, Loss: 1.4426
[Train] Epoch:   6, Total:  18192, Accuracy : 0.9954, Loss: 0.0016
[Eval] Epoch:   6, Total:  40430, Accuracy : 0.7581, Loss: 1.2741
[Train] Epoch:   7, Total:  18192, Accuracy : 0.9958, Loss: 0.0037
[Eval] Epoch:   7, Total:  40430, Accuracy : 0.7659, Loss: 1.2158
[Train] Epoch:   8, Total:  18192, Accuracy : 0.9968, Loss: 0.0018
[Eval] Epoch:   8, Total:  40430, Accuracy : 0.7667, Loss: 1.3278
[Train] Epoch:   9, Total:  18192, Accuracy : 0.9970, Loss: 0.0019
[Eval] Epoch:   9, Total:  40430, Accuracy : 0.7651, Loss: 1.3250
[Train] Epoch:  10, Total:  18192, Accuracy : 0.9959, Loss: 0.0092
[Eval] Epoch:  10, Total:  40430, Accuracy : 0.7703, Loss: 1.2015
[Train] Epoch:  11, Total:  18192, Accuracy : 0.9937, Loss: 0.0019
[Eval] Epoch:  11, Total:  40430, Accuracy : 0.7534, Loss: 1.1187
[Train] Epoch:  12, Total:  18192, Accuracy : 0.9954, Loss: 0.0009
[Eval] Epoch:  12, Total:  40430, Accuracy : 0.6907, Loss: 1.9373
[Train] Epoch:  13, Total:  18192, Accuracy : 0.9947, Loss: 0.0061
[Eval] Epoch:  13, Total:  40430, Accuracy : 0.7601, Loss: 1.1827
[Train] Epoch:  14, Total:  18192, Accuracy : 0.9969, Loss: 0.0004
[Eval] Epoch:  14, Total:  40430, Accuracy : 0.7754, Loss: 1.5239
[Train] Epoch:  15, Total:  18192, Accuracy : 0.9971, Loss: 0.0014
[Eval] Epoch:  15, Total:  40430, Accuracy : 0.7684, Loss: 1.4800
[Train] Epoch:  16, Total:  18192, Accuracy : 0.9979, Loss: 0.0013
[Eval] Epoch:  16, Total:  40430, Accuracy : 0.7681, Loss: 1.5943
[Train] Epoch:  17, Total:  18192, Accuracy : 0.9988, Loss: 0.0003
[Eval] Epoch:  17, Total:  40430, Accuracy : 0.7682, Loss: 1.7652
[Train] Epoch:  18, Total:  18192, Accuracy : 0.9990, Loss: 0.0001
[Eval] Epoch:  18, Total:  40430, Accuracy : 0.7713, Loss: 1.7946
[Train] Epoch:  19, Total:  18192, Accuracy : 0.9989, Loss: 0.0001
[Eval] Epoch:  19, Total:  40430, Accuracy : 0.7716, Loss: 1.8088
{"epoch":[1,2,3,4,5,6,7,8,9,10,11,12,13,14,15,16,17,18,19,20],"train_loss":[0.3818030360465248,0.0961154001351032,0.06664864969853726,0.047695280647733145,0.036448853342638664,0.02942460674805463,0.021876068522235274,0.019508697040792968,0.016623006347799674,0.016132327650363248,0.01963616538786381,0.026405295585088123,0.018426474533852242,0.02112116985598631,0.012672147686518857,0.011414956898079254,0.007893369553736799,0.004169723071148231,0.0029788305995073947,0.003285868939403574],"eval_loss":[0.7949847209302685,0.868487495787536,0.6989883382486392,0.6601565472687347,0.736615308666531,1.2856892535958109,1.0536091007009338,0.9680817451658128,1.0497099896775017,1.0502568087245845,0.9764130911495112,0.9517132873776593,1.773446361475353,1.03083864080755,1.2836907049523125,1.2502894473226764,1.32507500127901,1.4656686994093884,1.4877035953576052,1.4969129867946045],"train_acc":[0.8001319261213721,0.9700417766051012,0.9804309586631487,0.9869722955145118,0.9907102022867195,0.9946130167106421,0.9954375549692173,0.9958223394898856,0.9968117854001759,0.996976693051891,0.9959322779243623,0.9937335092348285,0.9953825857519789,0.9946679859278804,0.9969217238346526,0.997141600703606,0.9979111697449429,0.9987906772207564,0.9989555848724714,0.998900615655233],"eval_acc":[0.7178332921098194,0.657803611179817,0.7563442987880287,0.7711105614642592,0.7709868909225822,0.7258471432104873,0.7580756863715064,0.765891664605491,0.766707890180559,0.7650507049220876,0.770343804105862,0.7533514716794459,0.6907494434825625,0.7600544150383378,0.775364828097947,0.7683898095473658,0.7680682661390057,0.7681672025723473,0.7712589661142716,0.7715805095226317]}
[Eval] Epoch:  11, Total:  40430, Accuracy : 0.7716, Loss: 1.8088
40430 31195 236.51225191354752
