pruned_1_0.005_model_0
DatasetDict({
    train: Dataset({
        features: ['question1', 'question2', 'label', 'indexes'],
        num_rows: 1823
    })
    validation: Dataset({
        features: ['question1', 'question2', 'label', 'indexes'],
        num_rows: 40430
    })
    test: Dataset({
        features: ['question1', 'question2', 'label', 'indexes'],
        num_rows: 390965
    })
})
[Train] Epoch:   0, Total:   1823, Accuracy : 0.5804, Loss: 0.6832
[Eval] Epoch:   0, Total:  40430, Accuracy : 0.6318, Loss: 0.6845
[Train] Epoch:   1, Total:   1823, Accuracy : 0.6423, Loss: 0.6613
[Eval] Epoch:   1, Total:  40430, Accuracy : 0.6318, Loss: 0.6705
[Train] Epoch:   2, Total:   1823, Accuracy : 0.6434, Loss: 0.6910
[Eval] Epoch:   2, Total:  40430, Accuracy : 0.6318, Loss: 0.6614
[Train] Epoch:   3, Total:   1823, Accuracy : 0.6434, Loss: 0.6061
[Eval] Epoch:   3, Total:  40430, Accuracy : 0.6318, Loss: 0.6556
[Train] Epoch:   4, Total:   1823, Accuracy : 0.6434, Loss: 0.7036
[Eval] Epoch:   4, Total:  40430, Accuracy : 0.6318, Loss: 0.6011
[Train] Epoch:   5, Total:   1823, Accuracy : 0.6434, Loss: 0.6348
[Eval] Epoch:   5, Total:  40430, Accuracy : 0.6318, Loss: 0.5368
[Train] Epoch:   6, Total:   1823, Accuracy : 0.6566, Loss: 0.4472
[Eval] Epoch:   6, Total:  40430, Accuracy : 0.7918, Loss: 0.4924
[Train] Epoch:   7, Total:   1823, Accuracy : 0.8179, Loss: 0.3430
[Eval] Epoch:   7, Total:  40430, Accuracy : 0.7701, Loss: 0.4724
[Train] Epoch:   8, Total:   1823, Accuracy : 0.8557, Loss: 0.2789
[Eval] Epoch:   8, Total:  40430, Accuracy : 0.8029, Loss: 0.4814
[Train] Epoch:   9, Total:   1823, Accuracy : 0.8815, Loss: 0.2297
[Eval] Epoch:   9, Total:  40430, Accuracy : 0.8010, Loss: 0.4703
[Train] Epoch:  10, Total:   1823, Accuracy : 0.8837, Loss: 0.1256
[Eval] Epoch:  10, Total:  40430, Accuracy : 0.8001, Loss: 0.4668
[Train] Epoch:  11, Total:   1823, Accuracy : 0.8958, Loss: 0.2178
[Eval] Epoch:  11, Total:  40430, Accuracy : 0.7985, Loss: 0.4700
[Train] Epoch:  12, Total:   1823, Accuracy : 0.8919, Loss: 0.2502
[Eval] Epoch:  12, Total:  40430, Accuracy : 0.7997, Loss: 0.4746
[Train] Epoch:  13, Total:   1823, Accuracy : 0.8908, Loss: 0.3073
[Eval] Epoch:  13, Total:  40430, Accuracy : 0.8095, Loss: 0.5041
[Train] Epoch:  14, Total:   1823, Accuracy : 0.9122, Loss: 0.2029
[Eval] Epoch:  14, Total:  40430, Accuracy : 0.8112, Loss: 0.4842
[Train] Epoch:  15, Total:   1823, Accuracy : 0.9259, Loss: 0.3192
[Eval] Epoch:  15, Total:  40430, Accuracy : 0.8149, Loss: 0.4599
[Train] Epoch:  16, Total:   1823, Accuracy : 0.9397, Loss: 0.2021
[Eval] Epoch:  16, Total:  40430, Accuracy : 0.8130, Loss: 0.5126
[Train] Epoch:  17, Total:   1823, Accuracy : 0.9440, Loss: 0.2384
[Eval] Epoch:  17, Total:  40430, Accuracy : 0.8145, Loss: 0.5087
[Train] Epoch:  18, Total:   1823, Accuracy : 0.9523, Loss: 0.0686
[Eval] Epoch:  18, Total:  40430, Accuracy : 0.8155, Loss: 0.4933
[Train] Epoch:  19, Total:   1823, Accuracy : 0.9495, Loss: 0.0463
[Eval] Epoch:  19, Total:  40430, Accuracy : 0.8155, Loss: 0.4979
{"epoch":[1,2,3,4,5,6,7,8,9,10,11,12,13,14,15,16,17,18,19,20],"train_loss":[0.6882190555334091,0.6746901944279671,0.6599404886364937,0.6434774175286293,0.6394989863038063,0.571178488433361,0.4718109555542469,0.41497067362070084,0.3601281903684139,0.31201457791030407,0.27705499343574047,0.2709576468914747,0.2709648720920086,0.2805073466151953,0.22568539530038834,0.2194960080087185,0.1865738369524479,0.18292661011219025,0.14283508993685246,0.13992344494909048],"eval_loss":[0.6838715053811858,0.6681247764750372,0.6557683873025677,0.6491520921640759,0.593591730805892,0.5315024996105628,0.47283281838592095,0.455958538606197,0.4630135384541524,0.4490351827838753,0.45672271674192405,0.4536004273951808,0.455478947939752,0.4752818872279759,0.504551346543469,0.4923853313998331,0.5203940298738359,0.5144570600005645,0.5180271645135517,0.5193820339214953],"train_acc":[0.58036204059243,0.6423477783872737,0.6434448710916072,0.6434448710916072,0.6434448710916072,0.6434448710916072,0.6566099835436094,0.8178826110806363,0.8557323093801427,0.8815139879319802,0.8837081733406473,0.8957761930883159,0.8919363686231486,0.8908392759188152,0.9122325836533187,0.9259462424574877,0.9396599012616567,0.9440482720789907,0.9522764673614921,0.9495337356006582],"eval_acc":[0.6318327974276527,0.6318327974276527,0.6318327974276527,0.6318327974276527,0.6318327974276527,0.6318327974276527,0.7918377442493199,0.7701459312391788,0.8029433588919119,0.8010388325500866,0.8001484046500124,0.7984664852832055,0.7997279248083107,0.8095473658174622,0.8111798169675983,0.8148651991095721,0.8130348750927529,0.8144694533762058,0.8155330200346278,0.8155330200346278]}
[Eval] Epoch:  11, Total:  40430, Accuracy : 0.8155, Loss: 0.4979
40430 32972 82.06236135959625
