pruned_2_0.01_model_0
DatasetDict({
    train: Dataset({
        features: ['question1', 'question2', 'label', 'indexes'],
        num_rows: 3638
    })
    validation: Dataset({
        features: ['question1', 'question2', 'label', 'indexes'],
        num_rows: 40430
    })
    test: Dataset({
        features: ['question1', 'question2', 'label', 'indexes'],
        num_rows: 390965
    })
})
[Train] Epoch:   0, Total:   3638, Accuracy : 0.2125, Loss: 0.6481
[Eval] Epoch:   0, Total:  40430, Accuracy : 0.3682, Loss: 0.7072
[Train] Epoch:   1, Total:   3638, Accuracy : 0.9931, Loss: 0.1759
[Eval] Epoch:   1, Total:  40430, Accuracy : 0.3682, Loss: 1.5533
[Train] Epoch:   2, Total:   3638, Accuracy : 0.9931, Loss: 0.0079
[Eval] Epoch:   2, Total:  40430, Accuracy : 0.3682, Loss: 3.2461
[Train] Epoch:   3, Total:   3638, Accuracy : 0.9931, Loss: 0.0119
[Eval] Epoch:   3, Total:  40430, Accuracy : 0.3682, Loss: 3.0899
[Train] Epoch:   4, Total:   3638, Accuracy : 0.9931, Loss: 0.1043
[Eval] Epoch:   4, Total:  40430, Accuracy : 0.3682, Loss: 3.4044
[Train] Epoch:   5, Total:   3638, Accuracy : 0.9931, Loss: 0.0092
[Eval] Epoch:   5, Total:  40430, Accuracy : 0.3682, Loss: 3.1109
[Train] Epoch:   6, Total:   3638, Accuracy : 0.9931, Loss: 0.0057
[Eval] Epoch:   6, Total:  40430, Accuracy : 0.3682, Loss: 3.3876
[Train] Epoch:   7, Total:   3638, Accuracy : 0.9931, Loss: 0.1056
[Eval] Epoch:   7, Total:  40430, Accuracy : 0.3682, Loss: 3.6426
[Train] Epoch:   8, Total:   3638, Accuracy : 0.9931, Loss: 0.0917
[Eval] Epoch:   8, Total:  40430, Accuracy : 0.3682, Loss: 3.1797
[Train] Epoch:   9, Total:   3638, Accuracy : 0.9931, Loss: 0.0069
[Eval] Epoch:   9, Total:  40430, Accuracy : 0.3682, Loss: 3.2903
[Train] Epoch:  10, Total:   3638, Accuracy : 0.9931, Loss: 0.0954
[Eval] Epoch:  10, Total:  40430, Accuracy : 0.3682, Loss: 3.3832
[Train] Epoch:  11, Total:   3638, Accuracy : 0.9931, Loss: 0.0046
[Eval] Epoch:  11, Total:  40430, Accuracy : 0.3682, Loss: 3.7131
[Train] Epoch:  12, Total:   3638, Accuracy : 0.9931, Loss: 0.0022
[Eval] Epoch:  12, Total:  40430, Accuracy : 0.3682, Loss: 3.8300
[Train] Epoch:  13, Total:   3638, Accuracy : 0.9931, Loss: 0.0135
[Eval] Epoch:  13, Total:  40430, Accuracy : 0.3682, Loss: 3.6688
[Train] Epoch:  14, Total:   3638, Accuracy : 0.9931, Loss: 0.0026
[Eval] Epoch:  14, Total:  40430, Accuracy : 0.3681, Loss: 3.7830
[Train] Epoch:  15, Total:   3638, Accuracy : 0.9967, Loss: 0.0014
[Eval] Epoch:  15, Total:  40430, Accuracy : 0.3679, Loss: 4.2774
[Train] Epoch:  16, Total:   3638, Accuracy : 0.9981, Loss: 0.1093
[Eval] Epoch:  16, Total:  40430, Accuracy : 0.3664, Loss: 4.2186
[Train] Epoch:  17, Total:   3638, Accuracy : 0.9981, Loss: 0.1009
[Eval] Epoch:  17, Total:  40430, Accuracy : 0.3675, Loss: 4.3007
[Train] Epoch:  18, Total:   3638, Accuracy : 0.9984, Loss: 0.0014
[Eval] Epoch:  18, Total:  40430, Accuracy : 0.3675, Loss: 4.3083
[Train] Epoch:  19, Total:   3638, Accuracy : 0.9984, Loss: 0.0023
[Eval] Epoch:  19, Total:  40430, Accuracy : 0.3675, Loss: 4.3099
{"epoch":[1,2,3,4,5,6,7,8,9,10,11,12,13,14,15,16,17,18,19,20],"train_loss":[0.7206616163253784,0.45172409117221834,0.06303764265030623,0.04046005066484213,0.0459733869569997,0.03938217436273893,0.03860085802152753,0.04400835211078326,0.04191923982774218,0.03444931373621027,0.03756059693793456,0.03073806958273053,0.031137289308632413,0.02175861978903413,0.01841506628940503,0.014176795872238775,0.016023061331361534,0.01573767450948556,0.009097543677004676,0.00820940660778433],"eval_loss":[0.7081617852555046,1.577010665513292,3.2966346951979624,3.13821264460117,3.457901612112794,3.159863609301893,3.441568249388586,3.700635609747488,3.235521094708503,3.349136372155781,3.4438329648367967,3.777909714964372,3.894995197465148,3.760517159594765,3.904968768735475,4.35260248335102,4.326769338378424,4.3939987753011005,4.404319600213932,4.406596084184285],"train_acc":[0.21247938427707533,0.9931280923584387,0.9931280923584387,0.9931280923584387,0.9931280923584387,0.9931280923584387,0.9931280923584387,0.9931280923584387,0.9931280923584387,0.9931280923584387,0.9931280923584387,0.9931280923584387,0.9931280923584387,0.9931280923584387,0.9931280923584387,0.9967014843320505,0.9980758658603628,0.9980758658603628,0.9983507421660253,0.9983507421660253],"eval_acc":[0.36816720257234725,0.36816720257234725,0.36816720257234725,0.36816720257234725,0.36816720257234725,0.36816720257234725,0.36816720257234725,0.36816720257234725,0.36816720257234725,0.36816720257234725,0.36816720257234725,0.36816720257234725,0.36816720257234725,0.36816720257234725,0.3680930002473411,0.3679445955973287,0.3663863467721989,0.367524115755627,0.3674993816472916,0.3674993816472916]}
[Eval] Epoch:  11, Total:  40430, Accuracy : 0.3675, Loss: 4.3099
40430 14858 696.242181301117
