random_0.25_model_0
DatasetDict({
    train: Dataset({
        features: ['question1', 'question2', 'label', 'indexes'],
        num_rows: 90962
    })
    validation: Dataset({
        features: ['question1', 'question2', 'label', 'indexes'],
        num_rows: 40430
    })
    test: Dataset({
        features: ['question1', 'question2', 'label', 'indexes'],
        num_rows: 390965
    })
})
[Train] Epoch:   0, Total:  90962, Accuracy : 0.8064, Loss: 0.3380
[Eval] Epoch:   0, Total:  40430, Accuracy : 0.8634, Loss: 0.3374
[Train] Epoch:   1, Total:  90962, Accuracy : 0.8807, Loss: 0.3786
[Eval] Epoch:   1, Total:  40430, Accuracy : 0.8768, Loss: 0.2900
[Train] Epoch:   2, Total:  90962, Accuracy : 0.9052, Loss: 0.2338
[Eval] Epoch:   2, Total:  40430, Accuracy : 0.8768, Loss: 0.2953
[Train] Epoch:   3, Total:  90962, Accuracy : 0.9248, Loss: 0.1656
[Eval] Epoch:   3, Total:  40430, Accuracy : 0.8848, Loss: 0.3204
[Train] Epoch:   4, Total:  90962, Accuracy : 0.9416, Loss: 0.1026
[Eval] Epoch:   4, Total:  40430, Accuracy : 0.8873, Loss: 0.3575
[Train] Epoch:   5, Total:  90962, Accuracy : 0.9517, Loss: 0.1273
[Eval] Epoch:   5, Total:  40430, Accuracy : 0.8870, Loss: 0.3863
[Train] Epoch:   6, Total:  90962, Accuracy : 0.9613, Loss: 0.0470
[Eval] Epoch:   6, Total:  40430, Accuracy : 0.8865, Loss: 0.3802
[Train] Epoch:   7, Total:  90962, Accuracy : 0.9674, Loss: 0.1113
[Eval] Epoch:   7, Total:  40430, Accuracy : 0.8876, Loss: 0.4421
[Train] Epoch:   8, Total:  90962, Accuracy : 0.9703, Loss: 0.0408
[Eval] Epoch:   8, Total:  40430, Accuracy : 0.8867, Loss: 0.4475
[Train] Epoch:   9, Total:  90962, Accuracy : 0.9729, Loss: 0.0198
[Eval] Epoch:   9, Total:  40430, Accuracy : 0.8868, Loss: 0.4543
[Train] Epoch:  10, Total:  90962, Accuracy : 0.9603, Loss: 0.0376
[Eval] Epoch:  10, Total:  40430, Accuracy : 0.8853, Loss: 0.4477
[Train] Epoch:  11, Total:  90962, Accuracy : 0.9641, Loss: 0.0922
[Eval] Epoch:  11, Total:  40430, Accuracy : 0.8862, Loss: 0.4753
[Train] Epoch:  12, Total:  90962, Accuracy : 0.9710, Loss: 0.0926
[Eval] Epoch:  12, Total:  40430, Accuracy : 0.8858, Loss: 0.4269
[Train] Epoch:  13, Total:  90962, Accuracy : 0.9783, Loss: 0.0638
[Eval] Epoch:  13, Total:  40430, Accuracy : 0.8857, Loss: 0.5207
[Train] Epoch:  14, Total:  90962, Accuracy : 0.9826, Loss: 0.0461
[Eval] Epoch:  14, Total:  40430, Accuracy : 0.8881, Loss: 0.5191
[Train] Epoch:  15, Total:  90962, Accuracy : 0.9864, Loss: 0.0434
[Eval] Epoch:  15, Total:  40430, Accuracy : 0.8883, Loss: 0.6155
[Train] Epoch:  16, Total:  90962, Accuracy : 0.9889, Loss: 0.0225
[Eval] Epoch:  16, Total:  40430, Accuracy : 0.8891, Loss: 0.6554
[Train] Epoch:  17, Total:  90962, Accuracy : 0.9910, Loss: 0.1192
[Eval] Epoch:  17, Total:  40430, Accuracy : 0.8895, Loss: 0.6758
[Train] Epoch:  18, Total:  90962, Accuracy : 0.9931, Loss: 0.0317
[Eval] Epoch:  18, Total:  40430, Accuracy : 0.8890, Loss: 0.7599
[Train] Epoch:  19, Total:  90962, Accuracy : 0.9933, Loss: 0.0380
[Eval] Epoch:  19, Total:  40430, Accuracy : 0.8894, Loss: 0.7540
{"epoch":[1,2,3,4,5,6,7,8,9,10,11,12,13,14,15,16,17,18,19,20],"train_loss":[0.4005270181746965,0.2767538716702649,0.22726503022935954,0.1843543228682842,0.15021413045652796,0.12512242362907763,0.1035367294601845,0.08960640606250656,0.0814037005877478,0.07507461427679557,0.10542550939396861,0.09572860043956323,0.07780939241180594,0.06028856510254607,0.04789956113103819,0.038410892035142426,0.03121172632038426,0.02566428359446189,0.019462463960020143,0.01956775300911094],"eval_loss":[0.3042597272728063,0.2806436679785765,0.27782527640273297,0.2870922056557257,0.30689033469821836,0.3385474068831794,0.3419865493344355,0.3879582141584988,0.39030987392120725,0.3991589936651761,0.40117884908295887,0.39071069459749175,0.3944395339187187,0.4452472695066959,0.475998881119716,0.5204482625556898,0.5578105421383169,0.5671140164891376,0.633394019135946,0.6305601943897295],"train_acc":[0.806413667245663,0.8806534596864625,0.9052131659374244,0.9248257514126779,0.941634968448363,0.9517380884325323,0.9612805347287878,0.967381983685495,0.9702623073371298,0.9729117653525649,0.9602801169719224,0.9640729095666323,0.970954904245729,0.9782986301972252,0.9826191156746773,0.9863569402607683,0.9889294430641367,0.9910402145951056,0.9931070117191795,0.9932609221433126],"eval_acc":[0.8633687855552807,0.8768241404897353,0.8768241404897353,0.8847885233737324,0.8872866683156072,0.8869651249072471,0.8865446450655454,0.8875587435072966,0.8867177838238931,0.886767252040564,0.8852584714321049,0.8862231016571852,0.8858273559238189,0.8856789512738066,0.8881028938906752,0.8883255008656938,0.8891417264407618,0.8895374721741282,0.888968587682414,0.8894138016324511]}
[Eval] Epoch:  11, Total:  40430, Accuracy : 0.8894, Loss: 0.7540
40430 35959 99.62851071357727
