pruned_3_0.01_model_0
DatasetDict({
    train: Dataset({
        features: ['question1', 'question2', 'label', 'indexes'],
        num_rows: 3638
    })
    validation: Dataset({
        features: ['question1', 'question2', 'label', 'indexes'],
        num_rows: 40430
    })
    test: Dataset({
        features: ['question1', 'question2', 'label', 'indexes'],
        num_rows: 390965
    })
})
[Train] Epoch:   0, Total:   3638, Accuracy : 0.3988, Loss: 0.6851
[Eval] Epoch:   0, Total:  40430, Accuracy : 0.6318, Loss: 0.6861
[Train] Epoch:   1, Total:   3638, Accuracy : 0.6273, Loss: 0.6306
[Eval] Epoch:   1, Total:  40430, Accuracy : 0.6318, Loss: 0.6588
[Train] Epoch:   2, Total:   3638, Accuracy : 0.6286, Loss: 0.6911
[Eval] Epoch:   2, Total:  40430, Accuracy : 0.6318, Loss: 0.6287
[Train] Epoch:   3, Total:   3638, Accuracy : 0.6284, Loss: 0.5652
[Eval] Epoch:   3, Total:  40430, Accuracy : 0.6319, Loss: 0.5013
[Train] Epoch:   4, Total:   3638, Accuracy : 0.7576, Loss: 0.4105
[Eval] Epoch:   4, Total:  40430, Accuracy : 0.7974, Loss: 0.4344
[Train] Epoch:   5, Total:   3638, Accuracy : 0.8109, Loss: 0.4168
[Eval] Epoch:   5, Total:  40430, Accuracy : 0.8022, Loss: 0.4449
[Train] Epoch:   6, Total:   3638, Accuracy : 0.8403, Loss: 0.3454
[Eval] Epoch:   6, Total:  40430, Accuracy : 0.8193, Loss: 0.4286
[Train] Epoch:   7, Total:   3638, Accuracy : 0.8598, Loss: 0.3698
[Eval] Epoch:   7, Total:  40430, Accuracy : 0.8229, Loss: 0.4152
[Train] Epoch:   8, Total:   3638, Accuracy : 0.8763, Loss: 0.2771
[Eval] Epoch:   8, Total:  40430, Accuracy : 0.8252, Loss: 0.4137
[Train] Epoch:   9, Total:   3638, Accuracy : 0.8870, Loss: 0.4716
[Eval] Epoch:   9, Total:  40430, Accuracy : 0.8267, Loss: 0.4110
[Train] Epoch:  10, Total:   3638, Accuracy : 0.8865, Loss: 0.3818
[Eval] Epoch:  10, Total:  40430, Accuracy : 0.8275, Loss: 0.4138
[Train] Epoch:  11, Total:   3638, Accuracy : 0.8785, Loss: 0.2860
[Eval] Epoch:  11, Total:  40430, Accuracy : 0.8117, Loss: 0.4349
[Train] Epoch:  12, Total:   3638, Accuracy : 0.8774, Loss: 0.4421
[Eval] Epoch:  12, Total:  40430, Accuracy : 0.8175, Loss: 0.4537
[Train] Epoch:  13, Total:   3638, Accuracy : 0.9090, Loss: 0.1845
[Eval] Epoch:  13, Total:  40430, Accuracy : 0.8299, Loss: 0.4790
[Train] Epoch:  14, Total:   3638, Accuracy : 0.9186, Loss: 0.2687
[Eval] Epoch:  14, Total:  40430, Accuracy : 0.8239, Loss: 0.5033
[Train] Epoch:  15, Total:   3638, Accuracy : 0.9324, Loss: 0.1665
[Eval] Epoch:  15, Total:  40430, Accuracy : 0.8327, Loss: 0.5214
[Train] Epoch:  16, Total:   3638, Accuracy : 0.9373, Loss: 0.1228
[Eval] Epoch:  16, Total:  40430, Accuracy : 0.8302, Loss: 0.5055
[Train] Epoch:  17, Total:   3638, Accuracy : 0.9431, Loss: 0.1654
[Eval] Epoch:  17, Total:  40430, Accuracy : 0.8320, Loss: 0.5085
[Train] Epoch:  18, Total:   3638, Accuracy : 0.9497, Loss: 0.1650
[Eval] Epoch:  18, Total:  40430, Accuracy : 0.8320, Loss: 0.5091
[Train] Epoch:  19, Total:   3638, Accuracy : 0.9519, Loss: 0.2383
[Eval] Epoch:  19, Total:  40430, Accuracy : 0.8319, Loss: 0.5102
{"epoch":[1,2,3,4,5,6,7,8,9,10,11,12,13,14,15,16,17,18,19,20],"train_loss":[0.7066721558570862,0.6655675609906514,0.6591005325317383,0.584879477818807,0.4756543576717377,0.420414545138677,0.3730312923590342,0.34043670892715455,0.30740190943082174,0.29948434432347615,0.28999465008576714,0.3005987167358398,0.30077138940493264,0.24252963066101074,0.2229579508304596,0.19797823627789815,0.18251917411883672,0.1684270883599917,0.15978476504484812,0.15467598289251328],"eval_loss":[0.6854766177225716,0.6527245131474507,0.6222539691230918,0.49814290449589116,0.42528656615486626,0.4193961075212382,0.4448440720008898,0.43611328379262854,0.4366538952800292,0.4400158158585995,0.43173393456241754,0.4144542271955104,0.4667605246546902,0.47948565060579323,0.5053184294625174,0.4959152874690068,0.4831850557010385,0.5099952534029756,0.5125241064572637,0.5155737247270874],"train_acc":[0.3988455195162177,0.6272677295217153,0.6286421110500275,0.6283672347443651,0.7575590984057174,0.8108851017042331,0.8402968664101155,0.8598130841121495,0.8763056624518967,0.8870258383727323,0.8864760857614074,0.8785046728971962,0.8774051676745465,0.9090159428257284,0.9186366135239142,0.9323804288070369,0.937328202308961,0.9431006047278725,0.9496976360637713,0.9518966465090709],"eval_acc":[0.6318327974276527,0.6318327974276527,0.6318327974276527,0.6318575315359881,0.7974029186247836,0.8022013356418501,0.8193420727182785,0.8229037843185754,0.8251793222854316,0.8266881028938907,0.8274795943606233,0.8116992332426416,0.8175364828097947,0.8298788028691566,0.8238931486519911,0.8326984912193915,0.8302250803858521,0.8319564679693298,0.8320306702943359,0.8318575315359882]}
[Eval] Epoch:  11, Total:  40430, Accuracy : 0.8319, Loss: 0.5102
40430 33632 81.4606485068798
