pruned_2_0.5_model_0
DatasetDict({
    train: Dataset({
        features: ['question1', 'question2', 'label', 'indexes'],
        num_rows: 181923
    })
    validation: Dataset({
        features: ['question1', 'question2', 'label', 'indexes'],
        num_rows: 40430
    })
    test: Dataset({
        features: ['question1', 'question2', 'label', 'indexes'],
        num_rows: 390965
    })
})
[Train] Epoch:   0, Total: 181923, Accuracy : 0.8480, Loss: 0.2676
[Eval] Epoch:   0, Total:  40430, Accuracy : 0.8777, Loss: 0.2917
[Train] Epoch:   1, Total: 181923, Accuracy : 0.9011, Loss: 0.2192
[Eval] Epoch:   1, Total:  40430, Accuracy : 0.8877, Loss: 0.2810
[Train] Epoch:   2, Total: 181923, Accuracy : 0.9220, Loss: 0.2090
[Eval] Epoch:   2, Total:  40430, Accuracy : 0.8941, Loss: 0.2906
[Train] Epoch:   3, Total: 181923, Accuracy : 0.9392, Loss: 0.1237
[Eval] Epoch:   3, Total:  40430, Accuracy : 0.8967, Loss: 0.2762
[Train] Epoch:   4, Total: 181923, Accuracy : 0.9518, Loss: 0.1395
[Eval] Epoch:   4, Total:  40430, Accuracy : 0.8979, Loss: 0.2934
[Train] Epoch:   5, Total: 181923, Accuracy : 0.9616, Loss: 0.0885
[Eval] Epoch:   5, Total:  40430, Accuracy : 0.8980, Loss: 0.3568
[Train] Epoch:   6, Total: 181923, Accuracy : 0.9689, Loss: 0.1053
[Eval] Epoch:   6, Total:  40430, Accuracy : 0.8983, Loss: 0.3489
[Train] Epoch:   7, Total: 181923, Accuracy : 0.9737, Loss: 0.0724
[Eval] Epoch:   7, Total:  40430, Accuracy : 0.8986, Loss: 0.3902
[Train] Epoch:   8, Total: 181923, Accuracy : 0.9762, Loss: 0.0582
[Eval] Epoch:   8, Total:  40430, Accuracy : 0.8977, Loss: 0.4205
[Train] Epoch:   9, Total: 181923, Accuracy : 0.9779, Loss: 0.0790
[Eval] Epoch:   9, Total:  40430, Accuracy : 0.8984, Loss: 0.4269
[Train] Epoch:  10, Total: 181923, Accuracy : 0.9663, Loss: 0.0843
[Eval] Epoch:  10, Total:  40430, Accuracy : 0.8948, Loss: 0.3591
[Train] Epoch:  11, Total: 181923, Accuracy : 0.9707, Loss: 0.0781
[Eval] Epoch:  11, Total:  40430, Accuracy : 0.8981, Loss: 0.3693
[Train] Epoch:  12, Total: 181923, Accuracy : 0.9758, Loss: 0.0864
[Eval] Epoch:  12, Total:  40430, Accuracy : 0.8977, Loss: 0.3662
[Train] Epoch:  13, Total: 181923, Accuracy : 0.9811, Loss: 0.0632
[Eval] Epoch:  13, Total:  40430, Accuracy : 0.8962, Loss: 0.5073
[Train] Epoch:  14, Total: 181923, Accuracy : 0.9855, Loss: 0.0333
[Eval] Epoch:  14, Total:  40430, Accuracy : 0.8986, Loss: 0.4786
[Train] Epoch:  15, Total: 181923, Accuracy : 0.9884, Loss: 0.0231
[Eval] Epoch:  15, Total:  40430, Accuracy : 0.8976, Loss: 0.4567
[Train] Epoch:  16, Total: 181923, Accuracy : 0.9914, Loss: 0.0367
[Eval] Epoch:  16, Total:  40430, Accuracy : 0.8990, Loss: 0.5289
[Train] Epoch:  17, Total: 181923, Accuracy : 0.9928, Loss: 0.0369
[Eval] Epoch:  17, Total:  40430, Accuracy : 0.8997, Loss: 0.5089
[Train] Epoch:  18, Total: 181923, Accuracy : 0.9938, Loss: 0.0243
[Eval] Epoch:  18, Total:  40430, Accuracy : 0.9000, Loss: 0.5711
[Train] Epoch:  19, Total: 181923, Accuracy : 0.9945, Loss: 0.0046
[Eval] Epoch:  19, Total:  40430, Accuracy : 0.8994, Loss: 0.5797
{"epoch":[1,2,3,4,5,6,7,8,9,10,11,12,13,14,15,16,17,18,19,20],"train_loss":[0.3195657747078545,0.22834105179782657,0.18537414401937302,0.15081807332828578,0.1233436590068451,0.1010936410775416,0.08381968643385314,0.07179644109966801,0.0645112968213678,0.06102828661034882,0.0888775167790269,0.07812681831760036,0.0654810098381045,0.05169385341264612,0.04044223427654633,0.03272469684713469,0.025067398922731406,0.020451984713089805,0.018234942468527034,0.015803058460451738],"eval_loss":[0.2767987608720985,0.25621451267713236,0.2666652807140652,0.27126379348809204,0.2710862703904321,0.29939671181425265,0.3184183845414391,0.33965744125314906,0.362151106984555,0.3680295029395743,0.32975102234867554,0.32292388841698444,0.35019390926330907,0.45662939199541186,0.43657870779309094,0.4811128868332392,0.5200499252805227,0.5204355214970021,0.5694524279878109,0.5743580430368834],"train_acc":[0.8479741429066143,0.9011284994200843,0.9220109606811673,0.9391500799788922,0.9517927914557258,0.9616101317590409,0.9689319107534506,0.9737251474524936,0.9762152119303221,0.9779137327330794,0.9662989286676231,0.9707238776845148,0.9757754654441715,0.9811183852509029,0.9855433342677946,0.9884071832588512,0.9914359371822145,0.9928101449514355,0.9937885808831208,0.9945031689231159],"eval_acc":[0.8776651001731388,0.8877071481573089,0.8940885481078407,0.8967350976997279,0.8979223348998269,0.8979718031164976,0.8983428147415286,0.8986396240415533,0.8976502597081375,0.8984170170665348,0.8948305713579026,0.8980707395498392,0.8976502597081375,0.8961662132080138,0.8985901558248826,0.8976255255998021,0.8989859015582489,0.8996537224833044,0.9000494682166708,0.8994311155082859]}
[Eval] Epoch:  11, Total:  40430, Accuracy : 0.8994, Loss: 0.5797
40430 36364 90.74857079982758
