random_0.3_model_0
DatasetDict({
    train: Dataset({
        features: ['question1', 'question2', 'label', 'indexes'],
        num_rows: 109154
    })
    validation: Dataset({
        features: ['question1', 'question2', 'label', 'indexes'],
        num_rows: 40430
    })
    test: Dataset({
        features: ['question1', 'question2', 'label', 'indexes'],
        num_rows: 390965
    })
})
[Train] Epoch:   0, Total: 109154, Accuracy : 0.8131, Loss: 0.2175
[Eval] Epoch:   0, Total:  40430, Accuracy : 0.8704, Loss: 0.3048
[Train] Epoch:   1, Total: 109154, Accuracy : 0.8803, Loss: 0.3058
[Eval] Epoch:   1, Total:  40430, Accuracy : 0.8789, Loss: 0.2967
[Train] Epoch:   2, Total: 109154, Accuracy : 0.9047, Loss: 0.1676
[Eval] Epoch:   2, Total:  40430, Accuracy : 0.8838, Loss: 0.3541
[Train] Epoch:   3, Total: 109154, Accuracy : 0.9238, Loss: 0.1375
[Eval] Epoch:   3, Total:  40430, Accuracy : 0.8863, Loss: 0.3350
[Train] Epoch:   4, Total: 109154, Accuracy : 0.9396, Loss: 0.1399
[Eval] Epoch:   4, Total:  40430, Accuracy : 0.8915, Loss: 0.3417
[Train] Epoch:   5, Total: 109154, Accuracy : 0.9499, Loss: 0.1895
[Eval] Epoch:   5, Total:  40430, Accuracy : 0.8903, Loss: 0.3971
[Train] Epoch:   6, Total: 109154, Accuracy : 0.9597, Loss: 0.0917
[Eval] Epoch:   6, Total:  40430, Accuracy : 0.8904, Loss: 0.4530
[Train] Epoch:   7, Total: 109154, Accuracy : 0.9649, Loss: 0.1642
[Eval] Epoch:   7, Total:  40430, Accuracy : 0.8921, Loss: 0.4794
[Train] Epoch:   8, Total: 109154, Accuracy : 0.9688, Loss: 0.1177
[Eval] Epoch:   8, Total:  40430, Accuracy : 0.8920, Loss: 0.5000
[Train] Epoch:   9, Total: 109154, Accuracy : 0.9699, Loss: 0.0656
[Eval] Epoch:   9, Total:  40430, Accuracy : 0.8920, Loss: 0.4998
[Train] Epoch:  10, Total: 109154, Accuracy : 0.9579, Loss: 0.0666
[Eval] Epoch:  10, Total:  40430, Accuracy : 0.8895, Loss: 0.4427
[Train] Epoch:  11, Total: 109154, Accuracy : 0.9630, Loss: 0.0940
[Eval] Epoch:  11, Total:  40430, Accuracy : 0.8860, Loss: 0.4730
[Train] Epoch:  12, Total: 109154, Accuracy : 0.9696, Loss: 0.0927
[Eval] Epoch:  12, Total:  40430, Accuracy : 0.8919, Loss: 0.4597
[Train] Epoch:  13, Total: 109154, Accuracy : 0.9761, Loss: 0.0896
[Eval] Epoch:  13, Total:  40430, Accuracy : 0.8897, Loss: 0.5231
[Train] Epoch:  14, Total: 109154, Accuracy : 0.9811, Loss: 0.0884
[Eval] Epoch:  14, Total:  40430, Accuracy : 0.8916, Loss: 0.5929
[Train] Epoch:  15, Total: 109154, Accuracy : 0.9859, Loss: 0.0784
[Eval] Epoch:  15, Total:  40430, Accuracy : 0.8921, Loss: 0.5903
[Train] Epoch:  16, Total: 109154, Accuracy : 0.9886, Loss: 0.0354
[Eval] Epoch:  16, Total:  40430, Accuracy : 0.8942, Loss: 0.6448
[Train] Epoch:  17, Total: 109154, Accuracy : 0.9910, Loss: 0.0095
[Eval] Epoch:  17, Total:  40430, Accuracy : 0.8948, Loss: 0.6536
[Train] Epoch:  18, Total: 109154, Accuracy : 0.9925, Loss: 0.0101
[Eval] Epoch:  18, Total:  40430, Accuracy : 0.8949, Loss: 0.6993
[Train] Epoch:  19, Total: 109154, Accuracy : 0.9932, Loss: 0.0038
[Eval] Epoch:  19, Total:  40430, Accuracy : 0.8947, Loss: 0.7098
{"epoch":[1,2,3,4,5,6,7,8,9,10,11,12,13,14,15,16,17,18,19,20],"train_loss":[0.3869348944489794,0.2761126570665306,0.22627807923306906,0.1865709132800616,0.15355120599269867,0.1287770176467767,0.10611111019024805,0.09300745128538346,0.08397626733315773,0.08029865454315302,0.11043952710804392,0.09764272717004359,0.08085791763590007,0.06499482389426064,0.05181074968432305,0.039534892227099355,0.03199435226113232,0.02592784017149961,0.021725701862309276,0.019807746813281395],"eval_loss":[0.2921535155818432,0.27400899753917624,0.27766486549679237,0.2871742664447314,0.2805262348508533,0.31136270301251473,0.33488520149943196,0.35718084353057644,0.3751614171115658,0.3745135362201099,0.34856472541637057,0.3717897263697431,0.3876734526851509,0.4022243891524363,0.4598020209541804,0.49903577999978127,0.5215418846169605,0.5442156431418431,0.574686028534853,0.5822275260204002],"train_acc":[0.8130714403503307,0.8803158839804314,0.9046942851384283,0.9238323836048152,0.9395624530479872,0.9499239606427616,0.9597357861370174,0.9648661524085237,0.9688330249005992,0.9699323891016363,0.9578851897319384,0.9629697491617348,0.9696025798413251,0.9761071513641277,0.9810726130054785,0.9858914927533576,0.9885849350458985,0.9909760521831541,0.99248767795958,0.9931656192168863],"eval_acc":[0.8704427405392036,0.8788770714815731,0.8837991590403166,0.886272569873856,0.8914667326242889,0.8902547613158546,0.8904279000742024,0.8920850853326737,0.8920108830076676,0.892035617116003,0.8894880039574573,0.886025228790502,0.8918872124659906,0.8896858768241405,0.8916398713826367,0.8921098194410092,0.8941874845411822,0.8947811031412317,0.8948553054662379,0.8946821667078901]}
[Eval] Epoch:  11, Total:  40430, Accuracy : 0.8947, Loss: 0.7098
40430 36172 91.99194911122322
