pruned_1_0.3_model_0
DatasetDict({
    train: Dataset({
        features: ['question1', 'question2', 'label', 'indexes'],
        num_rows: 109155
    })
    validation: Dataset({
        features: ['question1', 'question2', 'label', 'indexes'],
        num_rows: 40430
    })
    test: Dataset({
        features: ['question1', 'question2', 'label', 'indexes'],
        num_rows: 390965
    })
})
[Train] Epoch:   0, Total: 109155, Accuracy : 0.8118, Loss: 0.2868
[Eval] Epoch:   0, Total:  40430, Accuracy : 0.8686, Loss: 0.2994
[Train] Epoch:   1, Total: 109155, Accuracy : 0.8821, Loss: 0.2924
[Eval] Epoch:   1, Total:  40430, Accuracy : 0.8829, Loss: 0.3001
[Train] Epoch:   2, Total: 109155, Accuracy : 0.9054, Loss: 0.2131
[Eval] Epoch:   2, Total:  40430, Accuracy : 0.8874, Loss: 0.2574
[Train] Epoch:   3, Total: 109155, Accuracy : 0.9255, Loss: 0.1270
[Eval] Epoch:   3, Total:  40430, Accuracy : 0.8887, Loss: 0.2691
[Train] Epoch:   4, Total: 109155, Accuracy : 0.9404, Loss: 0.0840
[Eval] Epoch:   4, Total:  40430, Accuracy : 0.8907, Loss: 0.2972
[Train] Epoch:   5, Total: 109155, Accuracy : 0.9525, Loss: 0.1496
[Eval] Epoch:   5, Total:  40430, Accuracy : 0.8913, Loss: 0.3659
[Train] Epoch:   6, Total: 109155, Accuracy : 0.9611, Loss: 0.1017
[Eval] Epoch:   6, Total:  40430, Accuracy : 0.8950, Loss: 0.3738
[Train] Epoch:   7, Total: 109155, Accuracy : 0.9666, Loss: 0.0820
[Eval] Epoch:   7, Total:  40430, Accuracy : 0.8928, Loss: 0.3871
[Train] Epoch:   8, Total: 109155, Accuracy : 0.9700, Loss: 0.1401
[Eval] Epoch:   8, Total:  40430, Accuracy : 0.8942, Loss: 0.4214
[Train] Epoch:   9, Total: 109155, Accuracy : 0.9720, Loss: 0.0952
[Eval] Epoch:   9, Total:  40430, Accuracy : 0.8938, Loss: 0.4231
[Train] Epoch:  10, Total: 109155, Accuracy : 0.9601, Loss: 0.0949
[Eval] Epoch:  10, Total:  40430, Accuracy : 0.8904, Loss: 0.3554
[Train] Epoch:  11, Total: 109155, Accuracy : 0.9639, Loss: 0.0683
[Eval] Epoch:  11, Total:  40430, Accuracy : 0.8935, Loss: 0.4208
[Train] Epoch:  12, Total: 109155, Accuracy : 0.9709, Loss: 0.0250
[Eval] Epoch:  12, Total:  40430, Accuracy : 0.8880, Loss: 0.4418
[Train] Epoch:  13, Total: 109155, Accuracy : 0.9773, Loss: 0.0219
[Eval] Epoch:  13, Total:  40430, Accuracy : 0.8924, Loss: 0.4808
[Train] Epoch:  14, Total: 109155, Accuracy : 0.9827, Loss: 0.0269
[Eval] Epoch:  14, Total:  40430, Accuracy : 0.8929, Loss: 0.4659
[Train] Epoch:  15, Total: 109155, Accuracy : 0.9863, Loss: 0.0636
[Eval] Epoch:  15, Total:  40430, Accuracy : 0.8952, Loss: 0.5374
[Train] Epoch:  16, Total: 109155, Accuracy : 0.9885, Loss: 0.0127
[Eval] Epoch:  16, Total:  40430, Accuracy : 0.8935, Loss: 0.6283
[Train] Epoch:  17, Total: 109155, Accuracy : 0.9912, Loss: 0.0094
[Eval] Epoch:  17, Total:  40430, Accuracy : 0.8944, Loss: 0.5922
[Train] Epoch:  18, Total: 109155, Accuracy : 0.9925, Loss: 0.0194
[Eval] Epoch:  18, Total:  40430, Accuracy : 0.8953, Loss: 0.6494
[Train] Epoch:  19, Total: 109155, Accuracy : 0.9931, Loss: 0.0023
[Eval] Epoch:  19, Total:  40430, Accuracy : 0.8957, Loss: 0.6549
{"epoch":[1,2,3,4,5,6,7,8,9,10,11,12,13,14,15,16,17,18,19,20],"train_loss":[0.38977654323644884,0.27159266582138364,0.22403045783835776,0.18499922412131375,0.1510031344739838,0.12554986628352618,0.10370226768859656,0.09104431191987121,0.08266344032221991,0.0775902019399251,0.10660384516002702,0.09639073550631347,0.07854268114481654,0.06347991949257024,0.04976538787007035,0.03986623669937427,0.032278279988727676,0.026192942760182452,0.022516909969285723,0.020752558372075073],"eval_loss":[0.29555957236244706,0.2753460389337962,0.2643489859338048,0.2777615271603005,0.28113126801916316,0.3177683405295203,0.32964757848766785,0.3527122751066956,0.36723603062991855,0.37003776544257055,0.3316155805995193,0.3454055960608434,0.38904147585736043,0.42997301926341236,0.45707783423647097,0.4806158135208902,0.5055942654232436,0.5101432698436931,0.5549917637924605,0.5573846256431145],"train_acc":[0.8117539279006917,0.8821034309010123,0.9054005771609179,0.9255279190142458,0.9404424900371032,0.952452933901333,0.961055379964271,0.9666162796024003,0.9700334386881041,0.9720031148367001,0.9601484128074756,0.9638678942787778,0.9709404058448995,0.9772983372268792,0.982685172461179,0.9863038798039485,0.9885483944849068,0.9911776831111722,0.9924785854976867,0.9931473592597683],"eval_acc":[0.8686124165223844,0.8829087311402424,0.8873856047489488,0.8887212465990602,0.8906999752658916,0.8912688597576057,0.8950284442245857,0.8927529062577294,0.8941627504328469,0.8938412070244868,0.8903784318575315,0.8935196636161267,0.8880286915656691,0.8924313628493693,0.8929260450160772,0.8952263170912689,0.8934701953994558,0.8944348256245362,0.8953252535246105,0.8957457333663121]}
[Eval] Epoch:  11, Total:  40430, Accuracy : 0.8957, Loss: 0.6549
40430 36215 88.06677085161209
