pruned_3_0.2_model_0
DatasetDict({
    train: Dataset({
        features: ['question1', 'question2', 'label', 'indexes'],
        num_rows: 72769
    })
    validation: Dataset({
        features: ['question1', 'question2', 'label', 'indexes'],
        num_rows: 40430
    })
    test: Dataset({
        features: ['question1', 'question2', 'label', 'indexes'],
        num_rows: 390965
    })
})
[Train] Epoch:   0, Total:  72769, Accuracy : 0.7814, Loss: 0.4009
[Eval] Epoch:   0, Total:  40430, Accuracy : 0.8512, Loss: 0.3179
[Train] Epoch:   1, Total:  72769, Accuracy : 0.8614, Loss: 0.3524
[Eval] Epoch:   1, Total:  40430, Accuracy : 0.8687, Loss: 0.3237
[Train] Epoch:   2, Total:  72769, Accuracy : 0.8912, Loss: 0.2749
[Eval] Epoch:   2, Total:  40430, Accuracy : 0.8761, Loss: 0.3209
[Train] Epoch:   3, Total:  72769, Accuracy : 0.9135, Loss: 0.1675
[Eval] Epoch:   3, Total:  40430, Accuracy : 0.8773, Loss: 0.3410
[Train] Epoch:   4, Total:  72769, Accuracy : 0.9292, Loss: 0.1832
[Eval] Epoch:   4, Total:  40430, Accuracy : 0.8809, Loss: 0.3543
[Train] Epoch:   5, Total:  72769, Accuracy : 0.9419, Loss: 0.0917
[Eval] Epoch:   5, Total:  40430, Accuracy : 0.8831, Loss: 0.3447
[Train] Epoch:   6, Total:  72769, Accuracy : 0.9521, Loss: 0.0524
[Eval] Epoch:   6, Total:  40430, Accuracy : 0.8845, Loss: 0.4096
[Train] Epoch:   7, Total:  72769, Accuracy : 0.9583, Loss: 0.0384
[Eval] Epoch:   7, Total:  40430, Accuracy : 0.8839, Loss: 0.4225
[Train] Epoch:   8, Total:  72769, Accuracy : 0.9623, Loss: 0.0664
[Eval] Epoch:   8, Total:  40430, Accuracy : 0.8833, Loss: 0.4424
[Train] Epoch:   9, Total:  72769, Accuracy : 0.9640, Loss: 0.0342
[Eval] Epoch:   9, Total:  40430, Accuracy : 0.8836, Loss: 0.4396
[Train] Epoch:  10, Total:  72769, Accuracy : 0.9513, Loss: 0.3034
[Eval] Epoch:  10, Total:  40430, Accuracy : 0.8795, Loss: 0.4134
[Train] Epoch:  11, Total:  72769, Accuracy : 0.9570, Loss: 0.0962
[Eval] Epoch:  11, Total:  40430, Accuracy : 0.8812, Loss: 0.4082
[Train] Epoch:  12, Total:  72769, Accuracy : 0.9656, Loss: 0.0477
[Eval] Epoch:  12, Total:  40430, Accuracy : 0.8802, Loss: 0.4237
[Train] Epoch:  13, Total:  72769, Accuracy : 0.9721, Loss: 0.0342
[Eval] Epoch:  13, Total:  40430, Accuracy : 0.8838, Loss: 0.4388
[Train] Epoch:  14, Total:  72769, Accuracy : 0.9783, Loss: 0.0304
[Eval] Epoch:  14, Total:  40430, Accuracy : 0.8832, Loss: 0.5154
[Train] Epoch:  15, Total:  72769, Accuracy : 0.9822, Loss: 0.0155
[Eval] Epoch:  15, Total:  40430, Accuracy : 0.8833, Loss: 0.5252
[Train] Epoch:  16, Total:  72769, Accuracy : 0.9858, Loss: 0.0101
[Eval] Epoch:  16, Total:  40430, Accuracy : 0.8842, Loss: 0.6007
[Train] Epoch:  17, Total:  72769, Accuracy : 0.9887, Loss: 0.0028
[Eval] Epoch:  17, Total:  40430, Accuracy : 0.8837, Loss: 0.6174
[Train] Epoch:  18, Total:  72769, Accuracy : 0.9908, Loss: 0.0454
[Eval] Epoch:  18, Total:  40430, Accuracy : 0.8841, Loss: 0.6600
[Train] Epoch:  19, Total:  72769, Accuracy : 0.9912, Loss: 0.0061
[Eval] Epoch:  19, Total:  40430, Accuracy : 0.8838, Loss: 0.6619
{"epoch":[1,2,3,4,5,6,7,8,9,10,11,12,13,14,15,16,17,18,19,20],"train_loss":[0.4448708498687075,0.3172916359545892,0.2608598330564666,0.2153255126455374,0.1818153182404083,0.1529861131781026,0.12938868236123469,0.11405480315810755,0.1053655471848814,0.10018054297880123,0.13014546187039008,0.11536622759804391,0.09419245031057742,0.07809394718262187,0.06231294328575594,0.05150313375419692,0.040355788540552585,0.03298505216902285,0.02798327774201569,0.02659161852656357],"eval_loss":[0.34071894555906707,0.3136620049989676,0.2930131263182133,0.30451019240331045,0.31783954535104053,0.3250747772900364,0.3607146432505378,0.37895479458796827,0.39659846932450427,0.39536992422764816,0.3786838386632219,0.3824096978465213,0.3959392925983743,0.4112850333316417,0.4781753478359573,0.4862218223795106,0.5453424423555785,0.559834905251672,0.590760063710092,0.5926507245513457],"train_acc":[0.7813904272423697,0.8613695392268685,0.8911761876623288,0.9134658989404829,0.9291868790281576,0.9419395621762015,0.9521224697329908,0.9583339059214776,0.9623053772897799,0.9639544311451305,0.951270458574393,0.9570421470681196,0.9655897428850198,0.9721309898445767,0.9783011996866797,0.9821902183622147,0.9857631683821407,0.9886764968599266,0.9908477511028048,0.9912187882202587],"eval_acc":[0.8511996042542667,0.8686866188473905,0.8761315854563443,0.8772693544397725,0.8809300024734108,0.8830818698985902,0.8845411822903785,0.8838733613653228,0.8833044768736087,0.8835518179569627,0.8795201582982933,0.8811526094484294,0.8802127133316844,0.8837744249319812,0.8831808063319317,0.883255008656938,0.8842196388820183,0.8837249567153104,0.8841454365570122,0.8838486272569874]}
[Eval] Epoch:  11, Total:  40430, Accuracy : 0.8838, Loss: 0.6619
40430 35734 93.63881447911263
