random_0.05_model_0
DatasetDict({
    train: Dataset({
        features: ['question1', 'question2', 'label', 'indexes'],
        num_rows: 18192
    })
    validation: Dataset({
        features: ['question1', 'question2', 'label', 'indexes'],
        num_rows: 40430
    })
    test: Dataset({
        features: ['question1', 'question2', 'label', 'indexes'],
        num_rows: 390965
    })
})
[Train] Epoch:   0, Total:  18192, Accuracy : 0.6644, Loss: 0.3556
[Eval] Epoch:   0, Total:  40430, Accuracy : 0.8006, Loss: 0.4324
[Train] Epoch:   1, Total:  18192, Accuracy : 0.8172, Loss: 0.6216
[Eval] Epoch:   1, Total:  40430, Accuracy : 0.8319, Loss: 0.3786
[Train] Epoch:   2, Total:  18192, Accuracy : 0.8637, Loss: 0.1968
[Eval] Epoch:   2, Total:  40430, Accuracy : 0.8512, Loss: 0.3462
[Train] Epoch:   3, Total:  18192, Accuracy : 0.8915, Loss: 0.1770
[Eval] Epoch:   3, Total:  40430, Accuracy : 0.8562, Loss: 0.4033
[Train] Epoch:   4, Total:  18192, Accuracy : 0.9120, Loss: 0.0820
[Eval] Epoch:   4, Total:  40430, Accuracy : 0.8573, Loss: 0.4232
[Train] Epoch:   5, Total:  18192, Accuracy : 0.9306, Loss: 0.1950
[Eval] Epoch:   5, Total:  40430, Accuracy : 0.8542, Loss: 0.4324
[Train] Epoch:   6, Total:  18192, Accuracy : 0.9408, Loss: 0.0673
[Eval] Epoch:   6, Total:  40430, Accuracy : 0.8563, Loss: 0.4570
[Train] Epoch:   7, Total:  18192, Accuracy : 0.9496, Loss: 0.0862
[Eval] Epoch:   7, Total:  40430, Accuracy : 0.8615, Loss: 0.4935
[Train] Epoch:   8, Total:  18192, Accuracy : 0.9562, Loss: 0.0101
[Eval] Epoch:   8, Total:  40430, Accuracy : 0.8613, Loss: 0.4981
[Train] Epoch:   9, Total:  18192, Accuracy : 0.9588, Loss: 0.0297
[Eval] Epoch:   9, Total:  40430, Accuracy : 0.8621, Loss: 0.4963
[Train] Epoch:  10, Total:  18192, Accuracy : 0.9497, Loss: 0.2026
[Eval] Epoch:  10, Total:  40430, Accuracy : 0.8563, Loss: 0.4089
[Train] Epoch:  11, Total:  18192, Accuracy : 0.9530, Loss: 0.0515
[Eval] Epoch:  11, Total:  40430, Accuracy : 0.8572, Loss: 0.4389
[Train] Epoch:  12, Total:  18192, Accuracy : 0.9626, Loss: 0.0617
[Eval] Epoch:  12, Total:  40430, Accuracy : 0.8568, Loss: 0.5277
[Train] Epoch:  13, Total:  18192, Accuracy : 0.9696, Loss: 0.3624
[Eval] Epoch:  13, Total:  40430, Accuracy : 0.8597, Loss: 0.5599
[Train] Epoch:  14, Total:  18192, Accuracy : 0.9756, Loss: 0.0104
[Eval] Epoch:  14, Total:  40430, Accuracy : 0.8574, Loss: 0.5088
[Train] Epoch:  15, Total:  18192, Accuracy : 0.9807, Loss: 0.0191
[Eval] Epoch:  15, Total:  40430, Accuracy : 0.8596, Loss: 0.6015
[Train] Epoch:  16, Total:  18192, Accuracy : 0.9848, Loss: 0.0108
[Eval] Epoch:  16, Total:  40430, Accuracy : 0.8599, Loss: 0.6274
[Train] Epoch:  17, Total:  18192, Accuracy : 0.9875, Loss: 0.0097
[Eval] Epoch:  17, Total:  40430, Accuracy : 0.8607, Loss: 0.6165
[Train] Epoch:  18, Total:  18192, Accuracy : 0.9893, Loss: 0.0905
[Eval] Epoch:  18, Total:  40430, Accuracy : 0.8615, Loss: 0.6633
[Train] Epoch:  19, Total:  18192, Accuracy : 0.9885, Loss: 0.0304
[Eval] Epoch:  19, Total:  40430, Accuracy : 0.8617, Loss: 0.6649
{"epoch":[1,2,3,4,5,6,7,8,9,10,11,12,13,14,15,16,17,18,19,20],"train_loss":[0.593573628200425,0.394148637023237,0.310239108486308,0.2578399738089906,0.21496126428246498,0.181610480364826,0.15793755422863695,0.1359370309445593,0.12050473079499271,0.11695610229960746,0.13698722158248225,0.12730935588479042,0.10909817926585674,0.09446824186791976,0.07429120261480825,0.06041445070877671,0.050226686134313546,0.04258192502634807,0.038282678850616016,0.03834793601547264],"eval_loss":[0.4164130259541017,0.3629483188254924,0.3392833791013005,0.34366106213648107,0.3699364841361589,0.3847511610652827,0.4028687252651287,0.4359099705573879,0.4392667387293864,0.4414816247888758,0.3669511988947663,0.433882454339462,0.46436711372453954,0.5097793763196921,0.5013646570187581,0.5583364439161518,0.5771790597634979,0.5876090034276624,0.6180300403244888,0.6187796185288248],"train_acc":[0.6643579595426561,0.8171723834652594,0.8637313104661389,0.8915457343887423,0.9119942832014072,0.9305738786279684,0.9407981530343008,0.9496481970096746,0.9562445030782761,0.9588280562884784,0.949703166226913,0.9530013192612137,0.9626209322779243,0.9696020228671943,0.9755936675461742,0.9807058047493403,0.984773526824978,0.9875219876868954,0.9893359718557607,0.9885114335971856],"eval_acc":[0.8006183527083849,0.8319069997526589,0.8511996042542667,0.8562206282463517,0.8573089290131091,0.8542171654711848,0.8562948305713579,0.8614642592134554,0.8613405886717784,0.8621073460301756,0.8562700964630225,0.8572347266881029,0.8568389809547365,0.8596586693049716,0.8573583972297799,0.8596339351966361,0.8599307444966608,0.860746970071729,0.8615384615384616,0.8616621320801385]}
[Eval] Epoch:  11, Total:  40430, Accuracy : 0.8617, Loss: 0.6649
40430 34837 97.76717972755432
