random_0.03_model_0
DatasetDict({
    train: Dataset({
        features: ['question1', 'question2', 'label', 'indexes'],
        num_rows: 10915
    })
    validation: Dataset({
        features: ['question1', 'question2', 'label', 'indexes'],
        num_rows: 40430
    })
    test: Dataset({
        features: ['question1', 'question2', 'label', 'indexes'],
        num_rows: 390965
    })
})
[Train] Epoch:   0, Total:  10915, Accuracy : 0.6204, Loss: 0.6451
[Eval] Epoch:   0, Total:  40430, Accuracy : 0.6318, Loss: 0.5836
[Train] Epoch:   1, Total:  10915, Accuracy : 0.7536, Loss: 0.3730
[Eval] Epoch:   1, Total:  40430, Accuracy : 0.8269, Loss: 0.4078
[Train] Epoch:   2, Total:  10915, Accuracy : 0.8391, Loss: 0.3257
[Eval] Epoch:   2, Total:  40430, Accuracy : 0.8390, Loss: 0.3767
[Train] Epoch:   3, Total:  10915, Accuracy : 0.8737, Loss: 0.3452
[Eval] Epoch:   3, Total:  40430, Accuracy : 0.8333, Loss: 0.4184
[Train] Epoch:   4, Total:  10915, Accuracy : 0.8985, Loss: 0.2557
[Eval] Epoch:   4, Total:  40430, Accuracy : 0.8458, Loss: 0.4179
[Train] Epoch:   5, Total:  10915, Accuracy : 0.9205, Loss: 0.1961
[Eval] Epoch:   5, Total:  40430, Accuracy : 0.8523, Loss: 0.4375
[Train] Epoch:   6, Total:  10915, Accuracy : 0.9347, Loss: 0.1423
[Eval] Epoch:   6, Total:  40430, Accuracy : 0.8551, Loss: 0.4805
[Train] Epoch:   7, Total:  10915, Accuracy : 0.9489, Loss: 0.1129
[Eval] Epoch:   7, Total:  40430, Accuracy : 0.8536, Loss: 0.5020
[Train] Epoch:   8, Total:  10915, Accuracy : 0.9529, Loss: 0.0795
[Eval] Epoch:   8, Total:  40430, Accuracy : 0.8546, Loss: 0.5115
[Train] Epoch:   9, Total:  10915, Accuracy : 0.9560, Loss: 0.1095
[Eval] Epoch:   9, Total:  40430, Accuracy : 0.8543, Loss: 0.5214
[Train] Epoch:  10, Total:  10915, Accuracy : 0.9539, Loss: 0.1457
[Eval] Epoch:  10, Total:  40430, Accuracy : 0.8491, Loss: 0.5386
[Train] Epoch:  11, Total:  10915, Accuracy : 0.9501, Loss: 0.0953
[Eval] Epoch:  11, Total:  40430, Accuracy : 0.8462, Loss: 0.5831
[Train] Epoch:  12, Total:  10915, Accuracy : 0.9617, Loss: 0.0895
[Eval] Epoch:  12, Total:  40430, Accuracy : 0.8472, Loss: 0.5800
[Train] Epoch:  13, Total:  10915, Accuracy : 0.9669, Loss: 0.1133
[Eval] Epoch:  13, Total:  40430, Accuracy : 0.8550, Loss: 0.6089
[Train] Epoch:  14, Total:  10915, Accuracy : 0.9757, Loss: 0.0848
[Eval] Epoch:  14, Total:  40430, Accuracy : 0.8536, Loss: 0.6407
[Train] Epoch:  15, Total:  10915, Accuracy : 0.9810, Loss: 0.0542
[Eval] Epoch:  15, Total:  40430, Accuracy : 0.8541, Loss: 0.6843
[Train] Epoch:  16, Total:  10915, Accuracy : 0.9860, Loss: 0.0709
[Eval] Epoch:  16, Total:  40430, Accuracy : 0.8547, Loss: 0.7296
[Train] Epoch:  17, Total:  10915, Accuracy : 0.9873, Loss: 0.1021
[Eval] Epoch:  17, Total:  40430, Accuracy : 0.8548, Loss: 0.7322
[Train] Epoch:  18, Total:  10915, Accuracy : 0.9891, Loss: 0.0291
[Eval] Epoch:  18, Total:  40430, Accuracy : 0.8547, Loss: 0.7318
[Train] Epoch:  19, Total:  10915, Accuracy : 0.9902, Loss: 0.0124
[Eval] Epoch:  19, Total:  40430, Accuracy : 0.8550, Loss: 0.7301
{"epoch":[1,2,3,4,5,6,7,8,9,10,11,12,13,14,15,16,17,18,19,20],"train_loss":[0.6592650053113006,0.46842559271080547,0.3543631628502247,0.29357080993264223,0.2447747504988382,0.20191162720669148,0.1705244812507962,0.13978235978026723,0.1290338656236959,0.12007011906352154,0.1288145967694216,0.13025221263253411,0.10671705449389857,0.09153640018992645,0.06894945136682931,0.05503339220791362,0.043536296027690866,0.03841910743002975,0.03424327128545143,0.031060150467119244],"eval_loss":[0.570476240372356,0.3712041564757311,0.3505694198457501,0.4052344096612327,0.38618805966799774,0.39894041683100445,0.4187773269943044,0.4444291446405121,0.44929996981650966,0.4582964085702655,0.4617292671641217,0.5156183337108998,0.5003133882072908,0.5358227249942248,0.587145215725597,0.6138615142318267,0.6479680055304419,0.6574884811534157,0.658980977308901,0.6569062043217164],"train_acc":[0.620430600091617,0.7535501603298214,0.839120476408612,0.8736601007787449,0.8984883188273018,0.9204764086120019,0.9346770499312872,0.9488776912505726,0.9529088410444343,0.9560238204306001,0.9539166284928997,0.9500687127805771,0.9617040769583143,0.9669262482821804,0.9757214841960604,0.9810352725606963,0.9859825927622538,0.9872652313330279,0.9890975721484196,0.9901969766376546],"eval_acc":[0.6318327974276527,0.8269354439772446,0.8390056888449171,0.8333415780361118,0.8457581004204798,0.8523126391293594,0.855107593371259,0.8536482809794707,0.8546376453128864,0.8543408360128617,0.8490724709374227,0.8461538461538461,0.8471926787039328,0.8550333910462528,0.8536235468711353,0.8541429631461785,0.854736581746228,0.8547860499628989,0.8546871135295573,0.8550086569379174]}
[Eval] Epoch:  11, Total:  40430, Accuracy : 0.8550, Loss: 0.7301
40430 34568 103.79118028283119
