random_0.02_model_0
DatasetDict({
    train: Dataset({
        features: ['question1', 'question2', 'label', 'indexes'],
        num_rows: 7277
    })
    validation: Dataset({
        features: ['question1', 'question2', 'label', 'indexes'],
        num_rows: 40430
    })
    test: Dataset({
        features: ['question1', 'question2', 'label', 'indexes'],
        num_rows: 390965
    })
})
[Train] Epoch:   0, Total:   7277, Accuracy : 0.6345, Loss: 0.6809
[Eval] Epoch:   0, Total:  40430, Accuracy : 0.6318, Loss: 0.6442
[Train] Epoch:   1, Total:   7277, Accuracy : 0.6696, Loss: 0.5028
[Eval] Epoch:   1, Total:  40430, Accuracy : 0.7877, Loss: 0.4379
[Train] Epoch:   2, Total:   7277, Accuracy : 0.8088, Loss: 0.3656
[Eval] Epoch:   2, Total:  40430, Accuracy : 0.8022, Loss: 0.4606
[Train] Epoch:   3, Total:   7277, Accuracy : 0.8480, Loss: 0.3581
[Eval] Epoch:   3, Total:  40430, Accuracy : 0.8344, Loss: 0.4059
[Train] Epoch:   4, Total:   7277, Accuracy : 0.8821, Loss: 0.2715
[Eval] Epoch:   4, Total:  40430, Accuracy : 0.8418, Loss: 0.3874
[Train] Epoch:   5, Total:   7277, Accuracy : 0.9022, Loss: 0.2431
[Eval] Epoch:   5, Total:  40430, Accuracy : 0.8380, Loss: 0.4091
[Train] Epoch:   6, Total:   7277, Accuracy : 0.9166, Loss: 0.1915
[Eval] Epoch:   6, Total:  40430, Accuracy : 0.8394, Loss: 0.4322
[Train] Epoch:   7, Total:   7277, Accuracy : 0.9314, Loss: 0.2427
[Eval] Epoch:   7, Total:  40430, Accuracy : 0.8423, Loss: 0.4522
[Train] Epoch:   8, Total:   7277, Accuracy : 0.9416, Loss: 0.2213
[Eval] Epoch:   8, Total:  40430, Accuracy : 0.8421, Loss: 0.4720
[Train] Epoch:   9, Total:   7277, Accuracy : 0.9463, Loss: 0.0979
[Eval] Epoch:   9, Total:  40430, Accuracy : 0.8429, Loss: 0.4834
[Train] Epoch:  10, Total:   7277, Accuracy : 0.9457, Loss: 0.3307
[Eval] Epoch:  10, Total:  40430, Accuracy : 0.8010, Loss: 0.5962
[Train] Epoch:  11, Total:   7277, Accuracy : 0.9261, Loss: 0.1021
[Eval] Epoch:  11, Total:  40430, Accuracy : 0.8327, Loss: 0.6038
[Train] Epoch:  12, Total:   7277, Accuracy : 0.9461, Loss: 0.0913
[Eval] Epoch:  12, Total:  40430, Accuracy : 0.8366, Loss: 0.5123
[Train] Epoch:  13, Total:   7277, Accuracy : 0.9607, Loss: 0.1325
[Eval] Epoch:  13, Total:  40430, Accuracy : 0.8361, Loss: 0.6259
[Train] Epoch:  14, Total:   7277, Accuracy : 0.9654, Loss: 0.0349
[Eval] Epoch:  14, Total:  40430, Accuracy : 0.8425, Loss: 0.5696
[Train] Epoch:  15, Total:   7277, Accuracy : 0.9747, Loss: 0.0468
[Eval] Epoch:  15, Total:  40430, Accuracy : 0.8405, Loss: 0.5928
[Train] Epoch:  16, Total:   7277, Accuracy : 0.9782, Loss: 0.1277
[Eval] Epoch:  16, Total:  40430, Accuracy : 0.8433, Loss: 0.6497
[Train] Epoch:  17, Total:   7277, Accuracy : 0.9809, Loss: 0.0527
[Eval] Epoch:  17, Total:  40430, Accuracy : 0.8427, Loss: 0.6239
[Train] Epoch:  18, Total:   7277, Accuracy : 0.9810, Loss: 0.1219
[Eval] Epoch:  18, Total:  40430, Accuracy : 0.8425, Loss: 0.6461
[Train] Epoch:  19, Total:   7277, Accuracy : 0.9854, Loss: 0.0639
[Eval] Epoch:  19, Total:  40430, Accuracy : 0.8425, Loss: 0.6499
{"epoch":[1,2,3,4,5,6,7,8,9,10,11,12,13,14,15,16,17,18,19,20],"train_loss":[0.6650511026382446,0.5537031796471826,0.4111110722196513,0.34059863974308147,0.2905487700782973,0.2460318536593996,0.21010849239497348,0.18255142456498638,0.161094021437497,0.14776963149679118,0.16018461230499992,0.1876594753100954,0.14469495081696018,0.11689481293332987,0.10278889639624234,0.07741432855355329,0.07350618565647767,0.06303003931353832,0.06016628739648852,0.05031699192678106],"eval_loss":[0.6378442335732376,0.42979494906678983,0.43719508131093615,0.38619517223744454,0.37458345067651966,0.38453199007088623,0.427180024264734,0.439091448542438,0.4540987129830107,0.46049528823623176,0.5707584921317764,0.5647510020415994,0.5124882910447784,0.5848852665741232,0.5547870556010476,0.5651873708525791,0.6051380343829529,0.5873677257118346,0.6062937103494813,0.6090738611130775],"train_acc":[0.6344647519582245,0.669644084100591,0.808849800742064,0.8480142916036828,0.8820942696166002,0.9021574824790436,0.916586505428061,0.9314277861756218,0.9415968118730246,0.9462690669231826,0.9457193898584582,0.9260684347945582,0.9461316476570015,0.9606980898722001,0.9653703449223581,0.9747148550226742,0.9781503366772022,0.9808987220008245,0.9810361412670057,0.9854335577848015],"eval_acc":[0.6318327974276527,0.7877318822656443,0.8021518674251793,0.8343804105861984,0.841751174870146,0.837991590403166,0.8394261686866189,0.8423447934701954,0.8421469206035123,0.8429384120702449,0.8009893643334158,0.8327232253277269,0.8366312144447192,0.8360870640613406,0.8425426663368786,0.8404650012367054,0.8433341578036112,0.8427405392035617,0.8424931981202077,0.8425179322285432]}
[Eval] Epoch:  11, Total:  40430, Accuracy : 0.8425, Loss: 0.6499
40430 34063 96.23367005586624
