pruned_1_0.1_model_0
DatasetDict({
    train: Dataset({
        features: ['question1', 'question2', 'label', 'indexes'],
        num_rows: 36391
    })
    validation: Dataset({
        features: ['question1', 'question2', 'label', 'indexes'],
        num_rows: 40430
    })
    test: Dataset({
        features: ['question1', 'question2', 'label', 'indexes'],
        num_rows: 390965
    })
})
[Train] Epoch:   0, Total:  36391, Accuracy : 0.7160, Loss: 0.3309
[Eval] Epoch:   0, Total:  40430, Accuracy : 0.8409, Loss: 0.3676
[Train] Epoch:   1, Total:  36391, Accuracy : 0.8517, Loss: 0.3664
[Eval] Epoch:   1, Total:  40430, Accuracy : 0.8567, Loss: 0.3491
[Train] Epoch:   2, Total:  36391, Accuracy : 0.8819, Loss: 0.2398
[Eval] Epoch:   2, Total:  40430, Accuracy : 0.8636, Loss: 0.3463
[Train] Epoch:   3, Total:  36391, Accuracy : 0.9048, Loss: 0.2590
[Eval] Epoch:   3, Total:  40430, Accuracy : 0.8703, Loss: 0.3737
[Train] Epoch:   4, Total:  36391, Accuracy : 0.9265, Loss: 0.1131
[Eval] Epoch:   4, Total:  40430, Accuracy : 0.8697, Loss: 0.4106
[Train] Epoch:   5, Total:  36391, Accuracy : 0.9403, Loss: 0.0858
[Eval] Epoch:   5, Total:  40430, Accuracy : 0.8651, Loss: 0.4554
[Train] Epoch:   6, Total:  36391, Accuracy : 0.9518, Loss: 0.1194
[Eval] Epoch:   6, Total:  40430, Accuracy : 0.8701, Loss: 0.4863
[Train] Epoch:   7, Total:  36391, Accuracy : 0.9590, Loss: 0.0805
[Eval] Epoch:   7, Total:  40430, Accuracy : 0.8743, Loss: 0.4905
[Train] Epoch:   8, Total:  36391, Accuracy : 0.9633, Loss: 0.0262
[Eval] Epoch:   8, Total:  40430, Accuracy : 0.8727, Loss: 0.5131
[Train] Epoch:   9, Total:  36391, Accuracy : 0.9660, Loss: 0.1514
[Eval] Epoch:   9, Total:  40430, Accuracy : 0.8742, Loss: 0.5181
[Train] Epoch:  10, Total:  36391, Accuracy : 0.9529, Loss: 0.0510
[Eval] Epoch:  10, Total:  40430, Accuracy : 0.8696, Loss: 0.5175
[Train] Epoch:  11, Total:  36391, Accuracy : 0.9582, Loss: 0.0646
[Eval] Epoch:  11, Total:  40430, Accuracy : 0.8707, Loss: 0.5321
[Train] Epoch:  12, Total:  36391, Accuracy : 0.9669, Loss: 0.0646
[Eval] Epoch:  12, Total:  40430, Accuracy : 0.8691, Loss: 0.4761
[Train] Epoch:  13, Total:  36391, Accuracy : 0.9733, Loss: 0.0824
[Eval] Epoch:  13, Total:  40430, Accuracy : 0.8719, Loss: 0.5845
[Train] Epoch:  14, Total:  36391, Accuracy : 0.9798, Loss: 0.0418
[Eval] Epoch:  14, Total:  40430, Accuracy : 0.8711, Loss: 0.5797
[Train] Epoch:  15, Total:  36391, Accuracy : 0.9835, Loss: 0.0732
[Eval] Epoch:  15, Total:  40430, Accuracy : 0.8723, Loss: 0.6366
[Train] Epoch:  16, Total:  36391, Accuracy : 0.9868, Loss: 0.0054
[Eval] Epoch:  16, Total:  40430, Accuracy : 0.8731, Loss: 0.6783
[Train] Epoch:  17, Total:  36391, Accuracy : 0.9895, Loss: 0.0008
[Eval] Epoch:  17, Total:  40430, Accuracy : 0.8725, Loss: 0.7192
[Train] Epoch:  18, Total:  36391, Accuracy : 0.9920, Loss: 0.0292
[Eval] Epoch:  18, Total:  40430, Accuracy : 0.8735, Loss: 0.7459
[Train] Epoch:  19, Total:  36391, Accuracy : 0.9915, Loss: 0.0270
[Eval] Epoch:  19, Total:  40430, Accuracy : 0.8734, Loss: 0.7478
{"epoch":[1,2,3,4,5,6,7,8,9,10,11,12,13,14,15,16,17,18,19,20],"train_loss":[0.5058337795984494,0.3302439299079922,0.2743249451155429,0.2257735353041362,0.18305326779405554,0.1521196765499515,0.12678627148791627,0.1095273973276982,0.09772272783142703,0.09189650932183632,0.12465852644893673,0.10928188209662905,0.09182110157879916,0.07429948217281095,0.05662027262542006,0.04673011829568581,0.03793823837556622,0.030924672761140717,0.02479646090659072,0.02520275091055546],"eval_loss":[0.3430712290957004,0.31527396338649943,0.3126138900465603,0.3201230615377426,0.3464933256559734,0.384250749044026,0.4038742390237277,0.40696759653996817,0.42259607813026334,0.42552858157248435,0.41461514464662047,0.42351956797551504,0.4032367242476608,0.4838621044837976,0.5178224114300329,0.5677226366876047,0.5771720586698267,0.6144955307245255,0.6426883222936075,0.6406774028569837],"train_acc":[0.71602868841197,0.8517215795114177,0.8818663955373581,0.9047566706053695,0.9264653348355363,0.9402599543843257,0.9518012695446676,0.9589733725371657,0.9632601467395785,0.9659805995988019,0.9529279217388915,0.9582314308482867,0.9668874172185431,0.9733450578439724,0.9798026984694018,0.983484927591987,0.9868099255310379,0.9895303783902614,0.9920035173531917,0.991536368882416],"eval_acc":[0.840934949295078,0.8566905763047242,0.8635666584219639,0.8703190699975266,0.8697007172891418,0.8651001731387583,0.8700717289141726,0.8742517932228543,0.8727182785060599,0.8741775908978481,0.8695523126391294,0.8706900816225575,0.8690823645807568,0.871852584714321,0.8710858273559238,0.8722977986643582,0.8730892901310908,0.8724956715310414,0.8734603017561217,0.8734108335394509]}
[Eval] Epoch:  11, Total:  40430, Accuracy : 0.8734, Loss: 0.7478
40430 35312 101.22702965140343
