pruned_2_0.4_model_0
DatasetDict({
    train: Dataset({
        features: ['question1', 'question2', 'label', 'indexes'],
        num_rows: 145538
    })
    validation: Dataset({
        features: ['question1', 'question2', 'label', 'indexes'],
        num_rows: 40430
    })
    test: Dataset({
        features: ['question1', 'question2', 'label', 'indexes'],
        num_rows: 390965
    })
})
[Train] Epoch:   0, Total: 145538, Accuracy : 0.8421, Loss: 0.2695
[Eval] Epoch:   0, Total:  40430, Accuracy : 0.8685, Loss: 0.3533
[Train] Epoch:   1, Total: 145538, Accuracy : 0.9003, Loss: 0.2146
[Eval] Epoch:   1, Total:  40430, Accuracy : 0.8842, Loss: 0.3303
[Train] Epoch:   2, Total: 145538, Accuracy : 0.9224, Loss: 0.1516
[Eval] Epoch:   2, Total:  40430, Accuracy : 0.8911, Loss: 0.3480
[Train] Epoch:   3, Total: 145538, Accuracy : 0.9393, Loss: 0.0903
[Eval] Epoch:   3, Total:  40430, Accuracy : 0.8924, Loss: 0.4017
[Train] Epoch:   4, Total: 145538, Accuracy : 0.9523, Loss: 0.1512
[Eval] Epoch:   4, Total:  40430, Accuracy : 0.8914, Loss: 0.4014
[Train] Epoch:   5, Total: 145538, Accuracy : 0.9628, Loss: 0.1127
[Eval] Epoch:   5, Total:  40430, Accuracy : 0.8927, Loss: 0.4455
[Train] Epoch:   6, Total: 145538, Accuracy : 0.9699, Loss: 0.0517
[Eval] Epoch:   6, Total:  40430, Accuracy : 0.8931, Loss: 0.4979
[Train] Epoch:   7, Total: 145538, Accuracy : 0.9753, Loss: 0.0784
[Eval] Epoch:   7, Total:  40430, Accuracy : 0.8937, Loss: 0.5275
[Train] Epoch:   8, Total: 145538, Accuracy : 0.9779, Loss: 0.0247
[Eval] Epoch:   8, Total:  40430, Accuracy : 0.8943, Loss: 0.5426
[Train] Epoch:   9, Total: 145538, Accuracy : 0.9787, Loss: 0.0727
[Eval] Epoch:   9, Total:  40430, Accuracy : 0.8945, Loss: 0.5481
[Train] Epoch:  10, Total: 145538, Accuracy : 0.9674, Loss: 0.1497
[Eval] Epoch:  10, Total:  40430, Accuracy : 0.8910, Loss: 0.4458
[Train] Epoch:  11, Total: 145538, Accuracy : 0.9719, Loss: 0.1370
[Eval] Epoch:  11, Total:  40430, Accuracy : 0.8899, Loss: 0.4770
[Train] Epoch:  12, Total: 145538, Accuracy : 0.9776, Loss: 0.0581
[Eval] Epoch:  12, Total:  40430, Accuracy : 0.8931, Loss: 0.5828
[Train] Epoch:  13, Total: 145538, Accuracy : 0.9822, Loss: 0.0552
[Eval] Epoch:  13, Total:  40430, Accuracy : 0.8927, Loss: 0.5395
[Train] Epoch:  14, Total: 145538, Accuracy : 0.9861, Loss: 0.0459
[Eval] Epoch:  14, Total:  40430, Accuracy : 0.8925, Loss: 0.6668
[Train] Epoch:  15, Total: 145538, Accuracy : 0.9894, Loss: 0.0188
[Eval] Epoch:  15, Total:  40430, Accuracy : 0.8945, Loss: 0.7389
[Train] Epoch:  16, Total: 145538, Accuracy : 0.9920, Loss: 0.0050
[Eval] Epoch:  16, Total:  40430, Accuracy : 0.8946, Loss: 0.7810
[Train] Epoch:  17, Total: 145538, Accuracy : 0.9934, Loss: 0.0022
[Eval] Epoch:  17, Total:  40430, Accuracy : 0.8949, Loss: 0.8693
[Train] Epoch:  18, Total: 145538, Accuracy : 0.9946, Loss: 0.0007
[Eval] Epoch:  18, Total:  40430, Accuracy : 0.8952, Loss: 0.9188
[Train] Epoch:  19, Total: 145538, Accuracy : 0.9953, Loss: 0.0157
[Eval] Epoch:  19, Total:  40430, Accuracy : 0.8953, Loss: 0.9181
{"epoch":[1,2,3,4,5,6,7,8,9,10,11,12,13,14,15,16,17,18,19,20],"train_loss":[0.32591621520125386,0.2265173984275761,0.18401815488227433,0.14955945864241235,0.12056755899125955,0.0982604010295784,0.08046093465586852,0.06769535858478717,0.06093976669576549,0.05780409873579424,0.08443348604354267,0.07541837107868102,0.061997525570734104,0.04977638024005299,0.03834189300675776,0.031041888945272784,0.024232985668075854,0.019715526085576085,0.015470574471525854,0.013599453382447741],"eval_loss":[0.2979158719506445,0.2740015066877196,0.26524902116271515,0.28678298402058927,0.29155122498168223,0.3216954072630858,0.34634929537018644,0.37280865437999555,0.38697495122876346,0.39018054278213765,0.3288855697912506,0.3655744668426393,0.3963878834738007,0.39131970071717154,0.4636254635038255,0.4990359639065175,0.545071727301501,0.5896634302939041,0.6225417331804203,0.6256032884120941],"train_acc":[0.8421305775811129,0.9002872102131402,0.9223845318748368,0.9393010760076406,0.9522805040607951,0.9628275776773076,0.9698704118512004,0.9753397738047795,0.9779164204537647,0.9786584946886724,0.9674311863568278,0.971904244939466,0.9776072228558864,0.9822177025931372,0.9861479476150559,0.9894391842680262,0.9919883466860888,0.9934175266940592,0.9946062196814578,0.9953482939163655],"eval_acc":[0.8685134800890428,0.8842196388820183,0.8910709868909226,0.8923571605243631,0.8914172644076181,0.8926539698243878,0.8930744496660895,0.8936928023744743,0.8943111550828593,0.8944595597328716,0.8910462527825872,0.8899332179074945,0.8931486519910957,0.8926539698243878,0.89248083106604,0.8945090279495425,0.894607964382884,0.8948553054662379,0.895176848874598,0.8953252535246105]}
[Eval] Epoch:  11, Total:  40430, Accuracy : 0.8953, Loss: 0.9181
40430 36198 98.84531956911087
