pruned_2_0.2_model_0
DatasetDict({
    train: Dataset({
        features: ['question1', 'question2', 'label', 'indexes'],
        num_rows: 72769
    })
    validation: Dataset({
        features: ['question1', 'question2', 'label', 'indexes'],
        num_rows: 40430
    })
    test: Dataset({
        features: ['question1', 'question2', 'label', 'indexes'],
        num_rows: 390965
    })
})
[Train] Epoch:   0, Total:  72769, Accuracy : 0.8505, Loss: 0.1589
[Eval] Epoch:   0, Total:  40430, Accuracy : 0.8440, Loss: 0.3930
[Train] Epoch:   1, Total:  72769, Accuracy : 0.9204, Loss: 0.1073
[Eval] Epoch:   1, Total:  40430, Accuracy : 0.8582, Loss: 0.3567
[Train] Epoch:   2, Total:  72769, Accuracy : 0.9372, Loss: 0.0674
[Eval] Epoch:   2, Total:  40430, Accuracy : 0.8655, Loss: 0.3837
[Train] Epoch:   3, Total:  72769, Accuracy : 0.9536, Loss: 0.0693
[Eval] Epoch:   3, Total:  40430, Accuracy : 0.8678, Loss: 0.4535
[Train] Epoch:   4, Total:  72769, Accuracy : 0.9667, Loss: 0.1465
[Eval] Epoch:   4, Total:  40430, Accuracy : 0.8644, Loss: 0.4674
[Train] Epoch:   5, Total:  72769, Accuracy : 0.9760, Loss: 0.0416
[Eval] Epoch:   5, Total:  40430, Accuracy : 0.8648, Loss: 0.5553
[Train] Epoch:   6, Total:  72769, Accuracy : 0.9820, Loss: 0.0224
[Eval] Epoch:   6, Total:  40430, Accuracy : 0.8656, Loss: 0.6048
[Train] Epoch:   7, Total:  72769, Accuracy : 0.9860, Loss: 0.0778
[Eval] Epoch:   7, Total:  40430, Accuracy : 0.8657, Loss: 0.5851
[Train] Epoch:   8, Total:  72769, Accuracy : 0.9876, Loss: 0.0081
[Eval] Epoch:   8, Total:  40430, Accuracy : 0.8644, Loss: 0.6460
[Train] Epoch:   9, Total:  72769, Accuracy : 0.9891, Loss: 0.0050
[Eval] Epoch:   9, Total:  40430, Accuracy : 0.8651, Loss: 0.6424
[Train] Epoch:  10, Total:  72769, Accuracy : 0.9807, Loss: 0.0093
[Eval] Epoch:  10, Total:  40430, Accuracy : 0.8580, Loss: 0.6531
[Train] Epoch:  11, Total:  72769, Accuracy : 0.9819, Loss: 0.0415
[Eval] Epoch:  11, Total:  40430, Accuracy : 0.8614, Loss: 0.5272
[Train] Epoch:  12, Total:  72769, Accuracy : 0.9851, Loss: 0.1068
[Eval] Epoch:  12, Total:  40430, Accuracy : 0.8595, Loss: 0.6892
[Train] Epoch:  13, Total:  72769, Accuracy : 0.9889, Loss: 0.0308
[Eval] Epoch:  13, Total:  40430, Accuracy : 0.8600, Loss: 0.6148
[Train] Epoch:  14, Total:  72769, Accuracy : 0.9916, Loss: 0.0025
[Eval] Epoch:  14, Total:  40430, Accuracy : 0.8638, Loss: 0.6921
[Train] Epoch:  15, Total:  72769, Accuracy : 0.9934, Loss: 0.0021
[Eval] Epoch:  15, Total:  40430, Accuracy : 0.8646, Loss: 0.6992
[Train] Epoch:  16, Total:  72769, Accuracy : 0.9948, Loss: 0.0016
[Eval] Epoch:  16, Total:  40430, Accuracy : 0.8662, Loss: 0.7974
[Train] Epoch:  17, Total:  72769, Accuracy : 0.9962, Loss: 0.0004
[Eval] Epoch:  17, Total:  40430, Accuracy : 0.8654, Loss: 0.8547
[Train] Epoch:  18, Total:  72769, Accuracy : 0.9969, Loss: 0.0001
[Eval] Epoch:  18, Total:  40430, Accuracy : 0.8671, Loss: 0.9180
[Train] Epoch:  19, Total:  72769, Accuracy : 0.9972, Loss: 0.0016
[Eval] Epoch:  19, Total:  40430, Accuracy : 0.8674, Loss: 0.9073
{"epoch":[1,2,3,4,5,6,7,8,9,10,11,12,13,14,15,16,17,18,19,20],"train_loss":[0.29666996880581503,0.17804493864900187,0.14441157914044564,0.11390649621423922,0.08588646686913674,0.06487080845655056,0.050858868955912295,0.0423047285265567,0.03608051700876993,0.033076680879713154,0.053721411447775994,0.05119637913609806,0.041618007666578416,0.032287762145789566,0.02655575666249844,0.02089190722806706,0.016274677461887335,0.01254932051749181,0.010017864805546164,0.009901622219803629],"eval_loss":[0.3484520774476136,0.314454762618753,0.3157829788478115,0.36015483859596376,0.3617539430343652,0.42742208476308025,0.4753809045009975,0.48610595528838,0.5239054819073858,0.5276422815609582,0.47777206441269643,0.46945246412784236,0.5277232242913186,0.5394083619872226,0.6208112019149563,0.610152075562296,0.7111318362287328,0.7809762700071817,0.8188714002129398,0.8170779941579963],"train_acc":[0.8505407522434003,0.9203781830174937,0.9372260165729912,0.9536066182028061,0.9666891121219201,0.9759787821737278,0.9820253129766796,0.9860242685759045,0.9876458382003326,0.9891025024392255,0.9807335541233217,0.9818741497066058,0.9850760626090781,0.9888688864763842,0.99156234110679,0.9933900424631368,0.9947779961247234,0.9962209182481552,0.9969492503676016,0.9971966084459042],"eval_acc":[0.8440267128370023,0.8581993569131833,0.8655206529804601,0.8677714568389809,0.8644076181053673,0.864828097947069,0.8655701211971308,0.8656937917388078,0.8643828839970319,0.8650507049220876,0.8579520158298294,0.8613653227801138,0.8594607964382884,0.8600296809300024,0.8637892653969824,0.8646054909720504,0.8661637397971803,0.8654217165471185,0.8670789018055899,0.86740044521395]}
[Eval] Epoch:  11, Total:  40430, Accuracy : 0.8674, Loss: 0.9073
40430 35069 129.09832307696342
