pruned_2_0.1_model_0
DatasetDict({
    train: Dataset({
        features: ['question1', 'question2', 'label', 'indexes'],
        num_rows: 36384
    })
    validation: Dataset({
        features: ['question1', 'question2', 'label', 'indexes'],
        num_rows: 40430
    })
    test: Dataset({
        features: ['question1', 'question2', 'label', 'indexes'],
        num_rows: 390965
    })
})
[Train] Epoch:   0, Total:  36384, Accuracy : 0.8506, Loss: 0.1734
[Eval] Epoch:   0, Total:  40430, Accuracy : 0.7895, Loss: 0.6234
[Train] Epoch:   1, Total:  36384, Accuracy : 0.9608, Loss: 0.0844
[Eval] Epoch:   1, Total:  40430, Accuracy : 0.8024, Loss: 0.6476
[Train] Epoch:   2, Total:  36384, Accuracy : 0.9713, Loss: 0.1858
[Eval] Epoch:   2, Total:  40430, Accuracy : 0.8198, Loss: 0.5766
[Train] Epoch:   3, Total:  36384, Accuracy : 0.9819, Loss: 0.0416
[Eval] Epoch:   3, Total:  40430, Accuracy : 0.8194, Loss: 0.5628
[Train] Epoch:   4, Total:  36384, Accuracy : 0.9890, Loss: 0.1094
[Eval] Epoch:   4, Total:  40430, Accuracy : 0.8215, Loss: 0.6613
[Train] Epoch:   5, Total:  36384, Accuracy : 0.9911, Loss: 0.0217
[Eval] Epoch:   5, Total:  40430, Accuracy : 0.8086, Loss: 0.7990
[Train] Epoch:   6, Total:  36384, Accuracy : 0.9940, Loss: 0.0015
[Eval] Epoch:   6, Total:  40430, Accuracy : 0.8094, Loss: 0.8242
[Train] Epoch:   7, Total:  36384, Accuracy : 0.9966, Loss: 0.0007
[Eval] Epoch:   7, Total:  40430, Accuracy : 0.8165, Loss: 0.9109
[Train] Epoch:   8, Total:  36384, Accuracy : 0.9969, Loss: 0.0008
[Eval] Epoch:   8, Total:  40430, Accuracy : 0.8190, Loss: 0.9226
[Train] Epoch:   9, Total:  36384, Accuracy : 0.9973, Loss: 0.0018
[Eval] Epoch:   9, Total:  40430, Accuracy : 0.8204, Loss: 0.8982
[Train] Epoch:  10, Total:  36384, Accuracy : 0.9931, Loss: 0.1046
[Eval] Epoch:  10, Total:  40430, Accuracy : 0.8102, Loss: 0.7619
[Train] Epoch:  11, Total:  36384, Accuracy : 0.9923, Loss: 0.0013
[Eval] Epoch:  11, Total:  40430, Accuracy : 0.7940, Loss: 1.0442
[Train] Epoch:  12, Total:  36384, Accuracy : 0.9941, Loss: 0.0016
[Eval] Epoch:  12, Total:  40430, Accuracy : 0.8146, Loss: 0.9494
[Train] Epoch:  13, Total:  36384, Accuracy : 0.9951, Loss: 0.0003
[Eval] Epoch:  13, Total:  40430, Accuracy : 0.8061, Loss: 1.0111
[Train] Epoch:  14, Total:  36384, Accuracy : 0.9973, Loss: 0.0048
[Eval] Epoch:  14, Total:  40430, Accuracy : 0.8067, Loss: 1.1426
[Train] Epoch:  15, Total:  36384, Accuracy : 0.9979, Loss: 0.0052
[Eval] Epoch:  15, Total:  40430, Accuracy : 0.8112, Loss: 1.0767
[Train] Epoch:  16, Total:  36384, Accuracy : 0.9984, Loss: 0.0002
[Eval] Epoch:  16, Total:  40430, Accuracy : 0.8168, Loss: 1.0568
[Train] Epoch:  17, Total:  36384, Accuracy : 0.9989, Loss: 0.0009
[Eval] Epoch:  17, Total:  40430, Accuracy : 0.8184, Loss: 1.1015
[Train] Epoch:  18, Total:  36384, Accuracy : 0.9990, Loss: 0.0001
[Eval] Epoch:  18, Total:  40430, Accuracy : 0.8187, Loss: 1.1376
[Train] Epoch:  19, Total:  36384, Accuracy : 0.9993, Loss: 0.0001
[Eval] Epoch:  19, Total:  40430, Accuracy : 0.8198, Loss: 1.1243
{"epoch":[1,2,3,4,5,6,7,8,9,10,11,12,13,14,15,16,17,18,19,20],"train_loss":[0.2746479725660561,0.0981815435461231,0.07421518147148036,0.052554082604112116,0.03522074232008178,0.02870267377580171,0.020299131343779447,0.013680255274985221,0.012558653174046348,0.010904920217418275,0.024175029229275048,0.024318859249376202,0.01902579034310668,0.01612022439778255,0.009880127210635692,0.00728395304321458,0.005960048021009058,0.0036181118303174773,0.0036325119510073204,0.002811638313757542],"eval_loss":[0.5154876825930197,0.520273337069946,0.4684323215786415,0.48700222165524204,0.6073008008018325,0.710284179901775,0.7699577823469911,0.8462809535521495,0.8554692219329786,0.8434941149965117,0.7602650117647799,0.9405488217178779,0.9265783602678324,0.9888485247575785,1.0541278697267364,1.08248680679104,1.0785097751436354,1.1463047020797488,1.160402850636953,1.1533571628830102],"train_acc":[0.8506486367634125,0.9608344327176781,0.9713335532102023,0.9818876429199648,0.9889786719437115,0.9910949868073878,0.9939533861037819,0.9965919085312225,0.9968667546174143,0.9972515391380826,0.9931013632365875,0.9923317941952506,0.9941457783641161,0.9950527704485488,0.9972790237467019,0.9979111697449429,0.9983509234828496,0.998900615655233,0.9989830694810906,0.9992579155672823],"eval_acc":[0.7894880039574573,0.8023992085085333,0.819812020776651,0.8193915409349493,0.8215434083601286,0.8085827355923819,0.8093742270591145,0.8164729161513727,0.8190452634182538,0.8203561711600297,0.8101904526341825,0.7939896116744991,0.8146425921345536,0.8061340588671778,0.8066534751422211,0.811155082859263,0.8167697254513975,0.8184021766015335,0.818748454118229,0.8197625525599802]}
[Eval] Epoch:  11, Total:  40430, Accuracy : 0.8198, Loss: 1.1243
40430 33143 182.2304317355156
