random_0.4_model_0
DatasetDict({
    train: Dataset({
        features: ['question1', 'question2', 'label', 'indexes'],
        num_rows: 145538
    })
    validation: Dataset({
        features: ['question1', 'question2', 'label', 'indexes'],
        num_rows: 40430
    })
    test: Dataset({
        features: ['question1', 'question2', 'label', 'indexes'],
        num_rows: 390965
    })
})
[Train] Epoch:   0, Total: 145538, Accuracy : 0.8271, Loss: 0.3462
[Eval] Epoch:   0, Total:  40430, Accuracy : 0.8738, Loss: 0.3151
[Train] Epoch:   1, Total: 145538, Accuracy : 0.8874, Loss: 0.2668
[Eval] Epoch:   1, Total:  40430, Accuracy : 0.8859, Loss: 0.2897
[Train] Epoch:   2, Total: 145538, Accuracy : 0.9112, Loss: 0.2610
[Eval] Epoch:   2, Total:  40430, Accuracy : 0.8912, Loss: 0.3010
[Train] Epoch:   3, Total: 145538, Accuracy : 0.9288, Loss: 0.2109
[Eval] Epoch:   3, Total:  40430, Accuracy : 0.8926, Loss: 0.3092
[Train] Epoch:   4, Total: 145538, Accuracy : 0.9436, Loss: 0.1469
[Eval] Epoch:   4, Total:  40430, Accuracy : 0.8953, Loss: 0.3190
[Train] Epoch:   5, Total: 145538, Accuracy : 0.9546, Loss: 0.1824
[Eval] Epoch:   5, Total:  40430, Accuracy : 0.8962, Loss: 0.3546
[Train] Epoch:   6, Total: 145538, Accuracy : 0.9623, Loss: 0.1013
[Eval] Epoch:   6, Total:  40430, Accuracy : 0.8971, Loss: 0.3826
[Train] Epoch:   7, Total: 145538, Accuracy : 0.9685, Loss: 0.0678
[Eval] Epoch:   7, Total:  40430, Accuracy : 0.8959, Loss: 0.4014
[Train] Epoch:   8, Total: 145538, Accuracy : 0.9718, Loss: 0.0627
[Eval] Epoch:   8, Total:  40430, Accuracy : 0.8961, Loss: 0.4198
[Train] Epoch:   9, Total: 145538, Accuracy : 0.9731, Loss: 0.0550
[Eval] Epoch:   9, Total:  40430, Accuracy : 0.8965, Loss: 0.4292
[Train] Epoch:  10, Total: 145538, Accuracy : 0.9608, Loss: 0.1354
[Eval] Epoch:  10, Total:  40430, Accuracy : 0.8940, Loss: 0.3375
[Train] Epoch:  11, Total: 145538, Accuracy : 0.9657, Loss: 0.1370
[Eval] Epoch:  11, Total:  40430, Accuracy : 0.8945, Loss: 0.4317
[Train] Epoch:  12, Total: 145538, Accuracy : 0.9724, Loss: 0.0631
[Eval] Epoch:  12, Total:  40430, Accuracy : 0.8958, Loss: 0.4010
[Train] Epoch:  13, Total: 145538, Accuracy : 0.9778, Loss: 0.0388
[Eval] Epoch:  13, Total:  40430, Accuracy : 0.8966, Loss: 0.4129
[Train] Epoch:  14, Total: 145538, Accuracy : 0.9829, Loss: 0.0465
[Eval] Epoch:  14, Total:  40430, Accuracy : 0.8957, Loss: 0.4020
[Train] Epoch:  15, Total: 145538, Accuracy : 0.9864, Loss: 0.0444
[Eval] Epoch:  15, Total:  40430, Accuracy : 0.8974, Loss: 0.4996
[Train] Epoch:  16, Total: 145538, Accuracy : 0.9893, Loss: 0.0658
[Eval] Epoch:  16, Total:  40430, Accuracy : 0.8977, Loss: 0.6124
[Train] Epoch:  17, Total: 145538, Accuracy : 0.9921, Loss: 0.0358
[Eval] Epoch:  17, Total:  40430, Accuracy : 0.8990, Loss: 0.6294
[Train] Epoch:  18, Total: 145538, Accuracy : 0.9928, Loss: 0.0070
[Eval] Epoch:  18, Total:  40430, Accuracy : 0.8987, Loss: 0.6552
[Train] Epoch:  19, Total: 145538, Accuracy : 0.9936, Loss: 0.0019
[Eval] Epoch:  19, Total:  40430, Accuracy : 0.8989, Loss: 0.6690
{"epoch":[1,2,3,4,5,6,7,8,9,10,11,12,13,14,15,16,17,18,19,20],"train_loss":[0.36402722931285314,0.2598637902621435,0.21312914099969846,0.1749127529993627,0.14249339232283442,0.1184270300547247,0.09882045182381448,0.0847298651377168,0.07677390617244796,0.07304388513831137,0.10201622773557639,0.09117074206026242,0.07512252857361926,0.061333662758275266,0.04785633607323957,0.03752237266610477,0.029178583615595353,0.02244132696953725,0.020356125653224633,0.0187604051988256],"eval_loss":[0.28667538650805435,0.259915808145004,0.26253380569853363,0.2739530490546287,0.2848791331995892,0.301636083971096,0.32565169470219674,0.34323618278095996,0.360999106794973,0.36510856374155115,0.3167540459315988,0.37534288958280904,0.3865614532481266,0.38318696080506603,0.38732789994417866,0.45974503797066363,0.5449481193400636,0.5560129511205456,0.5766780385865441,0.585900920101359],"train_acc":[0.827076090093309,0.8874452033145982,0.9111709656584535,0.928754002391128,0.9436435844933969,0.9545616952273633,0.962250408827935,0.9684893292473443,0.9717943080157759,0.9730791958114032,0.9607662603581195,0.9657340350973629,0.9724401874424549,0.9777515150682295,0.982884195193008,0.9863540793469747,0.9893429894597975,0.992077670436587,0.9928128736137641,0.9936030452527862],"eval_acc":[0.8737818451644819,0.8858768241404897,0.8911946574325995,0.8926045016077171,0.8953252535246105,0.8961909473163493,0.897056641108088,0.8959188721246599,0.8961167449913431,0.8965124907247094,0.8940143457828346,0.8945090279495425,0.895795201582983,0.8965619589413801,0.8957209992579768,0.8973534504081128,0.8976997279248083,0.8990106356665842,0.8987138263665595,0.8988622310165718]}
[Eval] Epoch:  11, Total:  40430, Accuracy : 0.8989, Loss: 0.6690
40430 36341 92.57234537601471
