pruned_1_0.25_model_0
DatasetDict({
    train: Dataset({
        features: ['question1', 'question2', 'label', 'indexes'],
        num_rows: 90961
    })
    validation: Dataset({
        features: ['question1', 'question2', 'label', 'indexes'],
        num_rows: 40430
    })
    test: Dataset({
        features: ['question1', 'question2', 'label', 'indexes'],
        num_rows: 390965
    })
})
[Train] Epoch:   0, Total:  90961, Accuracy : 0.7951, Loss: 0.2750
[Eval] Epoch:   0, Total:  40430, Accuracy : 0.8660, Loss: 0.3188
[Train] Epoch:   1, Total:  90961, Accuracy : 0.8797, Loss: 0.2342
[Eval] Epoch:   1, Total:  40430, Accuracy : 0.8775, Loss: 0.3357
[Train] Epoch:   2, Total:  90961, Accuracy : 0.9034, Loss: 0.2648
[Eval] Epoch:   2, Total:  40430, Accuracy : 0.8827, Loss: 0.3567
[Train] Epoch:   3, Total:  90961, Accuracy : 0.9229, Loss: 0.1538
[Eval] Epoch:   3, Total:  40430, Accuracy : 0.8868, Loss: 0.3442
[Train] Epoch:   4, Total:  90961, Accuracy : 0.9394, Loss: 0.0749
[Eval] Epoch:   4, Total:  40430, Accuracy : 0.8869, Loss: 0.3760
[Train] Epoch:   5, Total:  90961, Accuracy : 0.9517, Loss: 0.1013
[Eval] Epoch:   5, Total:  40430, Accuracy : 0.8884, Loss: 0.4192
[Train] Epoch:   6, Total:  90961, Accuracy : 0.9605, Loss: 0.0823
[Eval] Epoch:   6, Total:  40430, Accuracy : 0.8870, Loss: 0.4661
[Train] Epoch:   7, Total:  90961, Accuracy : 0.9663, Loss: 0.0479
[Eval] Epoch:   7, Total:  40430, Accuracy : 0.8892, Loss: 0.4786
[Train] Epoch:   8, Total:  90961, Accuracy : 0.9703, Loss: 0.0418
[Eval] Epoch:   8, Total:  40430, Accuracy : 0.8892, Loss: 0.4907
[Train] Epoch:   9, Total:  90961, Accuracy : 0.9726, Loss: 0.0509
[Eval] Epoch:   9, Total:  40430, Accuracy : 0.8890, Loss: 0.5044
[Train] Epoch:  10, Total:  90961, Accuracy : 0.9598, Loss: 0.1727
[Eval] Epoch:  10, Total:  40430, Accuracy : 0.8859, Loss: 0.4386
[Train] Epoch:  11, Total:  90961, Accuracy : 0.9654, Loss: 0.0339
[Eval] Epoch:  11, Total:  40430, Accuracy : 0.8849, Loss: 0.4861
[Train] Epoch:  12, Total:  90961, Accuracy : 0.9724, Loss: 0.0865
[Eval] Epoch:  12, Total:  40430, Accuracy : 0.8885, Loss: 0.5229
[Train] Epoch:  13, Total:  90961, Accuracy : 0.9778, Loss: 0.0582
[Eval] Epoch:  13, Total:  40430, Accuracy : 0.8879, Loss: 0.6069
[Train] Epoch:  14, Total:  90961, Accuracy : 0.9831, Loss: 0.0571
[Eval] Epoch:  14, Total:  40430, Accuracy : 0.8873, Loss: 0.5707
[Train] Epoch:  15, Total:  90961, Accuracy : 0.9875, Loss: 0.0487
[Eval] Epoch:  15, Total:  40430, Accuracy : 0.8881, Loss: 0.6160
[Train] Epoch:  16, Total:  90961, Accuracy : 0.9899, Loss: 0.0100
[Eval] Epoch:  16, Total:  40430, Accuracy : 0.8895, Loss: 0.6468
[Train] Epoch:  17, Total:  90961, Accuracy : 0.9916, Loss: 0.0122
[Eval] Epoch:  17, Total:  40430, Accuracy : 0.8903, Loss: 0.6820
[Train] Epoch:  18, Total:  90961, Accuracy : 0.9934, Loss: 0.0861
[Eval] Epoch:  18, Total:  40430, Accuracy : 0.8894, Loss: 0.7368
[Train] Epoch:  19, Total:  90961, Accuracy : 0.9939, Loss: 0.0063
[Eval] Epoch:  19, Total:  40430, Accuracy : 0.8897, Loss: 0.7365
{"epoch":[1,2,3,4,5,6,7,8,9,10,11,12,13,14,15,16,17,18,19,20],"train_loss":[0.40037091088931215,0.27721988698572253,0.2293377582695377,0.18837286866782757,0.151279355974847,0.12415692908166165,0.10320268240704965,0.08903644275276011,0.07970950126208448,0.07448827619716693,0.10562300445574722,0.09097123113617803,0.07422031555324793,0.05930023932348141,0.04679913414521875,0.03676695974800066,0.030575592170228785,0.024522798374593466,0.0196368761630101,0.017948185079966494],"eval_loss":[0.3002278283238411,0.2964793168291261,0.28324627150085907,0.2944376782714566,0.2956585893525353,0.32244942686225797,0.3650343300232404,0.37418673527014407,0.38542985680359826,0.39790143053742905,0.3382494240244733,0.3929063260932512,0.4301127818754957,0.4678385566118397,0.4411076126219351,0.5356471993123428,0.5236080760442758,0.5546376773073703,0.6004179955660542,0.6013025539585307],"train_acc":[0.7951209859170414,0.8796847000362793,0.9033651784830862,0.9229340046833259,0.9394026011147635,0.9516606017963742,0.9604775673090665,0.966282252833632,0.9702509866866019,0.97259264959708,0.9597519816184958,0.9653807675817109,0.9723837688679764,0.9777596992117501,0.983113642110355,0.9874781499763635,0.9899297501126857,0.9916227833906839,0.9934037664493575,0.99390947768824],"eval_acc":[0.8659906010388325,0.8774672273064557,0.8827355923818946,0.8868167202572347,0.8869156566905763,0.8884244372990354,0.8869651249072471,0.8892406628741034,0.8891664605490972,0.8890180558990849,0.8858520900321544,0.8848627256987386,0.8884986396240415,0.8878555528073213,0.8872866683156072,0.8880534256740045,0.8895127380657927,0.8903042295325253,0.8893890675241157,0.8896611427158051]}
[Eval] Epoch:  11, Total:  40430, Accuracy : 0.8897, Loss: 0.7365
40430 35969 95.00580352544785
