pruned_1_0.03_model_0
DatasetDict({
    train: Dataset({
        features: ['question1', 'question2', 'label', 'indexes'],
        num_rows: 10918
    })
    validation: Dataset({
        features: ['question1', 'question2', 'label', 'indexes'],
        num_rows: 40430
    })
    test: Dataset({
        features: ['question1', 'question2', 'label', 'indexes'],
        num_rows: 390965
    })
})
[Train] Epoch:   0, Total:  10918, Accuracy : 0.6103, Loss: 0.5641
[Eval] Epoch:   0, Total:  40430, Accuracy : 0.6318, Loss: 0.5724
[Train] Epoch:   1, Total:  10918, Accuracy : 0.7655, Loss: 0.3802
[Eval] Epoch:   1, Total:  40430, Accuracy : 0.8241, Loss: 0.4277
[Train] Epoch:   2, Total:  10918, Accuracy : 0.8371, Loss: 0.3298
[Eval] Epoch:   2, Total:  40430, Accuracy : 0.8393, Loss: 0.3947
[Train] Epoch:   3, Total:  10918, Accuracy : 0.8666, Loss: 0.3118
[Eval] Epoch:   3, Total:  40430, Accuracy : 0.8450, Loss: 0.3642
[Train] Epoch:   4, Total:  10918, Accuracy : 0.8945, Loss: 0.3128
[Eval] Epoch:   4, Total:  40430, Accuracy : 0.8427, Loss: 0.3997
[Train] Epoch:   5, Total:  10918, Accuracy : 0.9128, Loss: 0.2808
[Eval] Epoch:   5, Total:  40430, Accuracy : 0.8436, Loss: 0.4059
[Train] Epoch:   6, Total:  10918, Accuracy : 0.9270, Loss: 0.1653
[Eval] Epoch:   6, Total:  40430, Accuracy : 0.8502, Loss: 0.4277
[Train] Epoch:   7, Total:  10918, Accuracy : 0.9352, Loss: 0.0861
[Eval] Epoch:   7, Total:  40430, Accuracy : 0.8492, Loss: 0.4344
[Train] Epoch:   8, Total:  10918, Accuracy : 0.9409, Loss: 0.1998
[Eval] Epoch:   8, Total:  40430, Accuracy : 0.8496, Loss: 0.4621
[Train] Epoch:   9, Total:  10918, Accuracy : 0.9472, Loss: 0.1752
[Eval] Epoch:   9, Total:  40430, Accuracy : 0.8492, Loss: 0.4546
[Train] Epoch:  10, Total:  10918, Accuracy : 0.9428, Loss: 0.1757
[Eval] Epoch:  10, Total:  40430, Accuracy : 0.8428, Loss: 0.4202
[Train] Epoch:  11, Total:  10918, Accuracy : 0.9441, Loss: 0.1743
[Eval] Epoch:  11, Total:  40430, Accuracy : 0.8447, Loss: 0.4426
[Train] Epoch:  12, Total:  10918, Accuracy : 0.9533, Loss: 0.1608
[Eval] Epoch:  12, Total:  40430, Accuracy : 0.8453, Loss: 0.5771
[Train] Epoch:  13, Total:  10918, Accuracy : 0.9602, Loss: 0.0939
[Eval] Epoch:  13, Total:  40430, Accuracy : 0.8487, Loss: 0.5045
[Train] Epoch:  14, Total:  10918, Accuracy : 0.9657, Loss: 0.0552
[Eval] Epoch:  14, Total:  40430, Accuracy : 0.8456, Loss: 0.5870
[Train] Epoch:  15, Total:  10918, Accuracy : 0.9771, Loss: 0.0564
[Eval] Epoch:  15, Total:  40430, Accuracy : 0.8448, Loss: 0.6467
[Train] Epoch:  16, Total:  10918, Accuracy : 0.9797, Loss: 0.1340
[Eval] Epoch:  16, Total:  40430, Accuracy : 0.8491, Loss: 0.6421
[Train] Epoch:  17, Total:  10918, Accuracy : 0.9869, Loss: 0.0235
[Eval] Epoch:  17, Total:  40430, Accuracy : 0.8490, Loss: 0.6936
[Train] Epoch:  18, Total:  10918, Accuracy : 0.9870, Loss: 0.0199
[Eval] Epoch:  18, Total:  40430, Accuracy : 0.8496, Loss: 0.6986
[Train] Epoch:  19, Total:  10918, Accuracy : 0.9886, Loss: 0.0211
[Eval] Epoch:  19, Total:  40430, Accuracy : 0.8495, Loss: 0.6930
{"epoch":[1,2,3,4,5,6,7,8,9,10,11,12,13,14,15,16,17,18,19,20],"train_loss":[0.6570427972216939,0.4590098345002463,0.36126041966815325,0.3060635640177616,0.2648473638434743,0.2229905267094457,0.191145658493042,0.16634667838035627,0.1558639899242756,0.1475882985910704,0.15509089411691176,0.15034197600081908,0.12500410249759986,0.10646801259975101,0.0919634030135565,0.06674357430013113,0.060373981591573984,0.04318668801597385,0.03943049286080654,0.03757281029640242],"eval_loss":[0.5441075995375838,0.37646814746947227,0.36302405199672605,0.34760586945693706,0.39021349934083,0.41143642082999027,0.4155881487870518,0.42135696565803094,0.4494160251526893,0.4402304459599,0.41207162583176093,0.46224438050125216,0.5544990336970438,0.5120646638583534,0.5428102923722207,0.6233329595644262,0.6035948314621479,0.6496323367840127,0.6603633540717861,0.6602380290816102],"train_acc":[0.6102766074372595,0.7655248213958601,0.8370580692434512,0.8666422421688954,0.894486169628137,0.9128045429565854,0.927001282286133,0.9352445502839348,0.9409232460157538,0.9471514929474263,0.9427550833485987,0.9441289613482323,0.9532881480124565,0.9601575380106246,0.9656530500091592,0.9771020333394395,0.9796666056054223,0.9869023630701593,0.9869939549368016,0.9885510166697198],"eval_acc":[0.6318327974276527,0.8241157556270097,0.8393272322532773,0.8449913430620826,0.8427158050952264,0.8436309671036359,0.8501855058125155,0.8491961414790997,0.849591887212466,0.8492456096957705,0.8428394756369033,0.8446945337620578,0.8452881523621073,0.8487014593123918,0.8455602275537967,0.8448429384120703,0.8490972050457581,0.8489735345040811,0.8496166213208014,0.8495424189957952]}
[Eval] Epoch:  11, Total:  40430, Accuracy : 0.8495, Loss: 0.6930
40430 34347 104.31760859489441
