pruned_2_0.005_model_0
DatasetDict({
    train: Dataset({
        features: ['question1', 'question2', 'label', 'indexes'],
        num_rows: 1819
    })
    validation: Dataset({
        features: ['question1', 'question2', 'label', 'indexes'],
        num_rows: 40430
    })
    test: Dataset({
        features: ['question1', 'question2', 'label', 'indexes'],
        num_rows: 390965
    })
})
[Train] Epoch:   0, Total:   1819, Accuracy : 0.8483, Loss: 0.6580
[Eval] Epoch:   0, Total:  40430, Accuracy : 0.3682, Loss: 0.7044
[Train] Epoch:   1, Total:   1819, Accuracy : 0.9923, Loss: 0.5529
[Eval] Epoch:   1, Total:  40430, Accuracy : 0.3682, Loss: 0.7381
[Train] Epoch:   2, Total:   1819, Accuracy : 0.9940, Loss: 0.3524
[Eval] Epoch:   2, Total:  40430, Accuracy : 0.3682, Loss: 0.8773
[Train] Epoch:   3, Total:   1819, Accuracy : 0.9940, Loss: 0.1677
[Eval] Epoch:   3, Total:  40430, Accuracy : 0.3682, Loss: 1.9577
[Train] Epoch:   4, Total:   1819, Accuracy : 0.9940, Loss: 0.0130
[Eval] Epoch:   4, Total:  40430, Accuracy : 0.3682, Loss: 3.0038
[Train] Epoch:   5, Total:   1819, Accuracy : 0.9940, Loss: 0.0042
[Eval] Epoch:   5, Total:  40430, Accuracy : 0.3682, Loss: 3.6540
[Train] Epoch:   6, Total:   1819, Accuracy : 0.9940, Loss: 0.0066
[Eval] Epoch:   6, Total:  40430, Accuracy : 0.3682, Loss: 3.3890
[Train] Epoch:   7, Total:   1819, Accuracy : 0.9940, Loss: 0.0073
[Eval] Epoch:   7, Total:  40430, Accuracy : 0.3682, Loss: 3.2162
[Train] Epoch:   8, Total:   1819, Accuracy : 0.9940, Loss: 0.0039
[Eval] Epoch:   8, Total:  40430, Accuracy : 0.3682, Loss: 3.6749
[Train] Epoch:   9, Total:   1819, Accuracy : 0.9940, Loss: 0.0052
[Eval] Epoch:   9, Total:  40430, Accuracy : 0.3682, Loss: 3.4575
[Train] Epoch:  10, Total:   1819, Accuracy : 0.9940, Loss: 0.0071
[Eval] Epoch:  10, Total:  40430, Accuracy : 0.3682, Loss: 3.3209
[Train] Epoch:  11, Total:   1819, Accuracy : 0.9940, Loss: 0.0050
[Eval] Epoch:  11, Total:  40430, Accuracy : 0.3682, Loss: 3.4756
[Train] Epoch:  12, Total:   1819, Accuracy : 0.9940, Loss: 0.0050
[Eval] Epoch:  12, Total:  40430, Accuracy : 0.3682, Loss: 3.4851
[Train] Epoch:  13, Total:   1819, Accuracy : 0.9940, Loss: 0.0054
[Eval] Epoch:  13, Total:  40430, Accuracy : 0.3682, Loss: 3.4001
[Train] Epoch:  14, Total:   1819, Accuracy : 0.9940, Loss: 0.0083
[Eval] Epoch:  14, Total:  40430, Accuracy : 0.3682, Loss: 3.5713
[Train] Epoch:  15, Total:   1819, Accuracy : 0.9940, Loss: 0.0044
[Eval] Epoch:  15, Total:  40430, Accuracy : 0.3682, Loss: 3.8977
[Train] Epoch:  16, Total:   1819, Accuracy : 0.9940, Loss: 0.0138
[Eval] Epoch:  16, Total:  40430, Accuracy : 0.3682, Loss: 3.7796
[Train] Epoch:  17, Total:   1819, Accuracy : 0.9940, Loss: 0.1870
[Eval] Epoch:  17, Total:  40430, Accuracy : 0.3682, Loss: 4.0104
[Train] Epoch:  18, Total:   1819, Accuracy : 0.9940, Loss: 0.0079
[Eval] Epoch:  18, Total:  40430, Accuracy : 0.3682, Loss: 3.9949
[Train] Epoch:  19, Total:   1819, Accuracy : 0.9940, Loss: 0.0039
[Eval] Epoch:  19, Total:  40430, Accuracy : 0.3682, Loss: 4.0003
{"epoch":[1,2,3,4,5,6,7,8,9,10,11,12,13,14,15,16,17,18,19,20],"train_loss":[0.6722150444984436,0.6059032902121544,0.4638666734099388,0.19967048056423664,0.04839419887866825,0.03436079423408955,0.033970574935665354,0.03452969389036298,0.03421992855146527,0.03402740473393351,0.03360238904133439,0.03284999477909878,0.03358037199359387,0.033165043336339295,0.0315533303655684,0.030853315140120685,0.02726416874793358,0.04498240354587324,0.019784808479016647,0.01982176973251626],"eval_loss":[0.7051957872094987,0.7408036800879466,0.8857296908958049,1.9866414190847663,3.051862618591212,3.711999531033673,3.4416504917265494,3.2714548458026935,3.7353865074206003,3.5148947088024283,3.3763099833379817,3.533600665345977,3.5432236375687998,3.457934186428408,3.6295279445527475,3.963010142121134,3.8351433096052725,4.083497522752496,4.0661952405036255,4.072295170796068],"train_acc":[0.8482682792743266,0.9923034634414514,0.9939527212754261,0.9939527212754261,0.9939527212754261,0.9939527212754261,0.9939527212754261,0.9939527212754261,0.9939527212754261,0.9939527212754261,0.9939527212754261,0.9939527212754261,0.9939527212754261,0.9939527212754261,0.9939527212754261,0.9939527212754261,0.9939527212754261,0.9939527212754261,0.9939527212754261,0.9939527212754261],"eval_acc":[0.36816720257234725,0.36816720257234725,0.36816720257234725,0.36816720257234725,0.36816720257234725,0.36816720257234725,0.36816720257234725,0.36816720257234725,0.36816720257234725,0.36816720257234725,0.36816720257234725,0.36816720257234725,0.36816720257234725,0.36816720257234725,0.36816720257234725,0.36816720257234725,0.36816720257234725,0.36816720257234725,0.36816720257234725,0.36816720257234725]}
[Eval] Epoch:  11, Total:  40430, Accuracy : 0.3682, Loss: 4.0003
40430 14885 643.4226369857788
