random_0.1_model_0
DatasetDict({
    train: Dataset({
        features: ['question1', 'question2', 'label', 'indexes'],
        num_rows: 36385
    })
    validation: Dataset({
        features: ['question1', 'question2', 'label', 'indexes'],
        num_rows: 40430
    })
    test: Dataset({
        features: ['question1', 'question2', 'label', 'indexes'],
        num_rows: 390965
    })
})
[Train] Epoch:   0, Total:  36385, Accuracy : 0.7212, Loss: 0.4633
[Eval] Epoch:   0, Total:  40430, Accuracy : 0.8389, Loss: 0.3695
[Train] Epoch:   1, Total:  36385, Accuracy : 0.8466, Loss: 0.3953
[Eval] Epoch:   1, Total:  40430, Accuracy : 0.8409, Loss: 0.3730
[Train] Epoch:   2, Total:  36385, Accuracy : 0.8780, Loss: 0.3816
[Eval] Epoch:   2, Total:  40430, Accuracy : 0.8642, Loss: 0.3795
[Train] Epoch:   3, Total:  36385, Accuracy : 0.8998, Loss: 0.2466
[Eval] Epoch:   3, Total:  40430, Accuracy : 0.8711, Loss: 0.3418
[Train] Epoch:   4, Total:  36385, Accuracy : 0.9222, Loss: 0.1975
[Eval] Epoch:   4, Total:  40430, Accuracy : 0.8743, Loss: 0.3801
[Train] Epoch:   5, Total:  36385, Accuracy : 0.9361, Loss: 0.1048
[Eval] Epoch:   5, Total:  40430, Accuracy : 0.8731, Loss: 0.4435
[Train] Epoch:   6, Total:  36385, Accuracy : 0.9464, Loss: 0.1321
[Eval] Epoch:   6, Total:  40430, Accuracy : 0.8722, Loss: 0.4659
[Train] Epoch:   7, Total:  36385, Accuracy : 0.9522, Loss: 0.0452
[Eval] Epoch:   7, Total:  40430, Accuracy : 0.8734, Loss: 0.5220
[Train] Epoch:   8, Total:  36385, Accuracy : 0.9569, Loss: 0.0606
[Eval] Epoch:   8, Total:  40430, Accuracy : 0.8735, Loss: 0.5339
[Train] Epoch:   9, Total:  36385, Accuracy : 0.9612, Loss: 0.0710
[Eval] Epoch:   9, Total:  40430, Accuracy : 0.8743, Loss: 0.5385
[Train] Epoch:  10, Total:  36385, Accuracy : 0.9502, Loss: 0.1597
[Eval] Epoch:  10, Total:  40430, Accuracy : 0.8700, Loss: 0.4792
[Train] Epoch:  11, Total:  36385, Accuracy : 0.9547, Loss: 0.1510
[Eval] Epoch:  11, Total:  40430, Accuracy : 0.8702, Loss: 0.4903
[Train] Epoch:  12, Total:  36385, Accuracy : 0.9652, Loss: 0.2585
[Eval] Epoch:  12, Total:  40430, Accuracy : 0.8646, Loss: 0.5809
[Train] Epoch:  13, Total:  36385, Accuracy : 0.9729, Loss: 0.0656
[Eval] Epoch:  13, Total:  40430, Accuracy : 0.8721, Loss: 0.5753
[Train] Epoch:  14, Total:  36385, Accuracy : 0.9753, Loss: 0.0563
[Eval] Epoch:  14, Total:  40430, Accuracy : 0.8721, Loss: 0.5705
[Train] Epoch:  15, Total:  36385, Accuracy : 0.9820, Loss: 0.0902
[Eval] Epoch:  15, Total:  40430, Accuracy : 0.8741, Loss: 0.6579
[Train] Epoch:  16, Total:  36385, Accuracy : 0.9870, Loss: 0.0533
[Eval] Epoch:  16, Total:  40430, Accuracy : 0.8735, Loss: 0.6662
[Train] Epoch:  17, Total:  36385, Accuracy : 0.9883, Loss: 0.0647
[Eval] Epoch:  17, Total:  40430, Accuracy : 0.8729, Loss: 0.7104
[Train] Epoch:  18, Total:  36385, Accuracy : 0.9897, Loss: 0.0027
[Eval] Epoch:  18, Total:  40430, Accuracy : 0.8736, Loss: 0.7232
[Train] Epoch:  19, Total:  36385, Accuracy : 0.9912, Loss: 0.0020
[Eval] Epoch:  19, Total:  40430, Accuracy : 0.8733, Loss: 0.7316
{"epoch":[1,2,3,4,5,6,7,8,9,10,11,12,13,14,15,16,17,18,19,20],"train_loss":[0.5004290521561683,0.3401695116833373,0.28250629668469196,0.23601085531128035,0.19596392802008383,0.16217290323514205,0.13896925466043966,0.1235389751154226,0.11295147787232498,0.10616913638435878,0.1301966089156124,0.11807536154047593,0.09718746311597891,0.07607026482847604,0.06626600851597902,0.05117780702201637,0.03901331505731686,0.034182220081948524,0.02924970872993288,0.02656200778234255],"eval_loss":[0.35222728720194174,0.3540094023263907,0.32279215705922887,0.30655483524256116,0.3254961043219023,0.3411554143398623,0.3673807406161405,0.3995205258266835,0.4062755387040633,0.4101895608856708,0.3689460221536552,0.4155574344758746,0.46954796944237964,0.4660633251636843,0.4672300711840014,0.5465266968630538,0.5721025557457646,0.6088063681050192,0.6209781716896009,0.6263840596509885],"train_acc":[0.7212312766249829,0.8465851312353992,0.8780266593376391,0.8998213549539645,0.9221657276350145,0.9361275250790161,0.9464064861893637,0.9521780953689707,0.956877834272365,0.9612202830836883,0.9501992579359626,0.9546516421602309,0.9651504740964684,0.9728734368558472,0.9753469836471074,0.9820255599835097,0.9870001374192662,0.9883193623746049,0.9896660711831798,0.9911776831111722],"eval_acc":[0.8388572841949048,0.8409102151867425,0.8641602770220134,0.8711105614642592,0.8743259955478605,0.8730892901310908,0.8722483304476873,0.8733613653227801,0.8735345040811279,0.8742517932228543,0.869972792480831,0.870220133564185,0.8646302250803859,0.8720751916893396,0.8720751916893396,0.8740539203561711,0.8735097699727925,0.872916151372743,0.8735839722977987,0.8733118971061093]}
[Eval] Epoch:  11, Total:  40430, Accuracy : 0.8733, Loss: 0.7316
40430 35308 98.96868142485619
