Downloading and preparing dataset glue/sst2 (download: 7.09 MiB, generated: 4.81 MiB, post-processed: Unknown size, total: 11.90 MiB) to /home/draj5/.cache/huggingface/datasets/glue/sst2/1.0.0/dacbe3125aa31d7f70367a07a8a9e72a5a0bfeb5fc42e75c9db75b96da6053ad...
Dataset glue downloaded and prepared to /home/draj5/.cache/huggingface/datasets/glue/sst2/1.0.0/dacbe3125aa31d7f70367a07a8a9e72a5a0bfeb5fc42e75c9db75b96da6053ad. Subsequent calls will reuse this data.
[Train] Epoch:   0, Total:  67349, Accuracy : 0.8567, Loss: 0.1374
[Eval] Epoch:   0, Total:    872, Accuracy : 0.9323, Loss: 0.2348
[Train] Epoch:   1, Total:  67349, Accuracy : 0.9421, Loss: 0.0908
[Eval] Epoch:   1, Total:    872, Accuracy : 0.9392, Loss: 0.2000
[Train] Epoch:   2, Total:  67349, Accuracy : 0.9574, Loss: 0.0371
[Eval] Epoch:   2, Total:    872, Accuracy : 0.9392, Loss: 0.1815
[Train] Epoch:   3, Total:  67349, Accuracy : 0.9661, Loss: 0.0370
[Eval] Epoch:   3, Total:    872, Accuracy : 0.9484, Loss: 0.1764
[Train] Epoch:   4, Total:  67349, Accuracy : 0.9734, Loss: 0.0970
[Eval] Epoch:   4, Total:    872, Accuracy : 0.9381, Loss: 0.2114
[Train] Epoch:   5, Total:  67349, Accuracy : 0.9784, Loss: 0.0549
[Eval] Epoch:   5, Total:    872, Accuracy : 0.9472, Loss: 0.2187
[Train] Epoch:   6, Total:  67349, Accuracy : 0.9812, Loss: 0.0404
[Eval] Epoch:   6, Total:    872, Accuracy : 0.9472, Loss: 0.2363
[Train] Epoch:   7, Total:  67349, Accuracy : 0.9845, Loss: 0.0074
[Eval] Epoch:   7, Total:    872, Accuracy : 0.9427, Loss: 0.2282
[Train] Epoch:   8, Total:  67349, Accuracy : 0.9843, Loss: 0.4430
[Eval] Epoch:   8, Total:    872, Accuracy : 0.9427, Loss: 0.2445
[Train] Epoch:   9, Total:  67349, Accuracy : 0.9859, Loss: 0.0032
[Eval] Epoch:   9, Total:    872, Accuracy : 0.9427, Loss: 0.2451
[Train] Epoch:  10, Total:  67349, Accuracy : 0.9795, Loss: 0.3270
[Eval] Epoch:  10, Total:    872, Accuracy : 0.9472, Loss: 0.2163
[Train] Epoch:  11, Total:  67349, Accuracy : 0.9808, Loss: 0.0169
[Eval] Epoch:  11, Total:    872, Accuracy : 0.9369, Loss: 0.2350
[Train] Epoch:  12, Total:  67349, Accuracy : 0.9839, Loss: 0.0032
[Eval] Epoch:  12, Total:    872, Accuracy : 0.9484, Loss: 0.2546
[Train] Epoch:  13, Total:  67349, Accuracy : 0.9859, Loss: 0.0014
[Eval] Epoch:  13, Total:    872, Accuracy : 0.9450, Loss: 0.2079
[Train] Epoch:  14, Total:  67349, Accuracy : 0.9886, Loss: 0.0012
[Eval] Epoch:  14, Total:    872, Accuracy : 0.9392, Loss: 0.2767
[Train] Epoch:  15, Total:  67349, Accuracy : 0.9903, Loss: 0.0044
[Eval] Epoch:  15, Total:    872, Accuracy : 0.9450, Loss: 0.3393
[Train] Epoch:  16, Total:  67349, Accuracy : 0.9915, Loss: 0.0003
[Eval] Epoch:  16, Total:    872, Accuracy : 0.9461, Loss: 0.3356
[Train] Epoch:  17, Total:  67349, Accuracy : 0.9933, Loss: 0.0299
[Eval] Epoch:  17, Total:    872, Accuracy : 0.9472, Loss: 0.3545
[Train] Epoch:  18, Total:  67349, Accuracy : 0.9941, Loss: 0.0004
[Eval] Epoch:  18, Total:    872, Accuracy : 0.9472, Loss: 0.3810
[Train] Epoch:  19, Total:  67349, Accuracy : 0.9942, Loss: 0.0035
[Eval] Epoch:  19, Total:    872, Accuracy : 0.9472, Loss: 0.3826
{"epoch":[1,2,3,4,5,6,7,8,9,10,11,12,13,14,15,16,17,18,19,20],"train_loss":[0.304980123500255,0.15342341614604899,0.11680530063864408,0.09453901778342146,0.07666068635598729,0.06341417893682691,0.053108584520294135,0.04570795030326046,0.044945279499657,0.04021657751361614,0.0590575819228296,0.05468279114486932,0.04603713424258978,0.03974929990407404,0.03287229922055055,0.026908926292724736,0.02320925143519134,0.019344418775731217,0.016594949947334084,0.01574229584741371],"eval_loss":[0.2014065720140934,0.20794403553009033,0.20646339654922485,0.1828829012811184,0.20812805369496346,0.21017538011074066,0.23584837466478348,0.24515661597251892,0.2522772401571274,0.2535238042473793,0.21363696455955505,0.27003363519907,0.2457415834069252,0.23979803174734116,0.28006984293460846,0.28865963593125343,0.3044505789875984,0.32046493887901306,0.32770615816116333,0.3321794643998146],"train_acc":[0.8567016585249967,0.9421075294362203,0.9573861527268408,0.9661464906680128,0.9734220255683084,0.9783961157552451,0.9811578494112756,0.9844689601924305,0.9842759357971165,0.9859389152028983,0.9794948700054937,0.9808311927422827,0.9839195830673061,0.9858646750508545,0.9885521685548412,0.9903190841734844,0.9915069266061857,0.9932886902552377,0.9940756358669023,0.9942389642013987],"eval_acc":[0.9323394495412844,0.9392201834862385,0.9392201834862385,0.948394495412844,0.9380733944954128,0.9472477064220184,0.9472477064220184,0.9426605504587156,0.9426605504587156,0.9426605504587156,0.9472477064220184,0.9369266055045872,0.948394495412844,0.944954128440367,0.9392201834862385,0.944954128440367,0.9461009174311926,0.9472477064220184,0.9472477064220184,0.9472477064220184]}
[Eval] Epoch:  11, Total:    872, Accuracy : 0.9472, Loss: 0.3826
872 826 1.3287178575992584
