pruned_2_0.04_model_0
DatasetDict({
    train: Dataset({
        features: ['sentence', 'label', 'indexes'],
        num_rows: 2693
    })
    validation: Dataset({
        features: ['sentence', 'label', 'indexes'],
        num_rows: 872
    })
    test: Dataset({
        features: ['sentence', 'label', 'indexes'],
        num_rows: 1821
    })
})
[Train] Epoch:   0, Total:   2693, Accuracy : 0.3672, Loss: 0.6995
[Eval] Epoch:   0, Total:    872, Accuracy : 0.5092, Loss: 0.6924
[Train] Epoch:   1, Total:   2693, Accuracy : 0.6042, Loss: 0.6695
[Eval] Epoch:   1, Total:    872, Accuracy : 0.4908, Loss: 0.7185
[Train] Epoch:   2, Total:   2693, Accuracy : 0.6387, Loss: 0.6495
[Eval] Epoch:   2, Total:    872, Accuracy : 0.4908, Loss: 0.8157
[Train] Epoch:   3, Total:   2693, Accuracy : 0.6402, Loss: 0.6013
[Eval] Epoch:   3, Total:    872, Accuracy : 0.4908, Loss: 0.7931
[Train] Epoch:   4, Total:   2693, Accuracy : 0.6602, Loss: 0.5427
[Eval] Epoch:   4, Total:    872, Accuracy : 0.6342, Loss: 0.6647
[Train] Epoch:   5, Total:   2693, Accuracy : 0.7122, Loss: 0.4990
[Eval] Epoch:   5, Total:    872, Accuracy : 0.6445, Loss: 0.6525
[Train] Epoch:   6, Total:   2693, Accuracy : 0.7583, Loss: 0.4196
[Eval] Epoch:   6, Total:    872, Accuracy : 0.7741, Loss: 0.5045
[Train] Epoch:   7, Total:   2693, Accuracy : 0.7969, Loss: 0.4094
[Eval] Epoch:   7, Total:    872, Accuracy : 0.7936, Loss: 0.4908
[Train] Epoch:   8, Total:   2693, Accuracy : 0.8351, Loss: 0.3338
[Eval] Epoch:   8, Total:    872, Accuracy : 0.8062, Loss: 0.4531
[Train] Epoch:   9, Total:   2693, Accuracy : 0.8593, Loss: 0.3461
[Eval] Epoch:   9, Total:    872, Accuracy : 0.7913, Loss: 0.4707
[Train] Epoch:  10, Total:   2693, Accuracy : 0.8693, Loss: 0.2666
[Eval] Epoch:  10, Total:    872, Accuracy : 0.7878, Loss: 0.4712
[Train] Epoch:  11, Total:   2693, Accuracy : 0.8749, Loss: 0.3100
[Eval] Epoch:  11, Total:    872, Accuracy : 0.7901, Loss: 0.4633
[Train] Epoch:  12, Total:   2693, Accuracy : 0.8541, Loss: 0.3977
[Eval] Epoch:  12, Total:    872, Accuracy : 0.7959, Loss: 0.5032
[Train] Epoch:  13, Total:   2693, Accuracy : 0.8905, Loss: 0.2398
[Eval] Epoch:  13, Total:    872, Accuracy : 0.7947, Loss: 0.5007
[Train] Epoch:  14, Total:   2693, Accuracy : 0.9031, Loss: 0.2509
[Eval] Epoch:  14, Total:    872, Accuracy : 0.8050, Loss: 0.4947
[Train] Epoch:  15, Total:   2693, Accuracy : 0.9187, Loss: 0.1904
[Eval] Epoch:  15, Total:    872, Accuracy : 0.7982, Loss: 0.5171
[Train] Epoch:  16, Total:   2693, Accuracy : 0.9320, Loss: 0.1944
[Eval] Epoch:  16, Total:    872, Accuracy : 0.7810, Loss: 0.6121
[Train] Epoch:  17, Total:   2693, Accuracy : 0.9391, Loss: 0.1863
[Eval] Epoch:  17, Total:    872, Accuracy : 0.7959, Loss: 0.5471
[Train] Epoch:  18, Total:   2693, Accuracy : 0.9384, Loss: 0.1687
[Eval] Epoch:  18, Total:    872, Accuracy : 0.8016, Loss: 0.5343
[Train] Epoch:  19, Total:   2693, Accuracy : 0.9450, Loss: 0.1117
[Eval] Epoch:  19, Total:    872, Accuracy : 0.7959, Loss: 0.5503
{"epoch":[1,2,3,4,5,6,7,8,9,10,11,12,13,14,15,16,17,18,19,20],"train_loss":[0.7092904340137135,0.6780885837294839,0.6487426541068337,0.621468804099343,0.57521591945128,0.5253573520617052,0.4686218120835044,0.41511946374719794,0.3655495887452906,0.3317950042811307,0.3051110844720494,0.2978143055330623,0.3243409666148099,0.2649709338491613,0.23175763542001898,0.20680943402377042,0.17757930945266376,0.16472940553318371,0.16699033298275687,0.14530245688828555],"eval_loss":[0.6927263736724854,0.7160789370536804,0.8099919557571411,0.7939355075359344,0.6639651656150818,0.6674561947584152,0.49567441642284393,0.49347347766160965,0.47127342224121094,0.4988216161727905,0.5004165321588516,0.4921005144715309,0.528244212269783,0.4983670115470886,0.504891574382782,0.5274717584252357,0.634159505367279,0.5654006451368332,0.5551429092884064,0.5686808228492737],"train_acc":[0.36724842183438544,0.604158930560713,0.6386929075380616,0.6401782398811734,0.6602302265131823,0.7122168585220943,0.7582621611585593,0.7968808020794653,0.8351281099145934,0.8592647604901597,0.8692907538061642,0.8748607500928333,0.8540660972892685,0.8904567396955069,0.903082064611957,0.9186780542146306,0.9320460453026365,0.9391013739324173,0.9383587077608615,0.9450427033048645],"eval_acc":[0.5091743119266054,0.4908256880733945,0.4908256880733945,0.4908256880733945,0.6341743119266054,0.6444954128440367,0.7740825688073395,0.7935779816513762,0.8061926605504587,0.7912844036697247,0.7878440366972477,0.7901376146788991,0.7958715596330275,0.7947247706422018,0.805045871559633,0.7981651376146789,0.7809633027522935,0.7958715596330275,0.801605504587156,0.7958715596330275]}
[Eval] Epoch:  11, Total:    872, Accuracy : 0.7959, Loss: 0.5503
872 694 2.2747232913970947
