pruned_2_0.25_model_0
DatasetDict({
    train: Dataset({
        features: ['sentence', 'label', 'indexes'],
        num_rows: 16837
    })
    validation: Dataset({
        features: ['sentence', 'label', 'indexes'],
        num_rows: 872
    })
    test: Dataset({
        features: ['sentence', 'label', 'indexes'],
        num_rows: 1821
    })
})
[Train] Epoch:   0, Total:  16837, Accuracy : 0.6951, Loss: 0.2743
[Eval] Epoch:   0, Total:    872, Accuracy : 0.8991, Loss: 0.2199
[Train] Epoch:   1, Total:  16837, Accuracy : 0.8723, Loss: 0.2835
[Eval] Epoch:   1, Total:    872, Accuracy : 0.9232, Loss: 0.2293
[Train] Epoch:   2, Total:  16837, Accuracy : 0.9032, Loss: 0.2125
[Eval] Epoch:   2, Total:    872, Accuracy : 0.9174, Loss: 0.2295
[Train] Epoch:   3, Total:  16837, Accuracy : 0.9284, Loss: 0.1756
[Eval] Epoch:   3, Total:    872, Accuracy : 0.9255, Loss: 0.2067
[Train] Epoch:   4, Total:  16837, Accuracy : 0.9449, Loss: 0.1300
[Eval] Epoch:   4, Total:    872, Accuracy : 0.9335, Loss: 0.2401
[Train] Epoch:   5, Total:  16837, Accuracy : 0.9571, Loss: 0.0735
[Eval] Epoch:   5, Total:    872, Accuracy : 0.9312, Loss: 0.2727
[Train] Epoch:   6, Total:  16837, Accuracy : 0.9656, Loss: 0.0447
[Eval] Epoch:   6, Total:    872, Accuracy : 0.9323, Loss: 0.2720
[Train] Epoch:   7, Total:  16837, Accuracy : 0.9712, Loss: 0.1654
[Eval] Epoch:   7, Total:    872, Accuracy : 0.9369, Loss: 0.2789
[Train] Epoch:   8, Total:  16837, Accuracy : 0.9738, Loss: 0.0707
[Eval] Epoch:   8, Total:    872, Accuracy : 0.9358, Loss: 0.2890
[Train] Epoch:   9, Total:  16837, Accuracy : 0.9759, Loss: 0.0666
[Eval] Epoch:   9, Total:    872, Accuracy : 0.9358, Loss: 0.2895
[Train] Epoch:  10, Total:  16837, Accuracy : 0.9670, Loss: 0.1424
[Eval] Epoch:  10, Total:    872, Accuracy : 0.9300, Loss: 0.2471
[Train] Epoch:  11, Total:  16837, Accuracy : 0.9697, Loss: 0.0897
[Eval] Epoch:  11, Total:    872, Accuracy : 0.9335, Loss: 0.2337
[Train] Epoch:  12, Total:  16837, Accuracy : 0.9739, Loss: 0.1210
[Eval] Epoch:  12, Total:    872, Accuracy : 0.9323, Loss: 0.2732
[Train] Epoch:  13, Total:  16837, Accuracy : 0.9795, Loss: 0.0870
[Eval] Epoch:  13, Total:    872, Accuracy : 0.9369, Loss: 0.2918
[Train] Epoch:  14, Total:  16837, Accuracy : 0.9810, Loss: 0.0407
[Eval] Epoch:  14, Total:    872, Accuracy : 0.9358, Loss: 0.2589
[Train] Epoch:  15, Total:  16837, Accuracy : 0.9852, Loss: 0.0249
[Eval] Epoch:  15, Total:    872, Accuracy : 0.9335, Loss: 0.2448
[Train] Epoch:  16, Total:  16837, Accuracy : 0.9871, Loss: 0.0307
[Eval] Epoch:  16, Total:    872, Accuracy : 0.9323, Loss: 0.3053
[Train] Epoch:  17, Total:  16837, Accuracy : 0.9894, Loss: 0.0174
[Eval] Epoch:  17, Total:    872, Accuracy : 0.9358, Loss: 0.3346
[Train] Epoch:  18, Total:  16837, Accuracy : 0.9912, Loss: 0.0121
[Eval] Epoch:  18, Total:    872, Accuracy : 0.9358, Loss: 0.3569
[Train] Epoch:  19, Total:  16837, Accuracy : 0.9917, Loss: 0.0344
[Eval] Epoch:  19, Total:    872, Accuracy : 0.9335, Loss: 0.3537
{"epoch":[1,2,3,4,5,6,7,8,9,10,11,12,13,14,15,16,17,18,19,20],"train_loss":[0.5392614241802332,0.2740927977543889,0.21477072144096548,0.17194446808460986,0.13547105804988832,0.10995596111046546,0.08998444806219953,0.07974429755951419,0.07135051627163634,0.06576543295699538,0.08626364329547594,0.08269142788467986,0.07397119638820489,0.059829399017899326,0.05301219533959573,0.04245954324406656,0.03598435721219038,0.03069713044290741,0.027043151535150228,0.025863680642831958],"eval_loss":[0.26290593296289444,0.2038980908691883,0.21296779438853264,0.21835749596357346,0.22513153031468391,0.24878107383847237,0.2463872767984867,0.2634378857910633,0.26603521406650543,0.2696821130812168,0.2420400157570839,0.2344387248158455,0.2571265175938606,0.26605571806430817,0.25556406006217003,0.2670796476304531,0.2897004261612892,0.2926415763795376,0.30942586436867714,0.3095701299607754],"train_acc":[0.6950763200095029,0.8723050424659975,0.9032487972916791,0.9283720377739503,0.9448832927481142,0.9571182514699769,0.9655520579675714,0.9711943933004692,0.9738076854546535,0.9758864405773,0.9670368830551761,0.9697095682128645,0.9738670784581577,0.9794500207875513,0.9809942388786601,0.9852111421274574,0.9870523252360872,0.9894280453762547,0.9911504424778761,0.9916849795094138],"eval_acc":[0.8990825688073395,0.9231651376146789,0.9174311926605505,0.9254587155963303,0.9334862385321101,0.9311926605504587,0.9323394495412844,0.9369266055045872,0.9357798165137615,0.9357798165137615,0.930045871559633,0.9334862385321101,0.9323394495412844,0.9369266055045872,0.9357798165137615,0.9334862385321101,0.9323394495412844,0.9357798165137615,0.9357798165137615,0.9334862385321101]}
[Eval] Epoch:  11, Total:    872, Accuracy : 0.9335, Loss: 0.3537
872 814 1.2382805198431015
