pruned_1_0.2_model_0
DatasetDict({
    train: Dataset({
        features: ['sentence', 'label', 'indexes'],
        num_rows: 13470
    })
    validation: Dataset({
        features: ['sentence', 'label', 'indexes'],
        num_rows: 872
    })
    test: Dataset({
        features: ['sentence', 'label', 'indexes'],
        num_rows: 1821
    })
})
[Train] Epoch:   0, Total:  13470, Accuracy : 0.6091, Loss: 0.3658
[Eval] Epoch:   0, Total:    872, Accuracy : 0.8440, Loss: 0.4099
[Train] Epoch:   1, Total:  13470, Accuracy : 0.8928, Loss: 0.2611
[Eval] Epoch:   1, Total:    872, Accuracy : 0.9232, Loss: 0.2528
[Train] Epoch:   2, Total:  13470, Accuracy : 0.9293, Loss: 0.2056
[Eval] Epoch:   2, Total:    872, Accuracy : 0.9255, Loss: 0.2615
[Train] Epoch:   3, Total:  13470, Accuracy : 0.9510, Loss: 0.1964
[Eval] Epoch:   3, Total:    872, Accuracy : 0.9300, Loss: 0.2462
[Train] Epoch:   4, Total:  13470, Accuracy : 0.9638, Loss: 0.0822
[Eval] Epoch:   4, Total:    872, Accuracy : 0.9266, Loss: 0.2325
[Train] Epoch:   5, Total:  13470, Accuracy : 0.9733, Loss: 0.0455
[Eval] Epoch:   5, Total:    872, Accuracy : 0.9358, Loss: 0.3046
[Train] Epoch:   6, Total:  13470, Accuracy : 0.9780, Loss: 0.1161
[Eval] Epoch:   6, Total:    872, Accuracy : 0.9289, Loss: 0.2834
[Train] Epoch:   7, Total:  13470, Accuracy : 0.9826, Loss: 0.0580
[Eval] Epoch:   7, Total:    872, Accuracy : 0.9300, Loss: 0.2806
[Train] Epoch:   8, Total:  13470, Accuracy : 0.9838, Loss: 0.0584
[Eval] Epoch:   8, Total:    872, Accuracy : 0.9243, Loss: 0.3137
[Train] Epoch:   9, Total:  13470, Accuracy : 0.9865, Loss: 0.0632
[Eval] Epoch:   9, Total:    872, Accuracy : 0.9266, Loss: 0.3365
[Train] Epoch:  10, Total:  13470, Accuracy : 0.9810, Loss: 0.0723
[Eval] Epoch:  10, Total:    872, Accuracy : 0.9289, Loss: 0.2735
[Train] Epoch:  11, Total:  13470, Accuracy : 0.9793, Loss: 0.0627
[Eval] Epoch:  11, Total:    872, Accuracy : 0.9197, Loss: 0.3374
[Train] Epoch:  12, Total:  13470, Accuracy : 0.9846, Loss: 0.0392
[Eval] Epoch:  12, Total:    872, Accuracy : 0.9312, Loss: 0.2441
[Train] Epoch:  13, Total:  13470, Accuracy : 0.9874, Loss: 0.0993
[Eval] Epoch:  13, Total:    872, Accuracy : 0.9323, Loss: 0.2984
[Train] Epoch:  14, Total:  13470, Accuracy : 0.9882, Loss: 0.0180
[Eval] Epoch:  14, Total:    872, Accuracy : 0.9266, Loss: 0.2934
[Train] Epoch:  15, Total:  13470, Accuracy : 0.9914, Loss: 0.0170
[Eval] Epoch:  15, Total:    872, Accuracy : 0.9312, Loss: 0.3744
[Train] Epoch:  16, Total:  13470, Accuracy : 0.9926, Loss: 0.0027
[Eval] Epoch:  16, Total:    872, Accuracy : 0.9300, Loss: 0.3352
[Train] Epoch:  17, Total:  13470, Accuracy : 0.9945, Loss: 0.0108
[Eval] Epoch:  17, Total:    872, Accuracy : 0.9300, Loss: 0.3884
[Train] Epoch:  18, Total:  13470, Accuracy : 0.9944, Loss: 0.0053
[Eval] Epoch:  18, Total:    872, Accuracy : 0.9278, Loss: 0.3801
[Train] Epoch:  19, Total:  13470, Accuracy : 0.9954, Loss: 0.0164
[Eval] Epoch:  19, Total:    872, Accuracy : 0.9300, Loss: 0.3818
{"epoch":[1,2,3,4,5,6,7,8,9,10,11,12,13,14,15,16,17,18,19,20],"train_loss":[0.6106090781823644,0.28197968933942186,0.18979958430776056,0.14142614785792693,0.10553401314987326,0.08112776497343802,0.0663939292349343,0.0553835743581349,0.050062460227395,0.04408926019480206,0.058630234966019414,0.05955569695611045,0.04810256830785634,0.04125239135135176,0.03667181949921936,0.02740935109256995,0.024010576648233493,0.016875827728928823,0.015719580909957724,0.013388195872429828],"eval_loss":[0.39751022309064865,0.21362150460481644,0.23168767243623734,0.23557275161147118,0.2458905130624771,0.2779352627694607,0.29565126821398735,0.2952938601374626,0.3180503845214844,0.3318847194314003,0.26659180596470833,0.3757392391562462,0.28341875597834587,0.3000819832086563,0.3187136724591255,0.3842157796025276,0.3704902082681656,0.3959208279848099,0.39910438656806946,0.4009799435734749],"train_acc":[0.60913140311804,0.8927988121752042,0.9292501855976244,0.9510022271714922,0.9638455827765404,0.9733481811432814,0.9780252412769117,0.9825538233110617,0.9838158871566444,0.9864884929472902,0.9809948032665182,0.9792873051224944,0.984558277654046,0.9873793615441723,0.9881959910913141,0.9913882702301411,0.9925760950259837,0.9945063103192279,0.9944320712694877,0.9953971789161099],"eval_acc":[0.8440366972477065,0.9231651376146789,0.9254587155963303,0.930045871559633,0.926605504587156,0.9357798165137615,0.9288990825688074,0.930045871559633,0.9243119266055045,0.926605504587156,0.9288990825688074,0.9197247706422018,0.9311926605504587,0.9323394495412844,0.926605504587156,0.9311926605504587,0.930045871559633,0.930045871559633,0.9277522935779816,0.930045871559633]}
[Eval] Epoch:  11, Total:    872, Accuracy : 0.9300, Loss: 0.3818
872 811 1.6039197742938995
