pruned_3_0.01_model_0
DatasetDict({
    train: Dataset({
        features: ['sentence', 'label', 'indexes'],
        num_rows: 673
    })
    validation: Dataset({
        features: ['sentence', 'label', 'indexes'],
        num_rows: 872
    })
    test: Dataset({
        features: ['sentence', 'label', 'indexes'],
        num_rows: 1821
    })
})
[Train] Epoch:   0, Total:    673, Accuracy : 0.3952, Loss: 0.6986
[Eval] Epoch:   0, Total:    872, Accuracy : 0.4908, Loss: 0.6947
[Train] Epoch:   1, Total:    673, Accuracy : 0.4042, Loss: 0.6938
[Eval] Epoch:   1, Total:    872, Accuracy : 0.4908, Loss: 0.6940
[Train] Epoch:   2, Total:    673, Accuracy : 0.4398, Loss: 0.6950
[Eval] Epoch:   2, Total:    872, Accuracy : 0.5023, Loss: 0.6930
[Train] Epoch:   3, Total:    673, Accuracy : 0.5126, Loss: 0.6881
[Eval] Epoch:   3, Total:    872, Accuracy : 0.5092, Loss: 0.6924
[Train] Epoch:   4, Total:    673, Accuracy : 0.5973, Loss: 0.6757
[Eval] Epoch:   4, Total:    872, Accuracy : 0.5092, Loss: 0.6927
[Train] Epoch:   5, Total:    673, Accuracy : 0.6003, Loss: 0.6731
[Eval] Epoch:   5, Total:    872, Accuracy : 0.5092, Loss: 0.6947
[Train] Epoch:   6, Total:    673, Accuracy : 0.6003, Loss: 0.6837
[Eval] Epoch:   6, Total:    872, Accuracy : 0.5092, Loss: 0.6990
[Train] Epoch:   7, Total:    673, Accuracy : 0.6003, Loss: 0.6696
[Eval] Epoch:   7, Total:    872, Accuracy : 0.5092, Loss: 0.7052
[Train] Epoch:   8, Total:    673, Accuracy : 0.6003, Loss: 0.6874
[Eval] Epoch:   8, Total:    872, Accuracy : 0.5092, Loss: 0.7101
[Train] Epoch:   9, Total:    673, Accuracy : 0.6003, Loss: 0.6527
[Eval] Epoch:   9, Total:    872, Accuracy : 0.5092, Loss: 0.7071
[Train] Epoch:  10, Total:    673, Accuracy : 0.6003, Loss: 0.6518
[Eval] Epoch:  10, Total:    872, Accuracy : 0.5092, Loss: 0.7024
[Train] Epoch:  11, Total:    673, Accuracy : 0.6003, Loss: 0.6386
[Eval] Epoch:  11, Total:    872, Accuracy : 0.5092, Loss: 0.6970
[Train] Epoch:  12, Total:    673, Accuracy : 0.6003, Loss: 0.6260
[Eval] Epoch:  12, Total:    872, Accuracy : 0.5092, Loss: 0.6865
[Train] Epoch:  13, Total:    673, Accuracy : 0.6003, Loss: 0.6506
[Eval] Epoch:  13, Total:    872, Accuracy : 0.5092, Loss: 0.6451
[Train] Epoch:  14, Total:    673, Accuracy : 0.6003, Loss: 0.5299
[Eval] Epoch:  14, Total:    872, Accuracy : 0.5092, Loss: 0.5602
[Train] Epoch:  15, Total:    673, Accuracy : 0.7221, Loss: 0.4122
[Eval] Epoch:  15, Total:    872, Accuracy : 0.8670, Loss: 0.4501
[Train] Epoch:  16, Total:    673, Accuracy : 0.9302, Loss: 0.2973
[Eval] Epoch:  16, Total:    872, Accuracy : 0.8670, Loss: 0.3544
[Train] Epoch:  17, Total:    673, Accuracy : 0.9406, Loss: 0.2153
[Eval] Epoch:  17, Total:    872, Accuracy : 0.8624, Loss: 0.3655
[Train] Epoch:  18, Total:    673, Accuracy : 0.9495, Loss: 0.1566
[Eval] Epoch:  18, Total:    872, Accuracy : 0.8521, Loss: 0.3764
[Train] Epoch:  19, Total:    673, Accuracy : 0.9406, Loss: 0.1798
[Eval] Epoch:  19, Total:    872, Accuracy : 0.8681, Loss: 0.3969
{"epoch":[1,2,3,4,5,6,7,8,9,10,11,12,13,14,15,16,17,18,19,20],"train_loss":[0.7004009087880453,0.6989449461301168,0.6952783465385437,0.6913003325462341,0.683378279209137,0.6784988443056742,0.6778386235237122,0.6675514976183573,0.6747202078501383,0.6816843350728353,0.6686229904492696,0.6611933509508768,0.657931923866272,0.6318921248118082,0.5619245171546936,0.4662559429804484,0.341488778591156,0.23383118212223053,0.18078928689161936,0.17425290246804556],"eval_loss":[0.6943026483058929,0.693757638335228,0.6931522637605667,0.6929520815610886,0.6938253343105316,0.6965504288673401,0.7017100155353546,0.7085941284894943,0.713858500123024,0.7105431854724884,0.7053346931934357,0.6994105130434036,0.6883727461099625,0.6476861089468002,0.5644308030605316,0.4551429972052574,0.3652739077806473,0.38181430846452713,0.393550768494606,0.4165467098355293],"train_acc":[0.3952451708766716,0.40416047548291234,0.4398216939078752,0.512630014858841,0.5973254086181278,0.600297176820208,0.600297176820208,0.600297176820208,0.600297176820208,0.600297176820208,0.600297176820208,0.600297176820208,0.600297176820208,0.600297176820208,0.600297176820208,0.7221396731054978,0.9301634472511144,0.9405646359583952,0.9494799405646359,0.9405646359583952],"eval_acc":[0.4908256880733945,0.4908256880733945,0.5022935779816514,0.5091743119266054,0.5091743119266054,0.5091743119266054,0.5091743119266054,0.5091743119266054,0.5091743119266054,0.5091743119266054,0.5091743119266054,0.5091743119266054,0.5091743119266054,0.5091743119266054,0.5091743119266054,0.8669724770642202,0.8669724770642202,0.8623853211009175,0.8520642201834863,0.8681192660550459]}
[Eval] Epoch:  11, Total:    872, Accuracy : 0.8681, Loss: 0.3969
872 757 1.6661868393421173
