pruned_1_0.5_model_0
DatasetDict({
    train: Dataset({
        features: ['sentence', 'label', 'indexes'],
        num_rows: 33672
    })
    validation: Dataset({
        features: ['sentence', 'label', 'indexes'],
        num_rows: 872
    })
    test: Dataset({
        features: ['sentence', 'label', 'indexes'],
        num_rows: 1821
    })
})
[Train] Epoch:   0, Total:  33672, Accuracy : 0.7880, Loss: 0.2113
[Eval] Epoch:   0, Total:    872, Accuracy : 0.9266, Loss: 0.2287
[Train] Epoch:   1, Total:  33672, Accuracy : 0.9258, Loss: 0.1135
[Eval] Epoch:   1, Total:    872, Accuracy : 0.9300, Loss: 0.1914
[Train] Epoch:   2, Total:  33672, Accuracy : 0.9499, Loss: 0.1005
[Eval] Epoch:   2, Total:    872, Accuracy : 0.9335, Loss: 0.1603
[Train] Epoch:   3, Total:  33672, Accuracy : 0.9624, Loss: 0.1234
[Eval] Epoch:   3, Total:    872, Accuracy : 0.9381, Loss: 0.1610
[Train] Epoch:   4, Total:  33672, Accuracy : 0.9696, Loss: 0.0699
[Eval] Epoch:   4, Total:    872, Accuracy : 0.9369, Loss: 0.1611
[Train] Epoch:   5, Total:  33672, Accuracy : 0.9767, Loss: 0.0414
[Eval] Epoch:   5, Total:    872, Accuracy : 0.9392, Loss: 0.2073
[Train] Epoch:   6, Total:  33672, Accuracy : 0.9809, Loss: 0.1148
[Eval] Epoch:   6, Total:    872, Accuracy : 0.9358, Loss: 0.2144
[Train] Epoch:   7, Total:  33672, Accuracy : 0.9842, Loss: 0.0140
[Eval] Epoch:   7, Total:    872, Accuracy : 0.9381, Loss: 0.2164
[Train] Epoch:   8, Total:  33672, Accuracy : 0.9862, Loss: 0.0473
[Eval] Epoch:   8, Total:    872, Accuracy : 0.9404, Loss: 0.2249
[Train] Epoch:   9, Total:  33672, Accuracy : 0.9858, Loss: 0.0347
[Eval] Epoch:   9, Total:    872, Accuracy : 0.9392, Loss: 0.2302
[Train] Epoch:  10, Total:  33672, Accuracy : 0.9813, Loss: 0.0800
[Eval] Epoch:  10, Total:    872, Accuracy : 0.9404, Loss: 0.1828
[Train] Epoch:  11, Total:  33672, Accuracy : 0.9820, Loss: 0.0180
[Eval] Epoch:  11, Total:    872, Accuracy : 0.9346, Loss: 0.1685
[Train] Epoch:  12, Total:  33672, Accuracy : 0.9852, Loss: 0.0661
[Eval] Epoch:  12, Total:    872, Accuracy : 0.9415, Loss: 0.2259
[Train] Epoch:  13, Total:  33672, Accuracy : 0.9875, Loss: 0.0215
[Eval] Epoch:  13, Total:    872, Accuracy : 0.9404, Loss: 0.2080
[Train] Epoch:  14, Total:  33672, Accuracy : 0.9898, Loss: 0.0273
[Eval] Epoch:  14, Total:    872, Accuracy : 0.9404, Loss: 0.2167
[Train] Epoch:  15, Total:  33672, Accuracy : 0.9920, Loss: 0.0137
[Eval] Epoch:  15, Total:    872, Accuracy : 0.9404, Loss: 0.2177
[Train] Epoch:  16, Total:  33672, Accuracy : 0.9937, Loss: 0.0014
[Eval] Epoch:  16, Total:    872, Accuracy : 0.9415, Loss: 0.2517
[Train] Epoch:  17, Total:  33672, Accuracy : 0.9942, Loss: 0.0019
[Eval] Epoch:  17, Total:    872, Accuracy : 0.9438, Loss: 0.2364
[Train] Epoch:  18, Total:  33672, Accuracy : 0.9948, Loss: 0.0024
[Eval] Epoch:  18, Total:    872, Accuracy : 0.9438, Loss: 0.2524
[Train] Epoch:  19, Total:  33672, Accuracy : 0.9955, Loss: 0.0038
[Eval] Epoch:  19, Total:    872, Accuracy : 0.9427, Loss: 0.2557
{"epoch":[1,2,3,4,5,6,7,8,9,10,11,12,13,14,15,16,17,18,19,20],"train_loss":[0.4103511961346323,0.18992160938002847,0.13455026969313622,0.10630721652485205,0.08594444543687683,0.06584180025101612,0.056704396664193184,0.046876646183205375,0.04196228200894301,0.03934322547336871,0.055051282330444366,0.05287091661188187,0.04587476754871508,0.0388068174096671,0.030608014870350333,0.023774534372161284,0.018657974882058403,0.01695049440251861,0.015889902637079074,0.013388909535768273],"eval_loss":[0.20848466083407402,0.20881923660635948,0.18681199103593826,0.19096024334430695,0.20789041370153427,0.24123144522309303,0.261927030980587,0.2624468430876732,0.2648655064404011,0.27070561423897743,0.23664571344852448,0.26590579748153687,0.24170076474547386,0.2657429054379463,0.2597711570560932,0.3057417757809162,0.34648387879133224,0.31431832164525986,0.3333500176668167,0.33792470395565033],"train_acc":[0.7880137799952482,0.925784034212402,0.949928724162509,0.962431693989071,0.9695592777381801,0.9766868614872891,0.9808743169398907,0.9842302209550963,0.9861606082204799,0.9858042290330244,0.9812603943929674,0.9820028510334996,0.9851805654549775,0.9874673319078165,0.989783796626277,0.9920111665478736,0.9937336659539083,0.9942385364694701,0.9948028035162747,0.9955452601568069],"eval_acc":[0.926605504587156,0.930045871559633,0.9334862385321101,0.9380733944954128,0.9369266055045872,0.9392201834862385,0.9357798165137615,0.9380733944954128,0.9403669724770642,0.9392201834862385,0.9403669724770642,0.9346330275229358,0.9415137614678899,0.9403669724770642,0.9403669724770642,0.9403669724770642,0.9415137614678899,0.9438073394495413,0.9438073394495413,0.9426605504587156]}
[Eval] Epoch:  11, Total:    872, Accuracy : 0.9427, Loss: 0.2557
872 822 1.3516988158226013
