pruned_2_0.005_model_0
DatasetDict({
    train: Dataset({
        features: ['sentence', 'label', 'indexes'],
        num_rows: 336
    })
    validation: Dataset({
        features: ['sentence', 'label', 'indexes'],
        num_rows: 872
    })
    test: Dataset({
        features: ['sentence', 'label', 'indexes'],
        num_rows: 1821
    })
})
[Train] Epoch:   0, Total:    336, Accuracy : 0.5387, Loss: 0.6931
[Eval] Epoch:   0, Total:    872, Accuracy : 0.5069, Loss: 0.6929
[Train] Epoch:   1, Total:    336, Accuracy : 0.5149, Loss: 0.6952
[Eval] Epoch:   1, Total:    872, Accuracy : 0.4897, Loss: 0.6930
[Train] Epoch:   2, Total:    336, Accuracy : 0.5565, Loss: 0.6905
[Eval] Epoch:   2, Total:    872, Accuracy : 0.4908, Loss: 0.6932
[Train] Epoch:   3, Total:    336, Accuracy : 0.5268, Loss: 0.6919
[Eval] Epoch:   3, Total:    872, Accuracy : 0.4908, Loss: 0.6936
[Train] Epoch:   4, Total:    336, Accuracy : 0.5179, Loss: 0.6894
[Eval] Epoch:   4, Total:    872, Accuracy : 0.4908, Loss: 0.6942
[Train] Epoch:   5, Total:    336, Accuracy : 0.5506, Loss: 0.6836
[Eval] Epoch:   5, Total:    872, Accuracy : 0.4908, Loss: 0.6951
[Train] Epoch:   6, Total:    336, Accuracy : 0.5387, Loss: 0.6885
[Eval] Epoch:   6, Total:    872, Accuracy : 0.4908, Loss: 0.6964
[Train] Epoch:   7, Total:    336, Accuracy : 0.5446, Loss: 0.6842
[Eval] Epoch:   7, Total:    872, Accuracy : 0.4908, Loss: 0.6981
[Train] Epoch:   8, Total:    336, Accuracy : 0.5446, Loss: 0.6923
[Eval] Epoch:   8, Total:    872, Accuracy : 0.4908, Loss: 0.7002
[Train] Epoch:   9, Total:    336, Accuracy : 0.5446, Loss: 0.6803
[Eval] Epoch:   9, Total:    872, Accuracy : 0.4908, Loss: 0.7023
[Train] Epoch:  10, Total:    336, Accuracy : 0.5446, Loss: 0.6868
[Eval] Epoch:  10, Total:    872, Accuracy : 0.4908, Loss: 0.7037
[Train] Epoch:  11, Total:    336, Accuracy : 0.5446, Loss: 0.6908
[Eval] Epoch:  11, Total:    872, Accuracy : 0.4908, Loss: 0.7041
[Train] Epoch:  12, Total:    336, Accuracy : 0.5446, Loss: 0.6736
[Eval] Epoch:  12, Total:    872, Accuracy : 0.4908, Loss: 0.7042
[Train] Epoch:  13, Total:    336, Accuracy : 0.5446, Loss: 0.7005
[Eval] Epoch:  13, Total:    872, Accuracy : 0.4908, Loss: 0.7039
[Train] Epoch:  14, Total:    336, Accuracy : 0.5446, Loss: 0.6922
[Eval] Epoch:  14, Total:    872, Accuracy : 0.4908, Loss: 0.7025
[Train] Epoch:  15, Total:    336, Accuracy : 0.5446, Loss: 0.7012
[Eval] Epoch:  15, Total:    872, Accuracy : 0.4908, Loss: 0.7012
[Train] Epoch:  16, Total:    336, Accuracy : 0.5446, Loss: 0.6642
[Eval] Epoch:  16, Total:    872, Accuracy : 0.4908, Loss: 0.7003
[Train] Epoch:  17, Total:    336, Accuracy : 0.5565, Loss: 0.6738
[Eval] Epoch:  17, Total:    872, Accuracy : 0.4908, Loss: 0.7022
[Train] Epoch:  18, Total:    336, Accuracy : 0.5923, Loss: 0.6627
[Eval] Epoch:  18, Total:    872, Accuracy : 0.4908, Loss: 0.7110
[Train] Epoch:  19, Total:    336, Accuracy : 0.6071, Loss: 0.6267
[Eval] Epoch:  19, Total:    872, Accuracy : 0.4908, Loss: 0.7449
{"epoch":[1,2,3,4,5,6,7,8,9,10,11,12,13,14,15,16,17,18,19,20],"train_loss":[0.6920649111270905,0.6941759884357452,0.6897841393947601,0.6915324926376343,0.6911832690238953,0.6872080266475677,0.6890838444232941,0.6855950057506561,0.6884601414203644,0.6839556694030762,0.689422219991684,0.6925729513168335,0.6797912418842316,0.6901778280735016,0.6881129741668701,0.6876594126224518,0.673543393611908,0.6747657954692841,0.6659712493419647,0.6469140946865082],"eval_loss":[0.6930531412363052,0.6931259632110596,0.6932666301727295,0.6935232877731323,0.6939448565244675,0.694681391119957,0.6957728564739227,0.697241485118866,0.6991510540246964,0.7010289132595062,0.7023485600948334,0.7028357833623886,0.7031111866235733,0.703004390001297,0.7019798010587692,0.700997531414032,0.7005621641874313,0.7025999426841736,0.7112357169389725,0.74531190097332],"train_acc":[0.5386904761904762,0.5148809523809523,0.5565476190476191,0.5267857142857143,0.5178571428571429,0.5505952380952381,0.5386904761904762,0.5446428571428571,0.5446428571428571,0.5446428571428571,0.5446428571428571,0.5446428571428571,0.5446428571428571,0.5446428571428571,0.5446428571428571,0.5446428571428571,0.5446428571428571,0.5565476190476191,0.5922619047619048,0.6071428571428571],"eval_acc":[0.5068807339449541,0.4896788990825688,0.4908256880733945,0.4908256880733945,0.4908256880733945,0.4908256880733945,0.4908256880733945,0.4908256880733945,0.4908256880733945,0.4908256880733945,0.4908256880733945,0.4908256880733945,0.4908256880733945,0.4908256880733945,0.4908256880733945,0.4908256880733945,0.4908256880733945,0.4908256880733945,0.4908256880733945,0.4908256880733945]}
[Eval] Epoch:  11, Total:    872, Accuracy : 0.4908, Loss: 0.7449
872 428 2.98124760389328
