random_0.25_model_0
DatasetDict({
    train: Dataset({
        features: ['sentence', 'label', 'indexes'],
        num_rows: 16837
    })
    validation: Dataset({
        features: ['sentence', 'label', 'indexes'],
        num_rows: 872
    })
    test: Dataset({
        features: ['sentence', 'label', 'indexes'],
        num_rows: 1821
    })
})
[Train] Epoch:   0, Total:  16837, Accuracy : 0.7055, Loss: 0.2356
[Eval] Epoch:   0, Total:    872, Accuracy : 0.9048, Loss: 0.2674
[Train] Epoch:   1, Total:  16837, Accuracy : 0.9053, Loss: 0.1755
[Eval] Epoch:   1, Total:    872, Accuracy : 0.9289, Loss: 0.2836
[Train] Epoch:   2, Total:  16837, Accuracy : 0.9370, Loss: 0.1924
[Eval] Epoch:   2, Total:    872, Accuracy : 0.9220, Loss: 0.2967
[Train] Epoch:   3, Total:  16837, Accuracy : 0.9541, Loss: 0.1274
[Eval] Epoch:   3, Total:    872, Accuracy : 0.9289, Loss: 0.2685
[Train] Epoch:   4, Total:  16837, Accuracy : 0.9664, Loss: 0.1287
[Eval] Epoch:   4, Total:    872, Accuracy : 0.9255, Loss: 0.3002
[Train] Epoch:   5, Total:  16837, Accuracy : 0.9733, Loss: 0.0536
[Eval] Epoch:   5, Total:    872, Accuracy : 0.9255, Loss: 0.3380
[Train] Epoch:   6, Total:  16837, Accuracy : 0.9796, Loss: 0.0573
[Eval] Epoch:   6, Total:    872, Accuracy : 0.9266, Loss: 0.3866
[Train] Epoch:   7, Total:  16837, Accuracy : 0.9799, Loss: 0.0479
[Eval] Epoch:   7, Total:    872, Accuracy : 0.9243, Loss: 0.3802
[Train] Epoch:   8, Total:  16837, Accuracy : 0.9850, Loss: 0.0582
[Eval] Epoch:   8, Total:    872, Accuracy : 0.9243, Loss: 0.4030
[Train] Epoch:   9, Total:  16837, Accuracy : 0.9860, Loss: 0.0617
[Eval] Epoch:   9, Total:    872, Accuracy : 0.9255, Loss: 0.4021
[Train] Epoch:  10, Total:  16837, Accuracy : 0.9809, Loss: 0.0546
[Eval] Epoch:  10, Total:    872, Accuracy : 0.9243, Loss: 0.3596
[Train] Epoch:  11, Total:  16837, Accuracy : 0.9802, Loss: 0.0240
[Eval] Epoch:  11, Total:    872, Accuracy : 0.9232, Loss: 0.3677
[Train] Epoch:  12, Total:  16837, Accuracy : 0.9839, Loss: 0.0473
[Eval] Epoch:  12, Total:    872, Accuracy : 0.9312, Loss: 0.3160
[Train] Epoch:  13, Total:  16837, Accuracy : 0.9872, Loss: 0.0313
[Eval] Epoch:  13, Total:    872, Accuracy : 0.9346, Loss: 0.3682
[Train] Epoch:  14, Total:  16837, Accuracy : 0.9897, Loss: 0.0088
[Eval] Epoch:  14, Total:    872, Accuracy : 0.9266, Loss: 0.3679
[Train] Epoch:  15, Total:  16837, Accuracy : 0.9918, Loss: 0.0036
[Eval] Epoch:  15, Total:    872, Accuracy : 0.9289, Loss: 0.4692
[Train] Epoch:  16, Total:  16837, Accuracy : 0.9930, Loss: 0.0159
[Eval] Epoch:  16, Total:    872, Accuracy : 0.9209, Loss: 0.4579
[Train] Epoch:  17, Total:  16837, Accuracy : 0.9945, Loss: 0.0088
[Eval] Epoch:  17, Total:    872, Accuracy : 0.9255, Loss: 0.4797
[Train] Epoch:  18, Total:  16837, Accuracy : 0.9951, Loss: 0.0020
[Eval] Epoch:  18, Total:    872, Accuracy : 0.9289, Loss: 0.4872
[Train] Epoch:  19, Total:  16837, Accuracy : 0.9952, Loss: 0.0491
[Eval] Epoch:  19, Total:    872, Accuracy : 0.9255, Loss: 0.4905
{"epoch":[1,2,3,4,5,6,7,8,9,10,11,12,13,14,15,16,17,18,19,20],"train_loss":[0.5346530283039267,0.24230749566446652,0.16856062028444174,0.1284859821651921,0.09810493790516348,0.07853594111899535,0.0595133068943114,0.057707227653626236,0.045635789590464396,0.04451597236435522,0.05430347161988417,0.05742154483485854,0.04801992609193831,0.039850769866130904,0.03144573361020197,0.025914491697524984,0.022328744210288718,0.019035310567370758,0.016405602675425172,0.01624729175819084],"eval_loss":[0.24343250319361687,0.21717049926519394,0.23196226730942726,0.22127222269773483,0.27126544713974,0.2727552130818367,0.31466788053512573,0.3291013315320015,0.35193250328302383,0.3486635312438011,0.32401444017887115,0.32975007593631744,0.31576941907405853,0.3248564973473549,0.3369520381093025,0.4041265472769737,0.41831985116004944,0.4352719783782959,0.4287749081850052,0.43325500935316086],"train_acc":[0.7054700956227357,0.9052681594108214,0.9369840232820573,0.9540892082912633,0.9664429530201343,0.9732731484231157,0.9796281997980638,0.9798657718120806,0.9850329631169448,0.9859832511730118,0.9808754528716517,0.9801627368296014,0.9839044960503652,0.9872305042465997,0.9897250103937756,0.9918037655164221,0.9929916255865059,0.9944764506741106,0.9951297737126567,0.9951891667161609],"eval_acc":[0.9048165137614679,0.9288990825688074,0.9220183486238532,0.9288990825688074,0.9254587155963303,0.9254587155963303,0.926605504587156,0.9243119266055045,0.9243119266055045,0.9254587155963303,0.9243119266055045,0.9231651376146789,0.9311926605504587,0.9346330275229358,0.926605504587156,0.9288990825688074,0.9208715596330275,0.9254587155963303,0.9288990825688074,0.9254587155963303]}
[Eval] Epoch:  11, Total:    872, Accuracy : 0.9255, Loss: 0.4905
872 807 1.7330200374126434
