pruned_1_0.4_model_0
DatasetDict({
    train: Dataset({
        features: ['sentence', 'label', 'indexes'],
        num_rows: 26939
    })
    validation: Dataset({
        features: ['sentence', 'label', 'indexes'],
        num_rows: 872
    })
    test: Dataset({
        features: ['sentence', 'label', 'indexes'],
        num_rows: 1821
    })
})
[Train] Epoch:   0, Total:  26939, Accuracy : 0.7505, Loss: 0.2888
[Eval] Epoch:   0, Total:    872, Accuracy : 0.9197, Loss: 0.2580
[Train] Epoch:   1, Total:  26939, Accuracy : 0.9217, Loss: 0.1163
[Eval] Epoch:   1, Total:    872, Accuracy : 0.9266, Loss: 0.2280
[Train] Epoch:   2, Total:  26939, Accuracy : 0.9444, Loss: 0.2723
[Eval] Epoch:   2, Total:    872, Accuracy : 0.9369, Loss: 0.2075
[Train] Epoch:   3, Total:  26939, Accuracy : 0.9596, Loss: 0.2279
[Eval] Epoch:   3, Total:    872, Accuracy : 0.9369, Loss: 0.2400
[Train] Epoch:   4, Total:  26939, Accuracy : 0.9690, Loss: 0.0683
[Eval] Epoch:   4, Total:    872, Accuracy : 0.9335, Loss: 0.2069
[Train] Epoch:   5, Total:  26939, Accuracy : 0.9745, Loss: 0.1204
[Eval] Epoch:   5, Total:    872, Accuracy : 0.9323, Loss: 0.2658
[Train] Epoch:   6, Total:  26939, Accuracy : 0.9805, Loss: 0.0316
[Eval] Epoch:   6, Total:    872, Accuracy : 0.9392, Loss: 0.2139
[Train] Epoch:   7, Total:  26939, Accuracy : 0.9840, Loss: 0.0511
[Eval] Epoch:   7, Total:    872, Accuracy : 0.9369, Loss: 0.2615
[Train] Epoch:   8, Total:  26939, Accuracy : 0.9863, Loss: 0.0061
[Eval] Epoch:   8, Total:    872, Accuracy : 0.9358, Loss: 0.2365
[Train] Epoch:   9, Total:  26939, Accuracy : 0.9872, Loss: 0.0228
[Eval] Epoch:   9, Total:    872, Accuracy : 0.9323, Loss: 0.2508
[Train] Epoch:  10, Total:  26939, Accuracy : 0.9819, Loss: 0.0450
[Eval] Epoch:  10, Total:    872, Accuracy : 0.9312, Loss: 0.2551
[Train] Epoch:  11, Total:  26939, Accuracy : 0.9818, Loss: 0.0113
[Eval] Epoch:  11, Total:    872, Accuracy : 0.9369, Loss: 0.2415
[Train] Epoch:  12, Total:  26939, Accuracy : 0.9844, Loss: 0.0135
[Eval] Epoch:  12, Total:    872, Accuracy : 0.9312, Loss: 0.2425
[Train] Epoch:  13, Total:  26939, Accuracy : 0.9880, Loss: 0.0383
[Eval] Epoch:  13, Total:    872, Accuracy : 0.9381, Loss: 0.2250
[Train] Epoch:  14, Total:  26939, Accuracy : 0.9896, Loss: 0.0158
[Eval] Epoch:  14, Total:    872, Accuracy : 0.9369, Loss: 0.2469
[Train] Epoch:  15, Total:  26939, Accuracy : 0.9903, Loss: 0.0405
[Eval] Epoch:  15, Total:    872, Accuracy : 0.9346, Loss: 0.2088
[Train] Epoch:  16, Total:  26939, Accuracy : 0.9934, Loss: 0.0251
[Eval] Epoch:  16, Total:    872, Accuracy : 0.9415, Loss: 0.1717
[Train] Epoch:  17, Total:  26939, Accuracy : 0.9940, Loss: 0.0407
[Eval] Epoch:  17, Total:    872, Accuracy : 0.9415, Loss: 0.2134
[Train] Epoch:  18, Total:  26939, Accuracy : 0.9951, Loss: 0.0242
[Eval] Epoch:  18, Total:    872, Accuracy : 0.9415, Loss: 0.2194
[Train] Epoch:  19, Total:  26939, Accuracy : 0.9954, Loss: 0.1063
[Eval] Epoch:  19, Total:    872, Accuracy : 0.9404, Loss: 0.2213
{"epoch":[1,2,3,4,5,6,7,8,9,10,11,12,13,14,15,16,17,18,19,20],"train_loss":[0.4552591426192589,0.20580722433778476,0.14828113129116455,0.11276451196029501,0.09203656198773182,0.07296099004177552,0.05861216026165013,0.049376079469989495,0.04451779201011753,0.039605338170351286,0.054272057444630366,0.05216584138501928,0.04555921578990682,0.03762475800928923,0.031848914152503294,0.029417970303428482,0.020138897158794175,0.01769321431946185,0.014403160535159328,0.01505648958571431],"eval_loss":[0.2193354070186615,0.2056039534509182,0.19926752895116806,0.22242965176701546,0.25496630370616913,0.2595914453268051,0.28860555961728096,0.28466257080435753,0.28750986233353615,0.293081596493721,0.2889195419847965,0.27241629362106323,0.2854626402258873,0.29269111528992653,0.3146362900733948,0.31837793067097664,0.2900432199239731,0.31722458451986313,0.32790016010403633,0.33068934828042984],"train_acc":[0.7505104124132299,0.9216748951334497,0.9443928876350273,0.9595753368721928,0.9690411670811834,0.974535060692676,0.9804744051375329,0.9839637699988864,0.9863023868740488,0.9871932885407773,0.9819221203459668,0.9818107576376257,0.9843720999294703,0.9880099484019451,0.9895690263187201,0.9903485652771076,0.9934296002078771,0.9940235346523627,0.9951000408329931,0.9953970080552359],"eval_acc":[0.9197247706422018,0.926605504587156,0.9369266055045872,0.9369266055045872,0.9334862385321101,0.9323394495412844,0.9392201834862385,0.9369266055045872,0.9357798165137615,0.9323394495412844,0.9311926605504587,0.9369266055045872,0.9311926605504587,0.9380733944954128,0.9369266055045872,0.9346330275229358,0.9415137614678899,0.9415137614678899,0.9415137614678899,0.9403669724770642]}
[Eval] Epoch:  11, Total:    872, Accuracy : 0.9404, Loss: 0.2213
872 820 1.3227573931217194
