pruned_1_0.25_model_0
DatasetDict({
    train: Dataset({
        features: ['sentence', 'label', 'indexes'],
        num_rows: 16837
    })
    validation: Dataset({
        features: ['sentence', 'label', 'indexes'],
        num_rows: 872
    })
    test: Dataset({
        features: ['sentence', 'label', 'indexes'],
        num_rows: 1821
    })
})
[Train] Epoch:   0, Total:  16837, Accuracy : 0.6953, Loss: 0.3287
[Eval] Epoch:   0, Total:    872, Accuracy : 0.9025, Loss: 0.2165
[Train] Epoch:   1, Total:  16837, Accuracy : 0.9057, Loss: 0.2397
[Eval] Epoch:   1, Total:    872, Accuracy : 0.9232, Loss: 0.2827
[Train] Epoch:   2, Total:  16837, Accuracy : 0.9290, Loss: 0.1607
[Eval] Epoch:   2, Total:    872, Accuracy : 0.9220, Loss: 0.2711
[Train] Epoch:   3, Total:  16837, Accuracy : 0.9508, Loss: 0.1106
[Eval] Epoch:   3, Total:    872, Accuracy : 0.9209, Loss: 0.3149
[Train] Epoch:   4, Total:  16837, Accuracy : 0.9600, Loss: 0.0701
[Eval] Epoch:   4, Total:    872, Accuracy : 0.9278, Loss: 0.3422
[Train] Epoch:   5, Total:  16837, Accuracy : 0.9708, Loss: 0.0756
[Eval] Epoch:   5, Total:    872, Accuracy : 0.9266, Loss: 0.3216
[Train] Epoch:   6, Total:  16837, Accuracy : 0.9750, Loss: 0.1100
[Eval] Epoch:   6, Total:    872, Accuracy : 0.9232, Loss: 0.3183
[Train] Epoch:   7, Total:  16837, Accuracy : 0.9803, Loss: 0.0763
[Eval] Epoch:   7, Total:    872, Accuracy : 0.9255, Loss: 0.3504
[Train] Epoch:   8, Total:  16837, Accuracy : 0.9816, Loss: 0.0218
[Eval] Epoch:   8, Total:    872, Accuracy : 0.9232, Loss: 0.3627
[Train] Epoch:   9, Total:  16837, Accuracy : 0.9846, Loss: 0.0277
[Eval] Epoch:   9, Total:    872, Accuracy : 0.9232, Loss: 0.3737
[Train] Epoch:  10, Total:  16837, Accuracy : 0.9802, Loss: 0.1056
[Eval] Epoch:  10, Total:    872, Accuracy : 0.9186, Loss: 0.2912
[Train] Epoch:  11, Total:  16837, Accuracy : 0.9784, Loss: 0.0891
[Eval] Epoch:  11, Total:    872, Accuracy : 0.9300, Loss: 0.3019
[Train] Epoch:  12, Total:  16837, Accuracy : 0.9838, Loss: 0.0386
[Eval] Epoch:  12, Total:    872, Accuracy : 0.9278, Loss: 0.3304
[Train] Epoch:  13, Total:  16837, Accuracy : 0.9866, Loss: 0.0242
[Eval] Epoch:  13, Total:    872, Accuracy : 0.9186, Loss: 0.3199
[Train] Epoch:  14, Total:  16837, Accuracy : 0.9887, Loss: 0.0258
[Eval] Epoch:  14, Total:    872, Accuracy : 0.9289, Loss: 0.3808
[Train] Epoch:  15, Total:  16837, Accuracy : 0.9917, Loss: 0.0359
[Eval] Epoch:  15, Total:    872, Accuracy : 0.9278, Loss: 0.3269
[Train] Epoch:  16, Total:  16837, Accuracy : 0.9922, Loss: 0.0119
[Eval] Epoch:  16, Total:    872, Accuracy : 0.9289, Loss: 0.3670
[Train] Epoch:  17, Total:  16837, Accuracy : 0.9934, Loss: 0.0192
[Eval] Epoch:  17, Total:    872, Accuracy : 0.9266, Loss: 0.3784
[Train] Epoch:  18, Total:  16837, Accuracy : 0.9944, Loss: 0.0033
[Eval] Epoch:  18, Total:    872, Accuracy : 0.9266, Loss: 0.3813
[Train] Epoch:  19, Total:  16837, Accuracy : 0.9948, Loss: 0.0102
[Eval] Epoch:  19, Total:    872, Accuracy : 0.9266, Loss: 0.3792
{"epoch":[1,2,3,4,5,6,7,8,9,10,11,12,13,14,15,16,17,18,19,20],"train_loss":[0.5382988367116812,0.23943942988460715,0.18981989213463032,0.13526310963612614,0.10885730944573879,0.08541112427007068,0.07130002385626237,0.05914826465375496,0.05455892846326937,0.047520646853654674,0.05814266468708714,0.06526688528670506,0.0493454089190698,0.04356943557716229,0.03540265934090271,0.03086924032929043,0.027926878382762272,0.02195114794427134,0.02167472972492264,0.018823647716393072],"eval_loss":[0.258871104568243,0.22532430291175842,0.23495497182011604,0.2707396559417248,0.27628153935074806,0.28718284517526627,0.30475687235593796,0.31622687727212906,0.3345497325062752,0.3461920768022537,0.29225752502679825,0.31734317541122437,0.32928813248872757,0.3879794254899025,0.3828485831618309,0.37304604798555374,0.4097749963402748,0.4161308482289314,0.4300905093550682,0.42474235594272614],"train_acc":[0.6952544990200155,0.9056839104353507,0.9290253608124963,0.950822593098533,0.9599691156381778,0.9708380352794441,0.9749955455247372,0.9803409158401141,0.9816475619172061,0.9845578190889114,0.9802221298331056,0.9783809467244758,0.9837857100433569,0.9866365742115579,0.9886559363307003,0.991744372512918,0.9922195165409515,0.9934073766110352,0.9943576646671022,0.9948328086951357],"eval_acc":[0.9025229357798165,0.9231651376146789,0.9220183486238532,0.9208715596330275,0.9277522935779816,0.926605504587156,0.9231651376146789,0.9254587155963303,0.9231651376146789,0.9231651376146789,0.9185779816513762,0.930045871559633,0.9277522935779816,0.9185779816513762,0.9288990825688074,0.9277522935779816,0.9288990825688074,0.926605504587156,0.926605504587156,0.926605504587156]}
[Eval] Epoch:  11, Total:    872, Accuracy : 0.9266, Loss: 0.3792
872 808 1.6989694237709045
