pruned_3_0.4_model_0
DatasetDict({
    train: Dataset({
        features: ['sentence', 'label', 'indexes'],
        num_rows: 26939
    })
    validation: Dataset({
        features: ['sentence', 'label', 'indexes'],
        num_rows: 872
    })
    test: Dataset({
        features: ['sentence', 'label', 'indexes'],
        num_rows: 1821
    })
})
[Train] Epoch:   0, Total:  26939, Accuracy : 0.7752, Loss: 0.1165
[Eval] Epoch:   0, Total:    872, Accuracy : 0.9232, Loss: 0.2104
[Train] Epoch:   1, Total:  26939, Accuracy : 0.9287, Loss: 0.1934
[Eval] Epoch:   1, Total:    872, Accuracy : 0.9312, Loss: 0.2340
[Train] Epoch:   2, Total:  26939, Accuracy : 0.9501, Loss: 0.1198
[Eval] Epoch:   2, Total:    872, Accuracy : 0.9255, Loss: 0.2381
[Train] Epoch:   3, Total:  26939, Accuracy : 0.9651, Loss: 0.1507
[Eval] Epoch:   3, Total:    872, Accuracy : 0.9369, Loss: 0.2027
[Train] Epoch:   4, Total:  26939, Accuracy : 0.9719, Loss: 0.0165
[Eval] Epoch:   4, Total:    872, Accuracy : 0.9415, Loss: 0.2073
[Train] Epoch:   5, Total:  26939, Accuracy : 0.9778, Loss: 0.0340
[Eval] Epoch:   5, Total:    872, Accuracy : 0.9323, Loss: 0.2419
[Train] Epoch:   6, Total:  26939, Accuracy : 0.9817, Loss: 0.0372
[Eval] Epoch:   6, Total:    872, Accuracy : 0.9369, Loss: 0.2379
[Train] Epoch:   7, Total:  26939, Accuracy : 0.9847, Loss: 0.0721
[Eval] Epoch:   7, Total:    872, Accuracy : 0.9392, Loss: 0.2851
[Train] Epoch:   8, Total:  26939, Accuracy : 0.9860, Loss: 0.0537
[Eval] Epoch:   8, Total:    872, Accuracy : 0.9369, Loss: 0.2764
[Train] Epoch:   9, Total:  26939, Accuracy : 0.9869, Loss: 0.0144
[Eval] Epoch:   9, Total:    872, Accuracy : 0.9392, Loss: 0.2682
[Train] Epoch:  10, Total:  26939, Accuracy : 0.9831, Loss: 0.0645
[Eval] Epoch:  10, Total:    872, Accuracy : 0.9323, Loss: 0.2807
[Train] Epoch:  11, Total:  26939, Accuracy : 0.9821, Loss: 0.1093
[Eval] Epoch:  11, Total:    872, Accuracy : 0.9140, Loss: 0.3339
[Train] Epoch:  12, Total:  26939, Accuracy : 0.9850, Loss: 0.0184
[Eval] Epoch:  12, Total:    872, Accuracy : 0.9163, Loss: 0.3220
[Train] Epoch:  13, Total:  26939, Accuracy : 0.9878, Loss: 0.0091
[Eval] Epoch:  13, Total:    872, Accuracy : 0.9358, Loss: 0.1555
[Train] Epoch:  14, Total:  26939, Accuracy : 0.9904, Loss: 0.1422
[Eval] Epoch:  14, Total:    872, Accuracy : 0.9346, Loss: 0.1829
[Train] Epoch:  15, Total:  26939, Accuracy : 0.9916, Loss: 0.0037
[Eval] Epoch:  15, Total:    872, Accuracy : 0.9312, Loss: 0.1944
[Train] Epoch:  16, Total:  26939, Accuracy : 0.9932, Loss: 0.0118
[Eval] Epoch:  16, Total:    872, Accuracy : 0.9358, Loss: 0.2130
[Train] Epoch:  17, Total:  26939, Accuracy : 0.9942, Loss: 0.0060
[Eval] Epoch:  17, Total:    872, Accuracy : 0.9358, Loss: 0.2151
[Train] Epoch:  18, Total:  26939, Accuracy : 0.9948, Loss: 0.0060
[Eval] Epoch:  18, Total:    872, Accuracy : 0.9369, Loss: 0.2339
[Train] Epoch:  19, Total:  26939, Accuracy : 0.9956, Loss: 0.0013
[Eval] Epoch:  19, Total:    872, Accuracy : 0.9369, Loss: 0.2356
{"epoch":[1,2,3,4,5,6,7,8,9,10,11,12,13,14,15,16,17,18,19,20],"train_loss":[0.440584586195226,0.19852988337570765,0.14247731070192354,0.10789696939008415,0.08664442575975971,0.0705285461724929,0.05759207508966045,0.04866677158037728,0.045260687530005596,0.0413184215420119,0.05216507718213043,0.054765680611555304,0.04496125989365128,0.03994944309683973,0.03038826807103348,0.02654045428158188,0.02211816205186242,0.0182264561211374,0.015619396884433643,0.013095040137897123],"eval_loss":[0.21163910254836082,0.19197189807891846,0.22933972999453545,0.20173216983675957,0.20584775879979134,0.24614637345075607,0.25217851996421814,0.2845239080488682,0.29151633381843567,0.2825619727373123,0.27703315764665604,0.3609520196914673,0.3484112024307251,0.2654341384768486,0.26875967532396317,0.2786807529628277,0.2921561524271965,0.2977515533566475,0.3160637989640236,0.31707125529646873],"train_acc":[0.7752329336649467,0.9286536248561565,0.950109506663202,0.9650692304836853,0.9718623556924905,0.9778017001373474,0.981736515832065,0.9846690671517131,0.9859682987490256,0.9868963213185344,0.9831099892349382,0.9820706039570882,0.9850402761795167,0.9878243438880434,0.9904228070826683,0.9916106759716397,0.993206874791195,0.9941720182634841,0.9948401945135306,0.9955826125691377],"eval_acc":[0.9231651376146789,0.9311926605504587,0.9254587155963303,0.9369266055045872,0.9415137614678899,0.9323394495412844,0.9369266055045872,0.9392201834862385,0.9369266055045872,0.9392201834862385,0.9323394495412844,0.9139908256880734,0.9162844036697247,0.9357798165137615,0.9346330275229358,0.9311926605504587,0.9357798165137615,0.9357798165137615,0.9369266055045872,0.9369266055045872]}
[Eval] Epoch:  11, Total:    872, Accuracy : 0.9369, Loss: 0.2356
872 817 1.268285021185875
