random_0.2_model_0
DatasetDict({
    train: Dataset({
        features: ['sentence', 'label', 'indexes'],
        num_rows: 13470
    })
    validation: Dataset({
        features: ['sentence', 'label', 'indexes'],
        num_rows: 872
    })
    test: Dataset({
        features: ['sentence', 'label', 'indexes'],
        num_rows: 1821
    })
})
[Train] Epoch:   0, Total:  13470, Accuracy : 0.6718, Loss: 0.4085
[Eval] Epoch:   0, Total:    872, Accuracy : 0.8979, Loss: 0.2380
[Train] Epoch:   1, Total:  13470, Accuracy : 0.8915, Loss: 0.1650
[Eval] Epoch:   1, Total:    872, Accuracy : 0.9140, Loss: 0.2724
[Train] Epoch:   2, Total:  13470, Accuracy : 0.9300, Loss: 0.1727
[Eval] Epoch:   2, Total:    872, Accuracy : 0.9243, Loss: 0.2672
[Train] Epoch:   3, Total:  13470, Accuracy : 0.9460, Loss: 0.2187
[Eval] Epoch:   3, Total:    872, Accuracy : 0.9300, Loss: 0.3175
[Train] Epoch:   4, Total:  13470, Accuracy : 0.9591, Loss: 0.1378
[Eval] Epoch:   4, Total:    872, Accuracy : 0.9289, Loss: 0.2678
[Train] Epoch:   5, Total:  13470, Accuracy : 0.9685, Loss: 0.0589
[Eval] Epoch:   5, Total:    872, Accuracy : 0.9300, Loss: 0.3674
[Train] Epoch:   6, Total:  13470, Accuracy : 0.9761, Loss: 0.0562
[Eval] Epoch:   6, Total:    872, Accuracy : 0.9243, Loss: 0.3519
[Train] Epoch:   7, Total:  13470, Accuracy : 0.9800, Loss: 0.0600
[Eval] Epoch:   7, Total:    872, Accuracy : 0.9232, Loss: 0.3875
[Train] Epoch:   8, Total:  13470, Accuracy : 0.9816, Loss: 0.0401
[Eval] Epoch:   8, Total:    872, Accuracy : 0.9209, Loss: 0.3983
[Train] Epoch:   9, Total:  13470, Accuracy : 0.9836, Loss: 0.0740
[Eval] Epoch:   9, Total:    872, Accuracy : 0.9232, Loss: 0.3923
[Train] Epoch:  10, Total:  13470, Accuracy : 0.9810, Loss: 0.0608
[Eval] Epoch:  10, Total:    872, Accuracy : 0.9197, Loss: 0.3470
[Train] Epoch:  11, Total:  13470, Accuracy : 0.9771, Loss: 0.1421
[Eval] Epoch:  11, Total:    872, Accuracy : 0.9255, Loss: 0.3618
[Train] Epoch:  12, Total:  13470, Accuracy : 0.9817, Loss: 0.0391
[Eval] Epoch:  12, Total:    872, Accuracy : 0.9323, Loss: 0.3872
[Train] Epoch:  13, Total:  13470, Accuracy : 0.9864, Loss: 0.0607
[Eval] Epoch:  13, Total:    872, Accuracy : 0.9209, Loss: 0.4018
[Train] Epoch:  14, Total:  13470, Accuracy : 0.9901, Loss: 0.0299
[Eval] Epoch:  14, Total:    872, Accuracy : 0.9323, Loss: 0.3761
[Train] Epoch:  15, Total:  13470, Accuracy : 0.9901, Loss: 0.0025
[Eval] Epoch:  15, Total:    872, Accuracy : 0.9094, Loss: 0.4275
[Train] Epoch:  16, Total:  13470, Accuracy : 0.9926, Loss: 0.0030
[Eval] Epoch:  16, Total:    872, Accuracy : 0.9232, Loss: 0.4095
[Train] Epoch:  17, Total:  13470, Accuracy : 0.9932, Loss: 0.0074
[Eval] Epoch:  17, Total:    872, Accuracy : 0.9232, Loss: 0.4021
[Train] Epoch:  18, Total:  13470, Accuracy : 0.9950, Loss: 0.0032
[Eval] Epoch:  18, Total:    872, Accuracy : 0.9243, Loss: 0.4204
[Train] Epoch:  19, Total:  13470, Accuracy : 0.9947, Loss: 0.0328
[Eval] Epoch:  19, Total:    872, Accuracy : 0.9232, Loss: 0.4134
{"epoch":[1,2,3,4,5,6,7,8,9,10,11,12,13,14,15,16,17,18,19,20],"train_loss":[0.5824047163972315,0.27779657857598,0.19058591239857223,0.14540959276118368,0.11182345365578274,0.09016416819309289,0.07100908795617661,0.0603834433164799,0.057581649899904455,0.05171346506279594,0.05820404091533625,0.06915504390479259,0.05482827165638501,0.0419201530990595,0.03338573702593457,0.03086807913551072,0.02579252538930203,0.023547629597333242,0.016003050349371613,0.016888603418714034],"eval_loss":[0.28065571188926697,0.24297212436795235,0.22654910013079643,0.24787551909685135,0.2380516417324543,0.2905949056148529,0.29645825177431107,0.3384174779057503,0.32414302974939346,0.32814713567495346,0.2922522574663162,0.29787637293338776,0.32620516791939735,0.3832147940993309,0.35369873046875,0.47494860738515854,0.40224289894104004,0.4054708704352379,0.4083658903837204,0.41181667894124985],"train_acc":[0.671789161098738,0.8914625092798812,0.929992576095026,0.9459539717891611,0.9590942835931701,0.9685226429101708,0.9760950259836674,0.9800296956198961,0.9815887156644395,0.9835931700074239,0.9809948032665182,0.9770601336302895,0.9816629547141796,0.9864142538975501,0.9900519673348182,0.9900519673348182,0.9925760950259837,0.9931700074239049,0.9949517446176689,0.9946547884187082],"eval_acc":[0.8979357798165137,0.9139908256880734,0.9243119266055045,0.930045871559633,0.9288990825688074,0.930045871559633,0.9243119266055045,0.9231651376146789,0.9208715596330275,0.9231651376146789,0.9197247706422018,0.9254587155963303,0.9323394495412844,0.9208715596330275,0.9323394495412844,0.9094036697247706,0.9231651376146789,0.9231651376146789,0.9243119266055045,0.9231651376146789]}
[Eval] Epoch:  11, Total:    872, Accuracy : 0.9232, Loss: 0.4134
872 805 1.6472667157649994
