pruned_2_0.4_model_0
DatasetDict({
    train: Dataset({
        features: ['sentence', 'label', 'indexes'],
        num_rows: 26939
    })
    validation: Dataset({
        features: ['sentence', 'label', 'indexes'],
        num_rows: 872
    })
    test: Dataset({
        features: ['sentence', 'label', 'indexes'],
        num_rows: 1821
    })
})
[Train] Epoch:   0, Total:  26939, Accuracy : 0.7539, Loss: 0.2829
[Eval] Epoch:   0, Total:    872, Accuracy : 0.9209, Loss: 0.2840
[Train] Epoch:   1, Total:  26939, Accuracy : 0.9026, Loss: 0.1579
[Eval] Epoch:   1, Total:    872, Accuracy : 0.9335, Loss: 0.2042
[Train] Epoch:   2, Total:  26939, Accuracy : 0.9320, Loss: 0.0781
[Eval] Epoch:   2, Total:    872, Accuracy : 0.9312, Loss: 0.2662
[Train] Epoch:   3, Total:  26939, Accuracy : 0.9481, Loss: 0.2025
[Eval] Epoch:   3, Total:    872, Accuracy : 0.9358, Loss: 0.1954
[Train] Epoch:   4, Total:  26939, Accuracy : 0.9608, Loss: 0.1622
[Eval] Epoch:   4, Total:    872, Accuracy : 0.9358, Loss: 0.2537
[Train] Epoch:   5, Total:  26939, Accuracy : 0.9700, Loss: 0.0887
[Eval] Epoch:   5, Total:    872, Accuracy : 0.9300, Loss: 0.2493
[Train] Epoch:   6, Total:  26939, Accuracy : 0.9738, Loss: 0.0622
[Eval] Epoch:   6, Total:    872, Accuracy : 0.9278, Loss: 0.2537
[Train] Epoch:   7, Total:  26939, Accuracy : 0.9776, Loss: 0.0561
[Eval] Epoch:   7, Total:    872, Accuracy : 0.9335, Loss: 0.2594
[Train] Epoch:   8, Total:  26939, Accuracy : 0.9800, Loss: 0.0218
[Eval] Epoch:   8, Total:    872, Accuracy : 0.9323, Loss: 0.2652
[Train] Epoch:   9, Total:  26939, Accuracy : 0.9817, Loss: 0.0956
[Eval] Epoch:   9, Total:    872, Accuracy : 0.9335, Loss: 0.2651
[Train] Epoch:  10, Total:  26939, Accuracy : 0.9767, Loss: 0.1009
[Eval] Epoch:  10, Total:    872, Accuracy : 0.9427, Loss: 0.2274
[Train] Epoch:  11, Total:  26939, Accuracy : 0.9775, Loss: 0.1539
[Eval] Epoch:  11, Total:    872, Accuracy : 0.9381, Loss: 0.2889
[Train] Epoch:  12, Total:  26939, Accuracy : 0.9798, Loss: 0.0422
[Eval] Epoch:  12, Total:    872, Accuracy : 0.9312, Loss: 0.2504
[Train] Epoch:  13, Total:  26939, Accuracy : 0.9852, Loss: 0.0613
[Eval] Epoch:  13, Total:    872, Accuracy : 0.9369, Loss: 0.2784
[Train] Epoch:  14, Total:  26939, Accuracy : 0.9865, Loss: 0.0088
[Eval] Epoch:  14, Total:    872, Accuracy : 0.9323, Loss: 0.2863
[Train] Epoch:  15, Total:  26939, Accuracy : 0.9888, Loss: 0.0177
[Eval] Epoch:  15, Total:    872, Accuracy : 0.9427, Loss: 0.2579
[Train] Epoch:  16, Total:  26939, Accuracy : 0.9905, Loss: 0.1113
[Eval] Epoch:  16, Total:    872, Accuracy : 0.9415, Loss: 0.2803
[Train] Epoch:  17, Total:  26939, Accuracy : 0.9917, Loss: 0.0059
[Eval] Epoch:  17, Total:    872, Accuracy : 0.9369, Loss: 0.2942
[Train] Epoch:  18, Total:  26939, Accuracy : 0.9922, Loss: 0.0327
[Eval] Epoch:  18, Total:    872, Accuracy : 0.9415, Loss: 0.2934
[Train] Epoch:  19, Total:  26939, Accuracy : 0.9921, Loss: 0.0030
[Eval] Epoch:  19, Total:    872, Accuracy : 0.9404, Loss: 0.2951
{"epoch":[1,2,3,4,5,6,7,8,9,10,11,12,13,14,15,16,17,18,19,20],"train_loss":[0.438877302239526,0.2252049135430804,0.16529576044599964,0.13295161927927215,0.10477279302365375,0.08491349086727736,0.07203578388423852,0.0637022358945237,0.055187523417737125,0.05348382938547798,0.06640667421743274,0.06323672719475515,0.058087283692691685,0.0438623380812131,0.04037796048763788,0.03408845266731421,0.028972894981292623,0.024184775220247794,0.021520014707315363,0.021586401804288814],"eval_loss":[0.2262108363211155,0.1920427531003952,0.2386518307030201,0.20745361596345901,0.24429696798324585,0.2502986453473568,0.2701088786125183,0.2758219502866268,0.27648162096738815,0.27866416424512863,0.22986039519309998,0.2731824889779091,0.26878007873892784,0.2804253473877907,0.29749614372849464,0.27326515689492226,0.29806192219257355,0.31007830053567886,0.314380444586277,0.31524816900491714],"train_acc":[0.7539255354690226,0.9026318720071272,0.9320316270091689,0.9481420988158432,0.9607632057611641,0.9700063105534726,0.9738297635398493,0.9776160956234455,0.9800289543041687,0.981736515832065,0.9766880730539367,0.9775047329151045,0.9798062288874866,0.9852258806934184,0.9864879913879505,0.988826608263113,0.9904599279854486,0.9916849177772004,0.992167489513345,0.9921303686105646],"eval_acc":[0.9208715596330275,0.9334862385321101,0.9311926605504587,0.9357798165137615,0.9357798165137615,0.930045871559633,0.9277522935779816,0.9334862385321101,0.9323394495412844,0.9334862385321101,0.9426605504587156,0.9380733944954128,0.9311926605504587,0.9369266055045872,0.9323394495412844,0.9426605504587156,0.9415137614678899,0.9369266055045872,0.9415137614678899,0.9403669724770642]}
[Eval] Epoch:  11, Total:    872, Accuracy : 0.9404, Loss: 0.2951
872 820 1.2609926760196686
