random_0.005_model_0
DatasetDict({
    train: Dataset({
        features: ['sentence', 'label', 'indexes'],
        num_rows: 337
    })
    validation: Dataset({
        features: ['sentence', 'label', 'indexes'],
        num_rows: 872
    })
    test: Dataset({
        features: ['sentence', 'label', 'indexes'],
        num_rows: 1821
    })
})
[Train] Epoch:   0, Total:    337, Accuracy : 0.4481, Loss: 0.7082
[Eval] Epoch:   0, Total:    872, Accuracy : 0.4908, Loss: 0.6991
[Train] Epoch:   1, Total:    337, Accuracy : 0.4481, Loss: 0.6915
[Eval] Epoch:   1, Total:    872, Accuracy : 0.4908, Loss: 0.6986
[Train] Epoch:   2, Total:    337, Accuracy : 0.4510, Loss: 0.7115
[Eval] Epoch:   2, Total:    872, Accuracy : 0.4908, Loss: 0.6977
[Train] Epoch:   3, Total:    337, Accuracy : 0.4451, Loss: 0.6975
[Eval] Epoch:   3, Total:    872, Accuracy : 0.4908, Loss: 0.6966
[Train] Epoch:   4, Total:    337, Accuracy : 0.4362, Loss: 0.6998
[Eval] Epoch:   4, Total:    872, Accuracy : 0.4908, Loss: 0.6953
[Train] Epoch:   5, Total:    337, Accuracy : 0.4421, Loss: 0.6979
[Eval] Epoch:   5, Total:    872, Accuracy : 0.4908, Loss: 0.6940
[Train] Epoch:   6, Total:    337, Accuracy : 0.5134, Loss: 0.6923
[Eval] Epoch:   6, Total:    872, Accuracy : 0.5138, Loss: 0.6930
[Train] Epoch:   7, Total:    337, Accuracy : 0.5371, Loss: 0.6880
[Eval] Epoch:   7, Total:    872, Accuracy : 0.5092, Loss: 0.6924
[Train] Epoch:   8, Total:    337, Accuracy : 0.5519, Loss: 0.6957
[Eval] Epoch:   8, Total:    872, Accuracy : 0.5092, Loss: 0.6923
[Train] Epoch:   9, Total:    337, Accuracy : 0.5519, Loss: 0.6975
[Eval] Epoch:   9, Total:    872, Accuracy : 0.5092, Loss: 0.6927
[Train] Epoch:  10, Total:    337, Accuracy : 0.5519, Loss: 0.7019
[Eval] Epoch:  10, Total:    872, Accuracy : 0.5092, Loss: 0.6933
[Train] Epoch:  11, Total:    337, Accuracy : 0.5519, Loss: 0.6794
[Eval] Epoch:  11, Total:    872, Accuracy : 0.5092, Loss: 0.6939
[Train] Epoch:  12, Total:    337, Accuracy : 0.5519, Loss: 0.6891
[Eval] Epoch:  12, Total:    872, Accuracy : 0.5092, Loss: 0.6944
[Train] Epoch:  13, Total:    337, Accuracy : 0.5519, Loss: 0.6934
[Eval] Epoch:  13, Total:    872, Accuracy : 0.5092, Loss: 0.6944
[Train] Epoch:  14, Total:    337, Accuracy : 0.5519, Loss: 0.6883
[Eval] Epoch:  14, Total:    872, Accuracy : 0.5092, Loss: 0.6938
[Train] Epoch:  15, Total:    337, Accuracy : 0.5519, Loss: 0.6961
[Eval] Epoch:  15, Total:    872, Accuracy : 0.5092, Loss: 0.6926
[Train] Epoch:  16, Total:    337, Accuracy : 0.5519, Loss: 0.6628
[Eval] Epoch:  16, Total:    872, Accuracy : 0.5092, Loss: 0.6905
[Train] Epoch:  17, Total:    337, Accuracy : 0.5519, Loss: 0.6620
[Eval] Epoch:  17, Total:    872, Accuracy : 0.5092, Loss: 0.6856
[Train] Epoch:  18, Total:    337, Accuracy : 0.5519, Loss: 0.6560
[Eval] Epoch:  18, Total:    872, Accuracy : 0.5092, Loss: 0.6723
[Train] Epoch:  19, Total:    337, Accuracy : 0.5519, Loss: 0.6093
[Eval] Epoch:  19, Total:    872, Accuracy : 0.5092, Loss: 0.6398
{"epoch":[1,2,3,4,5,6,7,8,9,10,11,12,13,14,15,16,17,18,19,20],"train_loss":[0.7082745134830475,0.7003343999385834,0.7050192654132843,0.6990200579166412,0.6979703605175018,0.6992848217487335,0.6926808655261993,0.6890288293361664,0.6905538439750671,0.6913290321826935,0.6909954845905304,0.6829152405261993,0.6856144368648529,0.6853228211402893,0.6851628720760345,0.6855559647083282,0.6684126555919647,0.6698978841304779,0.6585334539413452,0.6267776787281036],"eval_loss":[0.6977226138114929,0.6972600668668747,0.6965179145336151,0.6955489367246628,0.6944995373487473,0.6934934556484222,0.6927836835384369,0.6925497353076935,0.6928700506687164,0.6935426294803619,0.6943343877792358,0.6950192153453827,0.6955248564481735,0.6954770386219025,0.6947479993104935,0.6932807266712189,0.6908807456493378,0.6854554712772369,0.6719882786273956,0.6392196118831635],"train_acc":[0.44807121661721067,0.44807121661721067,0.45103857566765576,0.44510385756676557,0.4362017804154303,0.4421364985163205,0.5133531157270029,0.5370919881305638,0.5519287833827893,0.5519287833827893,0.5519287833827893,0.5519287833827893,0.5519287833827893,0.5519287833827893,0.5519287833827893,0.5519287833827893,0.5519287833827893,0.5519287833827893,0.5519287833827893,0.5519287833827893],"eval_acc":[0.4908256880733945,0.4908256880733945,0.4908256880733945,0.4908256880733945,0.4908256880733945,0.4908256880733945,0.5137614678899083,0.5091743119266054,0.5091743119266054,0.5091743119266054,0.5091743119266054,0.5091743119266054,0.5091743119266054,0.5091743119266054,0.5091743119266054,0.5091743119266054,0.5091743119266054,0.5091743119266054,0.5091743119266054,0.5091743119266054]}
[Eval] Epoch:  11, Total:    872, Accuracy : 0.5092, Loss: 0.6398
872 444 2.556878447532654
