pruned_2_0.2_model_0
DatasetDict({
    train: Dataset({
        features: ['sentence', 'label', 'indexes'],
        num_rows: 13469
    })
    validation: Dataset({
        features: ['sentence', 'label', 'indexes'],
        num_rows: 872
    })
    test: Dataset({
        features: ['sentence', 'label', 'indexes'],
        num_rows: 1821
    })
})
[Train] Epoch:   0, Total:  13469, Accuracy : 0.6739, Loss: 0.3449
[Eval] Epoch:   0, Total:    872, Accuracy : 0.8681, Loss: 0.2586
[Train] Epoch:   1, Total:  13469, Accuracy : 0.8438, Loss: 0.2926
[Eval] Epoch:   1, Total:    872, Accuracy : 0.9151, Loss: 0.2088
[Train] Epoch:   2, Total:  13469, Accuracy : 0.8865, Loss: 0.1843
[Eval] Epoch:   2, Total:    872, Accuracy : 0.9266, Loss: 0.1972
[Train] Epoch:   3, Total:  13469, Accuracy : 0.9154, Loss: 0.1770
[Eval] Epoch:   3, Total:    872, Accuracy : 0.9140, Loss: 0.2288
[Train] Epoch:   4, Total:  13469, Accuracy : 0.9300, Loss: 0.1270
[Eval] Epoch:   4, Total:    872, Accuracy : 0.9278, Loss: 0.2250
[Train] Epoch:   5, Total:  13469, Accuracy : 0.9451, Loss: 0.1162
[Eval] Epoch:   5, Total:    872, Accuracy : 0.9266, Loss: 0.2722
[Train] Epoch:   6, Total:  13469, Accuracy : 0.9589, Loss: 0.1539
[Eval] Epoch:   6, Total:    872, Accuracy : 0.9289, Loss: 0.2779
[Train] Epoch:   7, Total:  13469, Accuracy : 0.9647, Loss: 0.1764
[Eval] Epoch:   7, Total:    872, Accuracy : 0.9255, Loss: 0.2956
[Train] Epoch:   8, Total:  13469, Accuracy : 0.9661, Loss: 0.0715
[Eval] Epoch:   8, Total:    872, Accuracy : 0.9266, Loss: 0.3032
[Train] Epoch:   9, Total:  13469, Accuracy : 0.9697, Loss: 0.0951
[Eval] Epoch:   9, Total:    872, Accuracy : 0.9243, Loss: 0.3067
[Train] Epoch:  10, Total:  13469, Accuracy : 0.9657, Loss: 0.0684
[Eval] Epoch:  10, Total:    872, Accuracy : 0.9312, Loss: 0.3234
[Train] Epoch:  11, Total:  13469, Accuracy : 0.9649, Loss: 0.0628
[Eval] Epoch:  11, Total:    872, Accuracy : 0.9243, Loss: 0.3123
[Train] Epoch:  12, Total:  13469, Accuracy : 0.9688, Loss: 0.0602
[Eval] Epoch:  12, Total:    872, Accuracy : 0.9289, Loss: 0.2724
[Train] Epoch:  13, Total:  13469, Accuracy : 0.9766, Loss: 0.0534
[Eval] Epoch:  13, Total:    872, Accuracy : 0.9335, Loss: 0.3075
[Train] Epoch:  14, Total:  13469, Accuracy : 0.9797, Loss: 0.0932
[Eval] Epoch:  14, Total:    872, Accuracy : 0.9232, Loss: 0.3384
[Train] Epoch:  15, Total:  13469, Accuracy : 0.9823, Loss: 0.0656
[Eval] Epoch:  15, Total:    872, Accuracy : 0.9174, Loss: 0.4051
[Train] Epoch:  16, Total:  13469, Accuracy : 0.9867, Loss: 0.0126
[Eval] Epoch:  16, Total:    872, Accuracy : 0.9300, Loss: 0.3834
[Train] Epoch:  17, Total:  13469, Accuracy : 0.9887, Loss: 0.0157
[Eval] Epoch:  17, Total:    872, Accuracy : 0.9300, Loss: 0.3866
[Train] Epoch:  18, Total:  13469, Accuracy : 0.9894, Loss: 0.0568
[Eval] Epoch:  18, Total:    872, Accuracy : 0.9300, Loss: 0.3863
[Train] Epoch:  19, Total:  13469, Accuracy : 0.9889, Loss: 0.0325
[Eval] Epoch:  19, Total:    872, Accuracy : 0.9312, Loss: 0.3868
{"epoch":[1,2,3,4,5,6,7,8,9,10,11,12,13,14,15,16,17,18,19,20],"train_loss":[0.5780049478108028,0.3107809519992684,0.24595231829949146,0.19875621120884734,0.16559668714707754,0.13792737053250367,0.1086329164791782,0.09678997092370717,0.08794130124854592,0.0805393008972114,0.09218182618606766,0.09064757458443912,0.08279448410250106,0.0670710829842203,0.056943344514606135,0.051434972991217985,0.04131035831809606,0.034571274166118424,0.03267036458336801,0.033675146148592794],"eval_loss":[0.30992577224969864,0.2293558269739151,0.19918232783675194,0.2305055670440197,0.22151276469230652,0.2532561160624027,0.26228396594524384,0.2688383460044861,0.27448736503720284,0.2788715772330761,0.2619296684861183,0.2747249864041805,0.26088763400912285,0.2880246490240097,0.3139244541525841,0.3687758967280388,0.32399704307317734,0.32032304257154465,0.32156211137771606,0.32123521715402603],"train_acc":[0.6739178855148861,0.8437894424233425,0.8864800653352142,0.9153611997921153,0.9299873784245304,0.9450590244264607,0.9588685128814315,0.9646595886851288,0.9660702353552603,0.9697082188729675,0.9656990125473309,0.9648823223698864,0.9688172841339372,0.9766129631004529,0.9797312346870591,0.9823297943425644,0.9867102234761304,0.9887148266389487,0.9893830276932215,0.9889375603237063],"eval_acc":[0.8681192660550459,0.9151376146788991,0.926605504587156,0.9139908256880734,0.9277522935779816,0.926605504587156,0.9288990825688074,0.9254587155963303,0.926605504587156,0.9243119266055045,0.9311926605504587,0.9243119266055045,0.9288990825688074,0.9334862385321101,0.9231651376146789,0.9174311926605505,0.930045871559633,0.930045871559633,0.930045871559633,0.9311926605504587]}
[Eval] Epoch:  11, Total:    872, Accuracy : 0.9312, Loss: 0.3868
872 812 1.2849408686161041
