pruned_2_0.1_model_0
DatasetDict({
    train: Dataset({
        features: ['sentence', 'label', 'indexes'],
        num_rows: 6734
    })
    validation: Dataset({
        features: ['sentence', 'label', 'indexes'],
        num_rows: 872
    })
    test: Dataset({
        features: ['sentence', 'label', 'indexes'],
        num_rows: 1821
    })
})
[Train] Epoch:   0, Total:   6734, Accuracy : 0.7153, Loss: 0.4942
[Eval] Epoch:   0, Total:    872, Accuracy : 0.4908, Loss: 0.9904
[Train] Epoch:   1, Total:   6734, Accuracy : 0.7383, Loss: 0.4725
[Eval] Epoch:   1, Total:    872, Accuracy : 0.4954, Loss: 0.5539
[Train] Epoch:   2, Total:   6734, Accuracy : 0.7688, Loss: 0.4084
[Eval] Epoch:   2, Total:    872, Accuracy : 0.6755, Loss: 0.4924
[Train] Epoch:   3, Total:   6734, Accuracy : 0.8010, Loss: 0.3606
[Eval] Epoch:   3, Total:    872, Accuracy : 0.8922, Loss: 0.3097
[Train] Epoch:   4, Total:   6734, Accuracy : 0.8407, Loss: 0.2593
[Eval] Epoch:   4, Total:    872, Accuracy : 0.8945, Loss: 0.2645
[Train] Epoch:   5, Total:   6734, Accuracy : 0.8721, Loss: 0.3922
[Eval] Epoch:   5, Total:    872, Accuracy : 0.9094, Loss: 0.2318
[Train] Epoch:   6, Total:   6734, Accuracy : 0.8888, Loss: 0.2638
[Eval] Epoch:   6, Total:    872, Accuracy : 0.9163, Loss: 0.2306
[Train] Epoch:   7, Total:   6734, Accuracy : 0.9036, Loss: 0.1875
[Eval] Epoch:   7, Total:    872, Accuracy : 0.9174, Loss: 0.2323
[Train] Epoch:   8, Total:   6734, Accuracy : 0.9102, Loss: 0.2622
[Eval] Epoch:   8, Total:    872, Accuracy : 0.9163, Loss: 0.2495
[Train] Epoch:   9, Total:   6734, Accuracy : 0.9186, Loss: 0.1454
[Eval] Epoch:   9, Total:    872, Accuracy : 0.9174, Loss: 0.2450
[Train] Epoch:  10, Total:   6734, Accuracy : 0.9223, Loss: 0.1999
[Eval] Epoch:  10, Total:    872, Accuracy : 0.9163, Loss: 0.2572
[Train] Epoch:  11, Total:   6734, Accuracy : 0.9176, Loss: 0.1239
[Eval] Epoch:  11, Total:    872, Accuracy : 0.9140, Loss: 0.2301
[Train] Epoch:  12, Total:   6734, Accuracy : 0.9308, Loss: 0.2190
[Eval] Epoch:  12, Total:    872, Accuracy : 0.9117, Loss: 0.2266
[Train] Epoch:  13, Total:   6734, Accuracy : 0.9452, Loss: 0.1530
[Eval] Epoch:  13, Total:    872, Accuracy : 0.9083, Loss: 0.3185
[Train] Epoch:  14, Total:   6734, Accuracy : 0.9507, Loss: 0.1043
[Eval] Epoch:  14, Total:    872, Accuracy : 0.9117, Loss: 0.3081
[Train] Epoch:  15, Total:   6734, Accuracy : 0.9641, Loss: 0.2274
[Eval] Epoch:  15, Total:    872, Accuracy : 0.9106, Loss: 0.3689
[Train] Epoch:  16, Total:   6734, Accuracy : 0.9684, Loss: 0.0397
[Eval] Epoch:  16, Total:    872, Accuracy : 0.9174, Loss: 0.2971
[Train] Epoch:  17, Total:   6734, Accuracy : 0.9736, Loss: 0.0251
[Eval] Epoch:  17, Total:    872, Accuracy : 0.9197, Loss: 0.3090
[Train] Epoch:  18, Total:   6734, Accuracy : 0.9730, Loss: 0.0732
[Eval] Epoch:  18, Total:    872, Accuracy : 0.9174, Loss: 0.3149
[Train] Epoch:  19, Total:   6734, Accuracy : 0.9764, Loss: 0.0582
[Eval] Epoch:  19, Total:    872, Accuracy : 0.9186, Loss: 0.3128
{"epoch":[1,2,3,4,5,6,7,8,9,10,11,12,13,14,15,16,17,18,19,20],"train_loss":[0.6368594589056792,0.5223347544670105,0.417900025844574,0.3667862680223253,0.32048699922031826,0.2821035451359219,0.2437342565368723,0.22053765257199606,0.20812071749457606,0.1936128443038022,0.1882043370494136,0.1927846035471669,0.17382468227986936,0.1397048025219529,0.12203489713094852,0.10225878283381462,0.08706073214610417,0.07570087130146998,0.07233449113037851,0.06662376149109116],"eval_loss":[0.9768687784671783,0.5623316317796707,0.5077627301216125,0.33564620465040207,0.28032056242227554,0.25239863246679306,0.2413221411406994,0.24144982919096947,0.255335446447134,0.2525543086230755,0.2649291902780533,0.24407073482871056,0.2549244947731495,0.3054277375340462,0.31169837713241577,0.3584272414445877,0.3001047447323799,0.3157428950071335,0.3158171772956848,0.31448614597320557],"train_acc":[0.7153252153252153,0.7383427383427383,0.7687852687852688,0.801009801009801,0.8406593406593407,0.8721413721413721,0.8887733887733887,0.9036234036234037,0.9101574101574101,0.9186219186219187,0.9223344223344223,0.9175824175824175,0.9307989307989308,0.9452034452034452,0.9506979506979507,0.9640629640629641,0.9683694683694684,0.9735669735669735,0.972972972972973,0.9763884763884764],"eval_acc":[0.4908256880733945,0.4954128440366973,0.6754587155963303,0.8922018348623854,0.8944954128440367,0.9094036697247706,0.9162844036697247,0.9174311926605505,0.9162844036697247,0.9174311926605505,0.9162844036697247,0.9139908256880734,0.911697247706422,0.908256880733945,0.911697247706422,0.9105504587155964,0.9174311926605505,0.9197247706422018,0.9174311926605505,0.9185779816513762]}
[Eval] Epoch:  11, Total:    872, Accuracy : 0.9186, Loss: 0.3128
872 801 1.2579445838928223
