pruned_3_0.1_model_0
DatasetDict({
    train: Dataset({
        features: ['sentence', 'label', 'indexes'],
        num_rows: 6734
    })
    validation: Dataset({
        features: ['sentence', 'label', 'indexes'],
        num_rows: 872
    })
    test: Dataset({
        features: ['sentence', 'label', 'indexes'],
        num_rows: 1821
    })
})
[Train] Epoch:   0, Total:   6734, Accuracy : 0.5546, Loss: 0.7035
[Eval] Epoch:   0, Total:    872, Accuracy : 0.5092, Loss: 0.7127
[Train] Epoch:   1, Total:   6734, Accuracy : 0.7434, Loss: 0.4328
[Eval] Epoch:   1, Total:    872, Accuracy : 0.8933, Loss: 0.2577
[Train] Epoch:   2, Total:   6734, Accuracy : 0.8854, Loss: 0.3336
[Eval] Epoch:   2, Total:    872, Accuracy : 0.9197, Loss: 0.2607
[Train] Epoch:   3, Total:   6734, Accuracy : 0.9266, Loss: 0.2617
[Eval] Epoch:   3, Total:    872, Accuracy : 0.9151, Loss: 0.3107
[Train] Epoch:   4, Total:   6734, Accuracy : 0.9473, Loss: 0.2680
[Eval] Epoch:   4, Total:    872, Accuracy : 0.9209, Loss: 0.2910
[Train] Epoch:   5, Total:   6734, Accuracy : 0.9557, Loss: 0.1494
[Eval] Epoch:   5, Total:    872, Accuracy : 0.9220, Loss: 0.3072
[Train] Epoch:   6, Total:   6734, Accuracy : 0.9666, Loss: 0.2343
[Eval] Epoch:   6, Total:    872, Accuracy : 0.9289, Loss: 0.3604
[Train] Epoch:   7, Total:   6734, Accuracy : 0.9722, Loss: 0.0577
[Eval] Epoch:   7, Total:    872, Accuracy : 0.9197, Loss: 0.3509
[Train] Epoch:   8, Total:   6734, Accuracy : 0.9779, Loss: 0.2994
[Eval] Epoch:   8, Total:    872, Accuracy : 0.9255, Loss: 0.3724
[Train] Epoch:   9, Total:   6734, Accuracy : 0.9791, Loss: 0.0854
[Eval] Epoch:   9, Total:    872, Accuracy : 0.9220, Loss: 0.3753
[Train] Epoch:  10, Total:   6734, Accuracy : 0.9786, Loss: 0.0366
[Eval] Epoch:  10, Total:    872, Accuracy : 0.9278, Loss: 0.3708
[Train] Epoch:  11, Total:   6734, Accuracy : 0.9771, Loss: 0.0513
[Eval] Epoch:  11, Total:    872, Accuracy : 0.9174, Loss: 0.4074
[Train] Epoch:  12, Total:   6734, Accuracy : 0.9795, Loss: 0.0107
[Eval] Epoch:  12, Total:    872, Accuracy : 0.9106, Loss: 0.4947
[Train] Epoch:  13, Total:   6734, Accuracy : 0.9857, Loss: 0.0321
[Eval] Epoch:  13, Total:    872, Accuracy : 0.9151, Loss: 0.4629
[Train] Epoch:  14, Total:   6734, Accuracy : 0.9871, Loss: 0.0894
[Eval] Epoch:  14, Total:    872, Accuracy : 0.9163, Loss: 0.4531
[Train] Epoch:  15, Total:   6734, Accuracy : 0.9877, Loss: 0.0871
[Eval] Epoch:  15, Total:    872, Accuracy : 0.9278, Loss: 0.4351
[Train] Epoch:  16, Total:   6734, Accuracy : 0.9883, Loss: 0.1678
[Eval] Epoch:  16, Total:    872, Accuracy : 0.9266, Loss: 0.4279
[Train] Epoch:  17, Total:   6734, Accuracy : 0.9917, Loss: 0.0110
[Eval] Epoch:  17, Total:    872, Accuracy : 0.9186, Loss: 0.4709
[Train] Epoch:  18, Total:   6734, Accuracy : 0.9938, Loss: 0.0481
[Eval] Epoch:  18, Total:    872, Accuracy : 0.9220, Loss: 0.4590
[Train] Epoch:  19, Total:   6734, Accuracy : 0.9933, Loss: 0.0141
[Eval] Epoch:  19, Total:    872, Accuracy : 0.9197, Loss: 0.4558
{"epoch":[1,2,3,4,5,6,7,8,9,10,11,12,13,14,15,16,17,18,19,20],"train_loss":[0.6842537698922334,0.511849253265946,0.3086815123204832,0.2188765064433769,0.16428852026109342,0.13265067256159252,0.11021140921447012,0.08871046439916999,0.080081298119492,0.07174168396051284,0.0682311814830259,0.07540155381516174,0.06484479484734712,0.047468853976439546,0.046731261260531565,0.04753048395462058,0.04098020928601424,0.029867553479831527,0.02547020746257018,0.026568516605982074],"eval_loss":[0.7160483300685883,0.31906939297914505,0.23961152508854866,0.28008487075567245,0.253809567540884,0.2567205913364887,0.2872106730937958,0.2940746769309044,0.3094063028693199,0.3180815875530243,0.30696406215429306,0.3492511585354805,0.3962056189775467,0.39127153903245926,0.38831398636102676,0.3956291079521179,0.36552250385284424,0.4187762439250946,0.43134983628988266,0.4230187088251114],"train_acc":[0.5546480546480547,0.7433917433917434,0.8853578853578854,0.9266409266409267,0.9472824472824473,0.9557469557469558,0.9665874665874666,0.9722304722304722,0.9778734778734779,0.9790614790614791,0.9786159786159786,0.9771309771309772,0.9795069795069795,0.9857439857439857,0.9870804870804871,0.9876744876744876,0.9882684882684882,0.9916839916839917,0.9937629937629938,0.9933174933174933],"eval_acc":[0.5091743119266054,0.893348623853211,0.9197247706422018,0.9151376146788991,0.9208715596330275,0.9220183486238532,0.9288990825688074,0.9197247706422018,0.9254587155963303,0.9220183486238532,0.9277522935779816,0.9174311926605505,0.9105504587155964,0.9151376146788991,0.9162844036697247,0.9277522935779816,0.926605504587156,0.9185779816513762,0.9220183486238532,0.9197247706422018]}
[Eval] Epoch:  11, Total:    872, Accuracy : 0.9197, Loss: 0.4558
872 802 1.6920748353004456
