random_0.04_model_0
DatasetDict({
    train: Dataset({
        features: ['sentence', 'label', 'indexes'],
        num_rows: 2694
    })
    validation: Dataset({
        features: ['sentence', 'label', 'indexes'],
        num_rows: 872
    })
    test: Dataset({
        features: ['sentence', 'label', 'indexes'],
        num_rows: 1821
    })
})
[Train] Epoch:   0, Total:   2694, Accuracy : 0.5642, Loss: 0.6931
[Eval] Epoch:   0, Total:    872, Accuracy : 0.5092, Loss: 0.6934
[Train] Epoch:   1, Total:   2694, Accuracy : 0.5635, Loss: 0.6763
[Eval] Epoch:   1, Total:    872, Accuracy : 0.5092, Loss: 0.6943
[Train] Epoch:   2, Total:   2694, Accuracy : 0.5638, Loss: 0.6554
[Eval] Epoch:   2, Total:    872, Accuracy : 0.5092, Loss: 0.6621
[Train] Epoch:   3, Total:   2694, Accuracy : 0.7754, Loss: 0.3722
[Eval] Epoch:   3, Total:    872, Accuracy : 0.8773, Loss: 0.3047
[Train] Epoch:   4, Total:   2694, Accuracy : 0.8827, Loss: 0.3197
[Eval] Epoch:   4, Total:    872, Accuracy : 0.8979, Loss: 0.2592
[Train] Epoch:   5, Total:   2694, Accuracy : 0.8950, Loss: 0.1945
[Eval] Epoch:   5, Total:    872, Accuracy : 0.9037, Loss: 0.2847
[Train] Epoch:   6, Total:   2694, Accuracy : 0.9224, Loss: 0.1828
[Eval] Epoch:   6, Total:    872, Accuracy : 0.8899, Loss: 0.2877
[Train] Epoch:   7, Total:   2694, Accuracy : 0.9384, Loss: 0.1228
[Eval] Epoch:   7, Total:    872, Accuracy : 0.8922, Loss: 0.3400
[Train] Epoch:   8, Total:   2694, Accuracy : 0.9454, Loss: 0.1725
[Eval] Epoch:   8, Total:    872, Accuracy : 0.9037, Loss: 0.3382
[Train] Epoch:   9, Total:   2694, Accuracy : 0.9543, Loss: 0.0876
[Eval] Epoch:   9, Total:    872, Accuracy : 0.9140, Loss: 0.3099
[Train] Epoch:  10, Total:   2694, Accuracy : 0.9633, Loss: 0.0935
[Eval] Epoch:  10, Total:    872, Accuracy : 0.9117, Loss: 0.3192
[Train] Epoch:  11, Total:   2694, Accuracy : 0.9633, Loss: 0.2184
[Eval] Epoch:  11, Total:    872, Accuracy : 0.9128, Loss: 0.3166
[Train] Epoch:  12, Total:   2694, Accuracy : 0.9610, Loss: 0.1177
[Eval] Epoch:  12, Total:    872, Accuracy : 0.9106, Loss: 0.3526
[Train] Epoch:  13, Total:   2694, Accuracy : 0.9785, Loss: 0.0466
[Eval] Epoch:  13, Total:    872, Accuracy : 0.8933, Loss: 0.4735
[Train] Epoch:  14, Total:   2694, Accuracy : 0.9774, Loss: 0.1229
[Eval] Epoch:  14, Total:    872, Accuracy : 0.9094, Loss: 0.4269
[Train] Epoch:  15, Total:   2694, Accuracy : 0.9781, Loss: 0.0987
[Eval] Epoch:  15, Total:    872, Accuracy : 0.9060, Loss: 0.3625
[Train] Epoch:  16, Total:   2694, Accuracy : 0.9874, Loss: 0.0320
[Eval] Epoch:  16, Total:    872, Accuracy : 0.9186, Loss: 0.3732
[Train] Epoch:  17, Total:   2694, Accuracy : 0.9874, Loss: 0.0855
[Eval] Epoch:  17, Total:    872, Accuracy : 0.9106, Loss: 0.4057
[Train] Epoch:  18, Total:   2694, Accuracy : 0.9889, Loss: 0.0552
[Eval] Epoch:  18, Total:    872, Accuracy : 0.9117, Loss: 0.4183
[Train] Epoch:  19, Total:   2694, Accuracy : 0.9911, Loss: 0.0059
[Eval] Epoch:  19, Total:    872, Accuracy : 0.9117, Loss: 0.4174
{"epoch":[1,2,3,4,5,6,7,8,9,10,11,12,13,14,15,16,17,18,19,20],"train_loss":[0.6882606582208113,0.6847034042531793,0.6767870621247725,0.49315355582670733,0.3350262167778882,0.2851277373053811,0.22467117824337698,0.18061817640608008,0.15926573831926694,0.13813316754319452,0.11155855994332921,0.12448077513412996,0.11731953817335042,0.07591720297932625,0.07666968317194418,0.07012345032258467,0.0411134980280291,0.04638615411452272,0.0383546483618292,0.03619168415157632],"eval_loss":[0.6945431232452393,0.696087509393692,0.6636481732130051,0.3209073096513748,0.27682244405150414,0.26146238669753075,0.2618612237274647,0.28341731056571007,0.28036632388830185,0.25980814173817635,0.26944397762417793,0.2671034634113312,0.29646769911050797,0.3898328021168709,0.3481435999274254,0.32466211915016174,0.3527860939502716,0.3694033622741699,0.36351723968982697,0.36015261709690094],"train_acc":[0.5642167780252413,0.5634743875278396,0.5638455827765405,0.7754268745360059,0.882702301410542,0.8949517446176689,0.9224201930215293,0.9383815887156645,0.9454342984409799,0.9543429844097996,0.9632516703786191,0.9632516703786191,0.9610244988864143,0.9784706755753526,0.9773570898292502,0.9780994803266518,0.9873793615441723,0.9873793615441723,0.9888641425389755,0.9910913140311804],"eval_acc":[0.5091743119266054,0.5091743119266054,0.5091743119266054,0.8772935779816514,0.8979357798165137,0.9036697247706422,0.8899082568807339,0.8922018348623854,0.9036697247706422,0.9139908256880734,0.911697247706422,0.9128440366972477,0.9105504587155964,0.893348623853211,0.9094036697247706,0.9059633027522935,0.9185779816513762,0.9105504587155964,0.911697247706422,0.911697247706422]}
[Eval] Epoch:  11, Total:    872, Accuracy : 0.9117, Loss: 0.4174
872 795 1.4406104683876038
