random_0.03_model_0
DatasetDict({
    train: Dataset({
        features: ['sentence', 'label', 'indexes'],
        num_rows: 2020
    })
    validation: Dataset({
        features: ['sentence', 'label', 'indexes'],
        num_rows: 872
    })
    test: Dataset({
        features: ['sentence', 'label', 'indexes'],
        num_rows: 1821
    })
})
[Train] Epoch:   0, Total:   2020, Accuracy : 0.5619, Loss: 0.6881
[Eval] Epoch:   0, Total:    872, Accuracy : 0.5092, Loss: 0.6928
[Train] Epoch:   1, Total:   2020, Accuracy : 0.5619, Loss: 0.6805
[Eval] Epoch:   1, Total:    872, Accuracy : 0.5092, Loss: 0.6940
[Train] Epoch:   2, Total:   2020, Accuracy : 0.5619, Loss: 0.6870
[Eval] Epoch:   2, Total:    872, Accuracy : 0.5092, Loss: 0.6945
[Train] Epoch:   3, Total:   2020, Accuracy : 0.5619, Loss: 0.6678
[Eval] Epoch:   3, Total:    872, Accuracy : 0.5092, Loss: 0.6714
[Train] Epoch:   4, Total:   2020, Accuracy : 0.7025, Loss: 0.4359
[Eval] Epoch:   4, Total:    872, Accuracy : 0.8601, Loss: 0.3625
[Train] Epoch:   5, Total:   2020, Accuracy : 0.8703, Loss: 0.3811
[Eval] Epoch:   5, Total:    872, Accuracy : 0.8773, Loss: 0.2949
[Train] Epoch:   6, Total:   2020, Accuracy : 0.9000, Loss: 0.2701
[Eval] Epoch:   6, Total:    872, Accuracy : 0.8704, Loss: 0.3673
[Train] Epoch:   7, Total:   2020, Accuracy : 0.9153, Loss: 0.2599
[Eval] Epoch:   7, Total:    872, Accuracy : 0.8968, Loss: 0.2947
[Train] Epoch:   8, Total:   2020, Accuracy : 0.9386, Loss: 0.2004
[Eval] Epoch:   8, Total:    872, Accuracy : 0.9002, Loss: 0.3006
[Train] Epoch:   9, Total:   2020, Accuracy : 0.9515, Loss: 0.1216
[Eval] Epoch:   9, Total:    872, Accuracy : 0.9083, Loss: 0.3517
[Train] Epoch:  10, Total:   2020, Accuracy : 0.9599, Loss: 0.1138
[Eval] Epoch:  10, Total:    872, Accuracy : 0.9060, Loss: 0.3677
[Train] Epoch:  11, Total:   2020, Accuracy : 0.9663, Loss: 0.0805
[Eval] Epoch:  11, Total:    872, Accuracy : 0.9002, Loss: 0.3743
[Train] Epoch:  12, Total:   2020, Accuracy : 0.9703, Loss: 0.1015
[Eval] Epoch:  12, Total:    872, Accuracy : 0.9002, Loss: 0.3755
[Train] Epoch:  13, Total:   2020, Accuracy : 0.9634, Loss: 0.1675
[Eval] Epoch:  13, Total:    872, Accuracy : 0.8865, Loss: 0.3968
[Train] Epoch:  14, Total:   2020, Accuracy : 0.9678, Loss: 0.1023
[Eval] Epoch:  14, Total:    872, Accuracy : 0.8716, Loss: 0.4287
[Train] Epoch:  15, Total:   2020, Accuracy : 0.9797, Loss: 0.0317
[Eval] Epoch:  15, Total:    872, Accuracy : 0.8911, Loss: 0.4128
[Train] Epoch:  16, Total:   2020, Accuracy : 0.9847, Loss: 0.0449
[Eval] Epoch:  16, Total:    872, Accuracy : 0.8968, Loss: 0.4253
[Train] Epoch:  17, Total:   2020, Accuracy : 0.9767, Loss: 0.0309
[Eval] Epoch:  17, Total:    872, Accuracy : 0.8968, Loss: 0.4213
[Train] Epoch:  18, Total:   2020, Accuracy : 0.9856, Loss: 0.1091
[Eval] Epoch:  18, Total:    872, Accuracy : 0.8991, Loss: 0.4225
[Train] Epoch:  19, Total:   2020, Accuracy : 0.9896, Loss: 0.0586
[Eval] Epoch:  19, Total:    872, Accuracy : 0.8979, Loss: 0.4237
{"epoch":[1,2,3,4,5,6,7,8,9,10,11,12,13,14,15,16,17,18,19,20],"train_loss":[0.6883002668619156,0.6855741739273071,0.6842921748757362,0.6789753586053848,0.5598659031093121,0.3529680445790291,0.28310544788837433,0.22906898334622383,0.1809111088514328,0.14349354151636362,0.1235091183334589,0.11632091924548149,0.09703260567039251,0.12089731637388468,0.10844141617417336,0.07463112752884626,0.060004367027431726,0.07740052323788404,0.0532120899297297,0.044856557389721274],"eval_loss":[0.6938758045434952,0.6957818120718002,0.6968732476234436,0.6740299463272095,0.36534902453422546,0.33078715205192566,0.3424637094140053,0.28093357756733894,0.2791364751756191,0.32286300510168076,0.3265533596277237,0.33113687485456467,0.3328223451972008,0.38438092917203903,0.39513302594423294,0.3880304619669914,0.41003887355327606,0.37917378544807434,0.3804553225636482,0.3808625638484955],"train_acc":[0.5618811881188119,0.5618811881188119,0.5618811881188119,0.5618811881188119,0.7024752475247524,0.8702970297029703,0.9,0.9153465346534654,0.9386138613861386,0.9514851485148514,0.9599009900990099,0.9663366336633663,0.9702970297029703,0.9633663366336633,0.9678217821782178,0.9797029702970297,0.9846534653465346,0.9767326732673267,0.9856435643564356,0.9896039603960396],"eval_acc":[0.5091743119266054,0.5091743119266054,0.5091743119266054,0.5091743119266054,0.8600917431192661,0.8772935779816514,0.8704128440366973,0.8967889908256881,0.9002293577981652,0.908256880733945,0.9059633027522935,0.9002293577981652,0.9002293577981652,0.8864678899082569,0.8715596330275229,0.8910550458715596,0.8967889908256881,0.8967889908256881,0.8990825688073395,0.8979357798165137]}
[Eval] Epoch:  11, Total:    872, Accuracy : 0.8979, Loss: 0.4237
872 783 1.523450255393982
