pruned_2_0.75_model_0
DatasetDict({
    train: Dataset({
        features: ['sentence', 'label', 'indexes'],
        num_rows: 50511
    })
    validation: Dataset({
        features: ['sentence', 'label', 'indexes'],
        num_rows: 872
    })
    test: Dataset({
        features: ['sentence', 'label', 'indexes'],
        num_rows: 1821
    })
})
[Train] Epoch:   0, Total:  50511, Accuracy : 0.8232, Loss: 0.2908
[Eval] Epoch:   0, Total:    872, Accuracy : 0.9358, Loss: 0.2249
[Train] Epoch:   1, Total:  50511, Accuracy : 0.9307, Loss: 0.2304
[Eval] Epoch:   1, Total:    872, Accuracy : 0.9335, Loss: 0.1947
[Train] Epoch:   2, Total:  50511, Accuracy : 0.9520, Loss: 0.1710
[Eval] Epoch:   2, Total:    872, Accuracy : 0.9369, Loss: 0.2144
[Train] Epoch:   3, Total:  50511, Accuracy : 0.9627, Loss: 0.0434
[Eval] Epoch:   3, Total:    872, Accuracy : 0.9358, Loss: 0.1993
[Train] Epoch:   4, Total:  50511, Accuracy : 0.9705, Loss: 0.1046
[Eval] Epoch:   4, Total:    872, Accuracy : 0.9278, Loss: 0.2167
[Train] Epoch:   5, Total:  50511, Accuracy : 0.9753, Loss: 0.0325
[Eval] Epoch:   5, Total:    872, Accuracy : 0.9392, Loss: 0.2356
[Train] Epoch:   6, Total:  50511, Accuracy : 0.9806, Loss: 0.0220
[Eval] Epoch:   6, Total:    872, Accuracy : 0.9404, Loss: 0.2385
[Train] Epoch:   7, Total:  50511, Accuracy : 0.9821, Loss: 0.1075
[Eval] Epoch:   7, Total:    872, Accuracy : 0.9427, Loss: 0.2703
[Train] Epoch:   8, Total:  50511, Accuracy : 0.9845, Loss: 0.0119
[Eval] Epoch:   8, Total:    872, Accuracy : 0.9392, Loss: 0.2714
[Train] Epoch:   9, Total:  50511, Accuracy : 0.9849, Loss: 0.0295
[Eval] Epoch:   9, Total:    872, Accuracy : 0.9381, Loss: 0.2766
[Train] Epoch:  10, Total:  50511, Accuracy : 0.9787, Loss: 0.0537
[Eval] Epoch:  10, Total:    872, Accuracy : 0.9312, Loss: 0.2609
[Train] Epoch:  11, Total:  50511, Accuracy : 0.9805, Loss: 0.0601
[Eval] Epoch:  11, Total:    872, Accuracy : 0.9381, Loss: 0.1972
[Train] Epoch:  12, Total:  50511, Accuracy : 0.9839, Loss: 0.0660
[Eval] Epoch:  12, Total:    872, Accuracy : 0.9335, Loss: 0.2804
[Train] Epoch:  13, Total:  50511, Accuracy : 0.9855, Loss: 0.0062
[Eval] Epoch:  13, Total:    872, Accuracy : 0.9404, Loss: 0.2211
[Train] Epoch:  14, Total:  50511, Accuracy : 0.9885, Loss: 0.0981
[Eval] Epoch:  14, Total:    872, Accuracy : 0.9404, Loss: 0.2665
[Train] Epoch:  15, Total:  50511, Accuracy : 0.9905, Loss: 0.0343
[Eval] Epoch:  15, Total:    872, Accuracy : 0.9404, Loss: 0.2931
[Train] Epoch:  16, Total:  50511, Accuracy : 0.9915, Loss: 0.0051
[Eval] Epoch:  16, Total:    872, Accuracy : 0.9369, Loss: 0.2695
[Train] Epoch:  17, Total:  50511, Accuracy : 0.9930, Loss: 0.0019
[Eval] Epoch:  17, Total:    872, Accuracy : 0.9415, Loss: 0.3247
[Train] Epoch:  18, Total:  50511, Accuracy : 0.9939, Loss: 0.0008
[Eval] Epoch:  18, Total:    872, Accuracy : 0.9392, Loss: 0.3075
[Train] Epoch:  19, Total:  50511, Accuracy : 0.9946, Loss: 0.0461
[Eval] Epoch:  19, Total:    872, Accuracy : 0.9404, Loss: 0.3140
{"epoch":[1,2,3,4,5,6,7,8,9,10,11,12,13,14,15,16,17,18,19,20],"train_loss":[0.35199444078736836,0.17624546147205614,0.13059502388491775,0.10278749298492465,0.08221623356068375,0.06774724677506119,0.05481693819823741,0.049673286605287685,0.043742895573189465,0.04268818327009377,0.06019347694918814,0.055805655591415634,0.04670522603761367,0.04037303807016349,0.03379349730617245,0.028104695547936542,0.02323004139723689,0.019343726289037595,0.016589619786680835,0.014605230894621762],"eval_loss":[0.20020728930830956,0.18927058205008507,0.2010042443871498,0.20494141057133675,0.23038089275360107,0.23633423447608948,0.23269004374742508,0.24838538095355034,0.26040900126099586,0.26186589151620865,0.27559473365545273,0.21672581136226654,0.27927058562636375,0.28372810035943985,0.28488174080848694,0.29620642960071564,0.3010396882891655,0.3317529857158661,0.3246271461248398,0.3300011157989502],"train_acc":[0.8232464215715388,0.930727960246283,0.9519510601651126,0.9627407891350399,0.9705212725940884,0.9752529152065886,0.9806180831898003,0.9820633129417354,0.9844786284175724,0.984874581774267,0.9786779117419968,0.9804992971827918,0.9838649007146958,0.985527904812813,0.988457959652353,0.9904575241036606,0.9914672051632317,0.9929916255865059,0.9939023183069035,0.9945556413454495],"eval_acc":[0.9357798165137615,0.9334862385321101,0.9369266055045872,0.9357798165137615,0.9277522935779816,0.9392201834862385,0.9403669724770642,0.9426605504587156,0.9392201834862385,0.9380733944954128,0.9311926605504587,0.9380733944954128,0.9334862385321101,0.9403669724770642,0.9403669724770642,0.9403669724770642,0.9369266055045872,0.9415137614678899,0.9392201834862385,0.9403669724770642]}
[Eval] Epoch:  11, Total:    872, Accuracy : 0.9404, Loss: 0.3140
872 820 1.3200044631958008
