pruned_2_0.05_model_0
DatasetDict({
    train: Dataset({
        features: ['sentence', 'label', 'indexes'],
        num_rows: 3367
    })
    validation: Dataset({
        features: ['sentence', 'label', 'indexes'],
        num_rows: 872
    })
    test: Dataset({
        features: ['sentence', 'label', 'indexes'],
        num_rows: 1821
    })
})
[Train] Epoch:   0, Total:   3367, Accuracy : 0.3683, Loss: 0.6837
[Eval] Epoch:   0, Total:    872, Accuracy : 0.4908, Loss: 0.6948
[Train] Epoch:   1, Total:   3367, Accuracy : 0.6709, Loss: 0.6299
[Eval] Epoch:   1, Total:    872, Accuracy : 0.4908, Loss: 0.8876
[Train] Epoch:   2, Total:   3367, Accuracy : 0.6706, Loss: 0.5369
[Eval] Epoch:   2, Total:    872, Accuracy : 0.4908, Loss: 0.8372
[Train] Epoch:   3, Total:   3367, Accuracy : 0.6840, Loss: 0.6151
[Eval] Epoch:   3, Total:    872, Accuracy : 0.5539, Loss: 0.7132
[Train] Epoch:   4, Total:   3367, Accuracy : 0.7143, Loss: 0.4072
[Eval] Epoch:   4, Total:    872, Accuracy : 0.6525, Loss: 0.6312
[Train] Epoch:   5, Total:   3367, Accuracy : 0.7496, Loss: 0.3818
[Eval] Epoch:   5, Total:    872, Accuracy : 0.7443, Loss: 0.4818
[Train] Epoch:   6, Total:   3367, Accuracy : 0.7924, Loss: 0.2829
[Eval] Epoch:   6, Total:    872, Accuracy : 0.7454, Loss: 0.4699
[Train] Epoch:   7, Total:   3367, Accuracy : 0.8221, Loss: 0.2806
[Eval] Epoch:   7, Total:    872, Accuracy : 0.8062, Loss: 0.4010
[Train] Epoch:   8, Total:   3367, Accuracy : 0.8548, Loss: 0.3737
[Eval] Epoch:   8, Total:    872, Accuracy : 0.8005, Loss: 0.4113
[Train] Epoch:   9, Total:   3367, Accuracy : 0.8658, Loss: 0.3388
[Eval] Epoch:   9, Total:    872, Accuracy : 0.8085, Loss: 0.3978
[Train] Epoch:  10, Total:   3367, Accuracy : 0.8732, Loss: 0.4406
[Eval] Epoch:  10, Total:    872, Accuracy : 0.8073, Loss: 0.4015
[Train] Epoch:  11, Total:   3367, Accuracy : 0.8669, Loss: 0.3633
[Eval] Epoch:  11, Total:    872, Accuracy : 0.8188, Loss: 0.3768
[Train] Epoch:  12, Total:   3367, Accuracy : 0.8833, Loss: 0.4564
[Eval] Epoch:  12, Total:    872, Accuracy : 0.8039, Loss: 0.4170
[Train] Epoch:  13, Total:   3367, Accuracy : 0.8966, Loss: 0.3715
[Eval] Epoch:  13, Total:    872, Accuracy : 0.6800, Loss: 0.8119
[Train] Epoch:  14, Total:   3367, Accuracy : 0.8969, Loss: 0.2970
[Eval] Epoch:  14, Total:    872, Accuracy : 0.8142, Loss: 0.4508
[Train] Epoch:  15, Total:   3367, Accuracy : 0.9231, Loss: 0.1536
[Eval] Epoch:  15, Total:    872, Accuracy : 0.8096, Loss: 0.4570
[Train] Epoch:  16, Total:   3367, Accuracy : 0.9341, Loss: 0.1126
[Eval] Epoch:  16, Total:    872, Accuracy : 0.8016, Loss: 0.5007
[Train] Epoch:  17, Total:   3367, Accuracy : 0.9445, Loss: 0.1282
[Eval] Epoch:  17, Total:    872, Accuracy : 0.7982, Loss: 0.5290
[Train] Epoch:  18, Total:   3367, Accuracy : 0.9468, Loss: 0.0658
[Eval] Epoch:  18, Total:    872, Accuracy : 0.8096, Loss: 0.5033
[Train] Epoch:  19, Total:   3367, Accuracy : 0.9462, Loss: 0.0610
[Eval] Epoch:  19, Total:    872, Accuracy : 0.8096, Loss: 0.5041
{"epoch":[1,2,3,4,5,6,7,8,9,10,11,12,13,14,15,16,17,18,19,20],"train_loss":[0.7088912980897086,0.6439415301595416,0.6097884689058576,0.5498258216040475,0.4949880284922464,0.4521685945136206,0.4001202774899347,0.354940442102296,0.3262829141957419,0.30123663374355863,0.2985293535249574,0.2951861641236714,0.28648305790764944,0.2522762364574841,0.2511972753064973,0.19123737194708415,0.16677276257957732,0.14744247017162188,0.14129339797156198,0.13987483456730843],"eval_loss":[0.6941098868846893,0.8795710951089859,0.8426939845085144,0.7832981646060944,0.6763139069080353,0.511556088924408,0.5720494315028191,0.4468216300010681,0.49316219985485077,0.4792029857635498,0.48141544312238693,0.45716867595911026,0.5203130170702934,0.9340172111988068,0.5057812109589577,0.5424982607364655,0.599859207868576,0.6238966733217239,0.581714540719986,0.582695722579956],"train_acc":[0.36828036828036825,0.6709236709236709,0.6706266706266706,0.683991683991684,0.7142857142857143,0.7496287496287496,0.7923967923967924,0.8220968220968221,0.8547668547668548,0.8657558657558657,0.8731808731808732,0.8669438669438669,0.8832788832788833,0.8966438966438967,0.896940896940897,0.9230769230769231,0.9340659340659341,0.9444609444609444,0.9468369468369469,0.9462429462429462],"eval_acc":[0.4908256880733945,0.4908256880733945,0.4908256880733945,0.5538990825688074,0.6525229357798165,0.7442660550458715,0.7454128440366973,0.8061926605504587,0.8004587155963303,0.8084862385321101,0.8073394495412844,0.8188073394495413,0.8038990825688074,0.680045871559633,0.8142201834862385,0.8096330275229358,0.801605504587156,0.7981651376146789,0.8096330275229358,0.8096330275229358]}
[Eval] Epoch:  11, Total:    872, Accuracy : 0.8096, Loss: 0.5041
872 706 2.330782890319824
