pruned_3_0.5_model_0
DatasetDict({
    train: Dataset({
        features: ['sentence', 'label', 'indexes'],
        num_rows: 33674
    })
    validation: Dataset({
        features: ['sentence', 'label', 'indexes'],
        num_rows: 872
    })
    test: Dataset({
        features: ['sentence', 'label', 'indexes'],
        num_rows: 1821
    })
})
[Train] Epoch:   0, Total:  33674, Accuracy : 0.8039, Loss: 0.2276
[Eval] Epoch:   0, Total:    872, Accuracy : 0.9186, Loss: 0.2645
[Train] Epoch:   1, Total:  33674, Accuracy : 0.9397, Loss: 0.1163
[Eval] Epoch:   1, Total:    872, Accuracy : 0.9300, Loss: 0.1981
[Train] Epoch:   2, Total:  33674, Accuracy : 0.9575, Loss: 0.1664
[Eval] Epoch:   2, Total:    872, Accuracy : 0.9300, Loss: 0.2017
[Train] Epoch:   3, Total:  33674, Accuracy : 0.9678, Loss: 0.0296
[Eval] Epoch:   3, Total:    872, Accuracy : 0.9369, Loss: 0.1771
[Train] Epoch:   4, Total:  33674, Accuracy : 0.9744, Loss: 0.0756
[Eval] Epoch:   4, Total:    872, Accuracy : 0.9381, Loss: 0.2163
[Train] Epoch:   5, Total:  33674, Accuracy : 0.9785, Loss: 0.0781
[Eval] Epoch:   5, Total:    872, Accuracy : 0.9358, Loss: 0.1870
[Train] Epoch:   6, Total:  33674, Accuracy : 0.9824, Loss: 0.0076
[Eval] Epoch:   6, Total:    872, Accuracy : 0.9415, Loss: 0.2163
[Train] Epoch:   7, Total:  33674, Accuracy : 0.9862, Loss: 0.0169
[Eval] Epoch:   7, Total:    872, Accuracy : 0.9358, Loss: 0.2536
[Train] Epoch:   8, Total:  33674, Accuracy : 0.9876, Loss: 0.0705
[Eval] Epoch:   8, Total:    872, Accuracy : 0.9312, Loss: 0.2436
[Train] Epoch:   9, Total:  33674, Accuracy : 0.9878, Loss: 0.0199
[Eval] Epoch:   9, Total:    872, Accuracy : 0.9346, Loss: 0.2431
[Train] Epoch:  10, Total:  33674, Accuracy : 0.9825, Loss: 0.1015
[Eval] Epoch:  10, Total:    872, Accuracy : 0.9346, Loss: 0.2056
[Train] Epoch:  11, Total:  33674, Accuracy : 0.9841, Loss: 0.0161
[Eval] Epoch:  11, Total:    872, Accuracy : 0.9381, Loss: 0.2402
[Train] Epoch:  12, Total:  33674, Accuracy : 0.9870, Loss: 0.0347
[Eval] Epoch:  12, Total:    872, Accuracy : 0.9369, Loss: 0.2584
[Train] Epoch:  13, Total:  33674, Accuracy : 0.9889, Loss: 0.0163
[Eval] Epoch:  13, Total:    872, Accuracy : 0.9323, Loss: 0.2734
[Train] Epoch:  14, Total:  33674, Accuracy : 0.9903, Loss: 0.0080
[Eval] Epoch:  14, Total:    872, Accuracy : 0.9484, Loss: 0.1998
[Train] Epoch:  15, Total:  33674, Accuracy : 0.9911, Loss: 0.0624
[Eval] Epoch:  15, Total:    872, Accuracy : 0.9404, Loss: 0.2139
[Train] Epoch:  16, Total:  33674, Accuracy : 0.9933, Loss: 0.0050
[Eval] Epoch:  16, Total:    872, Accuracy : 0.9415, Loss: 0.2378
[Train] Epoch:  17, Total:  33674, Accuracy : 0.9942, Loss: 0.0163
[Eval] Epoch:  17, Total:    872, Accuracy : 0.9358, Loss: 0.2704
[Train] Epoch:  18, Total:  33674, Accuracy : 0.9947, Loss: 0.0036
[Eval] Epoch:  18, Total:    872, Accuracy : 0.9381, Loss: 0.2558
[Train] Epoch:  19, Total:  33674, Accuracy : 0.9953, Loss: 0.0122
[Eval] Epoch:  19, Total:    872, Accuracy : 0.9381, Loss: 0.2556
{"epoch":[1,2,3,4,5,6,7,8,9,10,11,12,13,14,15,16,17,18,19,20],"train_loss":[0.40358077238003415,0.17129366890047537,0.12650689558888023,0.09720496517239195,0.07780422459384709,0.061996737057625345,0.05238094548059797,0.0432955438242943,0.03874315126714381,0.03894956844548384,0.0519594423275328,0.04961764401840893,0.041943691819059575,0.03591487665703012,0.03053272835324716,0.026670825665915443,0.022117541313160804,0.018576536941426722,0.016851719430908844,0.014315775354837322],"eval_loss":[0.21614514291286469,0.19172409176826477,0.20691726356744766,0.2054116316139698,0.23695476725697517,0.22835223376750946,0.2601608522236347,0.2806081101298332,0.2940853647887707,0.28127655759453773,0.24693605676293373,0.26355449855327606,0.2794915735721588,0.29774730652570724,0.26916976273059845,0.28020478039979935,0.2828519083559513,0.3137107938528061,0.3033686801791191,0.3051528260111809],"train_acc":[0.803913998930926,0.9396567084397458,0.9575340024945062,0.9677792955989785,0.9743719189879432,0.9785294292332363,0.9824493674645127,0.9861911266852764,0.9875571657658728,0.9877650412781375,0.9825087604680168,0.984142068064382,0.9870226287343351,0.988893508344717,0.9903486369305696,0.9910910494743719,0.993318287105779,0.9942091821583418,0.9946546296846231,0.9953376492249213],"eval_acc":[0.9185779816513762,0.930045871559633,0.930045871559633,0.9369266055045872,0.9380733944954128,0.9357798165137615,0.9415137614678899,0.9357798165137615,0.9311926605504587,0.9346330275229358,0.9346330275229358,0.9380733944954128,0.9369266055045872,0.9323394495412844,0.948394495412844,0.9403669724770642,0.9415137614678899,0.9357798165137615,0.9380733944954128,0.9380733944954128]}
[Eval] Epoch:  11, Total:    872, Accuracy : 0.9381, Loss: 0.2556
872 818 1.2206113040447235
