pruned_3_0.005_model_0
DatasetDict({
    train: Dataset({
        features: ['sentence', 'label', 'indexes'],
        num_rows: 336
    })
    validation: Dataset({
        features: ['sentence', 'label', 'indexes'],
        num_rows: 872
    })
    test: Dataset({
        features: ['sentence', 'label', 'indexes'],
        num_rows: 1821
    })
})
[Train] Epoch:   0, Total:    336, Accuracy : 0.6190, Loss: 0.6814
[Eval] Epoch:   0, Total:    872, Accuracy : 0.5092, Loss: 0.6928
[Train] Epoch:   1, Total:    336, Accuracy : 0.6399, Loss: 0.6763
[Eval] Epoch:   1, Total:    872, Accuracy : 0.5092, Loss: 0.6928
[Train] Epoch:   2, Total:    336, Accuracy : 0.6280, Loss: 0.6797
[Eval] Epoch:   2, Total:    872, Accuracy : 0.5092, Loss: 0.6929
[Train] Epoch:   3, Total:    336, Accuracy : 0.6369, Loss: 0.6855
[Eval] Epoch:   3, Total:    872, Accuracy : 0.5092, Loss: 0.6931
[Train] Epoch:   4, Total:    336, Accuracy : 0.6339, Loss: 0.6866
[Eval] Epoch:   4, Total:    872, Accuracy : 0.5092, Loss: 0.6936
[Train] Epoch:   5, Total:    336, Accuracy : 0.6339, Loss: 0.6706
[Eval] Epoch:   5, Total:    872, Accuracy : 0.5092, Loss: 0.6946
[Train] Epoch:   6, Total:    336, Accuracy : 0.6339, Loss: 0.6797
[Eval] Epoch:   6, Total:    872, Accuracy : 0.5092, Loss: 0.6962
[Train] Epoch:   7, Total:    336, Accuracy : 0.6339, Loss: 0.6713
[Eval] Epoch:   7, Total:    872, Accuracy : 0.5092, Loss: 0.6986
[Train] Epoch:   8, Total:    336, Accuracy : 0.6339, Loss: 0.6591
[Eval] Epoch:   8, Total:    872, Accuracy : 0.5092, Loss: 0.7018
[Train] Epoch:   9, Total:    336, Accuracy : 0.6339, Loss: 0.6499
[Eval] Epoch:   9, Total:    872, Accuracy : 0.5092, Loss: 0.7061
[Train] Epoch:  10, Total:    336, Accuracy : 0.6339, Loss: 0.6729
[Eval] Epoch:  10, Total:    872, Accuracy : 0.5092, Loss: 0.7111
[Train] Epoch:  11, Total:    336, Accuracy : 0.6339, Loss: 0.6467
[Eval] Epoch:  11, Total:    872, Accuracy : 0.5092, Loss: 0.7156
[Train] Epoch:  12, Total:    336, Accuracy : 0.6339, Loss: 0.6422
[Eval] Epoch:  12, Total:    872, Accuracy : 0.5092, Loss: 0.7199
[Train] Epoch:  13, Total:    336, Accuracy : 0.6339, Loss: 0.6543
[Eval] Epoch:  13, Total:    872, Accuracy : 0.5092, Loss: 0.7240
[Train] Epoch:  14, Total:    336, Accuracy : 0.6339, Loss: 0.6627
[Eval] Epoch:  14, Total:    872, Accuracy : 0.5092, Loss: 0.7266
[Train] Epoch:  15, Total:    336, Accuracy : 0.6339, Loss: 0.6671
[Eval] Epoch:  15, Total:    872, Accuracy : 0.5092, Loss: 0.7262
[Train] Epoch:  16, Total:    336, Accuracy : 0.6339, Loss: 0.6021
[Eval] Epoch:  16, Total:    872, Accuracy : 0.5092, Loss: 0.7233
[Train] Epoch:  17, Total:    336, Accuracy : 0.6339, Loss: 0.6602
[Eval] Epoch:  17, Total:    872, Accuracy : 0.5092, Loss: 0.7097
[Train] Epoch:  18, Total:    336, Accuracy : 0.6339, Loss: 0.6573
[Eval] Epoch:  18, Total:    872, Accuracy : 0.5092, Loss: 0.6883
[Train] Epoch:  19, Total:    336, Accuracy : 0.6339, Loss: 0.6434
[Eval] Epoch:  19, Total:    872, Accuracy : 0.5092, Loss: 0.6626
{"epoch":[1,2,3,4,5,6,7,8,9,10,11,12,13,14,15,16,17,18,19,20],"train_loss":[0.6829645037651062,0.6808224618434906,0.6804974377155304,0.6815066337585449,0.6826445162296295,0.6716074645519257,0.6708742380142212,0.6683660447597504,0.6636404097080231,0.6516716182231903,0.6638092994689941,0.6560249924659729,0.6550483703613281,0.6530985534191132,0.6581006646156311,0.6607192754745483,0.6309230327606201,0.6526458859443665,0.636346161365509,0.6222388446331024],"eval_loss":[0.6933622807264328,0.6934458464384079,0.6936659514904022,0.6941195279359818,0.6948966234922409,0.6961817294359207,0.6982094794511795,0.7009960114955902,0.7046249955892563,0.7095174640417099,0.7149029076099396,0.7198711931705475,0.7245648205280304,0.7291845977306366,0.7323012948036194,0.7322482913732529,0.7291529923677444,0.7144182026386261,0.6922180354595184,0.6660565435886383],"train_acc":[0.6190476190476191,0.6398809523809523,0.6279761904761905,0.6369047619047619,0.6339285714285714,0.6339285714285714,0.6339285714285714,0.6339285714285714,0.6339285714285714,0.6339285714285714,0.6339285714285714,0.6339285714285714,0.6339285714285714,0.6339285714285714,0.6339285714285714,0.6339285714285714,0.6339285714285714,0.6339285714285714,0.6339285714285714,0.6339285714285714],"eval_acc":[0.5091743119266054,0.5091743119266054,0.5091743119266054,0.5091743119266054,0.5091743119266054,0.5091743119266054,0.5091743119266054,0.5091743119266054,0.5091743119266054,0.5091743119266054,0.5091743119266054,0.5091743119266054,0.5091743119266054,0.5091743119266054,0.5091743119266054,0.5091743119266054,0.5091743119266054,0.5091743119266054,0.5091743119266054,0.5091743119266054]}
[Eval] Epoch:  11, Total:    872, Accuracy : 0.5092, Loss: 0.6626
872 444 2.6642261743545532
