pruned_2_0.03_model_0
DatasetDict({
    train: Dataset({
        features: ['sentence', 'label', 'indexes'],
        num_rows: 2020
    })
    validation: Dataset({
        features: ['sentence', 'label', 'indexes'],
        num_rows: 872
    })
    test: Dataset({
        features: ['sentence', 'label', 'indexes'],
        num_rows: 1821
    })
})
[Train] Epoch:   0, Total:   2020, Accuracy : 0.5292, Loss: 0.6916
[Eval] Epoch:   0, Total:    872, Accuracy : 0.4908, Loss: 0.6950
[Train] Epoch:   1, Total:   2020, Accuracy : 0.5896, Loss: 0.6767
[Eval] Epoch:   1, Total:    872, Accuracy : 0.4908, Loss: 0.7044
[Train] Epoch:   2, Total:   2020, Accuracy : 0.5916, Loss: 0.6651
[Eval] Epoch:   2, Total:    872, Accuracy : 0.4908, Loss: 0.7205
[Train] Epoch:   3, Total:   2020, Accuracy : 0.5916, Loss: 0.6685
[Eval] Epoch:   3, Total:    872, Accuracy : 0.4908, Loss: 0.7200
[Train] Epoch:   4, Total:   2020, Accuracy : 0.5916, Loss: 0.6824
[Eval] Epoch:   4, Total:    872, Accuracy : 0.4908, Loss: 0.7170
[Train] Epoch:   5, Total:   2020, Accuracy : 0.5916, Loss: 0.6389
[Eval] Epoch:   5, Total:    872, Accuracy : 0.4908, Loss: 0.7591
[Train] Epoch:   6, Total:   2020, Accuracy : 0.5955, Loss: 0.6420
[Eval] Epoch:   6, Total:    872, Accuracy : 0.4908, Loss: 0.6897
[Train] Epoch:   7, Total:   2020, Accuracy : 0.6342, Loss: 0.5723
[Eval] Epoch:   7, Total:    872, Accuracy : 0.6548, Loss: 0.6249
[Train] Epoch:   8, Total:   2020, Accuracy : 0.7074, Loss: 0.5310
[Eval] Epoch:   8, Total:    872, Accuracy : 0.7328, Loss: 0.5543
[Train] Epoch:   9, Total:   2020, Accuracy : 0.7520, Loss: 0.5039
[Eval] Epoch:   9, Total:    872, Accuracy : 0.7523, Loss: 0.5062
[Train] Epoch:  10, Total:   2020, Accuracy : 0.7911, Loss: 0.4591
[Eval] Epoch:  10, Total:    872, Accuracy : 0.7638, Loss: 0.4935
[Train] Epoch:  11, Total:   2020, Accuracy : 0.8094, Loss: 0.4535
[Eval] Epoch:  11, Total:    872, Accuracy : 0.7856, Loss: 0.4717
[Train] Epoch:  12, Total:   2020, Accuracy : 0.8040, Loss: 0.4537
[Eval] Epoch:  12, Total:    872, Accuracy : 0.7798, Loss: 0.4741
[Train] Epoch:  13, Total:   2020, Accuracy : 0.7906, Loss: 0.5080
[Eval] Epoch:  13, Total:    872, Accuracy : 0.7913, Loss: 0.4592
[Train] Epoch:  14, Total:   2020, Accuracy : 0.8317, Loss: 0.3452
[Eval] Epoch:  14, Total:    872, Accuracy : 0.7833, Loss: 0.4890
[Train] Epoch:  15, Total:   2020, Accuracy : 0.8787, Loss: 0.3253
[Eval] Epoch:  15, Total:    872, Accuracy : 0.8062, Loss: 0.4540
[Train] Epoch:  16, Total:   2020, Accuracy : 0.9005, Loss: 0.2499
[Eval] Epoch:  16, Total:    872, Accuracy : 0.7821, Loss: 0.5170
[Train] Epoch:  17, Total:   2020, Accuracy : 0.9124, Loss: 0.1832
[Eval] Epoch:  17, Total:    872, Accuracy : 0.7959, Loss: 0.5031
[Train] Epoch:  18, Total:   2020, Accuracy : 0.9262, Loss: 0.1660
[Eval] Epoch:  18, Total:    872, Accuracy : 0.7913, Loss: 0.5249
[Train] Epoch:  19, Total:   2020, Accuracy : 0.9262, Loss: 0.2261
[Eval] Epoch:  19, Total:    872, Accuracy : 0.7913, Loss: 0.5229
{"epoch":[1,2,3,4,5,6,7,8,9,10,11,12,13,14,15,16,17,18,19,20],"train_loss":[0.6928682550787926,0.6825217455625534,0.6786941289901733,0.6778974160552025,0.6761955544352531,0.6687841936945915,0.6542150974273682,0.6148664653301239,0.563496820628643,0.5032932013273239,0.45905446633696556,0.42896364629268646,0.4218132346868515,0.4385504201054573,0.3704018108546734,0.30471882224082947,0.24958359077572823,0.22649748623371124,0.1996082067489624,0.20416350476443768],"eval_loss":[0.6944295018911362,0.7024727463722229,0.7173156291246414,0.717128574848175,0.7151606976985931,0.7598180323839188,0.6963808536529541,0.6235537379980087,0.5624824464321136,0.5301229059696198,0.5206419974565506,0.482795313000679,0.49202852696180344,0.45742012560367584,0.4725625514984131,0.48124295473098755,0.5588087737560272,0.5348289385437965,0.5593706294894218,0.556544840335846],"train_acc":[0.5292079207920792,0.5896039603960396,0.5915841584158416,0.5915841584158416,0.5915841584158416,0.5915841584158416,0.5955445544554455,0.6341584158415842,0.7074257425742574,0.751980198019802,0.7910891089108911,0.8094059405940595,0.803960396039604,0.7905940594059406,0.8316831683168316,0.8787128712871287,0.9004950495049505,0.9123762376237624,0.9262376237623763,0.9262376237623763],"eval_acc":[0.4908256880733945,0.4908256880733945,0.4908256880733945,0.4908256880733945,0.4908256880733945,0.4908256880733945,0.4908256880733945,0.6548165137614679,0.7327981651376146,0.7522935779816514,0.7637614678899083,0.7855504587155964,0.7798165137614679,0.7912844036697247,0.783256880733945,0.8061926605504587,0.7821100917431193,0.7958715596330275,0.7912844036697247,0.7912844036697247]}
[Eval] Epoch:  11, Total:    872, Accuracy : 0.7913, Loss: 0.5229
872 690 2.226179361343384
