pruned_3_0.02_model_0
DatasetDict({
    train: Dataset({
        features: ['sentence', 'label', 'indexes'],
        num_rows: 1346
    })
    validation: Dataset({
        features: ['sentence', 'label', 'indexes'],
        num_rows: 872
    })
    test: Dataset({
        features: ['sentence', 'label', 'indexes'],
        num_rows: 1821
    })
})
[Train] Epoch:   0, Total:   1346, Accuracy : 0.4517, Loss: 0.6931
[Eval] Epoch:   0, Total:    872, Accuracy : 0.4885, Loss: 0.6930
[Train] Epoch:   1, Total:   1346, Accuracy : 0.5676, Loss: 0.6953
[Eval] Epoch:   1, Total:    872, Accuracy : 0.5092, Loss: 0.6923
[Train] Epoch:   2, Total:   1346, Accuracy : 0.6033, Loss: 0.6694
[Eval] Epoch:   2, Total:    872, Accuracy : 0.5092, Loss: 0.6962
[Train] Epoch:   3, Total:   1346, Accuracy : 0.6033, Loss: 0.6679
[Eval] Epoch:   3, Total:    872, Accuracy : 0.5092, Loss: 0.7056
[Train] Epoch:   4, Total:   1346, Accuracy : 0.6033, Loss: 0.6660
[Eval] Epoch:   4, Total:    872, Accuracy : 0.5092, Loss: 0.7116
[Train] Epoch:   5, Total:   1346, Accuracy : 0.6033, Loss: 0.6396
[Eval] Epoch:   5, Total:    872, Accuracy : 0.5092, Loss: 0.6591
[Train] Epoch:   6, Total:   1346, Accuracy : 0.6664, Loss: 0.4214
[Eval] Epoch:   6, Total:    872, Accuracy : 0.8739, Loss: 0.4410
[Train] Epoch:   7, Total:   1346, Accuracy : 0.8930, Loss: 0.2997
[Eval] Epoch:   7, Total:    872, Accuracy : 0.8865, Loss: 0.3511
[Train] Epoch:   8, Total:   1346, Accuracy : 0.9183, Loss: 0.3306
[Eval] Epoch:   8, Total:    872, Accuracy : 0.8865, Loss: 0.3410
[Train] Epoch:   9, Total:   1346, Accuracy : 0.9331, Loss: 0.3021
[Eval] Epoch:   9, Total:    872, Accuracy : 0.8865, Loss: 0.3332
[Train] Epoch:  10, Total:   1346, Accuracy : 0.9473, Loss: 0.2949
[Eval] Epoch:  10, Total:    872, Accuracy : 0.8991, Loss: 0.3195
[Train] Epoch:  11, Total:   1346, Accuracy : 0.9629, Loss: 0.1896
[Eval] Epoch:  11, Total:    872, Accuracy : 0.8979, Loss: 0.3055
[Train] Epoch:  12, Total:   1346, Accuracy : 0.9673, Loss: 0.1497
[Eval] Epoch:  12, Total:    872, Accuracy : 0.9037, Loss: 0.3192
[Train] Epoch:  13, Total:   1346, Accuracy : 0.9658, Loss: 0.1534
[Eval] Epoch:  13, Total:    872, Accuracy : 0.8991, Loss: 0.3164
[Train] Epoch:  14, Total:   1346, Accuracy : 0.9703, Loss: 0.1494
[Eval] Epoch:  14, Total:    872, Accuracy : 0.9048, Loss: 0.3431
[Train] Epoch:  15, Total:   1346, Accuracy : 0.9733, Loss: 0.0392
[Eval] Epoch:  15, Total:    872, Accuracy : 0.8968, Loss: 0.4286
[Train] Epoch:  16, Total:   1346, Accuracy : 0.9643, Loss: 0.0924
[Eval] Epoch:  16, Total:    872, Accuracy : 0.8911, Loss: 0.4265
[Train] Epoch:  17, Total:   1346, Accuracy : 0.9703, Loss: 0.0718
[Eval] Epoch:  17, Total:    872, Accuracy : 0.9002, Loss: 0.3609
[Train] Epoch:  18, Total:   1346, Accuracy : 0.9799, Loss: 0.1974
[Eval] Epoch:  18, Total:    872, Accuracy : 0.8933, Loss: 0.3899
[Train] Epoch:  19, Total:   1346, Accuracy : 0.9837, Loss: 0.0880
[Eval] Epoch:  19, Total:    872, Accuracy : 0.8945, Loss: 0.3872
{"epoch":[1,2,3,4,5,6,7,8,9,10,11,12,13,14,15,16,17,18,19,20],"train_loss":[0.6951668560504913,0.6896470983823141,0.6786501010258993,0.6729331910610199,0.6719435354073843,0.6568426787853241,0.5442549486955007,0.34820351998011273,0.25671400874853134,0.21926849335432053,0.18446296950181326,0.14111433550715446,0.12487796942392985,0.1270397131641706,0.11529633775353432,0.09596556425094604,0.11902143185337384,0.0997372946391503,0.09902714192867279,0.08011057786643505],"eval_loss":[0.6932473033666611,0.6933130919933319,0.6986338496208191,0.7094277888536453,0.7154527902603149,0.6618812382221222,0.4391186088323593,0.342753566801548,0.3366197869181633,0.3177079036831856,0.3140884265303612,0.30439960211515427,0.317329503595829,0.31514205783605576,0.3456152155995369,0.3960851803421974,0.41112741082906723,0.3510623946785927,0.3752693235874176,0.370363749563694],"train_acc":[0.45170876671619614,0.5676077265973254,0.6032689450222882,0.6032689450222882,0.6032689450222882,0.6032689450222882,0.6664190193164933,0.8930163447251115,0.9182763744427934,0.9331352154531947,0.9472511144130757,0.962852897473997,0.9673105497771174,0.9658246656760773,0.9702823179791976,0.9732540861812778,0.9643387815750372,0.9702823179791976,0.9799405646359584,0.9836552748885586],"eval_acc":[0.48853211009174313,0.5091743119266054,0.5091743119266054,0.5091743119266054,0.5091743119266054,0.5091743119266054,0.8738532110091743,0.8864678899082569,0.8864678899082569,0.8864678899082569,0.8990825688073395,0.8979357798165137,0.9036697247706422,0.8990825688073395,0.9048165137614679,0.8967889908256881,0.8910550458715596,0.9002293577981652,0.893348623853211,0.8944954128440367]}
[Eval] Epoch:  11, Total:    872, Accuracy : 0.8945, Loss: 0.3872
872 780 1.481454998254776
