pruned_3_0.3_model_0
DatasetDict({
    train: Dataset({
        features: ['sentence', 'label', 'indexes'],
        num_rows: 20204
    })
    validation: Dataset({
        features: ['sentence', 'label', 'indexes'],
        num_rows: 872
    })
    test: Dataset({
        features: ['sentence', 'label', 'indexes'],
        num_rows: 1821
    })
})
[Train] Epoch:   0, Total:  20204, Accuracy : 0.7146, Loss: 0.2264
[Eval] Epoch:   0, Total:    872, Accuracy : 0.9094, Loss: 0.3201
[Train] Epoch:   1, Total:  20204, Accuracy : 0.9247, Loss: 0.1833
[Eval] Epoch:   1, Total:    872, Accuracy : 0.9255, Loss: 0.2637
[Train] Epoch:   2, Total:  20204, Accuracy : 0.9457, Loss: 0.1123
[Eval] Epoch:   2, Total:    872, Accuracy : 0.9278, Loss: 0.2650
[Train] Epoch:   3, Total:  20204, Accuracy : 0.9586, Loss: 0.0908
[Eval] Epoch:   3, Total:    872, Accuracy : 0.9300, Loss: 0.2347
[Train] Epoch:   4, Total:  20204, Accuracy : 0.9691, Loss: 0.1161
[Eval] Epoch:   4, Total:    872, Accuracy : 0.9151, Loss: 0.2824
[Train] Epoch:   5, Total:  20204, Accuracy : 0.9771, Loss: 0.1163
[Eval] Epoch:   5, Total:    872, Accuracy : 0.9312, Loss: 0.2916
[Train] Epoch:   6, Total:  20204, Accuracy : 0.9816, Loss: 0.0787
[Eval] Epoch:   6, Total:    872, Accuracy : 0.9289, Loss: 0.3193
[Train] Epoch:   7, Total:  20204, Accuracy : 0.9841, Loss: 0.0235
[Eval] Epoch:   7, Total:    872, Accuracy : 0.9255, Loss: 0.3117
[Train] Epoch:   8, Total:  20204, Accuracy : 0.9854, Loss: 0.0356
[Eval] Epoch:   8, Total:    872, Accuracy : 0.9266, Loss: 0.3269
[Train] Epoch:   9, Total:  20204, Accuracy : 0.9862, Loss: 0.0515
[Eval] Epoch:   9, Total:    872, Accuracy : 0.9232, Loss: 0.3184
[Train] Epoch:  10, Total:  20204, Accuracy : 0.9839, Loss: 0.0943
[Eval] Epoch:  10, Total:    872, Accuracy : 0.9346, Loss: 0.2955
[Train] Epoch:  11, Total:  20204, Accuracy : 0.9820, Loss: 0.0470
[Eval] Epoch:  11, Total:    872, Accuracy : 0.9346, Loss: 0.3131
[Train] Epoch:  12, Total:  20204, Accuracy : 0.9864, Loss: 0.0350
[Eval] Epoch:  12, Total:    872, Accuracy : 0.9312, Loss: 0.3246
[Train] Epoch:  13, Total:  20204, Accuracy : 0.9882, Loss: 0.0549
[Eval] Epoch:  13, Total:    872, Accuracy : 0.9404, Loss: 0.3586
[Train] Epoch:  14, Total:  20204, Accuracy : 0.9892, Loss: 0.0248
[Eval] Epoch:  14, Total:    872, Accuracy : 0.9312, Loss: 0.3546
[Train] Epoch:  15, Total:  20204, Accuracy : 0.9916, Loss: 0.0100
[Eval] Epoch:  15, Total:    872, Accuracy : 0.9323, Loss: 0.3800
[Train] Epoch:  16, Total:  20204, Accuracy : 0.9936, Loss: 0.0093
[Eval] Epoch:  16, Total:    872, Accuracy : 0.9323, Loss: 0.3677
[Train] Epoch:  17, Total:  20204, Accuracy : 0.9943, Loss: 0.0104
[Eval] Epoch:  17, Total:    872, Accuracy : 0.9243, Loss: 0.3853
[Train] Epoch:  18, Total:  20204, Accuracy : 0.9949, Loss: 0.0047
[Eval] Epoch:  18, Total:    872, Accuracy : 0.9312, Loss: 0.3842
[Train] Epoch:  19, Total:  20204, Accuracy : 0.9954, Loss: 0.0233
[Eval] Epoch:  19, Total:    872, Accuracy : 0.9323, Loss: 0.3856
{"epoch":[1,2,3,4,5,6,7,8,9,10,11,12,13,14,15,16,17,18,19,20],"train_loss":[0.5027143268645564,0.21386719561075862,0.1555516915042189,0.12022733471438854,0.09373312985783891,0.07306556542745873,0.059220308261110056,0.0516588435378633,0.04447528889662103,0.0428579906119576,0.051548373001285744,0.05443587998234773,0.04406704566193909,0.0370156794810031,0.03370311782589253,0.026104299027378423,0.021466451324227774,0.017949326366150774,0.015825861044481537,0.015298764491041155],"eval_loss":[0.27116534486413,0.2275560311973095,0.22675282880663872,0.2186051607131958,0.28231315314769745,0.261441707611084,0.297069288790226,0.30597997456789017,0.31930939108133316,0.31867126375436783,0.28197864443063736,0.27258849516510963,0.27688970789313316,0.295510608702898,0.32172801345586777,0.34486469626426697,0.33982525765895844,0.3812238350510597,0.3744020164012909,0.37610092759132385],"train_acc":[0.7145614729756484,0.9246683824985151,0.9456543258760641,0.9585725598891308,0.9690655315779053,0.9771332409423876,0.9816372995446446,0.9841120570184122,0.9854484260542467,0.9861908532963769,0.9838645812710355,0.9819837655909721,0.9864383290437537,0.9882201544248663,0.9892100574143734,0.9916353197386656,0.9936151257176796,0.9942585626608592,0.9948525044545634,0.9954464462482677],"eval_acc":[0.9094036697247706,0.9254587155963303,0.9277522935779816,0.930045871559633,0.9151376146788991,0.9311926605504587,0.9288990825688074,0.9254587155963303,0.926605504587156,0.9231651376146789,0.9346330275229358,0.9346330275229358,0.9311926605504587,0.9403669724770642,0.9311926605504587,0.9323394495412844,0.9323394495412844,0.9243119266055045,0.9311926605504587,0.9323394495412844]}
[Eval] Epoch:  11, Total:    872, Accuracy : 0.9323, Loss: 0.3856
872 813 1.5044037103652954
