pruned_3_0.05_model_0
DatasetDict({
    train: Dataset({
        features: ['sentence', 'label', 'indexes'],
        num_rows: 3367
    })
    validation: Dataset({
        features: ['sentence', 'label', 'indexes'],
        num_rows: 872
    })
    test: Dataset({
        features: ['sentence', 'label', 'indexes'],
        num_rows: 1821
    })
})
[Train] Epoch:   0, Total:   3367, Accuracy : 0.6035, Loss: 0.6875
[Eval] Epoch:   0, Total:    872, Accuracy : 0.5092, Loss: 0.6949
[Train] Epoch:   1, Total:   3367, Accuracy : 0.6059, Loss: 0.6565
[Eval] Epoch:   1, Total:    872, Accuracy : 0.5092, Loss: 0.7078
[Train] Epoch:   2, Total:   3367, Accuracy : 0.6175, Loss: 0.5271
[Eval] Epoch:   2, Total:    872, Accuracy : 0.8383, Loss: 0.4975
[Train] Epoch:   3, Total:   3367, Accuracy : 0.8649, Loss: 0.4312
[Eval] Epoch:   3, Total:    872, Accuracy : 0.8922, Loss: 0.2728
[Train] Epoch:   4, Total:   3367, Accuracy : 0.8880, Loss: 0.1568
[Eval] Epoch:   4, Total:    872, Accuracy : 0.8544, Loss: 0.4310
[Train] Epoch:   5, Total:   3367, Accuracy : 0.9204, Loss: 0.0809
[Eval] Epoch:   5, Total:    872, Accuracy : 0.9186, Loss: 0.3196
[Train] Epoch:   6, Total:   3367, Accuracy : 0.9427, Loss: 0.3485
[Eval] Epoch:   6, Total:    872, Accuracy : 0.9174, Loss: 0.3182
[Train] Epoch:   7, Total:   3367, Accuracy : 0.9593, Loss: 0.0401
[Eval] Epoch:   7, Total:    872, Accuracy : 0.9163, Loss: 0.3392
[Train] Epoch:   8, Total:   3367, Accuracy : 0.9661, Loss: 0.0337
[Eval] Epoch:   8, Total:    872, Accuracy : 0.9197, Loss: 0.3492
[Train] Epoch:   9, Total:   3367, Accuracy : 0.9712, Loss: 0.0664
[Eval] Epoch:   9, Total:    872, Accuracy : 0.9186, Loss: 0.3376
[Train] Epoch:  10, Total:   3367, Accuracy : 0.9730, Loss: 0.0785
[Eval] Epoch:  10, Total:    872, Accuracy : 0.9174, Loss: 0.3439
[Train] Epoch:  11, Total:   3367, Accuracy : 0.9753, Loss: 0.1934
[Eval] Epoch:  11, Total:    872, Accuracy : 0.9209, Loss: 0.3538
[Train] Epoch:  12, Total:   3367, Accuracy : 0.9748, Loss: 0.1583
[Eval] Epoch:  12, Total:    872, Accuracy : 0.9209, Loss: 0.4123
[Train] Epoch:  13, Total:   3367, Accuracy : 0.9813, Loss: 0.0143
[Eval] Epoch:  13, Total:    872, Accuracy : 0.9255, Loss: 0.3909
[Train] Epoch:  14, Total:   3367, Accuracy : 0.9813, Loss: 0.0248
[Eval] Epoch:  14, Total:    872, Accuracy : 0.9140, Loss: 0.4042
[Train] Epoch:  15, Total:   3367, Accuracy : 0.9866, Loss: 0.0293
[Eval] Epoch:  15, Total:    872, Accuracy : 0.9243, Loss: 0.3853
[Train] Epoch:  16, Total:   3367, Accuracy : 0.9884, Loss: 0.0952
[Eval] Epoch:  16, Total:    872, Accuracy : 0.9266, Loss: 0.4308
[Train] Epoch:  17, Total:   3367, Accuracy : 0.9887, Loss: 0.0104
[Eval] Epoch:  17, Total:    872, Accuracy : 0.9243, Loss: 0.4435
[Train] Epoch:  18, Total:   3367, Accuracy : 0.9920, Loss: 0.0071
[Eval] Epoch:  18, Total:    872, Accuracy : 0.9243, Loss: 0.4387
[Train] Epoch:  19, Total:   3367, Accuracy : 0.9917, Loss: 0.0085
[Eval] Epoch:  19, Total:    872, Accuracy : 0.9243, Loss: 0.4332
{"epoch":[1,2,3,4,5,6,7,8,9,10,11,12,13,14,15,16,17,18,19,20],"train_loss":[0.6828628523009164,0.6720333439963204,0.6342302135058812,0.39383292836802347,0.3074627678309168,0.22293594745653017,0.18569369720561163,0.12573298519211157,0.10735150559672288,0.10073548608592578,0.09322078792112214,0.09448945735182081,0.0946498845836946,0.06745320525286454,0.0708269796201161,0.05504982492753437,0.04841621971822211,0.041635485632078986,0.03453894248897476,0.03398381649250431],"eval_loss":[0.6967211067676544,0.7112091928720474,0.5063192397356033,0.30796053260564804,0.4277559369802475,0.26012465730309486,0.2616683170199394,0.2879362069070339,0.2867661267518997,0.27823324128985405,0.2804754003882408,0.28749800100922585,0.31837064772844315,0.31133556365966797,0.349883496761322,0.31659768521785736,0.3633612245321274,0.36648794263601303,0.3631001189351082,0.364540159702301],"train_acc":[0.6035046035046036,0.6058806058806059,0.6174636174636174,0.8648648648648649,0.888030888030888,0.9204039204039204,0.9426789426789427,0.9593109593109593,0.9661419661419661,0.9711909711909712,0.972972972972973,0.9753489753489754,0.9747549747549747,0.9812889812889813,0.9812889812889813,0.9866349866349866,0.9884169884169884,0.9887139887139887,0.991980991980992,0.9916839916839917],"eval_acc":[0.5091743119266054,0.5091743119266054,0.838302752293578,0.8922018348623854,0.8543577981651376,0.9185779816513762,0.9174311926605505,0.9162844036697247,0.9197247706422018,0.9185779816513762,0.9174311926605505,0.9208715596330275,0.9208715596330275,0.9254587155963303,0.9139908256880734,0.9243119266055045,0.926605504587156,0.9243119266055045,0.9243119266055045,0.9243119266055045]}
[Eval] Epoch:  11, Total:    872, Accuracy : 0.9243, Loss: 0.4332
872 806 1.458160638809204
