pruned_1_0.05_model_0
DatasetDict({
    train: Dataset({
        features: ['sentence', 'label', 'indexes'],
        num_rows: 3356
    })
    validation: Dataset({
        features: ['sentence', 'label', 'indexes'],
        num_rows: 872
    })
    test: Dataset({
        features: ['sentence', 'label', 'indexes'],
        num_rows: 1821
    })
})
[Train] Epoch:   0, Total:   3356, Accuracy : 0.5569, Loss: 0.6977
[Eval] Epoch:   0, Total:    872, Accuracy : 0.5092, Loss: 0.6940
[Train] Epoch:   1, Total:   3356, Accuracy : 0.5581, Loss: 0.7004
[Eval] Epoch:   1, Total:    872, Accuracy : 0.5092, Loss: 0.6870
[Train] Epoch:   2, Total:   3356, Accuracy : 0.6421, Loss: 0.4745
[Eval] Epoch:   2, Total:    872, Accuracy : 0.8739, Loss: 0.3747
[Train] Epoch:   3, Total:   3356, Accuracy : 0.8784, Loss: 0.1969
[Eval] Epoch:   3, Total:    872, Accuracy : 0.8922, Loss: 0.2673
[Train] Epoch:   4, Total:   3356, Accuracy : 0.9112, Loss: 0.0899
[Eval] Epoch:   4, Total:    872, Accuracy : 0.9025, Loss: 0.2971
[Train] Epoch:   5, Total:   3356, Accuracy : 0.9318, Loss: 0.0578
[Eval] Epoch:   5, Total:    872, Accuracy : 0.8933, Loss: 0.2949
[Train] Epoch:   6, Total:   3356, Accuracy : 0.9511, Loss: 0.0894
[Eval] Epoch:   6, Total:    872, Accuracy : 0.8991, Loss: 0.3069
[Train] Epoch:   7, Total:   3356, Accuracy : 0.9622, Loss: 0.2907
[Eval] Epoch:   7, Total:    872, Accuracy : 0.9140, Loss: 0.2619
[Train] Epoch:   8, Total:   3356, Accuracy : 0.9693, Loss: 0.0137
[Eval] Epoch:   8, Total:    872, Accuracy : 0.9048, Loss: 0.2779
[Train] Epoch:   9, Total:   3356, Accuracy : 0.9738, Loss: 0.0264
[Eval] Epoch:   9, Total:    872, Accuracy : 0.9106, Loss: 0.3001
[Train] Epoch:  10, Total:   3356, Accuracy : 0.9771, Loss: 0.1436
[Eval] Epoch:  10, Total:    872, Accuracy : 0.9140, Loss: 0.3004
[Train] Epoch:  11, Total:   3356, Accuracy : 0.9753, Loss: 0.5589
[Eval] Epoch:  11, Total:    872, Accuracy : 0.7477, Loss: 0.9612
[Train] Epoch:  12, Total:   3356, Accuracy : 0.9255, Loss: 0.0213
[Eval] Epoch:  12, Total:    872, Accuracy : 0.8773, Loss: 0.4256
[Train] Epoch:  13, Total:   3356, Accuracy : 0.9744, Loss: 0.0296
[Eval] Epoch:  13, Total:    872, Accuracy : 0.9071, Loss: 0.4025
[Train] Epoch:  14, Total:   3356, Accuracy : 0.9878, Loss: 0.0095
[Eval] Epoch:  14, Total:    872, Accuracy : 0.9037, Loss: 0.3773
[Train] Epoch:  15, Total:   3356, Accuracy : 0.9833, Loss: 0.0347
[Eval] Epoch:  15, Total:    872, Accuracy : 0.9163, Loss: 0.3146
[Train] Epoch:  16, Total:   3356, Accuracy : 0.9830, Loss: 0.2853
[Eval] Epoch:  16, Total:    872, Accuracy : 0.9094, Loss: 0.3049
[Train] Epoch:  17, Total:   3356, Accuracy : 0.9887, Loss: 0.0103
[Eval] Epoch:  17, Total:    872, Accuracy : 0.9094, Loss: 0.3116
[Train] Epoch:  18, Total:   3356, Accuracy : 0.9893, Loss: 0.1793
[Eval] Epoch:  18, Total:    872, Accuracy : 0.9128, Loss: 0.3404
[Train] Epoch:  19, Total:   3356, Accuracy : 0.9899, Loss: 0.0062
[Eval] Epoch:  19, Total:    872, Accuracy : 0.9071, Loss: 0.3454
{"epoch":[1,2,3,4,5,6,7,8,9,10,11,12,13,14,15,16,17,18,19,20],"train_loss":[0.6884694652897971,0.6866259489740644,0.6099127637488502,0.3349116700036185,0.2320976055094174,0.18145088851451874,0.1436889437692506,0.12732404097914696,0.09030710499999779,0.08434308666203703,0.08581380705748286,0.11722558523927416,0.19974611100873776,0.08154279765273843,0.05037154882614102,0.05726595675306661,0.07422096401985202,0.03983941062220505,0.04624762911615627,0.03464088376079287],"eval_loss":[0.6957573294639587,0.688505545258522,0.3889728784561157,0.2883889451622963,0.267355278134346,0.2790636532008648,0.30834366381168365,0.2745507210493088,0.3150268793106079,0.3313574120402336,0.3293554335832596,0.9637033343315125,0.4438217207789421,0.36437422782182693,0.3910556584596634,0.3618112578988075,0.36100833117961884,0.35689808428287506,0.38293328136205673,0.38891424238681793],"train_acc":[0.5569129916567342,0.5581048867699643,0.6421334922526818,0.8784266984505363,0.9112038140643623,0.9317640047675805,0.9511323003575686,0.9621573301549463,0.9693087008343266,0.9737783075089392,0.9770560190703218,0.9752681764004768,0.9255065554231228,0.9743742550655542,0.9877830750893921,0.9833134684147795,0.983015494636472,0.9886769964243146,0.9892729439809297,0.9898688915375446],"eval_acc":[0.5091743119266054,0.5091743119266054,0.8738532110091743,0.8922018348623854,0.9025229357798165,0.893348623853211,0.8990825688073395,0.9139908256880734,0.9048165137614679,0.9105504587155964,0.9139908256880734,0.7477064220183486,0.8772935779816514,0.9071100917431193,0.9036697247706422,0.9162844036697247,0.9094036697247706,0.9094036697247706,0.9128440366972477,0.9071100917431193]}
[Eval] Epoch:  11, Total:    872, Accuracy : 0.9071, Loss: 0.3454
872 791 1.5556569695472717
