pruned_1_0.01_model_0
DatasetDict({
    train: Dataset({
        features: ['sentence', 'label', 'indexes'],
        num_rows: 659
    })
    validation: Dataset({
        features: ['sentence', 'label', 'indexes'],
        num_rows: 872
    })
    test: Dataset({
        features: ['sentence', 'label', 'indexes'],
        num_rows: 1821
    })
})
[Train] Epoch:   0, Total:    659, Accuracy : 0.4568, Loss: 0.6920
[Eval] Epoch:   0, Total:    872, Accuracy : 0.4908, Loss: 0.6942
[Train] Epoch:   1, Total:    659, Accuracy : 0.4643, Loss: 0.6933
[Eval] Epoch:   1, Total:    872, Accuracy : 0.4908, Loss: 0.6936
[Train] Epoch:   2, Total:    659, Accuracy : 0.4704, Loss: 0.6942
[Eval] Epoch:   2, Total:    872, Accuracy : 0.5092, Loss: 0.6929
[Train] Epoch:   3, Total:    659, Accuracy : 0.5144, Loss: 0.6884
[Eval] Epoch:   3, Total:    872, Accuracy : 0.5092, Loss: 0.6923
[Train] Epoch:   4, Total:    659, Accuracy : 0.5569, Loss: 0.6936
[Eval] Epoch:   4, Total:    872, Accuracy : 0.5092, Loss: 0.6922
[Train] Epoch:   5, Total:    659, Accuracy : 0.5554, Loss: 0.6836
[Eval] Epoch:   5, Total:    872, Accuracy : 0.5092, Loss: 0.6929
[Train] Epoch:   6, Total:    659, Accuracy : 0.5554, Loss: 0.6877
[Eval] Epoch:   6, Total:    872, Accuracy : 0.5092, Loss: 0.6939
[Train] Epoch:   7, Total:    659, Accuracy : 0.5554, Loss: 0.6854
[Eval] Epoch:   7, Total:    872, Accuracy : 0.5092, Loss: 0.6942
[Train] Epoch:   8, Total:    659, Accuracy : 0.5554, Loss: 0.6804
[Eval] Epoch:   8, Total:    872, Accuracy : 0.5092, Loss: 0.6928
[Train] Epoch:   9, Total:    659, Accuracy : 0.5554, Loss: 0.6897
[Eval] Epoch:   9, Total:    872, Accuracy : 0.5092, Loss: 0.6892
[Train] Epoch:  10, Total:    659, Accuracy : 0.5554, Loss: 0.6927
[Eval] Epoch:  10, Total:    872, Accuracy : 0.5092, Loss: 0.6795
[Train] Epoch:  11, Total:    659, Accuracy : 0.5630, Loss: 0.6499
[Eval] Epoch:  11, Total:    872, Accuracy : 0.5596, Loss: 0.6435
[Train] Epoch:  12, Total:    659, Accuracy : 0.6980, Loss: 0.5688
[Eval] Epoch:  12, Total:    872, Accuracy : 0.8257, Loss: 0.5305
[Train] Epoch:  13, Total:    659, Accuracy : 0.8392, Loss: 0.4151
[Eval] Epoch:  13, Total:    872, Accuracy : 0.8521, Loss: 0.3870
[Train] Epoch:  14, Total:    659, Accuracy : 0.8907, Loss: 0.3162
[Eval] Epoch:  14, Total:    872, Accuracy : 0.8693, Loss: 0.3169
[Train] Epoch:  15, Total:    659, Accuracy : 0.9135, Loss: 0.2388
[Eval] Epoch:  15, Total:    872, Accuracy : 0.8704, Loss: 0.3278
[Train] Epoch:  16, Total:    659, Accuracy : 0.9165, Loss: 0.2556
[Eval] Epoch:  16, Total:    872, Accuracy : 0.8807, Loss: 0.3053
[Train] Epoch:  17, Total:    659, Accuracy : 0.9317, Loss: 0.1155
[Eval] Epoch:  17, Total:    872, Accuracy : 0.8761, Loss: 0.3093
[Train] Epoch:  18, Total:    659, Accuracy : 0.9363, Loss: 0.2005
[Eval] Epoch:  18, Total:    872, Accuracy : 0.8693, Loss: 0.3132
[Train] Epoch:  19, Total:    659, Accuracy : 0.9484, Loss: 0.1303
[Eval] Epoch:  19, Total:    872, Accuracy : 0.8727, Loss: 0.3136
{"epoch":[1,2,3,4,5,6,7,8,9,10,11,12,13,14,15,16,17,18,19,20],"train_loss":[0.6948471069335938,0.6961601575215658,0.6952648162841797,0.6911556522051493,0.6893928249677023,0.6857864061991373,0.6874463756879171,0.6875651677449545,0.6852893630663554,0.6829026937484741,0.6785163879394531,0.6569103399912516,0.6049588918685913,0.4792538285255432,0.3457285165786743,0.26490306357542676,0.2539112369219462,0.1987507144610087,0.2180267870426178,0.1661105453968048],"eval_loss":[0.6939525604248047,0.6935477703809738,0.6930672377347946,0.692850798368454,0.6932550519704819,0.6943975538015366,0.6958459913730621,0.6964410543441772,0.6952151507139206,0.6916191577911377,0.682003065943718,0.6466634273529053,0.5352543145418167,0.3982921466231346,0.33742018789052963,0.36361632496118546,0.36260270327329636,0.35008668154478073,0.37244710326194763,0.3699946701526642],"train_acc":[0.456752655538695,0.464339908952959,0.47040971168437024,0.5144157814871017,0.5569044006069803,0.5553869499241275,0.5553869499241275,0.5553869499241275,0.5553869499241275,0.5553869499241275,0.5553869499241275,0.5629742033383915,0.6980273141122914,0.8391502276176024,0.8907435508345979,0.91350531107739,0.9165402124430956,0.9317147192716236,0.936267071320182,0.9484066767830045],"eval_acc":[0.4908256880733945,0.4908256880733945,0.5091743119266054,0.5091743119266054,0.5091743119266054,0.5091743119266054,0.5091743119266054,0.5091743119266054,0.5091743119266054,0.5091743119266054,0.5091743119266054,0.5596330275229358,0.8256880733944955,0.8520642201834863,0.8692660550458715,0.8704128440366973,0.8807339449541285,0.8761467889908257,0.8692660550458715,0.8727064220183486]}
[Eval] Epoch:  11, Total:    872, Accuracy : 0.8727, Loss: 0.3136
872 761 1.4799786806106567
