pruned_2_0.01_model_0
DatasetDict({
    train: Dataset({
        features: ['sentence', 'label', 'indexes'],
        num_rows: 673
    })
    validation: Dataset({
        features: ['sentence', 'label', 'indexes'],
        num_rows: 872
    })
    test: Dataset({
        features: ['sentence', 'label', 'indexes'],
        num_rows: 1821
    })
})
[Train] Epoch:   0, Total:    673, Accuracy : 0.5483, Loss: 0.6952
[Eval] Epoch:   0, Total:    872, Accuracy : 0.4908, Loss: 0.6942
[Train] Epoch:   1, Total:    673, Accuracy : 0.5513, Loss: 0.6936
[Eval] Epoch:   1, Total:    872, Accuracy : 0.4908, Loss: 0.6948
[Train] Epoch:   2, Total:    673, Accuracy : 0.5483, Loss: 0.6846
[Eval] Epoch:   2, Total:    872, Accuracy : 0.4908, Loss: 0.6961
[Train] Epoch:   3, Total:    673, Accuracy : 0.5646, Loss: 0.6861
[Eval] Epoch:   3, Total:    872, Accuracy : 0.4908, Loss: 0.6984
[Train] Epoch:   4, Total:    673, Accuracy : 0.5676, Loss: 0.6886
[Eval] Epoch:   4, Total:    872, Accuracy : 0.4908, Loss: 0.7021
[Train] Epoch:   5, Total:    673, Accuracy : 0.5676, Loss: 0.6841
[Eval] Epoch:   5, Total:    872, Accuracy : 0.4908, Loss: 0.7068
[Train] Epoch:   6, Total:    673, Accuracy : 0.5676, Loss: 0.6773
[Eval] Epoch:   6, Total:    872, Accuracy : 0.4908, Loss: 0.7109
[Train] Epoch:   7, Total:    673, Accuracy : 0.5676, Loss: 0.6818
[Eval] Epoch:   7, Total:    872, Accuracy : 0.4908, Loss: 0.7138
[Train] Epoch:   8, Total:    673, Accuracy : 0.5676, Loss: 0.6992
[Eval] Epoch:   8, Total:    872, Accuracy : 0.4908, Loss: 0.7139
[Train] Epoch:   9, Total:    673, Accuracy : 0.5676, Loss: 0.6734
[Eval] Epoch:   9, Total:    872, Accuracy : 0.4908, Loss: 0.7121
[Train] Epoch:  10, Total:    673, Accuracy : 0.5676, Loss: 0.6908
[Eval] Epoch:  10, Total:    872, Accuracy : 0.4908, Loss: 0.7096
[Train] Epoch:  11, Total:    673, Accuracy : 0.5676, Loss: 0.6840
[Eval] Epoch:  11, Total:    872, Accuracy : 0.4908, Loss: 0.7064
[Train] Epoch:  12, Total:    673, Accuracy : 0.5676, Loss: 0.6798
[Eval] Epoch:  12, Total:    872, Accuracy : 0.4908, Loss: 0.7069
[Train] Epoch:  13, Total:    673, Accuracy : 0.5706, Loss: 0.6605
[Eval] Epoch:  13, Total:    872, Accuracy : 0.4908, Loss: 0.7243
[Train] Epoch:  14, Total:    673, Accuracy : 0.5676, Loss: 0.6643
[Eval] Epoch:  14, Total:    872, Accuracy : 0.4908, Loss: 0.7979
[Train] Epoch:  15, Total:    673, Accuracy : 0.5840, Loss: 0.6404
[Eval] Epoch:  15, Total:    872, Accuracy : 0.4908, Loss: 0.7677
[Train] Epoch:  16, Total:    673, Accuracy : 0.6285, Loss: 0.6362
[Eval] Epoch:  16, Total:    872, Accuracy : 0.4908, Loss: 0.7671
[Train] Epoch:  17, Total:    673, Accuracy : 0.6686, Loss: 0.5617
[Eval] Epoch:  17, Total:    872, Accuracy : 0.4908, Loss: 0.7820
[Train] Epoch:  18, Total:    673, Accuracy : 0.6701, Loss: 0.6110
[Eval] Epoch:  18, Total:    872, Accuracy : 0.5000, Loss: 0.7371
[Train] Epoch:  19, Total:    673, Accuracy : 0.7637, Loss: 0.5326
[Eval] Epoch:  19, Total:    872, Accuracy : 0.5103, Loss: 0.7207
{"epoch":[1,2,3,4,5,6,7,8,9,10,11,12,13,14,15,16,17,18,19,20],"train_loss":[0.692259669303894,0.6913329561551412,0.6890204350153605,0.687805195649465,0.6858196457227071,0.6833584109942118,0.6845517754554749,0.6836558183034261,0.6881492535273234,0.6794900298118591,0.6869828701019287,0.6818290948867798,0.6786335508028666,0.6696000893910726,0.6686132152875265,0.6521056890487671,0.6329659024874369,0.5961727897326151,0.584037184715271,0.5286342899004618],"eval_loss":[0.6938003301620483,0.6942805200815201,0.6952971816062927,0.6972694844007492,0.7005694657564163,0.7048328816890717,0.7087216228246689,0.7116582840681076,0.711980476975441,0.7106894254684448,0.7089551985263824,0.7067584991455078,0.7089589089155197,0.7301826477050781,0.8074508607387543,0.7833103686571121,0.7896202653646469,0.8073254376649857,0.7636660039424896,0.748608872294426],"train_acc":[0.5482912332838039,0.5512630014858841,0.5482912332838039,0.5646359583952452,0.5676077265973254,0.5676077265973254,0.5676077265973254,0.5676077265973254,0.5676077265973254,0.5676077265973254,0.5676077265973254,0.5676077265973254,0.5676077265973254,0.5705794947994056,0.5676077265973254,0.5839524517087668,0.6285289747399703,0.6686478454680534,0.6701337295690936,0.763744427934621],"eval_acc":[0.4908256880733945,0.4908256880733945,0.4908256880733945,0.4908256880733945,0.4908256880733945,0.4908256880733945,0.4908256880733945,0.4908256880733945,0.4908256880733945,0.4908256880733945,0.4908256880733945,0.4908256880733945,0.4908256880733945,0.4908256880733945,0.4908256880733945,0.4908256880733945,0.4908256880733945,0.4908256880733945,0.5,0.5103211009174312]}
[Eval] Epoch:  11, Total:    872, Accuracy : 0.5103, Loss: 0.7207
872 445 2.994435489177704
