random_0.5_model_0
DatasetDict({
    train: Dataset({
        features: ['sentence', 'label', 'indexes'],
        num_rows: 33674
    })
    validation: Dataset({
        features: ['sentence', 'label', 'indexes'],
        num_rows: 872
    })
    test: Dataset({
        features: ['sentence', 'label', 'indexes'],
        num_rows: 1821
    })
})
[Train] Epoch:   0, Total:  33674, Accuracy : 0.7993, Loss: 0.2386
[Eval] Epoch:   0, Total:    872, Accuracy : 0.9243, Loss: 0.2269
[Train] Epoch:   1, Total:  33674, Accuracy : 0.9290, Loss: 0.2080
[Eval] Epoch:   1, Total:    872, Accuracy : 0.9369, Loss: 0.1909
[Train] Epoch:   2, Total:  33674, Accuracy : 0.9502, Loss: 0.1066
[Eval] Epoch:   2, Total:    872, Accuracy : 0.9358, Loss: 0.1848
[Train] Epoch:   3, Total:  33674, Accuracy : 0.9630, Loss: 0.0765
[Eval] Epoch:   3, Total:    872, Accuracy : 0.9358, Loss: 0.2297
[Train] Epoch:   4, Total:  33674, Accuracy : 0.9702, Loss: 0.1022
[Eval] Epoch:   4, Total:    872, Accuracy : 0.9404, Loss: 0.2350
[Train] Epoch:   5, Total:  33674, Accuracy : 0.9764, Loss: 0.0460
[Eval] Epoch:   5, Total:    872, Accuracy : 0.9335, Loss: 0.2536
[Train] Epoch:   6, Total:  33674, Accuracy : 0.9811, Loss: 0.0292
[Eval] Epoch:   6, Total:    872, Accuracy : 0.9312, Loss: 0.3221
[Train] Epoch:   7, Total:  33674, Accuracy : 0.9836, Loss: 0.0761
[Eval] Epoch:   7, Total:    872, Accuracy : 0.9358, Loss: 0.3400
[Train] Epoch:   8, Total:  33674, Accuracy : 0.9860, Loss: 0.0238
[Eval] Epoch:   8, Total:    872, Accuracy : 0.9346, Loss: 0.3536
[Train] Epoch:   9, Total:  33674, Accuracy : 0.9863, Loss: 0.0075
[Eval] Epoch:   9, Total:    872, Accuracy : 0.9335, Loss: 0.3585
[Train] Epoch:  10, Total:  33674, Accuracy : 0.9820, Loss: 0.0882
[Eval] Epoch:  10, Total:    872, Accuracy : 0.9358, Loss: 0.3137
[Train] Epoch:  11, Total:  33674, Accuracy : 0.9823, Loss: 0.0394
[Eval] Epoch:  11, Total:    872, Accuracy : 0.9381, Loss: 0.3057
[Train] Epoch:  12, Total:  33674, Accuracy : 0.9843, Loss: 0.0528
[Eval] Epoch:  12, Total:    872, Accuracy : 0.9358, Loss: 0.3065
[Train] Epoch:  13, Total:  33674, Accuracy : 0.9865, Loss: 0.0341
[Eval] Epoch:  13, Total:    872, Accuracy : 0.9323, Loss: 0.4344
[Train] Epoch:  14, Total:  33674, Accuracy : 0.9905, Loss: 0.0537
[Eval] Epoch:  14, Total:    872, Accuracy : 0.9335, Loss: 0.2918
[Train] Epoch:  15, Total:  33674, Accuracy : 0.9918, Loss: 0.0104
[Eval] Epoch:  15, Total:    872, Accuracy : 0.9381, Loss: 0.4073
[Train] Epoch:  16, Total:  33674, Accuracy : 0.9936, Loss: 0.0387
[Eval] Epoch:  16, Total:    872, Accuracy : 0.9415, Loss: 0.4265
[Train] Epoch:  17, Total:  33674, Accuracy : 0.9946, Loss: 0.0100
[Eval] Epoch:  17, Total:    872, Accuracy : 0.9404, Loss: 0.4244
[Train] Epoch:  18, Total:  33674, Accuracy : 0.9948, Loss: 0.0040
[Eval] Epoch:  18, Total:    872, Accuracy : 0.9404, Loss: 0.4361
[Train] Epoch:  19, Total:  33674, Accuracy : 0.9963, Loss: 0.0052
[Eval] Epoch:  19, Total:    872, Accuracy : 0.9404, Loss: 0.4348
{"epoch":[1,2,3,4,5,6,7,8,9,10,11,12,13,14,15,16,17,18,19,20],"train_loss":[0.3906506785389149,0.18507935078532406,0.1362499026299426,0.10482124453692725,0.08481795618762121,0.06821462389251048,0.055173112573384336,0.04839172912761569,0.040941590457364466,0.03922519841668845,0.05250768754701836,0.05444697565116891,0.04654574946669692,0.038409462847718685,0.02907504624983465,0.02576246405034467,0.020662606868427247,0.016243816010308255,0.015479204621497598,0.012491352409900477],"eval_loss":[0.19668446108698845,0.18454507365822792,0.2052016332745552,0.2026696428656578,0.234186340123415,0.25568223372101784,0.2995049059391022,0.30333782732486725,0.31766489148139954,0.32112304866313934,0.2593189440667629,0.2573292441666126,0.2734815366566181,0.33407439291477203,0.2961878404021263,0.33970582485198975,0.3465523198246956,0.35592029988765717,0.35896195471286774,0.3607138991355896],"train_acc":[0.7992813446575994,0.9289659678089921,0.9501989665617391,0.9629684623151393,0.9702441052444022,0.9763912811070856,0.9810833283839163,0.9836372275345964,0.9860129476747639,0.986339609194037,0.9819742234364792,0.9822711884540001,0.9843202470748946,0.9864583952010453,0.9905268159410822,0.9918037655164221,0.9936449486250519,0.9945655401793668,0.9948328086951357,0.9963473302844925],"eval_acc":[0.9243119266055045,0.9369266055045872,0.9357798165137615,0.9357798165137615,0.9403669724770642,0.9334862385321101,0.9311926605504587,0.9357798165137615,0.9346330275229358,0.9334862385321101,0.9357798165137615,0.9380733944954128,0.9357798165137615,0.9323394495412844,0.9334862385321101,0.9380733944954128,0.9415137614678899,0.9403669724770642,0.9403669724770642,0.9403669724770642]}
[Eval] Epoch:  11, Total:    872, Accuracy : 0.9404, Loss: 0.4348
872 820 1.4428555965423584
