pruned_1_0.3_model_0
DatasetDict({
    train: Dataset({
        features: ['sentence', 'label', 'indexes'],
        num_rows: 20209
    })
    validation: Dataset({
        features: ['sentence', 'label', 'indexes'],
        num_rows: 872
    })
    test: Dataset({
        features: ['sentence', 'label', 'indexes'],
        num_rows: 1821
    })
})
[Train] Epoch:   0, Total:  20209, Accuracy : 0.7019, Loss: 0.3064
[Eval] Epoch:   0, Total:    872, Accuracy : 0.9048, Loss: 0.3210
[Train] Epoch:   1, Total:  20209, Accuracy : 0.9089, Loss: 0.2007
[Eval] Epoch:   1, Total:    872, Accuracy : 0.9232, Loss: 0.2855
[Train] Epoch:   2, Total:  20209, Accuracy : 0.9379, Loss: 0.1653
[Eval] Epoch:   2, Total:    872, Accuracy : 0.9335, Loss: 0.2954
[Train] Epoch:   3, Total:  20209, Accuracy : 0.9525, Loss: 0.1102
[Eval] Epoch:   3, Total:    872, Accuracy : 0.9278, Loss: 0.3033
[Train] Epoch:   4, Total:  20209, Accuracy : 0.9666, Loss: 0.0773
[Eval] Epoch:   4, Total:    872, Accuracy : 0.9335, Loss: 0.3209
[Train] Epoch:   5, Total:  20209, Accuracy : 0.9728, Loss: 0.0494
[Eval] Epoch:   5, Total:    872, Accuracy : 0.9323, Loss: 0.3305
[Train] Epoch:   6, Total:  20209, Accuracy : 0.9785, Loss: 0.0791
[Eval] Epoch:   6, Total:    872, Accuracy : 0.9358, Loss: 0.3621
[Train] Epoch:   7, Total:  20209, Accuracy : 0.9812, Loss: 0.0470
[Eval] Epoch:   7, Total:    872, Accuracy : 0.9381, Loss: 0.3862
[Train] Epoch:   8, Total:  20209, Accuracy : 0.9844, Loss: 0.0578
[Eval] Epoch:   8, Total:    872, Accuracy : 0.9381, Loss: 0.3785
[Train] Epoch:   9, Total:  20209, Accuracy : 0.9851, Loss: 0.0693
[Eval] Epoch:   9, Total:    872, Accuracy : 0.9392, Loss: 0.3807
[Train] Epoch:  10, Total:  20209, Accuracy : 0.9798, Loss: 0.0694
[Eval] Epoch:  10, Total:    872, Accuracy : 0.9369, Loss: 0.3829
[Train] Epoch:  11, Total:  20209, Accuracy : 0.9812, Loss: 0.0590
[Eval] Epoch:  11, Total:    872, Accuracy : 0.9346, Loss: 0.4002
[Train] Epoch:  12, Total:  20209, Accuracy : 0.9841, Loss: 0.0195
[Eval] Epoch:  12, Total:    872, Accuracy : 0.9312, Loss: 0.3607
[Train] Epoch:  13, Total:  20209, Accuracy : 0.9864, Loss: 0.0232
[Eval] Epoch:  13, Total:    872, Accuracy : 0.9369, Loss: 0.4616
[Train] Epoch:  14, Total:  20209, Accuracy : 0.9888, Loss: 0.0144
[Eval] Epoch:  14, Total:    872, Accuracy : 0.9346, Loss: 0.4560
[Train] Epoch:  15, Total:  20209, Accuracy : 0.9913, Loss: 0.0033
[Eval] Epoch:  15, Total:    872, Accuracy : 0.9369, Loss: 0.4632
[Train] Epoch:  16, Total:  20209, Accuracy : 0.9927, Loss: 0.0317
[Eval] Epoch:  16, Total:    872, Accuracy : 0.9323, Loss: 0.4781
[Train] Epoch:  17, Total:  20209, Accuracy : 0.9947, Loss: 0.0169
[Eval] Epoch:  17, Total:    872, Accuracy : 0.9358, Loss: 0.5160
[Train] Epoch:  18, Total:  20209, Accuracy : 0.9952, Loss: 0.0021
[Eval] Epoch:  18, Total:    872, Accuracy : 0.9381, Loss: 0.5173
[Train] Epoch:  19, Total:  20209, Accuracy : 0.9955, Loss: 0.0192
[Eval] Epoch:  19, Total:    872, Accuracy : 0.9381, Loss: 0.5210
{"epoch":[1,2,3,4,5,6,7,8,9,10,11,12,13,14,15,16,17,18,19,20],"train_loss":[0.5081225971255121,0.23317291653608974,0.1643162620595739,0.1285900188775002,0.09817440722939334,0.07964591507481623,0.06452570513739617,0.054782920481660696,0.04854108374330062,0.045947562054365496,0.05925013310028405,0.058378678687577006,0.04888047305041853,0.041174952235497254,0.03579241704030693,0.028846326460943945,0.02229125864355813,0.018679895170056558,0.017159729521085,0.01626109430430858],"eval_loss":[0.25729652121663094,0.22535031661391258,0.22082137316465378,0.22659415379166603,0.24588996917009354,0.2829565890133381,0.2727818712592125,0.28661398589611053,0.28424035385251045,0.28700729459524155,0.26232799515128136,0.28742432966828346,0.29102351889014244,0.31636330857872963,0.29105711355805397,0.3190447837114334,0.3458070904016495,0.35371168702840805,0.3563437983393669,0.3582916557788849],"train_acc":[0.7019149883715177,0.9089019743678559,0.9378989559107328,0.9525458953931417,0.9665990400316691,0.9727844029887673,0.9784749369092979,0.9812459795140779,0.9843634024444554,0.9850561630956505,0.9798109753080311,0.9811964966104211,0.9840665050225147,0.9864416843980405,0.9888168637735663,0.9913404918600623,0.9926765302587955,0.9947053293087238,0.9952496412489484,0.9954970557672325],"eval_acc":[0.9048165137614679,0.9231651376146789,0.9334862385321101,0.9277522935779816,0.9334862385321101,0.9323394495412844,0.9357798165137615,0.9380733944954128,0.9380733944954128,0.9392201834862385,0.9369266055045872,0.9346330275229358,0.9311926605504587,0.9369266055045872,0.9346330275229358,0.9369266055045872,0.9323394495412844,0.9357798165137615,0.9380733944954128,0.9380733944954128]}
[Eval] Epoch:  11, Total:    872, Accuracy : 0.9381, Loss: 0.5210
872 818 1.4331666231155396
