pruned_2_0.3_model_0
DatasetDict({
    train: Dataset({
        features: ['sentence', 'label', 'indexes'],
        num_rows: 20204
    })
    validation: Dataset({
        features: ['sentence', 'label', 'indexes'],
        num_rows: 872
    })
    test: Dataset({
        features: ['sentence', 'label', 'indexes'],
        num_rows: 1821
    })
})
[Train] Epoch:   0, Total:  20204, Accuracy : 0.7177, Loss: 0.2645
[Eval] Epoch:   0, Total:    872, Accuracy : 0.9151, Loss: 0.2198
[Train] Epoch:   1, Total:  20204, Accuracy : 0.8828, Loss: 0.2900
[Eval] Epoch:   1, Total:    872, Accuracy : 0.9174, Loss: 0.2364
[Train] Epoch:   2, Total:  20204, Accuracy : 0.9112, Loss: 0.2698
[Eval] Epoch:   2, Total:    872, Accuracy : 0.9186, Loss: 0.2599
[Train] Epoch:   3, Total:  20204, Accuracy : 0.9344, Loss: 0.1536
[Eval] Epoch:   3, Total:    872, Accuracy : 0.9174, Loss: 0.2802
[Train] Epoch:   4, Total:  20204, Accuracy : 0.9488, Loss: 0.1248
[Eval] Epoch:   4, Total:    872, Accuracy : 0.9289, Loss: 0.3116
[Train] Epoch:   5, Total:  20204, Accuracy : 0.9597, Loss: 0.0859
[Eval] Epoch:   5, Total:    872, Accuracy : 0.9323, Loss: 0.3119
[Train] Epoch:   6, Total:  20204, Accuracy : 0.9673, Loss: 0.0948
[Eval] Epoch:   6, Total:    872, Accuracy : 0.9243, Loss: 0.3388
[Train] Epoch:   7, Total:  20204, Accuracy : 0.9712, Loss: 0.0377
[Eval] Epoch:   7, Total:    872, Accuracy : 0.9266, Loss: 0.3563
[Train] Epoch:   8, Total:  20204, Accuracy : 0.9723, Loss: 0.0520
[Eval] Epoch:   8, Total:    872, Accuracy : 0.9255, Loss: 0.3598
[Train] Epoch:   9, Total:  20204, Accuracy : 0.9765, Loss: 0.0837
[Eval] Epoch:   9, Total:    872, Accuracy : 0.9266, Loss: 0.3584
[Train] Epoch:  10, Total:  20204, Accuracy : 0.9693, Loss: 0.0830
[Eval] Epoch:  10, Total:    872, Accuracy : 0.9266, Loss: 0.3158
[Train] Epoch:  11, Total:  20204, Accuracy : 0.9699, Loss: 0.0838
[Eval] Epoch:  11, Total:    872, Accuracy : 0.9220, Loss: 0.2326
[Train] Epoch:  12, Total:  20204, Accuracy : 0.9759, Loss: 0.1181
[Eval] Epoch:  12, Total:    872, Accuracy : 0.9278, Loss: 0.3223
[Train] Epoch:  13, Total:  20204, Accuracy : 0.9803, Loss: 0.0686
[Eval] Epoch:  13, Total:    872, Accuracy : 0.9312, Loss: 0.3111
[Train] Epoch:  14, Total:  20204, Accuracy : 0.9834, Loss: 0.0474
[Eval] Epoch:  14, Total:    872, Accuracy : 0.9289, Loss: 0.3557
[Train] Epoch:  15, Total:  20204, Accuracy : 0.9850, Loss: 0.0312
[Eval] Epoch:  15, Total:    872, Accuracy : 0.9266, Loss: 0.3467
[Train] Epoch:  16, Total:  20204, Accuracy : 0.9886, Loss: 0.0353
[Eval] Epoch:  16, Total:    872, Accuracy : 0.9266, Loss: 0.4054
[Train] Epoch:  17, Total:  20204, Accuracy : 0.9910, Loss: 0.0175
[Eval] Epoch:  17, Total:    872, Accuracy : 0.9335, Loss: 0.4228
[Train] Epoch:  18, Total:  20204, Accuracy : 0.9915, Loss: 0.0214
[Eval] Epoch:  18, Total:    872, Accuracy : 0.9300, Loss: 0.4277
[Train] Epoch:  19, Total:  20204, Accuracy : 0.9918, Loss: 0.0240
[Eval] Epoch:  19, Total:    872, Accuracy : 0.9289, Loss: 0.4283
{"epoch":[1,2,3,4,5,6,7,8,9,10,11,12,13,14,15,16,17,18,19,20],"train_loss":[0.5026232404044911,0.25447348288342925,0.20064877086802374,0.15951015960566606,0.12985414247724075,0.1063642072243781,0.08771487018918689,0.07592151924684833,0.07192448319136342,0.06479043320198602,0.08118134406925756,0.08121663619634471,0.06688521017285087,0.05590099299067183,0.047905533362321465,0.04137157807951864,0.03218181640546344,0.026206510312430844,0.025123778483064116,0.02475194243973569],"eval_loss":[0.22920388355851173,0.2245969995856285,0.2539546675980091,0.2576119042932987,0.26881760731339455,0.269988514482975,0.29233575239777565,0.30956048518419266,0.30626650154590607,0.30818845331668854,0.300007663667202,0.2834489978849888,0.3049535006284714,0.2743128016591072,0.3149341270327568,0.32031290978193283,0.3520728871226311,0.35217737406492233,0.3601977154612541,0.3586040809750557],"train_acc":[0.7177291625420709,0.8827954860423678,0.9112057018412195,0.934369431795684,0.9487725202930113,0.9597109483270639,0.9672837061967927,0.9712433181548208,0.9722827162938033,0.976489803999208,0.9692635121758068,0.969857453969511,0.9758958622055038,0.9802514353593348,0.983369629776282,0.9849534745594932,0.9885666204711938,0.990991882795486,0.9914868342902395,0.991833300336567],"eval_acc":[0.9151376146788991,0.9174311926605505,0.9185779816513762,0.9174311926605505,0.9288990825688074,0.9323394495412844,0.9243119266055045,0.926605504587156,0.9254587155963303,0.926605504587156,0.926605504587156,0.9220183486238532,0.9277522935779816,0.9311926605504587,0.9288990825688074,0.926605504587156,0.926605504587156,0.9334862385321101,0.930045871559633,0.9288990825688074]}
[Eval] Epoch:  11, Total:    872, Accuracy : 0.9289, Loss: 0.4283
872 810 1.4344163239002228
