pruned_2_0.02_model_0
DatasetDict({
    train: Dataset({
        features: ['sentence', 'label', 'indexes'],
        num_rows: 1346
    })
    validation: Dataset({
        features: ['sentence', 'label', 'indexes'],
        num_rows: 872
    })
    test: Dataset({
        features: ['sentence', 'label', 'indexes'],
        num_rows: 1821
    })
})
[Train] Epoch:   0, Total:   1346, Accuracy : 0.4198, Loss: 0.6933
[Eval] Epoch:   0, Total:    872, Accuracy : 0.5092, Loss: 0.6928
[Train] Epoch:   1, Total:   1346, Accuracy : 0.5171, Loss: 0.6833
[Eval] Epoch:   1, Total:    872, Accuracy : 0.4908, Loss: 0.6946
[Train] Epoch:   2, Total:   1346, Accuracy : 0.5706, Loss: 0.6853
[Eval] Epoch:   2, Total:    872, Accuracy : 0.4908, Loss: 0.7032
[Train] Epoch:   3, Total:   1346, Accuracy : 0.5721, Loss: 0.7230
[Eval] Epoch:   3, Total:    872, Accuracy : 0.4908, Loss: 0.7166
[Train] Epoch:   4, Total:   1346, Accuracy : 0.5721, Loss: 0.6937
[Eval] Epoch:   4, Total:    872, Accuracy : 0.4908, Loss: 0.7109
[Train] Epoch:   5, Total:   1346, Accuracy : 0.5721, Loss: 0.7087
[Eval] Epoch:   5, Total:    872, Accuracy : 0.4908, Loss: 0.7022
[Train] Epoch:   6, Total:   1346, Accuracy : 0.5736, Loss: 0.6851
[Eval] Epoch:   6, Total:    872, Accuracy : 0.4908, Loss: 0.7013
[Train] Epoch:   7, Total:   1346, Accuracy : 0.5721, Loss: 0.6841
[Eval] Epoch:   7, Total:    872, Accuracy : 0.4908, Loss: 0.7408
[Train] Epoch:   8, Total:   1346, Accuracy : 0.5773, Loss: 0.6215
[Eval] Epoch:   8, Total:    872, Accuracy : 0.4908, Loss: 0.7438
[Train] Epoch:   9, Total:   1346, Accuracy : 0.6360, Loss: 0.5444
[Eval] Epoch:   9, Total:    872, Accuracy : 0.5161, Loss: 0.8095
[Train] Epoch:  10, Total:   1346, Accuracy : 0.7006, Loss: 0.5453
[Eval] Epoch:  10, Total:    872, Accuracy : 0.5367, Loss: 0.7316
[Train] Epoch:  11, Total:   1346, Accuracy : 0.7489, Loss: 0.3779
[Eval] Epoch:  11, Total:    872, Accuracy : 0.5436, Loss: 0.8037
[Train] Epoch:  12, Total:   1346, Accuracy : 0.7816, Loss: 0.4483
[Eval] Epoch:  12, Total:    872, Accuracy : 0.5654, Loss: 0.7553
[Train] Epoch:  13, Total:   1346, Accuracy : 0.7927, Loss: 0.4743
[Eval] Epoch:  13, Total:    872, Accuracy : 0.5745, Loss: 0.7701
[Train] Epoch:  14, Total:   1346, Accuracy : 0.7660, Loss: 0.3580
[Eval] Epoch:  14, Total:    872, Accuracy : 0.5585, Loss: 0.8474
[Train] Epoch:  15, Total:   1346, Accuracy : 0.8403, Loss: 0.3194
[Eval] Epoch:  15, Total:    872, Accuracy : 0.5665, Loss: 0.8756
[Train] Epoch:  16, Total:   1346, Accuracy : 0.8670, Loss: 0.2641
[Eval] Epoch:  16, Total:    872, Accuracy : 0.5677, Loss: 0.9789
[Train] Epoch:  17, Total:   1346, Accuracy : 0.8982, Loss: 0.2758
[Eval] Epoch:  17, Total:    872, Accuracy : 0.5963, Loss: 0.9107
[Train] Epoch:  18, Total:   1346, Accuracy : 0.9108, Loss: 0.2285
[Eval] Epoch:  18, Total:    872, Accuracy : 0.5952, Loss: 0.9257
[Train] Epoch:  19, Total:   1346, Accuracy : 0.9116, Loss: 0.3581
[Eval] Epoch:  19, Total:    872, Accuracy : 0.5940, Loss: 0.9288
{"epoch":[1,2,3,4,5,6,7,8,9,10,11,12,13,14,15,16,17,18,19,20],"train_loss":[0.6975734233856201,0.6918778618176779,0.6851232449213663,0.6869582037130991,0.6882440447807312,0.6864829162756602,0.6833738287289938,0.6772240400314331,0.6589577396710714,0.6156541307767233,0.5713909268379211,0.49437298874060315,0.46513016521930695,0.4536920040845871,0.4697488993406296,0.3624451011419296,0.3108762502670288,0.2795509919524193,0.23891189197699228,0.254030704498291],"eval_loss":[0.6930212676525116,0.694160670042038,0.7013433426618576,0.7134784907102585,0.7087254673242569,0.7011008262634277,0.7010068744421005,0.7389575690031052,0.7450622171163559,0.7955271154642105,0.7362242490053177,0.7966334521770477,0.7552318125963211,0.7666432410478592,0.8535512983798981,0.8656260073184967,1.0011007636785507,0.9300155341625214,0.9430913925170898,0.9489873051643372],"train_acc":[0.4197622585438336,0.5170876671619614,0.5705794947994056,0.5720653789004457,0.5720653789004457,0.5720653789004457,0.5735512630014858,0.5720653789004457,0.5772659732540861,0.6359583952451708,0.700594353640416,0.7488855869242199,0.7815750371471025,0.7927191679049034,0.7659732540861813,0.8402674591381872,0.8670133729569094,0.8982169390787519,0.9108469539375929,0.9115898959881129],"eval_acc":[0.5091743119266054,0.4908256880733945,0.4908256880733945,0.4908256880733945,0.4908256880733945,0.4908256880733945,0.4908256880733945,0.4908256880733945,0.4908256880733945,0.5160550458715596,0.536697247706422,0.5435779816513762,0.5653669724770642,0.5745412844036697,0.5584862385321101,0.5665137614678899,0.5676605504587156,0.5963302752293578,0.5951834862385321,0.5940366972477065]}
[Eval] Epoch:  11, Total:    872, Accuracy : 0.5940, Loss: 0.9288
872 518 3.7959492206573486
