random_0.4_model_0
DatasetDict({
    train: Dataset({
        features: ['sentence', 'label', 'indexes'],
        num_rows: 26940
    })
    validation: Dataset({
        features: ['sentence', 'label', 'indexes'],
        num_rows: 872
    })
    test: Dataset({
        features: ['sentence', 'label', 'indexes'],
        num_rows: 1821
    })
})
[Train] Epoch:   0, Total:  26940, Accuracy : 0.7748, Loss: 0.2355
[Eval] Epoch:   0, Total:    872, Accuracy : 0.9243, Loss: 0.2476
[Train] Epoch:   1, Total:  26940, Accuracy : 0.9200, Loss: 0.1414
[Eval] Epoch:   1, Total:    872, Accuracy : 0.9232, Loss: 0.2759
[Train] Epoch:   2, Total:  26940, Accuracy : 0.9441, Loss: 0.0953
[Eval] Epoch:   2, Total:    872, Accuracy : 0.9186, Loss: 0.2882
[Train] Epoch:   3, Total:  26940, Accuracy : 0.9572, Loss: 0.1419
[Eval] Epoch:   3, Total:    872, Accuracy : 0.9392, Loss: 0.2140
[Train] Epoch:   4, Total:  26940, Accuracy : 0.9679, Loss: 0.0519
[Eval] Epoch:   4, Total:    872, Accuracy : 0.9358, Loss: 0.2308
[Train] Epoch:   5, Total:  26940, Accuracy : 0.9741, Loss: 0.0154
[Eval] Epoch:   5, Total:    872, Accuracy : 0.9278, Loss: 0.2247
[Train] Epoch:   6, Total:  26940, Accuracy : 0.9805, Loss: 0.0360
[Eval] Epoch:   6, Total:    872, Accuracy : 0.9323, Loss: 0.2238
[Train] Epoch:   7, Total:  26940, Accuracy : 0.9824, Loss: 0.0882
[Eval] Epoch:   7, Total:    872, Accuracy : 0.9369, Loss: 0.2295
[Train] Epoch:   8, Total:  26940, Accuracy : 0.9848, Loss: 0.1271
[Eval] Epoch:   8, Total:    872, Accuracy : 0.9335, Loss: 0.2448
[Train] Epoch:   9, Total:  26940, Accuracy : 0.9852, Loss: 0.0030
[Eval] Epoch:   9, Total:    872, Accuracy : 0.9346, Loss: 0.2414
[Train] Epoch:  10, Total:  26940, Accuracy : 0.9810, Loss: 0.1038
[Eval] Epoch:  10, Total:    872, Accuracy : 0.9266, Loss: 0.2643
[Train] Epoch:  11, Total:  26940, Accuracy : 0.9795, Loss: 0.0468
[Eval] Epoch:  11, Total:    872, Accuracy : 0.9358, Loss: 0.2514
[Train] Epoch:  12, Total:  26940, Accuracy : 0.9845, Loss: 0.1193
[Eval] Epoch:  12, Total:    872, Accuracy : 0.9323, Loss: 0.2274
[Train] Epoch:  13, Total:  26940, Accuracy : 0.9876, Loss: 0.0153
[Eval] Epoch:  13, Total:    872, Accuracy : 0.9392, Loss: 0.2380
[Train] Epoch:  14, Total:  26940, Accuracy : 0.9889, Loss: 0.0050
[Eval] Epoch:  14, Total:    872, Accuracy : 0.9289, Loss: 0.2537
[Train] Epoch:  15, Total:  26940, Accuracy : 0.9914, Loss: 0.1156
[Eval] Epoch:  15, Total:    872, Accuracy : 0.9323, Loss: 0.2699
[Train] Epoch:  16, Total:  26940, Accuracy : 0.9932, Loss: 0.0023
[Eval] Epoch:  16, Total:    872, Accuracy : 0.9346, Loss: 0.2988
[Train] Epoch:  17, Total:  26940, Accuracy : 0.9943, Loss: 0.0028
[Eval] Epoch:  17, Total:    872, Accuracy : 0.9335, Loss: 0.2660
[Train] Epoch:  18, Total:  26940, Accuracy : 0.9943, Loss: 0.0053
[Eval] Epoch:  18, Total:    872, Accuracy : 0.9346, Loss: 0.2664
[Train] Epoch:  19, Total:  26940, Accuracy : 0.9952, Loss: 0.0354
[Eval] Epoch:  19, Total:    872, Accuracy : 0.9335, Loss: 0.2752
{"epoch":[1,2,3,4,5,6,7,8,9,10,11,12,13,14,15,16,17,18,19,20],"train_loss":[0.43188598470867806,0.20327567955795325,0.1478666808667048,0.11636287539775642,0.09144677060111514,0.07284526471575757,0.059135633169339515,0.050837249495089054,0.0462138388516768,0.04449631841545749,0.05537811109690734,0.056899202407671594,0.04630711419015841,0.03843385039143405,0.03252926217567808,0.027526311429199885,0.020156703230415313,0.017559058366800256,0.01681977723294623,0.013902896302444685],"eval_loss":[0.2106749452650547,0.24281494319438934,0.24706854298710823,0.216140478849411,0.2373426929116249,0.24762791767716408,0.2583453468978405,0.2656466215848923,0.2738949842751026,0.2752271890640259,0.3017381578683853,0.2742927744984627,0.28376997262239456,0.26819339767098427,0.34016937017440796,0.30686359107494354,0.33969445526599884,0.33284229785203934,0.34968867152929306,0.3537500724196434],"train_acc":[0.7748329621380846,0.920007423904974,0.944097995545657,0.957238307349666,0.9678916109873794,0.974090571640683,0.9805122494432071,0.9824053452115813,0.9848181143281366,0.9851893095768374,0.9809576837416482,0.9795100222717149,0.9844840386043059,0.9875649591685226,0.9889383815887156,0.991351150705271,0.9932071269487751,0.9942835931700075,0.9943207126948775,0.9952487008166295],"eval_acc":[0.9243119266055045,0.9231651376146789,0.9185779816513762,0.9392201834862385,0.9357798165137615,0.9277522935779816,0.9323394495412844,0.9369266055045872,0.9334862385321101,0.9346330275229358,0.926605504587156,0.9357798165137615,0.9323394495412844,0.9392201834862385,0.9288990825688074,0.9323394495412844,0.9346330275229358,0.9334862385321101,0.9346330275229358,0.9334862385321101]}
[Eval] Epoch:  11, Total:    872, Accuracy : 0.9335, Loss: 0.2752
872 814 1.4150002896785736
