pruned_1_0.02_model_0
DatasetDict({
    train: Dataset({
        features: ['sentence', 'label', 'indexes'],
        num_rows: 1344
    })
    validation: Dataset({
        features: ['sentence', 'label', 'indexes'],
        num_rows: 872
    })
    test: Dataset({
        features: ['sentence', 'label', 'indexes'],
        num_rows: 1821
    })
})
[Train] Epoch:   0, Total:   1344, Accuracy : 0.4769, Loss: 0.6904
[Eval] Epoch:   0, Total:    872, Accuracy : 0.4908, Loss: 0.6937
[Train] Epoch:   1, Total:   1344, Accuracy : 0.5193, Loss: 0.6883
[Eval] Epoch:   1, Total:    872, Accuracy : 0.5092, Loss: 0.6923
[Train] Epoch:   2, Total:   1344, Accuracy : 0.5528, Loss: 0.6929
[Eval] Epoch:   2, Total:    872, Accuracy : 0.5092, Loss: 0.6926
[Train] Epoch:   3, Total:   1344, Accuracy : 0.5521, Loss: 0.6978
[Eval] Epoch:   3, Total:    872, Accuracy : 0.5092, Loss: 0.6938
[Train] Epoch:   4, Total:   1344, Accuracy : 0.5521, Loss: 0.6989
[Eval] Epoch:   4, Total:    872, Accuracy : 0.5092, Loss: 0.6897
[Train] Epoch:   5, Total:   1344, Accuracy : 0.5521, Loss: 0.6455
[Eval] Epoch:   5, Total:    872, Accuracy : 0.5092, Loss: 0.6528
[Train] Epoch:   6, Total:   1344, Accuracy : 0.6756, Loss: 0.4452
[Eval] Epoch:   6, Total:    872, Accuracy : 0.8624, Loss: 0.3868
[Train] Epoch:   7, Total:   1344, Accuracy : 0.8854, Loss: 0.2729
[Eval] Epoch:   7, Total:    872, Accuracy : 0.8830, Loss: 0.3022
[Train] Epoch:   8, Total:   1344, Accuracy : 0.8966, Loss: 0.2050
[Eval] Epoch:   8, Total:    872, Accuracy : 0.8945, Loss: 0.2985
[Train] Epoch:   9, Total:   1344, Accuracy : 0.9182, Loss: 0.2958
[Eval] Epoch:   9, Total:    872, Accuracy : 0.8968, Loss: 0.3100
[Train] Epoch:  10, Total:   1344, Accuracy : 0.9368, Loss: 0.1906
[Eval] Epoch:  10, Total:    872, Accuracy : 0.8876, Loss: 0.3324
[Train] Epoch:  11, Total:   1344, Accuracy : 0.9412, Loss: 0.1777
[Eval] Epoch:  11, Total:    872, Accuracy : 0.8933, Loss: 0.2803
[Train] Epoch:  12, Total:   1344, Accuracy : 0.9501, Loss: 0.1582
[Eval] Epoch:  12, Total:    872, Accuracy : 0.8968, Loss: 0.2912
[Train] Epoch:  13, Total:   1344, Accuracy : 0.9554, Loss: 0.2504
[Eval] Epoch:  13, Total:    872, Accuracy : 0.8922, Loss: 0.2961
[Train] Epoch:  14, Total:   1344, Accuracy : 0.9457, Loss: 0.0584
[Eval] Epoch:  14, Total:    872, Accuracy : 0.9014, Loss: 0.3178
[Train] Epoch:  15, Total:   1344, Accuracy : 0.9539, Loss: 0.1404
[Eval] Epoch:  15, Total:    872, Accuracy : 0.9094, Loss: 0.3467
[Train] Epoch:  16, Total:   1344, Accuracy : 0.9717, Loss: 0.0300
[Eval] Epoch:  16, Total:    872, Accuracy : 0.9048, Loss: 0.3675
[Train] Epoch:  17, Total:   1344, Accuracy : 0.9829, Loss: 0.0370
[Eval] Epoch:  17, Total:    872, Accuracy : 0.9014, Loss: 0.3996
[Train] Epoch:  18, Total:   1344, Accuracy : 0.9829, Loss: 0.0337
[Eval] Epoch:  18, Total:    872, Accuracy : 0.8979, Loss: 0.4129
[Train] Epoch:  19, Total:   1344, Accuracy : 0.9851, Loss: 0.2016
[Eval] Epoch:  19, Total:    872, Accuracy : 0.8968, Loss: 0.4138
{"epoch":[1,2,3,4,5,6,7,8,9,10,11,12,13,14,15,16,17,18,19,20],"train_loss":[0.6944597661495209,0.6918475727240244,0.6907745401064554,0.6895081202189127,0.6868492265542349,0.673074334859848,0.5653316726287206,0.3393041491508484,0.28526799629131955,0.251424399514993,0.1958204930027326,0.18274419754743576,0.1566180537144343,0.1551257260143757,0.14477583393454552,0.153989360978206,0.09251783353586991,0.06635746359825134,0.059954203044374786,0.08409965348740418],"eval_loss":[0.6935216635465622,0.6927889287471771,0.6939374804496765,0.6956612914800644,0.691169872879982,0.6544098109006882,0.39830558747053146,0.3288043811917305,0.3085518330335617,0.31669794768095016,0.33651820570230484,0.29010363668203354,0.2927188500761986,0.3001268059015274,0.302625872194767,0.3037210889160633,0.316909559071064,0.34079544246196747,0.35444726794958115,0.35647226870059967],"train_acc":[0.47693452380952384,0.5193452380952381,0.5528273809523809,0.5520833333333334,0.5520833333333334,0.5520833333333334,0.6755952380952381,0.8854166666666666,0.8965773809523809,0.9181547619047619,0.9367559523809523,0.9412202380952381,0.9501488095238095,0.9553571428571429,0.9456845238095238,0.9538690476190477,0.9717261904761905,0.9828869047619048,0.9828869047619048,0.9851190476190477],"eval_acc":[0.4908256880733945,0.5091743119266054,0.5091743119266054,0.5091743119266054,0.5091743119266054,0.5091743119266054,0.8623853211009175,0.8830275229357798,0.8944954128440367,0.8967889908256881,0.8876146788990825,0.893348623853211,0.8967889908256881,0.8922018348623854,0.9013761467889908,0.9094036697247706,0.9048165137614679,0.9013761467889908,0.8979357798165137,0.8967889908256881]}
[Eval] Epoch:  11, Total:    872, Accuracy : 0.8968, Loss: 0.4138
872 782 1.4258890748023987
