pruned_3_0.2_model_0
DatasetDict({
    train: Dataset({
        features: ['sentence', 'label', 'indexes'],
        num_rows: 13469
    })
    validation: Dataset({
        features: ['sentence', 'label', 'indexes'],
        num_rows: 872
    })
    test: Dataset({
        features: ['sentence', 'label', 'indexes'],
        num_rows: 1821
    })
})
[Train] Epoch:   0, Total:  13469, Accuracy : 0.6615, Loss: 0.4684
[Eval] Epoch:   0, Total:    872, Accuracy : 0.8853, Loss: 0.2608
[Train] Epoch:   1, Total:  13469, Accuracy : 0.8957, Loss: 0.2949
[Eval] Epoch:   1, Total:    872, Accuracy : 0.9243, Loss: 0.2496
[Train] Epoch:   2, Total:  13469, Accuracy : 0.9377, Loss: 0.2041
[Eval] Epoch:   2, Total:    872, Accuracy : 0.9220, Loss: 0.2308
[Train] Epoch:   3, Total:  13469, Accuracy : 0.9560, Loss: 0.1585
[Eval] Epoch:   3, Total:    872, Accuracy : 0.9232, Loss: 0.2693
[Train] Epoch:   4, Total:  13469, Accuracy : 0.9676, Loss: 0.0784
[Eval] Epoch:   4, Total:    872, Accuracy : 0.9220, Loss: 0.3106
[Train] Epoch:   5, Total:  13469, Accuracy : 0.9733, Loss: 0.0643
[Eval] Epoch:   5, Total:    872, Accuracy : 0.9186, Loss: 0.2943
[Train] Epoch:   6, Total:  13469, Accuracy : 0.9775, Loss: 0.1250
[Eval] Epoch:   6, Total:    872, Accuracy : 0.9140, Loss: 0.3404
[Train] Epoch:   7, Total:  13469, Accuracy : 0.9802, Loss: 0.0649
[Eval] Epoch:   7, Total:    872, Accuracy : 0.9220, Loss: 0.3066
[Train] Epoch:   8, Total:  13469, Accuracy : 0.9828, Loss: 0.0549
[Eval] Epoch:   8, Total:    872, Accuracy : 0.9186, Loss: 0.3102
[Train] Epoch:   9, Total:  13469, Accuracy : 0.9859, Loss: 0.0296
[Eval] Epoch:   9, Total:    872, Accuracy : 0.9209, Loss: 0.3258
[Train] Epoch:  10, Total:  13469, Accuracy : 0.9813, Loss: 0.0777
[Eval] Epoch:  10, Total:    872, Accuracy : 0.9255, Loss: 0.2739
[Train] Epoch:  11, Total:  13469, Accuracy : 0.9808, Loss: 0.0132
[Eval] Epoch:  11, Total:    872, Accuracy : 0.9197, Loss: 0.3207
[Train] Epoch:  12, Total:  13469, Accuracy : 0.9841, Loss: 0.0288
[Eval] Epoch:  12, Total:    872, Accuracy : 0.9186, Loss: 0.3321
[Train] Epoch:  13, Total:  13469, Accuracy : 0.9867, Loss: 0.0244
[Eval] Epoch:  13, Total:    872, Accuracy : 0.9289, Loss: 0.3400
[Train] Epoch:  14, Total:  13469, Accuracy : 0.9892, Loss: 0.0494
[Eval] Epoch:  14, Total:    872, Accuracy : 0.9312, Loss: 0.3337
[Train] Epoch:  15, Total:  13469, Accuracy : 0.9906, Loss: 0.0496
[Eval] Epoch:  15, Total:    872, Accuracy : 0.9278, Loss: 0.2867
[Train] Epoch:  16, Total:  13469, Accuracy : 0.9921, Loss: 0.0241
[Eval] Epoch:  16, Total:    872, Accuracy : 0.9266, Loss: 0.3181
[Train] Epoch:  17, Total:  13469, Accuracy : 0.9932, Loss: 0.0046
[Eval] Epoch:  17, Total:    872, Accuracy : 0.9300, Loss: 0.3384
[Train] Epoch:  18, Total:  13469, Accuracy : 0.9939, Loss: 0.0091
[Eval] Epoch:  18, Total:    872, Accuracy : 0.9300, Loss: 0.3369
[Train] Epoch:  19, Total:  13469, Accuracy : 0.9944, Loss: 0.0286
[Eval] Epoch:  19, Total:    872, Accuracy : 0.9289, Loss: 0.3361
{"epoch":[1,2,3,4,5,6,7,8,9,10,11,12,13,14,15,16,17,18,19,20],"train_loss":[0.6115354743768584,0.28486740251757064,0.17863672915494666,0.13324024809418983,0.10021093888383992,0.08333885283121523,0.07316263638577371,0.06179409734201881,0.05387982747183656,0.04765183953041176,0.05727181604729509,0.059759246870734785,0.052203157986953574,0.04200640696821348,0.034282735021749756,0.029249005239316315,0.02447238901876054,0.021442086840013287,0.02085711277652321,0.02049724420066923],"eval_loss":[0.3144138231873512,0.23013238981366158,0.2093983143568039,0.23454562947154045,0.28086595982313156,0.29665713757276535,0.32813461869955063,0.30322708562016487,0.3200574964284897,0.3313368260860443,0.30100854486227036,0.31257595121860504,0.33335619419813156,0.3505072742700577,0.34033073484897614,0.3425899147987366,0.3606623187661171,0.36873845756053925,0.366048626601696,0.36670951545238495],"train_acc":[0.6615190437300468,0.8956863909718613,0.9377088128294603,0.9560472195411686,0.9675551265869775,0.973271957829089,0.9775038978394832,0.9801767020565744,0.9827752617120796,0.9858935332986859,0.9812903704803623,0.9808449031108472,0.9841116638206251,0.9867102234761304,0.9891602940084638,0.9906451852401812,0.9920558319103125,0.9932437448956863,0.9939119459499591,0.9944316578810602],"eval_acc":[0.8853211009174312,0.9243119266055045,0.9220183486238532,0.9231651376146789,0.9220183486238532,0.9185779816513762,0.9139908256880734,0.9220183486238532,0.9185779816513762,0.9208715596330275,0.9254587155963303,0.9197247706422018,0.9185779816513762,0.9288990825688074,0.9311926605504587,0.9277522935779816,0.926605504587156,0.930045871559633,0.930045871559633,0.9288990825688074]}
[Eval] Epoch:  11, Total:    872, Accuracy : 0.9289, Loss: 0.3361
872 810 1.4668380618095398
