pruned_1_0.03_model_0
DatasetDict({
    train: Dataset({
        features: ['sentence', 'label', 'indexes'],
        num_rows: 2016
    })
    validation: Dataset({
        features: ['sentence', 'label', 'indexes'],
        num_rows: 872
    })
    test: Dataset({
        features: ['sentence', 'label', 'indexes'],
        num_rows: 1821
    })
})
[Train] Epoch:   0, Total:   2016, Accuracy : 0.4137, Loss: 0.7071
[Eval] Epoch:   0, Total:    872, Accuracy : 0.4908, Loss: 0.6964
[Train] Epoch:   1, Total:   2016, Accuracy : 0.4772, Loss: 0.6905
[Eval] Epoch:   1, Total:    872, Accuracy : 0.5092, Loss: 0.6915
[Train] Epoch:   2, Total:   2016, Accuracy : 0.5853, Loss: 0.6861
[Eval] Epoch:   2, Total:    872, Accuracy : 0.5092, Loss: 0.7019
[Train] Epoch:   3, Total:   2016, Accuracy : 0.5853, Loss: 0.6794
[Eval] Epoch:   3, Total:    872, Accuracy : 0.5092, Loss: 0.6609
[Train] Epoch:   4, Total:   2016, Accuracy : 0.6404, Loss: 0.4995
[Eval] Epoch:   4, Total:    872, Accuracy : 0.8693, Loss: 0.4523
[Train] Epoch:   5, Total:   2016, Accuracy : 0.8780, Loss: 0.4194
[Eval] Epoch:   5, Total:    872, Accuracy : 0.8819, Loss: 0.3075
[Train] Epoch:   6, Total:   2016, Accuracy : 0.9003, Loss: 0.2480
[Eval] Epoch:   6, Total:    872, Accuracy : 0.8922, Loss: 0.2970
[Train] Epoch:   7, Total:   2016, Accuracy : 0.9335, Loss: 0.2528
[Eval] Epoch:   7, Total:    872, Accuracy : 0.9106, Loss: 0.2964
[Train] Epoch:   8, Total:   2016, Accuracy : 0.9380, Loss: 0.2065
[Eval] Epoch:   8, Total:    872, Accuracy : 0.9128, Loss: 0.2916
[Train] Epoch:   9, Total:   2016, Accuracy : 0.9489, Loss: 0.1284
[Eval] Epoch:   9, Total:    872, Accuracy : 0.9209, Loss: 0.3011
[Train] Epoch:  10, Total:   2016, Accuracy : 0.9554, Loss: 0.1630
[Eval] Epoch:  10, Total:    872, Accuracy : 0.9140, Loss: 0.3395
[Train] Epoch:  11, Total:   2016, Accuracy : 0.9588, Loss: 0.1356
[Eval] Epoch:  11, Total:    872, Accuracy : 0.9186, Loss: 0.3304
[Train] Epoch:  12, Total:   2016, Accuracy : 0.9722, Loss: 0.1416
[Eval] Epoch:  12, Total:    872, Accuracy : 0.9186, Loss: 0.3334
[Train] Epoch:  13, Total:   2016, Accuracy : 0.9692, Loss: 0.1192
[Eval] Epoch:  13, Total:    872, Accuracy : 0.9014, Loss: 0.3945
[Train] Epoch:  14, Total:   2016, Accuracy : 0.9782, Loss: 0.0885
[Eval] Epoch:  14, Total:    872, Accuracy : 0.9128, Loss: 0.3705
[Train] Epoch:  15, Total:   2016, Accuracy : 0.9816, Loss: 0.0555
[Eval] Epoch:  15, Total:    872, Accuracy : 0.9128, Loss: 0.3619
[Train] Epoch:  16, Total:   2016, Accuracy : 0.9831, Loss: 0.0721
[Eval] Epoch:  16, Total:    872, Accuracy : 0.9151, Loss: 0.3572
[Train] Epoch:  17, Total:   2016, Accuracy : 0.9886, Loss: 0.0677
[Eval] Epoch:  17, Total:    872, Accuracy : 0.9151, Loss: 0.3648
[Train] Epoch:  18, Total:   2016, Accuracy : 0.9896, Loss: 0.0175
[Eval] Epoch:  18, Total:    872, Accuracy : 0.9163, Loss: 0.3707
[Train] Epoch:  19, Total:   2016, Accuracy : 0.9861, Loss: 0.0673
[Eval] Epoch:  19, Total:    872, Accuracy : 0.9151, Loss: 0.3722
{"epoch":[1,2,3,4,5,6,7,8,9,10,11,12,13,14,15,16,17,18,19,20],"train_loss":[0.7108765244483948,0.695570208132267,0.6800334006547928,0.6712146997451782,0.5750771202147007,0.39240787550807,0.27841267734766006,0.20816142857074738,0.17597182095050812,0.15461400337517262,0.13841592520475388,0.12241751793771982,0.10299279075115919,0.09939762018620968,0.08097839029505849,0.07072118623182178,0.061885477509349585,0.04768914426676929,0.04641885671298951,0.05022219684906304],"eval_loss":[0.6956668049097061,0.6922450512647629,0.7059271186590195,0.6656548231840134,0.4548575207591057,0.31964658945798874,0.2932414710521698,0.265559371560812,0.25441693142056465,0.24387134611606598,0.2697388455271721,0.2646927945315838,0.2673466391861439,0.35309403389692307,0.33698082715272903,0.3365826830267906,0.33115147054195404,0.3285699114203453,0.33673515170812607,0.33856964856386185],"train_acc":[0.41369047619047616,0.4771825396825397,0.5853174603174603,0.5853174603174603,0.6403769841269841,0.8779761904761905,0.9002976190476191,0.933531746031746,0.9379960317460317,0.9489087301587301,0.9553571428571429,0.9588293650793651,0.9722222222222222,0.9692460317460317,0.9781746031746031,0.9816468253968254,0.9831349206349206,0.9885912698412699,0.9895833333333334,0.9861111111111112],"eval_acc":[0.4908256880733945,0.5091743119266054,0.5091743119266054,0.5091743119266054,0.8692660550458715,0.8818807339449541,0.8922018348623854,0.9105504587155964,0.9128440366972477,0.9208715596330275,0.9139908256880734,0.9185779816513762,0.9185779816513762,0.9013761467889908,0.9128440366972477,0.9128440366972477,0.9151376146788991,0.9151376146788991,0.9162844036697247,0.9151376146788991]}
[Eval] Epoch:  11, Total:    872, Accuracy : 0.9151, Loss: 0.3722
872 798 1.3542785942554474
