random_0.01_model_0
DatasetDict({
    train: Dataset({
        features: ['sentence', 'label', 'indexes'],
        num_rows: 673
    })
    validation: Dataset({
        features: ['sentence', 'label', 'indexes'],
        num_rows: 872
    })
    test: Dataset({
        features: ['sentence', 'label', 'indexes'],
        num_rows: 1821
    })
})
[Train] Epoch:   0, Total:    673, Accuracy : 0.5542, Loss: 0.6862
[Eval] Epoch:   0, Total:    872, Accuracy : 0.5092, Loss: 0.6929
[Train] Epoch:   1, Total:    673, Accuracy : 0.5542, Loss: 0.6886
[Eval] Epoch:   1, Total:    872, Accuracy : 0.5092, Loss: 0.6930
[Train] Epoch:   2, Total:    673, Accuracy : 0.5542, Loss: 0.6926
[Eval] Epoch:   2, Total:    872, Accuracy : 0.5092, Loss: 0.6933
[Train] Epoch:   3, Total:    673, Accuracy : 0.5542, Loss: 0.6919
[Eval] Epoch:   3, Total:    872, Accuracy : 0.5092, Loss: 0.6936
[Train] Epoch:   4, Total:    673, Accuracy : 0.5542, Loss: 0.6829
[Eval] Epoch:   4, Total:    872, Accuracy : 0.5092, Loss: 0.6941
[Train] Epoch:   5, Total:    673, Accuracy : 0.5542, Loss: 0.6767
[Eval] Epoch:   5, Total:    872, Accuracy : 0.5092, Loss: 0.6945
[Train] Epoch:   6, Total:    673, Accuracy : 0.5542, Loss: 0.6868
[Eval] Epoch:   6, Total:    872, Accuracy : 0.5092, Loss: 0.6940
[Train] Epoch:   7, Total:    673, Accuracy : 0.5542, Loss: 0.6855
[Eval] Epoch:   7, Total:    872, Accuracy : 0.5092, Loss: 0.6925
[Train] Epoch:   8, Total:    673, Accuracy : 0.5542, Loss: 0.7024
[Eval] Epoch:   8, Total:    872, Accuracy : 0.5092, Loss: 0.6903
[Train] Epoch:   9, Total:    673, Accuracy : 0.5542, Loss: 0.6735
[Eval] Epoch:   9, Total:    872, Accuracy : 0.5092, Loss: 0.6826
[Train] Epoch:  10, Total:    673, Accuracy : 0.5542, Loss: 0.6565
[Eval] Epoch:  10, Total:    872, Accuracy : 0.5092, Loss: 0.6624
[Train] Epoch:  11, Total:    673, Accuracy : 0.5602, Loss: 0.6221
[Eval] Epoch:  11, Total:    872, Accuracy : 0.5585, Loss: 0.5904
[Train] Epoch:  12, Total:    673, Accuracy : 0.7311, Loss: 0.5388
[Eval] Epoch:  12, Total:    872, Accuracy : 0.8486, Loss: 0.4796
[Train] Epoch:  13, Total:    673, Accuracy : 0.8767, Loss: 0.4225
[Eval] Epoch:  13, Total:    872, Accuracy : 0.8440, Loss: 0.4203
[Train] Epoch:  14, Total:    673, Accuracy : 0.8900, Loss: 0.3784
[Eval] Epoch:  14, Total:    872, Accuracy : 0.8693, Loss: 0.2988
[Train] Epoch:  15, Total:    673, Accuracy : 0.9049, Loss: 0.2403
[Eval] Epoch:  15, Total:    872, Accuracy : 0.8727, Loss: 0.2786
[Train] Epoch:  16, Total:    673, Accuracy : 0.9242, Loss: 0.2316
[Eval] Epoch:  16, Total:    872, Accuracy : 0.8727, Loss: 0.3406
[Train] Epoch:  17, Total:    673, Accuracy : 0.9450, Loss: 0.1886
[Eval] Epoch:  17, Total:    872, Accuracy : 0.8612, Loss: 0.3955
[Train] Epoch:  18, Total:    673, Accuracy : 0.9480, Loss: 0.1739
[Eval] Epoch:  18, Total:    872, Accuracy : 0.8612, Loss: 0.4070
[Train] Epoch:  19, Total:    673, Accuracy : 0.9539, Loss: 0.1758
[Eval] Epoch:  19, Total:    872, Accuracy : 0.8739, Loss: 0.4133
{"epoch":[1,2,3,4,5,6,7,8,9,10,11,12,13,14,15,16,17,18,19,20],"train_loss":[0.6886718471844991,0.6859557032585144,0.6903425256411234,0.6878731846809387,0.6844852964083353,0.6833793918291727,0.6879288156827291,0.6856804688771566,0.6830273469289144,0.6802573601404825,0.6680705348650614,0.6431904435157776,0.5653612414995829,0.44794246554374695,0.35104018449783325,0.27661249538262683,0.23401830593744913,0.18203986684481302,0.16567959388097128,0.1524649461110433],"eval_loss":[0.6938685327768326,0.6941596567630768,0.694557324051857,0.6951185166835785,0.6958413571119308,0.6963874846696854,0.6959323585033417,0.6943447887897491,0.6921239644289017,0.6848338395357132,0.6655074059963226,0.5956528186798096,0.4849736616015434,0.42051588743925095,0.34770745784044266,0.34378596395254135,0.38465891033411026,0.4255005940794945,0.4225633218884468,0.39706144481897354],"train_acc":[0.5542347696879644,0.5542347696879644,0.5542347696879644,0.5542347696879644,0.5542347696879644,0.5542347696879644,0.5542347696879644,0.5542347696879644,0.5542347696879644,0.5542347696879644,0.5542347696879644,0.5601783060921248,0.7310549777117384,0.8766716196136701,0.8900445765230312,0.9049034175334324,0.924219910846954,0.9450222882615156,0.9479940564635958,0.9539375928677564],"eval_acc":[0.5091743119266054,0.5091743119266054,0.5091743119266054,0.5091743119266054,0.5091743119266054,0.5091743119266054,0.5091743119266054,0.5091743119266054,0.5091743119266054,0.5091743119266054,0.5091743119266054,0.5584862385321101,0.8486238532110092,0.8440366972477065,0.8692660550458715,0.8727064220183486,0.8727064220183486,0.8612385321100917,0.8612385321100917,0.8738532110091743]}
[Eval] Epoch:  11, Total:    872, Accuracy : 0.8739, Loss: 0.4133
872 762 1.5882457792758942
