random_0.05_model_0
DatasetDict({
    train: Dataset({
        features: ['sentence', 'label', 'indexes'],
        num_rows: 3367
    })
    validation: Dataset({
        features: ['sentence', 'label', 'indexes'],
        num_rows: 872
    })
    test: Dataset({
        features: ['sentence', 'label', 'indexes'],
        num_rows: 1821
    })
})
[Train] Epoch:   0, Total:   3367, Accuracy : 0.5604, Loss: 0.6827
[Eval] Epoch:   0, Total:    872, Accuracy : 0.5092, Loss: 0.6935
[Train] Epoch:   1, Total:   3367, Accuracy : 0.5682, Loss: 0.6486
[Eval] Epoch:   1, Total:    872, Accuracy : 0.5092, Loss: 0.6918
[Train] Epoch:   2, Total:   3367, Accuracy : 0.6100, Loss: 0.5369
[Eval] Epoch:   2, Total:    872, Accuracy : 0.8681, Loss: 0.4288
[Train] Epoch:   3, Total:   3367, Accuracy : 0.8625, Loss: 0.1638
[Eval] Epoch:   3, Total:    872, Accuracy : 0.8865, Loss: 0.2971
[Train] Epoch:   4, Total:   3367, Accuracy : 0.8753, Loss: 0.2449
[Eval] Epoch:   4, Total:    872, Accuracy : 0.8979, Loss: 0.2858
[Train] Epoch:   5, Total:   3367, Accuracy : 0.9222, Loss: 0.2333
[Eval] Epoch:   5, Total:    872, Accuracy : 0.9106, Loss: 0.3254
[Train] Epoch:   6, Total:   3367, Accuracy : 0.9436, Loss: 0.1622
[Eval] Epoch:   6, Total:    872, Accuracy : 0.9117, Loss: 0.3206
[Train] Epoch:   7, Total:   3367, Accuracy : 0.9566, Loss: 0.1212
[Eval] Epoch:   7, Total:    872, Accuracy : 0.9232, Loss: 0.3806
[Train] Epoch:   8, Total:   3367, Accuracy : 0.9638, Loss: 0.1353
[Eval] Epoch:   8, Total:    872, Accuracy : 0.9197, Loss: 0.3742
[Train] Epoch:   9, Total:   3367, Accuracy : 0.9655, Loss: 0.1610
[Eval] Epoch:   9, Total:    872, Accuracy : 0.9197, Loss: 0.3738
[Train] Epoch:  10, Total:   3367, Accuracy : 0.9709, Loss: 0.0357
[Eval] Epoch:  10, Total:    872, Accuracy : 0.9186, Loss: 0.3853
[Train] Epoch:  11, Total:   3367, Accuracy : 0.9709, Loss: 0.1720
[Eval] Epoch:  11, Total:    872, Accuracy : 0.9197, Loss: 0.3658
[Train] Epoch:  12, Total:   3367, Accuracy : 0.9756, Loss: 0.0878
[Eval] Epoch:  12, Total:    872, Accuracy : 0.9186, Loss: 0.3335
[Train] Epoch:  13, Total:   3367, Accuracy : 0.9774, Loss: 0.0358
[Eval] Epoch:  13, Total:    872, Accuracy : 0.9278, Loss: 0.4337
[Train] Epoch:  14, Total:   3367, Accuracy : 0.9819, Loss: 0.0105
[Eval] Epoch:  14, Total:    872, Accuracy : 0.9220, Loss: 0.3754
[Train] Epoch:  15, Total:   3367, Accuracy : 0.9878, Loss: 0.1391
[Eval] Epoch:  15, Total:    872, Accuracy : 0.9197, Loss: 0.4329
[Train] Epoch:  16, Total:   3367, Accuracy : 0.9840, Loss: 0.1445
[Eval] Epoch:  16, Total:    872, Accuracy : 0.9186, Loss: 0.4846
[Train] Epoch:  17, Total:   3367, Accuracy : 0.9878, Loss: 0.0095
[Eval] Epoch:  17, Total:    872, Accuracy : 0.9220, Loss: 0.4258
[Train] Epoch:  18, Total:   3367, Accuracy : 0.9890, Loss: 0.0075
[Eval] Epoch:  18, Total:    872, Accuracy : 0.9255, Loss: 0.4527
[Train] Epoch:  19, Total:   3367, Accuracy : 0.9908, Loss: 0.0423
[Eval] Epoch:  19, Total:    872, Accuracy : 0.9255, Loss: 0.4550
{"epoch":[1,2,3,4,5,6,7,8,9,10,11,12,13,14,15,16,17,18,19,20],"train_loss":[0.6896171569824219,0.6816726795264653,0.6228189212935311,0.36968189584357397,0.31173742030348095,0.22375640379531042,0.17239625911627496,0.13726688868233136,0.11883453279733658,0.11560840532183647,0.09404447089348521,0.10000715032219887,0.0849204066076449,0.07600549728210483,0.06335075232865554,0.05126307798283441,0.06118707225791046,0.046978124018226354,0.04163030754508717,0.03989301495520132],"eval_loss":[0.6949132084846497,0.6938770413398743,0.4396321550011635,0.2915162146091461,0.24803293496370316,0.24585173279047012,0.2621193304657936,0.26934266090393066,0.27675044164061546,0.27556270360946655,0.274592038244009,0.29113706573843956,0.3106487914919853,0.3146769255399704,0.3088235706090927,0.3500319868326187,0.3420727103948593,0.3337804675102234,0.3374459370970726,0.3378346562385559],"train_acc":[0.5604395604395604,0.5681615681615682,0.61003861003861,0.8624888624888625,0.8752598752598753,0.9221859221859222,0.9435699435699436,0.9566379566379566,0.9637659637659638,0.9655479655479655,0.9708939708939709,0.9708939708939709,0.9756459756459757,0.9774279774279774,0.9818829818829818,0.9878229878229878,0.983961983961984,0.9878229878229878,0.989010989010989,0.9907929907929908],"eval_acc":[0.5091743119266054,0.5091743119266054,0.8681192660550459,0.8864678899082569,0.8979357798165137,0.9105504587155964,0.911697247706422,0.9231651376146789,0.9197247706422018,0.9197247706422018,0.9185779816513762,0.9197247706422018,0.9185779816513762,0.9277522935779816,0.9220183486238532,0.9197247706422018,0.9185779816513762,0.9220183486238532,0.9254587155963303,0.9254587155963303]}
[Eval] Epoch:  11, Total:    872, Accuracy : 0.9255, Loss: 0.4550
872 807 1.3513386249542236
