pruned_1_0.005_model_0
DatasetDict({
    train: Dataset({
        features: ['sentence', 'label', 'indexes'],
        num_rows: 325
    })
    validation: Dataset({
        features: ['sentence', 'label', 'indexes'],
        num_rows: 872
    })
    test: Dataset({
        features: ['sentence', 'label', 'indexes'],
        num_rows: 1821
    })
})
[Train] Epoch:   0, Total:    325, Accuracy : 0.5262, Loss: 0.6978
[Eval] Epoch:   0, Total:    872, Accuracy : 0.5115, Loss: 0.6927
[Train] Epoch:   1, Total:    325, Accuracy : 0.5631, Loss: 0.6872
[Eval] Epoch:   1, Total:    872, Accuracy : 0.5092, Loss: 0.6925
[Train] Epoch:   2, Total:    325, Accuracy : 0.6400, Loss: 0.6877
[Eval] Epoch:   2, Total:    872, Accuracy : 0.5092, Loss: 0.6923
[Train] Epoch:   3, Total:    325, Accuracy : 0.5723, Loss: 0.6870
[Eval] Epoch:   3, Total:    872, Accuracy : 0.5092, Loss: 0.6921
[Train] Epoch:   4, Total:    325, Accuracy : 0.6092, Loss: 0.6759
[Eval] Epoch:   4, Total:    872, Accuracy : 0.5092, Loss: 0.6921
[Train] Epoch:   5, Total:    325, Accuracy : 0.6215, Loss: 0.6869
[Eval] Epoch:   5, Total:    872, Accuracy : 0.5092, Loss: 0.6924
[Train] Epoch:   6, Total:    325, Accuracy : 0.6185, Loss: 0.6734
[Eval] Epoch:   6, Total:    872, Accuracy : 0.5092, Loss: 0.6932
[Train] Epoch:   7, Total:    325, Accuracy : 0.6185, Loss: 0.6502
[Eval] Epoch:   7, Total:    872, Accuracy : 0.5092, Loss: 0.6949
[Train] Epoch:   8, Total:    325, Accuracy : 0.6185, Loss: 0.6824
[Eval] Epoch:   8, Total:    872, Accuracy : 0.5092, Loss: 0.6976
[Train] Epoch:   9, Total:    325, Accuracy : 0.6185, Loss: 0.6878
[Eval] Epoch:   9, Total:    872, Accuracy : 0.5092, Loss: 0.7009
[Train] Epoch:  10, Total:    325, Accuracy : 0.6185, Loss: 0.6401
[Eval] Epoch:  10, Total:    872, Accuracy : 0.5092, Loss: 0.7050
[Train] Epoch:  11, Total:    325, Accuracy : 0.6185, Loss: 0.6421
[Eval] Epoch:  11, Total:    872, Accuracy : 0.5092, Loss: 0.7095
[Train] Epoch:  12, Total:    325, Accuracy : 0.6185, Loss: 0.6305
[Eval] Epoch:  12, Total:    872, Accuracy : 0.5092, Loss: 0.7138
[Train] Epoch:  13, Total:    325, Accuracy : 0.6185, Loss: 0.6716
[Eval] Epoch:  13, Total:    872, Accuracy : 0.5092, Loss: 0.7172
[Train] Epoch:  14, Total:    325, Accuracy : 0.6185, Loss: 0.6592
[Eval] Epoch:  14, Total:    872, Accuracy : 0.5092, Loss: 0.7172
[Train] Epoch:  15, Total:    325, Accuracy : 0.6185, Loss: 0.6438
[Eval] Epoch:  15, Total:    872, Accuracy : 0.5092, Loss: 0.7146
[Train] Epoch:  16, Total:    325, Accuracy : 0.6185, Loss: 0.6015
[Eval] Epoch:  16, Total:    872, Accuracy : 0.5092, Loss: 0.7128
[Train] Epoch:  17, Total:    325, Accuracy : 0.6185, Loss: 0.6876
[Eval] Epoch:  17, Total:    872, Accuracy : 0.5092, Loss: 0.7032
[Train] Epoch:  18, Total:    325, Accuracy : 0.6185, Loss: 0.5806
[Eval] Epoch:  18, Total:    872, Accuracy : 0.5092, Loss: 0.6446
[Train] Epoch:  19, Total:    325, Accuracy : 0.6185, Loss: 0.5230
[Eval] Epoch:  19, Total:    872, Accuracy : 0.5103, Loss: 0.5842
{"epoch":[1,2,3,4,5,6,7,8,9,10,11,12,13,14,15,16,17,18,19,20],"train_loss":[0.6938723623752594,0.6897051930427551,0.6865842640399933,0.6875602006912231,0.681401401758194,0.6838641464710236,0.6741608083248138,0.6644220352172852,0.6738844513893127,0.6758703887462616,0.6496632993221283,0.6589639186859131,0.6513002812862396,0.6625714004039764,0.6671515107154846,0.6526127755641937,0.6230804920196533,0.6439821720123291,0.5863399505615234,0.5373604595661163],"eval_loss":[0.6928454339504242,0.6927656829357147,0.6926783919334412,0.6926620900630951,0.692871943116188,0.693487748503685,0.6947269588708878,0.6968344449996948,0.7000366747379303,0.7037907242774963,0.7082936465740204,0.713050976395607,0.7175477296113968,0.7208673357963562,0.7210161536931992,0.7181432992219925,0.7145934402942657,0.7016690224409103,0.6418680101633072,0.5795599222183228],"train_acc":[0.5261538461538462,0.563076923076923,0.64,0.5723076923076923,0.6092307692307692,0.6215384615384615,0.6184615384615385,0.6184615384615385,0.6184615384615385,0.6184615384615385,0.6184615384615385,0.6184615384615385,0.6184615384615385,0.6184615384615385,0.6184615384615385,0.6184615384615385,0.6184615384615385,0.6184615384615385,0.6184615384615385,0.6184615384615385],"eval_acc":[0.5114678899082569,0.5091743119266054,0.5091743119266054,0.5091743119266054,0.5091743119266054,0.5091743119266054,0.5091743119266054,0.5091743119266054,0.5091743119266054,0.5091743119266054,0.5091743119266054,0.5091743119266054,0.5091743119266054,0.5091743119266054,0.5091743119266054,0.5091743119266054,0.5091743119266054,0.5091743119266054,0.5091743119266054,0.5103211009174312]}
[Eval] Epoch:  11, Total:    872, Accuracy : 0.5103, Loss: 0.5842
872 445 2.318239688873291
