pruned_3_0.25_model_0
DatasetDict({
    train: Dataset({
        features: ['sentence', 'label', 'indexes'],
        num_rows: 16837
    })
    validation: Dataset({
        features: ['sentence', 'label', 'indexes'],
        num_rows: 872
    })
    test: Dataset({
        features: ['sentence', 'label', 'indexes'],
        num_rows: 1821
    })
})
[Train] Epoch:   0, Total:  16837, Accuracy : 0.6923, Loss: 0.3595
[Eval] Epoch:   0, Total:    872, Accuracy : 0.8842, Loss: 0.3101
[Train] Epoch:   1, Total:  16837, Accuracy : 0.9119, Loss: 0.2241
[Eval] Epoch:   1, Total:    872, Accuracy : 0.9266, Loss: 0.2841
[Train] Epoch:   2, Total:  16837, Accuracy : 0.9431, Loss: 0.1387
[Eval] Epoch:   2, Total:    872, Accuracy : 0.9300, Loss: 0.2876
[Train] Epoch:   3, Total:  16837, Accuracy : 0.9564, Loss: 0.1771
[Eval] Epoch:   3, Total:    872, Accuracy : 0.9197, Loss: 0.2909
[Train] Epoch:   4, Total:  16837, Accuracy : 0.9660, Loss: 0.0785
[Eval] Epoch:   4, Total:    872, Accuracy : 0.9197, Loss: 0.2925
[Train] Epoch:   5, Total:  16837, Accuracy : 0.9739, Loss: 0.0598
[Eval] Epoch:   5, Total:    872, Accuracy : 0.9266, Loss: 0.3121
[Train] Epoch:   6, Total:  16837, Accuracy : 0.9784, Loss: 0.0881
[Eval] Epoch:   6, Total:    872, Accuracy : 0.9255, Loss: 0.3354
[Train] Epoch:   7, Total:  16837, Accuracy : 0.9821, Loss: 0.0455
[Eval] Epoch:   7, Total:    872, Accuracy : 0.9278, Loss: 0.3318
[Train] Epoch:   8, Total:  16837, Accuracy : 0.9828, Loss: 0.0465
[Eval] Epoch:   8, Total:    872, Accuracy : 0.9278, Loss: 0.3305
[Train] Epoch:   9, Total:  16837, Accuracy : 0.9859, Loss: 0.0327
[Eval] Epoch:   9, Total:    872, Accuracy : 0.9266, Loss: 0.3314
[Train] Epoch:  10, Total:  16837, Accuracy : 0.9815, Loss: 0.0604
[Eval] Epoch:  10, Total:    872, Accuracy : 0.9266, Loss: 0.3014
[Train] Epoch:  11, Total:  16837, Accuracy : 0.9805, Loss: 0.0143
[Eval] Epoch:  11, Total:    872, Accuracy : 0.9243, Loss: 0.3044
[Train] Epoch:  12, Total:  16837, Accuracy : 0.9850, Loss: 0.0407
[Eval] Epoch:  12, Total:    872, Accuracy : 0.9278, Loss: 0.2569
[Train] Epoch:  13, Total:  16837, Accuracy : 0.9866, Loss: 0.0271
[Eval] Epoch:  13, Total:    872, Accuracy : 0.9151, Loss: 0.4022
[Train] Epoch:  14, Total:  16837, Accuracy : 0.9883, Loss: 0.0159
[Eval] Epoch:  14, Total:    872, Accuracy : 0.9243, Loss: 0.3120
[Train] Epoch:  15, Total:  16837, Accuracy : 0.9912, Loss: 0.0219
[Eval] Epoch:  15, Total:    872, Accuracy : 0.9255, Loss: 0.3781
[Train] Epoch:  16, Total:  16837, Accuracy : 0.9937, Loss: 0.0450
[Eval] Epoch:  16, Total:    872, Accuracy : 0.9255, Loss: 0.4338
[Train] Epoch:  17, Total:  16837, Accuracy : 0.9941, Loss: 0.0319
[Eval] Epoch:  17, Total:    872, Accuracy : 0.9243, Loss: 0.4039
[Train] Epoch:  18, Total:  16837, Accuracy : 0.9950, Loss: 0.0167
[Eval] Epoch:  18, Total:    872, Accuracy : 0.9266, Loss: 0.4156
[Train] Epoch:  19, Total:  16837, Accuracy : 0.9951, Loss: 0.0168
[Eval] Epoch:  19, Total:    872, Accuracy : 0.9243, Loss: 0.4164
{"epoch":[1,2,3,4,5,6,7,8,9,10,11,12,13,14,15,16,17,18,19,20],"train_loss":[0.5494298483386184,0.2426831548412641,0.16740685193376106,0.13178912087371855,0.10159399196731322,0.08227305898837971,0.06647901722427571,0.056570881102798565,0.05243235393286203,0.04629381794030919,0.059634833370871616,0.06052317358835629,0.04854252632481582,0.03824375950816003,0.03636126026200751,0.028470068372729602,0.019840246279879164,0.018413570616041507,0.01355807646354096,0.014296855472352807],"eval_loss":[0.29849302023649216,0.22326015308499336,0.23677292838692665,0.2751406207680702,0.28255390375852585,0.28222084045410156,0.2916530668735504,0.29354357346892357,0.30598246306180954,0.31170013546943665,0.2759259156882763,0.2974066957831383,0.27701717615127563,0.41061925888061523,0.3677510768175125,0.37147989869117737,0.42588143795728683,0.41069117188453674,0.4265282154083252,0.42249711602926254],"train_acc":[0.6923442418483102,0.9118607827997862,0.9431015026429886,0.9564055354279266,0.9659678089921008,0.9738670784581577,0.9783809467244758,0.9820633129417354,0.9828354219872899,0.9859238581695077,0.9814693829066936,0.9805190948506266,0.9850329631169448,0.9866365742115579,0.9882995783096751,0.9912098354813803,0.9937043416285561,0.9940606996495813,0.9950109877056482,0.9951297737126567],"eval_acc":[0.8841743119266054,0.926605504587156,0.930045871559633,0.9197247706422018,0.9197247706422018,0.926605504587156,0.9254587155963303,0.9277522935779816,0.9277522935779816,0.926605504587156,0.926605504587156,0.9243119266055045,0.9277522935779816,0.9151376146788991,0.9243119266055045,0.9254587155963303,0.9254587155963303,0.9243119266055045,0.926605504587156,0.9243119266055045]}
[Eval] Epoch:  11, Total:    872, Accuracy : 0.9243, Loss: 0.4164
872 806 1.6899884641170502
