pruned_1_0.04_model_0
DatasetDict({
    train: Dataset({
        features: ['sentence', 'label', 'indexes'],
        num_rows: 2693
    })
    validation: Dataset({
        features: ['sentence', 'label', 'indexes'],
        num_rows: 872
    })
    test: Dataset({
        features: ['sentence', 'label', 'indexes'],
        num_rows: 1821
    })
})
[Train] Epoch:   0, Total:   2693, Accuracy : 0.5700, Loss: 0.6908
[Eval] Epoch:   0, Total:    872, Accuracy : 0.5092, Loss: 0.6934
[Train] Epoch:   1, Total:   2693, Accuracy : 0.5685, Loss: 0.6793
[Eval] Epoch:   1, Total:    872, Accuracy : 0.5092, Loss: 0.6971
[Train] Epoch:   2, Total:   2693, Accuracy : 0.5685, Loss: 0.6754
[Eval] Epoch:   2, Total:    872, Accuracy : 0.5092, Loss: 0.6802
[Train] Epoch:   3, Total:   2693, Accuracy : 0.7586, Loss: 0.3838
[Eval] Epoch:   3, Total:    872, Accuracy : 0.8670, Loss: 0.3205
[Train] Epoch:   4, Total:   2693, Accuracy : 0.8782, Loss: 0.3573
[Eval] Epoch:   4, Total:    872, Accuracy : 0.8773, Loss: 0.3435
[Train] Epoch:   5, Total:   2693, Accuracy : 0.9016, Loss: 0.2826
[Eval] Epoch:   5, Total:    872, Accuracy : 0.8979, Loss: 0.2363
[Train] Epoch:   6, Total:   2693, Accuracy : 0.9268, Loss: 0.1966
[Eval] Epoch:   6, Total:    872, Accuracy : 0.9025, Loss: 0.2685
[Train] Epoch:   7, Total:   2693, Accuracy : 0.9387, Loss: 0.1557
[Eval] Epoch:   7, Total:    872, Accuracy : 0.8968, Loss: 0.2630
[Train] Epoch:   8, Total:   2693, Accuracy : 0.9514, Loss: 0.1600
[Eval] Epoch:   8, Total:    872, Accuracy : 0.9163, Loss: 0.2260
[Train] Epoch:   9, Total:   2693, Accuracy : 0.9603, Loss: 0.0888
[Eval] Epoch:   9, Total:    872, Accuracy : 0.9140, Loss: 0.2332
[Train] Epoch:  10, Total:   2693, Accuracy : 0.9681, Loss: 0.1272
[Eval] Epoch:  10, Total:    872, Accuracy : 0.9060, Loss: 0.2621
[Train] Epoch:  11, Total:   2693, Accuracy : 0.9692, Loss: 0.0741
[Eval] Epoch:  11, Total:    872, Accuracy : 0.9174, Loss: 0.2490
[Train] Epoch:  12, Total:   2693, Accuracy : 0.9684, Loss: 0.1455
[Eval] Epoch:  12, Total:    872, Accuracy : 0.9128, Loss: 0.2775
[Train] Epoch:  13, Total:   2693, Accuracy : 0.9792, Loss: 0.0465
[Eval] Epoch:  13, Total:    872, Accuracy : 0.9174, Loss: 0.2761
[Train] Epoch:  14, Total:   2693, Accuracy : 0.9859, Loss: 0.0309
[Eval] Epoch:  14, Total:    872, Accuracy : 0.9186, Loss: 0.3106
[Train] Epoch:  15, Total:   2693, Accuracy : 0.9866, Loss: 0.0625
[Eval] Epoch:  15, Total:    872, Accuracy : 0.9197, Loss: 0.3254
[Train] Epoch:  16, Total:   2693, Accuracy : 0.9892, Loss: 0.0177
[Eval] Epoch:  16, Total:    872, Accuracy : 0.9186, Loss: 0.3477
[Train] Epoch:  17, Total:   2693, Accuracy : 0.9918, Loss: 0.0083
[Eval] Epoch:  17, Total:    872, Accuracy : 0.9163, Loss: 0.3376
[Train] Epoch:  18, Total:   2693, Accuracy : 0.9926, Loss: 0.0601
[Eval] Epoch:  18, Total:    872, Accuracy : 0.9163, Loss: 0.3286
[Train] Epoch:  19, Total:   2693, Accuracy : 0.9933, Loss: 0.0698
[Eval] Epoch:  19, Total:    872, Accuracy : 0.9151, Loss: 0.3296
{"epoch":[1,2,3,4,5,6,7,8,9,10,11,12,13,14,15,16,17,18,19,20],"train_loss":[0.6864056370475076,0.6826617013324391,0.6787715500051325,0.540724748914892,0.3510745817964727,0.2769426473162391,0.2146750742738897,0.1729319759390571,0.14376241171901877,0.11101065474477681,0.10606004162268205,0.08861762962558052,0.09765985269438136,0.06957601383328438,0.04533030617643486,0.03863540359518745,0.0368864394470372,0.031335841356353325,0.02748341595923359,0.02763619434765794],"eval_loss":[0.6952709406614304,0.6999524235725403,0.6827303767204285,0.3455458730459213,0.34342245757579803,0.2705397270619869,0.2613876797258854,0.2561330869793892,0.2609900049865246,0.26415544003248215,0.2766358107328415,0.27238835021853447,0.2950338236987591,0.3164464682340622,0.34145232290029526,0.3418668657541275,0.3491193652153015,0.3525214046239853,0.36133943498134613,0.3623981922864914],"train_acc":[0.5699962866691423,0.5685109543260305,0.5685109543260305,0.7586334942443371,0.8782027478648348,0.9015967322688452,0.9268473821017452,0.9387300408466395,0.9513553657630895,0.9602673598217601,0.968065354623097,0.9691793538804307,0.9684366877088748,0.9792053471964351,0.9858893427404382,0.9866320089119941,0.9892313405124397,0.9918306721128852,0.9925733382844412,0.993316004455997],"eval_acc":[0.5091743119266054,0.5091743119266054,0.5091743119266054,0.8669724770642202,0.8772935779816514,0.8979357798165137,0.9025229357798165,0.8967889908256881,0.9162844036697247,0.9139908256880734,0.9059633027522935,0.9174311926605505,0.9128440366972477,0.9174311926605505,0.9185779816513762,0.9197247706422018,0.9185779816513762,0.9162844036697247,0.9162844036697247,0.9151376146788991]}
[Eval] Epoch:  11, Total:    872, Accuracy : 0.9151, Loss: 0.3296
872 798 1.4495927691459656
