random_0.02_model_0
DatasetDict({
    train: Dataset({
        features: ['sentence', 'label', 'indexes'],
        num_rows: 1347
    })
    validation: Dataset({
        features: ['sentence', 'label', 'indexes'],
        num_rows: 872
    })
    test: Dataset({
        features: ['sentence', 'label', 'indexes'],
        num_rows: 1821
    })
})
[Train] Epoch:   0, Total:   1347, Accuracy : 0.5620, Loss: 0.6834
[Eval] Epoch:   0, Total:    872, Accuracy : 0.5092, Loss: 0.6923
[Train] Epoch:   1, Total:   1347, Accuracy : 0.5664, Loss: 0.6909
[Eval] Epoch:   1, Total:    872, Accuracy : 0.5092, Loss: 0.6930
[Train] Epoch:   2, Total:   1347, Accuracy : 0.5664, Loss: 0.6948
[Eval] Epoch:   2, Total:    872, Accuracy : 0.5092, Loss: 0.6952
[Train] Epoch:   3, Total:   1347, Accuracy : 0.5664, Loss: 0.6755
[Eval] Epoch:   3, Total:    872, Accuracy : 0.5092, Loss: 0.6950
[Train] Epoch:   4, Total:   1347, Accuracy : 0.5664, Loss: 0.6893
[Eval] Epoch:   4, Total:    872, Accuracy : 0.5092, Loss: 0.6889
[Train] Epoch:   5, Total:   1347, Accuracy : 0.5664, Loss: 0.6345
[Eval] Epoch:   5, Total:    872, Accuracy : 0.5092, Loss: 0.6336
[Train] Epoch:   6, Total:   1347, Accuracy : 0.7290, Loss: 0.4639
[Eval] Epoch:   6, Total:    872, Accuracy : 0.8142, Loss: 0.4613
[Train] Epoch:   7, Total:   1347, Accuracy : 0.8671, Loss: 0.3100
[Eval] Epoch:   7, Total:    872, Accuracy : 0.8658, Loss: 0.3216
[Train] Epoch:   8, Total:   1347, Accuracy : 0.8938, Loss: 0.3215
[Eval] Epoch:   8, Total:    872, Accuracy : 0.8865, Loss: 0.2612
[Train] Epoch:   9, Total:   1347, Accuracy : 0.9079, Loss: 0.3162
[Eval] Epoch:   9, Total:    872, Accuracy : 0.8956, Loss: 0.2474
[Train] Epoch:  10, Total:   1347, Accuracy : 0.9399, Loss: 0.2770
[Eval] Epoch:  10, Total:    872, Accuracy : 0.8727, Loss: 0.3402
[Train] Epoch:  11, Total:   1347, Accuracy : 0.9332, Loss: 0.1985
[Eval] Epoch:  11, Total:    872, Accuracy : 0.9037, Loss: 0.2285
[Train] Epoch:  12, Total:   1347, Accuracy : 0.9488, Loss: 0.1025
[Eval] Epoch:  12, Total:    872, Accuracy : 0.9094, Loss: 0.2637
[Train] Epoch:  13, Total:   1347, Accuracy : 0.9495, Loss: 0.1317
[Eval] Epoch:  13, Total:    872, Accuracy : 0.9014, Loss: 0.2780
[Train] Epoch:  14, Total:   1347, Accuracy : 0.9324, Loss: 0.1395
[Eval] Epoch:  14, Total:    872, Accuracy : 0.9151, Loss: 0.2552
[Train] Epoch:  15, Total:   1347, Accuracy : 0.9555, Loss: 0.1393
[Eval] Epoch:  15, Total:    872, Accuracy : 0.9071, Loss: 0.2787
[Train] Epoch:  16, Total:   1347, Accuracy : 0.9644, Loss: 0.1799
[Eval] Epoch:  16, Total:    872, Accuracy : 0.9106, Loss: 0.2666
[Train] Epoch:  17, Total:   1347, Accuracy : 0.9703, Loss: 0.1027
[Eval] Epoch:  17, Total:    872, Accuracy : 0.9140, Loss: 0.2821
[Train] Epoch:  18, Total:   1347, Accuracy : 0.9725, Loss: 0.1687
[Eval] Epoch:  18, Total:    872, Accuracy : 0.9025, Loss: 0.3238
[Train] Epoch:  19, Total:   1347, Accuracy : 0.9762, Loss: 0.1289
[Eval] Epoch:  19, Total:    872, Accuracy : 0.9025, Loss: 0.3251
{"epoch":[1,2,3,4,5,6,7,8,9,10,11,12,13,14,15,16,17,18,19,20],"train_loss":[0.6885613203048706,0.6873693068822225,0.6857848366101583,0.6830191512902578,0.680037260055542,0.6647996505101522,0.5574599206447601,0.37275633215904236,0.3182603716850281,0.27850210666656494,0.21672825515270233,0.2058547561367353,0.1678988772133986,0.16437734539310137,0.19285369416077933,0.1474243327975273,0.13258308420578638,0.10846705424288909,0.11269195998708408,0.09680701854328315],"eval_loss":[0.6933320462703705,0.6945386379957199,0.697584941983223,0.6976639181375504,0.6919568330049515,0.6407064497470856,0.46184463053941727,0.3546868860721588,0.30615561455488205,0.27849333733320236,0.3350656032562256,0.25619953498244286,0.263377171009779,0.2718418315052986,0.2668067216873169,0.2728623300790787,0.264712855219841,0.2781958654522896,0.29305970296263695,0.293835774064064],"train_acc":[0.5619896065330364,0.5664439495174461,0.5664439495174461,0.5664439495174461,0.5664439495174461,0.5664439495174461,0.7290274684484038,0.8671121009651076,0.8938381588715665,0.9079435783221975,0.9398663697104677,0.933184855233853,0.9487750556792873,0.949517446176689,0.9324424647364514,0.955456570155902,0.9643652561247216,0.9703043801039347,0.9725315515961396,0.9762435040831478],"eval_acc":[0.5091743119266054,0.5091743119266054,0.5091743119266054,0.5091743119266054,0.5091743119266054,0.5091743119266054,0.8142201834862385,0.8658256880733946,0.8864678899082569,0.8956422018348624,0.8727064220183486,0.9036697247706422,0.9094036697247706,0.9013761467889908,0.9151376146788991,0.9071100917431193,0.9105504587155964,0.9139908256880734,0.9025229357798165,0.9025229357798165]}
[Eval] Epoch:  11, Total:    872, Accuracy : 0.9025, Loss: 0.3251
872 787 1.175343096256256
