pruned_3_0.04_model_0
DatasetDict({
    train: Dataset({
        features: ['sentence', 'label', 'indexes'],
        num_rows: 2693
    })
    validation: Dataset({
        features: ['sentence', 'label', 'indexes'],
        num_rows: 872
    })
    test: Dataset({
        features: ['sentence', 'label', 'indexes'],
        num_rows: 1821
    })
})
[Train] Epoch:   0, Total:   2693, Accuracy : 0.5945, Loss: 0.6828
[Eval] Epoch:   0, Total:    872, Accuracy : 0.5092, Loss: 0.6929
[Train] Epoch:   1, Total:   2693, Accuracy : 0.6023, Loss: 0.6651
[Eval] Epoch:   1, Total:    872, Accuracy : 0.5092, Loss: 0.7037
[Train] Epoch:   2, Total:   2693, Accuracy : 0.6023, Loss: 0.6310
[Eval] Epoch:   2, Total:    872, Accuracy : 0.5092, Loss: 0.6673
[Train] Epoch:   3, Total:   2693, Accuracy : 0.7623, Loss: 0.3602
[Eval] Epoch:   3, Total:    872, Accuracy : 0.8727, Loss: 0.3213
[Train] Epoch:   4, Total:   2693, Accuracy : 0.8893, Loss: 0.2302
[Eval] Epoch:   4, Total:    872, Accuracy : 0.8349, Loss: 0.4790
[Train] Epoch:   5, Total:   2693, Accuracy : 0.8934, Loss: 0.3884
[Eval] Epoch:   5, Total:    872, Accuracy : 0.8440, Loss: 0.4276
[Train] Epoch:   6, Total:   2693, Accuracy : 0.9172, Loss: 0.1578
[Eval] Epoch:   6, Total:    872, Accuracy : 0.8624, Loss: 0.4039
[Train] Epoch:   7, Total:   2693, Accuracy : 0.9183, Loss: 0.3258
[Eval] Epoch:   7, Total:    872, Accuracy : 0.9071, Loss: 0.2615
[Train] Epoch:   8, Total:   2693, Accuracy : 0.9410, Loss: 0.2140
[Eval] Epoch:   8, Total:    872, Accuracy : 0.9174, Loss: 0.2993
[Train] Epoch:   9, Total:   2693, Accuracy : 0.9577, Loss: 0.1439
[Eval] Epoch:   9, Total:    872, Accuracy : 0.9174, Loss: 0.2955
[Train] Epoch:  10, Total:   2693, Accuracy : 0.9651, Loss: 0.1344
[Eval] Epoch:  10, Total:    872, Accuracy : 0.9163, Loss: 0.2900
[Train] Epoch:  11, Total:   2693, Accuracy : 0.9651, Loss: 0.1937
[Eval] Epoch:  11, Total:    872, Accuracy : 0.9220, Loss: 0.2862
[Train] Epoch:  12, Total:   2693, Accuracy : 0.9681, Loss: 0.1114
[Eval] Epoch:  12, Total:    872, Accuracy : 0.9220, Loss: 0.2871
[Train] Epoch:  13, Total:   2693, Accuracy : 0.9710, Loss: 0.0680
[Eval] Epoch:  13, Total:    872, Accuracy : 0.9255, Loss: 0.2910
[Train] Epoch:  14, Total:   2693, Accuracy : 0.9829, Loss: 0.1631
[Eval] Epoch:  14, Total:    872, Accuracy : 0.9186, Loss: 0.3801
[Train] Epoch:  15, Total:   2693, Accuracy : 0.9781, Loss: 0.0129
[Eval] Epoch:  15, Total:    872, Accuracy : 0.9232, Loss: 0.4211
[Train] Epoch:  16, Total:   2693, Accuracy : 0.9844, Loss: 0.0330
[Eval] Epoch:  16, Total:    872, Accuracy : 0.9289, Loss: 0.3469
[Train] Epoch:  17, Total:   2693, Accuracy : 0.9837, Loss: 0.0550
[Eval] Epoch:  17, Total:    872, Accuracy : 0.9278, Loss: 0.3668
[Train] Epoch:  18, Total:   2693, Accuracy : 0.9918, Loss: 0.0346
[Eval] Epoch:  18, Total:    872, Accuracy : 0.9312, Loss: 0.3714
[Train] Epoch:  19, Total:   2693, Accuracy : 0.9889, Loss: 0.0190
[Eval] Epoch:  19, Total:    872, Accuracy : 0.9312, Loss: 0.3727
{"epoch":[1,2,3,4,5,6,7,8,9,10,11,12,13,14,15,16,17,18,19,20],"train_loss":[0.6859596534208818,0.6772433573549445,0.6666442210024054,0.49273636124350806,0.3215710385279222,0.307356444272128,0.25036409768191253,0.2407007014209574,0.18253060768951068,0.15128067880868912,0.12305563688278198,0.12553002549843353,0.11356859992850911,0.09902387823570859,0.07638333974914117,0.07258131896907632,0.06008547019552101,0.05570761063559489,0.03870497601614757,0.04318431883373044],"eval_loss":[0.6943256705999374,0.7072263062000275,0.6691415011882782,0.3401678800582886,0.4875527322292328,0.44573215395212173,0.3809916079044342,0.26581282168626785,0.2541575916111469,0.25240664184093475,0.25268134474754333,0.24549134075641632,0.2517961263656616,0.2552446499466896,0.33991149812936783,0.31889013946056366,0.314895398914814,0.29306649416685104,0.2975264936685562,0.2991340681910515],"train_acc":[0.5945042703304865,0.6023022651318233,0.6023022651318233,0.7623468251021166,0.8893427404381731,0.8934274043817304,0.9171927218715188,0.9183067211288526,0.9409580393613071,0.9576680282213145,0.9650946899368734,0.9650946899368734,0.968065354623097,0.9710360193093205,0.9829186780542146,0.9780913479391014,0.9844040103973264,0.9836613442257706,0.9918306721128852,0.9888600074266617],"eval_acc":[0.5091743119266054,0.5091743119266054,0.5091743119266054,0.8727064220183486,0.8348623853211009,0.8440366972477065,0.8623853211009175,0.9071100917431193,0.9174311926605505,0.9174311926605505,0.9162844036697247,0.9220183486238532,0.9220183486238532,0.9254587155963303,0.9185779816513762,0.9231651376146789,0.9288990825688074,0.9277522935779816,0.9311926605504587,0.9311926605504587]}
[Eval] Epoch:  11, Total:    872, Accuracy : 0.9312, Loss: 0.3727
872 812 1.196536272764206
