pruned_3_0.03_model_0
DatasetDict({
    train: Dataset({
        features: ['question', 'sentence', 'label', 'indexes'],
        num_rows: 3142
    })
    validation: Dataset({
        features: ['question', 'sentence', 'label', 'indexes'],
        num_rows: 5463
    })
    test: Dataset({
        features: ['question', 'sentence', 'label', 'indexes'],
        num_rows: 5463
    })
})
[Train] Epoch:   0, Total:   3142, Accuracy : 0.5092, Loss: 0.6565
[Eval] Epoch:   0, Total:   5463, Accuracy : 0.5437, Loss: 0.6796
[Train] Epoch:   1, Total:   3142, Accuracy : 0.7371, Loss: 0.1200
[Eval] Epoch:   1, Total:   5463, Accuracy : 0.8320, Loss: 0.3254
[Train] Epoch:   2, Total:   3142, Accuracy : 0.8549, Loss: 0.7507
[Eval] Epoch:   2, Total:   5463, Accuracy : 0.8532, Loss: 0.4215
[Train] Epoch:   3, Total:   3142, Accuracy : 0.9007, Loss: 0.0678
[Eval] Epoch:   3, Total:   5463, Accuracy : 0.8521, Loss: 0.4239
[Train] Epoch:   4, Total:   3142, Accuracy : 0.9300, Loss: 0.0517
[Eval] Epoch:   4, Total:   5463, Accuracy : 0.8508, Loss: 0.7593
[Train] Epoch:   5, Total:   3142, Accuracy : 0.9558, Loss: 0.2025
[Eval] Epoch:   5, Total:   5463, Accuracy : 0.8569, Loss: 0.3655
[Train] Epoch:   6, Total:   3142, Accuracy : 0.9647, Loss: 0.0108
[Eval] Epoch:   6, Total:   5463, Accuracy : 0.8633, Loss: 0.4964
[Train] Epoch:   7, Total:   3142, Accuracy : 0.9761, Loss: 0.0107
[Eval] Epoch:   7, Total:   5463, Accuracy : 0.8583, Loss: 0.9760
[Train] Epoch:   8, Total:   3142, Accuracy : 0.9793, Loss: 0.0117
[Eval] Epoch:   8, Total:   5463, Accuracy : 0.8636, Loss: 0.4926
[Train] Epoch:   9, Total:   3142, Accuracy : 0.9793, Loss: 0.0553
[Eval] Epoch:   9, Total:   5463, Accuracy : 0.8620, Loss: 0.7101
[Train] Epoch:  10, Total:   3142, Accuracy : 0.9771, Loss: 0.0039
[Eval] Epoch:  10, Total:   5463, Accuracy : 0.8547, Loss: 0.9150
[Train] Epoch:  11, Total:   3142, Accuracy : 0.9637, Loss: 0.0173
[Eval] Epoch:  11, Total:   5463, Accuracy : 0.8591, Loss: 0.5885
[Train] Epoch:  12, Total:   3142, Accuracy : 0.9723, Loss: 0.0059
[Eval] Epoch:  12, Total:   5463, Accuracy : 0.8484, Loss: 0.5305
[Train] Epoch:  13, Total:   3142, Accuracy : 0.9822, Loss: 0.0085
[Eval] Epoch:  13, Total:   5463, Accuracy : 0.8569, Loss: 0.8461
[Train] Epoch:  14, Total:   3142, Accuracy : 0.9885, Loss: 0.0036
[Eval] Epoch:  14, Total:   5463, Accuracy : 0.8433, Loss: 0.5320
[Train] Epoch:  15, Total:   3142, Accuracy : 0.9873, Loss: 0.0043
[Eval] Epoch:  15, Total:   5463, Accuracy : 0.8554, Loss: 0.6543
[Train] Epoch:  16, Total:   3142, Accuracy : 0.9917, Loss: 0.0012
[Eval] Epoch:  16, Total:   5463, Accuracy : 0.8605, Loss: 0.9417
[Train] Epoch:  17, Total:   3142, Accuracy : 0.9940, Loss: 0.0018
[Eval] Epoch:  17, Total:   5463, Accuracy : 0.8607, Loss: 0.8907
[Train] Epoch:  18, Total:   3142, Accuracy : 0.9949, Loss: 0.0015
[Eval] Epoch:  18, Total:   5463, Accuracy : 0.8589, Loss: 0.9363
[Train] Epoch:  19, Total:   3142, Accuracy : 0.9940, Loss: 0.0022
[Eval] Epoch:  19, Total:   5463, Accuracy : 0.8589, Loss: 0.9433
{"epoch":[1,2,3,4,5,6,7,8,9,10,11,12,13,14,15,16,17,18,19,20],"train_loss":[0.6927171421051025,0.5242315505445003,0.37540486723184585,0.2784500442445278,0.20925883240997792,0.14755152754485606,0.11326610036194325,0.08893296869471669,0.07274359034374356,0.06630188532173634,0.07774179392494261,0.11727066833525895,0.09418031168170274,0.06515830025076866,0.0478738513449207,0.04770547836087644,0.029380566868931056,0.028134006885811687,0.01854504777584225,0.022502473648637535],"eval_loss":[0.6847047778063042,0.3979071839604267,0.3566889773274577,0.4081819949801578,0.4490890016042909,0.4847031608223915,0.5195989196383676,0.555199688257173,0.5647109584059826,0.5658415952740714,0.7083584378625072,0.5490593574074811,0.6240988578214202,0.6289463559555453,0.7676803296388581,0.7297694329605546,0.8093025757129803,0.8064042114934256,0.8171000948479009,0.8213081027186194],"train_acc":[0.5092297899427116,0.7371101209420751,0.8548695098663271,0.9007001909611713,0.9299809038828771,0.9557606619987269,0.9646721833227244,0.9761298535964353,0.9793125397835774,0.9793125397835774,0.9770846594525779,0.9637173774665818,0.972310630171865,0.982176957352005,0.988542329726289,0.9872692552514322,0.991725015913431,0.9939528962444303,0.9949077021005729,0.9939528962444303],"eval_acc":[0.5436573311367381,0.8319604612850082,0.8531942156324364,0.8520959179937763,0.8508145707486728,0.8568552077613033,0.8632619439868204,0.8583196046128501,0.8636280431997071,0.861980596741717,0.8546586124839831,0.8590518030386235,0.8484349258649094,0.8568552077613033,0.8433095368844957,0.8553908109097565,0.8605161998901703,0.8606992494966136,0.8588687534321802,0.8588687534321802]}
[Eval] Epoch:  11, Total:   5463, Accuracy : 0.8589, Loss: 0.9433
5463 4692 70.63249683380127
