pruned_3_0.2_model_0
DatasetDict({
    train: Dataset({
        features: ['question', 'sentence', 'label', 'indexes'],
        num_rows: 20948
    })
    validation: Dataset({
        features: ['question', 'sentence', 'label', 'indexes'],
        num_rows: 5463
    })
    test: Dataset({
        features: ['question', 'sentence', 'label', 'indexes'],
        num_rows: 5463
    })
})
[Train] Epoch:   0, Total:  20948, Accuracy : 0.7605, Loss: 0.2016
[Eval] Epoch:   0, Total:   5463, Accuracy : 0.8719, Loss: 0.4330
[Train] Epoch:   1, Total:  20948, Accuracy : 0.8789, Loss: 0.4575
[Eval] Epoch:   1, Total:   5463, Accuracy : 0.8938, Loss: 0.3695
[Train] Epoch:   2, Total:  20948, Accuracy : 0.9205, Loss: 0.2555
[Eval] Epoch:   2, Total:   5463, Accuracy : 0.9127, Loss: 0.3853
[Train] Epoch:   3, Total:  20948, Accuracy : 0.9494, Loss: 0.1431
[Eval] Epoch:   3, Total:   5463, Accuracy : 0.9120, Loss: 0.2302
[Train] Epoch:   4, Total:  20948, Accuracy : 0.9660, Loss: 0.0089
[Eval] Epoch:   4, Total:   5463, Accuracy : 0.9077, Loss: 0.4438
[Train] Epoch:   5, Total:  20948, Accuracy : 0.9757, Loss: 0.2996
[Eval] Epoch:   5, Total:   5463, Accuracy : 0.9033, Loss: 0.3909
[Train] Epoch:   6, Total:  20948, Accuracy : 0.9844, Loss: 0.2418
[Eval] Epoch:   6, Total:   5463, Accuracy : 0.9094, Loss: 0.4761
[Train] Epoch:   7, Total:  20948, Accuracy : 0.9886, Loss: 0.0144
[Eval] Epoch:   7, Total:   5463, Accuracy : 0.9138, Loss: 0.4867
[Train] Epoch:   8, Total:  20948, Accuracy : 0.9911, Loss: 0.0021
[Eval] Epoch:   8, Total:   5463, Accuracy : 0.9123, Loss: 0.4476
[Train] Epoch:   9, Total:  20948, Accuracy : 0.9913, Loss: 0.0017
[Eval] Epoch:   9, Total:   5463, Accuracy : 0.9118, Loss: 0.4809
[Train] Epoch:  10, Total:  20948, Accuracy : 0.9781, Loss: 0.0035
[Eval] Epoch:  10, Total:   5463, Accuracy : 0.9015, Loss: 0.6068
[Train] Epoch:  11, Total:  20948, Accuracy : 0.9785, Loss: 0.0069
[Eval] Epoch:  11, Total:   5463, Accuracy : 0.9085, Loss: 0.7203
[Train] Epoch:  12, Total:  20948, Accuracy : 0.9838, Loss: 0.0014
[Eval] Epoch:  12, Total:   5463, Accuracy : 0.9070, Loss: 0.8555
[Train] Epoch:  13, Total:  20948, Accuracy : 0.9860, Loss: 0.0474
[Eval] Epoch:  13, Total:   5463, Accuracy : 0.9001, Loss: 0.5310
[Train] Epoch:  14, Total:  20948, Accuracy : 0.9906, Loss: 0.0023
[Eval] Epoch:  14, Total:   5463, Accuracy : 0.9068, Loss: 0.7555
[Train] Epoch:  15, Total:  20948, Accuracy : 0.9930, Loss: 0.0004
[Eval] Epoch:  15, Total:   5463, Accuracy : 0.9081, Loss: 0.7335
[Train] Epoch:  16, Total:  20948, Accuracy : 0.9955, Loss: 0.0006
[Eval] Epoch:  16, Total:   5463, Accuracy : 0.9136, Loss: 0.7368
[Train] Epoch:  17, Total:  20948, Accuracy : 0.9971, Loss: 0.0001
[Eval] Epoch:  17, Total:   5463, Accuracy : 0.9125, Loss: 0.5954
[Train] Epoch:  18, Total:  20948, Accuracy : 0.9982, Loss: 0.0002
[Eval] Epoch:  18, Total:   5463, Accuracy : 0.9141, Loss: 0.6349
[Train] Epoch:  19, Total:  20948, Accuracy : 0.9977, Loss: 0.1047
[Eval] Epoch:  19, Total:   5463, Accuracy : 0.9131, Loss: 0.6057
{"epoch":[1,2,3,4,5,6,7,8,9,10,11,12,13,14,15,16,17,18,19,20],"train_loss":[0.4829360924479438,0.31109643364098016,0.21733668560116756,0.1481445993796536,0.10674710830719006,0.08220976865112145,0.0586910706315837,0.04589828800498054,0.03594962619465106,0.03516848783985507,0.07268836381618024,0.0747427065968911,0.06037728079004077,0.05137898860994028,0.036704791748822414,0.028359720206492234,0.019505685013560963,0.012628700056000792,0.007313295218187793,0.00911995989128361],"eval_loss":[0.3328139698782632,0.27812983754069304,0.2664370306789182,0.2629602580049703,0.31987355762096337,0.36219680179343666,0.43580191539124,0.4524394440096478,0.4696594487095988,0.47664562474156535,0.49128755476585656,0.39467674511116607,0.5232252140724382,0.5839384998693022,0.5062831454845362,0.6010907692618148,0.601593041142752,0.663345915806848,0.6713369007027427,0.6778791754744774],"train_acc":[0.7605499331678441,0.8789383234676341,0.9204697345808669,0.9493507733435173,0.9660110750429636,0.9757494748902044,0.9843899178919229,0.9886385335115524,0.9910731334733626,0.9913118197441283,0.9780886003437083,0.9784704983769333,0.9837693335879321,0.9860129845331297,0.9905957609318312,0.9929826236394883,0.9955126981096047,0.9971357647508116,0.9981859843421806,0.9976608745464961],"eval_acc":[0.8718652754896576,0.8938312282628592,0.9126853377265239,0.9119531393007505,0.9077429983525536,0.9033498077979132,0.9093904448105437,0.9137836353651839,0.9123192385136372,0.9117700896943072,0.9015193117334798,0.9084751967783269,0.9070107999267801,0.900054914881933,0.9068277503203368,0.9081090975654402,0.9136005857587406,0.9125022881200805,0.9141497345780707,0.9130514369394106]}
[Eval] Epoch:  11, Total:   5463, Accuracy : 0.9131, Loss: 0.6057
5463 4988 58.297609090805054
