pruned_2_0.03_model_0
DatasetDict({
    train: Dataset({
        features: ['question', 'sentence', 'label', 'indexes'],
        num_rows: 3142
    })
    validation: Dataset({
        features: ['question', 'sentence', 'label', 'indexes'],
        num_rows: 5463
    })
    test: Dataset({
        features: ['question', 'sentence', 'label', 'indexes'],
        num_rows: 5463
    })
})
[Train] Epoch:   0, Total:   3142, Accuracy : 0.9141, Loss: 0.4902
[Eval] Epoch:   0, Total:   5463, Accuracy : 0.5054, Loss: 1.7442
[Train] Epoch:   1, Total:   3142, Accuracy : 0.9596, Loss: 0.0066
[Eval] Epoch:   1, Total:   5463, Accuracy : 0.5054, Loss: 1.5090
[Train] Epoch:   2, Total:   3142, Accuracy : 0.9663, Loss: 0.0046
[Eval] Epoch:   2, Total:   5463, Accuracy : 0.6013, Loss: 0.8869
[Train] Epoch:   3, Total:   3142, Accuracy : 0.9784, Loss: 0.0021
[Eval] Epoch:   3, Total:   5463, Accuracy : 0.6169, Loss: 1.4465
[Train] Epoch:   4, Total:   3142, Accuracy : 0.9857, Loss: 0.0318
[Eval] Epoch:   4, Total:   5463, Accuracy : 0.6376, Loss: 1.3489
[Train] Epoch:   5, Total:   3142, Accuracy : 0.9879, Loss: 0.0224
[Eval] Epoch:   5, Total:   5463, Accuracy : 0.6238, Loss: 2.1468
[Train] Epoch:   6, Total:   3142, Accuracy : 0.9905, Loss: 0.0071
[Eval] Epoch:   6, Total:   5463, Accuracy : 0.6383, Loss: 1.9888
[Train] Epoch:   7, Total:   3142, Accuracy : 0.9952, Loss: 0.0007
[Eval] Epoch:   7, Total:   5463, Accuracy : 0.6280, Loss: 2.6428
[Train] Epoch:   8, Total:   3142, Accuracy : 0.9968, Loss: 0.0028
[Eval] Epoch:   8, Total:   5463, Accuracy : 0.6601, Loss: 1.9188
[Train] Epoch:   9, Total:   3142, Accuracy : 0.9981, Loss: 0.0005
[Eval] Epoch:   9, Total:   5463, Accuracy : 0.6566, Loss: 2.0710
[Train] Epoch:  10, Total:   3142, Accuracy : 0.9971, Loss: 0.0009
[Eval] Epoch:  10, Total:   5463, Accuracy : 0.6943, Loss: 1.5599
[Train] Epoch:  11, Total:   3142, Accuracy : 0.9955, Loss: 0.0003
[Eval] Epoch:  11, Total:   5463, Accuracy : 0.6442, Loss: 2.6825
[Train] Epoch:  12, Total:   3142, Accuracy : 0.9990, Loss: 0.0001
[Eval] Epoch:  12, Total:   5463, Accuracy : 0.6542, Loss: 3.2059
[Train] Epoch:  13, Total:   3142, Accuracy : 0.9990, Loss: 0.0001
[Eval] Epoch:  13, Total:   5463, Accuracy : 0.6623, Loss: 2.7663
[Train] Epoch:  14, Total:   3142, Accuracy : 0.9984, Loss: 0.0002
[Eval] Epoch:  14, Total:   5463, Accuracy : 0.6621, Loss: 2.1786
[Train] Epoch:  15, Total:   3142, Accuracy : 1.0000, Loss: 0.0001
[Eval] Epoch:  15, Total:   5463, Accuracy : 0.6526, Loss: 2.9104
[Train] Epoch:  16, Total:   3142, Accuracy : 0.9997, Loss: 0.0001
[Eval] Epoch:  16, Total:   5463, Accuracy : 0.6509, Loss: 3.0714
[Train] Epoch:  17, Total:   3142, Accuracy : 1.0000, Loss: 0.0001
[Eval] Epoch:  17, Total:   5463, Accuracy : 0.6489, Loss: 3.2436
[Train] Epoch:  18, Total:   3142, Accuracy : 1.0000, Loss: 0.0001
[Eval] Epoch:  18, Total:   5463, Accuracy : 0.6495, Loss: 3.2075
[Train] Epoch:  19, Total:   3142, Accuracy : 0.9997, Loss: 0.0001
[Eval] Epoch:  19, Total:   5463, Accuracy : 0.6526, Loss: 3.1046
{"epoch":[1,2,3,4,5,6,7,8,9,10,11,12,13,14,15,16,17,18,19,20],"train_loss":[0.3879410906136036,0.11659417855553329,0.07383631219156087,0.06380506587680429,0.05217908014543354,0.040310089779086414,0.03280512674944475,0.017922894571674987,0.010198790736030788,0.006585624074796214,0.012294857073575258,0.015355542572506238,0.004250714237714419,0.0044433706389099825,0.00945068454995635,0.00025234442320652304,0.000688904218695825,0.00010423064581118525,9.35006268991856e-5,0.0013421774753078354],"eval_loss":[1.5017311940359515,1.2128678601841594,1.0833651991777642,1.3217817759791086,1.3379557153513266,1.5579632430575614,1.6394585537356,1.9255520840023839,1.6529698046140893,1.7187006293341172,1.44609581869702,2.1977112182351046,2.5288667484771374,2.4519338108772457,1.982563042363455,2.4810417751933254,2.572265795497007,2.666784874228544,2.6594620887623277,2.619383689969085],"train_acc":[0.9140674729471674,0.9595798854232973,0.9662635264162953,0.9783577339274347,0.9856779121578613,0.9879057924888606,0.9904519414385742,0.9952259707192871,0.9968173138128581,0.9980903882877148,0.9971355824315723,0.9955442393380013,0.9990451941438574,0.9990451941438574,0.998408656906429,1.0,0.9996817313812858,1.0,1.0,0.9996817313812858],"eval_acc":[0.5053999633900788,0.5053999633900788,0.6013179571663921,0.6168771737140765,0.6375617792421746,0.6238330587589237,0.638293977667948,0.6280431997071206,0.6600768808347062,0.6565989383122827,0.6943071572396119,0.6441515650741351,0.6542192934285191,0.6622734761120264,0.662090426505583,0.6525718469705291,0.6509244005125389,0.6489108548416621,0.6494600036609921,0.6525718469705291]}
[Eval] Epoch:  11, Total:   5463, Accuracy : 0.6526, Loss: 3.1046
5463 3565 225.2669973373413
