pruned_1_0.25_model_0
DatasetDict({
    train: Dataset({
        features: ['question', 'sentence', 'label', 'indexes'],
        num_rows: 26176
    })
    validation: Dataset({
        features: ['question', 'sentence', 'label', 'indexes'],
        num_rows: 5463
    })
    test: Dataset({
        features: ['question', 'sentence', 'label', 'indexes'],
        num_rows: 5463
    })
})
[Train] Epoch:   0, Total:  26176, Accuracy : 0.7908, Loss: 0.4252
[Eval] Epoch:   0, Total:   5463, Accuracy : 0.8938, Loss: 0.4705
[Train] Epoch:   1, Total:  26176, Accuracy : 0.8909, Loss: 0.3595
[Eval] Epoch:   1, Total:   5463, Accuracy : 0.8913, Loss: 0.3551
[Train] Epoch:   2, Total:  26176, Accuracy : 0.9314, Loss: 0.0765
[Eval] Epoch:   2, Total:   5463, Accuracy : 0.9114, Loss: 0.4073
[Train] Epoch:   3, Total:  26176, Accuracy : 0.9569, Loss: 0.0686
[Eval] Epoch:   3, Total:   5463, Accuracy : 0.9017, Loss: 0.5388
[Train] Epoch:   4, Total:  26176, Accuracy : 0.9714, Loss: 0.0139
[Eval] Epoch:   4, Total:   5463, Accuracy : 0.9066, Loss: 0.7544
[Train] Epoch:   5, Total:  26176, Accuracy : 0.9803, Loss: 0.0806
[Eval] Epoch:   5, Total:   5463, Accuracy : 0.9032, Loss: 0.9626
[Train] Epoch:   6, Total:  26176, Accuracy : 0.9875, Loss: 0.0429
[Eval] Epoch:   6, Total:   5463, Accuracy : 0.9065, Loss: 1.1749
[Train] Epoch:   7, Total:  26176, Accuracy : 0.9901, Loss: 0.0014
[Eval] Epoch:   7, Total:   5463, Accuracy : 0.9059, Loss: 1.2683
[Train] Epoch:   8, Total:  26176, Accuracy : 0.9925, Loss: 0.0011
[Eval] Epoch:   8, Total:   5463, Accuracy : 0.9066, Loss: 1.2517
[Train] Epoch:   9, Total:  26176, Accuracy : 0.9934, Loss: 0.0032
[Eval] Epoch:   9, Total:   5463, Accuracy : 0.9081, Loss: 1.2794
[Train] Epoch:  10, Total:  26176, Accuracy : 0.9802, Loss: 0.0919
[Eval] Epoch:  10, Total:   5463, Accuracy : 0.9032, Loss: 0.6244
[Train] Epoch:  11, Total:  26176, Accuracy : 0.9798, Loss: 0.0419
[Eval] Epoch:  11, Total:   5463, Accuracy : 0.9001, Loss: 0.8079
[Train] Epoch:  12, Total:  26176, Accuracy : 0.9859, Loss: 0.0810
[Eval] Epoch:  12, Total:   5463, Accuracy : 0.9061, Loss: 0.6961
[Train] Epoch:  13, Total:  26176, Accuracy : 0.9896, Loss: 0.0056
[Eval] Epoch:  13, Total:   5463, Accuracy : 0.9006, Loss: 1.0650
[Train] Epoch:  14, Total:  26176, Accuracy : 0.9932, Loss: 0.0096
[Eval] Epoch:  14, Total:   5463, Accuracy : 0.9059, Loss: 0.9429
[Train] Epoch:  15, Total:  26176, Accuracy : 0.9951, Loss: 0.0004
[Eval] Epoch:  15, Total:   5463, Accuracy : 0.9039, Loss: 0.9578
[Train] Epoch:  16, Total:  26176, Accuracy : 0.9964, Loss: 0.0009
[Eval] Epoch:  16, Total:   5463, Accuracy : 0.9094, Loss: 1.1886
[Train] Epoch:  17, Total:  26176, Accuracy : 0.9979, Loss: 0.0001
[Eval] Epoch:  17, Total:   5463, Accuracy : 0.9103, Loss: 1.2135
[Train] Epoch:  18, Total:  26176, Accuracy : 0.9976, Loss: 0.1098
[Eval] Epoch:  18, Total:   5463, Accuracy : 0.9088, Loss: 1.0625
[Train] Epoch:  19, Total:  26176, Accuracy : 0.9977, Loss: 0.0001
[Eval] Epoch:  19, Total:   5463, Accuracy : 0.9105, Loss: 1.0873
{"epoch":[1,2,3,4,5,6,7,8,9,10,11,12,13,14,15,16,17,18,19,20],"train_loss":[0.4372919319529988,0.2728017580064701,0.18449904672200348,0.12438176101424292,0.08745624931144338,0.062178563092628036,0.04616432756223673,0.036416889589865095,0.028849537629368864,0.026760980079416186,0.0647656854768944,0.06473434932813422,0.04804326180153194,0.039077913499759476,0.02754067937179735,0.020325773995748805,0.01652037080035495,0.009509144367057116,0.011614275264933286,0.010488592791055103],"eval_loss":[0.2740186451132907,0.27682303515977635,0.24819358109041703,0.2855874732309996,0.32341030101443446,0.45447662394753724,0.4335099726828725,0.510773571424706,0.5174106631514638,0.5249512435565161,0.36938954014764275,0.4293886989701626,0.49441410566485205,0.5468552145500516,0.6278532199388327,0.668850974981175,0.6111245760044386,0.6817231793389764,0.6927158908788548,0.6891512496526851],"train_acc":[0.7907625305623472,0.890854217603912,0.9314257334963325,0.956945293398533,0.9714242053789731,0.9802872860635696,0.9875458435207825,0.9901054400977995,0.9925122249388753,0.9934290953545232,0.980210880195599,0.979752444987775,0.9859031173594132,0.9896088019559902,0.9931998777506112,0.9951100244498777,0.9963707212713936,0.9979370415647921,0.9975550122249389,0.9977460268948656],"eval_acc":[0.8938312282628592,0.8912685337726524,0.9114039904814205,0.9017023613399231,0.9066447007138935,0.9031667581914699,0.9064616511074501,0.90591250228812,0.9066447007138935,0.9081090975654402,0.9031667581914699,0.900054914881933,0.9060955518945635,0.900604063701263,0.90591250228812,0.9038989566172433,0.9093904448105437,0.9103056928427604,0.9088412959912137,0.9104887424492037]}
[Eval] Epoch:  11, Total:   5463, Accuracy : 0.9105, Loss: 1.0873
5463 4974 59.26700747013092
