pruned_1_0.2_model_0
DatasetDict({
    train: Dataset({
        features: ['question', 'sentence', 'label', 'indexes'],
        num_rows: 20945
    })
    validation: Dataset({
        features: ['question', 'sentence', 'label', 'indexes'],
        num_rows: 5463
    })
    test: Dataset({
        features: ['question', 'sentence', 'label', 'indexes'],
        num_rows: 5463
    })
})
[Train] Epoch:   0, Total:  20945, Accuracy : 0.7791, Loss: 0.2990
[Eval] Epoch:   0, Total:   5463, Accuracy : 0.8839, Loss: 0.3895
[Train] Epoch:   1, Total:  20945, Accuracy : 0.8931, Loss: 0.3618
[Eval] Epoch:   1, Total:   5463, Accuracy : 0.9017, Loss: 0.4475
[Train] Epoch:   2, Total:  20945, Accuracy : 0.9293, Loss: 0.2524
[Eval] Epoch:   2, Total:   5463, Accuracy : 0.8984, Loss: 0.4800
[Train] Epoch:   3, Total:  20945, Accuracy : 0.9545, Loss: 0.0297
[Eval] Epoch:   3, Total:   5463, Accuracy : 0.9077, Loss: 0.4716
[Train] Epoch:   4, Total:  20945, Accuracy : 0.9711, Loss: 0.1214
[Eval] Epoch:   4, Total:   5463, Accuracy : 0.9028, Loss: 0.6859
[Train] Epoch:   5, Total:  20945, Accuracy : 0.9798, Loss: 0.0095
[Eval] Epoch:   5, Total:   5463, Accuracy : 0.9066, Loss: 0.6924
[Train] Epoch:   6, Total:  20945, Accuracy : 0.9861, Loss: 0.3963
[Eval] Epoch:   6, Total:   5463, Accuracy : 0.9033, Loss: 0.6001
[Train] Epoch:   7, Total:  20945, Accuracy : 0.9896, Loss: 0.0012
[Eval] Epoch:   7, Total:   5463, Accuracy : 0.9077, Loss: 1.0009
[Train] Epoch:   8, Total:  20945, Accuracy : 0.9914, Loss: 0.0008
[Eval] Epoch:   8, Total:   5463, Accuracy : 0.9046, Loss: 0.9688
[Train] Epoch:   9, Total:  20945, Accuracy : 0.9930, Loss: 0.0026
[Eval] Epoch:   9, Total:   5463, Accuracy : 0.9057, Loss: 1.0463
[Train] Epoch:  10, Total:  20945, Accuracy : 0.9801, Loss: 0.4162
[Eval] Epoch:  10, Total:   5463, Accuracy : 0.9032, Loss: 0.8426
[Train] Epoch:  11, Total:  20945, Accuracy : 0.9796, Loss: 0.0018
[Eval] Epoch:  11, Total:   5463, Accuracy : 0.8980, Loss: 0.8993
[Train] Epoch:  12, Total:  20945, Accuracy : 0.9848, Loss: 0.1342
[Eval] Epoch:  12, Total:   5463, Accuracy : 0.9010, Loss: 0.8051
[Train] Epoch:  13, Total:  20945, Accuracy : 0.9877, Loss: 0.0023
[Eval] Epoch:  13, Total:   5463, Accuracy : 0.9043, Loss: 0.8424
[Train] Epoch:  14, Total:  20945, Accuracy : 0.9922, Loss: 0.0047
[Eval] Epoch:  14, Total:   5463, Accuracy : 0.9028, Loss: 1.0575
[Train] Epoch:  15, Total:  20945, Accuracy : 0.9942, Loss: 0.0001
[Eval] Epoch:  15, Total:   5463, Accuracy : 0.9092, Loss: 0.6489
[Train] Epoch:  16, Total:  20945, Accuracy : 0.9963, Loss: 0.0001
[Eval] Epoch:  16, Total:   5463, Accuracy : 0.9076, Loss: 0.5742
[Train] Epoch:  17, Total:  20945, Accuracy : 0.9980, Loss: 0.0001
[Eval] Epoch:  17, Total:   5463, Accuracy : 0.9083, Loss: 0.6623
[Train] Epoch:  18, Total:  20945, Accuracy : 0.9983, Loss: 0.0001
[Eval] Epoch:  18, Total:   5463, Accuracy : 0.9057, Loss: 0.7081
[Train] Epoch:  19, Total:  20945, Accuracy : 0.9980, Loss: 0.0000
[Eval] Epoch:  19, Total:   5463, Accuracy : 0.9066, Loss: 0.7368
{"epoch":[1,2,3,4,5,6,7,8,9,10,11,12,13,14,15,16,17,18,19,20],"train_loss":[0.4472472913018087,0.27678098350127295,0.1961015880039734,0.13223469448730168,0.09279691179640727,0.06927567923430172,0.05120243048813569,0.03869298900897819,0.03548808228444569,0.027721289293655967,0.06951479140417821,0.064572806914107,0.05479817591709079,0.04379294496725268,0.029936122097063984,0.024004196949712557,0.015162388808254568,0.0071829402000264785,0.006297904615044766,0.009510647321243728],"eval_loss":[0.27979557337455974,0.2955678389949161,0.2686691134301729,0.28702203318649944,0.3650497228426989,0.36072303519345994,0.4386416748057791,0.5118644380898669,0.5319566188683343,0.5309811521234901,0.45008479760483255,0.5467013788604459,0.5576501172252519,0.4901061196226713,0.610710451855909,0.632229340717543,0.6962731877385184,0.7494678055477697,0.7762801966001821,0.7731666577070259],"train_acc":[0.7791358319407973,0.8930532346622105,0.9293387443303891,0.9545476247314395,0.9711148245404632,0.9798042492241585,0.9860587252327524,0.9896395321079017,0.9913583194079733,0.9930293626163762,0.9801384578658391,0.9796132728574839,0.9848173788493674,0.9876820243494867,0.9921699689663405,0.9942229649080926,0.9962759608498448,0.9979947481499164,0.9982812126999284,0.9979947481499164],"eval_acc":[0.8839465495149186,0.9017023613399231,0.8984074684239429,0.9077429983525536,0.9028006589785832,0.9066447007138935,0.9033498077979132,0.9077429983525536,0.9046311550430166,0.9057294526816767,0.9031667581914699,0.8980413692110562,0.9009701629141498,0.90426505583013,0.9028006589785832,0.9092073952041003,0.9075599487461102,0.9082921471718836,0.9057294526816767,0.9066447007138935]}
[Eval] Epoch:  11, Total:   5463, Accuracy : 0.9066, Loss: 0.7368
5463 4953 66.49233256280422
