pruned_3_0.05_model_0
DatasetDict({
    train: Dataset({
        features: ['question', 'sentence', 'label', 'indexes'],
        num_rows: 5237
    })
    validation: Dataset({
        features: ['question', 'sentence', 'label', 'indexes'],
        num_rows: 5463
    })
    test: Dataset({
        features: ['question', 'sentence', 'label', 'indexes'],
        num_rows: 5463
    })
})
[Train] Epoch:   0, Total:   5237, Accuracy : 0.6034, Loss: 0.4616
[Eval] Epoch:   0, Total:   5463, Accuracy : 0.8320, Loss: 0.3953
[Train] Epoch:   1, Total:   5237, Accuracy : 0.8211, Loss: 0.4059
[Eval] Epoch:   1, Total:   5463, Accuracy : 0.8111, Loss: 0.3983
[Train] Epoch:   2, Total:   5237, Accuracy : 0.8843, Loss: 0.2751
[Eval] Epoch:   2, Total:   5463, Accuracy : 0.8768, Loss: 0.5046
[Train] Epoch:   3, Total:   5237, Accuracy : 0.9251, Loss: 0.0916
[Eval] Epoch:   3, Total:   5463, Accuracy : 0.8796, Loss: 0.5146
[Train] Epoch:   4, Total:   5237, Accuracy : 0.9475, Loss: 0.2226
[Eval] Epoch:   4, Total:   5463, Accuracy : 0.8839, Loss: 0.4573
[Train] Epoch:   5, Total:   5237, Accuracy : 0.9637, Loss: 0.1144
[Eval] Epoch:   5, Total:   5463, Accuracy : 0.8836, Loss: 0.5725
[Train] Epoch:   6, Total:   5237, Accuracy : 0.9780, Loss: 0.0857
[Eval] Epoch:   6, Total:   5463, Accuracy : 0.8828, Loss: 0.5125
[Train] Epoch:   7, Total:   5237, Accuracy : 0.9805, Loss: 0.0103
[Eval] Epoch:   7, Total:   5463, Accuracy : 0.8817, Loss: 0.7080
[Train] Epoch:   8, Total:   5237, Accuracy : 0.9851, Loss: 0.1332
[Eval] Epoch:   8, Total:   5463, Accuracy : 0.8834, Loss: 0.7459
[Train] Epoch:   9, Total:   5237, Accuracy : 0.9870, Loss: 0.1064
[Eval] Epoch:   9, Total:   5463, Accuracy : 0.8836, Loss: 0.7533
[Train] Epoch:  10, Total:   5237, Accuracy : 0.9754, Loss: 0.1775
[Eval] Epoch:  10, Total:   5463, Accuracy : 0.8735, Loss: 1.1093
[Train] Epoch:  11, Total:   5237, Accuracy : 0.9731, Loss: 0.0642
[Eval] Epoch:  11, Total:   5463, Accuracy : 0.8715, Loss: 0.7311
[Train] Epoch:  12, Total:   5237, Accuracy : 0.9805, Loss: 0.0506
[Eval] Epoch:  12, Total:   5463, Accuracy : 0.8755, Loss: 0.9210
[Train] Epoch:  13, Total:   5237, Accuracy : 0.9842, Loss: 0.0381
[Eval] Epoch:  13, Total:   5463, Accuracy : 0.8755, Loss: 0.9019
[Train] Epoch:  14, Total:   5237, Accuracy : 0.9897, Loss: 0.0294
[Eval] Epoch:  14, Total:   5463, Accuracy : 0.8702, Loss: 1.4342
[Train] Epoch:  15, Total:   5237, Accuracy : 0.9927, Loss: 0.0005
[Eval] Epoch:  15, Total:   5463, Accuracy : 0.8741, Loss: 1.3224
[Train] Epoch:  16, Total:   5237, Accuracy : 0.9948, Loss: 0.0272
[Eval] Epoch:  16, Total:   5463, Accuracy : 0.8803, Loss: 1.6135
[Train] Epoch:  17, Total:   5237, Accuracy : 0.9977, Loss: 0.0021
[Eval] Epoch:  17, Total:   5463, Accuracy : 0.8816, Loss: 1.4971
[Train] Epoch:  18, Total:   5237, Accuracy : 0.9966, Loss: 0.0003
[Eval] Epoch:  18, Total:   5463, Accuracy : 0.8788, Loss: 1.3746
[Train] Epoch:  19, Total:   5237, Accuracy : 0.9966, Loss: 0.0002
[Eval] Epoch:  19, Total:   5463, Accuracy : 0.8807, Loss: 1.4728
{"epoch":[1,2,3,4,5,6,7,8,9,10,11,12,13,14,15,16,17,18,19,20],"train_loss":[0.6390227206596514,0.41788221459563185,0.31325575454932886,0.2194738100941588,0.15913984747376383,0.1169010013251043,0.07897521308396102,0.069604132580003,0.05734366809994709,0.05051548312213726,0.08685347448364354,0.09137839855762517,0.05793558647458601,0.05485114716589678,0.035874946165699285,0.024464581637336624,0.01893345698240077,0.009953240425824244,0.011198795986718146,0.00982963668555873],"eval_loss":[0.39507259289885677,0.45092796066472696,0.31552632620861365,0.3432058988268985,0.3559753087370895,0.42409390670269037,0.41798410339410913,0.479674901726634,0.5095295994434246,0.5129107403200727,0.5246206360847451,0.5086296860908353,0.6136146068226459,0.594708540585152,0.7762840275847634,0.8170908367217973,0.8493324163001638,0.8532998048981955,0.8694462096968363,0.8610510236995165],"train_acc":[0.6033988924957037,0.8210807714340271,0.8842848959327859,0.9251479854878747,0.9474890204315448,0.9637196868436128,0.9780408630895551,0.9805232003055184,0.98510597670422,0.9870154668703456,0.9753675768569792,0.9730761886576285,0.9805232003055184,0.9841512316211571,0.9896887531029215,0.9927439373687226,0.9948443765514607,0.9977086118006492,0.9965629177009738,0.9965629177009738],"eval_acc":[0.8319604612850082,0.8110928061504667,0.876807614863628,0.8795533589602782,0.8839465495149186,0.8835804503020318,0.8828482518762585,0.8817499542375984,0.8833974006955885,0.8835804503020318,0.8735127219476478,0.871499176276771,0.8755262676185246,0.8755262676185246,0.8702178290316676,0.8740618707669778,0.8802855573860516,0.8815669046311551,0.8788211605345049,0.8806516565989383]}
[Eval] Epoch:  11, Total:   5463, Accuracy : 0.8807, Loss: 1.4728
5463 4811 74.05038803815842
