pruned_2_0.02_model_0
DatasetDict({
    train: Dataset({
        features: ['question', 'sentence', 'label', 'indexes'],
        num_rows: 2094
    })
    validation: Dataset({
        features: ['question', 'sentence', 'label', 'indexes'],
        num_rows: 5463
    })
    test: Dataset({
        features: ['question', 'sentence', 'label', 'indexes'],
        num_rows: 5463
    })
})
[Train] Epoch:   0, Total:   2094, Accuracy : 0.7011, Loss: 0.1732
[Eval] Epoch:   0, Total:   5463, Accuracy : 0.5054, Loss: 1.5865
[Train] Epoch:   1, Total:   2094, Accuracy : 0.9704, Loss: 0.0836
[Eval] Epoch:   1, Total:   5463, Accuracy : 0.5054, Loss: 1.6351
[Train] Epoch:   2, Total:   2094, Accuracy : 0.9704, Loss: 0.0071
[Eval] Epoch:   2, Total:   5463, Accuracy : 0.5054, Loss: 2.2148
[Train] Epoch:   3, Total:   2094, Accuracy : 0.9747, Loss: 0.0745
[Eval] Epoch:   3, Total:   5463, Accuracy : 0.5224, Loss: 1.9277
[Train] Epoch:   4, Total:   2094, Accuracy : 0.9862, Loss: 0.0700
[Eval] Epoch:   4, Total:   5463, Accuracy : 0.5323, Loss: 1.8027
[Train] Epoch:   5, Total:   2094, Accuracy : 0.9895, Loss: 0.0083
[Eval] Epoch:   5, Total:   5463, Accuracy : 0.5340, Loss: 2.1649
[Train] Epoch:   6, Total:   2094, Accuracy : 0.9919, Loss: 0.0332
[Eval] Epoch:   6, Total:   5463, Accuracy : 0.5321, Loss: 2.4825
[Train] Epoch:   7, Total:   2094, Accuracy : 0.9957, Loss: 0.0030
[Eval] Epoch:   7, Total:   5463, Accuracy : 0.5415, Loss: 2.5208
[Train] Epoch:   8, Total:   2094, Accuracy : 0.9952, Loss: 0.0051
[Eval] Epoch:   8, Total:   5463, Accuracy : 0.5365, Loss: 2.7882
[Train] Epoch:   9, Total:   2094, Accuracy : 0.9967, Loss: 0.0015
[Eval] Epoch:   9, Total:   5463, Accuracy : 0.5416, Loss: 2.6440
[Train] Epoch:  10, Total:   2094, Accuracy : 0.9971, Loss: 0.0019
[Eval] Epoch:  10, Total:   5463, Accuracy : 0.5568, Loss: 2.4346
[Train] Epoch:  11, Total:   2094, Accuracy : 0.9962, Loss: 0.0024
[Eval] Epoch:  11, Total:   5463, Accuracy : 0.5391, Loss: 2.7580
[Train] Epoch:  12, Total:   2094, Accuracy : 0.9967, Loss: 0.0608
[Eval] Epoch:  12, Total:   5463, Accuracy : 0.5420, Loss: 3.2462
[Train] Epoch:  13, Total:   2094, Accuracy : 0.9976, Loss: 0.0004
[Eval] Epoch:  13, Total:   5463, Accuracy : 0.5449, Loss: 3.2393
[Train] Epoch:  14, Total:   2094, Accuracy : 0.9990, Loss: 0.0003
[Eval] Epoch:  14, Total:   5463, Accuracy : 0.5491, Loss: 4.0135
[Train] Epoch:  15, Total:   2094, Accuracy : 1.0000, Loss: 0.0002
[Eval] Epoch:  15, Total:   5463, Accuracy : 0.5528, Loss: 3.7242
[Train] Epoch:  16, Total:   2094, Accuracy : 1.0000, Loss: 0.0002
[Eval] Epoch:  16, Total:   5463, Accuracy : 0.5524, Loss: 3.6947
[Train] Epoch:  17, Total:   2094, Accuracy : 1.0000, Loss: 0.0001
[Eval] Epoch:  17, Total:   5463, Accuracy : 0.5526, Loss: 3.7185
[Train] Epoch:  18, Total:   2094, Accuracy : 1.0000, Loss: 0.0001
[Eval] Epoch:  18, Total:   5463, Accuracy : 0.5524, Loss: 3.7772
[Train] Epoch:  19, Total:   2094, Accuracy : 1.0000, Loss: 0.0002
[Eval] Epoch:  19, Total:   5463, Accuracy : 0.5524, Loss: 3.7815
{"epoch":[1,2,3,4,5,6,7,8,9,10,11,12,13,14,15,16,17,18,19,20],"train_loss":[0.5466361786379959,0.1291608935165586,0.08808500473528649,0.06340775448320941,0.045392526631158864,0.03685352262321182,0.02716079451651736,0.017739268958173467,0.01863075217768324,0.01479243854357099,0.012771463776571733,0.014241758587586723,0.01077769158820791,0.011108584706865562,0.002011657162008553,0.00027569290382829917,0.00021393625436096707,0.00016648123908618635,0.00017548337332713842,0.0001569757944459773],"eval_loss":[1.384732843138451,1.460188428329867,1.7080949482529661,1.670007377169853,1.4900468331436778,1.824410614579223,2.10367541812187,2.112718429676322,2.417788025944732,2.3043954081313553,2.1387614566226336,2.303547734437987,3.0405525190885676,3.0694939591163815,3.3111174272936443,3.308066259982974,3.3286839792894765,3.3532412412554717,3.392291462698648,3.395013507022414],"train_acc":[0.7010506208213945,0.9703915950334289,0.9703915950334289,0.9746895893027698,0.9861509073543457,0.9894937917860553,0.9918815663801337,0.995702005730659,0.9952244508118434,0.9966571155682904,0.997134670487106,0.9961795606494747,0.9966571155682904,0.9976122254059216,0.9990448901623686,1.0,1.0,1.0,1.0,1.0],"eval_acc":[0.5053999633900788,0.5053999633900788,0.5053999633900788,0.52242357678931,0.5323082555372506,0.5339557019952407,0.5321252059308073,0.5414607358594179,0.5365183964854475,0.5416437854658612,0.556836902800659,0.5390810909756544,0.5420098846787479,0.5449386783818415,0.5491488193300385,0.5528098114589054,0.5524437122460186,0.5526267618524621,0.5524437122460186,0.5524437122460186]}
[Eval] Epoch:  11, Total:   5463, Accuracy : 0.5524, Loss: 3.7815
5463 3018 291.9711616039276
