pruned_3_0.25_model_0
DatasetDict({
    train: Dataset({
        features: ['question', 'sentence', 'label', 'indexes'],
        num_rows: 26185
    })
    validation: Dataset({
        features: ['question', 'sentence', 'label', 'indexes'],
        num_rows: 5463
    })
    test: Dataset({
        features: ['question', 'sentence', 'label', 'indexes'],
        num_rows: 5463
    })
})
[Train] Epoch:   0, Total:  26185, Accuracy : 0.7807, Loss: 0.5736
[Eval] Epoch:   0, Total:   5463, Accuracy : 0.8982, Loss: 0.4261
[Train] Epoch:   1, Total:  26185, Accuracy : 0.8889, Loss: 0.0707
[Eval] Epoch:   1, Total:   5463, Accuracy : 0.9087, Loss: 0.3721
[Train] Epoch:   2, Total:  26185, Accuracy : 0.9278, Loss: 0.1200
[Eval] Epoch:   2, Total:   5463, Accuracy : 0.9072, Loss: 0.4722
[Train] Epoch:   3, Total:  26185, Accuracy : 0.9510, Loss: 0.0525
[Eval] Epoch:   3, Total:   5463, Accuracy : 0.9087, Loss: 0.5338
[Train] Epoch:   4, Total:  26185, Accuracy : 0.9664, Loss: 0.0492
[Eval] Epoch:   4, Total:   5463, Accuracy : 0.9114, Loss: 0.5535
[Train] Epoch:   5, Total:  26185, Accuracy : 0.9765, Loss: 0.0064
[Eval] Epoch:   5, Total:   5463, Accuracy : 0.9123, Loss: 0.8043
[Train] Epoch:   6, Total:  26185, Accuracy : 0.9831, Loss: 0.0069
[Eval] Epoch:   6, Total:   5463, Accuracy : 0.9118, Loss: 0.9377
[Train] Epoch:   7, Total:  26185, Accuracy : 0.9873, Loss: 0.0033
[Eval] Epoch:   7, Total:   5463, Accuracy : 0.9123, Loss: 0.9626
[Train] Epoch:   8, Total:  26185, Accuracy : 0.9891, Loss: 0.0025
[Eval] Epoch:   8, Total:   5463, Accuracy : 0.9114, Loss: 0.9850
[Train] Epoch:   9, Total:  26185, Accuracy : 0.9899, Loss: 0.0053
[Eval] Epoch:   9, Total:   5463, Accuracy : 0.9116, Loss: 0.9836
[Train] Epoch:  10, Total:  26185, Accuracy : 0.9758, Loss: 0.0056
[Eval] Epoch:  10, Total:   5463, Accuracy : 0.8933, Loss: 0.8525
[Train] Epoch:  11, Total:  26185, Accuracy : 0.9766, Loss: 0.0033
[Eval] Epoch:  11, Total:   5463, Accuracy : 0.9059, Loss: 0.7408
[Train] Epoch:  12, Total:  26185, Accuracy : 0.9823, Loss: 0.0086
[Eval] Epoch:  12, Total:   5463, Accuracy : 0.9043, Loss: 1.0042
[Train] Epoch:  13, Total:  26185, Accuracy : 0.9843, Loss: 0.0058
[Eval] Epoch:  13, Total:   5463, Accuracy : 0.9023, Loss: 1.0550
[Train] Epoch:  14, Total:  26185, Accuracy : 0.9896, Loss: 0.0006
[Eval] Epoch:  14, Total:   5463, Accuracy : 0.9116, Loss: 1.0987
[Train] Epoch:  15, Total:  26185, Accuracy : 0.9926, Loss: 0.0013
[Eval] Epoch:  15, Total:   5463, Accuracy : 0.9134, Loss: 1.1977
[Train] Epoch:  16, Total:  26185, Accuracy : 0.9942, Loss: 0.0002
[Eval] Epoch:  16, Total:   5463, Accuracy : 0.9149, Loss: 1.7070
[Train] Epoch:  17, Total:  26185, Accuracy : 0.9963, Loss: 0.0004
[Eval] Epoch:  17, Total:   5463, Accuracy : 0.9120, Loss: 1.7262
[Train] Epoch:  18, Total:  26185, Accuracy : 0.9973, Loss: 0.0001
[Eval] Epoch:  18, Total:   5463, Accuracy : 0.9149, Loss: 1.8044
[Train] Epoch:  19, Total:  26185, Accuracy : 0.9974, Loss: 0.0003
[Eval] Epoch:  19, Total:   5463, Accuracy : 0.9156, Loss: 1.8268
{"epoch":[1,2,3,4,5,6,7,8,9,10,11,12,13,14,15,16,17,18,19,20],"train_loss":[0.45619047843828436,0.289891232895415,0.2079850793157409,0.1474250655348708,0.10838697161525487,0.08339666559519927,0.06258884204108632,0.0495028103849419,0.04480982376546486,0.04117062592754004,0.08360141496139965,0.07678887839343898,0.06639501485695336,0.05764254789228733,0.0407261536609972,0.030706058951838668,0.023621305670743956,0.01517874794201528,0.010964331858370471,0.010109895019647921],"eval_loss":[0.26291110089351966,0.2624970848650433,0.24784122953234716,0.28483381659485574,0.3073836495709974,0.3575314292900784,0.40882252347330716,0.43885974464721456,0.4627579054686912,0.46132659227695577,0.41929725600883017,0.4233643415189067,0.430650052809438,0.44596647479852963,0.5136351136620655,0.5088312317465626,0.5861795976064926,0.638997609185618,0.6450221983845844,0.6500112624015919],"train_acc":[0.7806759595188085,0.8888676723314874,0.9277830819171281,0.951002482337216,0.9663547832728662,0.976475081153332,0.9830819171281268,0.9873209852969257,0.9890777162497613,0.9898797021195341,0.9757876646935268,0.9766278403666221,0.982279931258354,0.9843421806377697,0.989574183692954,0.99255298835211,0.994195149894978,0.9963337788810388,0.9972885239641016,0.9974412831773917],"eval_acc":[0.8982244188174996,0.9086582463847702,0.9071938495332235,0.9086582463847702,0.9114039904814205,0.9123192385136372,0.9117700896943072,0.9123192385136372,0.9114039904814205,0.9115870400878638,0.8932820794435292,0.90591250228812,0.90426505583013,0.9022515101592532,0.9115870400878638,0.9134175361522973,0.914881933003844,0.9119531393007505,0.914881933003844,0.9156141314296175]}
[Eval] Epoch:  11, Total:   5463, Accuracy : 0.9156, Loss: 1.8268
5463 5002 55.9009685665369
