pruned_2_0.4_model_0
DatasetDict({
    train: Dataset({
        features: ['question', 'sentence', 'label', 'indexes'],
        num_rows: 41897
    })
    validation: Dataset({
        features: ['question', 'sentence', 'label', 'indexes'],
        num_rows: 5463
    })
    test: Dataset({
        features: ['question', 'sentence', 'label', 'indexes'],
        num_rows: 5463
    })
})
[Train] Epoch:   0, Total:  41897, Accuracy : 0.8309, Loss: 0.3900
[Eval] Epoch:   0, Total:   5463, Accuracy : 0.8977, Loss: 0.5497
[Train] Epoch:   1, Total:  41897, Accuracy : 0.9028, Loss: 0.4200
[Eval] Epoch:   1, Total:   5463, Accuracy : 0.9037, Loss: 0.5962
[Train] Epoch:   2, Total:  41897, Accuracy : 0.9375, Loss: 0.0637
[Eval] Epoch:   2, Total:   5463, Accuracy : 0.9061, Loss: 0.4191
[Train] Epoch:   3, Total:  41897, Accuracy : 0.9621, Loss: 0.1974
[Eval] Epoch:   3, Total:   5463, Accuracy : 0.9057, Loss: 0.6646
[Train] Epoch:   4, Total:  41897, Accuracy : 0.9746, Loss: 0.0246
[Eval] Epoch:   4, Total:   5463, Accuracy : 0.9112, Loss: 0.5594
[Train] Epoch:   5, Total:  41897, Accuracy : 0.9828, Loss: 0.0708
[Eval] Epoch:   5, Total:   5463, Accuracy : 0.9072, Loss: 0.6853
[Train] Epoch:   6, Total:  41897, Accuracy : 0.9892, Loss: 0.0087
[Eval] Epoch:   6, Total:   5463, Accuracy : 0.9083, Loss: 0.5293
[Train] Epoch:   7, Total:  41897, Accuracy : 0.9919, Loss: 0.0012
[Eval] Epoch:   7, Total:   5463, Accuracy : 0.9083, Loss: 0.5353
[Train] Epoch:   8, Total:  41897, Accuracy : 0.9938, Loss: 0.0010
[Eval] Epoch:   8, Total:   5463, Accuracy : 0.9105, Loss: 0.4747
[Train] Epoch:   9, Total:  41897, Accuracy : 0.9950, Loss: 0.0018
[Eval] Epoch:   9, Total:   5463, Accuracy : 0.9099, Loss: 0.4962
[Train] Epoch:  10, Total:  41897, Accuracy : 0.9806, Loss: 0.0219
[Eval] Epoch:  10, Total:   5463, Accuracy : 0.9055, Loss: 0.8811
[Train] Epoch:  11, Total:  41897, Accuracy : 0.9811, Loss: 0.0071
[Eval] Epoch:  11, Total:   5463, Accuracy : 0.9087, Loss: 0.3800
[Train] Epoch:  12, Total:  41897, Accuracy : 0.9867, Loss: 0.0008
[Eval] Epoch:  12, Total:   5463, Accuracy : 0.9012, Loss: 1.0238
[Train] Epoch:  13, Total:  41897, Accuracy : 0.9904, Loss: 0.0990
[Eval] Epoch:  13, Total:   5463, Accuracy : 0.9021, Loss: 0.6790
[Train] Epoch:  14, Total:  41897, Accuracy : 0.9919, Loss: 0.0178
[Eval] Epoch:  14, Total:   5463, Accuracy : 0.9136, Loss: 0.7265
[Train] Epoch:  15, Total:  41897, Accuracy : 0.9952, Loss: 0.0003
[Eval] Epoch:  15, Total:   5463, Accuracy : 0.9127, Loss: 0.8860
[Train] Epoch:  16, Total:  41897, Accuracy : 0.9972, Loss: 0.0002
[Eval] Epoch:  16, Total:   5463, Accuracy : 0.9121, Loss: 0.8308
[Train] Epoch:  17, Total:  41897, Accuracy : 0.9979, Loss: 0.0001
[Eval] Epoch:  17, Total:   5463, Accuracy : 0.9145, Loss: 1.0452
[Train] Epoch:  18, Total:  41897, Accuracy : 0.9979, Loss: 0.0001
[Eval] Epoch:  18, Total:   5463, Accuracy : 0.9149, Loss: 1.0481
[Train] Epoch:  19, Total:  41897, Accuracy : 0.9985, Loss: 0.0001
[Eval] Epoch:  19, Total:   5463, Accuracy : 0.9143, Loss: 1.0689
{"epoch":[1,2,3,4,5,6,7,8,9,10,11,12,13,14,15,16,17,18,19,20],"train_loss":[0.36359728383653944,0.22881159524198708,0.15838119247714982,0.10556727849686419,0.07586882509938121,0.05532439230863034,0.03915056809276442,0.03197544736615276,0.024705899342048542,0.020566194083626945,0.06326069752956769,0.059802305072240304,0.0459164772451969,0.03716663710465513,0.03074803527769853,0.020094714174946886,0.012379880739083355,0.009758035906598074,0.009775751186230395,0.006750179649274468],"eval_loss":[0.26982221752405167,0.2523511196811532,0.24691864839473435,0.3086533271815888,0.3346104510128498,0.44845213252661187,0.46505302195112375,0.481736870352612,0.5012208778671053,0.5101401455440494,0.47776387237705464,0.3632362958390352,0.5487614936346925,0.5508266545258202,0.4735968672605448,0.6034408427428367,0.6226022885895746,0.6905147690876917,0.6773049135876517,0.6723191543038242],"train_acc":[0.8308948134711316,0.9027615342387283,0.937465689667518,0.9621213929398287,0.974628255006325,0.982791130629878,0.9892355061221567,0.9918848604912046,0.9937943050815095,0.9949877079504499,0.9805952693510275,0.9810964985559826,0.9867293600973817,0.9904289089910973,0.9919325966059622,0.9952263885242381,0.997231305344058,0.9978996109506647,0.9979234790080436,0.9984724443277562],"eval_acc":[0.8976752699981695,0.9037159070108,0.9060955518945635,0.9057294526816767,0.9112209408749771,0.9071938495332235,0.9082921471718836,0.9082921471718836,0.9104887424492037,0.9099395936298736,0.9055464030752334,0.9086582463847702,0.9011532125205931,0.9020684605528098,0.9136005857587406,0.9126853377265239,0.9121361889071938,0.9145158337909574,0.914881933003844,0.914332784184514]}
[Eval] Epoch:  11, Total:   5463, Accuracy : 0.9143, Loss: 1.0689
5463 4995 57.819447270128876
