pruned_1_0.1_model_0
DatasetDict({
    train: Dataset({
        features: ['question', 'sentence', 'label', 'indexes'],
        num_rows: 10476
    })
    validation: Dataset({
        features: ['question', 'sentence', 'label', 'indexes'],
        num_rows: 5463
    })
    test: Dataset({
        features: ['question', 'sentence', 'label', 'indexes'],
        num_rows: 5463
    })
})
[Train] Epoch:   0, Total:  10476, Accuracy : 0.7126, Loss: 0.3582
[Eval] Epoch:   0, Total:   5463, Accuracy : 0.8263, Loss: 0.6343
[Train] Epoch:   1, Total:  10476, Accuracy : 0.8661, Loss: 0.4898
[Eval] Epoch:   1, Total:   5463, Accuracy : 0.8728, Loss: 0.5284
[Train] Epoch:   2, Total:  10476, Accuracy : 0.9122, Loss: 0.3492
[Eval] Epoch:   2, Total:   5463, Accuracy : 0.8900, Loss: 0.4375
[Train] Epoch:   3, Total:  10476, Accuracy : 0.9452, Loss: 0.2344
[Eval] Epoch:   3, Total:   5463, Accuracy : 0.8838, Loss: 0.5249
[Train] Epoch:   4, Total:  10476, Accuracy : 0.9641, Loss: 0.0982
[Eval] Epoch:   4, Total:   5463, Accuracy : 0.8893, Loss: 0.3604
[Train] Epoch:   5, Total:  10476, Accuracy : 0.9757, Loss: 0.1307
[Eval] Epoch:   5, Total:   5463, Accuracy : 0.8925, Loss: 0.4460
[Train] Epoch:   6, Total:  10476, Accuracy : 0.9832, Loss: 0.1921
[Eval] Epoch:   6, Total:   5463, Accuracy : 0.8920, Loss: 0.8015
[Train] Epoch:   7, Total:  10476, Accuracy : 0.9891, Loss: 0.1582
[Eval] Epoch:   7, Total:   5463, Accuracy : 0.8944, Loss: 0.5549
[Train] Epoch:   8, Total:  10476, Accuracy : 0.9918, Loss: 0.0061
[Eval] Epoch:   8, Total:   5463, Accuracy : 0.8927, Loss: 0.5801
[Train] Epoch:   9, Total:  10476, Accuracy : 0.9910, Loss: 0.0043
[Eval] Epoch:   9, Total:   5463, Accuracy : 0.8944, Loss: 0.5788
[Train] Epoch:  10, Total:  10476, Accuracy : 0.9826, Loss: 0.1040
[Eval] Epoch:  10, Total:   5463, Accuracy : 0.8755, Loss: 0.4677
[Train] Epoch:  11, Total:  10476, Accuracy : 0.9786, Loss: 0.0132
[Eval] Epoch:  11, Total:   5463, Accuracy : 0.8731, Loss: 0.5626
[Train] Epoch:  12, Total:  10476, Accuracy : 0.9837, Loss: 0.0153
[Eval] Epoch:  12, Total:   5463, Accuracy : 0.8827, Loss: 0.5973
[Train] Epoch:  13, Total:  10476, Accuracy : 0.9876, Loss: 0.0105
[Eval] Epoch:  13, Total:   5463, Accuracy : 0.8896, Loss: 0.7711
[Train] Epoch:  14, Total:  10476, Accuracy : 0.9920, Loss: 0.0011
[Eval] Epoch:  14, Total:   5463, Accuracy : 0.8865, Loss: 1.2401
[Train] Epoch:  15, Total:  10476, Accuracy : 0.9954, Loss: 0.0024
[Eval] Epoch:  15, Total:   5463, Accuracy : 0.8924, Loss: 1.2104
[Train] Epoch:  16, Total:  10476, Accuracy : 0.9966, Loss: 0.0002
[Eval] Epoch:  16, Total:   5463, Accuracy : 0.8962, Loss: 1.1887
[Train] Epoch:  17, Total:  10476, Accuracy : 0.9969, Loss: 0.0001
[Eval] Epoch:  17, Total:   5463, Accuracy : 0.8960, Loss: 1.2049
[Train] Epoch:  18, Total:  10476, Accuracy : 0.9979, Loss: 0.0003
[Eval] Epoch:  18, Total:   5463, Accuracy : 0.8944, Loss: 1.0019
[Train] Epoch:  19, Total:  10476, Accuracy : 0.9982, Loss: 0.0002
[Eval] Epoch:  19, Total:   5463, Accuracy : 0.8938, Loss: 1.0068
{"epoch":[1,2,3,4,5,6,7,8,9,10,11,12,13,14,15,16,17,18,19,20],"train_loss":[0.5314986029776131,0.3319544781726308,0.24051764080437218,0.16318578098151015,0.1129940683703597,0.08021115887876056,0.05648529431612299,0.04244415402673639,0.032652016858309055,0.03471831272628794,0.06539196358488236,0.07098034933697796,0.05977241976169597,0.048923822972361315,0.03366962675712917,0.019014965287812918,0.015402073644952729,0.01398921629684415,0.007873227255913662,0.009340918004632041],"eval_loss":[0.4067655134686204,0.2941237610093383,0.30960323964787084,0.3930181240619615,0.34996551569811135,0.46434467077948327,0.5088692676535872,0.5414422528688297,0.5706566925658736,0.5617582169902879,0.4968198236337928,0.592901115673919,0.6239165904563527,0.6863152630800424,0.6999704106602558,0.7207510755505673,0.7362071802449781,0.7713337771074716,0.780279393806014,0.7803557095832603],"train_acc":[0.7125811378388698,0.8660748377243223,0.912180221458572,0.9452080946926308,0.9641084383352425,0.9756586483390607,0.9831996945399007,0.9891179839633448,0.9917907598319969,0.9910271095838106,0.982626956853761,0.9786177930507828,0.9836769759450171,0.9875906834669721,0.9919816723940436,0.995418098510882,0.9965635738831615,0.9969453990072547,0.9978999618174876,0.9981863306605575],"eval_acc":[0.8262859234852645,0.8727805235218744,0.8899871865275489,0.8837634999084752,0.8892549881017756,0.8925498810177558,0.8920007321984258,0.8943803770821893,0.8927329306241991,0.8943803770821893,0.8755262676185246,0.8731466227347611,0.8826652022698152,0.8896210873146623,0.8865092440051254,0.8923668314113125,0.8962108731466227,0.8960278235401794,0.8943803770821893,0.8938312282628592]}
[Eval] Epoch:  11, Total:   5463, Accuracy : 0.8938, Loss: 1.0068
5463 4883 67.11059102416039
