pruned_3_0.5_model_0
DatasetDict({
    train: Dataset({
        features: ['question', 'sentence', 'label', 'indexes'],
        num_rows: 52371
    })
    validation: Dataset({
        features: ['question', 'sentence', 'label', 'indexes'],
        num_rows: 5463
    })
    test: Dataset({
        features: ['question', 'sentence', 'label', 'indexes'],
        num_rows: 5463
    })
})
[Train] Epoch:   0, Total:  52371, Accuracy : 0.8269, Loss: 0.1016
[Eval] Epoch:   0, Total:   5463, Accuracy : 0.9050, Loss: 0.4518
[Train] Epoch:   1, Total:  52371, Accuracy : 0.9049, Loss: 0.2120
[Eval] Epoch:   1, Total:   5463, Accuracy : 0.9196, Loss: 0.3523
[Train] Epoch:   2, Total:  52371, Accuracy : 0.9366, Loss: 0.1273
[Eval] Epoch:   2, Total:   5463, Accuracy : 0.9120, Loss: 0.2718
[Train] Epoch:   3, Total:  52371, Accuracy : 0.9574, Loss: 0.4648
[Eval] Epoch:   3, Total:   5463, Accuracy : 0.9204, Loss: 0.4012
[Train] Epoch:   4, Total:  52371, Accuracy : 0.9698, Loss: 0.0744
[Eval] Epoch:   4, Total:   5463, Accuracy : 0.9173, Loss: 0.6271
[Train] Epoch:   5, Total:  52371, Accuracy : 0.9788, Loss: 0.0062
[Eval] Epoch:   5, Total:   5463, Accuracy : 0.9207, Loss: 0.5818
[Train] Epoch:   6, Total:  52371, Accuracy : 0.9854, Loss: 0.0030
[Eval] Epoch:   6, Total:   5463, Accuracy : 0.9206, Loss: 0.7253
[Train] Epoch:   7, Total:  52371, Accuracy : 0.9891, Loss: 0.0019
[Eval] Epoch:   7, Total:   5463, Accuracy : 0.9184, Loss: 0.8047
[Train] Epoch:   8, Total:  52371, Accuracy : 0.9905, Loss: 0.0013
[Eval] Epoch:   8, Total:   5463, Accuracy : 0.9200, Loss: 0.7720
[Train] Epoch:   9, Total:  52371, Accuracy : 0.9912, Loss: 0.0020
[Eval] Epoch:   9, Total:   5463, Accuracy : 0.9196, Loss: 0.7883
[Train] Epoch:  10, Total:  52371, Accuracy : 0.9769, Loss: 0.2078
[Eval] Epoch:  10, Total:   5463, Accuracy : 0.9195, Loss: 0.7164
[Train] Epoch:  11, Total:  52371, Accuracy : 0.9792, Loss: 0.1061
[Eval] Epoch:  11, Total:   5463, Accuracy : 0.9147, Loss: 0.4396
[Train] Epoch:  12, Total:  52371, Accuracy : 0.9841, Loss: 0.0136
[Eval] Epoch:  12, Total:   5463, Accuracy : 0.9145, Loss: 0.6712
[Train] Epoch:  13, Total:  52371, Accuracy : 0.9880, Loss: 0.0009
[Eval] Epoch:  13, Total:   5463, Accuracy : 0.9195, Loss: 0.9363
[Train] Epoch:  14, Total:  52371, Accuracy : 0.9914, Loss: 0.0356
[Eval] Epoch:  14, Total:   5463, Accuracy : 0.9158, Loss: 0.6703
[Train] Epoch:  15, Total:  52371, Accuracy : 0.9940, Loss: 0.0001
[Eval] Epoch:  15, Total:   5463, Accuracy : 0.9174, Loss: 0.9397
[Train] Epoch:  16, Total:  52371, Accuracy : 0.9962, Loss: 0.0000
[Eval] Epoch:  16, Total:   5463, Accuracy : 0.9189, Loss: 1.3219
[Train] Epoch:  17, Total:  52371, Accuracy : 0.9974, Loss: 0.0001
[Eval] Epoch:  17, Total:   5463, Accuracy : 0.9198, Loss: 1.4782
[Train] Epoch:  18, Total:  52371, Accuracy : 0.9978, Loss: 0.0001
[Eval] Epoch:  18, Total:   5463, Accuracy : 0.9206, Loss: 1.5013
[Train] Epoch:  19, Total:  52371, Accuracy : 0.9983, Loss: 0.0001
[Eval] Epoch:  19, Total:   5463, Accuracy : 0.9196, Loss: 1.3917
{"epoch":[1,2,3,4,5,6,7,8,9,10,11,12,13,14,15,16,17,18,19,20],"train_loss":[0.38977298963819523,0.2536414296381057,0.1817457775365884,0.12981094576882354,0.09749007892143323,0.0738274996457178,0.055762183110506,0.04516698015010569,0.039578470746589704,0.036558002330873376,0.07574324065595366,0.06808117926700702,0.05612710601086865,0.04416771975664808,0.035309987842044636,0.025166928183016385,0.015668623192131245,0.011882562097139355,0.0098322656644124,0.0071641358644571745],"eval_loss":[0.24397923632763152,0.2123558344102876,0.25080298957263314,0.23438831592021986,0.28538937823370447,0.3131260381535042,0.380794336553663,0.4349705175236734,0.42455100306569665,0.4234660612744128,0.32782787587060486,0.3410499973309248,0.3875574880647798,0.4932125359773636,0.49034211318939924,0.5495125148878541,0.6412906251674475,0.6371972650116267,0.650347147212732,0.6615063601801562],"train_acc":[0.8268507380038571,0.9049092054763133,0.9366443260583147,0.9574382769089763,0.9697733478451815,0.9788050638712265,0.9854117736915469,0.9890970193427661,0.9904527314735254,0.9911783238815375,0.9769337992400374,0.9792251436863914,0.9841133451719463,0.987970441656642,0.9914265528632258,0.993985220828321,0.9962001871264631,0.997384048423746,0.9977659391648049,0.9983005862022876],"eval_acc":[0.9049972542559034,0.9196412227713711,0.9119531393007505,0.9203734211971444,0.9172615778876075,0.9207395204100312,0.9205564708035878,0.9183598755262676,0.9200073219842577,0.9196412227713711,0.9194581731649277,0.9146988833974007,0.9145158337909574,0.9194581731649277,0.9157971810360608,0.9174446274940509,0.9189090243455976,0.9198242723778144,0.9205564708035878,0.9196412227713711]}
[Eval] Epoch:  11, Total:   5463, Accuracy : 0.9196, Loss: 1.3917
5463 5024 56.88954697549343
