pruned_2_0.005_model_0
DatasetDict({
    train: Dataset({
        features: ['question', 'sentence', 'label', 'indexes'],
        num_rows: 523
    })
    validation: Dataset({
        features: ['question', 'sentence', 'label', 'indexes'],
        num_rows: 5463
    })
    test: Dataset({
        features: ['question', 'sentence', 'label', 'indexes'],
        num_rows: 5463
    })
})
[Train] Epoch:   0, Total:    523, Accuracy : 0.0631, Loss: 0.7177
[Eval] Epoch:   0, Total:   5463, Accuracy : 0.4953, Loss: 0.6920
[Train] Epoch:   1, Total:    523, Accuracy : 0.7916, Loss: 0.6149
[Eval] Epoch:   1, Total:   5463, Accuracy : 0.5054, Loss: 0.7245
[Train] Epoch:   2, Total:    523, Accuracy : 0.9751, Loss: 0.1979
[Eval] Epoch:   2, Total:   5463, Accuracy : 0.5054, Loss: 1.2222
[Train] Epoch:   3, Total:    523, Accuracy : 0.9751, Loss: 0.3388
[Eval] Epoch:   3, Total:   5463, Accuracy : 0.5054, Loss: 2.1222
[Train] Epoch:   4, Total:    523, Accuracy : 0.9751, Loss: 0.3907
[Eval] Epoch:   4, Total:   5463, Accuracy : 0.5054, Loss: 2.2450
[Train] Epoch:   5, Total:    523, Accuracy : 0.9751, Loss: 0.0150
[Eval] Epoch:   5, Total:   5463, Accuracy : 0.5054, Loss: 2.3834
[Train] Epoch:   6, Total:    523, Accuracy : 0.9751, Loss: 0.0183
[Eval] Epoch:   6, Total:   5463, Accuracy : 0.5054, Loss: 2.1154
[Train] Epoch:   7, Total:    523, Accuracy : 0.9751, Loss: 0.0105
[Eval] Epoch:   7, Total:   5463, Accuracy : 0.5054, Loss: 2.3693
[Train] Epoch:   8, Total:    523, Accuracy : 0.9751, Loss: 0.0127
[Eval] Epoch:   8, Total:   5463, Accuracy : 0.5054, Loss: 1.8509
[Train] Epoch:   9, Total:    523, Accuracy : 0.9751, Loss: 0.0057
[Eval] Epoch:   9, Total:   5463, Accuracy : 0.5054, Loss: 2.2709
[Train] Epoch:  10, Total:    523, Accuracy : 0.9751, Loss: 0.1168
[Eval] Epoch:  10, Total:   5463, Accuracy : 0.5054, Loss: 2.0351
[Train] Epoch:  11, Total:    523, Accuracy : 0.9751, Loss: 0.0046
[Eval] Epoch:  11, Total:   5463, Accuracy : 0.5054, Loss: 2.0797
[Train] Epoch:  12, Total:    523, Accuracy : 0.9751, Loss: 0.0056
[Eval] Epoch:  12, Total:   5463, Accuracy : 0.5054, Loss: 3.0254
[Train] Epoch:  13, Total:    523, Accuracy : 0.9751, Loss: 0.0986
[Eval] Epoch:  13, Total:   5463, Accuracy : 0.5054, Loss: 2.6649
[Train] Epoch:  14, Total:    523, Accuracy : 0.9751, Loss: 0.0663
[Eval] Epoch:  14, Total:   5463, Accuracy : 0.5085, Loss: 3.4458
[Train] Epoch:  15, Total:    523, Accuracy : 0.9962, Loss: 0.0015
[Eval] Epoch:  15, Total:   5463, Accuracy : 0.5166, Loss: 3.7204
[Train] Epoch:  16, Total:    523, Accuracy : 0.9981, Loss: 0.0018
[Eval] Epoch:  16, Total:   5463, Accuracy : 0.5235, Loss: 3.5661
[Train] Epoch:  17, Total:    523, Accuracy : 0.9981, Loss: 0.0012
[Eval] Epoch:  17, Total:   5463, Accuracy : 0.5199, Loss: 3.7415
[Train] Epoch:  18, Total:    523, Accuracy : 1.0000, Loss: 0.0035
[Eval] Epoch:  18, Total:   5463, Accuracy : 0.5171, Loss: 3.8014
[Train] Epoch:  19, Total:    523, Accuracy : 1.0000, Loss: 0.0012
[Eval] Epoch:  19, Total:   5463, Accuracy : 0.5180, Loss: 3.8129
{"epoch":[1,2,3,4,5,6,7,8,9,10,11,12,13,14,15,16,17,18,19,20],"train_loss":[0.7313075661659241,0.6439612971411811,0.3841050730811225,0.17694470120800865,0.14130017740858924,0.10353600906415118,0.09919461628629102,0.07938165383206473,0.0659544649016526,0.04525688549296723,0.050985874608159065,0.03790720904039012,0.039301346987485886,0.05945728698538409,0.03115805383357737,0.01632558827340189,0.007903813371538289,0.005105753105858134,0.002602442103024158,0.0021530689231844414],"eval_loss":[0.6932727916296139,0.7023428595343302,1.0893958016883496,1.8574814754863118,1.9588668706805208,2.060072972330936,1.8221295032390328,1.9378275503945905,1.5512365435445032,1.7540243351182272,1.6079909461875295,1.6322049713411997,2.2304714710213416,2.016085540139398,2.5530103001483653,2.854370198970617,2.710539756819259,2.9338882815006166,3.0506901796474013,3.0746150501938754],"train_acc":[0.06309751434034416,0.7915869980879541,0.9751434034416826,0.9751434034416826,0.9751434034416826,0.9751434034416826,0.9751434034416826,0.9751434034416826,0.9751434034416826,0.9751434034416826,0.9751434034416826,0.9751434034416826,0.9751434034416826,0.9751434034416826,0.9751434034416826,0.9961759082217974,0.9980879541108987,0.9980879541108987,1.0,1.0],"eval_acc":[0.4953322350356947,0.5053999633900788,0.5053999633900788,0.5053999633900788,0.5053999633900788,0.5053999633900788,0.5053999633900788,0.5053999633900788,0.5053999633900788,0.5053999633900788,0.5053999633900788,0.5053999633900788,0.5053999633900788,0.5053999633900788,0.5085118066996156,0.5165659893831228,0.5235218744279699,0.5198608822991031,0.5171151382024529,0.5180303862346696]}
[Eval] Epoch:  11, Total:   5463, Accuracy : 0.5180, Loss: 3.8129
5463 2830 264.4168943166733
