random_0.4_model_0
DatasetDict({
    train: Dataset({
        features: ['question', 'sentence', 'label', 'indexes'],
        num_rows: 41897
    })
    validation: Dataset({
        features: ['question', 'sentence', 'label', 'indexes'],
        num_rows: 5463
    })
    test: Dataset({
        features: ['question', 'sentence', 'label', 'indexes'],
        num_rows: 5463
    })
})
[Train] Epoch:   0, Total:  41897, Accuracy : 0.8174, Loss: 0.2404
[Eval] Epoch:   0, Total:   5463, Accuracy : 0.8997, Loss: 0.6529
[Train] Epoch:   1, Total:  41897, Accuracy : 0.9034, Loss: 0.1669
[Eval] Epoch:   1, Total:   5463, Accuracy : 0.9096, Loss: 0.4832
[Train] Epoch:   2, Total:  41897, Accuracy : 0.9369, Loss: 0.3385
[Eval] Epoch:   2, Total:   5463, Accuracy : 0.8971, Loss: 0.2948
[Train] Epoch:   3, Total:  41897, Accuracy : 0.9602, Loss: 0.0493
[Eval] Epoch:   3, Total:   5463, Accuracy : 0.9158, Loss: 0.6692
[Train] Epoch:   4, Total:  41897, Accuracy : 0.9730, Loss: 0.0741
[Eval] Epoch:   4, Total:   5463, Accuracy : 0.9143, Loss: 0.5862
[Train] Epoch:   5, Total:  41897, Accuracy : 0.9812, Loss: 0.0197
[Eval] Epoch:   5, Total:   5463, Accuracy : 0.9125, Loss: 0.5930
[Train] Epoch:   6, Total:  41897, Accuracy : 0.9867, Loss: 0.0060
[Eval] Epoch:   6, Total:   5463, Accuracy : 0.9121, Loss: 0.9657
[Train] Epoch:   7, Total:  41897, Accuracy : 0.9909, Loss: 0.0009
[Eval] Epoch:   7, Total:   5463, Accuracy : 0.9127, Loss: 0.9387
[Train] Epoch:   8, Total:  41897, Accuracy : 0.9927, Loss: 0.0061
[Eval] Epoch:   8, Total:   5463, Accuracy : 0.9158, Loss: 0.9362
[Train] Epoch:   9, Total:  41897, Accuracy : 0.9932, Loss: 0.0012
[Eval] Epoch:   9, Total:   5463, Accuracy : 0.9160, Loss: 0.9336
[Train] Epoch:  10, Total:  41897, Accuracy : 0.9792, Loss: 0.0885
[Eval] Epoch:  10, Total:   5463, Accuracy : 0.9121, Loss: 0.7388
[Train] Epoch:  11, Total:  41897, Accuracy : 0.9803, Loss: 0.0087
[Eval] Epoch:  11, Total:   5463, Accuracy : 0.9085, Loss: 0.5387
[Train] Epoch:  12, Total:  41897, Accuracy : 0.9856, Loss: 0.0419
[Eval] Epoch:  12, Total:   5463, Accuracy : 0.9090, Loss: 0.9190
[Train] Epoch:  13, Total:  41897, Accuracy : 0.9888, Loss: 0.0013
[Eval] Epoch:  13, Total:   5463, Accuracy : 0.9008, Loss: 0.9340
[Train] Epoch:  14, Total:  41897, Accuracy : 0.9928, Loss: 0.0033
[Eval] Epoch:  14, Total:   5463, Accuracy : 0.9136, Loss: 1.0679
[Train] Epoch:  15, Total:  41897, Accuracy : 0.9944, Loss: 0.0003
[Eval] Epoch:  15, Total:   5463, Accuracy : 0.9154, Loss: 1.3885
[Train] Epoch:  16, Total:  41897, Accuracy : 0.9963, Loss: 0.0004
[Eval] Epoch:  16, Total:   5463, Accuracy : 0.9152, Loss: 1.0860
[Train] Epoch:  17, Total:  41897, Accuracy : 0.9967, Loss: 0.0003
[Eval] Epoch:  17, Total:   5463, Accuracy : 0.9158, Loss: 1.1742
[Train] Epoch:  18, Total:  41897, Accuracy : 0.9982, Loss: 0.0002
[Eval] Epoch:  18, Total:   5463, Accuracy : 0.9160, Loss: 1.2329
[Train] Epoch:  19, Total:  41897, Accuracy : 0.9983, Loss: 0.0563
[Eval] Epoch:  19, Total:   5463, Accuracy : 0.9162, Loss: 1.2325
{"epoch":[1,2,3,4,5,6,7,8,9,10,11,12,13,14,15,16,17,18,19,20],"train_loss":[0.4021298470160433,0.24753501161591698,0.171577093062055,0.11723697404270522,0.08454912683165824,0.06265161256910166,0.04746962254751431,0.03537566614424355,0.028488886423981286,0.028506154031403903,0.06866534025610943,0.06360805169110478,0.05033283501771058,0.04239570142377794,0.030321769684220786,0.023837951533291987,0.016648572628348107,0.014434121856252655,0.008105787018014968,0.008533620786473675],"eval_loss":[0.2577627440697925,0.2405186810985554,0.28472761480614195,0.297853033209956,0.3135764513078124,0.32769741087632126,0.4734122021946796,0.4938126269641311,0.4925769298922184,0.4915911669647971,0.3821691103972668,0.3322513642352681,0.47387557788643725,0.583586660211738,0.523345815234406,0.5764663481954918,0.5586046858522824,0.6075355505007644,0.6427959810812459,0.6415440191103275],"train_acc":[0.8174332291094828,0.9033582356731985,0.9368928562904265,0.960188080292145,0.9729813590471872,0.9812397069002554,0.9866577559252453,0.9909301381960522,0.9926963744420841,0.993221471704418,0.9792347900804353,0.9802611165477242,0.9856314294579565,0.988829749146717,0.9927918466715994,0.9944387426307373,0.9962765830489057,0.9966823400243454,0.9982337637539681,0.9983053679261045],"eval_acc":[0.8996888156690463,0.909573494416987,0.8971261211788395,0.9157971810360608,0.914332784184514,0.9125022881200805,0.9121361889071938,0.9126853377265239,0.9157971810360608,0.9159802306425041,0.9121361889071938,0.9084751967783269,0.909024345597657,0.9007871133077063,0.9136005857587406,0.9154310818231741,0.9152480322167308,0.9157971810360608,0.9159802306425041,0.9161632802489474]}
[Eval] Epoch:  11, Total:   5463, Accuracy : 0.9162, Loss: 1.2325
5463 5005 55.17278564348817
