random_0.04_model_0
DatasetDict({
    train: Dataset({
        features: ['question', 'sentence', 'label', 'indexes'],
        num_rows: 4190
    })
    validation: Dataset({
        features: ['question', 'sentence', 'label', 'indexes'],
        num_rows: 5463
    })
    test: Dataset({
        features: ['question', 'sentence', 'label', 'indexes'],
        num_rows: 5463
    })
})
[Train] Epoch:   0, Total:   4190, Accuracy : 0.5348, Loss: 0.6140
[Eval] Epoch:   0, Total:   5463, Accuracy : 0.7703, Loss: 0.5766
[Train] Epoch:   1, Total:   4190, Accuracy : 0.8067, Loss: 0.5217
[Eval] Epoch:   1, Total:   5463, Accuracy : 0.8453, Loss: 0.4361
[Train] Epoch:   2, Total:   4190, Accuracy : 0.8733, Loss: 0.6018
[Eval] Epoch:   2, Total:   5463, Accuracy : 0.8536, Loss: 0.6810
[Train] Epoch:   3, Total:   4190, Accuracy : 0.9067, Loss: 0.1199
[Eval] Epoch:   3, Total:   5463, Accuracy : 0.8656, Loss: 0.5745
[Train] Epoch:   4, Total:   4190, Accuracy : 0.9401, Loss: 0.5742
[Eval] Epoch:   4, Total:   5463, Accuracy : 0.8514, Loss: 0.7221
[Train] Epoch:   5, Total:   4190, Accuracy : 0.9570, Loss: 0.1168
[Eval] Epoch:   5, Total:   5463, Accuracy : 0.8600, Loss: 0.9280
[Train] Epoch:   6, Total:   4190, Accuracy : 0.9730, Loss: 0.0565
[Eval] Epoch:   6, Total:   5463, Accuracy : 0.8556, Loss: 1.0340
[Train] Epoch:   7, Total:   4190, Accuracy : 0.9804, Loss: 0.1810
[Eval] Epoch:   7, Total:   5463, Accuracy : 0.8629, Loss: 1.3376
[Train] Epoch:   8, Total:   4190, Accuracy : 0.9821, Loss: 0.0121
[Eval] Epoch:   8, Total:   5463, Accuracy : 0.8629, Loss: 1.2573
[Train] Epoch:   9, Total:   4190, Accuracy : 0.9854, Loss: 0.0174
[Eval] Epoch:   9, Total:   5463, Accuracy : 0.8633, Loss: 1.2793
[Train] Epoch:  10, Total:   4190, Accuracy : 0.9766, Loss: 0.0895
[Eval] Epoch:  10, Total:   5463, Accuracy : 0.8598, Loss: 1.1947
[Train] Epoch:  11, Total:   4190, Accuracy : 0.9728, Loss: 0.0347
[Eval] Epoch:  11, Total:   5463, Accuracy : 0.8548, Loss: 1.2869
[Train] Epoch:  12, Total:   4190, Accuracy : 0.9737, Loss: 0.0610
[Eval] Epoch:  12, Total:   5463, Accuracy : 0.8559, Loss: 1.5687
[Train] Epoch:  13, Total:   4190, Accuracy : 0.9828, Loss: 0.1148
[Eval] Epoch:  13, Total:   5463, Accuracy : 0.8596, Loss: 1.0387
[Train] Epoch:  14, Total:   4190, Accuracy : 0.9847, Loss: 0.0271
[Eval] Epoch:  14, Total:   5463, Accuracy : 0.8484, Loss: 1.3048
[Train] Epoch:  15, Total:   4190, Accuracy : 0.9902, Loss: 0.0042
[Eval] Epoch:  15, Total:   5463, Accuracy : 0.8600, Loss: 1.6930
[Train] Epoch:  16, Total:   4190, Accuracy : 0.9926, Loss: 0.0028
[Eval] Epoch:  16, Total:   5463, Accuracy : 0.8629, Loss: 1.4583
[Train] Epoch:  17, Total:   4190, Accuracy : 0.9962, Loss: 0.0022
[Eval] Epoch:  17, Total:   5463, Accuracy : 0.8609, Loss: 1.5032
[Train] Epoch:  18, Total:   4190, Accuracy : 0.9959, Loss: 0.0011
[Eval] Epoch:  18, Total:   5463, Accuracy : 0.8612, Loss: 1.5509
[Train] Epoch:  19, Total:   4190, Accuracy : 0.9959, Loss: 0.0014
[Eval] Epoch:  19, Total:   5463, Accuracy : 0.8603, Loss: 1.5429
{"epoch":[1,2,3,4,5,6,7,8,9,10,11,12,13,14,15,16,17,18,19,20],"train_loss":[0.6745719611644745,0.45478153319069836,0.3342542061299989,0.26081765657573036,0.18776578473096545,0.14602457345322226,0.09645003324487444,0.07597311099313876,0.06956849520264025,0.05994112802330743,0.08981987917231339,0.09754083866507492,0.09680122094384085,0.07198237430896949,0.06337153732557922,0.03929382097681589,0.035383563183572594,0.0175676990219279,0.015135625080967491,0.018983138190709393],"eval_loss":[0.5016830320968184,0.3682266906943432,0.3798039766938187,0.35310415247845095,0.44337714810011,0.4597179726805798,0.5453300945634065,0.6030414407682974,0.5875848176520925,0.5911714512594911,0.5766394003186115,0.6237634250590968,0.7446973024066105,0.7278288280548051,0.8616134995637938,0.837430765982284,0.759538623482682,0.8345819347819616,0.8457064954347389,0.843562242943187],"train_acc":[0.5348448687350835,0.8066825775656324,0.8732696897374702,0.9066825775656324,0.9400954653937947,0.9570405727923628,0.9730310262529833,0.9804295942720763,0.9821002386634845,0.9854415274463008,0.9766109785202864,0.9727923627684965,0.9737470167064439,0.9828162291169451,0.98472553699284,0.9902147971360382,0.9926014319809069,0.99618138424821,0.9959427207637231,0.9959427207637231],"eval_acc":[0.7702727439136006,0.8453230825553725,0.8535603148453231,0.865641588870584,0.8513637195680029,0.8599670510708401,0.8555738605161999,0.8628958447739338,0.8628958447739338,0.8632619439868204,0.8597840014643968,0.8548416620904266,0.8559399597290865,0.8596009518579535,0.8484349258649094,0.8599670510708401,0.8628958447739338,0.8608822991030569,0.8612483983159436,0.8603331502837269]}
[Eval] Epoch:  11, Total:   5463, Accuracy : 0.8603, Loss: 1.5429
5463 4700 72.54635289311409
