random_0.03_model_0
DatasetDict({
    train: Dataset({
        features: ['question', 'sentence', 'label', 'indexes'],
        num_rows: 3142
    })
    validation: Dataset({
        features: ['question', 'sentence', 'label', 'indexes'],
        num_rows: 5463
    })
    test: Dataset({
        features: ['question', 'sentence', 'label', 'indexes'],
        num_rows: 5463
    })
})
[Train] Epoch:   0, Total:   3142, Accuracy : 0.5280, Loss: 0.5777
[Eval] Epoch:   0, Total:   5463, Accuracy : 0.7505, Loss: 0.5864
[Train] Epoch:   1, Total:   3142, Accuracy : 0.7954, Loss: 0.9938
[Eval] Epoch:   1, Total:   5463, Accuracy : 0.8464, Loss: 0.4429
[Train] Epoch:   2, Total:   3142, Accuracy : 0.8660, Loss: 0.2511
[Eval] Epoch:   2, Total:   5463, Accuracy : 0.8537, Loss: 0.4577
[Train] Epoch:   3, Total:   3142, Accuracy : 0.9131, Loss: 0.1618
[Eval] Epoch:   3, Total:   5463, Accuracy : 0.8435, Loss: 0.8573
[Train] Epoch:   4, Total:   3142, Accuracy : 0.9395, Loss: 0.0456
[Eval] Epoch:   4, Total:   5463, Accuracy : 0.8512, Loss: 0.8916
[Train] Epoch:   5, Total:   3142, Accuracy : 0.9593, Loss: 0.0168
[Eval] Epoch:   5, Total:   5463, Accuracy : 0.8600, Loss: 0.8021
[Train] Epoch:   6, Total:   3142, Accuracy : 0.9659, Loss: 0.0223
[Eval] Epoch:   6, Total:   5463, Accuracy : 0.8552, Loss: 0.8785
[Train] Epoch:   7, Total:   3142, Accuracy : 0.9755, Loss: 0.0150
[Eval] Epoch:   7, Total:   5463, Accuracy : 0.8570, Loss: 1.1563
[Train] Epoch:   8, Total:   3142, Accuracy : 0.9812, Loss: 0.0092
[Eval] Epoch:   8, Total:   5463, Accuracy : 0.8576, Loss: 1.0693
[Train] Epoch:   9, Total:   3142, Accuracy : 0.9803, Loss: 0.0088
[Eval] Epoch:   9, Total:   5463, Accuracy : 0.8572, Loss: 1.0952
[Train] Epoch:  10, Total:   3142, Accuracy : 0.9780, Loss: 0.0133
[Eval] Epoch:  10, Total:   5463, Accuracy : 0.8457, Loss: 1.0384
[Train] Epoch:  11, Total:   3142, Accuracy : 0.9710, Loss: 0.0060
[Eval] Epoch:  11, Total:   5463, Accuracy : 0.8591, Loss: 1.1497
[Train] Epoch:  12, Total:   3142, Accuracy : 0.9771, Loss: 0.0739
[Eval] Epoch:  12, Total:   5463, Accuracy : 0.8245, Loss: 2.0826
[Train] Epoch:  13, Total:   3142, Accuracy : 0.9803, Loss: 0.0289
[Eval] Epoch:  13, Total:   5463, Accuracy : 0.8559, Loss: 0.9711
[Train] Epoch:  14, Total:   3142, Accuracy : 0.9860, Loss: 0.0018
[Eval] Epoch:  14, Total:   5463, Accuracy : 0.8508, Loss: 2.1778
[Train] Epoch:  15, Total:   3142, Accuracy : 0.9847, Loss: 0.0054
[Eval] Epoch:  15, Total:   5463, Accuracy : 0.8572, Loss: 1.0565
[Train] Epoch:  16, Total:   3142, Accuracy : 0.9917, Loss: 0.0026
[Eval] Epoch:  16, Total:   5463, Accuracy : 0.8517, Loss: 1.0391
[Train] Epoch:  17, Total:   3142, Accuracy : 0.9914, Loss: 0.0183
[Eval] Epoch:  17, Total:   5463, Accuracy : 0.8596, Loss: 1.3035
[Train] Epoch:  18, Total:   3142, Accuracy : 0.9940, Loss: 0.0028
[Eval] Epoch:  18, Total:   5463, Accuracy : 0.8585, Loss: 1.2835
[Train] Epoch:  19, Total:   3142, Accuracy : 0.9949, Loss: 0.0022
[Eval] Epoch:  19, Total:   5463, Accuracy : 0.8572, Loss: 1.2657
{"epoch":[1,2,3,4,5,6,7,8,9,10,11,12,13,14,15,16,17,18,19,20],"train_loss":[0.6878633570671081,0.4832391482591629,0.34328860133886335,0.2515893213450909,0.19993242032825947,0.13510635256767273,0.11299615148454904,0.0894904744066298,0.07392734246328474,0.07282173335552215,0.0804482013732195,0.10119799721986056,0.09757123731076717,0.0787634890107438,0.056576014060992746,0.06971829233691096,0.03755597636569291,0.03731651287060231,0.030820027790032328,0.02595950272399932],"eval_loss":[0.6018485322941182,0.3748772341844647,0.3593372479081154,0.4535567658238633,0.4639907962707586,0.45327122890672017,0.5171813233647236,0.5564733286236607,0.5844148955372876,0.587196126926777,0.6038967804160229,0.6622621448234071,0.877632096063259,0.5940564992122872,0.8776905023774435,0.6722012773849243,0.7379045933485031,0.7707461912271588,0.7726519211780193,0.7680439604229705],"train_acc":[0.5280076384468492,0.7953532781667727,0.866008911521324,0.9131126670910248,0.939528962444303,0.9592616168045831,0.9659452577975811,0.975493316359007,0.9812221514958626,0.98026734563972,0.9780394653087205,0.9710375556970082,0.9770846594525779,0.98026734563972,0.9859961807765755,0.9847231063017187,0.991725015913431,0.9914067472947168,0.9939528962444303,0.9949077021005729],"eval_acc":[0.7505033864177192,0.8464213801940326,0.8537433644517665,0.8434925864909391,0.8511806699615596,0.8599670510708401,0.8552077613033132,0.8570382573677466,0.8575874061870767,0.85722130697419,0.8456891817682592,0.8590518030386235,0.824455427420831,0.8559399597290865,0.8508145707486728,0.85722130697419,0.8517298187808896,0.8596009518579535,0.8585026542192934,0.85722130697419]}
[Eval] Epoch:  11, Total:   5463, Accuracy : 0.8572, Loss: 1.2657
5463 4683 66.05178059637547
