pruned_3_0.01_model_0
DatasetDict({
    train: Dataset({
        features: ['question', 'sentence', 'label', 'indexes'],
        num_rows: 1047
    })
    validation: Dataset({
        features: ['question', 'sentence', 'label', 'indexes'],
        num_rows: 5463
    })
    test: Dataset({
        features: ['question', 'sentence', 'label', 'indexes'],
        num_rows: 5463
    })
})
[Train] Epoch:   0, Total:   1047, Accuracy : 0.5081, Loss: 0.6856
[Eval] Epoch:   0, Total:   5463, Accuracy : 0.4946, Loss: 0.6911
[Train] Epoch:   1, Total:   1047, Accuracy : 0.5081, Loss: 0.6850
[Eval] Epoch:   1, Total:   5463, Accuracy : 0.4948, Loss: 0.6894
[Train] Epoch:   2, Total:   1047, Accuracy : 0.5425, Loss: 0.6692
[Eval] Epoch:   2, Total:   5463, Accuracy : 0.5345, Loss: 0.6647
[Train] Epoch:   3, Total:   1047, Accuracy : 0.6533, Loss: 0.4320
[Eval] Epoch:   3, Total:   5463, Accuracy : 0.7950, Loss: 0.3976
[Train] Epoch:   4, Total:   1047, Accuracy : 0.8300, Loss: 0.5200
[Eval] Epoch:   4, Total:   5463, Accuracy : 0.8133, Loss: 0.3337
[Train] Epoch:   5, Total:   1047, Accuracy : 0.8816, Loss: 0.1100
[Eval] Epoch:   5, Total:   5463, Accuracy : 0.8127, Loss: 0.4343
[Train] Epoch:   6, Total:   1047, Accuracy : 0.9245, Loss: 0.2186
[Eval] Epoch:   6, Total:   5463, Accuracy : 0.8224, Loss: 0.4955
[Train] Epoch:   7, Total:   1047, Accuracy : 0.9417, Loss: 0.0954
[Eval] Epoch:   7, Total:   5463, Accuracy : 0.8232, Loss: 0.5258
[Train] Epoch:   8, Total:   1047, Accuracy : 0.9628, Loss: 0.0800
[Eval] Epoch:   8, Total:   5463, Accuracy : 0.8283, Loss: 0.4962
[Train] Epoch:   9, Total:   1047, Accuracy : 0.9704, Loss: 0.0540
[Eval] Epoch:   9, Total:   5463, Accuracy : 0.8288, Loss: 0.5068
[Train] Epoch:  10, Total:   1047, Accuracy : 0.9723, Loss: 0.0325
[Eval] Epoch:  10, Total:   5463, Accuracy : 0.8285, Loss: 0.5048
[Train] Epoch:  11, Total:   1047, Accuracy : 0.9723, Loss: 0.0341
[Eval] Epoch:  11, Total:   5463, Accuracy : 0.8250, Loss: 0.4906
[Train] Epoch:  12, Total:   1047, Accuracy : 0.9752, Loss: 0.1288
[Eval] Epoch:  12, Total:   5463, Accuracy : 0.8256, Loss: 0.6114
[Train] Epoch:  13, Total:   1047, Accuracy : 0.9608, Loss: 0.0139
[Eval] Epoch:  13, Total:   5463, Accuracy : 0.8285, Loss: 0.7035
[Train] Epoch:  14, Total:   1047, Accuracy : 0.9761, Loss: 0.0139
[Eval] Epoch:  14, Total:   5463, Accuracy : 0.8157, Loss: 0.3757
[Train] Epoch:  15, Total:   1047, Accuracy : 0.9866, Loss: 0.0057
[Eval] Epoch:  15, Total:   5463, Accuracy : 0.8170, Loss: 0.6983
[Train] Epoch:  16, Total:   1047, Accuracy : 0.9819, Loss: 0.0122
[Eval] Epoch:  16, Total:   5463, Accuracy : 0.8257, Loss: 0.8099
[Train] Epoch:  17, Total:   1047, Accuracy : 0.9904, Loss: 0.0323
[Eval] Epoch:  17, Total:   5463, Accuracy : 0.8290, Loss: 0.7428
[Train] Epoch:  18, Total:   1047, Accuracy : 0.9952, Loss: 0.0042
[Eval] Epoch:  18, Total:   5463, Accuracy : 0.8290, Loss: 0.5731
[Train] Epoch:  19, Total:   1047, Accuracy : 0.9962, Loss: 0.0042
[Eval] Epoch:  19, Total:   5463, Accuracy : 0.8288, Loss: 0.5718
{"epoch":[1,2,3,4,5,6,7,8,9,10,11,12,13,14,15,16,17,18,19,20],"train_loss":[0.6922736202969271,0.6950269411591923,0.6884985706385445,0.6045381759895998,0.42591013627893787,0.3083927258849144,0.22626667864182415,0.18142988269819932,0.1364256796591422,0.11846873558619443,0.11309888674055829,0.10705585832543232,0.09823569003492594,0.12899503073490717,0.07635149441878586,0.043627644971232206,0.07889066694085212,0.03801653567044174,0.022850406931384522,0.01598359065075569],"eval_loss":[0.6930955918722375,0.6921383184055949,0.6771991148937581,0.46346550625424054,0.4790549316378527,0.5104845679083536,0.5040543661561123,0.5364779202744018,0.5306626038495884,0.5435821871424831,0.5489637501711069,0.6248706482177557,0.7802097229070442,0.7533692149228828,0.7240441219751225,0.8215895603562511,0.8022728749485903,0.832176228941873,0.8319175887939542,0.8344630626745002],"train_acc":[0.5081184336198663,0.5081184336198663,0.542502387774594,0.6532951289398281,0.8299904489016237,0.8815663801337154,0.9245463228271251,0.941738299904489,0.9627507163323782,0.9703915950334289,0.9723018147086915,0.9723018147086915,0.9751671442215855,0.9608404966571156,0.9761222540592168,0.9866284622731614,0.9818529130850048,0.9904489016236867,0.9952244508118434,0.9961795606494747],"eval_acc":[0.4946000366099213,0.49478308621636463,0.5345048508145708,0.7949844407834523,0.8132894014277869,0.8127402526084568,0.8224418817499543,0.8231740801757276,0.8282994691561413,0.8288486179754714,0.8284825187625846,0.8250045762401611,0.8255537250594911,0.8284825187625846,0.8156690463115505,0.8169503935566539,0.8257367746659344,0.8290316675819147,0.8290316675819147,0.8288486179754714]}
[Eval] Epoch:  11, Total:   5463, Accuracy : 0.8288, Loss: 0.5718
5463 4528 71.76382339000702
