random_0.3_model_0
DatasetDict({
    train: Dataset({
        features: ['question', 'sentence', 'label', 'indexes'],
        num_rows: 31423
    })
    validation: Dataset({
        features: ['question', 'sentence', 'label', 'indexes'],
        num_rows: 5463
    })
    test: Dataset({
        features: ['question', 'sentence', 'label', 'indexes'],
        num_rows: 5463
    })
})
[Train] Epoch:   0, Total:  31423, Accuracy : 0.8045, Loss: 0.5740
[Eval] Epoch:   0, Total:   5463, Accuracy : 0.8975, Loss: 0.5038
[Train] Epoch:   1, Total:  31423, Accuracy : 0.8995, Loss: 0.3107
[Eval] Epoch:   1, Total:   5463, Accuracy : 0.9136, Loss: 0.5280
[Train] Epoch:   2, Total:  31423, Accuracy : 0.9332, Loss: 0.1841
[Eval] Epoch:   2, Total:   5463, Accuracy : 0.9090, Loss: 0.5876
[Train] Epoch:   3, Total:  31423, Accuracy : 0.9554, Loss: 0.1833
[Eval] Epoch:   3, Total:   5463, Accuracy : 0.8993, Loss: 0.5398
[Train] Epoch:   4, Total:  31423, Accuracy : 0.9717, Loss: 0.0984
[Eval] Epoch:   4, Total:   5463, Accuracy : 0.9103, Loss: 0.6259
[Train] Epoch:   5, Total:  31423, Accuracy : 0.9812, Loss: 0.0137
[Eval] Epoch:   5, Total:   5463, Accuracy : 0.9129, Loss: 0.7452
[Train] Epoch:   6, Total:  31423, Accuracy : 0.9858, Loss: 0.1084
[Eval] Epoch:   6, Total:   5463, Accuracy : 0.9132, Loss: 0.6290
[Train] Epoch:   7, Total:  31423, Accuracy : 0.9910, Loss: 0.0031
[Eval] Epoch:   7, Total:   5463, Accuracy : 0.9152, Loss: 0.6615
[Train] Epoch:   8, Total:  31423, Accuracy : 0.9922, Loss: 0.0027
[Eval] Epoch:   8, Total:   5463, Accuracy : 0.9141, Loss: 0.7222
[Train] Epoch:   9, Total:  31423, Accuracy : 0.9929, Loss: 0.0027
[Eval] Epoch:   9, Total:   5463, Accuracy : 0.9141, Loss: 0.6869
[Train] Epoch:  10, Total:  31423, Accuracy : 0.9803, Loss: 0.0933
[Eval] Epoch:  10, Total:   5463, Accuracy : 0.9068, Loss: 1.0058
[Train] Epoch:  11, Total:  31423, Accuracy : 0.9798, Loss: 0.0402
[Eval] Epoch:  11, Total:   5463, Accuracy : 0.9105, Loss: 0.7459
[Train] Epoch:  12, Total:  31423, Accuracy : 0.9853, Loss: 0.0259
[Eval] Epoch:  12, Total:   5463, Accuracy : 0.9076, Loss: 0.8093
[Train] Epoch:  13, Total:  31423, Accuracy : 0.9875, Loss: 0.0264
[Eval] Epoch:  13, Total:   5463, Accuracy : 0.9063, Loss: 0.9813
[Train] Epoch:  14, Total:  31423, Accuracy : 0.9920, Loss: 0.0012
[Eval] Epoch:  14, Total:   5463, Accuracy : 0.9083, Loss: 1.2698
[Train] Epoch:  15, Total:  31423, Accuracy : 0.9941, Loss: 0.1101
[Eval] Epoch:  15, Total:   5463, Accuracy : 0.9083, Loss: 1.0750
[Train] Epoch:  16, Total:  31423, Accuracy : 0.9963, Loss: 0.0002
[Eval] Epoch:  16, Total:   5463, Accuracy : 0.9121, Loss: 1.4760
[Train] Epoch:  17, Total:  31423, Accuracy : 0.9971, Loss: 0.0047
[Eval] Epoch:  17, Total:   5463, Accuracy : 0.9121, Loss: 1.4054
[Train] Epoch:  18, Total:  31423, Accuracy : 0.9980, Loss: 0.0006
[Eval] Epoch:  18, Total:   5463, Accuracy : 0.9118, Loss: 1.3416
[Train] Epoch:  19, Total:  31423, Accuracy : 0.9980, Loss: 0.0002
[Eval] Epoch:  19, Total:   5463, Accuracy : 0.9118, Loss: 1.3759
{"epoch":[1,2,3,4,5,6,7,8,9,10,11,12,13,14,15,16,17,18,19,20],"train_loss":[0.42002821624157627,0.26155347888435704,0.18324722818529532,0.1295714279268764,0.08904291164507433,0.06489805331218479,0.05228067810178683,0.03549777649275678,0.03187072749487684,0.029925599045313653,0.06872771991119965,0.06505063898125692,0.0543627925841906,0.04737834913061947,0.03215599453179621,0.025759932457205276,0.016558748842678186,0.012761886156292854,0.00977565029861506,0.010000965278601613],"eval_loss":[0.26344106597609296,0.23643934925974802,0.26489534064434295,0.30236983420543895,0.33509413131274457,0.3535790664338788,0.39580589402900185,0.46627370649298955,0.4739017921478249,0.47784979762726054,0.3885219229688478,0.38105097005880156,0.4614455969354441,0.5352807051913683,0.5202376145089782,0.5646193705547904,0.6449258453104385,0.5901113548424355,0.6323622514136396,0.6342118287697261],"train_acc":[0.8045380772045954,0.8995003659739681,0.9332336186869491,0.9554466473602139,0.9716767972504217,0.9811602965980333,0.9858383986252108,0.9909938580021004,0.9922349871113516,0.9929351112242625,0.9803010533685517,0.9797600483722114,0.9852973936288706,0.9875250612608599,0.9919803965248385,0.9941125926868855,0.9962766126722464,0.9971040320784139,0.9980269229545238,0.9979632753078955],"eval_acc":[0.8974922203917262,0.9136005857587406,0.909024345597657,0.8993227164561596,0.9103056928427604,0.9128683873329673,0.9132344865458539,0.9152480322167308,0.9141497345780707,0.9141497345780707,0.9068277503203368,0.9104887424492037,0.9075599487461102,0.9062786015010068,0.9082921471718836,0.9082921471718836,0.9121361889071938,0.9121361889071938,0.9117700896943072,0.9117700896943072]}
[Eval] Epoch:  11, Total:   5463, Accuracy : 0.9118, Loss: 1.3759
5463 4981 54.542217274196446
