pruned_3_0.4_model_0
DatasetDict({
    train: Dataset({
        features: ['question', 'sentence', 'label', 'indexes'],
        num_rows: 41897
    })
    validation: Dataset({
        features: ['question', 'sentence', 'label', 'indexes'],
        num_rows: 5463
    })
    test: Dataset({
        features: ['question', 'sentence', 'label', 'indexes'],
        num_rows: 5463
    })
})
[Train] Epoch:   0, Total:  41897, Accuracy : 0.8070, Loss: 0.2684
[Eval] Epoch:   0, Total:   5463, Accuracy : 0.8819, Loss: 0.3846
[Train] Epoch:   1, Total:  41897, Accuracy : 0.8982, Loss: 0.3095
[Eval] Epoch:   1, Total:   5463, Accuracy : 0.9120, Loss: 0.5050
[Train] Epoch:   2, Total:  41897, Accuracy : 0.9346, Loss: 0.0752
[Eval] Epoch:   2, Total:   5463, Accuracy : 0.9191, Loss: 0.5141
[Train] Epoch:   3, Total:  41897, Accuracy : 0.9557, Loss: 0.0519
[Eval] Epoch:   3, Total:   5463, Accuracy : 0.9118, Loss: 0.6333
[Train] Epoch:   4, Total:  41897, Accuracy : 0.9694, Loss: 0.0723
[Eval] Epoch:   4, Total:   5463, Accuracy : 0.9143, Loss: 0.8166
[Train] Epoch:   5, Total:  41897, Accuracy : 0.9797, Loss: 0.0456
[Eval] Epoch:   5, Total:   5463, Accuracy : 0.9184, Loss: 0.7761
[Train] Epoch:   6, Total:  41897, Accuracy : 0.9853, Loss: 0.0106
[Eval] Epoch:   6, Total:   5463, Accuracy : 0.9131, Loss: 0.9152
[Train] Epoch:   7, Total:  41897, Accuracy : 0.9887, Loss: 0.0023
[Eval] Epoch:   7, Total:   5463, Accuracy : 0.9196, Loss: 1.2058
[Train] Epoch:   8, Total:  41897, Accuracy : 0.9914, Loss: 0.0328
[Eval] Epoch:   8, Total:   5463, Accuracy : 0.9163, Loss: 1.2145
[Train] Epoch:   9, Total:  41897, Accuracy : 0.9912, Loss: 0.0370
[Eval] Epoch:   9, Total:   5463, Accuracy : 0.9163, Loss: 1.2009
[Train] Epoch:  10, Total:  41897, Accuracy : 0.9770, Loss: 0.0798
[Eval] Epoch:  10, Total:   5463, Accuracy : 0.9162, Loss: 0.5599
[Train] Epoch:  11, Total:  41897, Accuracy : 0.9786, Loss: 0.2090
[Eval] Epoch:  11, Total:   5463, Accuracy : 0.9055, Loss: 0.6580
[Train] Epoch:  12, Total:  41897, Accuracy : 0.9825, Loss: 0.0837
[Eval] Epoch:  12, Total:   5463, Accuracy : 0.9132, Loss: 0.4299
[Train] Epoch:  13, Total:  41897, Accuracy : 0.9882, Loss: 0.0100
[Eval] Epoch:  13, Total:   5463, Accuracy : 0.9085, Loss: 0.8552
[Train] Epoch:  14, Total:  41897, Accuracy : 0.9901, Loss: 0.0039
[Eval] Epoch:  14, Total:   5463, Accuracy : 0.9176, Loss: 0.5237
[Train] Epoch:  15, Total:  41897, Accuracy : 0.9944, Loss: 0.0016
[Eval] Epoch:  15, Total:   5463, Accuracy : 0.9154, Loss: 0.6881
[Train] Epoch:  16, Total:  41897, Accuracy : 0.9952, Loss: 0.0002
[Eval] Epoch:  16, Total:   5463, Accuracy : 0.9162, Loss: 1.0090
[Train] Epoch:  17, Total:  41897, Accuracy : 0.9969, Loss: 0.0001
[Eval] Epoch:  17, Total:   5463, Accuracy : 0.9143, Loss: 1.0959
[Train] Epoch:  18, Total:  41897, Accuracy : 0.9979, Loss: 0.0001
[Eval] Epoch:  18, Total:   5463, Accuracy : 0.9154, Loss: 1.0192
[Train] Epoch:  19, Total:  41897, Accuracy : 0.9980, Loss: 0.0001
[Eval] Epoch:  19, Total:   5463, Accuracy : 0.9158, Loss: 1.0129
{"epoch":[1,2,3,4,5,6,7,8,9,10,11,12,13,14,15,16,17,18,19,20],"train_loss":[0.4213172994042171,0.2684470254387564,0.18804457560181617,0.13524059000929803,0.09835149748393028,0.07250706960823927,0.056299601536144626,0.04568888390088411,0.03715814342864483,0.03702522252245543,0.07700783646192742,0.07194393581145564,0.06063093825968566,0.04379481907395418,0.035849623579819835,0.023375155086400704,0.02006558018700106,0.012279832249495977,0.007999174602168438,0.009617983583635952],"eval_loss":[0.3001108907682951,0.2413287640137728,0.23761965750261796,0.2726318632620712,0.3276935871040752,0.33678596867465005,0.4144987598668004,0.4285219827515268,0.45244827190803927,0.44854950012509215,0.3114421291839938,0.34178741163639137,0.4777234384660111,0.41486404004485106,0.546711410590729,0.5569230626055668,0.592874862058738,0.6596106127944104,0.678736912476462,0.6769632196357084],"train_acc":[0.8070267560923217,0.8981549991646179,0.9345537866673032,0.95567701744755,0.9693772823829868,0.979664415113254,0.985297276654653,0.9886626727450653,0.9913597632288708,0.9911688187698403,0.9769673246294485,0.9786380886459651,0.9824808458839535,0.9881853115974891,0.9901186242451727,0.9943671384586008,0.9951547843521016,0.9968732844833759,0.9978996109506647,0.9979950831801799],"eval_acc":[0.8819330038440417,0.9119531393007505,0.919092073952041,0.9117700896943072,0.914332784184514,0.9183598755262676,0.9130514369394106,0.9196412227713711,0.9163463298553908,0.9163463298553908,0.9161632802489474,0.9055464030752334,0.9132344865458539,0.9084751967783269,0.9176276771004942,0.9154310818231741,0.9161632802489474,0.914332784184514,0.9154310818231741,0.9157971810360608]}
[Eval] Epoch:  11, Total:   5463, Accuracy : 0.9158, Loss: 1.0129
5463 5003 58.21883688867092
