pruned_2_0.2_model_0
DatasetDict({
    train: Dataset({
        features: ['question', 'sentence', 'label', 'indexes'],
        num_rows: 20948
    })
    validation: Dataset({
        features: ['question', 'sentence', 'label', 'indexes'],
        num_rows: 5463
    })
    test: Dataset({
        features: ['question', 'sentence', 'label', 'indexes'],
        num_rows: 5463
    })
})
[Train] Epoch:   0, Total:  20948, Accuracy : 0.8050, Loss: 0.0908
[Eval] Epoch:   0, Total:   5463, Accuracy : 0.8708, Loss: 0.7473
[Train] Epoch:   1, Total:  20948, Accuracy : 0.8798, Loss: 0.2489
[Eval] Epoch:   1, Total:   5463, Accuracy : 0.8827, Loss: 0.6522
[Train] Epoch:   2, Total:  20948, Accuracy : 0.9165, Loss: 0.1053
[Eval] Epoch:   2, Total:   5463, Accuracy : 0.8852, Loss: 0.6449
[Train] Epoch:   3, Total:  20948, Accuracy : 0.9480, Loss: 0.1126
[Eval] Epoch:   3, Total:   5463, Accuracy : 0.8660, Loss: 0.7808
[Train] Epoch:   4, Total:  20948, Accuracy : 0.9656, Loss: 0.0428
[Eval] Epoch:   4, Total:   5463, Accuracy : 0.8828, Loss: 0.6609
[Train] Epoch:   5, Total:  20948, Accuracy : 0.9804, Loss: 0.0020
[Eval] Epoch:   5, Total:   5463, Accuracy : 0.8830, Loss: 0.8604
[Train] Epoch:   6, Total:  20948, Accuracy : 0.9870, Loss: 0.0007
[Eval] Epoch:   6, Total:   5463, Accuracy : 0.8849, Loss: 0.9943
[Train] Epoch:   7, Total:  20948, Accuracy : 0.9909, Loss: 0.0012
[Eval] Epoch:   7, Total:   5463, Accuracy : 0.8823, Loss: 0.7412
[Train] Epoch:   8, Total:  20948, Accuracy : 0.9924, Loss: 0.0005
[Eval] Epoch:   8, Total:   5463, Accuracy : 0.8834, Loss: 0.9392
[Train] Epoch:   9, Total:  20948, Accuracy : 0.9941, Loss: 0.0881
[Eval] Epoch:   9, Total:   5463, Accuracy : 0.8832, Loss: 0.9181
[Train] Epoch:  10, Total:  20948, Accuracy : 0.9816, Loss: 0.1713
[Eval] Epoch:  10, Total:   5463, Accuracy : 0.8786, Loss: 0.9465
[Train] Epoch:  11, Total:  20948, Accuracy : 0.9828, Loss: 0.0130
[Eval] Epoch:  11, Total:   5463, Accuracy : 0.8819, Loss: 0.5654
[Train] Epoch:  12, Total:  20948, Accuracy : 0.9846, Loss: 0.0007
[Eval] Epoch:  12, Total:   5463, Accuracy : 0.8803, Loss: 0.8177
[Train] Epoch:  13, Total:  20948, Accuracy : 0.9900, Loss: 0.2456
[Eval] Epoch:  13, Total:   5463, Accuracy : 0.8801, Loss: 0.7074
[Train] Epoch:  14, Total:  20948, Accuracy : 0.9931, Loss: 0.1371
[Eval] Epoch:  14, Total:   5463, Accuracy : 0.8816, Loss: 0.5748
[Train] Epoch:  15, Total:  20948, Accuracy : 0.9954, Loss: 0.0001
[Eval] Epoch:  15, Total:   5463, Accuracy : 0.8889, Loss: 0.9623
[Train] Epoch:  16, Total:  20948, Accuracy : 0.9966, Loss: 0.0001
[Eval] Epoch:  16, Total:   5463, Accuracy : 0.8865, Loss: 0.7598
[Train] Epoch:  17, Total:  20948, Accuracy : 0.9976, Loss: 0.0000
[Eval] Epoch:  17, Total:   5463, Accuracy : 0.8872, Loss: 1.1484
[Train] Epoch:  18, Total:  20948, Accuracy : 0.9982, Loss: 0.0000
[Eval] Epoch:  18, Total:   5463, Accuracy : 0.8871, Loss: 0.8607
[Train] Epoch:  19, Total:  20948, Accuracy : 0.9988, Loss: 0.0001
[Eval] Epoch:  19, Total:   5463, Accuracy : 0.8871, Loss: 0.8512
{"epoch":[1,2,3,4,5,6,7,8,9,10,11,12,13,14,15,16,17,18,19,20],"train_loss":[0.4078542640569007,0.25783296912999415,0.19037189199475618,0.130197705326193,0.09017034848050283,0.0580872231505232,0.04349977677622696,0.02940237936677366,0.024418885031059843,0.022522807867239973,0.058686563246915395,0.05530996771835262,0.053749636187936496,0.03711418785430241,0.02783418457750863,0.016165443537452452,0.013592064578139199,0.00799393357682697,0.007180013715774627,0.005110381033951054],"eval_loss":[0.32044267221245654,0.31244083199390144,0.3172822346867517,0.3846995064685511,0.39024542367389037,0.5354006976582283,0.6140633364056431,0.7017948592818061,0.7191469272555306,0.7240658359125604,0.6185368987363439,0.6303669529598813,0.7742143404171911,0.7326509134713993,0.6694262920077457,0.7784573011273561,0.8312241230593171,0.9144689759542776,0.8878237151129301,0.8912715166807175],"train_acc":[0.8049933167844185,0.8797975940423907,0.9165075424861562,0.9479663929730762,0.9655814397555853,0.9804277257972122,0.9870154668703456,0.99088218445675,0.9923620393354974,0.9941283177391637,0.9815734198968875,0.9827668512507161,0.9845808669085354,0.9900229138819935,0.9930780981477946,0.9954172236012985,0.996610654955127,0.9975654000381898,0.9981859843421806,0.9988065686461715],"eval_acc":[0.8707669778509977,0.8826652022698152,0.885227896760022,0.8660076880834706,0.8828482518762585,0.8830313014827018,0.8848617975471352,0.8822991030569284,0.8833974006955885,0.8832143510891451,0.8786381109280615,0.8819330038440417,0.8802855573860516,0.8801025077796083,0.8815669046311551,0.8888888888888888,0.8865092440051254,0.8872414424308988,0.8870583928244554,0.8870583928244554]}
[Eval] Epoch:  11, Total:   5463, Accuracy : 0.8871, Loss: 0.8512
5463 4846 76.6493504345417
