pruned_3_0.04_model_0
DatasetDict({
    train: Dataset({
        features: ['question', 'sentence', 'label', 'indexes'],
        num_rows: 4189
    })
    validation: Dataset({
        features: ['question', 'sentence', 'label', 'indexes'],
        num_rows: 5463
    })
    test: Dataset({
        features: ['question', 'sentence', 'label', 'indexes'],
        num_rows: 5463
    })
})
[Train] Epoch:   0, Total:   4189, Accuracy : 0.5562, Loss: 0.4725
[Eval] Epoch:   0, Total:   5463, Accuracy : 0.7644, Loss: 0.4901
[Train] Epoch:   1, Total:   4189, Accuracy : 0.7887, Loss: 0.5000
[Eval] Epoch:   1, Total:   5463, Accuracy : 0.8314, Loss: 0.4377
[Train] Epoch:   2, Total:   4189, Accuracy : 0.8551, Loss: 0.4973
[Eval] Epoch:   2, Total:   5463, Accuracy : 0.8655, Loss: 0.6316
[Train] Epoch:   3, Total:   4189, Accuracy : 0.8954, Loss: 0.2687
[Eval] Epoch:   3, Total:   5463, Accuracy : 0.8677, Loss: 0.5832
[Train] Epoch:   4, Total:   4189, Accuracy : 0.9267, Loss: 0.0554
[Eval] Epoch:   4, Total:   5463, Accuracy : 0.8720, Loss: 0.6956
[Train] Epoch:   5, Total:   4189, Accuracy : 0.9487, Loss: 0.0478
[Eval] Epoch:   5, Total:   5463, Accuracy : 0.8675, Loss: 0.8653
[Train] Epoch:   6, Total:   4189, Accuracy : 0.9640, Loss: 0.1325
[Eval] Epoch:   6, Total:   5463, Accuracy : 0.8728, Loss: 0.8104
[Train] Epoch:   7, Total:   4189, Accuracy : 0.9699, Loss: 0.0180
[Eval] Epoch:   7, Total:   5463, Accuracy : 0.8746, Loss: 0.8950
[Train] Epoch:   8, Total:   4189, Accuracy : 0.9766, Loss: 0.0794
[Eval] Epoch:   8, Total:   5463, Accuracy : 0.8761, Loss: 0.9287
[Train] Epoch:   9, Total:   4189, Accuracy : 0.9778, Loss: 0.1320
[Eval] Epoch:   9, Total:   5463, Accuracy : 0.8759, Loss: 0.9249
[Train] Epoch:  10, Total:   4189, Accuracy : 0.9709, Loss: 0.2655
[Eval] Epoch:  10, Total:   5463, Accuracy : 0.8728, Loss: 0.9978
[Train] Epoch:  11, Total:   4189, Accuracy : 0.9714, Loss: 0.0164
[Eval] Epoch:  11, Total:   5463, Accuracy : 0.8572, Loss: 1.1206
[Train] Epoch:  12, Total:   4189, Accuracy : 0.9752, Loss: 0.0285
[Eval] Epoch:  12, Total:   5463, Accuracy : 0.8710, Loss: 1.3960
[Train] Epoch:  13, Total:   4189, Accuracy : 0.9735, Loss: 0.1708
[Eval] Epoch:  13, Total:   5463, Accuracy : 0.8752, Loss: 1.0405
[Train] Epoch:  14, Total:   4189, Accuracy : 0.9864, Loss: 0.0054
[Eval] Epoch:  14, Total:   5463, Accuracy : 0.8622, Loss: 1.0495
[Train] Epoch:  15, Total:   4189, Accuracy : 0.9864, Loss: 0.0237
[Eval] Epoch:  15, Total:   5463, Accuracy : 0.8739, Loss: 1.5475
[Train] Epoch:  16, Total:   4189, Accuracy : 0.9947, Loss: 0.0199
[Eval] Epoch:  16, Total:   5463, Accuracy : 0.8689, Loss: 2.0429
[Train] Epoch:  17, Total:   4189, Accuracy : 0.9957, Loss: 0.0010
[Eval] Epoch:  17, Total:   5463, Accuracy : 0.8742, Loss: 2.0574
[Train] Epoch:  18, Total:   4189, Accuracy : 0.9974, Loss: 0.0412
[Eval] Epoch:  18, Total:   5463, Accuracy : 0.8750, Loss: 2.1414
[Train] Epoch:  19, Total:   4189, Accuracy : 0.9971, Loss: 0.0005
[Eval] Epoch:  19, Total:   5463, Accuracy : 0.8752, Loss: 2.1531
{"epoch":[1,2,3,4,5,6,7,8,9,10,11,12,13,14,15,16,17,18,19,20],"train_loss":[0.6799196022929568,0.48077293688600714,0.3661735723867561,0.2913779720212474,0.22113246837574424,0.16736986191773956,0.12582596552304245,0.111855531816907,0.09407489459651212,0.08533791602222306,0.10814126223946612,0.09191761258989573,0.08770248885125373,0.09344069496022933,0.04749386223160069,0.05298803951661808,0.02043580933770334,0.017897695296789716,0.012149452479647924,0.010546141874687182],"eval_loss":[0.5419824279324953,0.41356589350589484,0.3656270571572836,0.3529423057686451,0.3580640419278034,0.4366142728994059,0.4168812942712806,0.45926685787217564,0.47570153100546014,0.47231053249087446,0.44029132605985155,0.567651992793693,0.5558892547391182,0.5156796087705812,0.6621805020543032,0.6474124602107114,0.7954281448971393,0.8060649536376776,0.812980672301248,0.8153658204300459],"train_acc":[0.5562186679398424,0.7887323943661971,0.855096681785629,0.8954404392456433,0.926712819288613,0.9486751014561948,0.9639532107901647,0.9699212222487468,0.9766053950823586,0.9777989973740749,0.9708761040821199,0.9713535449988064,0.9751730723322989,0.9735020291238959,0.986392933874433,0.986392933874433,0.9947481499164479,0.995703031749821,0.9973740749582239,0.9971353544998807],"eval_acc":[0.7644151565074135,0.8314113124656782,0.8654585392641406,0.8676551345414607,0.8720483250961011,0.8674720849350174,0.8727805235218744,0.8746110195863079,0.8760754164378547,0.8758923668314114,0.8727805235218744,0.85722130697419,0.870950027457441,0.8751601684056379,0.8621636463481603,0.8738788211605345,0.8689364817865641,0.8742449203734212,0.8749771187991946,0.8751601684056379]}
[Eval] Epoch:  11, Total:   5463, Accuracy : 0.8752, Loss: 2.1531
5463 4781 70.12146055698395
