pruned_1_0.03_model_0
DatasetDict({
    train: Dataset({
        features: ['question', 'sentence', 'label', 'indexes'],
        num_rows: 3147
    })
    validation: Dataset({
        features: ['question', 'sentence', 'label', 'indexes'],
        num_rows: 5463
    })
    test: Dataset({
        features: ['question', 'sentence', 'label', 'indexes'],
        num_rows: 5463
    })
})
[Train] Epoch:   0, Total:   3147, Accuracy : 0.5119, Loss: 0.6262
[Eval] Epoch:   0, Total:   5463, Accuracy : 0.7911, Loss: 0.5887
[Train] Epoch:   1, Total:   3147, Accuracy : 0.7798, Loss: 0.3309
[Eval] Epoch:   1, Total:   5463, Accuracy : 0.8098, Loss: 0.4516
[Train] Epoch:   2, Total:   3147, Accuracy : 0.8595, Loss: 0.3824
[Eval] Epoch:   2, Total:   5463, Accuracy : 0.8570, Loss: 0.4250
[Train] Epoch:   3, Total:   3147, Accuracy : 0.8967, Loss: 0.3779
[Eval] Epoch:   3, Total:   5463, Accuracy : 0.8462, Loss: 0.6352
[Train] Epoch:   4, Total:   3147, Accuracy : 0.9368, Loss: 0.0899
[Eval] Epoch:   4, Total:   5463, Accuracy : 0.8689, Loss: 0.4440
[Train] Epoch:   5, Total:   3147, Accuracy : 0.9606, Loss: 0.1266
[Eval] Epoch:   5, Total:   5463, Accuracy : 0.8667, Loss: 0.5871
[Train] Epoch:   6, Total:   3147, Accuracy : 0.9730, Loss: 0.0211
[Eval] Epoch:   6, Total:   5463, Accuracy : 0.8673, Loss: 0.5246
[Train] Epoch:   7, Total:   3147, Accuracy : 0.9765, Loss: 0.0379
[Eval] Epoch:   7, Total:   5463, Accuracy : 0.8697, Loss: 0.6653
[Train] Epoch:   8, Total:   3147, Accuracy : 0.9816, Loss: 0.0103
[Eval] Epoch:   8, Total:   5463, Accuracy : 0.8741, Loss: 0.7372
[Train] Epoch:   9, Total:   3147, Accuracy : 0.9832, Loss: 0.0962
[Eval] Epoch:   9, Total:   5463, Accuracy : 0.8730, Loss: 0.5749
[Train] Epoch:  10, Total:   3147, Accuracy : 0.9822, Loss: 0.0085
[Eval] Epoch:  10, Total:   5463, Accuracy : 0.8673, Loss: 0.7172
[Train] Epoch:  11, Total:   3147, Accuracy : 0.9701, Loss: 0.0050
[Eval] Epoch:  11, Total:   5463, Accuracy : 0.8633, Loss: 0.8713
[Train] Epoch:  12, Total:   3147, Accuracy : 0.9806, Loss: 0.0080
[Eval] Epoch:  12, Total:   5463, Accuracy : 0.8688, Loss: 0.8465
[Train] Epoch:  13, Total:   3147, Accuracy : 0.9746, Loss: 0.0041
[Eval] Epoch:  13, Total:   5463, Accuracy : 0.8576, Loss: 1.1206
[Train] Epoch:  14, Total:   3147, Accuracy : 0.9886, Loss: 0.0351
[Eval] Epoch:  14, Total:   5463, Accuracy : 0.8733, Loss: 1.0046
[Train] Epoch:  15, Total:   3147, Accuracy : 0.9917, Loss: 0.0023
[Eval] Epoch:  15, Total:   5463, Accuracy : 0.8711, Loss: 1.0226
[Train] Epoch:  16, Total:   3147, Accuracy : 0.9930, Loss: 0.0011
[Eval] Epoch:  16, Total:   5463, Accuracy : 0.8724, Loss: 0.9711
[Train] Epoch:  17, Total:   3147, Accuracy : 0.9930, Loss: 0.0014
[Eval] Epoch:  17, Total:   5463, Accuracy : 0.8739, Loss: 0.9465
[Train] Epoch:  18, Total:   3147, Accuracy : 0.9933, Loss: 0.0029
[Eval] Epoch:  18, Total:   5463, Accuracy : 0.8720, Loss: 0.9574
[Train] Epoch:  19, Total:   3147, Accuracy : 0.9930, Loss: 0.0021
[Eval] Epoch:  19, Total:   5463, Accuracy : 0.8730, Loss: 0.9746
{"epoch":[1,2,3,4,5,6,7,8,9,10,11,12,13,14,15,16,17,18,19,20],"train_loss":[0.6866704177856445,0.4959867823123932,0.360438147187233,0.27773789256811143,0.1848574535548687,0.13534049354493619,0.09913555473089218,0.08369277637451887,0.07112470928579569,0.06199383551254869,0.06860432064160704,0.09127314766868949,0.07454832561314106,0.09581030366942286,0.05132861828431487,0.034822434317320586,0.02930210134247318,0.02732105798786506,0.020112586182076484,0.019408704196102917],"eval_loss":[0.5929496877415236,0.4356263196745584,0.3469784883565681,0.4083674279756324,0.4137862120256868,0.4730375993043877,0.4639004770406457,0.47089767871901045,0.5150637611053711,0.523470998503441,0.5906059582566106,0.7014483601547951,0.6250200347844944,0.6960165755346764,0.6719277948141098,0.7506091386772865,0.7881900009720825,0.7741142733152523,0.7743241566904756,0.7751748092299284],"train_acc":[0.5119161105815062,0.7797902764537655,0.859548776612647,0.8967270416269463,0.9367651731808071,0.9605973943438195,0.972990149348586,0.9764855417858278,0.9815697489672705,0.9831585637114713,0.9822052748649508,0.9701302828090245,0.9806164601207499,0.9745789640927868,0.988560533841754,0.9917381633301557,0.9930092151255163,0.9930092151255163,0.9933269780743565,0.9930092151255163],"eval_acc":[0.791140399048142,0.8098114589053633,0.8570382573677466,0.8462383305875892,0.8689364817865641,0.866739886509244,0.867289035328574,0.8696686802123376,0.8740618707669778,0.8729635731283177,0.867289035328574,0.8632619439868204,0.8687534321801208,0.8575874061870767,0.8733296723412045,0.8711330770638843,0.8724144243089877,0.8738788211605345,0.8720483250961011,0.8729635731283177]}
[Eval] Epoch:  11, Total:   5463, Accuracy : 0.8730, Loss: 0.9746
5463 4769 66.66503359377384
