pruned_2_0.04_model_0
DatasetDict({
    train: Dataset({
        features: ['question', 'sentence', 'label', 'indexes'],
        num_rows: 4189
    })
    validation: Dataset({
        features: ['question', 'sentence', 'label', 'indexes'],
        num_rows: 5463
    })
    test: Dataset({
        features: ['question', 'sentence', 'label', 'indexes'],
        num_rows: 5463
    })
})
[Train] Epoch:   0, Total:   4189, Accuracy : 0.9346, Loss: 0.3602
[Eval] Epoch:   0, Total:   5463, Accuracy : 0.5054, Loss: 1.4294
[Train] Epoch:   1, Total:   4189, Accuracy : 0.9463, Loss: 0.0710
[Eval] Epoch:   1, Total:   5463, Accuracy : 0.5490, Loss: 1.4733
[Train] Epoch:   2, Total:   4189, Accuracy : 0.9630, Loss: 0.0701
[Eval] Epoch:   2, Total:   5463, Accuracy : 0.6520, Loss: 1.5407
[Train] Epoch:   3, Total:   4189, Accuracy : 0.9752, Loss: 0.0155
[Eval] Epoch:   3, Total:   5463, Accuracy : 0.6976, Loss: 1.1527
[Train] Epoch:   4, Total:   4189, Accuracy : 0.9840, Loss: 0.2117
[Eval] Epoch:   4, Total:   5463, Accuracy : 0.7075, Loss: 1.6096
[Train] Epoch:   5, Total:   4189, Accuracy : 0.9919, Loss: 0.0048
[Eval] Epoch:   5, Total:   5463, Accuracy : 0.7214, Loss: 1.4032
[Train] Epoch:   6, Total:   4189, Accuracy : 0.9950, Loss: 0.1569
[Eval] Epoch:   6, Total:   5463, Accuracy : 0.7179, Loss: 1.9271
[Train] Epoch:   7, Total:   4189, Accuracy : 0.9971, Loss: 0.0068
[Eval] Epoch:   7, Total:   5463, Accuracy : 0.7090, Loss: 2.0282
[Train] Epoch:   8, Total:   4189, Accuracy : 0.9976, Loss: 0.0005
[Eval] Epoch:   8, Total:   5463, Accuracy : 0.7121, Loss: 2.0985
[Train] Epoch:   9, Total:   4189, Accuracy : 0.9979, Loss: 0.0016
[Eval] Epoch:   9, Total:   5463, Accuracy : 0.7132, Loss: 2.1347
[Train] Epoch:  10, Total:   4189, Accuracy : 0.9974, Loss: 0.0003
[Eval] Epoch:  10, Total:   5463, Accuracy : 0.7033, Loss: 2.5133
[Train] Epoch:  11, Total:   4189, Accuracy : 0.9945, Loss: 0.1779
[Eval] Epoch:  11, Total:   5463, Accuracy : 0.7152, Loss: 2.3040
[Train] Epoch:  12, Total:   4189, Accuracy : 0.9964, Loss: 0.0004
[Eval] Epoch:  12, Total:   5463, Accuracy : 0.7022, Loss: 2.0486
[Train] Epoch:  13, Total:   4189, Accuracy : 0.9979, Loss: 0.0001
[Eval] Epoch:  13, Total:   5463, Accuracy : 0.6612, Loss: 2.8523
[Train] Epoch:  14, Total:   4189, Accuracy : 0.9988, Loss: 0.0001
[Eval] Epoch:  14, Total:   5463, Accuracy : 0.6987, Loss: 3.0655
[Train] Epoch:  15, Total:   4189, Accuracy : 1.0000, Loss: 0.0001
[Eval] Epoch:  15, Total:   5463, Accuracy : 0.7005, Loss: 3.0321
[Train] Epoch:  16, Total:   4189, Accuracy : 0.9995, Loss: 0.0001
[Eval] Epoch:  16, Total:   5463, Accuracy : 0.7016, Loss: 3.3815
[Train] Epoch:  17, Total:   4189, Accuracy : 1.0000, Loss: 0.0001
[Eval] Epoch:  17, Total:   5463, Accuracy : 0.7018, Loss: 3.4078
[Train] Epoch:  18, Total:   4189, Accuracy : 0.9998, Loss: 0.0001
[Eval] Epoch:  18, Total:   5463, Accuracy : 0.6980, Loss: 3.4217
[Train] Epoch:  19, Total:   4189, Accuracy : 1.0000, Loss: 0.0000
[Eval] Epoch:  19, Total:   5463, Accuracy : 0.6980, Loss: 3.4238
{"epoch":[1,2,3,4,5,6,7,8,9,10,11,12,13,14,15,16,17,18,19,20],"train_loss":[0.35469087010080164,0.13250745451924476,0.09657578460985061,0.073579059222318,0.05370884957356435,0.03086601184666947,0.019879019574022317,0.011257191360610623,0.008341115900265955,0.006712797154305559,0.00933992125360281,0.02324927898382267,0.01135289499330666,0.007940022986903468,0.005443913465018285,0.00018541590477318758,0.0018917542951605742,8.085076583621699e-5,0.0014753195589009645,7.835983706172556e-5],"eval_loss":[1.2851724042448887,1.1047099877235502,1.0934984184974847,1.0981243620085162,1.2501869610575742,1.0885516550651817,1.368269226578779,1.4344704892746238,1.4747234305670096,1.4958874638690505,1.6809666281522706,1.782929197300312,1.6893252771954204,2.4688452052515606,2.290096263552821,2.287649466547855,2.3557392428087636,2.371394463749819,2.4443204596985217,2.444156890691713],"train_acc":[0.9345905944139413,0.946287896872762,0.9629983289567916,0.9751730723322989,0.9840057292910003,0.9918835044163284,0.9949868703747912,0.9971353544998807,0.9976127954165672,0.9978515158749105,0.9973740749582239,0.9945094294581046,0.9964191931248508,0.9978515158749105,0.9988063977082836,1.0,0.9995225590833134,1.0,0.9997612795416567,1.0],"eval_acc":[0.5053999633900788,0.5489657697235951,0.652022698151199,0.6976020501555922,0.7074867289035328,0.7213984989932272,0.7179205564708036,0.7089511257550797,0.7120629690646165,0.7131612667032766,0.7032765879553359,0.7151748123741534,0.7021782903166758,0.6611751784733663,0.6987003477942523,0.7005308438586857,0.7016291414973458,0.7018121911037891,0.6979681493684788,0.6979681493684788]}
[Eval] Epoch:  11, Total:   5463, Accuracy : 0.6980, Loss: 3.4238
5463 3813 210.1974925994873
