pruned_2_0.25_model_0
DatasetDict({
    train: Dataset({
        features: ['question', 'sentence', 'label', 'indexes'],
        num_rows: 26185
    })
    validation: Dataset({
        features: ['question', 'sentence', 'label', 'indexes'],
        num_rows: 5463
    })
    test: Dataset({
        features: ['question', 'sentence', 'label', 'indexes'],
        num_rows: 5463
    })
})
[Train] Epoch:   0, Total:  26185, Accuracy : 0.8109, Loss: 0.3854
[Eval] Epoch:   0, Total:   5463, Accuracy : 0.8786, Loss: 0.4031
[Train] Epoch:   1, Total:  26185, Accuracy : 0.8881, Loss: 0.1816
[Eval] Epoch:   1, Total:   5463, Accuracy : 0.8958, Loss: 0.6105
[Train] Epoch:   2, Total:  26185, Accuracy : 0.9268, Loss: 0.4542
[Eval] Epoch:   2, Total:   5463, Accuracy : 0.8938, Loss: 0.2930
[Train] Epoch:   3, Total:  26185, Accuracy : 0.9547, Loss: 0.0121
[Eval] Epoch:   3, Total:   5463, Accuracy : 0.8946, Loss: 0.2437
[Train] Epoch:   4, Total:  26185, Accuracy : 0.9705, Loss: 0.0607
[Eval] Epoch:   4, Total:   5463, Accuracy : 0.8988, Loss: 0.6450
[Train] Epoch:   5, Total:  26185, Accuracy : 0.9825, Loss: 0.0015
[Eval] Epoch:   5, Total:   5463, Accuracy : 0.8951, Loss: 0.5043
[Train] Epoch:   6, Total:  26185, Accuracy : 0.9892, Loss: 0.0009
[Eval] Epoch:   6, Total:   5463, Accuracy : 0.8979, Loss: 0.7536
[Train] Epoch:   7, Total:  26185, Accuracy : 0.9926, Loss: 0.0017
[Eval] Epoch:   7, Total:   5463, Accuracy : 0.8982, Loss: 0.6980
[Train] Epoch:   8, Total:  26185, Accuracy : 0.9941, Loss: 0.0009
[Eval] Epoch:   8, Total:   5463, Accuracy : 0.8995, Loss: 0.7014
[Train] Epoch:   9, Total:  26185, Accuracy : 0.9948, Loss: 0.2576
[Eval] Epoch:   9, Total:   5463, Accuracy : 0.8997, Loss: 0.7486
[Train] Epoch:  10, Total:  26185, Accuracy : 0.9820, Loss: 0.1098
[Eval] Epoch:  10, Total:   5463, Accuracy : 0.8925, Loss: 0.5297
[Train] Epoch:  11, Total:  26185, Accuracy : 0.9805, Loss: 0.0011
[Eval] Epoch:  11, Total:   5463, Accuracy : 0.8887, Loss: 0.5834
[Train] Epoch:  12, Total:  26185, Accuracy : 0.9849, Loss: 0.0010
[Eval] Epoch:  12, Total:   5463, Accuracy : 0.8942, Loss: 0.4620
[Train] Epoch:  13, Total:  26185, Accuracy : 0.9899, Loss: 0.0004
[Eval] Epoch:  13, Total:   5463, Accuracy : 0.8938, Loss: 0.5030
[Train] Epoch:  14, Total:  26185, Accuracy : 0.9922, Loss: 0.0007
[Eval] Epoch:  14, Total:   5463, Accuracy : 0.8951, Loss: 0.8390
[Train] Epoch:  15, Total:  26185, Accuracy : 0.9960, Loss: 0.0012
[Eval] Epoch:  15, Total:   5463, Accuracy : 0.8964, Loss: 1.1516
[Train] Epoch:  16, Total:  26185, Accuracy : 0.9974, Loss: 0.0000
[Eval] Epoch:  16, Total:   5463, Accuracy : 0.8953, Loss: 1.0771
[Train] Epoch:  17, Total:  26185, Accuracy : 0.9980, Loss: 0.0000
[Eval] Epoch:  17, Total:   5463, Accuracy : 0.8977, Loss: 1.1117
[Train] Epoch:  18, Total:  26185, Accuracy : 0.9988, Loss: 0.0000
[Eval] Epoch:  18, Total:   5463, Accuracy : 0.8960, Loss: 1.1701
[Train] Epoch:  19, Total:  26185, Accuracy : 0.9989, Loss: 0.0000
[Eval] Epoch:  19, Total:   5463, Accuracy : 0.8969, Loss: 1.1726
{"epoch":[1,2,3,4,5,6,7,8,9,10,11,12,13,14,15,16,17,18,19,20],"train_loss":[0.3785401373738196,0.24132574869365228,0.17251140537058435,0.1150603620744333,0.08011530938717287,0.055022940170814896,0.03758077672824672,0.027768485562836117,0.022258511770136154,0.019371968291972467,0.055618055944015816,0.060094739973726795,0.05089878799385255,0.03567846035002731,0.0281029128421257,0.016463307826327253,0.011103871689733862,0.008228499950946128,0.006028418825433885,0.0047550291306212855],"eval_loss":[0.32050502681454945,0.27503627053526947,0.3091182426311249,0.3400601611234421,0.4105053574366625,0.4613262907017109,0.5670139633638914,0.6056252899904584,0.5930779373576475,0.607085035290829,0.5464078391533952,0.537289074600436,0.5878973339012888,0.5740385887667884,0.6749447351104991,0.7514282331563705,0.7606305998078612,0.7840562700185665,0.7949634085214415,0.7946114931688752],"train_acc":[0.8109222837502387,0.8880656864617147,0.9267519572274203,0.9546687034561772,0.9704792820316975,0.9825090700782891,0.9891540958564063,0.99255298835211,0.9940805804850105,0.9948061867481383,0.9820126026350964,0.9805232003055184,0.9849150276876074,0.9898797021195341,0.9922092801222073,0.9959900706511361,0.9973649035707466,0.9979759404239068,0.9987779262936796,0.9988543059003246],"eval_acc":[0.8786381109280615,0.8958447739337361,0.8938312282628592,0.8945634266886326,0.8987735676368296,0.8951125755079626,0.8978583196046128,0.8982244188174996,0.899505766062603,0.8996888156690463,0.8925498810177558,0.8887058392824455,0.8941973274757459,0.8938312282628592,0.8951125755079626,0.8963939227530661,0.895295625114406,0.8976752699981695,0.8960278235401794,0.8969430715723962]}
[Eval] Epoch:  11, Total:   5463, Accuracy : 0.8969, Loss: 1.1726
5463 4900 68.33658841252327
