pruned_2_0.05_model_0
DatasetDict({
    train: Dataset({
        features: ['question', 'sentence', 'label', 'indexes'],
        num_rows: 5237
    })
    validation: Dataset({
        features: ['question', 'sentence', 'label', 'indexes'],
        num_rows: 5463
    })
    test: Dataset({
        features: ['question', 'sentence', 'label', 'indexes'],
        num_rows: 5463
    })
})
[Train] Epoch:   0, Total:   5237, Accuracy : 0.8503, Loss: 0.1328
[Eval] Epoch:   0, Total:   5463, Accuracy : 0.5501, Loss: 1.1243
[Train] Epoch:   1, Total:   5237, Accuracy : 0.9208, Loss: 0.1704
[Eval] Epoch:   1, Total:   5463, Accuracy : 0.6566, Loss: 0.7720
[Train] Epoch:   2, Total:   5237, Accuracy : 0.9374, Loss: 0.0484
[Eval] Epoch:   2, Total:   5463, Accuracy : 0.6723, Loss: 1.0478
[Train] Epoch:   3, Total:   5237, Accuracy : 0.9528, Loss: 0.0894
[Eval] Epoch:   3, Total:   5463, Accuracy : 0.6848, Loss: 0.9216
[Train] Epoch:   4, Total:   5237, Accuracy : 0.9683, Loss: 0.0947
[Eval] Epoch:   4, Total:   5463, Accuracy : 0.7177, Loss: 1.1311
[Train] Epoch:   5, Total:   5237, Accuracy : 0.9817, Loss: 0.1295
[Eval] Epoch:   5, Total:   5463, Accuracy : 0.6895, Loss: 1.8812
[Train] Epoch:   6, Total:   5237, Accuracy : 0.9884, Loss: 0.1242
[Eval] Epoch:   6, Total:   5463, Accuracy : 0.7320, Loss: 1.3886
[Train] Epoch:   7, Total:   5237, Accuracy : 0.9922, Loss: 0.0058
[Eval] Epoch:   7, Total:   5463, Accuracy : 0.7379, Loss: 1.1920
[Train] Epoch:   8, Total:   5237, Accuracy : 0.9922, Loss: 0.0037
[Eval] Epoch:   8, Total:   5463, Accuracy : 0.7256, Loss: 1.4892
[Train] Epoch:   9, Total:   5237, Accuracy : 0.9939, Loss: 0.0517
[Eval] Epoch:   9, Total:   5463, Accuracy : 0.7284, Loss: 1.4772
[Train] Epoch:  10, Total:   5237, Accuracy : 0.9910, Loss: 0.0019
[Eval] Epoch:  10, Total:   5463, Accuracy : 0.7373, Loss: 1.4151
[Train] Epoch:  11, Total:   5237, Accuracy : 0.9905, Loss: 0.0016
[Eval] Epoch:  11, Total:   5463, Accuracy : 0.7273, Loss: 1.5810
[Train] Epoch:  12, Total:   5237, Accuracy : 0.9929, Loss: 0.0151
[Eval] Epoch:  12, Total:   5463, Accuracy : 0.7269, Loss: 1.4842
[Train] Epoch:  13, Total:   5237, Accuracy : 0.9960, Loss: 0.0006
[Eval] Epoch:  13, Total:   5463, Accuracy : 0.6886, Loss: 3.2567
[Train] Epoch:  14, Total:   5237, Accuracy : 0.9960, Loss: 0.0002
[Eval] Epoch:  14, Total:   5463, Accuracy : 0.7362, Loss: 2.3650
[Train] Epoch:  15, Total:   5237, Accuracy : 0.9979, Loss: 0.0005
[Eval] Epoch:  15, Total:   5463, Accuracy : 0.7395, Loss: 1.8602
[Train] Epoch:  16, Total:   5237, Accuracy : 0.9985, Loss: 0.0002
[Eval] Epoch:  16, Total:   5463, Accuracy : 0.7141, Loss: 2.3993
[Train] Epoch:  17, Total:   5237, Accuracy : 0.9990, Loss: 0.0003
[Eval] Epoch:  17, Total:   5463, Accuracy : 0.7295, Loss: 2.0570
[Train] Epoch:  18, Total:   5237, Accuracy : 1.0000, Loss: 0.0004
[Eval] Epoch:  18, Total:   5463, Accuracy : 0.7304, Loss: 2.0509
[Train] Epoch:  19, Total:   5237, Accuracy : 0.9996, Loss: 0.0002
[Eval] Epoch:  19, Total:   5463, Accuracy : 0.7302, Loss: 2.0679
{"epoch":[1,2,3,4,5,6,7,8,9,10,11,12,13,14,15,16,17,18,19,20],"train_loss":[0.3644208818128923,0.1671497543774,0.13782212210864556,0.11522973458305365,0.08429634568236041,0.0606023974364578,0.04250321502331644,0.033788185813691377,0.030277726788459938,0.02666563176686262,0.03524030950601872,0.038512658031100815,0.030617092716189603,0.017066974933940646,0.014926039862408156,0.009536843666865025,0.005915354984519981,0.003258071301654748,0.000176113143136651,0.00099217103511697],"eval_loss":[1.0144726640956347,0.7937365042608838,0.8413691583067872,0.8597544241090154,1.012681235407674,1.5380218541899393,1.2427457896775977,1.122087446756141,1.3187227325384008,1.3267854001632957,1.2705413428849952,1.4282607235187708,1.462821594504423,2.158076674439186,1.8187021308167035,1.8844913285832072,2.2066669256188147,2.121356749257376,2.125017570894818,2.1321249340855797],"train_acc":[0.8502959709757495,0.9207561581057857,0.9373687225510788,0.9528355928966966,0.9683024632423143,0.9816688944051938,0.9883521099866336,0.9921710903188848,0.9921710903188848,0.9938896314683979,0.9910253962192095,0.9904525491693718,0.9929348863853351,0.9959900706511361,0.9959900706511361,0.9978995608172618,0.9984724078670995,0.9990452549169372,1.0,0.9996181019667749],"eval_acc":[0.5500640673622552,0.6565989383122827,0.6723412044664104,0.6847885777045579,0.7177375068643602,0.689547867472085,0.7320153761669412,0.7378729635731284,0.7256086399414241,0.7283543840380743,0.7373238147537983,0.7272560863994142,0.7268899871865275,0.6886326194398682,0.7362255171151382,0.7395204100311185,0.7140765147354933,0.7294526816767344,0.7303679297089511,0.7301848801025078]}
[Eval] Epoch:  11, Total:   5463, Accuracy : 0.7302, Loss: 2.0679
5463 3989 183.36274433135986
