random_0.1_model_0
DatasetDict({
    train: Dataset({
        features: ['question', 'sentence', 'label', 'indexes'],
        num_rows: 10474
    })
    validation: Dataset({
        features: ['question', 'sentence', 'label', 'indexes'],
        num_rows: 5463
    })
    test: Dataset({
        features: ['question', 'sentence', 'label', 'indexes'],
        num_rows: 5463
    })
})
[Train] Epoch:   0, Total:  10474, Accuracy : 0.7070, Loss: 0.3738
[Eval] Epoch:   0, Total:   5463, Accuracy : 0.8583, Loss: 0.4575
[Train] Epoch:   1, Total:  10474, Accuracy : 0.8635, Loss: 0.2470
[Eval] Epoch:   1, Total:   5463, Accuracy : 0.8823, Loss: 0.5085
[Train] Epoch:   2, Total:  10474, Accuracy : 0.9111, Loss: 0.2887
[Eval] Epoch:   2, Total:   5463, Accuracy : 0.8827, Loss: 0.4252
[Train] Epoch:   3, Total:  10474, Accuracy : 0.9428, Loss: 0.0893
[Eval] Epoch:   3, Total:   5463, Accuracy : 0.8938, Loss: 0.5317
[Train] Epoch:   4, Total:  10474, Accuracy : 0.9624, Loss: 0.2614
[Eval] Epoch:   4, Total:   5463, Accuracy : 0.8916, Loss: 0.6641
[Train] Epoch:   5, Total:  10474, Accuracy : 0.9747, Loss: 0.2414
[Eval] Epoch:   5, Total:   5463, Accuracy : 0.8871, Loss: 0.5900
[Train] Epoch:   6, Total:  10474, Accuracy : 0.9831, Loss: 0.0400
[Eval] Epoch:   6, Total:   5463, Accuracy : 0.8962, Loss: 0.5625
[Train] Epoch:   7, Total:  10474, Accuracy : 0.9872, Loss: 0.0072
[Eval] Epoch:   7, Total:   5463, Accuracy : 0.8929, Loss: 0.5797
[Train] Epoch:   8, Total:  10474, Accuracy : 0.9897, Loss: 0.2292
[Eval] Epoch:   8, Total:   5463, Accuracy : 0.8920, Loss: 0.5911
[Train] Epoch:   9, Total:  10474, Accuracy : 0.9909, Loss: 0.0025
[Eval] Epoch:   9, Total:   5463, Accuracy : 0.8924, Loss: 0.5885
[Train] Epoch:  10, Total:  10474, Accuracy : 0.9797, Loss: 0.1059
[Eval] Epoch:  10, Total:   5463, Accuracy : 0.8796, Loss: 0.6396
[Train] Epoch:  11, Total:  10474, Accuracy : 0.9815, Loss: 0.0180
[Eval] Epoch:  11, Total:   5463, Accuracy : 0.8874, Loss: 0.7671
[Train] Epoch:  12, Total:  10474, Accuracy : 0.9830, Loss: 0.0550
[Eval] Epoch:  12, Total:   5463, Accuracy : 0.8893, Loss: 1.2193
[Train] Epoch:  13, Total:  10474, Accuracy : 0.9863, Loss: 0.1814
[Eval] Epoch:  13, Total:   5463, Accuracy : 0.8783, Loss: 1.9068
[Train] Epoch:  14, Total:  10474, Accuracy : 0.9878, Loss: 0.0314
[Eval] Epoch:  14, Total:   5463, Accuracy : 0.8936, Loss: 1.1862
[Train] Epoch:  15, Total:  10474, Accuracy : 0.9926, Loss: 0.0013
[Eval] Epoch:  15, Total:   5463, Accuracy : 0.8915, Loss: 1.1613
[Train] Epoch:  16, Total:  10474, Accuracy : 0.9955, Loss: 0.0006
[Eval] Epoch:  16, Total:   5463, Accuracy : 0.8977, Loss: 1.3202
[Train] Epoch:  17, Total:  10474, Accuracy : 0.9969, Loss: 0.0004
[Eval] Epoch:  17, Total:   5463, Accuracy : 0.8902, Loss: 1.3519
[Train] Epoch:  18, Total:  10474, Accuracy : 0.9978, Loss: 0.0003
[Eval] Epoch:  18, Total:   5463, Accuracy : 0.8942, Loss: 1.4303
[Train] Epoch:  19, Total:  10474, Accuracy : 0.9982, Loss: 0.0002
[Eval] Epoch:  19, Total:   5463, Accuracy : 0.8946, Loss: 1.4209
{"epoch":[1,2,3,4,5,6,7,8,9,10,11,12,13,14,15,16,17,18,19,20],"train_loss":[0.5416658019147268,0.33796498570136907,0.23813200973701187,0.1695894513551782,0.119625220177468,0.08473781044254215,0.06237209681705458,0.04859610190103966,0.04035882539365713,0.03583897215671974,0.07561144748242662,0.06593834780008964,0.06453059426162437,0.05448540496972117,0.04771788661203506,0.028199803305608107,0.01926715736523719,0.011611755753398118,0.010701842328339031,0.006856600001966155],"eval_loss":[0.3445053350093753,0.29305736148773237,0.31346857565086944,0.30910142935639207,0.34502969179735626,0.43072199206366096,0.4417249928553437,0.5121136030485464,0.5341166626921919,0.5283338657125484,0.6092242653979811,0.5131856632787127,0.5431241727499074,0.7142464612112489,0.595869486415109,0.6193712206427441,0.6794790265172027,0.7719745208011117,0.7692511105953261,0.7749318291628083],"train_acc":[0.7069887340080199,0.8634714531220165,0.9111132327668513,0.9428107695245369,0.9623830437273247,0.9746992552988352,0.9831010120297881,0.9872064158869582,0.9896887531029215,0.9909299217109032,0.9796639297307619,0.9814779453885812,0.9830055375214818,0.9863471453122017,0.9877792629367959,0.9926484628604163,0.9955126981096047,0.996944815734199,0.9978040863089556,0.9981859843421806],"eval_acc":[0.8583196046128501,0.8822991030569284,0.8826652022698152,0.8938312282628592,0.8916346329855391,0.8870583928244554,0.8962108731466227,0.8929159802306426,0.8920007321984258,0.8923668314113125,0.8795533589602782,0.8874244920373421,0.8892549881017756,0.8782720117151748,0.8936481786564159,0.8914515833790957,0.8976752699981695,0.8901702361339923,0.8941973274757459,0.8945634266886326]}
[Eval] Epoch:  11, Total:   5463, Accuracy : 0.8946, Loss: 1.4209
5463 4887 66.64413730800152
