random_0.25_model_0
DatasetDict({
    train: Dataset({
        features: ['question', 'sentence', 'label', 'indexes'],
        num_rows: 26186
    })
    validation: Dataset({
        features: ['question', 'sentence', 'label', 'indexes'],
        num_rows: 5463
    })
    test: Dataset({
        features: ['question', 'sentence', 'label', 'indexes'],
        num_rows: 5463
    })
})
[Train] Epoch:   0, Total:  26186, Accuracy : 0.7989, Loss: 0.0900
[Eval] Epoch:   0, Total:   5463, Accuracy : 0.8885, Loss: 0.3771
[Train] Epoch:   1, Total:  26186, Accuracy : 0.8969, Loss: 0.1319
[Eval] Epoch:   1, Total:   5463, Accuracy : 0.8958, Loss: 0.4076
[Train] Epoch:   2, Total:  26186, Accuracy : 0.9298, Loss: 0.1253
[Eval] Epoch:   2, Total:   5463, Accuracy : 0.9099, Loss: 0.5975
[Train] Epoch:   3, Total:  26186, Accuracy : 0.9566, Loss: 0.6786
[Eval] Epoch:   3, Total:   5463, Accuracy : 0.9087, Loss: 0.6109
[Train] Epoch:   4, Total:  26186, Accuracy : 0.9714, Loss: 0.0027
[Eval] Epoch:   4, Total:   5463, Accuracy : 0.9090, Loss: 0.8631
[Train] Epoch:   5, Total:  26186, Accuracy : 0.9791, Loss: 0.0048
[Eval] Epoch:   5, Total:   5463, Accuracy : 0.9107, Loss: 0.9061
[Train] Epoch:   6, Total:  26186, Accuracy : 0.9861, Loss: 0.0027
[Eval] Epoch:   6, Total:   5463, Accuracy : 0.9050, Loss: 0.6390
[Train] Epoch:   7, Total:  26186, Accuracy : 0.9906, Loss: 0.0043
[Eval] Epoch:   7, Total:   5463, Accuracy : 0.9110, Loss: 0.8328
[Train] Epoch:   8, Total:  26186, Accuracy : 0.9923, Loss: 0.0014
[Eval] Epoch:   8, Total:   5463, Accuracy : 0.9110, Loss: 0.8543
[Train] Epoch:   9, Total:  26186, Accuracy : 0.9932, Loss: 0.0017
[Eval] Epoch:   9, Total:   5463, Accuracy : 0.9101, Loss: 0.8577
[Train] Epoch:  10, Total:  26186, Accuracy : 0.9801, Loss: 0.0092
[Eval] Epoch:  10, Total:   5463, Accuracy : 0.9026, Loss: 0.7500
[Train] Epoch:  11, Total:  26186, Accuracy : 0.9793, Loss: 0.0072
[Eval] Epoch:  11, Total:   5463, Accuracy : 0.9055, Loss: 0.7288
[Train] Epoch:  12, Total:  26186, Accuracy : 0.9852, Loss: 0.0076
[Eval] Epoch:  12, Total:   5463, Accuracy : 0.9059, Loss: 0.7067
[Train] Epoch:  13, Total:  26186, Accuracy : 0.9880, Loss: 0.0008
[Eval] Epoch:  13, Total:   5463, Accuracy : 0.9061, Loss: 0.9881
[Train] Epoch:  14, Total:  26186, Accuracy : 0.9919, Loss: 0.0006
[Eval] Epoch:  14, Total:   5463, Accuracy : 0.9123, Loss: 0.9719
[Train] Epoch:  15, Total:  26186, Accuracy : 0.9941, Loss: 0.0016
[Eval] Epoch:  15, Total:   5463, Accuracy : 0.9083, Loss: 0.5454
[Train] Epoch:  16, Total:  26186, Accuracy : 0.9962, Loss: 0.0002
[Eval] Epoch:  16, Total:   5463, Accuracy : 0.9090, Loss: 0.8177
[Train] Epoch:  17, Total:  26186, Accuracy : 0.9970, Loss: 0.0003
[Eval] Epoch:  17, Total:   5463, Accuracy : 0.9094, Loss: 0.6787
[Train] Epoch:  18, Total:  26186, Accuracy : 0.9981, Loss: 0.0008
[Eval] Epoch:  18, Total:   5463, Accuracy : 0.9105, Loss: 0.7084
[Train] Epoch:  19, Total:  26186, Accuracy : 0.9983, Loss: 0.0003
[Eval] Epoch:  19, Total:   5463, Accuracy : 0.9099, Loss: 0.7067
{"epoch":[1,2,3,4,5,6,7,8,9,10,11,12,13,14,15,16,17,18,19,20],"train_loss":[0.42405225222067133,0.26666897195504935,0.1918724408418667,0.12923435837757297,0.09002137288973644,0.06935297236039599,0.050878753747632045,0.03884758940818379,0.03168353994416709,0.028919289809958327,0.06841749546058454,0.06775756622267115,0.055511182780582,0.04439982492519293,0.03342046031462903,0.024963621281104433,0.015963243312066104,0.011825059355831443,0.008190453298732059,0.007057813757593266],"eval_loss":[0.28212136134158733,0.2690073471776275,0.2497428760452326,0.27478523591403353,0.36358253185658956,0.3688401617976122,0.45454471679620967,0.44758641619105327,0.48423287848573787,0.488932418615319,0.3456376899293689,0.4184146552065084,0.4973061136186643,0.49012086826354956,0.5381549570796101,0.5046175107533155,0.6285737378652706,0.6146572027788606,0.6403290215273236,0.6422556408269461],"train_acc":[0.7989001756663866,0.8968914687237455,0.9298480103872299,0.9566180401741389,0.9713969296570687,0.9791491636752463,0.9860994424501642,0.9905674788054686,0.9923241426716566,0.9932024746047506,0.9800656839532574,0.9792637287099977,0.9851829221721531,0.9880470480409379,0.9919040708775682,0.9940808065378447,0.996219353853204,0.9969831207515466,0.9980905827541434,0.9983197128236462],"eval_acc":[0.8885227896760022,0.8958447739337361,0.9099395936298736,0.9086582463847702,0.909024345597657,0.9106717920556471,0.9049972542559034,0.9110378912685337,0.9110378912685337,0.9101226432363171,0.9026176093721399,0.9055464030752334,0.90591250228812,0.9060955518945635,0.9123192385136372,0.9082921471718836,0.909024345597657,0.9093904448105437,0.9104887424492037,0.9099395936298736]}
[Eval] Epoch:  11, Total:   5463, Accuracy : 0.9099, Loss: 0.7067
5463 4971 55.23398511111736
