pruned_3_0.3_model_0
DatasetDict({
    train: Dataset({
        features: ['question', 'sentence', 'label', 'indexes'],
        num_rows: 31422
    })
    validation: Dataset({
        features: ['question', 'sentence', 'label', 'indexes'],
        num_rows: 5463
    })
    test: Dataset({
        features: ['question', 'sentence', 'label', 'indexes'],
        num_rows: 5463
    })
})
[Train] Epoch:   0, Total:  31422, Accuracy : 0.7942, Loss: 0.3559
[Eval] Epoch:   0, Total:   5463, Accuracy : 0.8947, Loss: 0.3646
[Train] Epoch:   1, Total:  31422, Accuracy : 0.8929, Loss: 0.1799
[Eval] Epoch:   1, Total:   5463, Accuracy : 0.9103, Loss: 0.3395
[Train] Epoch:   2, Total:  31422, Accuracy : 0.9279, Loss: 0.3108
[Eval] Epoch:   2, Total:   5463, Accuracy : 0.9099, Loss: 0.4380
[Train] Epoch:   3, Total:  31422, Accuracy : 0.9533, Loss: 0.1151
[Eval] Epoch:   3, Total:   5463, Accuracy : 0.9129, Loss: 0.5157
[Train] Epoch:   4, Total:  31422, Accuracy : 0.9682, Loss: 0.0569
[Eval] Epoch:   4, Total:   5463, Accuracy : 0.9149, Loss: 0.5437
[Train] Epoch:   5, Total:  31422, Accuracy : 0.9779, Loss: 0.0324
[Eval] Epoch:   5, Total:   5463, Accuracy : 0.9079, Loss: 0.6384
[Train] Epoch:   6, Total:  31422, Accuracy : 0.9839, Loss: 0.0034
[Eval] Epoch:   6, Total:   5463, Accuracy : 0.9160, Loss: 0.8045
[Train] Epoch:   7, Total:  31422, Accuracy : 0.9894, Loss: 0.0018
[Eval] Epoch:   7, Total:   5463, Accuracy : 0.9152, Loss: 0.9554
[Train] Epoch:   8, Total:  31422, Accuracy : 0.9904, Loss: 0.0459
[Eval] Epoch:   8, Total:   5463, Accuracy : 0.9147, Loss: 0.9449
[Train] Epoch:   9, Total:  31422, Accuracy : 0.9923, Loss: 0.0721
[Eval] Epoch:   9, Total:   5463, Accuracy : 0.9145, Loss: 0.9741
[Train] Epoch:  10, Total:  31422, Accuracy : 0.9782, Loss: 0.0995
[Eval] Epoch:  10, Total:   5463, Accuracy : 0.9123, Loss: 0.6758
[Train] Epoch:  11, Total:  31422, Accuracy : 0.9767, Loss: 0.1036
[Eval] Epoch:  11, Total:   5463, Accuracy : 0.9030, Loss: 0.7534
[Train] Epoch:  12, Total:  31422, Accuracy : 0.9842, Loss: 0.0209
[Eval] Epoch:  12, Total:   5463, Accuracy : 0.9099, Loss: 0.6945
[Train] Epoch:  13, Total:  31422, Accuracy : 0.9872, Loss: 0.0061
[Eval] Epoch:  13, Total:   5463, Accuracy : 0.9136, Loss: 0.7375
[Train] Epoch:  14, Total:  31422, Accuracy : 0.9917, Loss: 0.0005
[Eval] Epoch:  14, Total:   5463, Accuracy : 0.9087, Loss: 0.9990
[Train] Epoch:  15, Total:  31422, Accuracy : 0.9943, Loss: 0.0004
[Eval] Epoch:  15, Total:   5463, Accuracy : 0.9147, Loss: 0.9270
[Train] Epoch:  16, Total:  31422, Accuracy : 0.9954, Loss: 0.0004
[Eval] Epoch:  16, Total:   5463, Accuracy : 0.9123, Loss: 0.7879
[Train] Epoch:  17, Total:  31422, Accuracy : 0.9966, Loss: 0.0001
[Eval] Epoch:  17, Total:   5463, Accuracy : 0.9138, Loss: 0.8151
[Train] Epoch:  18, Total:  31422, Accuracy : 0.9976, Loss: 0.0001
[Eval] Epoch:  18, Total:   5463, Accuracy : 0.9152, Loss: 0.8124
[Train] Epoch:  19, Total:  31422, Accuracy : 0.9980, Loss: 0.0002
[Eval] Epoch:  19, Total:   5463, Accuracy : 0.9152, Loss: 0.8203
{"epoch":[1,2,3,4,5,6,7,8,9,10,11,12,13,14,15,16,17,18,19,20],"train_loss":[0.44126221215894895,0.2779202869431307,0.19974114059977036,0.13965478836124395,0.09740860016197118,0.07032258603001078,0.05721487569226267,0.03979501750342958,0.03649381817960562,0.03222723112511781,0.07152883875702533,0.0744312911947844,0.05578222161286004,0.04449074252565721,0.03177833320507652,0.024701641780264294,0.01852266385285549,0.015096309889226967,0.011972448088179741,0.007986424496351617],"eval_loss":[0.26441611072351767,0.23327136732811152,0.2572654172085052,0.26178012762305347,0.33204826738598736,0.40969628354447873,0.389307574211988,0.4657649883004122,0.47399788271895676,0.4791597883801821,0.4032993168505125,0.3961480016885109,0.4897493234900541,0.4735315431689107,0.5917890556156635,0.5751708397685096,0.5640019432230051,0.6273285167421713,0.6280952734482843,0.6335117731589911],"train_acc":[0.7942206097638597,0.8928776016803514,0.9278530965565527,0.953312965438228,0.9681751638979059,0.9778817389090446,0.9839284577684425,0.9893705047419006,0.9904207243332697,0.9922665648271911,0.9781681624339634,0.9767042199732672,0.9842467061294634,0.9872064158869582,0.9916618929412514,0.9943351791738273,0.9954172236012985,0.9965629177009738,0.9975813124562408,0.9980268601616702],"eval_acc":[0.894746476295076,0.9103056928427604,0.9099395936298736,0.9128683873329673,0.914881933003844,0.9079260479589969,0.9159802306425041,0.9152480322167308,0.9146988833974007,0.9145158337909574,0.9123192385136372,0.9029837085850265,0.9099395936298736,0.9136005857587406,0.9086582463847702,0.9146988833974007,0.9123192385136372,0.9137836353651839,0.9152480322167308,0.9152480322167308]}
[Eval] Epoch:  11, Total:   5463, Accuracy : 0.9152, Loss: 0.8203
5463 5000 54.48201249167323
