pruned_2_0.3_model_0
DatasetDict({
    train: Dataset({
        features: ['question', 'sentence', 'label', 'indexes'],
        num_rows: 31422
    })
    validation: Dataset({
        features: ['question', 'sentence', 'label', 'indexes'],
        num_rows: 5463
    })
    test: Dataset({
        features: ['question', 'sentence', 'label', 'indexes'],
        num_rows: 5463
    })
})
[Train] Epoch:   0, Total:  31422, Accuracy : 0.8208, Loss: 0.1787
[Eval] Epoch:   0, Total:   5463, Accuracy : 0.8865, Loss: 0.6101
[Train] Epoch:   1, Total:  31422, Accuracy : 0.8932, Loss: 0.2282
[Eval] Epoch:   1, Total:   5463, Accuracy : 0.8931, Loss: 0.4588
[Train] Epoch:   2, Total:  31422, Accuracy : 0.9287, Loss: 0.1617
[Eval] Epoch:   2, Total:   5463, Accuracy : 0.8852, Loss: 0.4137
[Train] Epoch:   3, Total:  31422, Accuracy : 0.9552, Loss: 0.0568
[Eval] Epoch:   3, Total:   5463, Accuracy : 0.8951, Loss: 0.3752
[Train] Epoch:   4, Total:  31422, Accuracy : 0.9720, Loss: 0.0805
[Eval] Epoch:   4, Total:   5463, Accuracy : 0.8977, Loss: 0.6439
[Train] Epoch:   5, Total:  31422, Accuracy : 0.9818, Loss: 0.0657
[Eval] Epoch:   5, Total:   5463, Accuracy : 0.8986, Loss: 0.3997
[Train] Epoch:   6, Total:  31422, Accuracy : 0.9886, Loss: 0.0038
[Eval] Epoch:   6, Total:   5463, Accuracy : 0.8975, Loss: 0.6299
[Train] Epoch:   7, Total:  31422, Accuracy : 0.9924, Loss: 0.0016
[Eval] Epoch:   7, Total:   5463, Accuracy : 0.9004, Loss: 0.6198
[Train] Epoch:   8, Total:  31422, Accuracy : 0.9937, Loss: 0.0036
[Eval] Epoch:   8, Total:   5463, Accuracy : 0.9026, Loss: 0.7027
[Train] Epoch:   9, Total:  31422, Accuracy : 0.9947, Loss: 0.0010
[Eval] Epoch:   9, Total:   5463, Accuracy : 0.9026, Loss: 0.7472
[Train] Epoch:  10, Total:  31422, Accuracy : 0.9815, Loss: 0.0805
[Eval] Epoch:  10, Total:   5463, Accuracy : 0.8933, Loss: 0.8863
[Train] Epoch:  11, Total:  31422, Accuracy : 0.9804, Loss: 0.1846
[Eval] Epoch:  11, Total:   5463, Accuracy : 0.8918, Loss: 0.6594
[Train] Epoch:  12, Total:  31422, Accuracy : 0.9863, Loss: 0.0977
[Eval] Epoch:  12, Total:   5463, Accuracy : 0.8977, Loss: 0.5937
[Train] Epoch:  13, Total:  31422, Accuracy : 0.9894, Loss: 0.0259
[Eval] Epoch:  13, Total:   5463, Accuracy : 0.8957, Loss: 0.8663
[Train] Epoch:  14, Total:  31422, Accuracy : 0.9921, Loss: 0.0484
[Eval] Epoch:  14, Total:   5463, Accuracy : 0.9046, Loss: 0.7354
[Train] Epoch:  15, Total:  31422, Accuracy : 0.9948, Loss: 0.0014
[Eval] Epoch:  15, Total:   5463, Accuracy : 0.9043, Loss: 0.9312
[Train] Epoch:  16, Total:  31422, Accuracy : 0.9963, Loss: 0.0003
[Eval] Epoch:  16, Total:   5463, Accuracy : 0.9046, Loss: 0.7436
[Train] Epoch:  17, Total:  31422, Accuracy : 0.9980, Loss: 0.0002
[Eval] Epoch:  17, Total:   5463, Accuracy : 0.9032, Loss: 0.7649
[Train] Epoch:  18, Total:  31422, Accuracy : 0.9978, Loss: 0.0003
[Eval] Epoch:  18, Total:   5463, Accuracy : 0.9072, Loss: 0.7989
[Train] Epoch:  19, Total:  31422, Accuracy : 0.9984, Loss: 0.0006
[Eval] Epoch:  19, Total:   5463, Accuracy : 0.9065, Loss: 0.7981
{"epoch":[1,2,3,4,5,6,7,8,9,10,11,12,13,14,15,16,17,18,19,20],"train_loss":[0.3707241296404005,0.2417671430377999,0.17359554780506797,0.11753055287331586,0.07949152575851307,0.056484790263762,0.04179789029633676,0.02940585575461987,0.024571339504237528,0.022638041216073,0.062148150065432485,0.06108970782478186,0.046422579651271695,0.038660224664163474,0.03079464399406844,0.021018730843467677,0.01568014410319297,0.008789873908480388,0.00940830634142305,0.0064946207310310885],"eval_loss":[0.2903155416770037,0.2593128469794296,0.28780259443230405,0.3147857356383357,0.36620316273251247,0.3936029171874357,0.5550495111491791,0.5430973269218622,0.5507414195426675,0.5536524322490359,0.4807216320620027,0.48719796347756716,0.5426355006909648,0.621760121265123,0.57372306963039,0.5991211264979007,0.616517260150854,0.6825367546705312,0.6799092784870503,0.6805262614128201],"train_acc":[0.8207625230730061,0.8931958500413723,0.9287123671313092,0.9551906307682515,0.9719941442301572,0.9817643689135,0.9886067086754503,0.9924256890077016,0.9937305072878875,0.9947489020431545,0.9814779453885812,0.980364076125008,0.9863471453122017,0.9893705047419006,0.9921392654827828,0.9948125517153587,0.9963083190121571,0.997963210489466,0.9978359111450577,0.9984405830309974],"eval_acc":[0.8865092440051254,0.8930990298370859,0.885227896760022,0.8951125755079626,0.8976752699981695,0.8985905180303863,0.8974922203917262,0.9004210140948197,0.9026176093721399,0.9026176093721399,0.8932820794435292,0.8918176825919825,0.8976752699981695,0.8956617243272927,0.9046311550430166,0.90426505583013,0.9046311550430166,0.9031667581914699,0.9071938495332235,0.9064616511074501]}
[Eval] Epoch:  11, Total:   5463, Accuracy : 0.9065, Loss: 0.7981
5463 4952 58.52525848150253
