random_0.5_model_0
DatasetDict({
    train: Dataset({
        features: ['question', 'sentence', 'label', 'indexes'],
        num_rows: 52372
    })
    validation: Dataset({
        features: ['question', 'sentence', 'label', 'indexes'],
        num_rows: 5463
    })
    test: Dataset({
        features: ['question', 'sentence', 'label', 'indexes'],
        num_rows: 5463
    })
})
[Train] Epoch:   0, Total:  52372, Accuracy : 0.8342, Loss: 0.1648
[Eval] Epoch:   0, Total:   5463, Accuracy : 0.9074, Loss: 0.3928
[Train] Epoch:   1, Total:  52372, Accuracy : 0.9104, Loss: 0.2058
[Eval] Epoch:   1, Total:   5463, Accuracy : 0.9156, Loss: 0.4791
[Train] Epoch:   2, Total:  52372, Accuracy : 0.9414, Loss: 0.0765
[Eval] Epoch:   2, Total:   5463, Accuracy : 0.9198, Loss: 0.4650
[Train] Epoch:   3, Total:  52372, Accuracy : 0.9608, Loss: 0.0379
[Eval] Epoch:   3, Total:   5463, Accuracy : 0.9178, Loss: 0.4595
[Train] Epoch:   4, Total:  52372, Accuracy : 0.9740, Loss: 0.0082
[Eval] Epoch:   4, Total:   5463, Accuracy : 0.9171, Loss: 0.5770
[Train] Epoch:   5, Total:  52372, Accuracy : 0.9817, Loss: 0.0034
[Eval] Epoch:   5, Total:   5463, Accuracy : 0.9141, Loss: 0.5664
[Train] Epoch:   6, Total:  52372, Accuracy : 0.9880, Loss: 0.0017
[Eval] Epoch:   6, Total:   5463, Accuracy : 0.9169, Loss: 0.6443
[Train] Epoch:   7, Total:  52372, Accuracy : 0.9911, Loss: 0.0026
[Eval] Epoch:   7, Total:   5463, Accuracy : 0.9204, Loss: 0.5962
[Train] Epoch:   8, Total:  52372, Accuracy : 0.9932, Loss: 0.0015
[Eval] Epoch:   8, Total:   5463, Accuracy : 0.9206, Loss: 0.6253
[Train] Epoch:   9, Total:  52372, Accuracy : 0.9940, Loss: 0.0331
[Eval] Epoch:   9, Total:   5463, Accuracy : 0.9174, Loss: 0.6395
[Train] Epoch:  10, Total:  52372, Accuracy : 0.9788, Loss: 0.0053
[Eval] Epoch:  10, Total:   5463, Accuracy : 0.9002, Loss: 0.7005
[Train] Epoch:  11, Total:  52372, Accuracy : 0.9802, Loss: 0.0545
[Eval] Epoch:  11, Total:   5463, Accuracy : 0.9174, Loss: 0.8380
[Train] Epoch:  12, Total:  52372, Accuracy : 0.9847, Loss: 0.0018
[Eval] Epoch:  12, Total:   5463, Accuracy : 0.9138, Loss: 0.7655
[Train] Epoch:  13, Total:  52372, Accuracy : 0.9898, Loss: 0.0010
[Eval] Epoch:  13, Total:   5463, Accuracy : 0.9163, Loss: 0.6235
[Train] Epoch:  14, Total:  52372, Accuracy : 0.9924, Loss: 0.0064
[Eval] Epoch:  14, Total:   5463, Accuracy : 0.9173, Loss: 1.1388
[Train] Epoch:  15, Total:  52372, Accuracy : 0.9945, Loss: 0.0003
[Eval] Epoch:  15, Total:   5463, Accuracy : 0.9184, Loss: 1.0957
[Train] Epoch:  16, Total:  52372, Accuracy : 0.9964, Loss: 0.0003
[Eval] Epoch:  16, Total:   5463, Accuracy : 0.9206, Loss: 0.9296
[Train] Epoch:  17, Total:  52372, Accuracy : 0.9973, Loss: 0.0001
[Eval] Epoch:  17, Total:   5463, Accuracy : 0.9202, Loss: 1.1757
[Train] Epoch:  18, Total:  52372, Accuracy : 0.9979, Loss: 0.0001
[Eval] Epoch:  18, Total:   5463, Accuracy : 0.9213, Loss: 1.1137
[Train] Epoch:  19, Total:  52372, Accuracy : 0.9982, Loss: 0.0001
[Eval] Epoch:  19, Total:   5463, Accuracy : 0.9215, Loss: 1.1408
{"epoch":[1,2,3,4,5,6,7,8,9,10,11,12,13,14,15,16,17,18,19,20],"train_loss":[0.3663177473495586,0.23201448582249246,0.16136804161654725,0.11390941063742697,0.0820076573476359,0.060702308613416925,0.04507242809052628,0.03459586012185698,0.028773430787323678,0.0257707786607307,0.06857864768820006,0.06473060270901587,0.05200283731859415,0.03952464001400792,0.029419600737975657,0.023637856114587505,0.01569832598245265,0.011202383007423813,0.00943303967224305,0.008562750185178013],"eval_loss":[0.22948540236021198,0.2390152529575104,0.24381396503642547,0.2610965805171534,0.33382906322908956,0.3933635233186705,0.4357201874061206,0.4372460538911265,0.4498076510593988,0.47412226787703327,0.4135066750784253,0.37957476111951954,0.4221311928920968,0.451090166680948,0.5275089467508816,0.5522083079572334,0.528900109718792,0.6022991502646027,0.5863543637678958,0.5951224975335293],"train_acc":[0.8341671121973574,0.9104483311693271,0.9414190788971206,0.9608378522874819,0.9739937371114336,0.9816886886122356,0.9879897655235622,0.9911021156343084,0.9932024746047506,0.9940044298480104,0.9788436569159092,0.9801802489880088,0.984705567860689,0.9898228060795845,0.9923623310165738,0.9944817841594745,0.996353013060414,0.9972886275108837,0.9978805468570993,0.9982051477888948],"eval_acc":[0.9073768991396669,0.9156141314296175,0.9198242723778144,0.9178107267069375,0.9170785282811642,0.9141497345780707,0.9168954786747209,0.9203734211971444,0.9205564708035878,0.9174446274940509,0.9002379644883763,0.9174446274940509,0.9137836353651839,0.9163463298553908,0.9172615778876075,0.9183598755262676,0.9205564708035878,0.920190371590701,0.9212886692293611,0.9214717188358045]}
[Eval] Epoch:  11, Total:   5463, Accuracy : 0.9215, Loss: 1.1408
5463 5034 51.180534787883516
