pruned_1_0.75_model_0
DatasetDict({
    train: Dataset({
        features: ['question', 'sentence', 'label', 'indexes'],
        num_rows: 78567
    })
    validation: Dataset({
        features: ['question', 'sentence', 'label', 'indexes'],
        num_rows: 5463
    })
    test: Dataset({
        features: ['question', 'sentence', 'label', 'indexes'],
        num_rows: 5463
    })
})
[Train] Epoch:   0, Total:  78567, Accuracy : 0.8490, Loss: 0.2843
[Eval] Epoch:   0, Total:   5463, Accuracy : 0.9165, Loss: 0.4309
[Train] Epoch:   1, Total:  78567, Accuracy : 0.9153, Loss: 0.1102
[Eval] Epoch:   1, Total:   5463, Accuracy : 0.9211, Loss: 0.4561
[Train] Epoch:   2, Total:  78567, Accuracy : 0.9432, Loss: 0.2169
[Eval] Epoch:   2, Total:   5463, Accuracy : 0.9098, Loss: 0.1661
[Train] Epoch:   3, Total:  78567, Accuracy : 0.9611, Loss: 0.1318
[Eval] Epoch:   3, Total:   5463, Accuracy : 0.9213, Loss: 0.3898
[Train] Epoch:   4, Total:  78567, Accuracy : 0.9744, Loss: 0.0085
[Eval] Epoch:   4, Total:   5463, Accuracy : 0.9217, Loss: 0.6004
[Train] Epoch:   5, Total:  78567, Accuracy : 0.9820, Loss: 0.0607
[Eval] Epoch:   5, Total:   5463, Accuracy : 0.9202, Loss: 0.6095
[Train] Epoch:   6, Total:  78567, Accuracy : 0.9871, Loss: 0.0019
[Eval] Epoch:   6, Total:   5463, Accuracy : 0.9229, Loss: 0.7874
[Train] Epoch:   7, Total:  78567, Accuracy : 0.9909, Loss: 0.0086
[Eval] Epoch:   7, Total:   5463, Accuracy : 0.9231, Loss: 0.8290
[Train] Epoch:   8, Total:  78567, Accuracy : 0.9923, Loss: 0.0019
[Eval] Epoch:   8, Total:   5463, Accuracy : 0.9239, Loss: 0.7953
[Train] Epoch:   9, Total:  78567, Accuracy : 0.9933, Loss: 0.0009
[Eval] Epoch:   9, Total:   5463, Accuracy : 0.9249, Loss: 0.8138
[Train] Epoch:  10, Total:  78567, Accuracy : 0.9790, Loss: 0.1668
[Eval] Epoch:  10, Total:   5463, Accuracy : 0.9222, Loss: 0.3788
[Train] Epoch:  11, Total:  78567, Accuracy : 0.9800, Loss: 0.0770
[Eval] Epoch:  11, Total:   5463, Accuracy : 0.9169, Loss: 0.5507
[Train] Epoch:  12, Total:  78567, Accuracy : 0.9855, Loss: 0.0018
[Eval] Epoch:  12, Total:   5463, Accuracy : 0.9131, Loss: 0.4092
[Train] Epoch:  13, Total:  78567, Accuracy : 0.9894, Loss: 0.1131
[Eval] Epoch:  13, Total:   5463, Accuracy : 0.9158, Loss: 0.4240
[Train] Epoch:  14, Total:  78567, Accuracy : 0.9924, Loss: 0.0019
[Eval] Epoch:  14, Total:   5463, Accuracy : 0.9202, Loss: 0.3800
[Train] Epoch:  15, Total:  78567, Accuracy : 0.9947, Loss: 0.0023
[Eval] Epoch:  15, Total:   5463, Accuracy : 0.9195, Loss: 0.6417
[Train] Epoch:  16, Total:  78567, Accuracy : 0.9964, Loss: 0.0003
[Eval] Epoch:  16, Total:   5463, Accuracy : 0.9222, Loss: 0.8793
[Train] Epoch:  17, Total:  78567, Accuracy : 0.9973, Loss: 0.0002
[Eval] Epoch:  17, Total:   5463, Accuracy : 0.9202, Loss: 0.6248
[Train] Epoch:  18, Total:  78567, Accuracy : 0.9979, Loss: 0.0002
[Eval] Epoch:  18, Total:   5463, Accuracy : 0.9228, Loss: 0.5424
[Train] Epoch:  19, Total:  78567, Accuracy : 0.9984, Loss: 0.0002
[Eval] Epoch:  19, Total:   5463, Accuracy : 0.9233, Loss: 0.5706
{"epoch":[1,2,3,4,5,6,7,8,9,10,11,12,13,14,15,16,17,18,19,20],"train_loss":[0.3449256856734667,0.22215897170371748,0.15583213961285808,0.11308636148619475,0.07993885515699867,0.05928780059049555,0.047332003764794524,0.03503086745639632,0.03125537039201759,0.026983604273274966,0.06781137397810279,0.06575579882709572,0.0510976317992581,0.039366953960892515,0.03129248714648345,0.021990567244184907,0.015694891406389175,0.011909490078830461,0.008919130697691319,0.0070143903187853025],"eval_loss":[0.21988460300273674,0.22314699843179348,0.2785323906776517,0.2526270327873008,0.2892627141243497,0.34382348546628344,0.36298284073208653,0.41711463060143383,0.422710083944853,0.4362769978510779,0.3650267387761973,0.3866444765481838,0.4590178486392942,0.41748464090186493,0.4493298677424359,0.4941010145946991,0.525984741748733,0.5471633285457311,0.5684539548359638,0.570326990859453],"train_acc":[0.8489951251797828,0.9152570417605356,0.9432204360609416,0.9610650782134993,0.9743785558822406,0.9819644379955961,0.9871065460053203,0.9909376710323673,0.992325021955783,0.993292349205137,0.9789860883067955,0.980029783496888,0.98545190728932,0.9893721282472285,0.9923759339162753,0.9946797001285527,0.9964107067852915,0.997288938103784,0.997912609619815,0.9983835452543689],"eval_acc":[0.9165293794618341,0.9211056196229178,0.9097565440234303,0.9212886692293611,0.9216547684422478,0.920190371590701,0.9229361156873512,0.9231191652937946,0.923851363719568,0.9249496613582281,0.9222039172615779,0.9168954786747209,0.9130514369394106,0.9157971810360608,0.920190371590701,0.9194581731649277,0.9222039172615779,0.920190371590701,0.9227530660809079,0.923302214900238]}
[Eval] Epoch:  11, Total:   5463, Accuracy : 0.9233, Loss: 0.5706
5463 5044 49.048121213912964
