random_0.005_model_0
DatasetDict({
    train: Dataset({
        features: ['question', 'sentence', 'label', 'indexes'],
        num_rows: 524
    })
    validation: Dataset({
        features: ['question', 'sentence', 'label', 'indexes'],
        num_rows: 5463
    })
    test: Dataset({
        features: ['question', 'sentence', 'label', 'indexes'],
        num_rows: 5463
    })
})
[Train] Epoch:   0, Total:    524, Accuracy : 0.4905, Loss: 0.7116
[Eval] Epoch:   0, Total:   5463, Accuracy : 0.5054, Loss: 0.6978
[Train] Epoch:   1, Total:    524, Accuracy : 0.4656, Loss: 0.6930
[Eval] Epoch:   1, Total:   5463, Accuracy : 0.4946, Loss: 0.6907
[Train] Epoch:   2, Total:    524, Accuracy : 0.5115, Loss: 0.6896
[Eval] Epoch:   2, Total:   5463, Accuracy : 0.4946, Loss: 0.6880
[Train] Epoch:   3, Total:    524, Accuracy : 0.5267, Loss: 0.6799
[Eval] Epoch:   3, Total:   5463, Accuracy : 0.4946, Loss: 0.6884
[Train] Epoch:   4, Total:    524, Accuracy : 0.5763, Loss: 0.6945
[Eval] Epoch:   4, Total:   5463, Accuracy : 0.5451, Loss: 0.6851
[Train] Epoch:   5, Total:    524, Accuracy : 0.7080, Loss: 0.4869
[Eval] Epoch:   5, Total:   5463, Accuracy : 0.7525, Loss: 0.5959
[Train] Epoch:   6, Total:    524, Accuracy : 0.8149, Loss: 0.5179
[Eval] Epoch:   6, Total:   5463, Accuracy : 0.7102, Loss: 0.5893
[Train] Epoch:   7, Total:    524, Accuracy : 0.8435, Loss: 0.3677
[Eval] Epoch:   7, Total:   5463, Accuracy : 0.7355, Loss: 0.5847
[Train] Epoch:   8, Total:    524, Accuracy : 0.8588, Loss: 0.6373
[Eval] Epoch:   8, Total:   5463, Accuracy : 0.7943, Loss: 0.7083
[Train] Epoch:   9, Total:    524, Accuracy : 0.8874, Loss: 0.4151
[Eval] Epoch:   9, Total:   5463, Accuracy : 0.7836, Loss: 0.6418
[Train] Epoch:  10, Total:    524, Accuracy : 0.9351, Loss: 0.1814
[Eval] Epoch:  10, Total:   5463, Accuracy : 0.8131, Loss: 0.6263
[Train] Epoch:  11, Total:    524, Accuracy : 0.9466, Loss: 0.0720
[Eval] Epoch:  11, Total:   5463, Accuracy : 0.8063, Loss: 0.6679
[Train] Epoch:  12, Total:    524, Accuracy : 0.9466, Loss: 0.0473
[Eval] Epoch:  12, Total:   5463, Accuracy : 0.8131, Loss: 0.7014
[Train] Epoch:  13, Total:    524, Accuracy : 0.9656, Loss: 0.2718
[Eval] Epoch:  13, Total:   5463, Accuracy : 0.8012, Loss: 1.2027
[Train] Epoch:  14, Total:    524, Accuracy : 0.9809, Loss: 0.0170
[Eval] Epoch:  14, Total:   5463, Accuracy : 0.7734, Loss: 0.7729
[Train] Epoch:  15, Total:    524, Accuracy : 0.9943, Loss: 0.0154
[Eval] Epoch:  15, Total:   5463, Accuracy : 0.8190, Loss: 1.2019
[Train] Epoch:  16, Total:    524, Accuracy : 0.9981, Loss: 0.0042
[Eval] Epoch:  16, Total:   5463, Accuracy : 0.8140, Loss: 1.0978
[Train] Epoch:  17, Total:    524, Accuracy : 0.9924, Loss: 0.0033
[Eval] Epoch:  17, Total:   5463, Accuracy : 0.7939, Loss: 0.9252
[Train] Epoch:  18, Total:    524, Accuracy : 0.9962, Loss: 0.0044
[Eval] Epoch:  18, Total:   5463, Accuracy : 0.8040, Loss: 1.0499
[Train] Epoch:  19, Total:    524, Accuracy : 1.0000, Loss: 0.0030
[Eval] Epoch:  19, Total:   5463, Accuracy : 0.8091, Loss: 1.0813
{"epoch":[1,2,3,4,5,6,7,8,9,10,11,12,13,14,15,16,17,18,19,20],"train_loss":[0.6996378699938456,0.6948138210508559,0.6925991045104133,0.6893061002095541,0.6882252759403653,0.6398209962579939,0.46968257427215576,0.3900379306740231,0.3806479987170961,0.2918945120440589,0.20331883678833643,0.16065068460173076,0.15288962134056622,0.1314862043493324,0.056399180450373225,0.022891595649222534,0.008159031470616659,0.022572680143639445,0.01175563611711065,0.0032384731910294956],"eval_loss":[0.6932276418042738,0.6929347986398742,0.6933311099229857,0.6916984860287156,0.685842435720355,0.572469653778298,0.7051217403522757,0.6447075487569321,0.4974998869868212,0.5850600517073343,0.49883944315965784,0.546007578109586,0.5382442928330843,0.6219655271879462,0.8864304340162943,0.7976511307927066,0.9324142884376437,1.0895775542702786,1.0234063836031182,1.0038093120552773],"train_acc":[0.4904580152671756,0.46564885496183206,0.5114503816793893,0.5267175572519084,0.5763358778625954,0.7080152671755725,0.8148854961832062,0.8435114503816794,0.8587786259541985,0.8874045801526718,0.9351145038167938,0.9465648854961832,0.9465648854961832,0.9656488549618321,0.9809160305343512,0.9942748091603053,0.9980916030534351,0.9923664122137404,0.9961832061068703,1.0],"eval_acc":[0.5053999633900788,0.4946000366099213,0.4946000366099213,0.4946000366099213,0.5451217279882848,0.752516932088596,0.710232473000183,0.7354933186893649,0.7942522423576789,0.7836353651839648,0.8131063518213436,0.8063335163829398,0.8131063518213436,0.8012081274025261,0.7733845872231375,0.8189639392275306,0.8140215998535603,0.7938861431447922,0.8039538714991763,0.80907926047959]}
[Eval] Epoch:  11, Total:   5463, Accuracy : 0.8091, Loss: 1.0813
5463 4420 86.32760083675385
