random_0.05_model_0
DatasetDict({
    train: Dataset({
        features: ['question', 'sentence', 'label', 'indexes'],
        num_rows: 5237
    })
    validation: Dataset({
        features: ['question', 'sentence', 'label', 'indexes'],
        num_rows: 5463
    })
    test: Dataset({
        features: ['question', 'sentence', 'label', 'indexes'],
        num_rows: 5463
    })
})
[Train] Epoch:   0, Total:   5237, Accuracy : 0.5967, Loss: 0.4042
[Eval] Epoch:   0, Total:   5463, Accuracy : 0.8354, Loss: 0.3982
[Train] Epoch:   1, Total:   5237, Accuracy : 0.8344, Loss: 0.3989
[Eval] Epoch:   1, Total:   5463, Accuracy : 0.8607, Loss: 0.3913
[Train] Epoch:   2, Total:   5237, Accuracy : 0.8938, Loss: 0.0727
[Eval] Epoch:   2, Total:   5463, Accuracy : 0.8741, Loss: 0.5930
[Train] Epoch:   3, Total:   5237, Accuracy : 0.9374, Loss: 0.0652
[Eval] Epoch:   3, Total:   5463, Accuracy : 0.8545, Loss: 0.6436
[Train] Epoch:   4, Total:   5237, Accuracy : 0.9595, Loss: 0.1734
[Eval] Epoch:   4, Total:   5463, Accuracy : 0.8739, Loss: 0.8170
[Train] Epoch:   5, Total:   5237, Accuracy : 0.9740, Loss: 0.0207
[Eval] Epoch:   5, Total:   5463, Accuracy : 0.8772, Loss: 0.6630
[Train] Epoch:   6, Total:   5237, Accuracy : 0.9767, Loss: 0.1265
[Eval] Epoch:   6, Total:   5463, Accuracy : 0.8792, Loss: 0.9002
[Train] Epoch:   7, Total:   5237, Accuracy : 0.9842, Loss: 0.0961
[Eval] Epoch:   7, Total:   5463, Accuracy : 0.8830, Loss: 0.8885
[Train] Epoch:   8, Total:   5237, Accuracy : 0.9884, Loss: 0.0078
[Eval] Epoch:   8, Total:   5463, Accuracy : 0.8827, Loss: 0.8709
[Train] Epoch:   9, Total:   5237, Accuracy : 0.9895, Loss: 0.1827
[Eval] Epoch:   9, Total:   5463, Accuracy : 0.8823, Loss: 0.9298
[Train] Epoch:  10, Total:   5237, Accuracy : 0.9824, Loss: 0.0484
[Eval] Epoch:  10, Total:   5463, Accuracy : 0.8790, Loss: 1.0036
[Train] Epoch:  11, Total:   5237, Accuracy : 0.9786, Loss: 0.1180
[Eval] Epoch:  11, Total:   5463, Accuracy : 0.8645, Loss: 0.8205
[Train] Epoch:  12, Total:   5237, Accuracy : 0.9815, Loss: 0.0105
[Eval] Epoch:  12, Total:   5463, Accuracy : 0.8777, Loss: 1.0672
[Train] Epoch:  13, Total:   5237, Accuracy : 0.9899, Loss: 0.0018
[Eval] Epoch:  13, Total:   5463, Accuracy : 0.8764, Loss: 1.4756
[Train] Epoch:  14, Total:   5237, Accuracy : 0.9920, Loss: 0.0024
[Eval] Epoch:  14, Total:   5463, Accuracy : 0.8803, Loss: 1.4941
[Train] Epoch:  15, Total:   5237, Accuracy : 0.9931, Loss: 0.0008
[Eval] Epoch:  15, Total:   5463, Accuracy : 0.8775, Loss: 1.1212
[Train] Epoch:  16, Total:   5237, Accuracy : 0.9954, Loss: 0.0009
[Eval] Epoch:  16, Total:   5463, Accuracy : 0.8828, Loss: 1.0779
[Train] Epoch:  17, Total:   5237, Accuracy : 0.9968, Loss: 0.1488
[Eval] Epoch:  17, Total:   5463, Accuracy : 0.8834, Loss: 1.0283
[Train] Epoch:  18, Total:   5237, Accuracy : 0.9973, Loss: 0.1843
[Eval] Epoch:  18, Total:   5463, Accuracy : 0.8832, Loss: 1.0874
[Train] Epoch:  19, Total:   5237, Accuracy : 0.9968, Loss: 0.0005
[Eval] Epoch:  19, Total:   5463, Accuracy : 0.8830, Loss: 1.1308
{"epoch":[1,2,3,4,5,6,7,8,9,10,11,12,13,14,15,16,17,18,19,20],"train_loss":[0.6465516362975283,0.40124576375251864,0.27844610710333034,0.18674472837549885,0.12764042400096248,0.09743492561392486,0.07993779414356118,0.05793757704313754,0.04501187740314025,0.0455253415474123,0.07103455292271087,0.07759941619162153,0.06555454867960113,0.04057215870125219,0.03913062789105447,0.02511463883168223,0.019793979497058543,0.015877500526740487,0.01190974091807176,0.015193667982580004],"eval_loss":[0.3999947669894196,0.3596038645090059,0.3460996755680373,0.44212340043727744,0.45873099097678827,0.43749754823917564,0.48030893712542777,0.5269332037762154,0.5343595166192499,0.5447018422013106,0.49911733612764714,0.6497363030563953,0.5485258119743924,0.6973367420046829,0.6801899973043176,0.7479176296051159,0.7406819383072298,0.7727520611397055,0.7819248936897101,0.7816318779490715],"train_acc":[0.5967156769142639,0.8344472025969066,0.8938323467634142,0.9373687225510788,0.9595188084781363,0.9740309337406913,0.9767042199732672,0.9841512316211571,0.9883521099866336,0.9894978040863089,0.982432690471644,0.9786137101393928,0.9814779453885812,0.9898797021195341,0.9919801413022723,0.9931258354019477,0.9954172236012985,0.9967538667175864,0.9973267137674241,0.9967538667175864],"eval_acc":[0.8354384038074318,0.8606992494966136,0.8740618707669778,0.8544755628775398,0.8738788211605345,0.8771737140765148,0.8791872597473915,0.8830313014827018,0.8826652022698152,0.8822991030569284,0.8790042101409482,0.8645432912319239,0.8777228628958448,0.8764415156507414,0.8802855573860516,0.8775398132894014,0.8828482518762585,0.8833974006955885,0.8832143510891451,0.8830313014827018]}
[Eval] Epoch:  11, Total:   5463, Accuracy : 0.8830, Loss: 1.1308
5463 4824 67.22034150362015
