pruned_2_0.1_model_0
DatasetDict({
    train: Dataset({
        features: ['question', 'sentence', 'label', 'indexes'],
        num_rows: 10474
    })
    validation: Dataset({
        features: ['question', 'sentence', 'label', 'indexes'],
        num_rows: 5463
    })
    test: Dataset({
        features: ['question', 'sentence', 'label', 'indexes'],
        num_rows: 5463
    })
})
[Train] Epoch:   0, Total:  10474, Accuracy : 0.8125, Loss: 0.3099
[Eval] Epoch:   0, Total:   5463, Accuracy : 0.7003, Loss: 0.8060
[Train] Epoch:   1, Total:  10474, Accuracy : 0.8450, Loss: 0.3268
[Eval] Epoch:   1, Total:   5463, Accuracy : 0.7619, Loss: 0.5939
[Train] Epoch:   2, Total:  10474, Accuracy : 0.8829, Loss: 0.2299
[Eval] Epoch:   2, Total:   5463, Accuracy : 0.8129, Loss: 0.7018
[Train] Epoch:   3, Total:  10474, Accuracy : 0.9158, Loss: 0.2106
[Eval] Epoch:   3, Total:   5463, Accuracy : 0.8184, Loss: 0.8071
[Train] Epoch:   4, Total:  10474, Accuracy : 0.9397, Loss: 0.1907
[Eval] Epoch:   4, Total:   5463, Accuracy : 0.7910, Loss: 1.2116
[Train] Epoch:   5, Total:  10474, Accuracy : 0.9584, Loss: 0.1036
[Eval] Epoch:   5, Total:   5463, Accuracy : 0.8173, Loss: 0.9325
[Train] Epoch:   6, Total:  10474, Accuracy : 0.9716, Loss: 0.0371
[Eval] Epoch:   6, Total:   5463, Accuracy : 0.8140, Loss: 1.1311
[Train] Epoch:   7, Total:  10474, Accuracy : 0.9781, Loss: 0.0936
[Eval] Epoch:   7, Total:   5463, Accuracy : 0.8007, Loss: 1.2196
[Train] Epoch:   8, Total:  10474, Accuracy : 0.9850, Loss: 0.0068
[Eval] Epoch:   8, Total:   5463, Accuracy : 0.8104, Loss: 1.3222
[Train] Epoch:   9, Total:  10474, Accuracy : 0.9850, Loss: 0.0182
[Eval] Epoch:   9, Total:   5463, Accuracy : 0.8069, Loss: 1.3704
[Train] Epoch:  10, Total:  10474, Accuracy : 0.9731, Loss: 0.1150
[Eval] Epoch:  10, Total:   5463, Accuracy : 0.8338, Loss: 1.3751
[Train] Epoch:  11, Total:  10474, Accuracy : 0.9742, Loss: 0.0791
[Eval] Epoch:  11, Total:   5463, Accuracy : 0.8118, Loss: 1.2477
[Train] Epoch:  12, Total:  10474, Accuracy : 0.9800, Loss: 0.0093
[Eval] Epoch:  12, Total:   5463, Accuracy : 0.7875, Loss: 1.8808
[Train] Epoch:  13, Total:  10474, Accuracy : 0.9868, Loss: 0.0415
[Eval] Epoch:  13, Total:   5463, Accuracy : 0.8153, Loss: 1.3825
[Train] Epoch:  14, Total:  10474, Accuracy : 0.9901, Loss: 0.0829
[Eval] Epoch:  14, Total:   5463, Accuracy : 0.8012, Loss: 2.1537
[Train] Epoch:  15, Total:  10474, Accuracy : 0.9934, Loss: 0.0002
[Eval] Epoch:  15, Total:   5463, Accuracy : 0.8149, Loss: 1.8915
[Train] Epoch:  16, Total:  10474, Accuracy : 0.9957, Loss: 0.0002
[Eval] Epoch:  16, Total:   5463, Accuracy : 0.8109, Loss: 2.3511
[Train] Epoch:  17, Total:  10474, Accuracy : 0.9977, Loss: 0.0001
[Eval] Epoch:  17, Total:   5463, Accuracy : 0.8111, Loss: 2.8164
[Train] Epoch:  18, Total:  10474, Accuracy : 0.9977, Loss: 0.0001
[Eval] Epoch:  18, Total:   5463, Accuracy : 0.8111, Loss: 2.4439
[Train] Epoch:  19, Total:  10474, Accuracy : 0.9977, Loss: 0.0001
[Eval] Epoch:  19, Total:   5463, Accuracy : 0.8104, Loss: 2.4474
{"epoch":[1,2,3,4,5,6,7,8,9,10,11,12,13,14,15,16,17,18,19,20],"train_loss":[0.4191765349085738,0.2944345388834069,0.24617238142868367,0.19089963382518874,0.14408827700266025,0.10530954115547059,0.07896603476369708,0.061919885684690645,0.04503052391214069,0.042986895686026844,0.0767960349579126,0.072874080078824,0.05744955161438755,0.043031733751399216,0.03380506935869429,0.02467190916933937,0.018791206898041733,0.009220368355294696,0.010739352886248082,0.010678568431990797],"eval_loss":[0.6280477875193884,0.5197998864013095,0.483572154197582,0.5465986598716226,0.6458031770794891,0.5766681275048922,0.6699101587021074,0.7792743512017782,0.8600886952738429,0.8901349637050961,0.720350947317689,0.80250493887552,1.1037327065024265,0.9788084620999735,1.2509077946807063,1.3035994859975437,1.3483067870486614,1.4727359802223916,1.4618065918600835,1.4651350268097811],"train_acc":[0.8124880656864617,0.845044873018904,0.882948252816498,0.9157914836738591,0.9396601107504297,0.958373114378461,0.9716440710330342,0.9781363375978613,0.9850105021959137,0.9850105021959137,0.9730761886576285,0.9742218827573038,0.9799503532556807,0.986824517853733,0.9900706511361467,0.9934122589268666,0.9957036471262173,0.9977086118006492,0.9977086118006492,0.9977086118006492],"eval_acc":[0.7003477942522424,0.7618524620172067,0.8129233022149003,0.8184147904082006,0.7909573494416987,0.8173164927695405,0.8140215998535603,0.800658978583196,0.8103606077246934,0.8068826652022698,0.8337909573494418,0.8118250045762402,0.7874794069192751,0.8153029470986637,0.8012081274025261,0.814936847885777,0.8109097565440234,0.8110928061504667,0.8110928061504667,0.8103606077246934]}
[Eval] Epoch:  11, Total:   5463, Accuracy : 0.8104, Loss: 2.4474
5463 4427 126.00161230564117
