pruned_3_0.1_model_0
DatasetDict({
    train: Dataset({
        features: ['question', 'sentence', 'label', 'indexes'],
        num_rows: 10474
    })
    validation: Dataset({
        features: ['question', 'sentence', 'label', 'indexes'],
        num_rows: 5463
    })
    test: Dataset({
        features: ['question', 'sentence', 'label', 'indexes'],
        num_rows: 5463
    })
})
[Train] Epoch:   0, Total:  10474, Accuracy : 0.6932, Loss: 0.3471
[Eval] Epoch:   0, Total:   5463, Accuracy : 0.8483, Loss: 0.4105
[Train] Epoch:   1, Total:  10474, Accuracy : 0.8573, Loss: 0.5062
[Eval] Epoch:   1, Total:   5463, Accuracy : 0.8603, Loss: 0.3312
[Train] Epoch:   2, Total:  10474, Accuracy : 0.9039, Loss: 0.1752
[Eval] Epoch:   2, Total:   5463, Accuracy : 0.8993, Loss: 0.2244
[Train] Epoch:   3, Total:  10474, Accuracy : 0.9368, Loss: 0.1329
[Eval] Epoch:   3, Total:   5463, Accuracy : 0.8979, Loss: 0.3153
[Train] Epoch:   4, Total:  10474, Accuracy : 0.9593, Loss: 0.2570
[Eval] Epoch:   4, Total:   5463, Accuracy : 0.8962, Loss: 0.4283
[Train] Epoch:   5, Total:  10474, Accuracy : 0.9727, Loss: 0.0995
[Eval] Epoch:   5, Total:   5463, Accuracy : 0.8986, Loss: 0.6031
[Train] Epoch:   6, Total:  10474, Accuracy : 0.9819, Loss: 0.0431
[Eval] Epoch:   6, Total:   5463, Accuracy : 0.8984, Loss: 0.5041
[Train] Epoch:   7, Total:  10474, Accuracy : 0.9846, Loss: 0.0028
[Eval] Epoch:   7, Total:   5463, Accuracy : 0.8977, Loss: 0.6366
[Train] Epoch:   8, Total:  10474, Accuracy : 0.9896, Loss: 0.0054
[Eval] Epoch:   8, Total:   5463, Accuracy : 0.8977, Loss: 0.4982
[Train] Epoch:   9, Total:  10474, Accuracy : 0.9894, Loss: 0.0025
[Eval] Epoch:   9, Total:   5463, Accuracy : 0.8991, Loss: 0.5029
[Train] Epoch:  10, Total:  10474, Accuracy : 0.9796, Loss: 0.2436
[Eval] Epoch:  10, Total:   5463, Accuracy : 0.8933, Loss: 0.9049
[Train] Epoch:  11, Total:  10474, Accuracy : 0.9779, Loss: 0.0234
[Eval] Epoch:  11, Total:   5463, Accuracy : 0.8924, Loss: 1.1460
[Train] Epoch:  12, Total:  10474, Accuracy : 0.9837, Loss: 0.0903
[Eval] Epoch:  12, Total:   5463, Accuracy : 0.8942, Loss: 0.9047
[Train] Epoch:  13, Total:  10474, Accuracy : 0.9856, Loss: 0.0530
[Eval] Epoch:  13, Total:   5463, Accuracy : 0.8913, Loss: 1.0109
[Train] Epoch:  14, Total:  10474, Accuracy : 0.9917, Loss: 0.0015
[Eval] Epoch:  14, Total:   5463, Accuracy : 0.8960, Loss: 0.9236
[Train] Epoch:  15, Total:  10474, Accuracy : 0.9926, Loss: 0.0021
[Eval] Epoch:  15, Total:   5463, Accuracy : 0.8944, Loss: 1.2685
[Train] Epoch:  16, Total:  10474, Accuracy : 0.9955, Loss: 0.0037
[Eval] Epoch:  16, Total:   5463, Accuracy : 0.8951, Loss: 1.1730
[Train] Epoch:  17, Total:  10474, Accuracy : 0.9959, Loss: 0.0003
[Eval] Epoch:  17, Total:   5463, Accuracy : 0.8973, Loss: 1.0493
[Train] Epoch:  18, Total:  10474, Accuracy : 0.9970, Loss: 0.0002
[Eval] Epoch:  18, Total:   5463, Accuracy : 0.8968, Loss: 0.7874
[Train] Epoch:  19, Total:  10474, Accuracy : 0.9971, Loss: 0.0011
[Eval] Epoch:  19, Total:   5463, Accuracy : 0.8966, Loss: 0.8414
{"epoch":[1,2,3,4,5,6,7,8,9,10,11,12,13,14,15,16,17,18,19,20],"train_loss":[0.5532873987061221,0.3590154805016227,0.2609022400092061,0.18436136975793577,0.12602073403938516,0.09040559189416832,0.06504261990719498,0.052533967213182736,0.04065805957752008,0.03570651207701303,0.07421679106731217,0.07315273020734511,0.05331314473502372,0.0521664171981506,0.031074551218785572,0.02628856953041821,0.021079068364420757,0.015903860409641157,0.01159994850223018,0.011238721350265423],"eval_loss":[0.3475223117789557,0.35232626352199287,0.28753446085855017,0.3086675100548323,0.3526117612802705,0.4416751068865144,0.4858323801742044,0.5320183884265811,0.5265405547133711,0.5348088374837886,0.5370228418777155,0.4855190595222074,0.6773156438802563,0.5876953735254532,0.6104980161370233,0.7453554024010204,0.7346867972681689,0.7503706410873768,0.7581225602432738,0.7586822611128174],"train_acc":[0.6932404048119152,0.8572656100821081,0.9038571701355738,0.9367958755012412,0.9593278594615238,0.9726942906244033,0.9818598434218064,0.9846286041626886,0.9895932785946152,0.9894023295780027,0.9795684552224556,0.9779453885812488,0.9836738590796258,0.9855833492457514,0.9916937177773535,0.99255298835211,0.9955126981096047,0.9958945961428298,0.9970402902425053,0.9971357647508116],"eval_acc":[0.8482518762584661,0.8603331502837269,0.8993227164561596,0.8978583196046128,0.8962108731466227,0.8985905180303863,0.8984074684239429,0.8976752699981695,0.8976752699981695,0.8991396668497162,0.8932820794435292,0.8923668314113125,0.8941973274757459,0.8912685337726524,0.8960278235401794,0.8943803770821893,0.8951125755079626,0.8973091707852828,0.8967600219659527,0.8965769723595094]}
[Eval] Epoch:  11, Total:   5463, Accuracy : 0.8966, Loss: 0.8414
5463 4898 65.2466744557023
