pruned_1_0.01_model_0
DatasetDict({
    train: Dataset({
        features: ['question', 'sentence', 'label', 'indexes'],
        num_rows: 1036
    })
    validation: Dataset({
        features: ['question', 'sentence', 'label', 'indexes'],
        num_rows: 5463
    })
    test: Dataset({
        features: ['question', 'sentence', 'label', 'indexes'],
        num_rows: 5463
    })
})
[Train] Epoch:   0, Total:   1036, Accuracy : 0.4768, Loss: 0.7037
[Eval] Epoch:   0, Total:   5463, Accuracy : 0.5178, Loss: 0.6924
[Train] Epoch:   1, Total:   1036, Accuracy : 0.5010, Loss: 0.6931
[Eval] Epoch:   1, Total:   5463, Accuracy : 0.5058, Loss: 0.6944
[Train] Epoch:   2, Total:   1036, Accuracy : 0.5598, Loss: 0.6892
[Eval] Epoch:   2, Total:   5463, Accuracy : 0.7516, Loss: 0.6519
[Train] Epoch:   3, Total:   1036, Accuracy : 0.7471, Loss: 0.5367
[Eval] Epoch:   3, Total:   5463, Accuracy : 0.7586, Loss: 0.6051
[Train] Epoch:   4, Total:   1036, Accuracy : 0.8205, Loss: 0.4066
[Eval] Epoch:   4, Total:   5463, Accuracy : 0.8083, Loss: 0.4594
[Train] Epoch:   5, Total:   1036, Accuracy : 0.8745, Loss: 0.0825
[Eval] Epoch:   5, Total:   5463, Accuracy : 0.8254, Loss: 0.4746
[Train] Epoch:   6, Total:   1036, Accuracy : 0.9189, Loss: 0.3383
[Eval] Epoch:   6, Total:   5463, Accuracy : 0.8290, Loss: 0.4086
[Train] Epoch:   7, Total:   1036, Accuracy : 0.9382, Loss: 0.0566
[Eval] Epoch:   7, Total:   5463, Accuracy : 0.8263, Loss: 0.5373
[Train] Epoch:   8, Total:   1036, Accuracy : 0.9421, Loss: 0.0394
[Eval] Epoch:   8, Total:   5463, Accuracy : 0.8259, Loss: 0.5099
[Train] Epoch:   9, Total:   1036, Accuracy : 0.9566, Loss: 0.2725
[Eval] Epoch:   9, Total:   5463, Accuracy : 0.8305, Loss: 0.5895
[Train] Epoch:  10, Total:   1036, Accuracy : 0.9585, Loss: 0.2962
[Eval] Epoch:  10, Total:   5463, Accuracy : 0.8299, Loss: 0.5303
[Train] Epoch:  11, Total:   1036, Accuracy : 0.9556, Loss: 0.0415
[Eval] Epoch:  11, Total:   5463, Accuracy : 0.8270, Loss: 0.5224
[Train] Epoch:  12, Total:   1036, Accuracy : 0.9556, Loss: 0.0825
[Eval] Epoch:  12, Total:   5463, Accuracy : 0.8190, Loss: 0.4495
[Train] Epoch:  13, Total:   1036, Accuracy : 0.9595, Loss: 0.0109
[Eval] Epoch:  13, Total:   5463, Accuracy : 0.8263, Loss: 0.6331
[Train] Epoch:  14, Total:   1036, Accuracy : 0.9633, Loss: 0.0172
[Eval] Epoch:  14, Total:   5463, Accuracy : 0.8221, Loss: 0.4047
[Train] Epoch:  15, Total:   1036, Accuracy : 0.9759, Loss: 0.0091
[Eval] Epoch:  15, Total:   5463, Accuracy : 0.8177, Loss: 0.6228
[Train] Epoch:  16, Total:   1036, Accuracy : 0.9817, Loss: 0.0100
[Eval] Epoch:  16, Total:   5463, Accuracy : 0.8184, Loss: 0.6063
[Train] Epoch:  17, Total:   1036, Accuracy : 0.9855, Loss: 0.0388
[Eval] Epoch:  17, Total:   5463, Accuracy : 0.8223, Loss: 0.6515
[Train] Epoch:  18, Total:   1036, Accuracy : 0.9894, Loss: 0.3810
[Eval] Epoch:  18, Total:   5463, Accuracy : 0.8195, Loss: 0.6699
[Train] Epoch:  19, Total:   1036, Accuracy : 0.9865, Loss: 0.0078
[Eval] Epoch:  19, Total:   5463, Accuracy : 0.8213, Loss: 0.6763
{"epoch":[1,2,3,4,5,6,7,8,9,10,11,12,13,14,15,16,17,18,19,20],"train_loss":[0.6973544534514932,0.6935173939256107,0.686532784910763,0.5782036448226255,0.4316210080595577,0.33295681020792794,0.25937751286170063,0.20929835364222527,0.1782478352679926,0.16391138776260264,0.15370174453539007,0.14441914834520397,0.14702439198599143,0.13569927138879018,0.13372208430048296,0.09402658313731938,0.07217576332828578,0.05769986314151217,0.05867000433671124,0.04386811410350835],"eval_loss":[0.6927920974964319,0.6910195662531742,0.6569988783015761,0.5101785205824431,0.46362169641394946,0.44298520753549975,0.44995325907718303,0.5103566627516303,0.5124252381366353,0.5192543883309808,0.5185864654391311,0.5672556151484334,0.5008263750824817,0.7174656751543976,0.5903516990500827,0.7444984604452931,0.7172626794077629,0.7261947656786719,0.7282850964124813,0.7244443772144096],"train_acc":[0.4768339768339768,0.500965250965251,0.5598455598455598,0.747104247104247,0.8204633204633205,0.8745173745173745,0.918918918918919,0.9382239382239382,0.9420849420849421,0.9565637065637066,0.9584942084942085,0.9555984555984556,0.9555984555984556,0.9594594594594594,0.9633204633204633,0.9758687258687259,0.9816602316602316,0.9855212355212355,0.9893822393822393,0.9864864864864865],"eval_acc":[0.5178473366282262,0.5057660626029654,0.7516016840563793,0.7585575691012264,0.8083470620538166,0.8253706754530478,0.8290316675819147,0.8262859234852645,0.8259198242723779,0.8304960644334615,0.8299469156141315,0.8270181219110379,0.8189639392275306,0.8262859234852645,0.8220757825370676,0.8176825919824272,0.8184147904082006,0.8222588321435109,0.8195130880468607,0.8213435841112942]}
[Eval] Epoch:  11, Total:   5463, Accuracy : 0.8213, Loss: 0.6763
5463 4487 62.302216440439224
