pruned_1_0.04_model_0
DatasetDict({
    train: Dataset({
        features: ['question', 'sentence', 'label', 'indexes'],
        num_rows: 4197
    })
    validation: Dataset({
        features: ['question', 'sentence', 'label', 'indexes'],
        num_rows: 5463
    })
    test: Dataset({
        features: ['question', 'sentence', 'label', 'indexes'],
        num_rows: 5463
    })
})
[Train] Epoch:   0, Total:   4197, Accuracy : 0.5664, Loss: 0.5390
[Eval] Epoch:   0, Total:   5463, Accuracy : 0.8221, Loss: 0.4173
[Train] Epoch:   1, Total:   4197, Accuracy : 0.8156, Loss: 0.3540
[Eval] Epoch:   1, Total:   5463, Accuracy : 0.8572, Loss: 0.4112
[Train] Epoch:   2, Total:   4197, Accuracy : 0.8821, Loss: 0.4894
[Eval] Epoch:   2, Total:   5463, Accuracy : 0.8622, Loss: 0.5095
[Train] Epoch:   3, Total:   4197, Accuracy : 0.9192, Loss: 0.3933
[Eval] Epoch:   3, Total:   5463, Accuracy : 0.8245, Loss: 0.5937
[Train] Epoch:   4, Total:   4197, Accuracy : 0.9383, Loss: 0.0955
[Eval] Epoch:   4, Total:   5463, Accuracy : 0.8691, Loss: 0.5220
[Train] Epoch:   5, Total:   4197, Accuracy : 0.9616, Loss: 0.0519
[Eval] Epoch:   5, Total:   5463, Accuracy : 0.8733, Loss: 0.9575
[Train] Epoch:   6, Total:   4197, Accuracy : 0.9697, Loss: 0.0630
[Eval] Epoch:   6, Total:   5463, Accuracy : 0.8759, Loss: 0.7946
[Train] Epoch:   7, Total:   4197, Accuracy : 0.9778, Loss: 0.0106
[Eval] Epoch:   7, Total:   5463, Accuracy : 0.8731, Loss: 1.0405
[Train] Epoch:   8, Total:   4197, Accuracy : 0.9819, Loss: 0.1516
[Eval] Epoch:   8, Total:   5463, Accuracy : 0.8739, Loss: 0.9785
[Train] Epoch:   9, Total:   4197, Accuracy : 0.9859, Loss: 0.0084
[Eval] Epoch:   9, Total:   5463, Accuracy : 0.8726, Loss: 0.9825
[Train] Epoch:  10, Total:   4197, Accuracy : 0.9788, Loss: 0.0168
[Eval] Epoch:  10, Total:   5463, Accuracy : 0.8625, Loss: 1.0854
[Train] Epoch:  11, Total:   4197, Accuracy : 0.9693, Loss: 0.0229
[Eval] Epoch:  11, Total:   5463, Accuracy : 0.8719, Loss: 1.1177
[Train] Epoch:  12, Total:   4197, Accuracy : 0.9778, Loss: 0.0114
[Eval] Epoch:  12, Total:   5463, Accuracy : 0.8662, Loss: 0.9041
[Train] Epoch:  13, Total:   4197, Accuracy : 0.9800, Loss: 0.0250
[Eval] Epoch:  13, Total:   5463, Accuracy : 0.8448, Loss: 1.1348
[Train] Epoch:  14, Total:   4197, Accuracy : 0.9845, Loss: 0.0072
[Eval] Epoch:  14, Total:   5463, Accuracy : 0.8719, Loss: 1.0226
[Train] Epoch:  15, Total:   4197, Accuracy : 0.9886, Loss: 0.0216
[Eval] Epoch:  15, Total:   5463, Accuracy : 0.8647, Loss: 1.0760
[Train] Epoch:  16, Total:   4197, Accuracy : 0.9924, Loss: 0.1392
[Eval] Epoch:  16, Total:   5463, Accuracy : 0.8710, Loss: 0.9112
[Train] Epoch:  17, Total:   4197, Accuracy : 0.9945, Loss: 0.0024
[Eval] Epoch:  17, Total:   5463, Accuracy : 0.8710, Loss: 0.9832
[Train] Epoch:  18, Total:   4197, Accuracy : 0.9931, Loss: 0.1172
[Eval] Epoch:  18, Total:   5463, Accuracy : 0.8700, Loss: 1.0811
[Train] Epoch:  19, Total:   4197, Accuracy : 0.9955, Loss: 0.0298
[Eval] Epoch:  19, Total:   5463, Accuracy : 0.8715, Loss: 1.0649
{"epoch":[1,2,3,4,5,6,7,8,9,10,11,12,13,14,15,16,17,18,19,20],"train_loss":[0.6632028583324316,0.43061360445889557,0.31565724606766843,0.23971615980068842,0.1878391064590577,0.1262905043690945,0.10523750266116677,0.0849542433085541,0.07424291220465393,0.0633062942193426,0.08409033813090487,0.10233741476567405,0.08458681243020251,0.07842001328103695,0.05778230678741679,0.04718059792437337,0.03292120212449156,0.023404368326406588,0.028158581831534815,0.015750509154079766],"eval_loss":[0.4383193919824999,0.3553545350252196,0.3384906933751217,0.46719508236923885,0.3651412637081257,0.491489754166714,0.44265172180048257,0.5330320544714151,0.555072910390621,0.5479849327442258,0.5464807002003803,0.5925602453739144,0.596197533572829,0.6881752537433491,0.6141811219412227,0.7118735266632812,0.6842167774258658,0.7690569328707318,0.7733653237999871,0.7733960120483886],"train_acc":[0.5663569216106743,0.8155825589706933,0.8820586132952108,0.9192280200142959,0.9382892542292114,0.9616392661424827,0.9697402906838217,0.9778413152251608,0.9818918274958304,0.9859423397664999,0.9787943769359067,0.9692637598284489,0.9778413152251608,0.9799857040743388,0.9845127472003812,0.9885632594710507,0.9923755063140338,0.9945198951632118,0.9930903025970932,0.9954729568739575],"eval_acc":[0.8220757825370676,0.85722130697419,0.8621636463481603,0.824455427420831,0.8691195313930075,0.8733296723412045,0.8758923668314114,0.8731466227347611,0.8738788211605345,0.8725974739154311,0.862529745561047,0.8718652754896576,0.866190737689914,0.8447739337360425,0.8718652754896576,0.8647263408383672,0.870950027457441,0.870950027457441,0.8700347794252242,0.871499176276771]}
[Eval] Epoch:  11, Total:   5463, Accuracy : 0.8715, Loss: 1.0649
5463 4761 66.51205703616142
