pruned_1_0.02_model_0
DatasetDict({
    train: Dataset({
        features: ['question', 'sentence', 'label', 'indexes'],
        num_rows: 2098
    })
    validation: Dataset({
        features: ['question', 'sentence', 'label', 'indexes'],
        num_rows: 5463
    })
    test: Dataset({
        features: ['question', 'sentence', 'label', 'indexes'],
        num_rows: 5463
    })
})
[Train] Epoch:   0, Total:   2098, Accuracy : 0.5048, Loss: 0.6909
[Eval] Epoch:   0, Total:   5463, Accuracy : 0.5054, Loss: 0.7002
[Train] Epoch:   1, Total:   2098, Accuracy : 0.6063, Loss: 0.5672
[Eval] Epoch:   1, Total:   5463, Accuracy : 0.7620, Loss: 0.6305
[Train] Epoch:   2, Total:   2098, Accuracy : 0.7941, Loss: 0.3586
[Eval] Epoch:   2, Total:   5463, Accuracy : 0.8122, Loss: 0.5269
[Train] Epoch:   3, Total:   2098, Accuracy : 0.8575, Loss: 0.4256
[Eval] Epoch:   3, Total:   5463, Accuracy : 0.8232, Loss: 0.4398
[Train] Epoch:   4, Total:   2098, Accuracy : 0.8975, Loss: 0.2807
[Eval] Epoch:   4, Total:   5463, Accuracy : 0.8554, Loss: 0.3569
[Train] Epoch:   5, Total:   2098, Accuracy : 0.9342, Loss: 0.1743
[Eval] Epoch:   5, Total:   5463, Accuracy : 0.8547, Loss: 0.2892
[Train] Epoch:   6, Total:   2098, Accuracy : 0.9452, Loss: 0.3132
[Eval] Epoch:   6, Total:   5463, Accuracy : 0.8504, Loss: 0.1954
[Train] Epoch:   7, Total:   2098, Accuracy : 0.9571, Loss: 0.1745
[Eval] Epoch:   7, Total:   5463, Accuracy : 0.8576, Loss: 0.2033
[Train] Epoch:   8, Total:   2098, Accuracy : 0.9676, Loss: 0.1047
[Eval] Epoch:   8, Total:   5463, Accuracy : 0.8603, Loss: 0.3729
[Train] Epoch:   9, Total:   2098, Accuracy : 0.9733, Loss: 0.0432
[Eval] Epoch:   9, Total:   5463, Accuracy : 0.8594, Loss: 0.3484
[Train] Epoch:  10, Total:   2098, Accuracy : 0.9709, Loss: 0.0704
[Eval] Epoch:  10, Total:   5463, Accuracy : 0.8578, Loss: 0.2899
[Train] Epoch:  11, Total:   2098, Accuracy : 0.9681, Loss: 0.2591
[Eval] Epoch:  11, Total:   5463, Accuracy : 0.8440, Loss: 0.1280
[Train] Epoch:  12, Total:   2098, Accuracy : 0.9662, Loss: 0.1279
[Eval] Epoch:  12, Total:   5463, Accuracy : 0.8545, Loss: 0.3226
[Train] Epoch:  13, Total:   2098, Accuracy : 0.9766, Loss: 0.1332
[Eval] Epoch:  13, Total:   5463, Accuracy : 0.8543, Loss: 0.6090
[Train] Epoch:  14, Total:   2098, Accuracy : 0.9752, Loss: 0.0063
[Eval] Epoch:  14, Total:   5463, Accuracy : 0.8552, Loss: 0.3215
[Train] Epoch:  15, Total:   2098, Accuracy : 0.9881, Loss: 0.1221
[Eval] Epoch:  15, Total:   5463, Accuracy : 0.8585, Loss: 0.3397
[Train] Epoch:  16, Total:   2098, Accuracy : 0.9919, Loss: 0.0472
[Eval] Epoch:  16, Total:   5463, Accuracy : 0.8592, Loss: 0.5183
[Train] Epoch:  17, Total:   2098, Accuracy : 0.9943, Loss: 0.1271
[Eval] Epoch:  17, Total:   5463, Accuracy : 0.8605, Loss: 0.5529
[Train] Epoch:  18, Total:   2098, Accuracy : 0.9962, Loss: 0.0030
[Eval] Epoch:  18, Total:   5463, Accuracy : 0.8592, Loss: 0.5393
[Train] Epoch:  19, Total:   2098, Accuracy : 0.9952, Loss: 0.0019
[Eval] Epoch:  19, Total:   5463, Accuracy : 0.8623, Loss: 0.5531
{"epoch":[1,2,3,4,5,6,7,8,9,10,11,12,13,14,15,16,17,18,19,20],"train_loss":[0.694009623744271,0.6611767664100184,0.4701495956290852,0.370361173694784,0.28790248704679083,0.2129900807684118,0.18127625887141083,0.14294954163558554,0.12004022497796651,0.10856618421773116,0.1113298964884245,0.1210232570654515,0.12392174297322829,0.08860770088027824,0.09555891363627532,0.0486374131516751,0.030506967065968747,0.029243794940129825,0.016470145409447,0.015812646682289513],"eval_loss":[0.6928179173968559,0.5078748021014902,0.4268147103315176,0.40802183383426,0.3754886787298114,0.3718295386710832,0.47249912990387094,0.443684293260408,0.4584000956180484,0.4641009090078432,0.4507963856638864,0.46222123018530914,0.6400062200981517,0.6575810300229594,0.6146606478926747,0.6806353291626587,0.699944322138245,0.7464748996060862,0.7597757653078757,0.758145022373863],"train_acc":[0.5047664442326025,0.6062917063870352,0.7940896091515729,0.8574833174451859,0.8975214489990467,0.9342230695900858,0.9451858913250715,0.9571020019065777,0.9675881792183031,0.9733079122974261,0.9709246901811249,0.9680648236415634,0.9661582459485224,0.9766444232602478,0.9752144899904671,0.9880838894184938,0.9918970448045757,0.994280266920877,0.996186844613918,0.9952335557673975],"eval_acc":[0.5053999633900788,0.76203551162365,0.8121911037891268,0.8231740801757276,0.8553908109097565,0.8546586124839831,0.8504484715357862,0.8575874061870767,0.8603331502837269,0.8594179022515102,0.8577704557935201,0.844041735310269,0.8544755628775398,0.8542925132710965,0.8552077613033132,0.8585026542192934,0.8592348526450668,0.8605161998901703,0.8592348526450668,0.8623466959546037]}
[Eval] Epoch:  11, Total:   5463, Accuracy : 0.8623, Loss: 0.5531
5463 4711 65.20047192415223
