pruned_1_0.5_model_0
DatasetDict({
    train: Dataset({
        features: ['question', 'sentence', 'label', 'indexes'],
        num_rows: 52367
    })
    validation: Dataset({
        features: ['question', 'sentence', 'label', 'indexes'],
        num_rows: 5463
    })
    test: Dataset({
        features: ['question', 'sentence', 'label', 'indexes'],
        num_rows: 5463
    })
})
[Train] Epoch:   0, Total:  52367, Accuracy : 0.8289, Loss: 0.2400
[Eval] Epoch:   0, Total:   5463, Accuracy : 0.9052, Loss: 0.4530
[Train] Epoch:   1, Total:  52367, Accuracy : 0.9085, Loss: 0.2372
[Eval] Epoch:   1, Total:   5463, Accuracy : 0.9147, Loss: 0.4135
[Train] Epoch:   2, Total:  52367, Accuracy : 0.9389, Loss: 0.0475
[Eval] Epoch:   2, Total:   5463, Accuracy : 0.9163, Loss: 0.3575
[Train] Epoch:   3, Total:  52367, Accuracy : 0.9602, Loss: 0.0184
[Eval] Epoch:   3, Total:   5463, Accuracy : 0.9147, Loss: 0.4810
[Train] Epoch:   4, Total:  52367, Accuracy : 0.9733, Loss: 0.0020
[Eval] Epoch:   4, Total:   5463, Accuracy : 0.9131, Loss: 0.5656
[Train] Epoch:   5, Total:  52367, Accuracy : 0.9811, Loss: 0.0023
[Eval] Epoch:   5, Total:   5463, Accuracy : 0.9185, Loss: 0.3202
[Train] Epoch:   6, Total:  52367, Accuracy : 0.9875, Loss: 0.0020
[Eval] Epoch:   6, Total:   5463, Accuracy : 0.9156, Loss: 0.4231
[Train] Epoch:   7, Total:  52367, Accuracy : 0.9907, Loss: 0.0008
[Eval] Epoch:   7, Total:   5463, Accuracy : 0.9184, Loss: 0.6347
[Train] Epoch:   8, Total:  52367, Accuracy : 0.9932, Loss: 0.0008
[Eval] Epoch:   8, Total:   5463, Accuracy : 0.9176, Loss: 0.5912
[Train] Epoch:   9, Total:  52367, Accuracy : 0.9935, Loss: 0.3817
[Eval] Epoch:   9, Total:   5463, Accuracy : 0.9185, Loss: 0.5897
[Train] Epoch:  10, Total:  52367, Accuracy : 0.9796, Loss: 0.0390
[Eval] Epoch:  10, Total:   5463, Accuracy : 0.9136, Loss: 0.7138
[Train] Epoch:  11, Total:  52367, Accuracy : 0.9797, Loss: 0.0084
[Eval] Epoch:  11, Total:   5463, Accuracy : 0.9101, Loss: 0.4587
[Train] Epoch:  12, Total:  52367, Accuracy : 0.9858, Loss: 0.0005
[Eval] Epoch:  12, Total:   5463, Accuracy : 0.9098, Loss: 0.4771
[Train] Epoch:  13, Total:  52367, Accuracy : 0.9886, Loss: 0.0008
[Eval] Epoch:  13, Total:   5463, Accuracy : 0.9136, Loss: 0.6229
[Train] Epoch:  14, Total:  52367, Accuracy : 0.9918, Loss: 0.0003
[Eval] Epoch:  14, Total:   5463, Accuracy : 0.9140, Loss: 0.7377
[Train] Epoch:  15, Total:  52367, Accuracy : 0.9946, Loss: 0.0002
[Eval] Epoch:  15, Total:   5463, Accuracy : 0.9140, Loss: 0.7429
[Train] Epoch:  16, Total:  52367, Accuracy : 0.9964, Loss: 0.0004
[Eval] Epoch:  16, Total:   5463, Accuracy : 0.9165, Loss: 0.7395
[Train] Epoch:  17, Total:  52367, Accuracy : 0.9976, Loss: 0.0002
[Eval] Epoch:  17, Total:   5463, Accuracy : 0.9147, Loss: 0.8336
[Train] Epoch:  18, Total:  52367, Accuracy : 0.9981, Loss: 0.0001
[Eval] Epoch:  18, Total:   5463, Accuracy : 0.9162, Loss: 0.8868
[Train] Epoch:  19, Total:  52367, Accuracy : 0.9985, Loss: 0.0001
[Eval] Epoch:  19, Total:   5463, Accuracy : 0.9163, Loss: 0.8993
{"epoch":[1,2,3,4,5,6,7,8,9,10,11,12,13,14,15,16,17,18,19,20],"train_loss":[0.3787113116264926,0.23742689527070857,0.1682357711806184,0.11685975232606205,0.08250190159738045,0.06325187112397476,0.04582931806452195,0.035553413880499984,0.026862333897985653,0.025903051773936776,0.06691611385132415,0.0634478529354032,0.049565564517123094,0.04103916583141262,0.030791427197165232,0.02215159692779432,0.016603473736304008,0.009956180020838343,0.008375117416120185,0.0069287860177864435],"eval_loss":[0.24918989057457724,0.22043755260664363,0.2368914336832457,0.265579444464556,0.37035648117578307,0.339323949501958,0.3956140744131665,0.4393347254845985,0.4658817101356595,0.4684001884834711,0.37163950414071945,0.3519285631387733,0.4937688055404917,0.46018587052822113,0.5441635306004088,0.5840833794845398,0.5486495746407918,0.6376223870834639,0.6595831316094413,0.6614026416656237],"train_acc":[0.8289380716863674,0.9085301812209979,0.9388546221857277,0.960184849237115,0.9733228941890886,0.9810758683903985,0.9874730269062577,0.9907384421486815,0.9931827295816067,0.9934691695151526,0.9796054767315294,0.9796818607138084,0.9857734833005519,0.988580594649302,0.991826913896156,0.994576737258197,0.9963717608417515,0.9976320965493536,0.9981285924341665,0.9984723203544217],"eval_acc":[0.9051803038623467,0.9146988833974007,0.9163463298553908,0.9146988833974007,0.9130514369394106,0.918542925132711,0.9156141314296175,0.9183598755262676,0.9176276771004942,0.918542925132711,0.9136005857587406,0.9101226432363171,0.9097565440234303,0.9136005857587406,0.9139666849716274,0.9139666849716274,0.9165293794618341,0.9146988833974007,0.9161632802489474,0.9163463298553908]}
[Eval] Epoch:  11, Total:   5463, Accuracy : 0.9163, Loss: 0.8993
5463 5006 56.88062718324363
