pruned_3_0.75_model_0
DatasetDict({
    train: Dataset({
        features: ['question', 'sentence', 'label', 'indexes'],
        num_rows: 78557
    })
    validation: Dataset({
        features: ['question', 'sentence', 'label', 'indexes'],
        num_rows: 5463
    })
    test: Dataset({
        features: ['question', 'sentence', 'label', 'indexes'],
        num_rows: 5463
    })
})
[Train] Epoch:   0, Total:  78557, Accuracy : 0.8485, Loss: 0.4640
[Eval] Epoch:   0, Total:   5463, Accuracy : 0.9195, Loss: 0.3394
[Train] Epoch:   1, Total:  78557, Accuracy : 0.9158, Loss: 0.4431
[Eval] Epoch:   1, Total:   5463, Accuracy : 0.9209, Loss: 0.4074
[Train] Epoch:   2, Total:  78557, Accuracy : 0.9431, Loss: 0.3577
[Eval] Epoch:   2, Total:   5463, Accuracy : 0.9131, Loss: 0.4460
[Train] Epoch:   3, Total:  78557, Accuracy : 0.9605, Loss: 0.0841
[Eval] Epoch:   3, Total:   5463, Accuracy : 0.9145, Loss: 0.3634
[Train] Epoch:   4, Total:  78557, Accuracy : 0.9721, Loss: 0.5085
[Eval] Epoch:   4, Total:   5463, Accuracy : 0.9191, Loss: 0.7118
[Train] Epoch:   5, Total:  78557, Accuracy : 0.9809, Loss: 0.0232
[Eval] Epoch:   5, Total:   5463, Accuracy : 0.9222, Loss: 0.9075
[Train] Epoch:   6, Total:  78557, Accuracy : 0.9863, Loss: 0.0057
[Eval] Epoch:   6, Total:   5463, Accuracy : 0.9206, Loss: 1.0209
[Train] Epoch:   7, Total:  78557, Accuracy : 0.9897, Loss: 0.2171
[Eval] Epoch:   7, Total:   5463, Accuracy : 0.9220, Loss: 0.8548
[Train] Epoch:   8, Total:  78557, Accuracy : 0.9916, Loss: 0.0009
[Eval] Epoch:   8, Total:   5463, Accuracy : 0.9211, Loss: 0.9667
[Train] Epoch:   9, Total:  78557, Accuracy : 0.9924, Loss: 0.1808
[Eval] Epoch:   9, Total:   5463, Accuracy : 0.9215, Loss: 0.9660
[Train] Epoch:  10, Total:  78557, Accuracy : 0.9777, Loss: 0.2306
[Eval] Epoch:  10, Total:   5463, Accuracy : 0.9178, Loss: 0.7935
[Train] Epoch:  11, Total:  78557, Accuracy : 0.9813, Loss: 0.0460
[Eval] Epoch:  11, Total:   5463, Accuracy : 0.9189, Loss: 0.8858
[Train] Epoch:  12, Total:  78557, Accuracy : 0.9845, Loss: 0.0007
[Eval] Epoch:  12, Total:   5463, Accuracy : 0.9158, Loss: 1.0652
[Train] Epoch:  13, Total:  78557, Accuracy : 0.9885, Loss: 0.0003
[Eval] Epoch:  13, Total:   5463, Accuracy : 0.9193, Loss: 1.1562
[Train] Epoch:  14, Total:  78557, Accuracy : 0.9920, Loss: 0.1779
[Eval] Epoch:  14, Total:   5463, Accuracy : 0.9222, Loss: 0.9530
[Train] Epoch:  15, Total:  78557, Accuracy : 0.9942, Loss: 0.0308
[Eval] Epoch:  15, Total:   5463, Accuracy : 0.9229, Loss: 1.1188
[Train] Epoch:  16, Total:  78557, Accuracy : 0.9961, Loss: 0.0001
[Eval] Epoch:  16, Total:   5463, Accuracy : 0.9242, Loss: 1.2515
[Train] Epoch:  17, Total:  78557, Accuracy : 0.9976, Loss: 0.0001
[Eval] Epoch:  17, Total:   5463, Accuracy : 0.9240, Loss: 1.2269
[Train] Epoch:  18, Total:  78557, Accuracy : 0.9978, Loss: 0.0001
[Eval] Epoch:  18, Total:   5463, Accuracy : 0.9237, Loss: 1.2729
[Train] Epoch:  19, Total:  78557, Accuracy : 0.9983, Loss: 0.0002
[Eval] Epoch:  19, Total:   5463, Accuracy : 0.9248, Loss: 1.2564
{"epoch":[1,2,3,4,5,6,7,8,9,10,11,12,13,14,15,16,17,18,19,20],"train_loss":[0.3549650710755625,0.22578037116094113,0.164583273031764,0.11901127375019198,0.08813315672448803,0.06557431547517255,0.05174089811972861,0.04130071380417582,0.03444028985562411,0.0312961649289203,0.0738507031574193,0.06295616047348598,0.0530341055752529,0.042413132034571775,0.032419296199585876,0.024479185262515687,0.016755339746237708,0.010708277601648476,0.009429604219943117,0.007484254148462968],"eval_loss":[0.2172154215012872,0.2093298792145973,0.2875528347266968,0.2525500902083031,0.3065689986485035,0.3126091287189791,0.37039191509748615,0.4024231193024059,0.4314013861639555,0.43149641606696815,0.3038687601165716,0.419890649508425,0.46056668187469935,0.48840678907757584,0.42236637536891153,0.5014207092178768,0.5573251184595879,0.5727745845134176,0.5847405282520625,0.5797057957577973],"train_acc":[0.8485430960958285,0.9158190867777537,0.9431368305816159,0.9604618302633756,0.9721094237305397,0.9808801252593659,0.9862520208256426,0.9896635563985386,0.9916239163919193,0.9924258818437568,0.9777231818934022,0.9813256616214978,0.9845207938185012,0.9884797026363022,0.9919548862609315,0.9941698384612447,0.9960665504028922,0.9976068332548341,0.9978359662410734,0.9983196914342451],"eval_acc":[0.9194581731649277,0.9209225700164745,0.9130514369394106,0.9145158337909574,0.919092073952041,0.9222039172615779,0.9205564708035878,0.9220208676551346,0.9211056196229178,0.9214717188358045,0.9178107267069375,0.9189090243455976,0.9157971810360608,0.9192751235584844,0.9222039172615779,0.9229361156873512,0.9242174629324547,0.9240344133260113,0.9236683141131247,0.9247666117517848]}
[Eval] Epoch:  11, Total:   5463, Accuracy : 0.9248, Loss: 1.2564
5463 5052 49.854698435170576
