pruned_2_0.75_model_0
DatasetDict({
    train: Dataset({
        features: ['question', 'sentence', 'label', 'indexes'],
        num_rows: 78557
    })
    validation: Dataset({
        features: ['question', 'sentence', 'label', 'indexes'],
        num_rows: 5463
    })
    test: Dataset({
        features: ['question', 'sentence', 'label', 'indexes'],
        num_rows: 5463
    })
})
[Train] Epoch:   0, Total:  78557, Accuracy : 0.8520, Loss: 0.4855
[Eval] Epoch:   0, Total:   5463, Accuracy : 0.9162, Loss: 0.3467
[Train] Epoch:   1, Total:  78557, Accuracy : 0.9128, Loss: 0.1010
[Eval] Epoch:   1, Total:   5463, Accuracy : 0.9156, Loss: 0.4710
[Train] Epoch:   2, Total:  78557, Accuracy : 0.9410, Loss: 0.1186
[Eval] Epoch:   2, Total:   5463, Accuracy : 0.9151, Loss: 0.2445
[Train] Epoch:   3, Total:  78557, Accuracy : 0.9615, Loss: 0.2230
[Eval] Epoch:   3, Total:   5463, Accuracy : 0.9173, Loss: 0.4232
[Train] Epoch:   4, Total:  78557, Accuracy : 0.9743, Loss: 0.4174
[Eval] Epoch:   4, Total:   5463, Accuracy : 0.9184, Loss: 0.7448
[Train] Epoch:   5, Total:  78557, Accuracy : 0.9813, Loss: 0.1284
[Eval] Epoch:   5, Total:   5463, Accuracy : 0.9138, Loss: 0.6105
[Train] Epoch:   6, Total:  78557, Accuracy : 0.9874, Loss: 0.0036
[Eval] Epoch:   6, Total:   5463, Accuracy : 0.9209, Loss: 0.6893
[Train] Epoch:   7, Total:  78557, Accuracy : 0.9907, Loss: 0.0017
[Eval] Epoch:   7, Total:   5463, Accuracy : 0.9193, Loss: 0.8308
[Train] Epoch:   8, Total:  78557, Accuracy : 0.9929, Loss: 0.0010
[Eval] Epoch:   8, Total:   5463, Accuracy : 0.9196, Loss: 0.7881
[Train] Epoch:   9, Total:  78557, Accuracy : 0.9935, Loss: 0.0012
[Eval] Epoch:   9, Total:   5463, Accuracy : 0.9206, Loss: 0.8089
[Train] Epoch:  10, Total:  78557, Accuracy : 0.9780, Loss: 0.0046
[Eval] Epoch:  10, Total:   5463, Accuracy : 0.9099, Loss: 0.7665
[Train] Epoch:  11, Total:  78557, Accuracy : 0.9817, Loss: 0.0020
[Eval] Epoch:  11, Total:   5463, Accuracy : 0.9174, Loss: 0.6071
[Train] Epoch:  12, Total:  78557, Accuracy : 0.9852, Loss: 0.0515
[Eval] Epoch:  12, Total:   5463, Accuracy : 0.9202, Loss: 0.5338
[Train] Epoch:  13, Total:  78557, Accuracy : 0.9889, Loss: 0.0644
[Eval] Epoch:  13, Total:   5463, Accuracy : 0.9169, Loss: 0.5893
[Train] Epoch:  14, Total:  78557, Accuracy : 0.9924, Loss: 0.0033
[Eval] Epoch:  14, Total:   5463, Accuracy : 0.9209, Loss: 0.5625
[Train] Epoch:  15, Total:  78557, Accuracy : 0.9949, Loss: 0.0059
[Eval] Epoch:  15, Total:   5463, Accuracy : 0.9204, Loss: 0.5806
[Train] Epoch:  16, Total:  78557, Accuracy : 0.9963, Loss: 0.0004
[Eval] Epoch:  16, Total:   5463, Accuracy : 0.9235, Loss: 0.6494
[Train] Epoch:  17, Total:  78557, Accuracy : 0.9976, Loss: 0.0003
[Eval] Epoch:  17, Total:   5463, Accuracy : 0.9228, Loss: 0.8624
[Train] Epoch:  18, Total:  78557, Accuracy : 0.9979, Loss: 0.0002
[Eval] Epoch:  18, Total:   5463, Accuracy : 0.9226, Loss: 0.7250
[Train] Epoch:  19, Total:  78557, Accuracy : 0.9984, Loss: 0.0003
[Eval] Epoch:  19, Total:   5463, Accuracy : 0.9220, Loss: 0.7326
{"epoch":[1,2,3,4,5,6,7,8,9,10,11,12,13,14,15,16,17,18,19,20],"train_loss":[0.3395220048555722,0.2221958650373141,0.15782153571907323,0.11051021167342566,0.07903094549249275,0.06283473316665378,0.046183694953668454,0.03717917452025203,0.030109851612891102,0.027760293824226196,0.07048161518414477,0.061335044554836675,0.05155527315403794,0.04286593941262835,0.031192766593840102,0.022333915186745414,0.01699294488215965,0.011322152027461646,0.009656457355680515,0.007749390636849181],"eval_loss":[0.2162659499187802,0.2174288398304651,0.2198384476955547,0.2494487980337337,0.3228739480119805,0.39524487457996194,0.3673840065941561,0.44194671910169514,0.4389206225615601,0.4418486213788044,0.37802721144155016,0.4001732297934765,0.4440710452753444,0.40831662584529366,0.43265462831355805,0.5030470476594082,0.509137217301962,0.5261348359460054,0.5494815555596074,0.5567993349287399],"train_acc":[0.8520310093308043,0.9128148987359497,0.9409727968226893,0.9615183879221457,0.9743371055411993,0.9812874727904579,0.987397685756839,0.990707384446962,0.992896877426582,0.9934569802818336,0.9779523148796415,0.98169482032155,0.985246381608259,0.9888615909467011,0.9923622337920236,0.9949081558613491,0.9962702241684382,0.9975941036444874,0.9978868846824599,0.9984469875377114],"eval_acc":[0.9161632802489474,0.9156141314296175,0.9150649826102873,0.9172615778876075,0.9183598755262676,0.9137836353651839,0.9209225700164745,0.9192751235584844,0.9196412227713711,0.9205564708035878,0.9099395936298736,0.9174446274940509,0.920190371590701,0.9168954786747209,0.9209225700164745,0.9203734211971444,0.9234852645066813,0.9227530660809079,0.9225700164744646,0.9220208676551346]}
[Eval] Epoch:  11, Total:   5463, Accuracy : 0.9220, Loss: 0.7326
5463 5037 47.88474280387163
