pruned_2_0.01_model_0
DatasetDict({
    train: Dataset({
        features: ['question', 'sentence', 'label', 'indexes'],
        num_rows: 1047
    })
    validation: Dataset({
        features: ['question', 'sentence', 'label', 'indexes'],
        num_rows: 5463
    })
    test: Dataset({
        features: ['question', 'sentence', 'label', 'indexes'],
        num_rows: 5463
    })
})
[Train] Epoch:   0, Total:   1047, Accuracy : 0.9790, Loss: 0.4439
[Eval] Epoch:   0, Total:   5463, Accuracy : 0.5054, Loss: 0.7688
[Train] Epoch:   1, Total:   1047, Accuracy : 0.9799, Loss: 0.0469
[Eval] Epoch:   1, Total:   5463, Accuracy : 0.5054, Loss: 1.9932
[Train] Epoch:   2, Total:   1047, Accuracy : 0.9799, Loss: 0.2016
[Eval] Epoch:   2, Total:   5463, Accuracy : 0.5054, Loss: 2.6709
[Train] Epoch:   3, Total:   1047, Accuracy : 0.9799, Loss: 0.0125
[Eval] Epoch:   3, Total:   5463, Accuracy : 0.5054, Loss: 2.5895
[Train] Epoch:   4, Total:   1047, Accuracy : 0.9799, Loss: 0.1350
[Eval] Epoch:   4, Total:   5463, Accuracy : 0.5054, Loss: 2.5712
[Train] Epoch:   5, Total:   1047, Accuracy : 0.9799, Loss: 0.0129
[Eval] Epoch:   5, Total:   5463, Accuracy : 0.5054, Loss: 2.3127
[Train] Epoch:   6, Total:   1047, Accuracy : 0.9799, Loss: 0.0530
[Eval] Epoch:   6, Total:   5463, Accuracy : 0.5054, Loss: 1.7304
[Train] Epoch:   7, Total:   1047, Accuracy : 0.9799, Loss: 0.0075
[Eval] Epoch:   7, Total:   5463, Accuracy : 0.5076, Loss: 2.3706
[Train] Epoch:   8, Total:   1047, Accuracy : 0.9885, Loss: 0.0032
[Eval] Epoch:   8, Total:   5463, Accuracy : 0.5127, Loss: 2.6748
[Train] Epoch:   9, Total:   1047, Accuracy : 0.9943, Loss: 0.0030
[Eval] Epoch:   9, Total:   5463, Accuracy : 0.5102, Loss: 2.8003
[Train] Epoch:  10, Total:   1047, Accuracy : 0.9952, Loss: 0.0210
[Eval] Epoch:  10, Total:   5463, Accuracy : 0.5116, Loss: 2.8098
[Train] Epoch:  11, Total:   1047, Accuracy : 0.9943, Loss: 0.0019
[Eval] Epoch:  11, Total:   5463, Accuracy : 0.5224, Loss: 2.9801
[Train] Epoch:  12, Total:   1047, Accuracy : 0.9962, Loss: 0.0008
[Eval] Epoch:  12, Total:   5463, Accuracy : 0.5124, Loss: 3.6727
[Train] Epoch:  13, Total:   1047, Accuracy : 0.9990, Loss: 0.0048
[Eval] Epoch:  13, Total:   5463, Accuracy : 0.5105, Loss: 4.2830
[Train] Epoch:  14, Total:   1047, Accuracy : 0.9981, Loss: 0.0009
[Eval] Epoch:  14, Total:   5463, Accuracy : 0.5259, Loss: 3.5544
[Train] Epoch:  15, Total:   1047, Accuracy : 0.9990, Loss: 0.0009
[Eval] Epoch:  15, Total:   5463, Accuracy : 0.5202, Loss: 3.9008
[Train] Epoch:  16, Total:   1047, Accuracy : 0.9990, Loss: 0.0899
[Eval] Epoch:  16, Total:   5463, Accuracy : 0.5206, Loss: 3.9787
[Train] Epoch:  17, Total:   1047, Accuracy : 0.9990, Loss: 0.0006
[Eval] Epoch:  17, Total:   5463, Accuracy : 0.5197, Loss: 3.7463
[Train] Epoch:  18, Total:   1047, Accuracy : 0.9990, Loss: 0.0004
[Eval] Epoch:  18, Total:   5463, Accuracy : 0.5202, Loss: 3.7442
[Train] Epoch:  19, Total:   1047, Accuracy : 0.9990, Loss: 0.0006
[Eval] Epoch:  19, Total:   5463, Accuracy : 0.5204, Loss: 3.7440
{"epoch":[1,2,3,4,5,6,7,8,9,10,11,12,13,14,15,16,17,18,19,20],"train_loss":[0.5721374381990993,0.23638501412728252,0.10734034625484663,0.09464971940307056,0.08938312289469383,0.0665202765889904,0.05351954227422967,0.03640892956515446,0.02895563346443369,0.021130565238897416,0.019779134130872348,0.018910943722242817,0.015574064126293011,0.007863383137566201,0.011194281362216263,0.004117847478482872,0.005996256462394205,0.0021212139981798828,0.0017523540659835015,0.0017505126341026934],"eval_loss":[0.7284086908018866,1.7504052519798279,2.340956093266953,2.2465444595314734,2.1326772639917775,1.7962804810945379,1.3718376963637595,1.7499510916166527,1.9647650226604108,2.052645214768343,2.052791408328123,2.1803150759186853,3.178728393343992,3.5173816833385203,2.8262413851050443,3.055028560549714,3.1108547892681386,2.966330668260885,2.963000609431156,2.9621154444162237],"train_acc":[0.9789875835721108,0.9799426934097422,0.9799426934097422,0.9799426934097422,0.9799426934097422,0.9799426934097422,0.9799426934097422,0.9799426934097422,0.9885386819484241,0.994269340974212,0.9952244508118434,0.994269340974212,0.9961795606494747,0.9990448901623686,0.9980897803247374,0.9990448901623686,0.9990448901623686,0.9990448901623686,0.9990448901623686,0.9990448901623686],"eval_acc":[0.5053999633900788,0.5053999633900788,0.5053999633900788,0.5053999633900788,0.5053999633900788,0.5053999633900788,0.5053999633900788,0.5075965586673988,0.5127219476478125,0.5101592531576057,0.5116236500091524,0.52242357678931,0.5123558484349259,0.5105253523704925,0.5259015193117335,0.5202269815119898,0.5205930807248764,0.5196778326926597,0.5202269815119898,0.5204100311184331]}
[Eval] Epoch:  11, Total:   5463, Accuracy : 0.5204, Loss: 3.7440
5463 2843 254.74192821979523
