pruned_1_0.05_model_0
DatasetDict({
    train: Dataset({
        features: ['question', 'sentence', 'label', 'indexes'],
        num_rows: 5233
    })
    validation: Dataset({
        features: ['question', 'sentence', 'label', 'indexes'],
        num_rows: 5463
    })
    test: Dataset({
        features: ['question', 'sentence', 'label', 'indexes'],
        num_rows: 5463
    })
})
[Train] Epoch:   0, Total:   5233, Accuracy : 0.6148, Loss: 0.4492
[Eval] Epoch:   0, Total:   5463, Accuracy : 0.8234, Loss: 0.4237
[Train] Epoch:   1, Total:   5233, Accuracy : 0.8122, Loss: 0.4475
[Eval] Epoch:   1, Total:   5463, Accuracy : 0.8565, Loss: 0.3588
[Train] Epoch:   2, Total:   5233, Accuracy : 0.8752, Loss: 0.4251
[Eval] Epoch:   2, Total:   5463, Accuracy : 0.8534, Loss: 0.3170
[Train] Epoch:   3, Total:   5233, Accuracy : 0.9184, Loss: 0.1416
[Eval] Epoch:   3, Total:   5463, Accuracy : 0.8759, Loss: 0.3658
[Train] Epoch:   4, Total:   5233, Accuracy : 0.9455, Loss: 0.3119
[Eval] Epoch:   4, Total:   5463, Accuracy : 0.8653, Loss: 0.7222
[Train] Epoch:   5, Total:   5233, Accuracy : 0.9631, Loss: 0.1257
[Eval] Epoch:   5, Total:   5463, Accuracy : 0.8794, Loss: 0.6486
[Train] Epoch:   6, Total:   5233, Accuracy : 0.9755, Loss: 0.0313
[Eval] Epoch:   6, Total:   5463, Accuracy : 0.8766, Loss: 0.7563
[Train] Epoch:   7, Total:   5233, Accuracy : 0.9811, Loss: 0.0361
[Eval] Epoch:   7, Total:   5463, Accuracy : 0.8759, Loss: 0.7943
[Train] Epoch:   8, Total:   5233, Accuracy : 0.9828, Loss: 0.0150
[Eval] Epoch:   8, Total:   5463, Accuracy : 0.8755, Loss: 0.7762
[Train] Epoch:   9, Total:   5233, Accuracy : 0.9855, Loss: 0.0072
[Eval] Epoch:   9, Total:   5463, Accuracy : 0.8739, Loss: 0.7646
[Train] Epoch:  10, Total:   5233, Accuracy : 0.9820, Loss: 0.0105
[Eval] Epoch:  10, Total:   5463, Accuracy : 0.8710, Loss: 0.8607
[Train] Epoch:  11, Total:   5233, Accuracy : 0.9675, Loss: 0.1086
[Eval] Epoch:  11, Total:   5463, Accuracy : 0.8678, Loss: 0.6584
[Train] Epoch:  12, Total:   5233, Accuracy : 0.9803, Loss: 0.1663
[Eval] Epoch:  12, Total:   5463, Accuracy : 0.8691, Loss: 0.8056
[Train] Epoch:  13, Total:   5233, Accuracy : 0.9849, Loss: 0.0011
[Eval] Epoch:  13, Total:   5463, Accuracy : 0.8750, Loss: 1.0332
[Train] Epoch:  14, Total:   5233, Accuracy : 0.9899, Loss: 0.0354
[Eval] Epoch:  14, Total:   5463, Accuracy : 0.8774, Loss: 1.1562
[Train] Epoch:  15, Total:   5233, Accuracy : 0.9922, Loss: 0.0016
[Eval] Epoch:  15, Total:   5463, Accuracy : 0.8786, Loss: 0.9573
[Train] Epoch:  16, Total:   5233, Accuracy : 0.9948, Loss: 0.0020
[Eval] Epoch:  16, Total:   5463, Accuracy : 0.8788, Loss: 1.1013
[Train] Epoch:  17, Total:   5233, Accuracy : 0.9966, Loss: 0.0015
[Eval] Epoch:  17, Total:   5463, Accuracy : 0.8775, Loss: 1.1875
[Train] Epoch:  18, Total:   5233, Accuracy : 0.9968, Loss: 0.0008
[Eval] Epoch:  18, Total:   5463, Accuracy : 0.8775, Loss: 1.1851
[Train] Epoch:  19, Total:   5233, Accuracy : 0.9971, Loss: 0.0007
[Eval] Epoch:  19, Total:   5463, Accuracy : 0.8779, Loss: 1.1740
{"epoch":[1,2,3,4,5,6,7,8,9,10,11,12,13,14,15,16,17,18,19,20],"train_loss":[0.644205761755385,0.44469488066870994,0.3307461126185045,0.2422453408561102,0.16765352729253652,0.12013190473634296,0.08430308971281458,0.0707324597212236,0.06146051673922778,0.05347156905137548,0.0685904379167435,0.10878629580128757,0.07149264412909383,0.06151478165170041,0.04055993490931919,0.03619273525390138,0.022239337109523347,0.015050710519639457,0.013672742394946242,0.013150379566401924],"eval_loss":[0.4437820551007293,0.3502520613892134,0.344642436261787,0.32144239700810856,0.42938977228694186,0.41004254383056665,0.48556771423927575,0.540916103263234,0.5240831324007622,0.5227645091539206,0.5566411723577699,0.5816247028320335,0.6348407738084016,0.7082065446952055,0.7154176372081734,0.6810175493186297,0.7094061084438202,0.7710250363966753,0.7750988800165265,0.7747979814749818],"train_acc":[0.6147525320084082,0.8121536403592585,0.8752149818459775,0.9184024460156698,0.9455379323523792,0.9631186699789795,0.9755398433021212,0.9810815975539843,0.9828014523218039,0.9854767819606345,0.9820370724249953,0.9675138543856296,0.9803172176571756,0.9849034970380279,0.9898719663672846,0.9921651060577107,0.9948404356965411,0.9965602904643608,0.996751385438563,0.9971335753869673],"eval_acc":[0.823357129782171,0.8564891085484166,0.8533772652388797,0.8758923668314114,0.8652754896576972,0.8793703093538349,0.8766245652571847,0.8758923668314114,0.8755262676185246,0.8738788211605345,0.870950027457441,0.867838184147904,0.8691195313930075,0.8749771187991946,0.8773567636829581,0.8786381109280615,0.8788211605345049,0.8775398132894014,0.8775398132894014,0.8779059125022881]}
[Eval] Epoch:  11, Total:   5463, Accuracy : 0.8779, Loss: 1.1740
5463 4796 66.63262640684843
