random_0.02_model_0
DatasetDict({
    train: Dataset({
        features: ['question', 'sentence', 'label', 'indexes'],
        num_rows: 2095
    })
    validation: Dataset({
        features: ['question', 'sentence', 'label', 'indexes'],
        num_rows: 5463
    })
    test: Dataset({
        features: ['question', 'sentence', 'label', 'indexes'],
        num_rows: 5463
    })
})
[Train] Epoch:   0, Total:   2095, Accuracy : 0.4854, Loss: 0.6946
[Eval] Epoch:   0, Total:   5463, Accuracy : 0.4946, Loss: 0.6907
[Train] Epoch:   1, Total:   2095, Accuracy : 0.6024, Loss: 0.4296
[Eval] Epoch:   1, Total:   5463, Accuracy : 0.7948, Loss: 0.4286
[Train] Epoch:   2, Total:   2095, Accuracy : 0.8014, Loss: 0.4558
[Eval] Epoch:   2, Total:   5463, Accuracy : 0.8413, Loss: 0.4007
[Train] Epoch:   3, Total:   2095, Accuracy : 0.8711, Loss: 0.5927
[Eval] Epoch:   3, Total:   5463, Accuracy : 0.8157, Loss: 0.3038
[Train] Epoch:   4, Total:   2095, Accuracy : 0.9098, Loss: 0.1373
[Eval] Epoch:   4, Total:   5463, Accuracy : 0.8371, Loss: 0.5811
[Train] Epoch:   5, Total:   2095, Accuracy : 0.9427, Loss: 0.3374
[Eval] Epoch:   5, Total:   5463, Accuracy : 0.8457, Loss: 0.4741
[Train] Epoch:   6, Total:   2095, Accuracy : 0.9642, Loss: 0.0426
[Eval] Epoch:   6, Total:   5463, Accuracy : 0.8462, Loss: 0.7709
[Train] Epoch:   7, Total:   2095, Accuracy : 0.9785, Loss: 0.1615
[Eval] Epoch:   7, Total:   5463, Accuracy : 0.8378, Loss: 0.9019
[Train] Epoch:   8, Total:   2095, Accuracy : 0.9814, Loss: 0.1407
[Eval] Epoch:   8, Total:   5463, Accuracy : 0.8468, Loss: 0.7503
[Train] Epoch:   9, Total:   2095, Accuracy : 0.9847, Loss: 0.1043
[Eval] Epoch:   9, Total:   5463, Accuracy : 0.8462, Loss: 0.7817
[Train] Epoch:  10, Total:   2095, Accuracy : 0.9833, Loss: 0.0281
[Eval] Epoch:  10, Total:   5463, Accuracy : 0.8391, Loss: 1.0795
[Train] Epoch:  11, Total:   2095, Accuracy : 0.9656, Loss: 0.0604
[Eval] Epoch:  11, Total:   5463, Accuracy : 0.8420, Loss: 0.7079
[Train] Epoch:  12, Total:   2095, Accuracy : 0.9728, Loss: 0.1086
[Eval] Epoch:  12, Total:   5463, Accuracy : 0.8395, Loss: 1.0286
[Train] Epoch:  13, Total:   2095, Accuracy : 0.9828, Loss: 0.1390
[Eval] Epoch:  13, Total:   5463, Accuracy : 0.8461, Loss: 1.0474
[Train] Epoch:  14, Total:   2095, Accuracy : 0.9885, Loss: 0.1017
[Eval] Epoch:  14, Total:   5463, Accuracy : 0.8495, Loss: 1.3926
[Train] Epoch:  15, Total:   2095, Accuracy : 0.9890, Loss: 0.0047
[Eval] Epoch:  15, Total:   5463, Accuracy : 0.8484, Loss: 0.9996
[Train] Epoch:  16, Total:   2095, Accuracy : 0.9943, Loss: 0.1014
[Eval] Epoch:  16, Total:   5463, Accuracy : 0.8514, Loss: 1.1413
[Train] Epoch:  17, Total:   2095, Accuracy : 0.9938, Loss: 0.0032
[Eval] Epoch:  17, Total:   5463, Accuracy : 0.8515, Loss: 1.1113
[Train] Epoch:  18, Total:   2095, Accuracy : 0.9933, Loss: 0.0060
[Eval] Epoch:  18, Total:   5463, Accuracy : 0.8526, Loss: 1.1654
[Train] Epoch:  19, Total:   2095, Accuracy : 0.9928, Loss: 0.1160
[Eval] Epoch:  19, Total:   5463, Accuracy : 0.8499, Loss: 1.1539
{"epoch":[1,2,3,4,5,6,7,8,9,10,11,12,13,14,15,16,17,18,19,20],"train_loss":[0.6963474154472351,0.6508296231428782,0.4419634522813739,0.3346321140274857,0.24226789673169455,0.16855977103114128,0.11465238497564287,0.08740292241175969,0.07052319494047851,0.0670422392078873,0.0642401756380092,0.12343693245202303,0.09567648903325651,0.07333671737631614,0.05853775665375658,0.047329941940860765,0.026490893193774602,0.020063974834611698,0.021862728457728572,0.025391614283293937],"eval_loss":[0.6923650149689164,0.46153407318647516,0.38374665223581844,0.4634989378757255,0.41387569488481035,0.46859238903189815,0.5350945773859357,0.6199767239565073,0.5812496289957402,0.5931272972808328,0.6651131205780562,0.6616873283718907,0.683209951187289,0.5792118501524592,0.8483722968850025,0.7789897423150928,0.8460677214140115,0.8604271436153457,0.8643179338338763,0.8654958532993183],"train_acc":[0.4854415274463007,0.6023866348448688,0.8014319809069212,0.8711217183770883,0.9097852028639618,0.9427207637231504,0.964200477326969,0.9785202863961814,0.9813842482100239,0.98472553699284,0.9832935560859188,0.9656324582338902,0.9727923627684965,0.9828162291169451,0.98854415274463,0.9890214797136038,0.9942720763723151,0.9937947494033413,0.9933174224343675,0.9928400954653938],"eval_acc":[0.4946000366099213,0.794801391177009,0.8412959912136189,0.8156690463115505,0.8370858502654219,0.8456891817682592,0.8462383305875892,0.8378180486911954,0.8467874794069192,0.8462383305875892,0.8390993959362988,0.8420281896393923,0.8394654951491854,0.8460552809811459,0.8495332235035694,0.8484349258649094,0.8513637195680029,0.8515467691744463,0.8526450668131064,0.8498993227164562]}
[Eval] Epoch:  11, Total:   5463, Accuracy : 0.8499, Loss: 1.1539
5463 4643 74.43264338374138
