pruned_1_0.005_model_0
DatasetDict({
    train: Dataset({
        features: ['question', 'sentence', 'label', 'indexes'],
        num_rows: 523
    })
    validation: Dataset({
        features: ['question', 'sentence', 'label', 'indexes'],
        num_rows: 5463
    })
    test: Dataset({
        features: ['question', 'sentence', 'label', 'indexes'],
        num_rows: 5463
    })
})
[Train] Epoch:   0, Total:    523, Accuracy : 0.5335, Loss: 0.7316
[Eval] Epoch:   0, Total:   5463, Accuracy : 0.5054, Loss: 0.7036
[Train] Epoch:   1, Total:    523, Accuracy : 0.5239, Loss: 0.6917
[Eval] Epoch:   1, Total:   5463, Accuracy : 0.5054, Loss: 0.6996
[Train] Epoch:   2, Total:    523, Accuracy : 0.5411, Loss: 0.6919
[Eval] Epoch:   2, Total:   5463, Accuracy : 0.5054, Loss: 0.7033
[Train] Epoch:   3, Total:    523, Accuracy : 0.5373, Loss: 0.6805
[Eval] Epoch:   3, Total:   5463, Accuracy : 0.5054, Loss: 0.7053
[Train] Epoch:   4, Total:    523, Accuracy : 0.5315, Loss: 0.7092
[Eval] Epoch:   4, Total:   5463, Accuracy : 0.5054, Loss: 0.7016
[Train] Epoch:   5, Total:    523, Accuracy : 0.5698, Loss: 0.6541
[Eval] Epoch:   5, Total:   5463, Accuracy : 0.7353, Loss: 0.6686
[Train] Epoch:   6, Total:    523, Accuracy : 0.7572, Loss: 0.5383
[Eval] Epoch:   6, Total:   5463, Accuracy : 0.8067, Loss: 0.5332
[Train] Epoch:   7, Total:    523, Accuracy : 0.8184, Loss: 0.4921
[Eval] Epoch:   7, Total:   5463, Accuracy : 0.8018, Loss: 0.5664
[Train] Epoch:   8, Total:    523, Accuracy : 0.8623, Loss: 0.1279
[Eval] Epoch:   8, Total:   5463, Accuracy : 0.8232, Loss: 0.3961
[Train] Epoch:   9, Total:    523, Accuracy : 0.8910, Loss: 0.3729
[Eval] Epoch:   9, Total:   5463, Accuracy : 0.8239, Loss: 0.2528
[Train] Epoch:  10, Total:    523, Accuracy : 0.8891, Loss: 0.4135
[Eval] Epoch:  10, Total:   5463, Accuracy : 0.8257, Loss: 0.3753
[Train] Epoch:  11, Total:    523, Accuracy : 0.9235, Loss: 0.6439
[Eval] Epoch:  11, Total:   5463, Accuracy : 0.8254, Loss: 0.3523
[Train] Epoch:  12, Total:    523, Accuracy : 0.9293, Loss: 0.0940
[Eval] Epoch:  12, Total:   5463, Accuracy : 0.8160, Loss: 0.5176
[Train] Epoch:  13, Total:    523, Accuracy : 0.9426, Loss: 0.0854
[Eval] Epoch:  13, Total:   5463, Accuracy : 0.8137, Loss: 0.4071
[Train] Epoch:  14, Total:    523, Accuracy : 0.9598, Loss: 0.0361
[Eval] Epoch:  14, Total:   5463, Accuracy : 0.8151, Loss: 0.4779
[Train] Epoch:  15, Total:    523, Accuracy : 0.9751, Loss: 0.0196
[Eval] Epoch:  15, Total:   5463, Accuracy : 0.8190, Loss: 0.4314
[Train] Epoch:  16, Total:    523, Accuracy : 0.9904, Loss: 0.0124
[Eval] Epoch:  16, Total:   5463, Accuracy : 0.8177, Loss: 0.3913
[Train] Epoch:  17, Total:    523, Accuracy : 0.9904, Loss: 0.0077
[Eval] Epoch:  17, Total:   5463, Accuracy : 0.8217, Loss: 0.4626
[Train] Epoch:  18, Total:    523, Accuracy : 0.9943, Loss: 0.0073
[Eval] Epoch:  18, Total:   5463, Accuracy : 0.8226, Loss: 0.4802
[Train] Epoch:  19, Total:    523, Accuracy : 0.9962, Loss: 0.0076
[Eval] Epoch:  19, Total:   5463, Accuracy : 0.8237, Loss: 0.4729
{"epoch":[1,2,3,4,5,6,7,8,9,10,11,12,13,14,15,16,17,18,19,20],"train_loss":[0.6954123311572604,0.6933011015256246,0.6891566117604574,0.6901214453909132,0.6917877462175157,0.6794343193372091,0.6032904452747769,0.4730083677503798,0.3683538917038176,0.31512344545788235,0.2910212129354477,0.27628495958116317,0.22034931596782473,0.17602007587750754,0.13071542150444454,0.08698312089675003,0.04104357005821334,0.04133060734925999,0.020288458404441673,0.01686715308783783],"eval_loss":[0.6945082455180412,0.6934283770794092,0.6940001436444216,0.6938042162462722,0.690359542536181,0.6555515888125397,0.4941794033660445,0.4654650712429091,0.44972493759421417,0.4629376017770102,0.4466474191393963,0.4437690016835235,0.4742452724035396,0.5746540794538897,0.6156209405771521,0.6434389952310297,0.7616735939369645,0.774998087869134,0.7931550037722255,0.7948392331600189],"train_acc":[0.5334608030592735,0.5239005736137667,0.5411089866156787,0.5372848948374761,0.5315487571701721,0.5697896749521989,0.7571701720841301,0.8183556405353728,0.8623326959847036,0.8910133843212237,0.8891013384321224,0.9235181644359465,0.9292543021032504,0.9426386233269598,0.9598470363288719,0.9751434034416826,0.9904397705544933,0.9904397705544933,0.994263862332696,0.9961759082217974],"eval_acc":[0.5053999633900788,0.5053999633900788,0.5053999633900788,0.5053999633900788,0.5053999633900788,0.7353102690829215,0.8066996155958265,0.8017572762218561,0.8231740801757276,0.823906278601501,0.8257367746659344,0.8253706754530478,0.8160351455244371,0.8136555006406736,0.8151198974922204,0.8189639392275306,0.8176825919824272,0.8217096833241808,0.8226249313563976,0.8237232289950577]}
[Eval] Epoch:  11, Total:   5463, Accuracy : 0.8237, Loss: 0.4729
5463 4500 68.35617405176163
