pruned_3_0.02_model_0
DatasetDict({
    train: Dataset({
        features: ['question', 'sentence', 'label', 'indexes'],
        num_rows: 2094
    })
    validation: Dataset({
        features: ['question', 'sentence', 'label', 'indexes'],
        num_rows: 5463
    })
    test: Dataset({
        features: ['question', 'sentence', 'label', 'indexes'],
        num_rows: 5463
    })
})
[Train] Epoch:   0, Total:   2094, Accuracy : 0.5048, Loss: 0.6924
[Eval] Epoch:   0, Total:   5463, Accuracy : 0.5059, Loss: 0.6941
[Train] Epoch:   1, Total:   2094, Accuracy : 0.6227, Loss: 0.4575
[Eval] Epoch:   1, Total:   5463, Accuracy : 0.7950, Loss: 0.5175
[Train] Epoch:   2, Total:   2094, Accuracy : 0.7937, Loss: 0.2766
[Eval] Epoch:   2, Total:   5463, Accuracy : 0.7796, Loss: 0.4319
[Train] Epoch:   3, Total:   2094, Accuracy : 0.8577, Loss: 0.2588
[Eval] Epoch:   3, Total:   5463, Accuracy : 0.8504, Loss: 0.4611
[Train] Epoch:   4, Total:   2094, Accuracy : 0.9059, Loss: 0.2851
[Eval] Epoch:   4, Total:   5463, Accuracy : 0.8378, Loss: 0.4825
[Train] Epoch:   5, Total:   2094, Accuracy : 0.9245, Loss: 0.1521
[Eval] Epoch:   5, Total:   5463, Accuracy : 0.8558, Loss: 0.5257
[Train] Epoch:   6, Total:   2094, Accuracy : 0.9422, Loss: 0.3050
[Eval] Epoch:   6, Total:   5463, Accuracy : 0.8378, Loss: 0.4794
[Train] Epoch:   7, Total:   2094, Accuracy : 0.9580, Loss: 0.2756
[Eval] Epoch:   7, Total:   5463, Accuracy : 0.8565, Loss: 0.5750
[Train] Epoch:   8, Total:   2094, Accuracy : 0.9632, Loss: 0.2074
[Eval] Epoch:   8, Total:   5463, Accuracy : 0.8565, Loss: 0.6039
[Train] Epoch:   9, Total:   2094, Accuracy : 0.9704, Loss: 0.0252
[Eval] Epoch:   9, Total:   5463, Accuracy : 0.8545, Loss: 0.6017
[Train] Epoch:  10, Total:   2094, Accuracy : 0.9651, Loss: 0.3592
[Eval] Epoch:  10, Total:   5463, Accuracy : 0.8514, Loss: 0.6015
[Train] Epoch:  11, Total:   2094, Accuracy : 0.9589, Loss: 0.0625
[Eval] Epoch:  11, Total:   5463, Accuracy : 0.8567, Loss: 0.6357
[Train] Epoch:  12, Total:   2094, Accuracy : 0.9680, Loss: 0.1664
[Eval] Epoch:  12, Total:   5463, Accuracy : 0.8510, Loss: 0.5563
[Train] Epoch:  13, Total:   2094, Accuracy : 0.9709, Loss: 0.0185
[Eval] Epoch:  13, Total:   5463, Accuracy : 0.8407, Loss: 0.6851
[Train] Epoch:  14, Total:   2094, Accuracy : 0.9718, Loss: 0.0454
[Eval] Epoch:  14, Total:   5463, Accuracy : 0.8483, Loss: 0.7040
[Train] Epoch:  15, Total:   2094, Accuracy : 0.9804, Loss: 0.0132
[Eval] Epoch:  15, Total:   5463, Accuracy : 0.8514, Loss: 0.7763
[Train] Epoch:  16, Total:   2094, Accuracy : 0.9823, Loss: 0.0073
[Eval] Epoch:  16, Total:   5463, Accuracy : 0.8530, Loss: 0.8140
[Train] Epoch:  17, Total:   2094, Accuracy : 0.9838, Loss: 0.0067
[Eval] Epoch:  17, Total:   5463, Accuracy : 0.8515, Loss: 0.7701
[Train] Epoch:  18, Total:   2094, Accuracy : 0.9876, Loss: 0.0049
[Eval] Epoch:  18, Total:   5463, Accuracy : 0.8539, Loss: 0.9368
[Train] Epoch:  19, Total:   2094, Accuracy : 0.9885, Loss: 0.1139
[Eval] Epoch:  19, Total:   5463, Accuracy : 0.8537, Loss: 0.9331
{"epoch":[1,2,3,4,5,6,7,8,9,10,11,12,13,14,15,16,17,18,19,20],"train_loss":[0.6937815294121251,0.6583328797961726,0.4767732358340061,0.3699555970502622,0.279257978905331,0.23439015357783347,0.19230663776397705,0.15863669449181267,0.13352071307599545,0.11874986626207829,0.13072497454105,0.13892703277595114,0.12357048780629129,0.10855754363265904,0.09718972292136062,0.07694664311059045,0.06401301302354444,0.052752376167160095,0.04652549745514989,0.04217098039490255],"eval_loss":[0.692077903553497,0.4802551751219949,0.4685232868028242,0.37884915030972904,0.39719853463561033,0.4193205341350201,0.4624937176704407,0.4544563099395397,0.471205317870129,0.47536197374033373,0.4823138060611348,0.5261474416352981,0.523972944811333,0.5876692538691122,0.5338801211395929,0.6038770450409069,0.6506017623252647,0.6874213717704596,0.6679317680902259,0.6685593797023907],"train_acc":[0.5047755491881566,0.6227316141356256,0.7936962750716332,0.8576886341929322,0.9059216809933143,0.9245463228271251,0.9422158548233047,0.9579751671442216,0.9632282712511939,0.9703915950334289,0.9651384909264565,0.958930276981853,0.9680038204393505,0.9708691499522445,0.9718242597898759,0.9804202483285578,0.9823304680038204,0.9837631327602674,0.9875835721107927,0.9885386819484241],"eval_acc":[0.5059491122094087,0.7949844407834523,0.7796082738422112,0.8504484715357862,0.8378180486911954,0.8557569101226432,0.8378180486911954,0.8564891085484166,0.8564891085484166,0.8544755628775398,0.8513637195680029,0.85667215815486,0.8509976203551163,0.8407468423942889,0.8482518762584661,0.8513637195680029,0.853011166025993,0.8515467691744463,0.8539264140582098,0.8537433644517665]}
[Eval] Epoch:  11, Total:   5463, Accuracy : 0.8537, Loss: 0.9331
5463 4664 57.496106654405594
