pruned_1_0.3_model_0
DatasetDict({
    train: Dataset({
        features: ['question', 'sentence', 'label', 'indexes'],
        num_rows: 31419
    })
    validation: Dataset({
        features: ['question', 'sentence', 'label', 'indexes'],
        num_rows: 5463
    })
    test: Dataset({
        features: ['question', 'sentence', 'label', 'indexes'],
        num_rows: 5463
    })
})
[Train] Epoch:   0, Total:  31419, Accuracy : 0.8062, Loss: 0.5078
[Eval] Epoch:   0, Total:   5463, Accuracy : 0.8902, Loss: 0.4875
[Train] Epoch:   1, Total:  31419, Accuracy : 0.8973, Loss: 0.1835
[Eval] Epoch:   1, Total:   5463, Accuracy : 0.9076, Loss: 0.4357
[Train] Epoch:   2, Total:  31419, Accuracy : 0.9328, Loss: 0.0703
[Eval] Epoch:   2, Total:   5463, Accuracy : 0.9054, Loss: 0.5309
[Train] Epoch:   3, Total:  31419, Accuracy : 0.9578, Loss: 0.0510
[Eval] Epoch:   3, Total:   5463, Accuracy : 0.9023, Loss: 0.5149
[Train] Epoch:   4, Total:  31419, Accuracy : 0.9713, Loss: 0.0243
[Eval] Epoch:   4, Total:   5463, Accuracy : 0.9088, Loss: 0.4080
[Train] Epoch:   5, Total:  31419, Accuracy : 0.9806, Loss: 0.0048
[Eval] Epoch:   5, Total:   5463, Accuracy : 0.9066, Loss: 0.7341
[Train] Epoch:   6, Total:  31419, Accuracy : 0.9863, Loss: 0.0015
[Eval] Epoch:   6, Total:   5463, Accuracy : 0.9088, Loss: 0.8151
[Train] Epoch:   7, Total:  31419, Accuracy : 0.9900, Loss: 0.0982
[Eval] Epoch:   7, Total:   5463, Accuracy : 0.9094, Loss: 0.8081
[Train] Epoch:   8, Total:  31419, Accuracy : 0.9928, Loss: 0.0014
[Eval] Epoch:   8, Total:   5463, Accuracy : 0.9107, Loss: 0.7228
[Train] Epoch:   9, Total:  31419, Accuracy : 0.9928, Loss: 0.0062
[Eval] Epoch:   9, Total:   5463, Accuracy : 0.9109, Loss: 0.7795
[Train] Epoch:  10, Total:  31419, Accuracy : 0.9796, Loss: 0.1383
[Eval] Epoch:  10, Total:   5463, Accuracy : 0.9033, Loss: 0.8462
[Train] Epoch:  11, Total:  31419, Accuracy : 0.9808, Loss: 0.0122
[Eval] Epoch:  11, Total:   5463, Accuracy : 0.9035, Loss: 0.5701
[Train] Epoch:  12, Total:  31419, Accuracy : 0.9846, Loss: 0.0257
[Eval] Epoch:  12, Total:   5463, Accuracy : 0.9066, Loss: 0.9286
[Train] Epoch:  13, Total:  31419, Accuracy : 0.9874, Loss: 0.0588
[Eval] Epoch:  13, Total:   5463, Accuracy : 0.9054, Loss: 0.7899
[Train] Epoch:  14, Total:  31419, Accuracy : 0.9910, Loss: 0.0093
[Eval] Epoch:  14, Total:   5463, Accuracy : 0.8980, Loss: 1.2414
[Train] Epoch:  15, Total:  31419, Accuracy : 0.9941, Loss: 0.0028
[Eval] Epoch:  15, Total:   5463, Accuracy : 0.9041, Loss: 0.6556
[Train] Epoch:  16, Total:  31419, Accuracy : 0.9955, Loss: 0.0004
[Eval] Epoch:  16, Total:   5463, Accuracy : 0.9072, Loss: 0.9064
[Train] Epoch:  17, Total:  31419, Accuracy : 0.9969, Loss: 0.0003
[Eval] Epoch:  17, Total:   5463, Accuracy : 0.9134, Loss: 0.7673
[Train] Epoch:  18, Total:  31419, Accuracy : 0.9980, Loss: 0.0068
[Eval] Epoch:  18, Total:   5463, Accuracy : 0.9105, Loss: 0.8047
[Train] Epoch:  19, Total:  31419, Accuracy : 0.9982, Loss: 0.0001
[Eval] Epoch:  19, Total:   5463, Accuracy : 0.9094, Loss: 0.8245
{"epoch":[1,2,3,4,5,6,7,8,9,10,11,12,13,14,15,16,17,18,19,20],"train_loss":[0.4187328467210053,0.26160025256714364,0.18283274209092687,0.1240884260978178,0.09010877663766598,0.067114422422627,0.05140451333094805,0.04130625666300301,0.03006956895280823,0.030085251787525663,0.0704153792360274,0.06341401937649094,0.053931897593725686,0.04492370213640146,0.03398061687512159,0.023132571626530225,0.019055629546930464,0.012942112172759838,0.008864428922343718,0.007764474618769191],"eval_loss":[0.271818263932716,0.24805670352869255,0.2669651341126409,0.31335407192277354,0.330231549088345,0.395701612237581,0.47477542236447334,0.49146179187782973,0.4940765125806941,0.5006599712163903,0.4465596181270125,0.44243015210295833,0.5613047941479572,0.4529239596842333,0.5547611646700737,0.5482953691118678,0.5972652832955815,0.6243619099259377,0.6545300989650017,0.661523447653582],"train_acc":[0.8061682421464719,0.897291447850027,0.9328113561857475,0.9577962379451924,0.9713230847576307,0.9806486520895,0.9862821859384449,0.990006047296222,0.9927750724084153,0.9928387281581209,0.9795665043445049,0.980807791463764,0.9846271364460994,0.9873961615582928,0.9909608835418059,0.9940800152773799,0.9955122696457558,0.9969126961392788,0.9979630160094211,0.9981539832585379],"eval_acc":[0.8901702361339923,0.9075599487461102,0.90536335346879,0.9022515101592532,0.9088412959912137,0.9066447007138935,0.9088412959912137,0.9093904448105437,0.9106717920556471,0.9108548416620904,0.9033498077979132,0.9035328574043566,0.9066447007138935,0.90536335346879,0.8980413692110562,0.9040820062236866,0.9071938495332235,0.9134175361522973,0.9104887424492037,0.9093904448105437]}
[Eval] Epoch:  11, Total:   5463, Accuracy : 0.9094, Loss: 0.8245
5463 4968 56.891016498208046
