random_0.75_model_0
DatasetDict({
    train: Dataset({
        features: ['question', 'sentence', 'label', 'indexes'],
        num_rows: 78557
    })
    validation: Dataset({
        features: ['question', 'sentence', 'label', 'indexes'],
        num_rows: 5463
    })
    test: Dataset({
        features: ['question', 'sentence', 'label', 'indexes'],
        num_rows: 5463
    })
})
[Train] Epoch:   0, Total:  78557, Accuracy : 0.8499, Loss: 0.1369
[Eval] Epoch:   0, Total:   5463, Accuracy : 0.9158, Loss: 0.4635
[Train] Epoch:   1, Total:  78557, Accuracy : 0.9149, Loss: 0.2703
[Eval] Epoch:   1, Total:   5463, Accuracy : 0.9184, Loss: 0.3703
[Train] Epoch:   2, Total:  78557, Accuracy : 0.9439, Loss: 0.0693
[Eval] Epoch:   2, Total:   5463, Accuracy : 0.9191, Loss: 0.3641
[Train] Epoch:   3, Total:  78557, Accuracy : 0.9623, Loss: 0.0555
[Eval] Epoch:   3, Total:   5463, Accuracy : 0.9220, Loss: 0.4686
[Train] Epoch:   4, Total:  78557, Accuracy : 0.9746, Loss: 0.2100
[Eval] Epoch:   4, Total:   5463, Accuracy : 0.9224, Loss: 0.6727
[Train] Epoch:   5, Total:  78557, Accuracy : 0.9829, Loss: 0.0035
[Eval] Epoch:   5, Total:   5463, Accuracy : 0.9233, Loss: 0.9490
[Train] Epoch:   6, Total:  78557, Accuracy : 0.9880, Loss: 0.0016
[Eval] Epoch:   6, Total:   5463, Accuracy : 0.9228, Loss: 0.8252
[Train] Epoch:   7, Total:  78557, Accuracy : 0.9913, Loss: 0.0033
[Eval] Epoch:   7, Total:   5463, Accuracy : 0.9222, Loss: 0.8363
[Train] Epoch:   8, Total:  78557, Accuracy : 0.9933, Loss: 0.0009
[Eval] Epoch:   8, Total:   5463, Accuracy : 0.9237, Loss: 0.9246
[Train] Epoch:   9, Total:  78557, Accuracy : 0.9934, Loss: 0.0005
[Eval] Epoch:   9, Total:   5463, Accuracy : 0.9237, Loss: 0.9276
[Train] Epoch:  10, Total:  78557, Accuracy : 0.9787, Loss: 0.0677
[Eval] Epoch:  10, Total:   5463, Accuracy : 0.9185, Loss: 0.2828
[Train] Epoch:  11, Total:  78557, Accuracy : 0.9816, Loss: 0.1982
[Eval] Epoch:  11, Total:   5463, Accuracy : 0.9145, Loss: 0.9587
[Train] Epoch:  12, Total:  78557, Accuracy : 0.9854, Loss: 0.0003
[Eval] Epoch:  12, Total:   5463, Accuracy : 0.9138, Loss: 0.8857
[Train] Epoch:  13, Total:  78557, Accuracy : 0.9895, Loss: 0.0011
[Eval] Epoch:  13, Total:   5463, Accuracy : 0.9200, Loss: 0.9987
[Train] Epoch:  14, Total:  78557, Accuracy : 0.9926, Loss: 0.0007
[Eval] Epoch:  14, Total:   5463, Accuracy : 0.9200, Loss: 0.8291
[Train] Epoch:  15, Total:  78557, Accuracy : 0.9946, Loss: 0.2192
[Eval] Epoch:  15, Total:   5463, Accuracy : 0.9233, Loss: 0.7391
[Train] Epoch:  16, Total:  78557, Accuracy : 0.9968, Loss: 0.0001
[Eval] Epoch:  16, Total:   5463, Accuracy : 0.9228, Loss: 0.8311
[Train] Epoch:  17, Total:  78557, Accuracy : 0.9974, Loss: 0.0002
[Eval] Epoch:  17, Total:   5463, Accuracy : 0.9242, Loss: 0.8278
[Train] Epoch:  18, Total:  78557, Accuracy : 0.9981, Loss: 0.0001
[Eval] Epoch:  18, Total:   5463, Accuracy : 0.9240, Loss: 0.8611
[Train] Epoch:  19, Total:  78557, Accuracy : 0.9985, Loss: 0.0001
[Eval] Epoch:  19, Total:   5463, Accuracy : 0.9239, Loss: 0.8580
{"epoch":[1,2,3,4,5,6,7,8,9,10,11,12,13,14,15,16,17,18,19,20],"train_loss":[0.3449155214737118,0.22046032905311655,0.15319930486902839,0.10920458535226941,0.078317843683607,0.05733881179275179,0.04455370244593587,0.033639366068114705,0.0269952455076648,0.026688334157713916,0.0685341832593841,0.05947120251048338,0.04905196330133721,0.039319056242616036,0.029476730509320613,0.021846973410300743,0.01484931281010375,0.011482231078494474,0.009039989415092759,0.006721413728148202],"eval_loss":[0.21708741550182187,0.2130336941674698,0.2349816695895306,0.2795099232259185,0.3085674956267656,0.35363528782198594,0.4012961685657501,0.42936510280814283,0.4532000898968342,0.4592096012865388,0.33016861204144565,0.4088007170100545,0.5510765257789645,0.48558823114564253,0.5039249085063158,0.48815738695651983,0.5335733931251737,0.5338677257126154,0.5801583518988864,0.5738244558316331],"train_acc":[0.8499433532339575,0.9148516363914101,0.9438751479817202,0.9622821645429434,0.9745662385274386,0.9829423221355195,0.9879705182224372,0.9912929465229069,0.993304224957674,0.9934060618404471,0.978690632279746,0.9815802538284303,0.9853736777117252,0.9895108010743792,0.9925786371679163,0.9946153748233767,0.9967666789719567,0.9973522410479015,0.9981032880583526,0.9984597171480581],"eval_acc":[0.9157971810360608,0.9183598755262676,0.919092073952041,0.9220208676551346,0.9223869668680212,0.923302214900238,0.9227530660809079,0.9222039172615779,0.9236683141131247,0.9236683141131247,0.918542925132711,0.9145158337909574,0.9137836353651839,0.9200073219842577,0.9200073219842577,0.923302214900238,0.9227530660809079,0.9242174629324547,0.9240344133260113,0.923851363719568]}
[Eval] Epoch:  11, Total:   5463, Accuracy : 0.9239, Loss: 0.8580
5463 5047 49.34890320152044
