random_0.2_model_0
DatasetDict({
    train: Dataset({
        features: ['question', 'sentence', 'label', 'indexes'],
        num_rows: 20949
    })
    validation: Dataset({
        features: ['question', 'sentence', 'label', 'indexes'],
        num_rows: 5463
    })
    test: Dataset({
        features: ['question', 'sentence', 'label', 'indexes'],
        num_rows: 5463
    })
})
[Train] Epoch:   0, Total:  20949, Accuracy : 0.7728, Loss: 0.2990
[Eval] Epoch:   0, Total:   5463, Accuracy : 0.8898, Loss: 0.4263
[Train] Epoch:   1, Total:  20949, Accuracy : 0.8906, Loss: 0.4388
[Eval] Epoch:   1, Total:   5463, Accuracy : 0.8887, Loss: 0.6162
[Train] Epoch:   2, Total:  20949, Accuracy : 0.9271, Loss: 0.1055
[Eval] Epoch:   2, Total:   5463, Accuracy : 0.9033, Loss: 0.5083
[Train] Epoch:   3, Total:  20949, Accuracy : 0.9508, Loss: 0.0610
[Eval] Epoch:   3, Total:   5463, Accuracy : 0.8915, Loss: 0.7426
[Train] Epoch:   4, Total:  20949, Accuracy : 0.9673, Loss: 0.0096
[Eval] Epoch:   4, Total:   5463, Accuracy : 0.8913, Loss: 0.7749
[Train] Epoch:   5, Total:  20949, Accuracy : 0.9782, Loss: 0.2706
[Eval] Epoch:   5, Total:   5463, Accuracy : 0.8966, Loss: 0.8154
[Train] Epoch:   6, Total:  20949, Accuracy : 0.9838, Loss: 0.0032
[Eval] Epoch:   6, Total:   5463, Accuracy : 0.9004, Loss: 0.8912
[Train] Epoch:   7, Total:  20949, Accuracy : 0.9872, Loss: 0.0022
[Eval] Epoch:   7, Total:   5463, Accuracy : 0.9043, Loss: 0.9759
[Train] Epoch:   8, Total:  20949, Accuracy : 0.9909, Loss: 0.0034
[Eval] Epoch:   8, Total:   5463, Accuracy : 0.9065, Loss: 1.0031
[Train] Epoch:   9, Total:  20949, Accuracy : 0.9905, Loss: 0.2474
[Eval] Epoch:   9, Total:   5463, Accuracy : 0.9059, Loss: 0.9767
[Train] Epoch:  10, Total:  20949, Accuracy : 0.9794, Loss: 0.0219
[Eval] Epoch:  10, Total:   5463, Accuracy : 0.8841, Loss: 1.0399
[Train] Epoch:  11, Total:  20949, Accuracy : 0.9789, Loss: 0.2761
[Eval] Epoch:  11, Total:   5463, Accuracy : 0.8946, Loss: 0.8413
[Train] Epoch:  12, Total:  20949, Accuracy : 0.9853, Loss: 0.0023
[Eval] Epoch:  12, Total:   5463, Accuracy : 0.8988, Loss: 1.2010
[Train] Epoch:  13, Total:  20949, Accuracy : 0.9885, Loss: 0.0005
[Eval] Epoch:  13, Total:   5463, Accuracy : 0.8982, Loss: 0.9037
[Train] Epoch:  14, Total:  20949, Accuracy : 0.9916, Loss: 0.3402
[Eval] Epoch:  14, Total:   5463, Accuracy : 0.8991, Loss: 1.1359
[Train] Epoch:  15, Total:  20949, Accuracy : 0.9934, Loss: 0.0008
[Eval] Epoch:  15, Total:   5463, Accuracy : 0.8962, Loss: 1.1764
[Train] Epoch:  16, Total:  20949, Accuracy : 0.9971, Loss: 0.0003
[Eval] Epoch:  16, Total:   5463, Accuracy : 0.8944, Loss: 1.2728
[Train] Epoch:  17, Total:  20949, Accuracy : 0.9967, Loss: 0.0002
[Eval] Epoch:  17, Total:   5463, Accuracy : 0.9010, Loss: 1.3495
[Train] Epoch:  18, Total:  20949, Accuracy : 0.9980, Loss: 0.0002
[Eval] Epoch:  18, Total:   5463, Accuracy : 0.9013, Loss: 1.3949
[Train] Epoch:  19, Total:  20949, Accuracy : 0.9983, Loss: 0.0002
[Eval] Epoch:  19, Total:   5463, Accuracy : 0.9024, Loss: 1.4436
{"epoch":[1,2,3,4,5,6,7,8,9,10,11,12,13,14,15,16,17,18,19,20],"train_loss":[0.45946075581014156,0.2828881142706406,0.20352608324369278,0.1418102574818654,0.10199717381719227,0.07482088769206822,0.05889678251057886,0.047506758029978696,0.03759543864530648,0.03831883983916558,0.07145699954140228,0.07154988414585227,0.05334936824129261,0.044737908816786354,0.0353755633589505,0.026055007637318696,0.011549787178432226,0.015415842603521546,0.009163465488222201,0.007668985195156959],"eval_loss":[0.2795335187814956,0.27576539171643033,0.26254943792903146,0.3276414001403853,0.3927875445332638,0.39954403926466786,0.45719924335216366,0.4985929998720801,0.5147779856830142,0.5119542498574701,0.4454219128156817,0.4758241284898547,0.5761460199259049,0.5553384094044219,0.6271628924580508,0.5853153189947439,0.759494940100541,0.6755336811982615,0.7010895136397245,0.7054173217999727],"train_acc":[0.7728292519929352,0.8905914363454103,0.9271086925390234,0.9507852403456012,0.9673492768151224,0.9782328512100816,0.9838178433338107,0.9872070265883813,0.9908826196954509,0.9905484748675354,0.9793784906200773,0.978853405890496,0.9852976275717218,0.9884958709246264,0.9915509093512817,0.9934125733925248,0.9971359014750107,0.9966585517208458,0.9979951310325075,0.9982815408850064],"eval_acc":[0.8898041369211056,0.8887058392824455,0.9033498077979132,0.8914515833790957,0.8912685337726524,0.8965769723595094,0.9004210140948197,0.90426505583013,0.9064616511074501,0.90591250228812,0.8841295991213619,0.8945634266886326,0.8987735676368296,0.8982244188174996,0.8991396668497162,0.8962108731466227,0.8943803770821893,0.9009701629141498,0.9013362621270364,0.9024345597656965]}
[Eval] Epoch:  11, Total:   5463, Accuracy : 0.9024, Loss: 1.4436
5463 4930 60.665889674797654
