random_0.01_model_0
DatasetDict({
    train: Dataset({
        features: ['question', 'sentence', 'label', 'indexes'],
        num_rows: 1047
    })
    validation: Dataset({
        features: ['question', 'sentence', 'label', 'indexes'],
        num_rows: 5463
    })
    test: Dataset({
        features: ['question', 'sentence', 'label', 'indexes'],
        num_rows: 5463
    })
})
[Train] Epoch:   0, Total:   1047, Accuracy : 0.5014, Loss: 0.7017
[Eval] Epoch:   0, Total:   5463, Accuracy : 0.5054, Loss: 0.7033
[Train] Epoch:   1, Total:   1047, Accuracy : 0.5043, Loss: 0.7159
[Eval] Epoch:   1, Total:   5463, Accuracy : 0.4946, Loss: 0.6881
[Train] Epoch:   2, Total:   1047, Accuracy : 0.5826, Loss: 0.6406
[Eval] Epoch:   2, Total:   5463, Accuracy : 0.7611, Loss: 0.6554
[Train] Epoch:   3, Total:   1047, Accuracy : 0.7822, Loss: 0.5804
[Eval] Epoch:   3, Total:   5463, Accuracy : 0.7435, Loss: 0.7350
[Train] Epoch:   4, Total:   1047, Accuracy : 0.8109, Loss: 0.4015
[Eval] Epoch:   4, Total:   5463, Accuracy : 0.8127, Loss: 0.3955
[Train] Epoch:   5, Total:   1047, Accuracy : 0.8691, Loss: 0.3870
[Eval] Epoch:   5, Total:   5463, Accuracy : 0.8296, Loss: 0.3585
[Train] Epoch:   6, Total:   1047, Accuracy : 0.8997, Loss: 0.2945
[Eval] Epoch:   6, Total:   5463, Accuracy : 0.8417, Loss: 0.5485
[Train] Epoch:   7, Total:   1047, Accuracy : 0.9245, Loss: 0.2735
[Eval] Epoch:   7, Total:   5463, Accuracy : 0.8424, Loss: 0.5845
[Train] Epoch:   8, Total:   1047, Accuracy : 0.9456, Loss: 0.0553
[Eval] Epoch:   8, Total:   5463, Accuracy : 0.8396, Loss: 0.5323
[Train] Epoch:   9, Total:   1047, Accuracy : 0.9551, Loss: 0.1777
[Eval] Epoch:   9, Total:   5463, Accuracy : 0.8387, Loss: 0.5356
[Train] Epoch:  10, Total:   1047, Accuracy : 0.9599, Loss: 0.1600
[Eval] Epoch:  10, Total:   5463, Accuracy : 0.8418, Loss: 0.5588
[Train] Epoch:  11, Total:   1047, Accuracy : 0.9513, Loss: 0.3442
[Eval] Epoch:  11, Total:   5463, Accuracy : 0.8045, Loss: 0.9344
[Train] Epoch:  12, Total:   1047, Accuracy : 0.9561, Loss: 0.0305
[Eval] Epoch:  12, Total:   5463, Accuracy : 0.8296, Loss: 0.5605
[Train] Epoch:  13, Total:   1047, Accuracy : 0.9799, Loss: 0.0420
[Eval] Epoch:  13, Total:   5463, Accuracy : 0.8365, Loss: 0.5262
[Train] Epoch:  14, Total:   1047, Accuracy : 0.9733, Loss: 0.0847
[Eval] Epoch:  14, Total:   5463, Accuracy : 0.8371, Loss: 0.7101
[Train] Epoch:  15, Total:   1047, Accuracy : 0.9876, Loss: 0.0109
[Eval] Epoch:  15, Total:   5463, Accuracy : 0.8213, Loss: 1.3160
[Train] Epoch:  16, Total:   1047, Accuracy : 0.9857, Loss: 0.0075
[Eval] Epoch:  16, Total:   5463, Accuracy : 0.8367, Loss: 0.8509
[Train] Epoch:  17, Total:   1047, Accuracy : 0.9924, Loss: 0.0063
[Eval] Epoch:  17, Total:   5463, Accuracy : 0.8353, Loss: 0.9402
[Train] Epoch:  18, Total:   1047, Accuracy : 0.9924, Loss: 0.4385
[Eval] Epoch:  18, Total:   5463, Accuracy : 0.8365, Loss: 1.0094
[Train] Epoch:  19, Total:   1047, Accuracy : 0.9952, Loss: 0.0045
[Eval] Epoch:  19, Total:   5463, Accuracy : 0.8353, Loss: 0.9889
{"epoch":[1,2,3,4,5,6,7,8,9,10,11,12,13,14,15,16,17,18,19,20],"train_loss":[0.6998802598784951,0.6958475077853483,0.6826944877119625,0.5401278541368597,0.4534635438638575,0.3540802571703406,0.2904796013060738,0.21933559635106256,0.16495098370839567,0.1411843602271641,0.1333916954257909,0.15525505253497293,0.14409242559443503,0.08485116393250577,0.1063219135736718,0.05252688493141357,0.060709113994722855,0.028897531166234437,0.04791272612398162,0.021855613326325136],"eval_loss":[0.6941486513891886,0.6923153344974962,0.6383691901384398,0.5606569048277167,0.46389554822167683,0.4497653926874316,0.41575389459382656,0.4404896171980126,0.4634030521955601,0.48302474375381027,0.4706149106455404,0.6692527425150538,0.5878035966740098,0.5476829028406809,0.5360606427109519,0.7812612292378448,0.7325204482605291,0.7334748087234275,0.7596089957758437,0.7581836148056873],"train_acc":[0.501432664756447,0.504297994269341,0.5826170009551098,0.7822349570200573,0.8108882521489972,0.8691499522445081,0.8997134670487106,0.9245463228271251,0.9455587392550143,0.9551098376313276,0.9598853868194842,0.9512893982808023,0.956064947468959,0.9799426934097422,0.9732569245463228,0.9875835721107927,0.9856733524355301,0.9923591212989494,0.9923591212989494,0.9952244508118434],"eval_acc":[0.5053999633900788,0.4946000366099213,0.7611202635914333,0.7435475013728721,0.8127402526084568,0.8295808164012447,0.8416620904265056,0.842394288852279,0.8396485447556288,0.838733296723412,0.841845140032949,0.8045030203185063,0.8295808164012447,0.8365367014460919,0.8370858502654219,0.8213435841112942,0.8367197510525353,0.8352553542009885,0.8365367014460919,0.8352553542009885]}
[Eval] Epoch:  11, Total:   5463, Accuracy : 0.8353, Loss: 0.9889
5463 4563 65.20379087328911
