pruned_3_0.1_model_0
DatasetDict({
    train: Dataset({
        features: ['sentence1', 'sentence2', 'label', 'indexes'],
        num_rows: 366
    })
    validation: Dataset({
        features: ['sentence1', 'sentence2', 'label', 'indexes'],
        num_rows: 408
    })
    test: Dataset({
        features: ['sentence1', 'sentence2', 'label', 'indexes'],
        num_rows: 1725
    })
})
[Train] Epoch:   0, Total:    366, Accuracy : 0.6694, Loss: 0.6759
[Eval] Epoch:   0, Total:    408, Accuracy : 0.6838, Loss: 0.6685
[Train] Epoch:   1, Total:    366, Accuracy : 0.6885, Loss: 0.6734
[Eval] Epoch:   1, Total:    408, Accuracy : 0.6838, Loss: 0.6437
[Train] Epoch:   2, Total:    366, Accuracy : 0.6940, Loss: 0.5987
[Eval] Epoch:   2, Total:    408, Accuracy : 0.6838, Loss: 0.6070
[Train] Epoch:   3, Total:    366, Accuracy : 0.6940, Loss: 0.6589
[Eval] Epoch:   3, Total:    408, Accuracy : 0.6838, Loss: 0.5548
[Train] Epoch:   4, Total:    366, Accuracy : 0.6940, Loss: 0.5841
[Eval] Epoch:   4, Total:    408, Accuracy : 0.6838, Loss: 0.5049
[Train] Epoch:   5, Total:    366, Accuracy : 0.6940, Loss: 0.5175
[Eval] Epoch:   5, Total:    408, Accuracy : 0.6838, Loss: 0.4883
[Train] Epoch:   6, Total:    366, Accuracy : 0.6940, Loss: 0.6096
[Eval] Epoch:   6, Total:    408, Accuracy : 0.6838, Loss: 0.4984
[Train] Epoch:   7, Total:    366, Accuracy : 0.6940, Loss: 0.5867
[Eval] Epoch:   7, Total:    408, Accuracy : 0.6838, Loss: 0.4647
[Train] Epoch:   8, Total:    366, Accuracy : 0.6940, Loss: 0.5642
[Eval] Epoch:   8, Total:    408, Accuracy : 0.6838, Loss: 0.4673
[Train] Epoch:   9, Total:    366, Accuracy : 0.6940, Loss: 0.4795
[Eval] Epoch:   9, Total:    408, Accuracy : 0.6838, Loss: 0.4197
[Train] Epoch:  10, Total:    366, Accuracy : 0.6940, Loss: 0.4676
[Eval] Epoch:  10, Total:    408, Accuracy : 0.6838, Loss: 0.3744
[Train] Epoch:  11, Total:    366, Accuracy : 0.6940, Loss: 0.4166
[Eval] Epoch:  11, Total:    408, Accuracy : 0.6838, Loss: 0.3650
[Train] Epoch:  12, Total:    366, Accuracy : 0.6940, Loss: 0.4441
[Eval] Epoch:  12, Total:    408, Accuracy : 0.6838, Loss: 0.3523
[Train] Epoch:  13, Total:    366, Accuracy : 0.6940, Loss: 0.4494
[Eval] Epoch:  13, Total:    408, Accuracy : 0.6838, Loss: 0.3440
[Train] Epoch:  14, Total:    366, Accuracy : 0.6940, Loss: 0.3740
[Eval] Epoch:  14, Total:    408, Accuracy : 0.6985, Loss: 0.2959
[Train] Epoch:  15, Total:    366, Accuracy : 0.8415, Loss: 0.2411
[Eval] Epoch:  15, Total:    408, Accuracy : 0.7500, Loss: 0.2462
[Train] Epoch:  16, Total:    366, Accuracy : 0.9344, Loss: 0.1935
[Eval] Epoch:  16, Total:    408, Accuracy : 0.7721, Loss: 0.2613
[Train] Epoch:  17, Total:    366, Accuracy : 0.9508, Loss: 0.2404
[Eval] Epoch:  17, Total:    408, Accuracy : 0.7721, Loss: 0.2199
[Train] Epoch:  18, Total:    366, Accuracy : 0.9563, Loss: 0.1419
[Eval] Epoch:  18, Total:    408, Accuracy : 0.7794, Loss: 0.2815
[Train] Epoch:  19, Total:    366, Accuracy : 0.9699, Loss: 0.1236
[Eval] Epoch:  19, Total:    408, Accuracy : 0.7892, Loss: 0.2833
{"epoch":[1,2,3,4,5,6,7,8,9,10,11,12,13,14,15,16,17,18,19,20],"train_loss":[0.6802435914675394,0.6692923804124197,0.6453307767709097,0.6323520541191101,0.6137498517831167,0.6029999156792959,0.6176134447256724,0.5944216748078665,0.5842110613981882,0.5510876973470052,0.5055547207593918,0.47008708119392395,0.4452327986558278,0.43252745270729065,0.4074671020110448,0.31490802268187207,0.24750668307145438,0.19944984962542853,0.1807416429122289,0.15979611625274023],"eval_loss":[0.6769562874521527,0.6613843441009521,0.6403798375810895,0.6161439759390694,0.6032740473747253,0.607381101165499,0.5941544898918697,0.5893407336303166,0.5561554091317313,0.5378853636128562,0.525508097239903,0.5093660865511213,0.5048215431826455,0.5070951240403312,0.5265550911426544,0.5944175698927471,0.6545836627483368,0.5631743179900306,0.6271163523197174,0.6610383944852012],"train_acc":[0.6693989071038251,0.6885245901639344,0.6939890710382514,0.6939890710382514,0.6939890710382514,0.6939890710382514,0.6939890710382514,0.6939890710382514,0.6939890710382514,0.6939890710382514,0.6939890710382514,0.6939890710382514,0.6939890710382514,0.6939890710382514,0.6939890710382514,0.8415300546448088,0.9344262295081968,0.9508196721311475,0.9562841530054644,0.9699453551912568],"eval_acc":[0.6838235294117647,0.6838235294117647,0.6838235294117647,0.6838235294117647,0.6838235294117647,0.6838235294117647,0.6838235294117647,0.6838235294117647,0.6838235294117647,0.6838235294117647,0.6838235294117647,0.6838235294117647,0.6838235294117647,0.6838235294117647,0.6985294117647058,0.75,0.7720588235294118,0.7720588235294118,0.7794117647058824,0.7892156862745098]}
[Eval] Epoch:  11, Total:   1725, Accuracy : 0.7641, Loss: 0.7997
1725 1318 20.75620126724243
