pruned_2_0.4_model_0
DatasetDict({
    train: Dataset({
        features: ['sentence1', 'sentence2', 'label', 'indexes'],
        num_rows: 1467
    })
    validation: Dataset({
        features: ['sentence1', 'sentence2', 'label', 'indexes'],
        num_rows: 408
    })
    test: Dataset({
        features: ['sentence1', 'sentence2', 'label', 'indexes'],
        num_rows: 1725
    })
})
[Train] Epoch:   0, Total:   1467, Accuracy : 0.6823, Loss: 0.6439
[Eval] Epoch:   0, Total:    408, Accuracy : 0.6838, Loss: 0.5634
[Train] Epoch:   1, Total:   1467, Accuracy : 0.6823, Loss: 0.6877
[Eval] Epoch:   1, Total:    408, Accuracy : 0.6838, Loss: 0.4847
[Train] Epoch:   2, Total:   1467, Accuracy : 0.6851, Loss: 0.4524
[Eval] Epoch:   2, Total:    408, Accuracy : 0.6961, Loss: 0.3419
[Train] Epoch:   3, Total:   1467, Accuracy : 0.8010, Loss: 0.4378
[Eval] Epoch:   3, Total:    408, Accuracy : 0.8162, Loss: 0.2709
[Train] Epoch:   4, Total:   1467, Accuracy : 0.8684, Loss: 0.2611
[Eval] Epoch:   4, Total:    408, Accuracy : 0.8235, Loss: 0.1173
[Train] Epoch:   5, Total:   1467, Accuracy : 0.8998, Loss: 0.2611
[Eval] Epoch:   5, Total:    408, Accuracy : 0.8554, Loss: 0.0647
[Train] Epoch:   6, Total:   1467, Accuracy : 0.9271, Loss: 0.1206
[Eval] Epoch:   6, Total:    408, Accuracy : 0.8407, Loss: 0.1168
[Train] Epoch:   7, Total:   1467, Accuracy : 0.9502, Loss: 0.1435
[Eval] Epoch:   7, Total:    408, Accuracy : 0.8578, Loss: 0.0809
[Train] Epoch:   8, Total:   1467, Accuracy : 0.9564, Loss: 0.0724
[Eval] Epoch:   8, Total:    408, Accuracy : 0.8456, Loss: 0.0547
[Train] Epoch:   9, Total:   1467, Accuracy : 0.9686, Loss: 0.1001
[Eval] Epoch:   9, Total:    408, Accuracy : 0.8529, Loss: 0.0449
[Train] Epoch:  10, Total:   1467, Accuracy : 0.9673, Loss: 0.0623
[Eval] Epoch:  10, Total:    408, Accuracy : 0.8578, Loss: 0.0512
[Train] Epoch:  11, Total:   1467, Accuracy : 0.9237, Loss: 0.0538
[Eval] Epoch:  11, Total:    408, Accuracy : 0.8627, Loss: 0.0386
[Train] Epoch:  12, Total:   1467, Accuracy : 0.9611, Loss: 0.1224
[Eval] Epoch:  12, Total:    408, Accuracy : 0.8456, Loss: 0.1756
[Train] Epoch:  13, Total:   1467, Accuracy : 0.9659, Loss: 0.1059
[Eval] Epoch:  13, Total:    408, Accuracy : 0.8382, Loss: 0.2490
[Train] Epoch:  14, Total:   1467, Accuracy : 0.9782, Loss: 0.0133
[Eval] Epoch:  14, Total:    408, Accuracy : 0.8480, Loss: 0.2362
[Train] Epoch:  15, Total:   1467, Accuracy : 0.9830, Loss: 0.0439
[Eval] Epoch:  15, Total:    408, Accuracy : 0.8725, Loss: 0.1697
[Train] Epoch:  16, Total:   1467, Accuracy : 0.9864, Loss: 0.0047
[Eval] Epoch:  16, Total:    408, Accuracy : 0.8676, Loss: 0.0318
[Train] Epoch:  17, Total:   1467, Accuracy : 0.9905, Loss: 0.0034
[Eval] Epoch:  17, Total:    408, Accuracy : 0.8627, Loss: 0.0332
[Train] Epoch:  18, Total:   1467, Accuracy : 0.9925, Loss: 0.0026
[Eval] Epoch:  18, Total:    408, Accuracy : 0.8652, Loss: 0.0852
[Train] Epoch:  19, Total:   1467, Accuracy : 0.9911, Loss: 0.0375
[Eval] Epoch:  19, Total:    408, Accuracy : 0.8652, Loss: 0.0465
{"epoch":[1,2,3,4,5,6,7,8,9,10,11,12,13,14,15,16,17,18,19,20],"train_loss":[0.6497263882471167,0.6236843090990315,0.5513123403424802,0.43627391302067303,0.34521952401036804,0.2699218240121137,0.20917240141526514,0.15844644606113434,0.12909217405578363,0.10975420960913533,0.10822406427367874,0.25392598091908125,0.11627906034498112,0.1212447049987057,0.0730376689006453,0.0576866437357081,0.03693663324836804,0.031941342420633075,0.023455279524964484,0.02976575120271224],"eval_loss":[0.6201267497880119,0.5753234539713178,0.540522392307009,0.41121628880500793,0.4251874802368028,0.42600540816783905,0.44026917964220047,0.3890161375914301,0.4477842359670571,0.4595068709126541,0.4519359602459839,0.4938440871025835,0.5292802516903196,0.5124145554644721,0.5529938744647163,0.5677807820694787,0.6235534346529416,0.6545857435890606,0.6437305158802441,0.6516436359712056],"train_acc":[0.6823449216087253,0.6823449216087253,0.6850715746421268,0.8009543285616906,0.8684389911383776,0.8997955010224948,0.9270620313565099,0.9502385821404227,0.956373551465576,0.9686434901158828,0.967280163599182,0.923653715064758,0.9611451942740287,0.9659168370824812,0.978186775732788,0.9829584185412407,0.9863667348329925,0.9904567143830948,0.9925017041581459,0.9911383776414451],"eval_acc":[0.6838235294117647,0.6838235294117647,0.696078431372549,0.8161764705882353,0.8235294117647058,0.8553921568627451,0.8406862745098039,0.8578431372549019,0.8455882352941176,0.8529411764705882,0.8578431372549019,0.8627450980392157,0.8455882352941176,0.8382352941176471,0.8480392156862745,0.8725490196078431,0.8676470588235294,0.8627450980392157,0.8651960784313726,0.8651960784313726]}
[Eval] Epoch:  11, Total:   1725, Accuracy : 0.8452, Loss: 0.9280
1725 1458 21.79282319545746
