pruned_2_0.1_model_0
DatasetDict({
    train: Dataset({
        features: ['sentence1', 'sentence2', 'label', 'indexes'],
        num_rows: 366
    })
    validation: Dataset({
        features: ['sentence1', 'sentence2', 'label', 'indexes'],
        num_rows: 408
    })
    test: Dataset({
        features: ['sentence1', 'sentence2', 'label', 'indexes'],
        num_rows: 1725
    })
})
[Train] Epoch:   0, Total:    366, Accuracy : 0.2951, Loss: 0.7098
[Eval] Epoch:   0, Total:    408, Accuracy : 0.3162, Loss: 0.7103
[Train] Epoch:   1, Total:    366, Accuracy : 0.4016, Loss: 0.6864
[Eval] Epoch:   1, Total:    408, Accuracy : 0.6838, Loss: 0.6802
[Train] Epoch:   2, Total:    366, Accuracy : 0.6995, Loss: 0.6704
[Eval] Epoch:   2, Total:    408, Accuracy : 0.6838, Loss: 0.6336
[Train] Epoch:   3, Total:    366, Accuracy : 0.7022, Loss: 0.5650
[Eval] Epoch:   3, Total:    408, Accuracy : 0.6838, Loss: 0.5731
[Train] Epoch:   4, Total:    366, Accuracy : 0.7022, Loss: 0.6722
[Eval] Epoch:   4, Total:    408, Accuracy : 0.6838, Loss: 0.5184
[Train] Epoch:   5, Total:    366, Accuracy : 0.7022, Loss: 0.4683
[Eval] Epoch:   5, Total:    408, Accuracy : 0.6838, Loss: 0.5068
[Train] Epoch:   6, Total:    366, Accuracy : 0.7022, Loss: 0.7530
[Eval] Epoch:   6, Total:    408, Accuracy : 0.6838, Loss: 0.4836
[Train] Epoch:   7, Total:    366, Accuracy : 0.7022, Loss: 0.5716
[Eval] Epoch:   7, Total:    408, Accuracy : 0.6838, Loss: 0.4508
[Train] Epoch:   8, Total:    366, Accuracy : 0.7022, Loss: 0.4551
[Eval] Epoch:   8, Total:    408, Accuracy : 0.6838, Loss: 0.4133
[Train] Epoch:   9, Total:    366, Accuracy : 0.7705, Loss: 0.5091
[Eval] Epoch:   9, Total:    408, Accuracy : 0.7574, Loss: 0.3410
[Train] Epoch:  10, Total:    366, Accuracy : 0.8880, Loss: 0.2718
[Eval] Epoch:  10, Total:    408, Accuracy : 0.7843, Loss: 0.3116
[Train] Epoch:  11, Total:    366, Accuracy : 0.9016, Loss: 0.2907
[Eval] Epoch:  11, Total:    408, Accuracy : 0.7843, Loss: 0.3215
[Train] Epoch:  12, Total:    366, Accuracy : 0.9317, Loss: 0.2401
[Eval] Epoch:  12, Total:    408, Accuracy : 0.7868, Loss: 0.3023
[Train] Epoch:  13, Total:    366, Accuracy : 0.9399, Loss: 0.1839
[Eval] Epoch:  13, Total:    408, Accuracy : 0.7843, Loss: 0.3020
[Train] Epoch:  14, Total:    366, Accuracy : 0.9508, Loss: 0.1742
[Eval] Epoch:  14, Total:    408, Accuracy : 0.7794, Loss: 0.4178
[Train] Epoch:  15, Total:    366, Accuracy : 0.9699, Loss: 0.1018
[Eval] Epoch:  15, Total:    408, Accuracy : 0.7941, Loss: 0.5126
[Train] Epoch:  16, Total:    366, Accuracy : 0.9672, Loss: 0.1219
[Eval] Epoch:  16, Total:    408, Accuracy : 0.7868, Loss: 0.8945
[Train] Epoch:  17, Total:    366, Accuracy : 0.9590, Loss: 0.0300
[Eval] Epoch:  17, Total:    408, Accuracy : 0.7745, Loss: 0.7873
[Train] Epoch:  18, Total:    366, Accuracy : 0.9727, Loss: 0.0463
[Eval] Epoch:  18, Total:    408, Accuracy : 0.7745, Loss: 0.7462
[Train] Epoch:  19, Total:    366, Accuracy : 0.9891, Loss: 0.1222
[Eval] Epoch:  19, Total:    408, Accuracy : 0.7770, Loss: 0.7037
{"epoch":[1,2,3,4,5,6,7,8,9,10,11,12,13,14,15,16,17,18,19,20],"train_loss":[0.7138078212738037,0.6966039935747782,0.6648814479509989,0.6342414319515228,0.6160496274630228,0.6099628061056137,0.6044209599494934,0.5556822419166565,0.5054867466290792,0.41841819882392883,0.30553323527177173,0.2514430657029152,0.20279604941606522,0.17991535117228827,0.15125593170523643,0.10946369295318921,0.08724368549883366,0.08396350499242544,0.052980621345341206,0.04296476145585378],"eval_loss":[0.7044786385127476,0.6841833336012704,0.6545628138950893,0.6211576802389962,0.6117245725222996,0.6054083364350455,0.5858371428080967,0.556728469473975,0.5205961380686078,0.48813597219330923,0.4478523348058973,0.45146664125578745,0.4938222851072039,0.5029687711170742,0.5667402403695243,0.6850755938461849,0.801785443510328,0.8931871056556702,0.8440533195223127,0.8557469248771667],"train_acc":[0.29508196721311475,0.4016393442622951,0.6994535519125683,0.7021857923497268,0.7021857923497268,0.7021857923497268,0.7021857923497268,0.7021857923497268,0.7021857923497268,0.7704918032786885,0.8879781420765027,0.9016393442622951,0.9316939890710383,0.9398907103825137,0.9508196721311475,0.9699453551912568,0.9672131147540983,0.9590163934426229,0.9726775956284153,0.9890710382513661],"eval_acc":[0.3161764705882353,0.6838235294117647,0.6838235294117647,0.6838235294117647,0.6838235294117647,0.6838235294117647,0.6838235294117647,0.6838235294117647,0.6838235294117647,0.7573529411764706,0.7843137254901961,0.7843137254901961,0.7867647058823529,0.7843137254901961,0.7794117647058824,0.7941176470588235,0.7867647058823529,0.7745098039215687,0.7745098039215687,0.7769607843137255]}
[Eval] Epoch:  11, Total:   1725, Accuracy : 0.7936, Loss: 0.8096
1725 1369 22.303447484970093
