pruned_1_0.4_model_0
DatasetDict({
    train: Dataset({
        features: ['sentence1', 'sentence2', 'label', 'indexes'],
        num_rows: 1466
    })
    validation: Dataset({
        features: ['sentence1', 'sentence2', 'label', 'indexes'],
        num_rows: 408
    })
    test: Dataset({
        features: ['sentence1', 'sentence2', 'label', 'indexes'],
        num_rows: 1725
    })
})
[Train] Epoch:   0, Total:   1466, Accuracy : 0.6760, Loss: 0.6185
[Eval] Epoch:   0, Total:    408, Accuracy : 0.6838, Loss: 0.5731
[Train] Epoch:   1, Total:   1466, Accuracy : 0.6801, Loss: 0.6200
[Eval] Epoch:   1, Total:    408, Accuracy : 0.6838, Loss: 0.5044
[Train] Epoch:   2, Total:   1466, Accuracy : 0.6842, Loss: 0.5194
[Eval] Epoch:   2, Total:    408, Accuracy : 0.7132, Loss: 0.4146
[Train] Epoch:   3, Total:   1466, Accuracy : 0.7476, Loss: 0.4174
[Eval] Epoch:   3, Total:    408, Accuracy : 0.7966, Loss: 0.3086
[Train] Epoch:   4, Total:   1466, Accuracy : 0.8452, Loss: 0.2271
[Eval] Epoch:   4, Total:    408, Accuracy : 0.8407, Loss: 0.2125
[Train] Epoch:   5, Total:   1466, Accuracy : 0.8806, Loss: 0.2493
[Eval] Epoch:   5, Total:    408, Accuracy : 0.8407, Loss: 0.1408
[Train] Epoch:   6, Total:   1466, Accuracy : 0.9195, Loss: 0.2520
[Eval] Epoch:   6, Total:    408, Accuracy : 0.8701, Loss: 0.2528
[Train] Epoch:   7, Total:   1466, Accuracy : 0.9386, Loss: 0.0921
[Eval] Epoch:   7, Total:    408, Accuracy : 0.8554, Loss: 0.2879
[Train] Epoch:   8, Total:   1466, Accuracy : 0.9557, Loss: 0.1105
[Eval] Epoch:   8, Total:    408, Accuracy : 0.8750, Loss: 0.2278
[Train] Epoch:   9, Total:   1466, Accuracy : 0.9584, Loss: 0.0800
[Eval] Epoch:   9, Total:    408, Accuracy : 0.8750, Loss: 0.2435
[Train] Epoch:  10, Total:   1466, Accuracy : 0.9652, Loss: 0.0751
[Eval] Epoch:  10, Total:    408, Accuracy : 0.8750, Loss: 0.2476
[Train] Epoch:  11, Total:   1466, Accuracy : 0.9011, Loss: 0.1870
[Eval] Epoch:  11, Total:    408, Accuracy : 0.8505, Loss: 0.1151
[Train] Epoch:  12, Total:   1466, Accuracy : 0.9543, Loss: 0.1708
[Eval] Epoch:  12, Total:    408, Accuracy : 0.8652, Loss: 0.3860
[Train] Epoch:  13, Total:   1466, Accuracy : 0.9795, Loss: 0.0125
[Eval] Epoch:  13, Total:    408, Accuracy : 0.8456, Loss: 0.3269
[Train] Epoch:  14, Total:   1466, Accuracy : 0.9816, Loss: 0.0504
[Eval] Epoch:  14, Total:    408, Accuracy : 0.8701, Loss: 0.4166
[Train] Epoch:  15, Total:   1466, Accuracy : 0.9809, Loss: 0.0171
[Eval] Epoch:  15, Total:    408, Accuracy : 0.8480, Loss: 0.4569
[Train] Epoch:  16, Total:   1466, Accuracy : 0.9898, Loss: 0.0650
[Eval] Epoch:  16, Total:    408, Accuracy : 0.8775, Loss: 0.3493
[Train] Epoch:  17, Total:   1466, Accuracy : 0.9939, Loss: 0.0113
[Eval] Epoch:  17, Total:    408, Accuracy : 0.8676, Loss: 0.5961
[Train] Epoch:  18, Total:   1466, Accuracy : 0.9973, Loss: 0.0037
[Eval] Epoch:  18, Total:    408, Accuracy : 0.8652, Loss: 0.6058
[Train] Epoch:  19, Total:   1466, Accuracy : 0.9959, Loss: 0.0044
[Eval] Epoch:  19, Total:    408, Accuracy : 0.8652, Loss: 0.6096
{"epoch":[1,2,3,4,5,6,7,8,9,10,11,12,13,14,15,16,17,18,19,20],"train_loss":[0.6608259859292404,0.6310008401456086,0.5667390382808187,0.4784537074358567,0.3596318597378938,0.3012712850518849,0.22019868441250012,0.17740079177462537,0.13907812066052272,0.1343105017491009,0.11740633958707684,0.26336071024770324,0.13027482269250829,0.07141603893883851,0.06882671529994062,0.0675114622015668,0.04368663058899667,0.03484014382221452,0.02067601977361609,0.023589713215504005],"eval_loss":[0.6240588767187936,0.5814756921359471,0.5086733400821686,0.47168654203414917,0.40486349165439606,0.4284407390015466,0.4106912187167576,0.3965526138033186,0.4291459769010544,0.41326203090803965,0.419638101543699,0.39643556411777225,0.48467229093824116,0.6843984935964856,0.5265653601714543,0.6305094957351685,0.573688302721296,0.6032153069972992,0.6131425755364555,0.6217649238450187],"train_acc":[0.6759890859481582,0.680081855388813,0.6841746248294679,0.747612551159618,0.845156889495225,0.8806275579809004,0.9195088676671214,0.9386084583901774,0.9556616643929059,0.9583901773533424,0.9652114597544338,0.9010914051841746,0.9542974079126876,0.9795361527967258,0.9815825375170532,0.9809004092769441,0.9897680763983628,0.9938608458390177,0.9972714870395635,0.9959072305593452],"eval_acc":[0.6838235294117647,0.6838235294117647,0.7132352941176471,0.7965686274509803,0.8406862745098039,0.8406862745098039,0.8700980392156863,0.8553921568627451,0.875,0.875,0.875,0.8504901960784313,0.8651960784313726,0.8455882352941176,0.8700980392156863,0.8480392156862745,0.8774509803921569,0.8676470588235294,0.8651960784313726,0.8651960784313726]}
[Eval] Epoch:  11, Total:   1725, Accuracy : 0.8504, Loss: 0.7314
1725 1467 20.707135289907455
