random_0.3_model_0
DatasetDict({
    train: Dataset({
        features: ['sentence1', 'sentence2', 'label', 'indexes'],
        num_rows: 1100
    })
    validation: Dataset({
        features: ['sentence1', 'sentence2', 'label', 'indexes'],
        num_rows: 408
    })
    test: Dataset({
        features: ['sentence1', 'sentence2', 'label', 'indexes'],
        num_rows: 1725
    })
})
[Train] Epoch:   0, Total:   1100, Accuracy : 0.4091, Loss: 0.6601
[Eval] Epoch:   0, Total:    408, Accuracy : 0.6838, Loss: 0.6500
[Train] Epoch:   1, Total:   1100, Accuracy : 0.6882, Loss: 0.3226
[Eval] Epoch:   1, Total:    408, Accuracy : 0.6838, Loss: 0.4657
[Train] Epoch:   2, Total:   1100, Accuracy : 0.6936, Loss: 0.5621
[Eval] Epoch:   2, Total:    408, Accuracy : 0.7083, Loss: 0.4066
[Train] Epoch:   3, Total:   1100, Accuracy : 0.7936, Loss: 0.4499
[Eval] Epoch:   3, Total:    408, Accuracy : 0.8039, Loss: 0.3076
[Train] Epoch:   4, Total:   1100, Accuracy : 0.8700, Loss: 0.2566
[Eval] Epoch:   4, Total:    408, Accuracy : 0.8235, Loss: 0.2452
[Train] Epoch:   5, Total:   1100, Accuracy : 0.9173, Loss: 0.2768
[Eval] Epoch:   5, Total:    408, Accuracy : 0.8260, Loss: 0.3388
[Train] Epoch:   6, Total:   1100, Accuracy : 0.9364, Loss: 0.1097
[Eval] Epoch:   6, Total:    408, Accuracy : 0.8505, Loss: 0.1763
[Train] Epoch:   7, Total:   1100, Accuracy : 0.9609, Loss: 0.0253
[Eval] Epoch:   7, Total:    408, Accuracy : 0.8382, Loss: 0.4347
[Train] Epoch:   8, Total:   1100, Accuracy : 0.9673, Loss: 0.0265
[Eval] Epoch:   8, Total:    408, Accuracy : 0.8309, Loss: 0.4017
[Train] Epoch:   9, Total:   1100, Accuracy : 0.9755, Loss: 0.0134
[Eval] Epoch:   9, Total:    408, Accuracy : 0.8358, Loss: 0.3994
[Train] Epoch:  10, Total:   1100, Accuracy : 0.9755, Loss: 0.0232
[Eval] Epoch:  10, Total:    408, Accuracy : 0.8358, Loss: 0.4198
[Train] Epoch:  11, Total:   1100, Accuracy : 0.9791, Loss: 0.6665
[Eval] Epoch:  11, Total:    408, Accuracy : 0.8186, Loss: 0.2960
[Train] Epoch:  12, Total:   1100, Accuracy : 0.9455, Loss: 0.2131
[Eval] Epoch:  12, Total:    408, Accuracy : 0.8333, Loss: 0.6696
[Train] Epoch:  13, Total:   1100, Accuracy : 0.9664, Loss: 0.0116
[Eval] Epoch:  13, Total:    408, Accuracy : 0.8407, Loss: 0.2249
[Train] Epoch:  14, Total:   1100, Accuracy : 0.9845, Loss: 0.0036
[Eval] Epoch:  14, Total:    408, Accuracy : 0.8603, Loss: 0.2260
[Train] Epoch:  15, Total:   1100, Accuracy : 0.9845, Loss: 0.0083
[Eval] Epoch:  15, Total:    408, Accuracy : 0.8456, Loss: 0.6203
[Train] Epoch:  16, Total:   1100, Accuracy : 0.9900, Loss: 0.0036
[Eval] Epoch:  16, Total:    408, Accuracy : 0.8456, Loss: 0.7868
[Train] Epoch:  17, Total:   1100, Accuracy : 0.9855, Loss: 0.0030
[Eval] Epoch:  17, Total:    408, Accuracy : 0.8505, Loss: 0.2352
[Train] Epoch:  18, Total:   1100, Accuracy : 0.9909, Loss: 0.1231
[Eval] Epoch:  18, Total:    408, Accuracy : 0.8554, Loss: 0.3429
[Train] Epoch:  19, Total:   1100, Accuracy : 0.9918, Loss: 0.0031
[Eval] Epoch:  19, Total:    408, Accuracy : 0.8529, Loss: 0.2794
{"epoch":[1,2,3,4,5,6,7,8,9,10,11,12,13,14,15,16,17,18,19,20],"train_loss":[0.7020285394456651,0.6100294772121642,0.576647679011027,0.4364275452163484,0.3142709599600898,0.22883137108551133,0.18260859698057175,0.11840668755273025,0.09280796318004529,0.07529384404834774,0.07543856961031754,0.10110540418989128,0.18767931658981574,0.09681962777136101,0.050284384348843664,0.04864679085504678,0.031542023074709706,0.030806180270802643,0.025986044292545155,0.0200267893443298],"eval_loss":[0.6652454818998065,0.6228290327957698,0.491613222020013,0.4184773394039699,0.41761934757232666,0.4094304697854178,0.44286527591092245,0.4822152554988861,0.5080828964710236,0.5549386612006596,0.5466998134340558,0.7768410529409137,0.6617733453001294,0.6537354375634875,0.6489907588277545,0.7510927404676165,0.7844346165657043,0.7598200440406799,0.754280550139291,0.7568619464124952],"train_acc":[0.4090909090909091,0.6881818181818182,0.6936363636363636,0.7936363636363636,0.87,0.9172727272727272,0.9363636363636364,0.9609090909090909,0.9672727272727273,0.9754545454545455,0.9754545454545455,0.9790909090909091,0.9454545454545454,0.9663636363636363,0.9845454545454545,0.9845454545454545,0.99,0.9854545454545455,0.990909090909091,0.9918181818181818],"eval_acc":[0.6838235294117647,0.6838235294117647,0.7083333333333334,0.803921568627451,0.8235294117647058,0.8259803921568627,0.8504901960784313,0.8382352941176471,0.8308823529411765,0.8357843137254902,0.8357843137254902,0.8186274509803921,0.8333333333333334,0.8406862745098039,0.8602941176470589,0.8455882352941176,0.8455882352941176,0.8504901960784313,0.8553921568627451,0.8529411764705882]}
[Eval] Epoch:  11, Total:   1725, Accuracy : 0.8313, Loss: 0.8561
1725 1434 24.1372030377388
