random_0.02_model_0
DatasetDict({
    train: Dataset({
        features: ['sentence1', 'sentence2', 'label', 'indexes'],
        num_rows: 73
    })
    validation: Dataset({
        features: ['sentence1', 'sentence2', 'label', 'indexes'],
        num_rows: 408
    })
    test: Dataset({
        features: ['sentence1', 'sentence2', 'label', 'indexes'],
        num_rows: 1725
    })
})
[Train] Epoch:   0, Total:     73, Accuracy : 0.5205, Loss: 0.6900
[Eval] Epoch:   0, Total:    408, Accuracy : 0.3162, Loss: 0.7289
[Train] Epoch:   1, Total:     73, Accuracy : 0.5342, Loss: 0.6920
[Eval] Epoch:   1, Total:    408, Accuracy : 0.3162, Loss: 0.7282
[Train] Epoch:   2, Total:     73, Accuracy : 0.5205, Loss: 0.6846
[Eval] Epoch:   2, Total:    408, Accuracy : 0.3162, Loss: 0.7279
[Train] Epoch:   3, Total:     73, Accuracy : 0.5205, Loss: 0.6934
[Eval] Epoch:   3, Total:    408, Accuracy : 0.3162, Loss: 0.7261
[Train] Epoch:   4, Total:     73, Accuracy : 0.5205, Loss: 0.6994
[Eval] Epoch:   4, Total:    408, Accuracy : 0.3162, Loss: 0.7234
[Train] Epoch:   5, Total:     73, Accuracy : 0.5205, Loss: 0.6713
[Eval] Epoch:   5, Total:    408, Accuracy : 0.3162, Loss: 0.7204
[Train] Epoch:   6, Total:     73, Accuracy : 0.5342, Loss: 0.6870
[Eval] Epoch:   6, Total:    408, Accuracy : 0.3162, Loss: 0.7185
[Train] Epoch:   7, Total:     73, Accuracy : 0.5342, Loss: 0.6585
[Eval] Epoch:   7, Total:    408, Accuracy : 0.3162, Loss: 0.7172
[Train] Epoch:   8, Total:     73, Accuracy : 0.4795, Loss: 0.7108
[Eval] Epoch:   8, Total:    408, Accuracy : 0.3162, Loss: 0.7181
[Train] Epoch:   9, Total:     73, Accuracy : 0.5068, Loss: 0.6542
[Eval] Epoch:   9, Total:    408, Accuracy : 0.3162, Loss: 0.7200
[Train] Epoch:  10, Total:     73, Accuracy : 0.5205, Loss: 0.7004
[Eval] Epoch:  10, Total:    408, Accuracy : 0.3162, Loss: 0.7222
[Train] Epoch:  11, Total:     73, Accuracy : 0.5342, Loss: 0.6904
[Eval] Epoch:  11, Total:    408, Accuracy : 0.3162, Loss: 0.7215
[Train] Epoch:  12, Total:     73, Accuracy : 0.5205, Loss: 0.6935
[Eval] Epoch:  12, Total:    408, Accuracy : 0.3162, Loss: 0.7183
[Train] Epoch:  13, Total:     73, Accuracy : 0.5479, Loss: 0.7116
[Eval] Epoch:  13, Total:    408, Accuracy : 0.3162, Loss: 0.7117
[Train] Epoch:  14, Total:     73, Accuracy : 0.5753, Loss: 0.6527
[Eval] Epoch:  14, Total:    408, Accuracy : 0.3162, Loss: 0.7032
[Train] Epoch:  15, Total:     73, Accuracy : 0.6027, Loss: 0.7056
[Eval] Epoch:  15, Total:    408, Accuracy : 0.3480, Loss: 0.6933
[Train] Epoch:  16, Total:     73, Accuracy : 0.7534, Loss: 0.6737
[Eval] Epoch:  16, Total:    408, Accuracy : 0.6961, Loss: 0.6713
[Train] Epoch:  17, Total:     73, Accuracy : 0.8219, Loss: 0.5898
[Eval] Epoch:  17, Total:    408, Accuracy : 0.7230, Loss: 0.6451
[Train] Epoch:  18, Total:     73, Accuracy : 0.8493, Loss: 0.5847
[Eval] Epoch:  18, Total:    408, Accuracy : 0.6348, Loss: 0.6540
[Train] Epoch:  19, Total:     73, Accuracy : 0.9041, Loss: 0.5141
[Eval] Epoch:  19, Total:    408, Accuracy : 0.6642, Loss: 0.6597
{"epoch":[1,2,3,4,5,6,7,8,9,10,11,12,13,14,15,16,17,18,19,20],"train_loss":[0.6923663914203644,0.6951410472393036,0.6824350655078888,0.6952822804450989,0.6955019533634186,0.6837534308433533,0.6862136125564575,0.6768789291381836,0.6984976828098297,0.6730343103408813,0.6932373344898224,0.6871508061885834,0.6923920810222626,0.696049690246582,0.6665827035903931,0.6881191432476044,0.6667259633541107,0.6172915399074554,0.5979724228382111,0.5340864062309265],"eval_loss":[0.7178586551121303,0.7174021857125419,0.7171560866492135,0.7159268430301121,0.7140487091881889,0.7119614311626979,0.7106412308556693,0.7097459435462952,0.710360756942204,0.7117163368633815,0.7132525103432792,0.7127626623426165,0.7106642978531974,0.7061826586723328,0.7005167348044259,0.6942640117236546,0.6805998768125262,0.6626726559230259,0.6589251841817584,0.6370658193315778],"train_acc":[0.5205479452054794,0.5342465753424658,0.5205479452054794,0.5205479452054794,0.5205479452054794,0.5205479452054794,0.5342465753424658,0.5342465753424658,0.4794520547945205,0.5068493150684932,0.5205479452054794,0.5342465753424658,0.5205479452054794,0.547945205479452,0.5753424657534246,0.6027397260273972,0.7534246575342466,0.821917808219178,0.8493150684931506,0.9041095890410958],"eval_acc":[0.3161764705882353,0.3161764705882353,0.3161764705882353,0.3161764705882353,0.3161764705882353,0.3161764705882353,0.3161764705882353,0.3161764705882353,0.3161764705882353,0.3161764705882353,0.3161764705882353,0.3161764705882353,0.3161764705882353,0.3161764705882353,0.3161764705882353,0.3480392156862745,0.696078431372549,0.7230392156862745,0.6348039215686274,0.6642156862745098]}
[Eval] Epoch:  11, Total:   1725, Accuracy : 0.6638, Loss: 0.6184
1725 1145 17.17528373003006
