random_0.4_model_0
DatasetDict({
    train: Dataset({
        features: ['sentence1', 'sentence2', 'label', 'indexes'],
        num_rows: 1467
    })
    validation: Dataset({
        features: ['sentence1', 'sentence2', 'label', 'indexes'],
        num_rows: 408
    })
    test: Dataset({
        features: ['sentence1', 'sentence2', 'label', 'indexes'],
        num_rows: 1725
    })
})
[Train] Epoch:   0, Total:   1467, Accuracy : 0.6810, Loss: 0.6001
[Eval] Epoch:   0, Total:    408, Accuracy : 0.6838, Loss: 0.5553
[Train] Epoch:   1, Total:   1467, Accuracy : 0.6823, Loss: 0.5527
[Eval] Epoch:   1, Total:    408, Accuracy : 0.6838, Loss: 0.4512
[Train] Epoch:   2, Total:   1467, Accuracy : 0.6898, Loss: 0.4801
[Eval] Epoch:   2, Total:    408, Accuracy : 0.6985, Loss: 0.3861
[Train] Epoch:   3, Total:   1467, Accuracy : 0.7553, Loss: 0.3314
[Eval] Epoch:   3, Total:    408, Accuracy : 0.7892, Loss: 0.2096
[Train] Epoch:   4, Total:   1467, Accuracy : 0.8575, Loss: 0.2069
[Eval] Epoch:   4, Total:    408, Accuracy : 0.8211, Loss: 0.2207
[Train] Epoch:   5, Total:   1467, Accuracy : 0.8882, Loss: 0.3220
[Eval] Epoch:   5, Total:    408, Accuracy : 0.8382, Loss: 0.0825
[Train] Epoch:   6, Total:   1467, Accuracy : 0.9325, Loss: 0.1711
[Eval] Epoch:   6, Total:    408, Accuracy : 0.8431, Loss: 0.0721
[Train] Epoch:   7, Total:   1467, Accuracy : 0.9577, Loss: 0.1943
[Eval] Epoch:   7, Total:    408, Accuracy : 0.8333, Loss: 0.0980
[Train] Epoch:   8, Total:   1467, Accuracy : 0.9741, Loss: 0.1237
[Eval] Epoch:   8, Total:    408, Accuracy : 0.8456, Loss: 0.0801
[Train] Epoch:   9, Total:   1467, Accuracy : 0.9823, Loss: 0.0258
[Eval] Epoch:   9, Total:    408, Accuracy : 0.8480, Loss: 0.1354
[Train] Epoch:  10, Total:   1467, Accuracy : 0.9850, Loss: 0.0799
[Eval] Epoch:  10, Total:    408, Accuracy : 0.8382, Loss: 0.1145
[Train] Epoch:  11, Total:   1467, Accuracy : 0.9761, Loss: 0.0323
[Eval] Epoch:  11, Total:    408, Accuracy : 0.8235, Loss: 0.2578
[Train] Epoch:  12, Total:   1467, Accuracy : 0.9755, Loss: 0.0347
[Eval] Epoch:  12, Total:    408, Accuracy : 0.8309, Loss: 0.3133
[Train] Epoch:  13, Total:   1467, Accuracy : 0.9884, Loss: 0.0705
[Eval] Epoch:  13, Total:    408, Accuracy : 0.8627, Loss: 0.2651
[Train] Epoch:  14, Total:   1467, Accuracy : 0.9905, Loss: 0.0023
[Eval] Epoch:  14, Total:    408, Accuracy : 0.8431, Loss: 0.5122
[Train] Epoch:  15, Total:   1467, Accuracy : 0.9959, Loss: 0.0431
[Eval] Epoch:  15, Total:    408, Accuracy : 0.8186, Loss: 0.3314
[Train] Epoch:  16, Total:   1467, Accuracy : 0.9945, Loss: 0.0008
[Eval] Epoch:  16, Total:    408, Accuracy : 0.8554, Loss: 0.4158
[Train] Epoch:  17, Total:   1467, Accuracy : 0.9986, Loss: 0.0007
[Eval] Epoch:  17, Total:    408, Accuracy : 0.8480, Loss: 0.3292
[Train] Epoch:  18, Total:   1467, Accuracy : 0.9959, Loss: 0.0020
[Eval] Epoch:  18, Total:    408, Accuracy : 0.8480, Loss: 0.4255
[Train] Epoch:  19, Total:   1467, Accuracy : 0.9973, Loss: 0.0311
[Eval] Epoch:  19, Total:    408, Accuracy : 0.8480, Loss: 0.4207
{"epoch":[1,2,3,4,5,6,7,8,9,10,11,12,13,14,15,16,17,18,19,20],"train_loss":[0.655286677505659,0.6121713907822318,0.558372737272926,0.4583667490793311,0.33083366375902423,0.266027743725673,0.19105608081040176,0.12291267902954765,0.08732637601054233,0.06413163366201131,0.05335973988732566,0.0738626733098341,0.0730290066693788,0.043794460189731224,0.02951787415203517,0.013776235775920846,0.02194553268465983,0.0071359212287580185,0.00825596562050202,0.008052642054795086],"eval_loss":[0.6134633592196873,0.5644066674368722,0.5733244035925184,0.437386223248073,0.41165689272539957,0.45219578593969345,0.3970366343855858,0.5252022572926113,0.5001230176006045,0.4941568821668625,0.5389536661761147,0.7678714139120919,0.7102083138057164,0.6517907636506217,0.8071512792791639,1.1005269076142992,0.8611838476998466,0.9642718519483294,0.9119822893823896,0.9227443337440491],"train_acc":[0.6809815950920245,0.6823449216087253,0.6898432174505794,0.7552828902522154,0.8575323790047716,0.8882072256305386,0.9325153374233128,0.9577368779822768,0.9740967961826857,0.9822767552828903,0.9850034083162917,0.9761417859577369,0.9754601226993865,0.9884117246080436,0.9904567143830948,0.9959100204498977,0.994546693933197,0.9986366734832992,0.9959100204498977,0.9972733469665985],"eval_acc":[0.6838235294117647,0.6838235294117647,0.6985294117647058,0.7892156862745098,0.821078431372549,0.8382352941176471,0.8431372549019608,0.8333333333333334,0.8455882352941176,0.8480392156862745,0.8382352941176471,0.8235294117647058,0.8308823529411765,0.8627450980392157,0.8431372549019608,0.8186274509803921,0.8553921568627451,0.8480392156862745,0.8480392156862745,0.8480392156862745]}
[Eval] Epoch:  11, Total:   1725, Accuracy : 0.8499, Loss: 0.9148
1725 1466 26.641247034072876
