random_0.75_model_0
DatasetDict({
    train: Dataset({
        features: ['sentence1', 'sentence2', 'label', 'indexes'],
        num_rows: 2751
    })
    validation: Dataset({
        features: ['sentence1', 'sentence2', 'label', 'indexes'],
        num_rows: 408
    })
    test: Dataset({
        features: ['sentence1', 'sentence2', 'label', 'indexes'],
        num_rows: 1725
    })
})
[Train] Epoch:   0, Total:   2751, Accuracy : 0.6765, Loss: 0.6628
[Eval] Epoch:   0, Total:    408, Accuracy : 0.6838, Loss: 0.5090
[Train] Epoch:   1, Total:   2751, Accuracy : 0.6845, Loss: 0.5402
[Eval] Epoch:   1, Total:    408, Accuracy : 0.7206, Loss: 0.3254
[Train] Epoch:   2, Total:   2751, Accuracy : 0.8052, Loss: 0.2770
[Eval] Epoch:   2, Total:    408, Accuracy : 0.8701, Loss: 0.1380
[Train] Epoch:   3, Total:   2751, Accuracy : 0.8717, Loss: 0.3852
[Eval] Epoch:   3, Total:    408, Accuracy : 0.8848, Loss: 0.1344
[Train] Epoch:   4, Total:   2751, Accuracy : 0.9109, Loss: 0.1106
[Eval] Epoch:   4, Total:    408, Accuracy : 0.8725, Loss: 0.0492
[Train] Epoch:   5, Total:   2751, Accuracy : 0.9451, Loss: 0.1126
[Eval] Epoch:   5, Total:    408, Accuracy : 0.8873, Loss: 0.0319
[Train] Epoch:   6, Total:   2751, Accuracy : 0.9597, Loss: 0.2346
[Eval] Epoch:   6, Total:    408, Accuracy : 0.8946, Loss: 0.1044
[Train] Epoch:   7, Total:   2751, Accuracy : 0.9760, Loss: 0.0708
[Eval] Epoch:   7, Total:    408, Accuracy : 0.8824, Loss: 0.0112
[Train] Epoch:   8, Total:   2751, Accuracy : 0.9796, Loss: 0.0421
[Eval] Epoch:   8, Total:    408, Accuracy : 0.8922, Loss: 0.0440
[Train] Epoch:   9, Total:   2751, Accuracy : 0.9855, Loss: 0.1324
[Eval] Epoch:   9, Total:    408, Accuracy : 0.8897, Loss: 0.0233
[Train] Epoch:  10, Total:   2751, Accuracy : 0.9800, Loss: 0.0773
[Eval] Epoch:  10, Total:    408, Accuracy : 0.8799, Loss: 0.0902
[Train] Epoch:  11, Total:   2751, Accuracy : 0.9749, Loss: 0.1979
[Eval] Epoch:  11, Total:    408, Accuracy : 0.8897, Loss: 0.0413
[Train] Epoch:  12, Total:   2751, Accuracy : 0.9731, Loss: 0.1456
[Eval] Epoch:  12, Total:    408, Accuracy : 0.8971, Loss: 0.0854
[Train] Epoch:  13, Total:   2751, Accuracy : 0.9778, Loss: 0.0313
[Eval] Epoch:  13, Total:    408, Accuracy : 0.8995, Loss: 0.0563
[Train] Epoch:  14, Total:   2751, Accuracy : 0.9862, Loss: 0.0952
[Eval] Epoch:  14, Total:    408, Accuracy : 0.8578, Loss: 0.0041
[Train] Epoch:  15, Total:   2751, Accuracy : 0.9924, Loss: 0.0037
[Eval] Epoch:  15, Total:    408, Accuracy : 0.8971, Loss: 0.0062
[Train] Epoch:  16, Total:   2751, Accuracy : 0.9909, Loss: 0.0480
[Eval] Epoch:  16, Total:    408, Accuracy : 0.8897, Loss: 0.0019
[Train] Epoch:  17, Total:   2751, Accuracy : 0.9967, Loss: 0.0013
[Eval] Epoch:  17, Total:    408, Accuracy : 0.8946, Loss: 0.0067
[Train] Epoch:  18, Total:   2751, Accuracy : 0.9949, Loss: 0.0022
[Eval] Epoch:  18, Total:    408, Accuracy : 0.9069, Loss: 0.0029
[Train] Epoch:  19, Total:   2751, Accuracy : 0.9975, Loss: 0.0591
[Eval] Epoch:  19, Total:    408, Accuracy : 0.9069, Loss: 0.0029
{"epoch":[1,2,3,4,5,6,7,8,9,10,11,12,13,14,15,16,17,18,19,20],"train_loss":[0.6434519207754801,0.5753472551356914,0.41381017586519553,0.3127652926500453,0.23012129425309424,0.15318719505570655,0.12256228048787561,0.08199883583759845,0.07083984854262929,0.05306580649732157,0.06989443705005702,0.08749469555914402,0.08519449225778497,0.07451634855161227,0.04960637826602473,0.03652113113758089,0.03178202548215902,0.01827402964645867,0.02293042868895586,0.014508004958178241],"eval_loss":[0.5916036708014352,0.4603416068213327,0.32446196249553133,0.29487329934324535,0.3332017559025969,0.312839573515313,0.33678678955350605,0.38627136019723757,0.3981888916875635,0.40633234940469265,0.46635371978793827,0.40147815165775164,0.4301848422203745,0.4002494881195681,0.6701772495705102,0.4849465710909239,0.5175570036018533,0.5295360029142883,0.47141839527258916,0.47090121667965185],"train_acc":[0.6764812795347146,0.6844783715012722,0.8051617593602326,0.8716830243547801,0.910941475826972,0.945110868774991,0.9596510359869138,0.9760087241003271,0.9796437659033079,0.985459832788077,0.980007270083606,0.9749182115594329,0.9731006906579426,0.9778262450018175,0.9861868411486732,0.9923664122137404,0.9909123954925482,0.9967284623773174,0.9949109414758269,0.9974554707379135],"eval_acc":[0.6838235294117647,0.7205882352941176,0.8700980392156863,0.8848039215686274,0.8725490196078431,0.8872549019607843,0.8946078431372549,0.8823529411764706,0.8921568627450981,0.8897058823529411,0.8799019607843137,0.8897058823529411,0.8970588235294118,0.8995098039215687,0.8578431372549019,0.8970588235294118,0.8897058823529411,0.8946078431372549,0.9068627450980392,0.9068627450980392]}
[Eval] Epoch:  11, Total:   1725, Accuracy : 0.8632, Loss: 0.6486
1725 1489 19.049044758081436
