pruned_2_0.005_model_0
DatasetDict({
    train: Dataset({
        features: ['sentence1', 'sentence2', 'label', 'indexes'],
        num_rows: 18
    })
    validation: Dataset({
        features: ['sentence1', 'sentence2', 'label', 'indexes'],
        num_rows: 408
    })
    test: Dataset({
        features: ['sentence1', 'sentence2', 'label', 'indexes'],
        num_rows: 1725
    })
})
[Train] Epoch:   0, Total:     18, Accuracy : 0.2778, Loss: 0.7042
[Eval] Epoch:   0, Total:    408, Accuracy : 0.3162, Loss: 0.7049
[Train] Epoch:   1, Total:     18, Accuracy : 0.3333, Loss: 0.7017
[Eval] Epoch:   1, Total:    408, Accuracy : 0.3162, Loss: 0.7043
[Train] Epoch:   2, Total:     18, Accuracy : 0.2222, Loss: 0.7064
[Eval] Epoch:   2, Total:    408, Accuracy : 0.3162, Loss: 0.7032
[Train] Epoch:   3, Total:     18, Accuracy : 0.2222, Loss: 0.7138
[Eval] Epoch:   3, Total:    408, Accuracy : 0.3162, Loss: 0.7014
[Train] Epoch:   4, Total:     18, Accuracy : 0.1667, Loss: 0.7043
[Eval] Epoch:   4, Total:    408, Accuracy : 0.3162, Loss: 0.6992
[Train] Epoch:   5, Total:     18, Accuracy : 0.5000, Loss: 0.6952
[Eval] Epoch:   5, Total:    408, Accuracy : 0.3211, Loss: 0.6964
[Train] Epoch:   6, Total:     18, Accuracy : 0.3889, Loss: 0.7029
[Eval] Epoch:   6, Total:    408, Accuracy : 0.5809, Loss: 0.6930
[Train] Epoch:   7, Total:     18, Accuracy : 0.4444, Loss: 0.6944
[Eval] Epoch:   7, Total:    408, Accuracy : 0.6838, Loss: 0.6892
[Train] Epoch:   8, Total:     18, Accuracy : 0.5556, Loss: 0.6918
[Eval] Epoch:   8, Total:    408, Accuracy : 0.6838, Loss: 0.6849
[Train] Epoch:   9, Total:     18, Accuracy : 0.6111, Loss: 0.6924
[Eval] Epoch:   9, Total:    408, Accuracy : 0.6838, Loss: 0.6800
[Train] Epoch:  10, Total:     18, Accuracy : 0.7222, Loss: 0.6740
[Eval] Epoch:  10, Total:    408, Accuracy : 0.6838, Loss: 0.6748
[Train] Epoch:  11, Total:     18, Accuracy : 0.7778, Loss: 0.6727
[Eval] Epoch:  11, Total:    408, Accuracy : 0.6838, Loss: 0.6691
[Train] Epoch:  12, Total:     18, Accuracy : 0.7778, Loss: 0.6683
[Eval] Epoch:  12, Total:    408, Accuracy : 0.6838, Loss: 0.6628
[Train] Epoch:  13, Total:     18, Accuracy : 0.7222, Loss: 0.6784
[Eval] Epoch:  13, Total:    408, Accuracy : 0.6838, Loss: 0.6561
[Train] Epoch:  14, Total:     18, Accuracy : 0.7778, Loss: 0.6573
[Eval] Epoch:  14, Total:    408, Accuracy : 0.6838, Loss: 0.6489
[Train] Epoch:  15, Total:     18, Accuracy : 0.7778, Loss: 0.6500
[Eval] Epoch:  15, Total:    408, Accuracy : 0.6838, Loss: 0.6414
[Train] Epoch:  16, Total:     18, Accuracy : 0.7778, Loss: 0.6320
[Eval] Epoch:  16, Total:    408, Accuracy : 0.6838, Loss: 0.6329
[Train] Epoch:  17, Total:     18, Accuracy : 0.7778, Loss: 0.6092
[Eval] Epoch:  17, Total:    408, Accuracy : 0.6838, Loss: 0.6238
[Train] Epoch:  18, Total:     18, Accuracy : 0.7778, Loss: 0.5864
[Eval] Epoch:  18, Total:    408, Accuracy : 0.6838, Loss: 0.6131
[Train] Epoch:  19, Total:     18, Accuracy : 0.7778, Loss: 0.5848
[Eval] Epoch:  19, Total:    408, Accuracy : 0.6838, Loss: 0.6021
{"epoch":[1,2,3,4,5,6,7,8,9,10,11,12,13,14,15,16,17,18,19,20],"train_loss":[0.7041779160499573,0.7017230987548828,0.7064067125320435,0.7138070464134216,0.7043273448944092,0.6951837539672852,0.7029164433479309,0.6943798065185547,0.6917532682418823,0.6923771500587463,0.673969030380249,0.6727161407470703,0.6683104038238525,0.6784060001373291,0.65732741355896,0.6499513983726501,0.6319553256034851,0.6091554164886475,0.5864455699920654,0.5848268270492554],"eval_loss":[0.7008541992732457,0.7004624434879848,0.699670536177499,0.6984797886439732,0.6969393151147025,0.6950392127037048,0.6928015862192426,0.690229560647692,0.6873493194580078,0.6841578824179513,0.6807430556842259,0.6770034432411194,0.6729630061558315,0.6686917202813285,0.6641851152692523,0.6595068999699184,0.6544460909707206,0.648889252117702,0.6431090831756592,0.6370982783181327],"train_acc":[0.2777777777777778,0.3333333333333333,0.2222222222222222,0.2222222222222222,0.16666666666666666,0.5,0.3888888888888889,0.4444444444444444,0.5555555555555556,0.6111111111111112,0.7222222222222222,0.7777777777777778,0.7777777777777778,0.7222222222222222,0.7777777777777778,0.7777777777777778,0.7777777777777778,0.7777777777777778,0.7777777777777778,0.7777777777777778],"eval_acc":[0.3161764705882353,0.3161764705882353,0.3161764705882353,0.3161764705882353,0.3161764705882353,0.32107843137254904,0.5808823529411765,0.6838235294117647,0.6838235294117647,0.6838235294117647,0.6838235294117647,0.6838235294117647,0.6838235294117647,0.6838235294117647,0.6838235294117647,0.6838235294117647,0.6838235294117647,0.6838235294117647,0.6838235294117647,0.6838235294117647]}
[Eval] Epoch:  11, Total:   1725, Accuracy : 0.6649, Loss: 0.6513
1725 1147 17.478713512420654
