pruned_3_0.03_model_0
DatasetDict({
    train: Dataset({
        features: ['sentence1', 'sentence2', 'label', 'indexes'],
        num_rows: 110
    })
    validation: Dataset({
        features: ['sentence1', 'sentence2', 'label', 'indexes'],
        num_rows: 408
    })
    test: Dataset({
        features: ['sentence1', 'sentence2', 'label', 'indexes'],
        num_rows: 1725
    })
})
[Train] Epoch:   0, Total:    110, Accuracy : 0.7182, Loss: 0.6582
[Eval] Epoch:   0, Total:    408, Accuracy : 0.6838, Loss: 0.6583
[Train] Epoch:   1, Total:    110, Accuracy : 0.7182, Loss: 0.6649
[Eval] Epoch:   1, Total:    408, Accuracy : 0.6838, Loss: 0.6559
[Train] Epoch:   2, Total:    110, Accuracy : 0.7182, Loss: 0.6682
[Eval] Epoch:   2, Total:    408, Accuracy : 0.6838, Loss: 0.6517
[Train] Epoch:   3, Total:    110, Accuracy : 0.7182, Loss: 0.6340
[Eval] Epoch:   3, Total:    408, Accuracy : 0.6838, Loss: 0.6457
[Train] Epoch:   4, Total:    110, Accuracy : 0.7182, Loss: 0.6688
[Eval] Epoch:   4, Total:    408, Accuracy : 0.6838, Loss: 0.6380
[Train] Epoch:   5, Total:    110, Accuracy : 0.7182, Loss: 0.6311
[Eval] Epoch:   5, Total:    408, Accuracy : 0.6838, Loss: 0.6289
[Train] Epoch:   6, Total:    110, Accuracy : 0.7182, Loss: 0.6548
[Eval] Epoch:   6, Total:    408, Accuracy : 0.6838, Loss: 0.6182
[Train] Epoch:   7, Total:    110, Accuracy : 0.7182, Loss: 0.6184
[Eval] Epoch:   7, Total:    408, Accuracy : 0.6838, Loss: 0.6063
[Train] Epoch:   8, Total:    110, Accuracy : 0.7182, Loss: 0.6375
[Eval] Epoch:   8, Total:    408, Accuracy : 0.6838, Loss: 0.5937
[Train] Epoch:   9, Total:    110, Accuracy : 0.7182, Loss: 0.6650
[Eval] Epoch:   9, Total:    408, Accuracy : 0.6838, Loss: 0.5802
[Train] Epoch:  10, Total:    110, Accuracy : 0.7182, Loss: 0.5941
[Eval] Epoch:  10, Total:    408, Accuracy : 0.6838, Loss: 0.5664
[Train] Epoch:  11, Total:    110, Accuracy : 0.7182, Loss: 0.6820
[Eval] Epoch:  11, Total:    408, Accuracy : 0.6838, Loss: 0.5472
[Train] Epoch:  12, Total:    110, Accuracy : 0.7182, Loss: 0.5794
[Eval] Epoch:  12, Total:    408, Accuracy : 0.6838, Loss: 0.5283
[Train] Epoch:  13, Total:    110, Accuracy : 0.7182, Loss: 0.6581
[Eval] Epoch:  13, Total:    408, Accuracy : 0.6838, Loss: 0.5179
[Train] Epoch:  14, Total:    110, Accuracy : 0.7182, Loss: 0.6146
[Eval] Epoch:  14, Total:    408, Accuracy : 0.6838, Loss: 0.5061
[Train] Epoch:  15, Total:    110, Accuracy : 0.7182, Loss: 0.6074
[Eval] Epoch:  15, Total:    408, Accuracy : 0.6838, Loss: 0.5035
[Train] Epoch:  16, Total:    110, Accuracy : 0.7182, Loss: 0.5484
[Eval] Epoch:  16, Total:    408, Accuracy : 0.6838, Loss: 0.5085
[Train] Epoch:  17, Total:    110, Accuracy : 0.7182, Loss: 0.5561
[Eval] Epoch:  17, Total:    408, Accuracy : 0.6838, Loss: 0.5056
[Train] Epoch:  18, Total:    110, Accuracy : 0.7182, Loss: 0.6188
[Eval] Epoch:  18, Total:    408, Accuracy : 0.6838, Loss: 0.5019
[Train] Epoch:  19, Total:    110, Accuracy : 0.7182, Loss: 0.5058
[Eval] Epoch:  19, Total:    408, Accuracy : 0.6838, Loss: 0.5028
{"epoch":[1,2,3,4,5,6,7,8,9,10,11,12,13,14,15,16,17,18,19,20],"train_loss":[0.6639621555805206,0.6672332882881165,0.6668400168418884,0.6546993255615234,0.6587142050266266,0.6434359848499298,0.644120067358017,0.6294941604137421,0.6374748349189758,0.6295838356018066,0.6008851528167725,0.6277122497558594,0.5894556939601898,0.6027856469154358,0.601669579744339,0.5882499814033508,0.5805585086345673,0.5874844193458557,0.5838479697704315,0.5745009481906891],"eval_loss":[0.6704563328198024,0.6689640198435102,0.6663271529333932,0.662651538848877,0.6580032280513218,0.6526180846350533,0.6465863330023629,0.6400420495441982,0.6335603083883014,0.6273479121071952,0.6219790663037982,0.6157265305519104,0.6119878888130188,0.6166558350835528,0.6278952360153198,0.6285714336803981,0.6227306468146188,0.615320725100381,0.6116670370101929,0.6074680685997009],"train_acc":[0.7181818181818181,0.7181818181818181,0.7181818181818181,0.7181818181818181,0.7181818181818181,0.7181818181818181,0.7181818181818181,0.7181818181818181,0.7181818181818181,0.7181818181818181,0.7181818181818181,0.7181818181818181,0.7181818181818181,0.7181818181818181,0.7181818181818181,0.7181818181818181,0.7181818181818181,0.7181818181818181,0.7181818181818181,0.7181818181818181],"eval_acc":[0.6838235294117647,0.6838235294117647,0.6838235294117647,0.6838235294117647,0.6838235294117647,0.6838235294117647,0.6838235294117647,0.6838235294117647,0.6838235294117647,0.6838235294117647,0.6838235294117647,0.6838235294117647,0.6838235294117647,0.6838235294117647,0.6838235294117647,0.6838235294117647,0.6838235294117647,0.6838235294117647,0.6838235294117647,0.6838235294117647]}
[Eval] Epoch:  11, Total:   1725, Accuracy : 0.6649, Loss: 0.6492
1725 1147 17.16088628768921
