pruned_1_0.01_model_0
DatasetDict({
    train: Dataset({
        features: ['sentence1', 'sentence2', 'label', 'indexes'],
        num_rows: 38
    })
    validation: Dataset({
        features: ['sentence1', 'sentence2', 'label', 'indexes'],
        num_rows: 408
    })
    test: Dataset({
        features: ['sentence1', 'sentence2', 'label', 'indexes'],
        num_rows: 1725
    })
})
[Train] Epoch:   0, Total:     38, Accuracy : 0.6842, Loss: 0.6513
[Eval] Epoch:   0, Total:    408, Accuracy : 0.6838, Loss: 0.6231
[Train] Epoch:   1, Total:     38, Accuracy : 0.6842, Loss: 0.6477
[Eval] Epoch:   1, Total:    408, Accuracy : 0.6838, Loss: 0.6227
[Train] Epoch:   2, Total:     38, Accuracy : 0.6842, Loss: 0.6548
[Eval] Epoch:   2, Total:    408, Accuracy : 0.6838, Loss: 0.6219
[Train] Epoch:   3, Total:     38, Accuracy : 0.6842, Loss: 0.6589
[Eval] Epoch:   3, Total:    408, Accuracy : 0.6838, Loss: 0.6207
[Train] Epoch:   4, Total:     38, Accuracy : 0.6842, Loss: 0.6564
[Eval] Epoch:   4, Total:    408, Accuracy : 0.6838, Loss: 0.6192
[Train] Epoch:   5, Total:     38, Accuracy : 0.6842, Loss: 0.6422
[Eval] Epoch:   5, Total:    408, Accuracy : 0.6838, Loss: 0.6174
[Train] Epoch:   6, Total:     38, Accuracy : 0.6842, Loss: 0.6444
[Eval] Epoch:   6, Total:    408, Accuracy : 0.6838, Loss: 0.6152
[Train] Epoch:   7, Total:     38, Accuracy : 0.6842, Loss: 0.6549
[Eval] Epoch:   7, Total:    408, Accuracy : 0.6838, Loss: 0.6126
[Train] Epoch:   8, Total:     38, Accuracy : 0.6842, Loss: 0.6613
[Eval] Epoch:   8, Total:    408, Accuracy : 0.6838, Loss: 0.6099
[Train] Epoch:   9, Total:     38, Accuracy : 0.6842, Loss: 0.6509
[Eval] Epoch:   9, Total:    408, Accuracy : 0.6838, Loss: 0.6069
[Train] Epoch:  10, Total:     38, Accuracy : 0.6842, Loss: 0.6405
[Eval] Epoch:  10, Total:    408, Accuracy : 0.6838, Loss: 0.6035
[Train] Epoch:  11, Total:     38, Accuracy : 0.6842, Loss: 0.6206
[Eval] Epoch:  11, Total:    408, Accuracy : 0.6838, Loss: 0.5997
[Train] Epoch:  12, Total:     38, Accuracy : 0.6842, Loss: 0.6599
[Eval] Epoch:  12, Total:    408, Accuracy : 0.6838, Loss: 0.5960
[Train] Epoch:  13, Total:     38, Accuracy : 0.6842, Loss: 0.6694
[Eval] Epoch:  13, Total:    408, Accuracy : 0.6838, Loss: 0.5924
[Train] Epoch:  14, Total:     38, Accuracy : 0.6842, Loss: 0.6235
[Eval] Epoch:  14, Total:    408, Accuracy : 0.6838, Loss: 0.5884
[Train] Epoch:  15, Total:     38, Accuracy : 0.6842, Loss: 0.6165
[Eval] Epoch:  15, Total:    408, Accuracy : 0.6838, Loss: 0.5839
[Train] Epoch:  16, Total:     38, Accuracy : 0.6842, Loss: 0.6254
[Eval] Epoch:  16, Total:    408, Accuracy : 0.6838, Loss: 0.5796
[Train] Epoch:  17, Total:     38, Accuracy : 0.6842, Loss: 0.6164
[Eval] Epoch:  17, Total:    408, Accuracy : 0.6838, Loss: 0.5748
[Train] Epoch:  18, Total:     38, Accuracy : 0.6842, Loss: 0.6251
[Eval] Epoch:  18, Total:    408, Accuracy : 0.6838, Loss: 0.5700
[Train] Epoch:  19, Total:     38, Accuracy : 0.6842, Loss: 0.6218
[Eval] Epoch:  19, Total:    408, Accuracy : 0.6838, Loss: 0.5648
{"epoch":[1,2,3,4,5,6,7,8,9,10,11,12,13,14,15,16,17,18,19,20],"train_loss":[0.6512672305107117,0.6477264761924744,0.6548333764076233,0.6589261889457703,0.6563512086868286,0.6421688795089722,0.6443881392478943,0.6548698544502258,0.6613378524780273,0.6508884429931641,0.6405107378959656,0.6205537915229797,0.659909188747406,0.6693689227104187,0.6234996914863586,0.6165003776550293,0.6253591775894165,0.6163665652275085,0.6250929832458496,0.6218177676200867],"eval_loss":[0.6500134638377598,0.6497828023774284,0.6493282999311175,0.6486932294709342,0.6478476864950997,0.6468321936471122,0.6455941285405841,0.6441826735224042,0.6427388446671622,0.6411364163671222,0.6393376929419381,0.6374114751815796,0.6355508310454232,0.633771572794233,0.6318737353597369,0.6298362783023289,0.6278947421482631,0.6258606740406581,0.623908954007285,0.6219385777200971],"train_acc":[0.6842105263157895,0.6842105263157895,0.6842105263157895,0.6842105263157895,0.6842105263157895,0.6842105263157895,0.6842105263157895,0.6842105263157895,0.6842105263157895,0.6842105263157895,0.6842105263157895,0.6842105263157895,0.6842105263157895,0.6842105263157895,0.6842105263157895,0.6842105263157895,0.6842105263157895,0.6842105263157895,0.6842105263157895,0.6842105263157895],"eval_acc":[0.6838235294117647,0.6838235294117647,0.6838235294117647,0.6838235294117647,0.6838235294117647,0.6838235294117647,0.6838235294117647,0.6838235294117647,0.6838235294117647,0.6838235294117647,0.6838235294117647,0.6838235294117647,0.6838235294117647,0.6838235294117647,0.6838235294117647,0.6838235294117647,0.6838235294117647,0.6838235294117647,0.6838235294117647,0.6838235294117647]}
[Eval] Epoch:  11, Total:   1725, Accuracy : 0.6649, Loss: 0.6425
1725 1147 17.222508788108826
