pruned_3_0.4_model_0
DatasetDict({
    train: Dataset({
        features: ['sentence1', 'sentence2', 'label', 'indexes'],
        num_rows: 1467
    })
    validation: Dataset({
        features: ['sentence1', 'sentence2', 'label', 'indexes'],
        num_rows: 408
    })
    test: Dataset({
        features: ['sentence1', 'sentence2', 'label', 'indexes'],
        num_rows: 1725
    })
})
[Train] Epoch:   0, Total:   1467, Accuracy : 0.5542, Loss: 0.6887
[Eval] Epoch:   0, Total:    408, Accuracy : 0.6838, Loss: 0.5759
[Train] Epoch:   1, Total:   1467, Accuracy : 0.6633, Loss: 0.5812
[Eval] Epoch:   1, Total:    408, Accuracy : 0.6838, Loss: 0.4988
[Train] Epoch:   2, Total:   1467, Accuracy : 0.6967, Loss: 0.5409
[Eval] Epoch:   2, Total:    408, Accuracy : 0.7549, Loss: 0.3550
[Train] Epoch:   3, Total:   1467, Accuracy : 0.8187, Loss: 0.3022
[Eval] Epoch:   3, Total:    408, Accuracy : 0.8382, Loss: 0.1951
[Train] Epoch:   4, Total:   1467, Accuracy : 0.8821, Loss: 0.2866
[Eval] Epoch:   4, Total:    408, Accuracy : 0.8480, Loss: 0.2766
[Train] Epoch:   5, Total:   1467, Accuracy : 0.9012, Loss: 0.2652
[Eval] Epoch:   5, Total:    408, Accuracy : 0.8554, Loss: 0.1848
[Train] Epoch:   6, Total:   1467, Accuracy : 0.9380, Loss: 0.1630
[Eval] Epoch:   6, Total:    408, Accuracy : 0.8701, Loss: 0.1184
[Train] Epoch:   7, Total:   1467, Accuracy : 0.9611, Loss: 0.0636
[Eval] Epoch:   7, Total:    408, Accuracy : 0.8652, Loss: 0.1791
[Train] Epoch:   8, Total:   1467, Accuracy : 0.9721, Loss: 0.0505
[Eval] Epoch:   8, Total:    408, Accuracy : 0.8725, Loss: 0.2004
[Train] Epoch:   9, Total:   1467, Accuracy : 0.9796, Loss: 0.0185
[Eval] Epoch:   9, Total:    408, Accuracy : 0.8603, Loss: 0.1910
[Train] Epoch:  10, Total:   1467, Accuracy : 0.9809, Loss: 0.0868
[Eval] Epoch:  10, Total:    408, Accuracy : 0.8603, Loss: 0.1777
[Train] Epoch:  11, Total:   1467, Accuracy : 0.9768, Loss: 0.1393
[Eval] Epoch:  11, Total:    408, Accuracy : 0.8627, Loss: 0.4321
[Train] Epoch:  12, Total:   1467, Accuracy : 0.9632, Loss: 0.4040
[Eval] Epoch:  12, Total:    408, Accuracy : 0.7868, Loss: 0.3892
[Train] Epoch:  13, Total:   1467, Accuracy : 0.9557, Loss: 0.1574
[Eval] Epoch:  13, Total:    408, Accuracy : 0.8578, Loss: 0.4436
[Train] Epoch:  14, Total:   1467, Accuracy : 0.9823, Loss: 0.0048
[Eval] Epoch:  14, Total:    408, Accuracy : 0.8701, Loss: 0.4733
[Train] Epoch:  15, Total:   1467, Accuracy : 0.9891, Loss: 0.0069
[Eval] Epoch:  15, Total:    408, Accuracy : 0.8725, Loss: 0.5111
[Train] Epoch:  16, Total:   1467, Accuracy : 0.9959, Loss: 0.0202
[Eval] Epoch:  16, Total:    408, Accuracy : 0.8652, Loss: 0.6494
[Train] Epoch:  17, Total:   1467, Accuracy : 0.9945, Loss: 0.0018
[Eval] Epoch:  17, Total:    408, Accuracy : 0.8652, Loss: 0.4971
[Train] Epoch:  18, Total:   1467, Accuracy : 0.9966, Loss: 0.0021
[Eval] Epoch:  18, Total:    408, Accuracy : 0.8652, Loss: 0.4572
[Train] Epoch:  19, Total:   1467, Accuracy : 0.9966, Loss: 0.0016
[Eval] Epoch:  19, Total:    408, Accuracy : 0.8627, Loss: 0.4982
{"epoch":[1,2,3,4,5,6,7,8,9,10,11,12,13,14,15,16,17,18,19,20],"train_loss":[0.6775284565013387,0.6339089481726937,0.547579490620157,0.4029899855022845,0.3036407050879105,0.24614261285118436,0.1735707463129707,0.1299205757677555,0.09026949156237685,0.06766409402632195,0.0690728753157284,0.08300513454267512,0.14139968727755806,0.1500622821242913,0.06032673170304169,0.04645112819929162,0.017090627063146752,0.019214286342384698,0.015552537753651648,0.013387904497389884],"eval_loss":[0.6241732154573713,0.5760612104620252,0.45616730621882845,0.38585075948919567,0.35282336814062937,0.3853049597569874,0.3760587051510811,0.4597505416188921,0.4638903332608087,0.46023247710296084,0.46496828964778353,0.7145991410527911,1.13894156898771,0.6037848974977221,0.6427104941436222,0.7076951052461352,0.7780998349189758,0.7514646053314209,0.7674465136868613,0.7700495592185429],"train_acc":[0.5541922290388548,0.6632583503749148,0.6966598500340832,0.8186775732788003,0.8820722563053851,0.9011588275391956,0.9379686434901159,0.9611451942740287,0.9720518064076347,0.9795501022494888,0.9809134287661895,0.9768234492160872,0.9631901840490797,0.9556918882072256,0.9822767552828903,0.989093387866394,0.9959100204498977,0.994546693933197,0.9965916837082481,0.9965916837082481],"eval_acc":[0.6838235294117647,0.6838235294117647,0.7549019607843137,0.8382352941176471,0.8480392156862745,0.8553921568627451,0.8700980392156863,0.8651960784313726,0.8725490196078431,0.8602941176470589,0.8602941176470589,0.8627450980392157,0.7867647058823529,0.8578431372549019,0.8700980392156863,0.8725490196078431,0.8651960784313726,0.8651960784313726,0.8651960784313726,0.8627450980392157]}
[Eval] Epoch:  11, Total:   1725, Accuracy : 0.8510, Loss: 0.6427
1725 1468 24.92154386639595
