pruned_3_0.25_model_0
DatasetDict({
    train: Dataset({
        features: ['sentence1', 'sentence2', 'label', 'indexes'],
        num_rows: 917
    })
    validation: Dataset({
        features: ['sentence1', 'sentence2', 'label', 'indexes'],
        num_rows: 408
    })
    test: Dataset({
        features: ['sentence1', 'sentence2', 'label', 'indexes'],
        num_rows: 1725
    })
})
[Train] Epoch:   0, Total:    917, Accuracy : 0.3304, Loss: 0.6943
[Eval] Epoch:   0, Total:    408, Accuracy : 0.3480, Loss: 0.6960
[Train] Epoch:   1, Total:    917, Accuracy : 0.6663, Loss: 0.6228
[Eval] Epoch:   1, Total:    408, Accuracy : 0.6838, Loss: 0.5474
[Train] Epoch:   2, Total:    917, Accuracy : 0.6772, Loss: 0.6467
[Eval] Epoch:   2, Total:    408, Accuracy : 0.6838, Loss: 0.4867
[Train] Epoch:   3, Total:    917, Accuracy : 0.6772, Loss: 0.4763
[Eval] Epoch:   3, Total:    408, Accuracy : 0.6838, Loss: 0.4237
[Train] Epoch:   4, Total:    917, Accuracy : 0.7034, Loss: 0.3736
[Eval] Epoch:   4, Total:    408, Accuracy : 0.7672, Loss: 0.2204
[Train] Epoch:   5, Total:    917, Accuracy : 0.8637, Loss: 0.4555
[Eval] Epoch:   5, Total:    408, Accuracy : 0.8284, Loss: 0.2766
[Train] Epoch:   6, Total:    917, Accuracy : 0.9029, Loss: 0.2963
[Eval] Epoch:   6, Total:    408, Accuracy : 0.8162, Loss: 0.4452
[Train] Epoch:   7, Total:    917, Accuracy : 0.9226, Loss: 0.1820
[Eval] Epoch:   7, Total:    408, Accuracy : 0.8505, Loss: 0.1829
[Train] Epoch:   8, Total:    917, Accuracy : 0.9597, Loss: 0.1684
[Eval] Epoch:   8, Total:    408, Accuracy : 0.8627, Loss: 0.1718
[Train] Epoch:   9, Total:    917, Accuracy : 0.9706, Loss: 0.0985
[Eval] Epoch:   9, Total:    408, Accuracy : 0.8627, Loss: 0.1088
[Train] Epoch:  10, Total:    917, Accuracy : 0.9716, Loss: 0.0417
[Eval] Epoch:  10, Total:    408, Accuracy : 0.8652, Loss: 0.1470
[Train] Epoch:  11, Total:    917, Accuracy : 0.9738, Loss: 0.0466
[Eval] Epoch:  11, Total:    408, Accuracy : 0.8529, Loss: 0.1044
[Train] Epoch:  12, Total:    917, Accuracy : 0.9629, Loss: 0.0670
[Eval] Epoch:  12, Total:    408, Accuracy : 0.8431, Loss: 0.1714
[Train] Epoch:  13, Total:    917, Accuracy : 0.9706, Loss: 0.5055
[Eval] Epoch:  13, Total:    408, Accuracy : 0.7892, Loss: 0.9674
[Train] Epoch:  14, Total:    917, Accuracy : 0.9836, Loss: 0.2066
[Eval] Epoch:  14, Total:    408, Accuracy : 0.8431, Loss: 0.1756
[Train] Epoch:  15, Total:    917, Accuracy : 0.9924, Loss: 0.0249
[Eval] Epoch:  15, Total:    408, Accuracy : 0.8431, Loss: 0.3156
[Train] Epoch:  16, Total:    917, Accuracy : 0.9945, Loss: 0.1700
[Eval] Epoch:  16, Total:    408, Accuracy : 0.8529, Loss: 0.1938
[Train] Epoch:  17, Total:    917, Accuracy : 0.9935, Loss: 0.0023
[Eval] Epoch:  17, Total:    408, Accuracy : 0.8505, Loss: 0.2625
[Train] Epoch:  18, Total:    917, Accuracy : 0.9978, Loss: 0.0018
[Eval] Epoch:  18, Total:    408, Accuracy : 0.8505, Loss: 0.2560
[Train] Epoch:  19, Total:    917, Accuracy : 1.0000, Loss: 0.0052
[Eval] Epoch:  19, Total:    408, Accuracy : 0.8529, Loss: 0.2561
{"epoch":[1,2,3,4,5,6,7,8,9,10,11,12,13,14,15,16,17,18,19,20],"train_loss":[0.7236640055974325,0.6509040911992391,0.621590260664622,0.5781220734119416,0.4699348251024882,0.36627252101898194,0.2752822369337082,0.2047041694323222,0.14217481414477032,0.10673535540699959,0.09558165272076925,0.089436387270689,0.09746310487389565,0.10460460310180981,0.07158591418216625,0.027196148751924436,0.032777461145694055,0.019040285206089417,0.009076675741622846,0.0022971126173312465],"eval_loss":[0.6947934286934989,0.613277086189815,0.5756107355867114,0.5114457266671317,0.49501084217003416,0.3902124421937125,0.44596188408987864,0.39122095916952404,0.38935406506061554,0.4494039831416948,0.42796509180750164,0.47956617708717075,0.6110336567674365,0.8929036429950169,0.6666554787329265,0.7061359669481005,0.7239421159029007,0.7519752723830087,0.7689195190157209,0.7708681694098881],"train_acc":[0.33042529989094876,0.6663031624863686,0.6772082878953108,0.6772082878953108,0.7033805888767721,0.8636859323882224,0.9029443838604144,0.9225736095965104,0.9596510359869138,0.9705561613958561,0.9716466739367503,0.9738276990185387,0.9629225736095965,0.9705561613958561,0.9836423118865867,0.9923664122137404,0.9945474372955289,0.9934569247546347,0.9978189749182116,1.0],"eval_acc":[0.3480392156862745,0.6838235294117647,0.6838235294117647,0.6838235294117647,0.7671568627450981,0.8284313725490197,0.8161764705882353,0.8504901960784313,0.8627450980392157,0.8627450980392157,0.8651960784313726,0.8529411764705882,0.8431372549019608,0.7892156862745098,0.8431372549019608,0.8431372549019608,0.8529411764705882,0.8504901960784313,0.8504901960784313,0.8529411764705882]}
[Eval] Epoch:  11, Total:   1725, Accuracy : 0.8435, Loss: 1.0145
1725 1455 23.03269785642624
