random_0.2_model_0
DatasetDict({
    train: Dataset({
        features: ['sentence1', 'sentence2', 'label', 'indexes'],
        num_rows: 734
    })
    validation: Dataset({
        features: ['sentence1', 'sentence2', 'label', 'indexes'],
        num_rows: 408
    })
    test: Dataset({
        features: ['sentence1', 'sentence2', 'label', 'indexes'],
        num_rows: 1725
    })
})
[Train] Epoch:   0, Total:    734, Accuracy : 0.6294, Loss: 0.6656
[Eval] Epoch:   0, Total:    408, Accuracy : 0.6838, Loss: 0.6567
[Train] Epoch:   1, Total:    734, Accuracy : 0.6894, Loss: 0.6301
[Eval] Epoch:   1, Total:    408, Accuracy : 0.6838, Loss: 0.5561
[Train] Epoch:   2, Total:    734, Accuracy : 0.6894, Loss: 0.5757
[Eval] Epoch:   2, Total:    408, Accuracy : 0.6838, Loss: 0.4904
[Train] Epoch:   3, Total:    734, Accuracy : 0.6894, Loss: 0.5693
[Eval] Epoch:   3, Total:    408, Accuracy : 0.6838, Loss: 0.4588
[Train] Epoch:   4, Total:    734, Accuracy : 0.7193, Loss: 0.3535
[Eval] Epoch:   4, Total:    408, Accuracy : 0.7083, Loss: 0.4010
[Train] Epoch:   5, Total:    734, Accuracy : 0.8038, Loss: 0.3800
[Eval] Epoch:   5, Total:    408, Accuracy : 0.8162, Loss: 0.4772
[Train] Epoch:   6, Total:    734, Accuracy : 0.8896, Loss: 0.1651
[Eval] Epoch:   6, Total:    408, Accuracy : 0.8211, Loss: 0.5047
[Train] Epoch:   7, Total:    734, Accuracy : 0.9114, Loss: 0.1434
[Eval] Epoch:   7, Total:    408, Accuracy : 0.7917, Loss: 0.5569
[Train] Epoch:   8, Total:    734, Accuracy : 0.9469, Loss: 0.1045
[Eval] Epoch:   8, Total:    408, Accuracy : 0.7892, Loss: 0.6322
[Train] Epoch:   9, Total:    734, Accuracy : 0.9591, Loss: 0.2514
[Eval] Epoch:   9, Total:    408, Accuracy : 0.7917, Loss: 0.6394
[Train] Epoch:  10, Total:    734, Accuracy : 0.9728, Loss: 0.0375
[Eval] Epoch:  10, Total:    408, Accuracy : 0.8113, Loss: 0.6647
[Train] Epoch:  11, Total:    734, Accuracy : 0.9796, Loss: 0.2050
[Eval] Epoch:  11, Total:    408, Accuracy : 0.8088, Loss: 0.6759
[Train] Epoch:  12, Total:    734, Accuracy : 0.9482, Loss: 0.1089
[Eval] Epoch:  12, Total:    408, Accuracy : 0.8211, Loss: 0.7685
[Train] Epoch:  13, Total:    734, Accuracy : 0.9673, Loss: 0.0256
[Eval] Epoch:  13, Total:    408, Accuracy : 0.8358, Loss: 0.6794
[Train] Epoch:  14, Total:    734, Accuracy : 0.9823, Loss: 0.0113
[Eval] Epoch:  14, Total:    408, Accuracy : 0.7941, Loss: 0.9499
[Train] Epoch:  15, Total:    734, Accuracy : 0.9864, Loss: 0.1271
[Eval] Epoch:  15, Total:    408, Accuracy : 0.8284, Loss: 0.8702
[Train] Epoch:  16, Total:    734, Accuracy : 0.9877, Loss: 0.0754
[Eval] Epoch:  16, Total:    408, Accuracy : 0.8113, Loss: 0.9706
[Train] Epoch:  17, Total:    734, Accuracy : 0.9905, Loss: 0.0039
[Eval] Epoch:  17, Total:    408, Accuracy : 0.8333, Loss: 0.9184
[Train] Epoch:  18, Total:    734, Accuracy : 0.9932, Loss: 0.0052
[Eval] Epoch:  18, Total:    408, Accuracy : 0.8260, Loss: 0.9765
[Train] Epoch:  19, Total:    734, Accuracy : 0.9891, Loss: 0.0052
[Eval] Epoch:  19, Total:    408, Accuracy : 0.8260, Loss: 0.9802
{"epoch":[1,2,3,4,5,6,7,8,9,10,11,12,13,14,15,16,17,18,19,20],"train_loss":[0.6844800064961115,0.6483140786488851,0.6116793205340704,0.5860278805096945,0.5246036996444067,0.4116888145605723,0.288108441978693,0.22560090199112892,0.17319494547943273,0.1367291615655025,0.10561511758714914,0.08751770450423162,0.16302084115644297,0.09290929526711504,0.062084999633952975,0.0502810871694237,0.03809999146809181,0.034273806028068066,0.022259042869942885,0.034384336322546005],"eval_loss":[0.6693065762519836,0.6166960682187762,0.6106634608336857,0.5747207488332476,0.5219404527119228,0.42899456194468905,0.4311688074043819,0.548245051077434,0.6034018993377686,0.7010436611516135,0.5896552460534232,0.5837473528725761,0.6404145402567727,0.6070010491779873,0.9014870183808463,0.7867832822459084,0.9718060323170253,0.8598908015659877,0.9360969577516828,0.9364080684525626],"train_acc":[0.6294277929155313,0.6893732970027248,0.6893732970027248,0.6893732970027248,0.7193460490463215,0.8038147138964578,0.8896457765667575,0.9114441416893733,0.946866485013624,0.9591280653950953,0.9727520435967303,0.9795640326975477,0.9482288828337875,0.9673024523160763,0.9822888283378747,0.9863760217983651,0.9877384196185286,0.9904632152588556,0.9931880108991825,0.989100817438692],"eval_acc":[0.6838235294117647,0.6838235294117647,0.6838235294117647,0.6838235294117647,0.7083333333333334,0.8161764705882353,0.821078431372549,0.7916666666666666,0.7892156862745098,0.7916666666666666,0.8112745098039216,0.8088235294117647,0.821078431372549,0.8357843137254902,0.7941176470588235,0.8284313725490197,0.8112745098039216,0.8333333333333334,0.8259803921568627,0.8259803921568627]}
[Eval] Epoch:  11, Total:   1725, Accuracy : 0.8041, Loss: 1.1602
1725 1387 28.412278652191162
