pruned_3_0.5_model_0
DatasetDict({
    train: Dataset({
        features: ['sentence1', 'sentence2', 'label', 'indexes'],
        num_rows: 1834
    })
    validation: Dataset({
        features: ['sentence1', 'sentence2', 'label', 'indexes'],
        num_rows: 408
    })
    test: Dataset({
        features: ['sentence1', 'sentence2', 'label', 'indexes'],
        num_rows: 1725
    })
})
[Train] Epoch:   0, Total:   1834, Accuracy : 0.5998, Loss: 0.6593
[Eval] Epoch:   0, Total:    408, Accuracy : 0.6838, Loss: 0.5240
[Train] Epoch:   1, Total:   1834, Accuracy : 0.6647, Loss: 0.5149
[Eval] Epoch:   1, Total:    408, Accuracy : 0.6961, Loss: 0.4017
[Train] Epoch:   2, Total:   1834, Accuracy : 0.7759, Loss: 0.3580
[Eval] Epoch:   2, Total:    408, Accuracy : 0.8578, Loss: 0.2939
[Train] Epoch:   3, Total:   1834, Accuracy : 0.8550, Loss: 0.3489
[Eval] Epoch:   3, Total:    408, Accuracy : 0.8505, Loss: 0.2872
[Train] Epoch:   4, Total:   1834, Accuracy : 0.8937, Loss: 0.4076
[Eval] Epoch:   4, Total:    408, Accuracy : 0.8652, Loss: 0.2291
[Train] Epoch:   5, Total:   1834, Accuracy : 0.9427, Loss: 0.2018
[Eval] Epoch:   5, Total:    408, Accuracy : 0.8652, Loss: 0.1609
[Train] Epoch:   6, Total:   1834, Accuracy : 0.9580, Loss: 0.0566
[Eval] Epoch:   6, Total:    408, Accuracy : 0.8725, Loss: 0.1795
[Train] Epoch:   7, Total:   1834, Accuracy : 0.9755, Loss: 0.1374
[Eval] Epoch:   7, Total:    408, Accuracy : 0.8676, Loss: 0.1750
[Train] Epoch:   8, Total:   1834, Accuracy : 0.9815, Loss: 0.0093
[Eval] Epoch:   8, Total:    408, Accuracy : 0.8750, Loss: 0.2386
[Train] Epoch:   9, Total:   1834, Accuracy : 0.9847, Loss: 0.0260
[Eval] Epoch:   9, Total:    408, Accuracy : 0.8775, Loss: 0.2400
[Train] Epoch:  10, Total:   1834, Accuracy : 0.9842, Loss: 0.0356
[Eval] Epoch:  10, Total:    408, Accuracy : 0.8750, Loss: 0.2700
[Train] Epoch:  11, Total:   1834, Accuracy : 0.9820, Loss: 0.1049
[Eval] Epoch:  11, Total:    408, Accuracy : 0.8603, Loss: 0.1539
[Train] Epoch:  12, Total:   1834, Accuracy : 0.9842, Loss: 0.0070
[Eval] Epoch:  12, Total:    408, Accuracy : 0.8554, Loss: 0.5485
[Train] Epoch:  13, Total:   1834, Accuracy : 0.9804, Loss: 0.0062
[Eval] Epoch:  13, Total:    408, Accuracy : 0.8529, Loss: 0.2573
[Train] Epoch:  14, Total:   1834, Accuracy : 0.9907, Loss: 0.0968
[Eval] Epoch:  14, Total:    408, Accuracy : 0.8701, Loss: 0.1019
[Train] Epoch:  15, Total:   1834, Accuracy : 0.9945, Loss: 0.0008
[Eval] Epoch:  15, Total:    408, Accuracy : 0.8775, Loss: 0.4020
[Train] Epoch:  16, Total:   1834, Accuracy : 0.9973, Loss: 0.0023
[Eval] Epoch:  16, Total:    408, Accuracy : 0.8676, Loss: 0.3627
[Train] Epoch:  17, Total:   1834, Accuracy : 0.9956, Loss: 0.0358
[Eval] Epoch:  17, Total:    408, Accuracy : 0.8701, Loss: 0.2879
[Train] Epoch:  18, Total:   1834, Accuracy : 0.9978, Loss: 0.0607
[Eval] Epoch:  18, Total:    408, Accuracy : 0.8725, Loss: 0.3415
[Train] Epoch:  19, Total:   1834, Accuracy : 0.9995, Loss: 0.0006
[Eval] Epoch:  19, Total:    408, Accuracy : 0.8725, Loss: 0.3268
{"epoch":[1,2,3,4,5,6,7,8,9,10,11,12,13,14,15,16,17,18,19,20],"train_loss":[0.6658262322688925,0.6173635351246801,0.4653115950781724,0.34861090676537876,0.27290950766925154,0.16741200947556004,0.12494181957224319,0.08416227199907961,0.06167006242121088,0.04793558526655723,0.04757345686184949,0.05581038095185469,0.05038584160200994,0.05587485638158075,0.025096955873746555,0.017950884664656018,0.009285490000459912,0.01925477730050073,0.008455624023115197,0.0017473368969713819],"eval_loss":[0.6107009478977748,0.527388972895486,0.3602029298033033,0.3431659298283713,0.3482723278658731,0.35472417942115236,0.387799118246351,0.4503465550286429,0.46025305347783224,0.47294492168085916,0.530388457434518,0.6462959029844829,0.6743035018444061,0.6790268208299365,0.7548826507159642,0.7780659411634717,0.8318852867398944,0.8353567974908012,0.8200080054146903,0.8193343239171165],"train_acc":[0.5997818974918212,0.6646673936750273,0.7758996728462377,0.8549618320610687,0.8936750272628136,0.9427480916030534,0.9580152671755725,0.97546346782988,0.9814612868047983,0.9847328244274809,0.9841875681570338,0.9820065430752454,0.9841875681570338,0.9803707742639041,0.9907306434023991,0.9945474372955289,0.9972737186477645,0.9956379498364231,0.9978189749182116,0.9994547437295529],"eval_acc":[0.6838235294117647,0.696078431372549,0.8578431372549019,0.8504901960784313,0.8651960784313726,0.8651960784313726,0.8725490196078431,0.8676470588235294,0.875,0.8774509803921569,0.875,0.8602941176470589,0.8553921568627451,0.8529411764705882,0.8700980392156863,0.8774509803921569,0.8676470588235294,0.8700980392156863,0.8725490196078431,0.8725490196078431]}
[Eval] Epoch:  11, Total:   1725, Accuracy : 0.8452, Loss: 0.7951
1725 1458 28.13103151321411
