pruned_3_0.04_model_0
DatasetDict({
    train: Dataset({
        features: ['sentence1', 'sentence2', 'label', 'indexes'],
        num_rows: 146
    })
    validation: Dataset({
        features: ['sentence1', 'sentence2', 'label', 'indexes'],
        num_rows: 408
    })
    test: Dataset({
        features: ['sentence1', 'sentence2', 'label', 'indexes'],
        num_rows: 1725
    })
})
[Train] Epoch:   0, Total:    146, Accuracy : 0.6370, Loss: 0.6787
[Eval] Epoch:   0, Total:    408, Accuracy : 0.6838, Loss: 0.6770
[Train] Epoch:   1, Total:    146, Accuracy : 0.6438, Loss: 0.6798
[Eval] Epoch:   1, Total:    408, Accuracy : 0.6838, Loss: 0.6708
[Train] Epoch:   2, Total:    146, Accuracy : 0.6918, Loss: 0.6943
[Eval] Epoch:   2, Total:    408, Accuracy : 0.6838, Loss: 0.6616
[Train] Epoch:   3, Total:    146, Accuracy : 0.6712, Loss: 0.6505
[Eval] Epoch:   3, Total:    408, Accuracy : 0.6838, Loss: 0.6487
[Train] Epoch:   4, Total:    146, Accuracy : 0.6712, Loss: 0.6647
[Eval] Epoch:   4, Total:    408, Accuracy : 0.6838, Loss: 0.6325
[Train] Epoch:   5, Total:    146, Accuracy : 0.6712, Loss: 0.6172
[Eval] Epoch:   5, Total:    408, Accuracy : 0.6838, Loss: 0.6140
[Train] Epoch:   6, Total:    146, Accuracy : 0.6712, Loss: 0.6092
[Eval] Epoch:   6, Total:    408, Accuracy : 0.6838, Loss: 0.5916
[Train] Epoch:   7, Total:    146, Accuracy : 0.6712, Loss: 0.7009
[Eval] Epoch:   7, Total:    408, Accuracy : 0.6838, Loss: 0.5670
[Train] Epoch:   8, Total:    146, Accuracy : 0.6712, Loss: 0.7566
[Eval] Epoch:   8, Total:    408, Accuracy : 0.6838, Loss: 0.5386
[Train] Epoch:   9, Total:    146, Accuracy : 0.6712, Loss: 0.6226
[Eval] Epoch:   9, Total:    408, Accuracy : 0.6838, Loss: 0.5210
[Train] Epoch:  10, Total:    146, Accuracy : 0.6712, Loss: 0.7599
[Eval] Epoch:  10, Total:    408, Accuracy : 0.6838, Loss: 0.5130
[Train] Epoch:  11, Total:    146, Accuracy : 0.6712, Loss: 0.6069
[Eval] Epoch:  11, Total:    408, Accuracy : 0.6838, Loss: 0.4985
[Train] Epoch:  12, Total:    146, Accuracy : 0.6712, Loss: 0.6535
[Eval] Epoch:  12, Total:    408, Accuracy : 0.6838, Loss: 0.4920
[Train] Epoch:  13, Total:    146, Accuracy : 0.6712, Loss: 0.5350
[Eval] Epoch:  13, Total:    408, Accuracy : 0.6838, Loss: 0.4821
[Train] Epoch:  14, Total:    146, Accuracy : 0.6712, Loss: 0.5371
[Eval] Epoch:  14, Total:    408, Accuracy : 0.6838, Loss: 0.4603
[Train] Epoch:  15, Total:    146, Accuracy : 0.6781, Loss: 0.4258
[Eval] Epoch:  15, Total:    408, Accuracy : 0.6985, Loss: 0.4175
[Train] Epoch:  16, Total:    146, Accuracy : 0.7055, Loss: 0.6242
[Eval] Epoch:  16, Total:    408, Accuracy : 0.7010, Loss: 0.3851
[Train] Epoch:  17, Total:    146, Accuracy : 0.7123, Loss: 0.3939
[Eval] Epoch:  17, Total:    408, Accuracy : 0.7108, Loss: 0.3501
[Train] Epoch:  18, Total:    146, Accuracy : 0.7329, Loss: 0.3288
[Eval] Epoch:  18, Total:    408, Accuracy : 0.7059, Loss: 0.3636
[Train] Epoch:  19, Total:    146, Accuracy : 0.8630, Loss: 0.2283
[Eval] Epoch:  19, Total:    408, Accuracy : 0.7230, Loss: 0.3564
{"epoch":[1,2,3,4,5,6,7,8,9,10,11,12,13,14,15,16,17,18,19,20],"train_loss":[0.6845208803812662,0.6817495624224345,0.6815982063611349,0.664950410525004,0.6629549066225687,0.6460516850153605,0.6295191844304403,0.66814657052358,0.6706063946088155,0.6345714728037516,0.6570008993148804,0.613885223865509,0.6142170429229736,0.5773192842801412,0.5555712580680847,0.490175982316335,0.5059013764063517,0.40950878461201984,0.35174957911173504,0.2946834663550059],"eval_loss":[0.6823282582419259,0.6783556171825954,0.6724086574145726,0.6643214821815491,0.6544910499027797,0.6440023694719587,0.6324494566236224,0.6208100829805646,0.6121931757245745,0.6061619945934841,0.6057507055146354,0.5988403601305825,0.5880377675805774,0.5750433078833989,0.5589447319507599,0.540294702563967,0.6063094011374882,0.5353658880506244,0.514661077942167,0.5284077950886318],"train_acc":[0.636986301369863,0.6438356164383562,0.6917808219178082,0.6712328767123288,0.6712328767123288,0.6712328767123288,0.6712328767123288,0.6712328767123288,0.6712328767123288,0.6712328767123288,0.6712328767123288,0.6712328767123288,0.6712328767123288,0.6712328767123288,0.6712328767123288,0.678082191780822,0.7054794520547946,0.7123287671232876,0.7328767123287672,0.863013698630137],"eval_acc":[0.6838235294117647,0.6838235294117647,0.6838235294117647,0.6838235294117647,0.6838235294117647,0.6838235294117647,0.6838235294117647,0.6838235294117647,0.6838235294117647,0.6838235294117647,0.6838235294117647,0.6838235294117647,0.6838235294117647,0.6838235294117647,0.6838235294117647,0.6985294117647058,0.7009803921568627,0.7107843137254902,0.7058823529411765,0.7230392156862745]}
[Eval] Epoch:  11, Total:   1725, Accuracy : 0.7275, Loss: 0.5580
1725 1255 15.241740703582764
