[Train] Epoch:   0, Total:   3668, Accuracy : 0.6497, Loss: 0.6748
[Eval] Epoch:   0, Total:    408, Accuracy : 0.6838, Loss: 0.3944
[Train] Epoch:   1, Total:   3668, Accuracy : 0.7666, Loss: 0.6162
[Eval] Epoch:   1, Total:    408, Accuracy : 0.8676, Loss: 0.2306
[Train] Epoch:   2, Total:   3668, Accuracy : 0.8661, Loss: 0.2469
[Eval] Epoch:   2, Total:    408, Accuracy : 0.8701, Loss: 0.0900
[Train] Epoch:   3, Total:   3668, Accuracy : 0.9117, Loss: 0.0673
[Eval] Epoch:   3, Total:    408, Accuracy : 0.8775, Loss: 0.1400
[Train] Epoch:   4, Total:   3668, Accuracy : 0.9493, Loss: 0.1379
[Eval] Epoch:   4, Total:    408, Accuracy : 0.8750, Loss: 0.1328
[Train] Epoch:   5, Total:   3668, Accuracy : 0.9689, Loss: 0.0094
[Eval] Epoch:   5, Total:    408, Accuracy : 0.8725, Loss: 0.1861
[Train] Epoch:   6, Total:   3668, Accuracy : 0.9727, Loss: 0.0917
[Eval] Epoch:   6, Total:    408, Accuracy : 0.8775, Loss: 0.1384
[Train] Epoch:   7, Total:   3668, Accuracy : 0.9856, Loss: 0.0054
[Eval] Epoch:   7, Total:    408, Accuracy : 0.8946, Loss: 0.1939
[Train] Epoch:   8, Total:   3668, Accuracy : 0.9877, Loss: 0.0060
[Eval] Epoch:   8, Total:    408, Accuracy : 0.8995, Loss: 0.1670
[Train] Epoch:   9, Total:   3668, Accuracy : 0.9896, Loss: 0.0037
[Eval] Epoch:   9, Total:    408, Accuracy : 0.8922, Loss: 0.1978
[Train] Epoch:  10, Total:   3668, Accuracy : 0.9820, Loss: 0.0232
[Eval] Epoch:  10, Total:    408, Accuracy : 0.8750, Loss: 0.1376
[Train] Epoch:  11, Total:   3668, Accuracy : 0.9673, Loss: 0.2857
[Eval] Epoch:  11, Total:    408, Accuracy : 0.8701, Loss: 0.1600
[Train] Epoch:  12, Total:   3668, Accuracy : 0.9834, Loss: 0.1861
[Eval] Epoch:  12, Total:    408, Accuracy : 0.8946, Loss: 0.2430
[Train] Epoch:  13, Total:   3668, Accuracy : 0.9856, Loss: 0.2478
[Eval] Epoch:  13, Total:    408, Accuracy : 0.8873, Loss: 0.2415
[Train] Epoch:  14, Total:   3668, Accuracy : 0.9896, Loss: 0.0026
[Eval] Epoch:  14, Total:    408, Accuracy : 0.8848, Loss: 0.2606
[Train] Epoch:  15, Total:   3668, Accuracy : 0.9918, Loss: 0.0009
[Eval] Epoch:  15, Total:    408, Accuracy : 0.8848, Loss: 0.4119
[Train] Epoch:  16, Total:   3668, Accuracy : 0.9945, Loss: 0.0015
[Eval] Epoch:  16, Total:    408, Accuracy : 0.8873, Loss: 0.2807
[Train] Epoch:  17, Total:   3668, Accuracy : 0.9954, Loss: 0.0010
[Eval] Epoch:  17, Total:    408, Accuracy : 0.8873, Loss: 0.2727
[Train] Epoch:  18, Total:   3668, Accuracy : 0.9975, Loss: 0.0007
[Eval] Epoch:  18, Total:    408, Accuracy : 0.8848, Loss: 0.2879
[Train] Epoch:  19, Total:   3668, Accuracy : 0.9959, Loss: 0.0008
[Eval] Epoch:  19, Total:    408, Accuracy : 0.8848, Loss: 0.2926
{"epoch":[1,2,3,4,5,6,7,8,9,10,11,12,13,14,15,16,17,18,19,20],"train_loss":[0.6354602965815314,0.4814728981462018,0.3162523551747717,0.2244404716224506,0.1537545483944745,0.10013578000382103,0.08435510228998189,0.055698071164881874,0.047225823874810134,0.03979527717054789,0.06423894813733882,0.10939904347319028,0.058544620399861115,0.05754387099095139,0.03960200456565182,0.031176617586832687,0.025183503411646033,0.018824042480414863,0.013420221502170095,0.013263254924195594],"eval_loss":[0.5542836742741721,0.31899364079747883,0.27756588693176,0.2798607370683125,0.31103280399526867,0.3821898592369897,0.3758038729429245,0.4075733061347689,0.43485779208796366,0.43638877144881655,0.41791965067386627,0.46305844826357706,0.47475303070885794,0.5566797448056084,0.5006949007511139,0.5918628701141903,0.6060132086277008,0.6104228155953544,0.6255851898874555,0.6187148519924709],"train_acc":[0.6496728462377317,0.7666303162486369,0.8661395856052344,0.9116684841875682,0.9492911668484187,0.9689203925845147,0.9727371864776445,0.9855507088331515,0.9877317339149401,0.9896401308615049,0.9820065430752454,0.9672846237731734,0.9833696837513631,0.9855507088331515,0.9896401308615049,0.9918211559432933,0.9945474372955289,0.9953653217011995,0.997546346782988,0.9959105779716467],"eval_acc":[0.6838235294117647,0.8676470588235294,0.8700980392156863,0.8774509803921569,0.875,0.8725490196078431,0.8774509803921569,0.8946078431372549,0.8995098039215687,0.8921568627450981,0.875,0.8700980392156863,0.8946078431372549,0.8872549019607843,0.8848039215686274,0.8848039215686274,0.8872549019607843,0.8872549019607843,0.8848039215686274,0.8848039215686274]}
[Eval] Epoch:  11, Total:   1725, Accuracy : 0.8725, Loss: 0.6014
1725 1505 20.57076758146286
