pruned_1_0.005_model_0
DatasetDict({
    train: Dataset({
        features: ['sentence1', 'sentence2', 'label', 'indexes'],
        num_rows: 2
    })
    validation: Dataset({
        features: ['sentence1', 'sentence2', 'label', 'indexes'],
        num_rows: 408
    })
    test: Dataset({
        features: ['sentence1', 'sentence2', 'label', 'indexes'],
        num_rows: 1725
    })
})
[Train] Epoch:   0, Total:      2, Accuracy : 1.0000, Loss: 0.6706
[Eval] Epoch:   0, Total:    408, Accuracy : 0.6838, Loss: 0.6783
[Train] Epoch:   1, Total:      2, Accuracy : 1.0000, Loss: 0.6774
[Eval] Epoch:   1, Total:    408, Accuracy : 0.6838, Loss: 0.6778
[Train] Epoch:   2, Total:      2, Accuracy : 0.5000, Loss: 0.6808
[Eval] Epoch:   2, Total:    408, Accuracy : 0.6838, Loss: 0.6768
[Train] Epoch:   3, Total:      2, Accuracy : 1.0000, Loss: 0.6680
[Eval] Epoch:   3, Total:    408, Accuracy : 0.6838, Loss: 0.6753
[Train] Epoch:   4, Total:      2, Accuracy : 1.0000, Loss: 0.6507
[Eval] Epoch:   4, Total:    408, Accuracy : 0.6838, Loss: 0.6732
[Train] Epoch:   5, Total:      2, Accuracy : 1.0000, Loss: 0.6584
[Eval] Epoch:   5, Total:    408, Accuracy : 0.6838, Loss: 0.6707
[Train] Epoch:   6, Total:      2, Accuracy : 1.0000, Loss: 0.6493
[Eval] Epoch:   6, Total:    408, Accuracy : 0.6838, Loss: 0.6676
[Train] Epoch:   7, Total:      2, Accuracy : 1.0000, Loss: 0.6050
[Eval] Epoch:   7, Total:    408, Accuracy : 0.6838, Loss: 0.6643
[Train] Epoch:   8, Total:      2, Accuracy : 1.0000, Loss: 0.6494
[Eval] Epoch:   8, Total:    408, Accuracy : 0.6838, Loss: 0.6605
[Train] Epoch:   9, Total:      2, Accuracy : 1.0000, Loss: 0.5809
[Eval] Epoch:   9, Total:    408, Accuracy : 0.6838, Loss: 0.6562
[Train] Epoch:  10, Total:      2, Accuracy : 1.0000, Loss: 0.6388
[Eval] Epoch:  10, Total:    408, Accuracy : 0.6838, Loss: 0.6515
[Train] Epoch:  11, Total:      2, Accuracy : 1.0000, Loss: 0.5489
[Eval] Epoch:  11, Total:    408, Accuracy : 0.6838, Loss: 0.6463
[Train] Epoch:  12, Total:      2, Accuracy : 1.0000, Loss: 0.6076
[Eval] Epoch:  12, Total:    408, Accuracy : 0.6838, Loss: 0.6407
[Train] Epoch:  13, Total:      2, Accuracy : 1.0000, Loss: 0.5888
[Eval] Epoch:  13, Total:    408, Accuracy : 0.6838, Loss: 0.6346
[Train] Epoch:  14, Total:      2, Accuracy : 1.0000, Loss: 0.5635
[Eval] Epoch:  14, Total:    408, Accuracy : 0.6838, Loss: 0.6277
[Train] Epoch:  15, Total:      2, Accuracy : 1.0000, Loss: 0.5613
[Eval] Epoch:  15, Total:    408, Accuracy : 0.6838, Loss: 0.6204
[Train] Epoch:  16, Total:      2, Accuracy : 1.0000, Loss: 0.5412
[Eval] Epoch:  16, Total:    408, Accuracy : 0.6838, Loss: 0.6127
[Train] Epoch:  17, Total:      2, Accuracy : 1.0000, Loss: 0.5068
[Eval] Epoch:  17, Total:    408, Accuracy : 0.6838, Loss: 0.6041
[Train] Epoch:  18, Total:      2, Accuracy : 1.0000, Loss: 0.5370
[Eval] Epoch:  18, Total:    408, Accuracy : 0.6838, Loss: 0.5929
[Train] Epoch:  19, Total:      2, Accuracy : 1.0000, Loss: 0.4219
[Eval] Epoch:  19, Total:    408, Accuracy : 0.6838, Loss: 0.5821
{"epoch":[1,2,3,4,5,6,7,8,9,10,11,12,13,14,15,16,17,18,19,20],"train_loss":[0.6705693602561951,0.6774004697799683,0.6808134913444519,0.6679582595825195,0.6506659388542175,0.6583895683288574,0.6492519378662109,0.6049716472625732,0.649449348449707,0.5809447169303894,0.6388204097747803,0.548907995223999,0.607646107673645,0.5888465642929077,0.5635440349578857,0.5613043308258057,0.5412062406539917,0.5068159699440002,0.5369988679885864,0.42191410064697266],"eval_loss":[0.6832672613007682,0.6829427310398647,0.6822859730039325,0.6812918015888759,0.6799579007284982,0.6783110669681004,0.6763625996453422,0.6742165258952549,0.6717808076313564,0.6690872481891087,0.6661107114383152,0.6628801652363369,0.6594031027385167,0.6556822231837681,0.6516978229795184,0.6474969557353428,0.6430471965244838,0.6382373486246381,0.6327271461486816,0.627759405544826],"train_acc":[1.0,1.0,0.5,1.0,1.0,1.0,1.0,1.0,1.0,1.0,1.0,1.0,1.0,1.0,1.0,1.0,1.0,1.0,1.0,1.0],"eval_acc":[0.6838235294117647,0.6838235294117647,0.6838235294117647,0.6838235294117647,0.6838235294117647,0.6838235294117647,0.6838235294117647,0.6838235294117647,0.6838235294117647,0.6838235294117647,0.6838235294117647,0.6838235294117647,0.6838235294117647,0.6838235294117647,0.6838235294117647,0.6838235294117647,0.6838235294117647,0.6838235294117647,0.6838235294117647,0.6838235294117647]}
[Eval] Epoch:  11, Total:   1725, Accuracy : 0.6649, Loss: 0.6465
1725 1147 17.310621321201324
