pruned_1_0.2_model_0
DatasetDict({
    train: Dataset({
        features: ['sentence1', 'sentence2', 'label', 'indexes'],
        num_rows: 729
    })
    validation: Dataset({
        features: ['sentence1', 'sentence2', 'label', 'indexes'],
        num_rows: 408
    })
    test: Dataset({
        features: ['sentence1', 'sentence2', 'label', 'indexes'],
        num_rows: 1725
    })
})
[Train] Epoch:   0, Total:    729, Accuracy : 0.3265, Loss: 0.6961
[Eval] Epoch:   0, Total:    408, Accuracy : 0.3162, Loss: 0.7109
[Train] Epoch:   1, Total:    729, Accuracy : 0.5871, Loss: 0.6698
[Eval] Epoch:   1, Total:    408, Accuracy : 0.6838, Loss: 0.5994
[Train] Epoch:   2, Total:    729, Accuracy : 0.6790, Loss: 0.5843
[Eval] Epoch:   2, Total:    408, Accuracy : 0.6838, Loss: 0.4904
[Train] Epoch:   3, Total:    729, Accuracy : 0.6790, Loss: 0.6115
[Eval] Epoch:   3, Total:    408, Accuracy : 0.6838, Loss: 0.4808
[Train] Epoch:   4, Total:    729, Accuracy : 0.6831, Loss: 0.4545
[Eval] Epoch:   4, Total:    408, Accuracy : 0.6985, Loss: 0.3949
[Train] Epoch:   5, Total:    729, Accuracy : 0.7092, Loss: 0.3054
[Eval] Epoch:   5, Total:    408, Accuracy : 0.7157, Loss: 0.3885
[Train] Epoch:   6, Total:    729, Accuracy : 0.8107, Loss: 0.3370
[Eval] Epoch:   6, Total:    408, Accuracy : 0.8039, Loss: 0.3280
[Train] Epoch:   7, Total:    729, Accuracy : 0.8615, Loss: 0.1699
[Eval] Epoch:   7, Total:    408, Accuracy : 0.8309, Loss: 0.3795
[Train] Epoch:   8, Total:    729, Accuracy : 0.9122, Loss: 0.1365
[Eval] Epoch:   8, Total:    408, Accuracy : 0.8309, Loss: 0.4001
[Train] Epoch:   9, Total:    729, Accuracy : 0.9328, Loss: 0.2876
[Eval] Epoch:   9, Total:    408, Accuracy : 0.8186, Loss: 0.4618
[Train] Epoch:  10, Total:    729, Accuracy : 0.9451, Loss: 0.1512
[Eval] Epoch:  10, Total:    408, Accuracy : 0.8211, Loss: 0.3754
[Train] Epoch:  11, Total:    729, Accuracy : 0.9506, Loss: 0.1368
[Eval] Epoch:  11, Total:    408, Accuracy : 0.8162, Loss: 0.3870
[Train] Epoch:  12, Total:    729, Accuracy : 0.9040, Loss: 0.1010
[Eval] Epoch:  12, Total:    408, Accuracy : 0.8333, Loss: 0.5459
[Train] Epoch:  13, Total:    729, Accuracy : 0.9506, Loss: 0.0859
[Eval] Epoch:  13, Total:    408, Accuracy : 0.8284, Loss: 0.3582
[Train] Epoch:  14, Total:    729, Accuracy : 0.9534, Loss: 0.2005
[Eval] Epoch:  14, Total:    408, Accuracy : 0.8235, Loss: 0.5005
[Train] Epoch:  15, Total:    729, Accuracy : 0.9588, Loss: 0.0755
[Eval] Epoch:  15, Total:    408, Accuracy : 0.8162, Loss: 0.3953
[Train] Epoch:  16, Total:    729, Accuracy : 0.9643, Loss: 0.0383
[Eval] Epoch:  16, Total:    408, Accuracy : 0.7941, Loss: 0.5907
[Train] Epoch:  17, Total:    729, Accuracy : 0.9753, Loss: 0.0080
[Eval] Epoch:  17, Total:    408, Accuracy : 0.8186, Loss: 0.5883
[Train] Epoch:  18, Total:    729, Accuracy : 0.9794, Loss: 0.0560
[Eval] Epoch:  18, Total:    408, Accuracy : 0.8211, Loss: 0.5242
[Train] Epoch:  19, Total:    729, Accuracy : 0.9781, Loss: 0.0157
[Eval] Epoch:  19, Total:    408, Accuracy : 0.8235, Loss: 0.5192
{"epoch":[1,2,3,4,5,6,7,8,9,10,11,12,13,14,15,16,17,18,19,20],"train_loss":[0.7216237833102545,0.6797202825546265,0.6279995193084081,0.6011371736725172,0.5603582064310709,0.4858104884624481,0.38791955759127933,0.3364938423037529,0.2327354314426581,0.21666532630721727,0.1869416410724322,0.15855868719518185,0.2802341468632221,0.13798760312298933,0.12267482373863459,0.12375446284810702,0.07702322055896123,0.055037429789081216,0.05043841665610671,0.04862839037862917],"eval_loss":[0.7052884527615139,0.6358015622411456,0.6057855955192021,0.5734084802014487,0.5848417026656014,0.48999048130852835,0.4728725722857884,0.43682725940431866,0.48026362912995474,0.5610388517379761,0.5462784894875118,0.5644294449261257,0.5649156868457794,0.6688181289604732,0.6519254616328648,0.7230355356420789,0.8941702587263924,0.8113705601011004,0.8579467364719936,0.855570878301348],"train_acc":[0.32647462277091904,0.5871056241426612,0.6790123456790124,0.6790123456790124,0.6831275720164609,0.7091906721536351,0.8106995884773662,0.8614540466392319,0.9122085048010974,0.9327846364883402,0.9451303155006858,0.9506172839506173,0.9039780521262003,0.9506172839506173,0.953360768175583,0.9588477366255144,0.9643347050754458,0.9753086419753086,0.9794238683127572,0.9780521262002744],"eval_acc":[0.3161764705882353,0.6838235294117647,0.6838235294117647,0.6838235294117647,0.6985294117647058,0.7156862745098039,0.803921568627451,0.8308823529411765,0.8308823529411765,0.8186274509803921,0.821078431372549,0.8161764705882353,0.8333333333333334,0.8284313725490197,0.8235294117647058,0.8161764705882353,0.7941176470588235,0.8186274509803921,0.821078431372549,0.8235294117647058]}
[Eval] Epoch:  11, Total:   1725, Accuracy : 0.8023, Loss: 0.9144
1725 1384 26.249917834997177
