pruned_1_0.04_model_0
DatasetDict({
    train: Dataset({
        features: ['sentence1', 'sentence2', 'label', 'indexes'],
        num_rows: 142
    })
    validation: Dataset({
        features: ['sentence1', 'sentence2', 'label', 'indexes'],
        num_rows: 408
    })
    test: Dataset({
        features: ['sentence1', 'sentence2', 'label', 'indexes'],
        num_rows: 1725
    })
})
[Train] Epoch:   0, Total:    142, Accuracy : 0.5423, Loss: 0.6927
[Eval] Epoch:   0, Total:    408, Accuracy : 0.6838, Loss: 0.6904
[Train] Epoch:   1, Total:    142, Accuracy : 0.5282, Loss: 0.6956
[Eval] Epoch:   1, Total:    408, Accuracy : 0.6838, Loss: 0.6850
[Train] Epoch:   2, Total:    142, Accuracy : 0.6549, Loss: 0.6789
[Eval] Epoch:   2, Total:    408, Accuracy : 0.6838, Loss: 0.6768
[Train] Epoch:   3, Total:    142, Accuracy : 0.6620, Loss: 0.6613
[Eval] Epoch:   3, Total:    408, Accuracy : 0.6838, Loss: 0.6639
[Train] Epoch:   4, Total:    142, Accuracy : 0.6549, Loss: 0.6643
[Eval] Epoch:   4, Total:    408, Accuracy : 0.6838, Loss: 0.6465
[Train] Epoch:   5, Total:    142, Accuracy : 0.6549, Loss: 0.6840
[Eval] Epoch:   5, Total:    408, Accuracy : 0.6838, Loss: 0.6273
[Train] Epoch:   6, Total:    142, Accuracy : 0.6549, Loss: 0.6463
[Eval] Epoch:   6, Total:    408, Accuracy : 0.6838, Loss: 0.6084
[Train] Epoch:   7, Total:    142, Accuracy : 0.6549, Loss: 0.5751
[Eval] Epoch:   7, Total:    408, Accuracy : 0.6838, Loss: 0.5839
[Train] Epoch:   8, Total:    142, Accuracy : 0.6549, Loss: 0.6156
[Eval] Epoch:   8, Total:    408, Accuracy : 0.6838, Loss: 0.5554
[Train] Epoch:   9, Total:    142, Accuracy : 0.6549, Loss: 0.5423
[Eval] Epoch:   9, Total:    408, Accuracy : 0.6838, Loss: 0.5294
[Train] Epoch:  10, Total:    142, Accuracy : 0.6549, Loss: 0.7206
[Eval] Epoch:  10, Total:    408, Accuracy : 0.6838, Loss: 0.5094
[Train] Epoch:  11, Total:    142, Accuracy : 0.6549, Loss: 0.4862
[Eval] Epoch:  11, Total:    408, Accuracy : 0.6838, Loss: 0.4987
[Train] Epoch:  12, Total:    142, Accuracy : 0.6549, Loss: 0.6503
[Eval] Epoch:  12, Total:    408, Accuracy : 0.6838, Loss: 0.4917
[Train] Epoch:  13, Total:    142, Accuracy : 0.6549, Loss: 0.5510
[Eval] Epoch:  13, Total:    408, Accuracy : 0.6838, Loss: 0.4829
[Train] Epoch:  14, Total:    142, Accuracy : 0.6549, Loss: 0.7197
[Eval] Epoch:  14, Total:    408, Accuracy : 0.6838, Loss: 0.4752
[Train] Epoch:  15, Total:    142, Accuracy : 0.6549, Loss: 0.8229
[Eval] Epoch:  15, Total:    408, Accuracy : 0.6838, Loss: 0.4814
[Train] Epoch:  16, Total:    142, Accuracy : 0.6549, Loss: 0.4808
[Eval] Epoch:  16, Total:    408, Accuracy : 0.6838, Loss: 0.5102
[Train] Epoch:  17, Total:    142, Accuracy : 0.6549, Loss: 0.4997
[Eval] Epoch:  17, Total:    408, Accuracy : 0.6838, Loss: 0.4431
[Train] Epoch:  18, Total:    142, Accuracy : 0.6549, Loss: 0.6826
[Eval] Epoch:  18, Total:    408, Accuracy : 0.6838, Loss: 0.4555
[Train] Epoch:  19, Total:    142, Accuracy : 0.6549, Loss: 0.4474
[Eval] Epoch:  19, Total:    408, Accuracy : 0.6838, Loss: 0.4504
{"epoch":[1,2,3,4,5,6,7,8,9,10,11,12,13,14,15,16,17,18,19,20],"train_loss":[0.6931048432985941,0.6945686936378479,0.6824442744255066,0.6734516620635986,0.6679068605105082,0.6784445444742838,0.6566151777903239,0.630848248799642,0.6378551522890726,0.6026306748390198,0.6624436378479004,0.5967704157034556,0.6383703152338663,0.6018941601117452,0.6376409530639648,0.6491914590199789,0.5727210839589437,0.5634453694025675,0.5938586791356405,0.5292069911956787],"eval_loss":[0.6909554260117667,0.687329385961805,0.6819757308278765,0.6736463223184858,0.6627087337630135,0.6513040491512844,0.6406498040471759,0.6284444587571281,0.6157081042017255,0.6058182886668614,0.5995390159743172,0.5942539828164237,0.5909108647278377,0.5926006010600499,0.594459457056863,0.5754404578890119,0.5786076188087463,0.5594490851674762,0.6009772717952728,0.6010156444140843],"train_acc":[0.5422535211267606,0.528169014084507,0.6549295774647887,0.6619718309859155,0.6549295774647887,0.6549295774647887,0.6549295774647887,0.6549295774647887,0.6549295774647887,0.6549295774647887,0.6549295774647887,0.6549295774647887,0.6549295774647887,0.6549295774647887,0.6549295774647887,0.6549295774647887,0.6549295774647887,0.6549295774647887,0.6549295774647887,0.6549295774647887],"eval_acc":[0.6838235294117647,0.6838235294117647,0.6838235294117647,0.6838235294117647,0.6838235294117647,0.6838235294117647,0.6838235294117647,0.6838235294117647,0.6838235294117647,0.6838235294117647,0.6838235294117647,0.6838235294117647,0.6838235294117647,0.6838235294117647,0.6838235294117647,0.6838235294117647,0.6838235294117647,0.6838235294117647,0.6838235294117647,0.6838235294117647]}
[Eval] Epoch:  11, Total:   1725, Accuracy : 0.6649, Loss: 0.6514
1725 1147 16.935404032468796
