pruned_2_0.04_model_0
DatasetDict({
    train: Dataset({
        features: ['sentence1', 'sentence2', 'label', 'indexes'],
        num_rows: 146
    })
    validation: Dataset({
        features: ['sentence1', 'sentence2', 'label', 'indexes'],
        num_rows: 408
    })
    test: Dataset({
        features: ['sentence1', 'sentence2', 'label', 'indexes'],
        num_rows: 1725
    })
})
[Train] Epoch:   0, Total:    146, Accuracy : 0.5890, Loss: 0.6959
[Eval] Epoch:   0, Total:    408, Accuracy : 0.6838, Loss: 0.6883
[Train] Epoch:   1, Total:    146, Accuracy : 0.6370, Loss: 0.6820
[Eval] Epoch:   1, Total:    408, Accuracy : 0.6838, Loss: 0.6820
[Train] Epoch:   2, Total:    146, Accuracy : 0.6712, Loss: 0.6764
[Eval] Epoch:   2, Total:    408, Accuracy : 0.6838, Loss: 0.6711
[Train] Epoch:   3, Total:    146, Accuracy : 0.6644, Loss: 0.6715
[Eval] Epoch:   3, Total:    408, Accuracy : 0.6838, Loss: 0.6561
[Train] Epoch:   4, Total:    146, Accuracy : 0.6712, Loss: 0.6993
[Eval] Epoch:   4, Total:    408, Accuracy : 0.6838, Loss: 0.6392
[Train] Epoch:   5, Total:    146, Accuracy : 0.6712, Loss: 0.6540
[Eval] Epoch:   5, Total:    408, Accuracy : 0.6838, Loss: 0.6214
[Train] Epoch:   6, Total:    146, Accuracy : 0.6712, Loss: 0.6686
[Eval] Epoch:   6, Total:    408, Accuracy : 0.6838, Loss: 0.6006
[Train] Epoch:   7, Total:    146, Accuracy : 0.6712, Loss: 0.5694
[Eval] Epoch:   7, Total:    408, Accuracy : 0.6838, Loss: 0.5765
[Train] Epoch:   8, Total:    146, Accuracy : 0.6712, Loss: 0.6407
[Eval] Epoch:   8, Total:    408, Accuracy : 0.6838, Loss: 0.5467
[Train] Epoch:   9, Total:    146, Accuracy : 0.6712, Loss: 0.7140
[Eval] Epoch:   9, Total:    408, Accuracy : 0.6838, Loss: 0.5288
[Train] Epoch:  10, Total:    146, Accuracy : 0.6712, Loss: 0.4871
[Eval] Epoch:  10, Total:    408, Accuracy : 0.6838, Loss: 0.5126
[Train] Epoch:  11, Total:    146, Accuracy : 0.6712, Loss: 0.5885
[Eval] Epoch:  11, Total:    408, Accuracy : 0.6838, Loss: 0.4966
[Train] Epoch:  12, Total:    146, Accuracy : 0.6712, Loss: 0.5559
[Eval] Epoch:  12, Total:    408, Accuracy : 0.6838, Loss: 0.5160
[Train] Epoch:  13, Total:    146, Accuracy : 0.6712, Loss: 0.4566
[Eval] Epoch:  13, Total:    408, Accuracy : 0.6838, Loss: 0.5118
[Train] Epoch:  14, Total:    146, Accuracy : 0.6712, Loss: 0.6360
[Eval] Epoch:  14, Total:    408, Accuracy : 0.6838, Loss: 0.4877
[Train] Epoch:  15, Total:    146, Accuracy : 0.6712, Loss: 0.4296
[Eval] Epoch:  15, Total:    408, Accuracy : 0.6838, Loss: 0.4823
[Train] Epoch:  16, Total:    146, Accuracy : 0.6712, Loss: 0.3306
[Eval] Epoch:  16, Total:    408, Accuracy : 0.6838, Loss: 0.4925
[Train] Epoch:  17, Total:    146, Accuracy : 0.6986, Loss: 0.4054
[Eval] Epoch:  17, Total:    408, Accuracy : 0.6912, Loss: 0.4669
[Train] Epoch:  18, Total:    146, Accuracy : 0.7123, Loss: 0.3688
[Eval] Epoch:  18, Total:    408, Accuracy : 0.7034, Loss: 0.4667
[Train] Epoch:  19, Total:    146, Accuracy : 0.8151, Loss: 0.3440
[Eval] Epoch:  19, Total:    408, Accuracy : 0.7157, Loss: 0.4506
{"epoch":[1,2,3,4,5,6,7,8,9,10,11,12,13,14,15,16,17,18,19,20],"train_loss":[0.6929420034090678,0.684443732102712,0.6808508237202963,0.6733476519584656,0.6767267982165018,0.6560015479723612,0.6479393641153971,0.6188495556513468,0.6370096405347189,0.6474323670069376,0.5872260431448618,0.601519246896108,0.5737789372603098,0.5335359076658884,0.5527657568454742,0.4663129647572835,0.40789321064949036,0.37944064537684125,0.34546302755673725,0.3408506214618683],"eval_loss":[0.6896191835403442,0.6854504857744489,0.678356375013079,0.6687653405325753,0.6583947879927499,0.6477972183908735,0.6362019692148481,0.624113312789372,0.6119250399725777,0.6064994931221008,0.5967155524662563,0.5919769108295441,0.598397033555167,0.5816441348620823,0.5679010876587459,0.5860317902905601,0.5782737008162907,0.5635773454393659,0.6811585554054805,0.6617557236126491],"train_acc":[0.589041095890411,0.636986301369863,0.6712328767123288,0.6643835616438356,0.6712328767123288,0.6712328767123288,0.6712328767123288,0.6712328767123288,0.6712328767123288,0.6712328767123288,0.6712328767123288,0.6712328767123288,0.6712328767123288,0.6712328767123288,0.6712328767123288,0.6712328767123288,0.6712328767123288,0.6986301369863014,0.7123287671232876,0.815068493150685],"eval_acc":[0.6838235294117647,0.6838235294117647,0.6838235294117647,0.6838235294117647,0.6838235294117647,0.6838235294117647,0.6838235294117647,0.6838235294117647,0.6838235294117647,0.6838235294117647,0.6838235294117647,0.6838235294117647,0.6838235294117647,0.6838235294117647,0.6838235294117647,0.6838235294117647,0.6838235294117647,0.6911764705882353,0.7034313725490197,0.7156862745098039]}
[Eval] Epoch:  11, Total:   1725, Accuracy : 0.7142, Loss: 0.6933
1725 1232 18.470545321702957
