pruned_2_0.05_model_0
DatasetDict({
    train: Dataset({
        features: ['sentence1', 'sentence2', 'label', 'indexes'],
        num_rows: 183
    })
    validation: Dataset({
        features: ['sentence1', 'sentence2', 'label', 'indexes'],
        num_rows: 408
    })
    test: Dataset({
        features: ['sentence1', 'sentence2', 'label', 'indexes'],
        num_rows: 1725
    })
})
[Train] Epoch:   0, Total:    183, Accuracy : 0.6885, Loss: 0.6622
[Eval] Epoch:   0, Total:    408, Accuracy : 0.6838, Loss: 0.6413
[Train] Epoch:   1, Total:    183, Accuracy : 0.6885, Loss: 0.6799
[Eval] Epoch:   1, Total:    408, Accuracy : 0.6838, Loss: 0.6362
[Train] Epoch:   2, Total:    183, Accuracy : 0.6885, Loss: 0.6468
[Eval] Epoch:   2, Total:    408, Accuracy : 0.6838, Loss: 0.6274
[Train] Epoch:   3, Total:    183, Accuracy : 0.6885, Loss: 0.6488
[Eval] Epoch:   3, Total:    408, Accuracy : 0.6838, Loss: 0.6150
[Train] Epoch:   4, Total:    183, Accuracy : 0.6885, Loss: 0.6368
[Eval] Epoch:   4, Total:    408, Accuracy : 0.6838, Loss: 0.6007
[Train] Epoch:   5, Total:    183, Accuracy : 0.6885, Loss: 0.6451
[Eval] Epoch:   5, Total:    408, Accuracy : 0.6838, Loss: 0.5848
[Train] Epoch:   6, Total:    183, Accuracy : 0.6885, Loss: 0.5719
[Eval] Epoch:   6, Total:    408, Accuracy : 0.6838, Loss: 0.5697
[Train] Epoch:   7, Total:    183, Accuracy : 0.6885, Loss: 0.5680
[Eval] Epoch:   7, Total:    408, Accuracy : 0.6838, Loss: 0.5522
[Train] Epoch:   8, Total:    183, Accuracy : 0.6885, Loss: 0.6190
[Eval] Epoch:   8, Total:    408, Accuracy : 0.6838, Loss: 0.5330
[Train] Epoch:   9, Total:    183, Accuracy : 0.6885, Loss: 0.5277
[Eval] Epoch:   9, Total:    408, Accuracy : 0.6838, Loss: 0.5061
[Train] Epoch:  10, Total:    183, Accuracy : 0.6885, Loss: 0.5407
[Eval] Epoch:  10, Total:    408, Accuracy : 0.6838, Loss: 0.5086
[Train] Epoch:  11, Total:    183, Accuracy : 0.6885, Loss: 0.6061
[Eval] Epoch:  11, Total:    408, Accuracy : 0.6838, Loss: 0.4989
[Train] Epoch:  12, Total:    183, Accuracy : 0.6885, Loss: 0.5829
[Eval] Epoch:  12, Total:    408, Accuracy : 0.6838, Loss: 0.4933
[Train] Epoch:  13, Total:    183, Accuracy : 0.6885, Loss: 0.5729
[Eval] Epoch:  13, Total:    408, Accuracy : 0.6838, Loss: 0.4986
[Train] Epoch:  14, Total:    183, Accuracy : 0.6885, Loss: 0.4710
[Eval] Epoch:  14, Total:    408, Accuracy : 0.6838, Loss: 0.4850
[Train] Epoch:  15, Total:    183, Accuracy : 0.6885, Loss: 0.4101
[Eval] Epoch:  15, Total:    408, Accuracy : 0.6838, Loss: 0.4491
[Train] Epoch:  16, Total:    183, Accuracy : 0.6885, Loss: 0.4961
[Eval] Epoch:  16, Total:    408, Accuracy : 0.6838, Loss: 0.4213
[Train] Epoch:  17, Total:    183, Accuracy : 0.6940, Loss: 0.3811
[Eval] Epoch:  17, Total:    408, Accuracy : 0.6838, Loss: 0.4070
[Train] Epoch:  18, Total:    183, Accuracy : 0.6995, Loss: 0.3893
[Eval] Epoch:  18, Total:    408, Accuracy : 0.6912, Loss: 0.4147
[Train] Epoch:  19, Total:    183, Accuracy : 0.7705, Loss: 0.2486
[Eval] Epoch:  19, Total:    408, Accuracy : 0.7206, Loss: 0.4027
{"epoch":[1,2,3,4,5,6,7,8,9,10,11,12,13,14,15,16,17,18,19,20],"train_loss":[0.6611311634381613,0.6646469235420227,0.6490715742111206,0.6523735125859579,0.6538285613059998,0.6339878439903259,0.6229820251464844,0.6132487257321676,0.6160526871681213,0.5977681279182434,0.6324160297711691,0.5954590241114298,0.5884328285853068,0.5572668214639028,0.538943350315094,0.4955303370952606,0.4538098871707916,0.4174820880095164,0.38911696275075275,0.32663511236508685],"eval_loss":[0.659995538847787,0.6568736774580819,0.6517319508961269,0.6446703757558551,0.6369802355766296,0.6291818278176444,0.6226413590567452,0.6161057097571236,0.6105732066290719,0.605552247592381,0.6131815910339355,0.6036109711442675,0.5924513127122607,0.5956402378422874,0.580487596137183,0.5704519195216042,0.5821861667292458,0.5687796090330396,0.6039117872714996,0.5794930670942579],"train_acc":[0.6885245901639344,0.6885245901639344,0.6885245901639344,0.6885245901639344,0.6885245901639344,0.6885245901639344,0.6885245901639344,0.6885245901639344,0.6885245901639344,0.6885245901639344,0.6885245901639344,0.6885245901639344,0.6885245901639344,0.6885245901639344,0.6885245901639344,0.6885245901639344,0.6885245901639344,0.6939890710382514,0.6994535519125683,0.7704918032786885],"eval_acc":[0.6838235294117647,0.6838235294117647,0.6838235294117647,0.6838235294117647,0.6838235294117647,0.6838235294117647,0.6838235294117647,0.6838235294117647,0.6838235294117647,0.6838235294117647,0.6838235294117647,0.6838235294117647,0.6838235294117647,0.6838235294117647,0.6838235294117647,0.6838235294117647,0.6838235294117647,0.6838235294117647,0.6911764705882353,0.7205882352941176]}
[Eval] Epoch:  11, Total:   1725, Accuracy : 0.7084, Loss: 0.5738
1725 1222 15.968241900205612
