pruned_1_0.25_model_0
DatasetDict({
    train: Dataset({
        features: ['sentence1', 'sentence2', 'label', 'indexes'],
        num_rows: 912
    })
    validation: Dataset({
        features: ['sentence1', 'sentence2', 'label', 'indexes'],
        num_rows: 408
    })
    test: Dataset({
        features: ['sentence1', 'sentence2', 'label', 'indexes'],
        num_rows: 1725
    })
})
[Train] Epoch:   0, Total:    912, Accuracy : 0.6184, Loss: 0.7005
[Eval] Epoch:   0, Total:    408, Accuracy : 0.6838, Loss: 0.6393
[Train] Epoch:   1, Total:    912, Accuracy : 0.6425, Loss: 0.6220
[Eval] Epoch:   1, Total:    408, Accuracy : 0.6838, Loss: 0.5503
[Train] Epoch:   2, Total:    912, Accuracy : 0.6425, Loss: 0.4664
[Eval] Epoch:   2, Total:    408, Accuracy : 0.6838, Loss: 0.4503
[Train] Epoch:   3, Total:    912, Accuracy : 0.6601, Loss: 0.6283
[Eval] Epoch:   3, Total:    408, Accuracy : 0.7647, Loss: 0.4116
[Train] Epoch:   4, Total:    912, Accuracy : 0.7763, Loss: 0.3101
[Eval] Epoch:   4, Total:    408, Accuracy : 0.7868, Loss: 0.4696
[Train] Epoch:   5, Total:    912, Accuracy : 0.8300, Loss: 0.2904
[Eval] Epoch:   5, Total:    408, Accuracy : 0.8431, Loss: 0.2014
[Train] Epoch:   6, Total:    912, Accuracy : 0.8871, Loss: 0.3715
[Eval] Epoch:   6, Total:    408, Accuracy : 0.8235, Loss: 0.2323
[Train] Epoch:   7, Total:    912, Accuracy : 0.9265, Loss: 0.1586
[Eval] Epoch:   7, Total:    408, Accuracy : 0.8284, Loss: 0.1603
[Train] Epoch:   8, Total:    912, Accuracy : 0.9463, Loss: 0.1464
[Eval] Epoch:   8, Total:    408, Accuracy : 0.8480, Loss: 0.2912
[Train] Epoch:   9, Total:    912, Accuracy : 0.9550, Loss: 0.0413
[Eval] Epoch:   9, Total:    408, Accuracy : 0.8382, Loss: 0.2402
[Train] Epoch:  10, Total:    912, Accuracy : 0.9594, Loss: 0.0848
[Eval] Epoch:  10, Total:    408, Accuracy : 0.8505, Loss: 0.2087
[Train] Epoch:  11, Total:    912, Accuracy : 0.9671, Loss: 0.1752
[Eval] Epoch:  11, Total:    408, Accuracy : 0.8284, Loss: 0.0866
[Train] Epoch:  12, Total:    912, Accuracy : 0.9605, Loss: 0.0514
[Eval] Epoch:  12, Total:    408, Accuracy : 0.8431, Loss: 0.2249
[Train] Epoch:  13, Total:    912, Accuracy : 0.9737, Loss: 0.0737
[Eval] Epoch:  13, Total:    408, Accuracy : 0.8039, Loss: 0.9490
[Train] Epoch:  14, Total:    912, Accuracy : 0.9616, Loss: 0.0174
[Eval] Epoch:  14, Total:    408, Accuracy : 0.8505, Loss: 0.0875
[Train] Epoch:  15, Total:    912, Accuracy : 0.9868, Loss: 0.0063
[Eval] Epoch:  15, Total:    408, Accuracy : 0.8554, Loss: 0.3194
[Train] Epoch:  16, Total:    912, Accuracy : 0.9923, Loss: 0.0045
[Eval] Epoch:  16, Total:    408, Accuracy : 0.8603, Loss: 0.1979
[Train] Epoch:  17, Total:    912, Accuracy : 0.9967, Loss: 0.0019
[Eval] Epoch:  17, Total:    408, Accuracy : 0.8554, Loss: 0.1233
[Train] Epoch:  18, Total:    912, Accuracy : 0.9967, Loss: 0.0027
[Eval] Epoch:  18, Total:    408, Accuracy : 0.8578, Loss: 0.2105
[Train] Epoch:  19, Total:    912, Accuracy : 0.9956, Loss: 0.0110
[Eval] Epoch:  19, Total:    408, Accuracy : 0.8578, Loss: 0.2070
{"epoch":[1,2,3,4,5,6,7,8,9,10,11,12,13,14,15,16,17,18,19,20],"train_loss":[0.683179767926534,0.6545877099037171,0.6358441293239594,0.5947452823321024,0.47473992109298707,0.38026787439982096,0.29084228674570717,0.21278098225593567,0.14789508581161498,0.12829138586918512,0.1176301139096419,0.10426217764616012,0.10479064993560314,0.073046371464928,0.10577648226171732,0.03942117483044664,0.025018746980155507,0.01263630169754227,0.009642816909278432,0.012590514651189247],"eval_loss":[0.6588150007384164,0.6137008241244725,0.6005481098379407,0.46567680154527935,0.45105065618242535,0.3376744155372892,0.4232709343944277,0.39263629487582613,0.3930811413696834,0.4424912929534912,0.4176081397703716,0.48421110425676617,0.5573020172970635,0.6715197222573417,0.6443336254784039,0.6232040737356458,0.6613955135856356,0.68814881252391,0.7024823618786675,0.7038085183926991],"train_acc":[0.618421052631579,0.6425438596491229,0.6425438596491229,0.6600877192982456,0.7763157894736842,0.8300438596491229,0.8870614035087719,0.9265350877192983,0.9462719298245614,0.9550438596491229,0.9594298245614035,0.9671052631578947,0.9605263157894737,0.9736842105263158,0.9616228070175439,0.9868421052631579,0.9923245614035088,0.9967105263157895,0.9967105263157895,0.9956140350877193],"eval_acc":[0.6838235294117647,0.6838235294117647,0.6838235294117647,0.7647058823529411,0.7867647058823529,0.8431372549019608,0.8235294117647058,0.8284313725490197,0.8480392156862745,0.8382352941176471,0.8504901960784313,0.8284313725490197,0.8431372549019608,0.803921568627451,0.8504901960784313,0.8553921568627451,0.8602941176470589,0.8553921568627451,0.8578431372549019,0.8578431372549019]}
[Eval] Epoch:  11, Total:   1725, Accuracy : 0.8412, Loss: 0.6366
1725 1451 20.924880534410477
