pruned_1_0.03_model_0
DatasetDict({
    train: Dataset({
        features: ['sentence1', 'sentence2', 'label', 'indexes'],
        num_rows: 109
    })
    validation: Dataset({
        features: ['sentence1', 'sentence2', 'label', 'indexes'],
        num_rows: 408
    })
    test: Dataset({
        features: ['sentence1', 'sentence2', 'label', 'indexes'],
        num_rows: 1725
    })
})
[Train] Epoch:   0, Total:    109, Accuracy : 0.3394, Loss: 0.6982
[Eval] Epoch:   0, Total:    408, Accuracy : 0.3162, Loss: 0.7061
[Train] Epoch:   1, Total:    109, Accuracy : 0.3303, Loss: 0.7062
[Eval] Epoch:   1, Total:    408, Accuracy : 0.3162, Loss: 0.7030
[Train] Epoch:   2, Total:    109, Accuracy : 0.4495, Loss: 0.6980
[Eval] Epoch:   2, Total:    408, Accuracy : 0.3211, Loss: 0.6973
[Train] Epoch:   3, Total:    109, Accuracy : 0.4220, Loss: 0.6892
[Eval] Epoch:   3, Total:    408, Accuracy : 0.6863, Loss: 0.6892
[Train] Epoch:   4, Total:    109, Accuracy : 0.6422, Loss: 0.6796
[Eval] Epoch:   4, Total:    408, Accuracy : 0.6838, Loss: 0.6787
[Train] Epoch:   5, Total:    109, Accuracy : 0.7431, Loss: 0.6716
[Eval] Epoch:   5, Total:    408, Accuracy : 0.6838, Loss: 0.6666
[Train] Epoch:   6, Total:    109, Accuracy : 0.7431, Loss: 0.6639
[Eval] Epoch:   6, Total:    408, Accuracy : 0.6838, Loss: 0.6519
[Train] Epoch:   7, Total:    109, Accuracy : 0.7431, Loss: 0.6431
[Eval] Epoch:   7, Total:    408, Accuracy : 0.6838, Loss: 0.6349
[Train] Epoch:   8, Total:    109, Accuracy : 0.7431, Loss: 0.6411
[Eval] Epoch:   8, Total:    408, Accuracy : 0.6838, Loss: 0.6147
[Train] Epoch:   9, Total:    109, Accuracy : 0.7431, Loss: 0.6073
[Eval] Epoch:   9, Total:    408, Accuracy : 0.6838, Loss: 0.5912
[Train] Epoch:  10, Total:    109, Accuracy : 0.7431, Loss: 0.6738
[Eval] Epoch:  10, Total:    408, Accuracy : 0.6838, Loss: 0.5651
[Train] Epoch:  11, Total:    109, Accuracy : 0.7431, Loss: 0.5680
[Eval] Epoch:  11, Total:    408, Accuracy : 0.6838, Loss: 0.5369
[Train] Epoch:  12, Total:    109, Accuracy : 0.7431, Loss: 0.5566
[Eval] Epoch:  12, Total:    408, Accuracy : 0.6838, Loss: 0.5065
[Train] Epoch:  13, Total:    109, Accuracy : 0.7431, Loss: 0.5081
[Eval] Epoch:  13, Total:    408, Accuracy : 0.6838, Loss: 0.4980
[Train] Epoch:  14, Total:    109, Accuracy : 0.7431, Loss: 0.5165
[Eval] Epoch:  14, Total:    408, Accuracy : 0.6838, Loss: 0.5029
[Train] Epoch:  15, Total:    109, Accuracy : 0.7431, Loss: 0.6432
[Eval] Epoch:  15, Total:    408, Accuracy : 0.6838, Loss: 0.4961
[Train] Epoch:  16, Total:    109, Accuracy : 0.7431, Loss: 0.6380
[Eval] Epoch:  16, Total:    408, Accuracy : 0.6838, Loss: 0.4997
[Train] Epoch:  17, Total:    109, Accuracy : 0.7431, Loss: 0.5442
[Eval] Epoch:  17, Total:    408, Accuracy : 0.6838, Loss: 0.5034
[Train] Epoch:  18, Total:    109, Accuracy : 0.7431, Loss: 0.5203
[Eval] Epoch:  18, Total:    408, Accuracy : 0.6838, Loss: 0.4883
[Train] Epoch:  19, Total:    109, Accuracy : 0.7431, Loss: 0.5271
[Eval] Epoch:  19, Total:    408, Accuracy : 0.6838, Loss: 0.4901
{"epoch":[1,2,3,4,5,6,7,8,9,10,11,12,13,14,15,16,17,18,19,20],"train_loss":[0.6991989612579346,0.7016874253749847,0.6984383761882782,0.6938962042331696,0.6828080415725708,0.670696347951889,0.6695274114608765,0.6579207479953766,0.6348234117031097,0.6085830330848694,0.6128411591053009,0.5982478857040405,0.5672217607498169,0.5502943098545074,0.5547485053539276,0.5775804817676544,0.5608038157224655,0.5486560761928558,0.5253566205501556,0.5274525284767151],"eval_loss":[0.7012714147567749,0.699140591280801,0.6953161529132298,0.6898681606565203,0.6828885504177639,0.6749881335667202,0.6656772238867623,0.6553107585225787,0.6437375886099679,0.6314738818577358,0.6201364823750087,0.6122760943004063,0.6156764711652484,0.64622391973223,0.656865119934082,0.636262834072113,0.6191904076508113,0.6107202427727836,0.6083464069025857,0.6256495671612876],"train_acc":[0.3394495412844037,0.3302752293577982,0.44954128440366975,0.42201834862385323,0.6422018348623854,0.7431192660550459,0.7431192660550459,0.7431192660550459,0.7431192660550459,0.7431192660550459,0.7431192660550459,0.7431192660550459,0.7431192660550459,0.7431192660550459,0.7431192660550459,0.7431192660550459,0.7431192660550459,0.7431192660550459,0.7431192660550459,0.7431192660550459],"eval_acc":[0.3161764705882353,0.3161764705882353,0.32107843137254904,0.6862745098039216,0.6838235294117647,0.6838235294117647,0.6838235294117647,0.6838235294117647,0.6838235294117647,0.6838235294117647,0.6838235294117647,0.6838235294117647,0.6838235294117647,0.6838235294117647,0.6838235294117647,0.6838235294117647,0.6838235294117647,0.6838235294117647,0.6838235294117647,0.6838235294117647]}
[Eval] Epoch:  11, Total:   1725, Accuracy : 0.6649, Loss: 0.6544
1725 1147 17.78980028629303
