random_0.03_model_0
DatasetDict({
    train: Dataset({
        features: ['sentence1', 'sentence2', 'label', 'indexes'],
        num_rows: 110
    })
    validation: Dataset({
        features: ['sentence1', 'sentence2', 'label', 'indexes'],
        num_rows: 408
    })
    test: Dataset({
        features: ['sentence1', 'sentence2', 'label', 'indexes'],
        num_rows: 1725
    })
})
[Train] Epoch:   0, Total:    110, Accuracy : 0.5636, Loss: 0.6881
[Eval] Epoch:   0, Total:    408, Accuracy : 0.6838, Loss: 0.6696
[Train] Epoch:   1, Total:    110, Accuracy : 0.5727, Loss: 0.6917
[Eval] Epoch:   1, Total:    408, Accuracy : 0.6838, Loss: 0.6681
[Train] Epoch:   2, Total:    110, Accuracy : 0.5636, Loss: 0.6952
[Eval] Epoch:   2, Total:    408, Accuracy : 0.6838, Loss: 0.6661
[Train] Epoch:   3, Total:    110, Accuracy : 0.5636, Loss: 0.7004
[Eval] Epoch:   3, Total:    408, Accuracy : 0.6838, Loss: 0.6636
[Train] Epoch:   4, Total:    110, Accuracy : 0.5636, Loss: 0.6835
[Eval] Epoch:   4, Total:    408, Accuracy : 0.6838, Loss: 0.6611
[Train] Epoch:   5, Total:    110, Accuracy : 0.5636, Loss: 0.6907
[Eval] Epoch:   5, Total:    408, Accuracy : 0.6838, Loss: 0.6573
[Train] Epoch:   6, Total:    110, Accuracy : 0.5636, Loss: 0.6676
[Eval] Epoch:   6, Total:    408, Accuracy : 0.6838, Loss: 0.6538
[Train] Epoch:   7, Total:    110, Accuracy : 0.5636, Loss: 0.6881
[Eval] Epoch:   7, Total:    408, Accuracy : 0.6838, Loss: 0.6480
[Train] Epoch:   8, Total:    110, Accuracy : 0.5636, Loss: 0.6863
[Eval] Epoch:   8, Total:    408, Accuracy : 0.6838, Loss: 0.6421
[Train] Epoch:   9, Total:    110, Accuracy : 0.5636, Loss: 0.6761
[Eval] Epoch:   9, Total:    408, Accuracy : 0.6838, Loss: 0.6356
[Train] Epoch:  10, Total:    110, Accuracy : 0.5636, Loss: 0.6788
[Eval] Epoch:  10, Total:    408, Accuracy : 0.6838, Loss: 0.6270
[Train] Epoch:  11, Total:    110, Accuracy : 0.5636, Loss: 0.6984
[Eval] Epoch:  11, Total:    408, Accuracy : 0.6838, Loss: 0.6175
[Train] Epoch:  12, Total:    110, Accuracy : 0.5636, Loss: 0.6791
[Eval] Epoch:  12, Total:    408, Accuracy : 0.6838, Loss: 0.6086
[Train] Epoch:  13, Total:    110, Accuracy : 0.5636, Loss: 0.6420
[Eval] Epoch:  13, Total:    408, Accuracy : 0.6838, Loss: 0.6013
[Train] Epoch:  14, Total:    110, Accuracy : 0.5636, Loss: 0.6610
[Eval] Epoch:  14, Total:    408, Accuracy : 0.6838, Loss: 0.5909
[Train] Epoch:  15, Total:    110, Accuracy : 0.5636, Loss: 0.6689
[Eval] Epoch:  15, Total:    408, Accuracy : 0.6838, Loss: 0.5733
[Train] Epoch:  16, Total:    110, Accuracy : 0.5727, Loss: 0.6476
[Eval] Epoch:  16, Total:    408, Accuracy : 0.6936, Loss: 0.5423
[Train] Epoch:  17, Total:    110, Accuracy : 0.5909, Loss: 0.5731
[Eval] Epoch:  17, Total:    408, Accuracy : 0.7034, Loss: 0.4958
[Train] Epoch:  18, Total:    110, Accuracy : 0.6455, Loss: 0.6016
[Eval] Epoch:  18, Total:    408, Accuracy : 0.7157, Loss: 0.4600
[Train] Epoch:  19, Total:    110, Accuracy : 0.6727, Loss: 0.4873
[Eval] Epoch:  19, Total:    408, Accuracy : 0.7083, Loss: 0.4657
{"epoch":[1,2,3,4,5,6,7,8,9,10,11,12,13,14,15,16,17,18,19,20],"train_loss":[0.6913519203662872,0.6871436238288879,0.6898138523101807,0.6872833371162415,0.6870836019515991,0.6859228312969208,0.6843369603157043,0.6796979010105133,0.6808041930198669,0.6781316995620728,0.6765720248222351,0.6787765920162201,0.6702000200748444,0.6667158007621765,0.6751315295696259,0.6540849506855011,0.6464715600013733,0.6088131070137024,0.5780074894428253,0.5286616683006287],"eval_loss":[0.6776442698069981,0.6766611593110221,0.6753624422209603,0.6737724798066276,0.6721335904938834,0.6697109937667847,0.6675119059426444,0.663852334022522,0.6601554325648716,0.6560469184603009,0.6507384181022644,0.6449757303510394,0.6395422901426043,0.6348295978137425,0.6279066119875226,0.616027159350259,0.5950900997434344,0.5656761271612984,0.5531689482075828,0.54544078877994],"train_acc":[0.5636363636363636,0.5727272727272728,0.5636363636363636,0.5636363636363636,0.5636363636363636,0.5636363636363636,0.5636363636363636,0.5636363636363636,0.5636363636363636,0.5636363636363636,0.5636363636363636,0.5636363636363636,0.5636363636363636,0.5636363636363636,0.5636363636363636,0.5636363636363636,0.5727272727272728,0.5909090909090909,0.6454545454545455,0.6727272727272727],"eval_acc":[0.6838235294117647,0.6838235294117647,0.6838235294117647,0.6838235294117647,0.6838235294117647,0.6838235294117647,0.6838235294117647,0.6838235294117647,0.6838235294117647,0.6838235294117647,0.6838235294117647,0.6838235294117647,0.6838235294117647,0.6838235294117647,0.6838235294117647,0.6838235294117647,0.6936274509803921,0.7034313725490197,0.7156862745098039,0.7083333333333334]}
[Eval] Epoch:  11, Total:   1725, Accuracy : 0.6986, Loss: 0.5531
1725 1205 15.2211272418499
