pruned_2_0.03_model_0
DatasetDict({
    train: Dataset({
        features: ['sentence1', 'sentence2', 'label', 'indexes'],
        num_rows: 110
    })
    validation: Dataset({
        features: ['sentence1', 'sentence2', 'label', 'indexes'],
        num_rows: 408
    })
    test: Dataset({
        features: ['sentence1', 'sentence2', 'label', 'indexes'],
        num_rows: 1725
    })
})
[Train] Epoch:   0, Total:    110, Accuracy : 0.6636, Loss: 0.6486
[Eval] Epoch:   0, Total:    408, Accuracy : 0.6838, Loss: 0.6240
[Train] Epoch:   1, Total:    110, Accuracy : 0.6636, Loss: 0.6740
[Eval] Epoch:   1, Total:    408, Accuracy : 0.6838, Loss: 0.6221
[Train] Epoch:   2, Total:    110, Accuracy : 0.6636, Loss: 0.6455
[Eval] Epoch:   2, Total:    408, Accuracy : 0.6838, Loss: 0.6188
[Train] Epoch:   3, Total:    110, Accuracy : 0.6636, Loss: 0.6437
[Eval] Epoch:   3, Total:    408, Accuracy : 0.6838, Loss: 0.6136
[Train] Epoch:   4, Total:    110, Accuracy : 0.6636, Loss: 0.6594
[Eval] Epoch:   4, Total:    408, Accuracy : 0.6838, Loss: 0.6068
[Train] Epoch:   5, Total:    110, Accuracy : 0.6636, Loss: 0.6445
[Eval] Epoch:   5, Total:    408, Accuracy : 0.6838, Loss: 0.5993
[Train] Epoch:   6, Total:    110, Accuracy : 0.6636, Loss: 0.6645
[Eval] Epoch:   6, Total:    408, Accuracy : 0.6838, Loss: 0.5906
[Train] Epoch:   7, Total:    110, Accuracy : 0.6636, Loss: 0.5964
[Eval] Epoch:   7, Total:    408, Accuracy : 0.6838, Loss: 0.5826
[Train] Epoch:   8, Total:    110, Accuracy : 0.6636, Loss: 0.6540
[Eval] Epoch:   8, Total:    408, Accuracy : 0.6838, Loss: 0.5736
[Train] Epoch:   9, Total:    110, Accuracy : 0.6636, Loss: 0.6057
[Eval] Epoch:   9, Total:    408, Accuracy : 0.6838, Loss: 0.5654
[Train] Epoch:  10, Total:    110, Accuracy : 0.6636, Loss: 0.6106
[Eval] Epoch:  10, Total:    408, Accuracy : 0.6838, Loss: 0.5564
[Train] Epoch:  11, Total:    110, Accuracy : 0.6636, Loss: 0.6556
[Eval] Epoch:  11, Total:    408, Accuracy : 0.6838, Loss: 0.5461
[Train] Epoch:  12, Total:    110, Accuracy : 0.6636, Loss: 0.6241
[Eval] Epoch:  12, Total:    408, Accuracy : 0.6838, Loss: 0.5369
[Train] Epoch:  13, Total:    110, Accuracy : 0.6636, Loss: 0.7058
[Eval] Epoch:  13, Total:    408, Accuracy : 0.6838, Loss: 0.5258
[Train] Epoch:  14, Total:    110, Accuracy : 0.6636, Loss: 0.5782
[Eval] Epoch:  14, Total:    408, Accuracy : 0.6838, Loss: 0.5176
[Train] Epoch:  15, Total:    110, Accuracy : 0.6636, Loss: 0.6690
[Eval] Epoch:  15, Total:    408, Accuracy : 0.6838, Loss: 0.4981
[Train] Epoch:  16, Total:    110, Accuracy : 0.6636, Loss: 0.6639
[Eval] Epoch:  16, Total:    408, Accuracy : 0.6838, Loss: 0.4790
[Train] Epoch:  17, Total:    110, Accuracy : 0.6636, Loss: 0.6409
[Eval] Epoch:  17, Total:    408, Accuracy : 0.6838, Loss: 0.4702
[Train] Epoch:  18, Total:    110, Accuracy : 0.6636, Loss: 0.5559
[Eval] Epoch:  18, Total:    408, Accuracy : 0.6838, Loss: 0.4699
[Train] Epoch:  19, Total:    110, Accuracy : 0.6636, Loss: 0.5643
[Eval] Epoch:  19, Total:    408, Accuracy : 0.6838, Loss: 0.4814
{"epoch":[1,2,3,4,5,6,7,8,9,10,11,12,13,14,15,16,17,18,19,20],"train_loss":[0.6616306900978088,0.6519916951656342,0.651235967874527,0.6449126601219177,0.6424999833106995,0.6546151638031006,0.6442301571369171,0.640618622303009,0.6434069275856018,0.6379409730434418,0.6316189467906952,0.6330721080303192,0.6433365046977997,0.645866185426712,0.6165095269680023,0.6291073262691498,0.6271195113658905,0.6077442467212677,0.5528677403926849,0.5545907020568848],"eval_loss":[0.6507904359272548,0.6496887973376683,0.6477903042520795,0.644897290638515,0.6411777309009007,0.6372551151684352,0.6328184519495282,0.6289492164339338,0.6248241577829633,0.62123361655644,0.6175365703446525,0.6134504335267204,0.6092297519956317,0.6033636331558228,0.5994042839322772,0.5961742145674569,0.5993895360401699,0.5953623993056161,0.5814888264451709,0.5730549054486411],"train_acc":[0.6636363636363637,0.6636363636363637,0.6636363636363637,0.6636363636363637,0.6636363636363637,0.6636363636363637,0.6636363636363637,0.6636363636363637,0.6636363636363637,0.6636363636363637,0.6636363636363637,0.6636363636363637,0.6636363636363637,0.6636363636363637,0.6636363636363637,0.6636363636363637,0.6636363636363637,0.6636363636363637,0.6636363636363637,0.6636363636363637],"eval_acc":[0.6838235294117647,0.6838235294117647,0.6838235294117647,0.6838235294117647,0.6838235294117647,0.6838235294117647,0.6838235294117647,0.6838235294117647,0.6838235294117647,0.6838235294117647,0.6838235294117647,0.6838235294117647,0.6838235294117647,0.6838235294117647,0.6838235294117647,0.6838235294117647,0.6838235294117647,0.6838235294117647,0.6838235294117647,0.6838235294117647]}
[Eval] Epoch:  11, Total:   1725, Accuracy : 0.6649, Loss: 0.6051
1725 1147 16.27962699532509
