model_0.pkl
0.75
{"0.06": 81, "0.35": 38, "0.11": 67, "0.3": 58, "0.64": 13, "0.41": 36, "0.68": 23, "0.43": 36, "0.1": 77, "0.18": 83, "0.04": 79, "0.33": 49, "0.58": 16, "0.14": 77, "0.09": 85, "0.24": 61, "0.45": 42, "0.23": 39, "0.52": 25, "0.25": 57, "0.07": 78, "0.27": 65, "0.36": 46, "0.19": 77, "0.49": 30, "0.42": 52, "0.15": 78, "0.29": 56, "0.05": 74, "0.16": 66, "0.39": 52, "0.17": 84, "0.61": 12, "0.4": 40, "0.44": 37, "0.08": 56, "0.67": 24, "0.48": 37, "0.53": 36, "0.02": 61, "0.47": 31, "0.03": 76, "0.12": 73, "0.6": 17, "0.65": 10, "0.38": 42, "0.63": 14, "0.74": 4, "0.54": 20, "0.01": 58, "0.31": 56, "0.13": 84, "0.34": 53, "0.46": 36, "0.0": 386, "0.28": 65, "0.22": 67, "0.26": 73, "0.32": 56, "0.21": 59, "0.73": 2, "0.62": 17, "0.5": 20, "0.69": 14, "0.79": 2, "0.59": 5, "0.2": 68, "0.7": 11, "0.66": 26, "0.76": 1, "0.56": 14, "0.71": 5, "0.51": 22, "0.57": 12, "0.37": 34, "0.55": 19, "0.81": 1, "0.77": 1, "0.75": 7, "0.72": 4}
{"0.06": 61, "0.35": 28, "0.11": 50, "0.3": 44, "0.64": 10, "0.41": 27, "0.68": 17, "0.43": 27, "0.1": 58, "0.18": 62, "0.04": 59, "0.33": 37, "0.58": 12, "0.14": 58, "0.09": 64, "0.24": 46, "0.45": 32, "0.23": 29, "0.52": 19, "0.25": 43, "0.07": 58, "0.27": 49, "0.36": 34, "0.19": 58, "0.49": 22, "0.42": 39, "0.15": 58, "0.29": 42, "0.05": 56, "0.16": 50, "0.39": 39, "0.17": 63, "0.61": 9, "0.4": 30, "0.44": 28, "0.08": 42, "0.67": 18, "0.48": 28, "0.53": 27, "0.02": 46, "0.47": 23, "0.03": 57, "0.12": 55, "0.6": 13, "0.65": 8, "0.38": 32, "0.63": 10, "0.74": 3, "0.54": 15, "0.01": 44, "0.31": 42, "0.13": 63, "0.34": 40, "0.46": 27, "0.0": 290, "0.28": 49, "0.22": 50, "0.26": 55, "0.32": 42, "0.21": 44, "0.73": 2, "0.62": 13, "0.5": 15, "0.69": 10, "0.79": 2, "0.59": 4, "0.2": 51, "0.7": 8, "0.66": 20, "0.76": 1, "0.56": 10, "0.71": 4, "0.51": 16, "0.57": 9, "0.37": 26, "0.55": 14, "0.81": 1, "0.77": 1, "0.75": 5, "0.72": 3}
                t_label  ... avg2
indexes                  ...     
2924         equivalent  ...  1.4
3512     not_equivalent  ...  1.5
2906         equivalent  ...  1.6
398          equivalent  ...  1.9
595          equivalent  ...  2.0
...                 ...  ...  ...
3358         equivalent  ...  1.8
2151         equivalent  ...  1.8
2648     not_equivalent  ...  1.7
2745         equivalent  ...  1.8
3253     not_equivalent  ...  1.8

[2756 rows x 56 columns]
2751
{"0.81": 1, "0.79": 2, "0.77": 1, "0.76": 1, "0.75": 7, "0.74": 4, "0.73": 2, "0.72": 4, "0.71": 5, "0.7": 11, "0.69": 14, "0.68": 23, "0.67": 24, "0.66": 26, "0.65": 10, "0.64": 13, "0.63": 14, "0.62": 17, "0.61": 12, "0.6": 17, "0.59": 5, "0.58": 16, "0.57": 12, "0.56": 14, "0.55": 19, "0.54": 20, "0.53": 36, "0.52": 25, "0.51": 22, "0.5": 20, "0.49": 30, "0.48": 37, "0.47": 31, "0.46": 36, "0.45": 42, "0.44": 37, "0.43": 36, "0.42": 52, "0.41": 36, "0.4": 40, "0.39": 52, "0.38": 42, "0.37": 34, "0.36": 46, "0.35": 38, "0.34": 53, "0.33": 49, "0.32": 56, "0.31": 56, "0.3": 58, "0.29": 56, "0.28": 65, "0.27": 65, "0.26": 73, "0.25": 57, "0.24": 61, "0.23": 39, "0.22": 67, "0.21": 59, "0.2": 68, "0.19": 77, "0.18": 83, "0.17": 84, "0.16": 66, "0.15": 78, "0.14": 77, "0.13": 84, "0.12": 73, "0.11": 67, "0.1": 77, "0.09": 85, "0.08": 56, "0.07": 78, "0.06": 81, "0.05": 74, "0.04": 79, "0.03": 76, "0.02": 61, "0.01": 58, "0.0": 386}
{"0.81": 1, "0.79": 2, "0.77": 1, "0.76": 1, "0.75": 7, "0.74": 4, "0.73": 2, "0.72": 4, "0.71": 5, "0.7": 11, "0.69": 14, "0.68": 23, "0.67": 24, "0.66": 26, "0.65": 10, "0.64": 13, "0.63": 14, "0.62": 17, "0.61": 12, "0.6": 17, "0.59": 5, "0.58": 16, "0.57": 12, "0.56": 14, "0.55": 19, "0.54": 20, "0.53": 36, "0.52": 25, "0.51": 22, "0.5": 20, "0.49": 30, "0.48": 37, "0.47": 31, "0.46": 36, "0.45": 42, "0.44": 37, "0.43": 36, "0.42": 52, "0.41": 36, "0.4": 40, "0.39": 52, "0.38": 42, "0.37": 34, "0.36": 46, "0.35": 38, "0.34": 53, "0.33": 49, "0.32": 56, "0.31": 56, "0.3": 58, "0.29": 56, "0.28": 65, "0.27": 65, "0.26": 73, "0.25": 57, "0.24": 61, "0.23": 39, "0.22": 67, "0.21": 59, "0.2": 68, "0.19": 77, "0.18": 83, "0.17": 84, "0.16": 66, "0.15": 78, "0.14": 77, "0.13": 84, "0.12": 73, "0.11": 67, "0.1": 77, "0.09": 85, "0.08": 32}
2751
2751
{"0.0": 386, "0.01": 58, "0.02": 61, "0.03": 76, "0.04": 79, "0.05": 74, "0.06": 81, "0.07": 78, "0.08": 56, "0.09": 85, "0.1": 77, "0.11": 67, "0.12": 73, "0.13": 84, "0.14": 77, "0.15": 78, "0.16": 66, "0.17": 84, "0.18": 83, "0.19": 77, "0.2": 68, "0.21": 59, "0.22": 67, "0.23": 39, "0.24": 61, "0.25": 57, "0.26": 73, "0.27": 65, "0.28": 65, "0.29": 56, "0.3": 58, "0.31": 56, "0.32": 56, "0.33": 49, "0.34": 53, "0.35": 38, "0.36": 46, "0.37": 34, "0.38": 42, "0.39": 52, "0.4": 40, "0.41": 36, "0.42": 52, "0.43": 36, "0.44": 37, "0.45": 42, "0.46": 36, "0.47": 31, "0.48": 37, "0.49": 30, "0.5": 20, "0.51": 22, "0.52": 25, "0.53": 36, "0.54": 20, "0.55": 19, "0.56": 14, "0.57": 12, "0.58": 16, "0.59": 5, "0.6": 17, "0.61": 12, "0.62": 17, "0.63": 14, "0.64": 13, "0.65": 10, "0.66": 26, "0.67": 24, "0.68": 23, "0.69": 14, "0.7": 11, "0.71": 5, "0.72": 4, "0.73": 2, "0.74": 4, "0.75": 7, "0.76": 1, "0.77": 1, "0.79": 2, "0.81": 1}
{"0.0": 386, "0.01": 58, "0.02": 61, "0.03": 76, "0.04": 79, "0.05": 74, "0.06": 81, "0.07": 78, "0.08": 56, "0.09": 85, "0.1": 77, "0.11": 67, "0.12": 73, "0.13": 84, "0.14": 77, "0.15": 78, "0.16": 66, "0.17": 84, "0.18": 83, "0.19": 77, "0.2": 68, "0.21": 59, "0.22": 67, "0.23": 39, "0.24": 61, "0.25": 57, "0.26": 73, "0.27": 65, "0.28": 65, "0.29": 56, "0.3": 58, "0.31": 56, "0.32": 56, "0.33": 49, "0.34": 53, "0.35": 38, "0.36": 31}
2751
0.5
{"0.06": 81, "0.35": 38, "0.11": 67, "0.3": 58, "0.64": 13, "0.41": 36, "0.68": 23, "0.43": 36, "0.1": 77, "0.18": 83, "0.04": 79, "0.33": 49, "0.58": 16, "0.14": 77, "0.09": 85, "0.24": 61, "0.45": 42, "0.23": 39, "0.52": 25, "0.25": 57, "0.07": 78, "0.27": 65, "0.36": 46, "0.19": 77, "0.49": 30, "0.42": 52, "0.15": 78, "0.29": 56, "0.05": 74, "0.16": 66, "0.39": 52, "0.17": 84, "0.61": 12, "0.4": 40, "0.44": 37, "0.08": 56, "0.67": 24, "0.48": 37, "0.53": 36, "0.02": 61, "0.47": 31, "0.03": 76, "0.12": 73, "0.6": 17, "0.65": 10, "0.38": 42, "0.63": 14, "0.74": 4, "0.54": 20, "0.01": 58, "0.31": 56, "0.13": 84, "0.34": 53, "0.46": 36, "0.0": 386, "0.28": 65, "0.22": 67, "0.26": 73, "0.32": 56, "0.21": 59, "0.73": 2, "0.62": 17, "0.5": 20, "0.69": 14, "0.79": 2, "0.59": 5, "0.2": 68, "0.7": 11, "0.66": 26, "0.76": 1, "0.56": 14, "0.71": 5, "0.51": 22, "0.57": 12, "0.37": 34, "0.55": 19, "0.81": 1, "0.77": 1, "0.75": 7, "0.72": 4}
{"0.06": 40, "0.35": 19, "0.11": 34, "0.3": 29, "0.64": 6, "0.41": 18, "0.68": 12, "0.43": 18, "0.1": 38, "0.18": 42, "0.04": 40, "0.33": 24, "0.58": 8, "0.14": 38, "0.09": 42, "0.24": 30, "0.45": 21, "0.23": 20, "0.52": 12, "0.25": 28, "0.07": 39, "0.27": 32, "0.36": 23, "0.19": 38, "0.49": 15, "0.42": 26, "0.15": 39, "0.29": 28, "0.05": 37, "0.16": 33, "0.39": 26, "0.17": 42, "0.61": 6, "0.4": 20, "0.44": 18, "0.08": 28, "0.67": 12, "0.48": 18, "0.53": 18, "0.02": 30, "0.47": 16, "0.03": 38, "0.12": 36, "0.6": 8, "0.65": 5, "0.38": 21, "0.63": 7, "0.74": 2, "0.54": 10, "0.01": 29, "0.31": 28, "0.13": 42, "0.34": 26, "0.46": 18, "0.0": 193, "0.28": 32, "0.22": 34, "0.26": 36, "0.32": 28, "0.21": 30, "0.73": 1, "0.62": 8, "0.5": 10, "0.69": 7, "0.79": 1, "0.59": 2, "0.2": 34, "0.7": 6, "0.66": 13, "0.76": 0, "0.56": 7, "0.71": 2, "0.51": 11, "0.57": 6, "0.37": 17, "0.55": 10, "0.81": 0, "0.77": 0, "0.75": 4, "0.72": 2}
                t_label  ... avg2
indexes                  ...     
75           equivalent  ...  1.3
802          equivalent  ...  1.6
460          equivalent  ...  1.9
739          equivalent  ...  1.7
3164         equivalent  ...  1.4
...                 ...  ...  ...
2216     not_equivalent  ...  1.7
2852         equivalent  ...  1.8
2319         equivalent  ...  1.8
2745         equivalent  ...  1.8
2648     not_equivalent  ...  1.7

[1827 rows x 56 columns]
1834
{"0.81": 1, "0.79": 2, "0.77": 1, "0.76": 1, "0.75": 7, "0.74": 4, "0.73": 2, "0.72": 4, "0.71": 5, "0.7": 11, "0.69": 14, "0.68": 23, "0.67": 24, "0.66": 26, "0.65": 10, "0.64": 13, "0.63": 14, "0.62": 17, "0.61": 12, "0.6": 17, "0.59": 5, "0.58": 16, "0.57": 12, "0.56": 14, "0.55": 19, "0.54": 20, "0.53": 36, "0.52": 25, "0.51": 22, "0.5": 20, "0.49": 30, "0.48": 37, "0.47": 31, "0.46": 36, "0.45": 42, "0.44": 37, "0.43": 36, "0.42": 52, "0.41": 36, "0.4": 40, "0.39": 52, "0.38": 42, "0.37": 34, "0.36": 46, "0.35": 38, "0.34": 53, "0.33": 49, "0.32": 56, "0.31": 56, "0.3": 58, "0.29": 56, "0.28": 65, "0.27": 65, "0.26": 73, "0.25": 57, "0.24": 61, "0.23": 39, "0.22": 67, "0.21": 59, "0.2": 68, "0.19": 77, "0.18": 83, "0.17": 84, "0.16": 66, "0.15": 78, "0.14": 77, "0.13": 84, "0.12": 73, "0.11": 67, "0.1": 77, "0.09": 85, "0.08": 56, "0.07": 78, "0.06": 81, "0.05": 74, "0.04": 79, "0.03": 76, "0.02": 61, "0.01": 58, "0.0": 386}
{"0.81": 1, "0.79": 2, "0.77": 1, "0.76": 1, "0.75": 7, "0.74": 4, "0.73": 2, "0.72": 4, "0.71": 5, "0.7": 11, "0.69": 14, "0.68": 23, "0.67": 24, "0.66": 26, "0.65": 10, "0.64": 13, "0.63": 14, "0.62": 17, "0.61": 12, "0.6": 17, "0.59": 5, "0.58": 16, "0.57": 12, "0.56": 14, "0.55": 19, "0.54": 20, "0.53": 36, "0.52": 25, "0.51": 22, "0.5": 20, "0.49": 30, "0.48": 37, "0.47": 31, "0.46": 36, "0.45": 42, "0.44": 37, "0.43": 36, "0.42": 52, "0.41": 36, "0.4": 40, "0.39": 52, "0.38": 42, "0.37": 34, "0.36": 46, "0.35": 38, "0.34": 53, "0.33": 49, "0.32": 56, "0.31": 56, "0.3": 58, "0.29": 56, "0.28": 65, "0.27": 65, "0.26": 73, "0.25": 57, "0.24": 61, "0.23": 39, "0.22": 67, "0.21": 59, "0.2": 34}
1834
1834
{"0.0": 386, "0.01": 58, "0.02": 61, "0.03": 76, "0.04": 79, "0.05": 74, "0.06": 81, "0.07": 78, "0.08": 56, "0.09": 85, "0.1": 77, "0.11": 67, "0.12": 73, "0.13": 84, "0.14": 77, "0.15": 78, "0.16": 66, "0.17": 84, "0.18": 83, "0.19": 77, "0.2": 68, "0.21": 59, "0.22": 67, "0.23": 39, "0.24": 61, "0.25": 57, "0.26": 73, "0.27": 65, "0.28": 65, "0.29": 56, "0.3": 58, "0.31": 56, "0.32": 56, "0.33": 49, "0.34": 53, "0.35": 38, "0.36": 46, "0.37": 34, "0.38": 42, "0.39": 52, "0.4": 40, "0.41": 36, "0.42": 52, "0.43": 36, "0.44": 37, "0.45": 42, "0.46": 36, "0.47": 31, "0.48": 37, "0.49": 30, "0.5": 20, "0.51": 22, "0.52": 25, "0.53": 36, "0.54": 20, "0.55": 19, "0.56": 14, "0.57": 12, "0.58": 16, "0.59": 5, "0.6": 17, "0.61": 12, "0.62": 17, "0.63": 14, "0.64": 13, "0.65": 10, "0.66": 26, "0.67": 24, "0.68": 23, "0.69": 14, "0.7": 11, "0.71": 5, "0.72": 4, "0.73": 2, "0.74": 4, "0.75": 7, "0.76": 1, "0.77": 1, "0.79": 2, "0.81": 1}
{"0.0": 386, "0.01": 58, "0.02": 61, "0.03": 76, "0.04": 79, "0.05": 74, "0.06": 81, "0.07": 78, "0.08": 56, "0.09": 85, "0.1": 77, "0.11": 67, "0.12": 73, "0.13": 84, "0.14": 77, "0.15": 78, "0.16": 66, "0.17": 84, "0.18": 83, "0.19": 77, "0.2": 34}
1834
0.4
{"0.06": 81, "0.35": 38, "0.11": 67, "0.3": 58, "0.64": 13, "0.41": 36, "0.68": 23, "0.43": 36, "0.1": 77, "0.18": 83, "0.04": 79, "0.33": 49, "0.58": 16, "0.14": 77, "0.09": 85, "0.24": 61, "0.45": 42, "0.23": 39, "0.52": 25, "0.25": 57, "0.07": 78, "0.27": 65, "0.36": 46, "0.19": 77, "0.49": 30, "0.42": 52, "0.15": 78, "0.29": 56, "0.05": 74, "0.16": 66, "0.39": 52, "0.17": 84, "0.61": 12, "0.4": 40, "0.44": 37, "0.08": 56, "0.67": 24, "0.48": 37, "0.53": 36, "0.02": 61, "0.47": 31, "0.03": 76, "0.12": 73, "0.6": 17, "0.65": 10, "0.38": 42, "0.63": 14, "0.74": 4, "0.54": 20, "0.01": 58, "0.31": 56, "0.13": 84, "0.34": 53, "0.46": 36, "0.0": 386, "0.28": 65, "0.22": 67, "0.26": 73, "0.32": 56, "0.21": 59, "0.73": 2, "0.62": 17, "0.5": 20, "0.69": 14, "0.79": 2, "0.59": 5, "0.2": 68, "0.7": 11, "0.66": 26, "0.76": 1, "0.56": 14, "0.71": 5, "0.51": 22, "0.57": 12, "0.37": 34, "0.55": 19, "0.81": 1, "0.77": 1, "0.75": 7, "0.72": 4}
{"0.06": 32, "0.35": 15, "0.11": 27, "0.3": 23, "0.64": 5, "0.41": 14, "0.68": 9, "0.43": 14, "0.1": 31, "0.18": 33, "0.04": 32, "0.33": 20, "0.58": 6, "0.14": 31, "0.09": 34, "0.24": 24, "0.45": 17, "0.23": 16, "0.52": 10, "0.25": 23, "0.07": 31, "0.27": 26, "0.36": 18, "0.19": 31, "0.49": 12, "0.42": 21, "0.15": 31, "0.29": 22, "0.05": 30, "0.16": 26, "0.39": 21, "0.17": 34, "0.61": 5, "0.4": 16, "0.44": 15, "0.08": 22, "0.67": 10, "0.48": 15, "0.53": 14, "0.02": 24, "0.47": 12, "0.03": 30, "0.12": 29, "0.6": 7, "0.65": 4, "0.38": 17, "0.63": 6, "0.74": 2, "0.54": 8, "0.01": 23, "0.31": 22, "0.13": 34, "0.34": 21, "0.46": 14, "0.0": 154, "0.28": 26, "0.22": 27, "0.26": 29, "0.32": 22, "0.21": 24, "0.73": 1, "0.62": 7, "0.5": 8, "0.69": 6, "0.79": 1, "0.59": 2, "0.2": 27, "0.7": 4, "0.66": 10, "0.76": 0, "0.56": 6, "0.71": 2, "0.51": 9, "0.57": 5, "0.37": 14, "0.55": 8, "0.81": 0, "0.77": 0, "0.75": 3, "0.72": 2}
                t_label  ... avg2
indexes                  ...     
739          equivalent  ...  1.7
1986         equivalent  ...  1.5
1547     not_equivalent  ...  1.4
595          equivalent  ...  2.0
648      not_equivalent  ...  1.7
...                 ...  ...  ...
2216     not_equivalent  ...  1.7
2852         equivalent  ...  1.8
3361         equivalent  ...  1.9
3212     not_equivalent  ...  1.8
3253     not_equivalent  ...  1.8

[1466 rows x 56 columns]
1467
{"0.81": 1, "0.79": 2, "0.77": 1, "0.76": 1, "0.75": 7, "0.74": 4, "0.73": 2, "0.72": 4, "0.71": 5, "0.7": 11, "0.69": 14, "0.68": 23, "0.67": 24, "0.66": 26, "0.65": 10, "0.64": 13, "0.63": 14, "0.62": 17, "0.61": 12, "0.6": 17, "0.59": 5, "0.58": 16, "0.57": 12, "0.56": 14, "0.55": 19, "0.54": 20, "0.53": 36, "0.52": 25, "0.51": 22, "0.5": 20, "0.49": 30, "0.48": 37, "0.47": 31, "0.46": 36, "0.45": 42, "0.44": 37, "0.43": 36, "0.42": 52, "0.41": 36, "0.4": 40, "0.39": 52, "0.38": 42, "0.37": 34, "0.36": 46, "0.35": 38, "0.34": 53, "0.33": 49, "0.32": 56, "0.31": 56, "0.3": 58, "0.29": 56, "0.28": 65, "0.27": 65, "0.26": 73, "0.25": 57, "0.24": 61, "0.23": 39, "0.22": 67, "0.21": 59, "0.2": 68, "0.19": 77, "0.18": 83, "0.17": 84, "0.16": 66, "0.15": 78, "0.14": 77, "0.13": 84, "0.12": 73, "0.11": 67, "0.1": 77, "0.09": 85, "0.08": 56, "0.07": 78, "0.06": 81, "0.05": 74, "0.04": 79, "0.03": 76, "0.02": 61, "0.01": 58, "0.0": 386}
{"0.81": 1, "0.79": 2, "0.77": 1, "0.76": 1, "0.75": 7, "0.74": 4, "0.73": 2, "0.72": 4, "0.71": 5, "0.7": 11, "0.69": 14, "0.68": 23, "0.67": 24, "0.66": 26, "0.65": 10, "0.64": 13, "0.63": 14, "0.62": 17, "0.61": 12, "0.6": 17, "0.59": 5, "0.58": 16, "0.57": 12, "0.56": 14, "0.55": 19, "0.54": 20, "0.53": 36, "0.52": 25, "0.51": 22, "0.5": 20, "0.49": 30, "0.48": 37, "0.47": 31, "0.46": 36, "0.45": 42, "0.44": 37, "0.43": 36, "0.42": 52, "0.41": 36, "0.4": 40, "0.39": 52, "0.38": 42, "0.37": 34, "0.36": 46, "0.35": 38, "0.34": 53, "0.33": 49, "0.32": 56, "0.31": 56, "0.3": 58, "0.29": 56, "0.28": 65, "0.27": 65, "0.26": 23}
1467
1467
{"0.0": 386, "0.01": 58, "0.02": 61, "0.03": 76, "0.04": 79, "0.05": 74, "0.06": 81, "0.07": 78, "0.08": 56, "0.09": 85, "0.1": 77, "0.11": 67, "0.12": 73, "0.13": 84, "0.14": 77, "0.15": 78, "0.16": 66, "0.17": 84, "0.18": 83, "0.19": 77, "0.2": 68, "0.21": 59, "0.22": 67, "0.23": 39, "0.24": 61, "0.25": 57, "0.26": 73, "0.27": 65, "0.28": 65, "0.29": 56, "0.3": 58, "0.31": 56, "0.32": 56, "0.33": 49, "0.34": 53, "0.35": 38, "0.36": 46, "0.37": 34, "0.38": 42, "0.39": 52, "0.4": 40, "0.41": 36, "0.42": 52, "0.43": 36, "0.44": 37, "0.45": 42, "0.46": 36, "0.47": 31, "0.48": 37, "0.49": 30, "0.5": 20, "0.51": 22, "0.52": 25, "0.53": 36, "0.54": 20, "0.55": 19, "0.56": 14, "0.57": 12, "0.58": 16, "0.59": 5, "0.6": 17, "0.61": 12, "0.62": 17, "0.63": 14, "0.64": 13, "0.65": 10, "0.66": 26, "0.67": 24, "0.68": 23, "0.69": 14, "0.7": 11, "0.71": 5, "0.72": 4, "0.73": 2, "0.74": 4, "0.75": 7, "0.76": 1, "0.77": 1, "0.79": 2, "0.81": 1}
{"0.0": 386, "0.01": 58, "0.02": 61, "0.03": 76, "0.04": 79, "0.05": 74, "0.06": 81, "0.07": 78, "0.08": 56, "0.09": 85, "0.1": 77, "0.11": 67, "0.12": 73, "0.13": 84, "0.14": 77, "0.15": 55}
1467
0.3
{"0.06": 81, "0.35": 38, "0.11": 67, "0.3": 58, "0.64": 13, "0.41": 36, "0.68": 23, "0.43": 36, "0.1": 77, "0.18": 83, "0.04": 79, "0.33": 49, "0.58": 16, "0.14": 77, "0.09": 85, "0.24": 61, "0.45": 42, "0.23": 39, "0.52": 25, "0.25": 57, "0.07": 78, "0.27": 65, "0.36": 46, "0.19": 77, "0.49": 30, "0.42": 52, "0.15": 78, "0.29": 56, "0.05": 74, "0.16": 66, "0.39": 52, "0.17": 84, "0.61": 12, "0.4": 40, "0.44": 37, "0.08": 56, "0.67": 24, "0.48": 37, "0.53": 36, "0.02": 61, "0.47": 31, "0.03": 76, "0.12": 73, "0.6": 17, "0.65": 10, "0.38": 42, "0.63": 14, "0.74": 4, "0.54": 20, "0.01": 58, "0.31": 56, "0.13": 84, "0.34": 53, "0.46": 36, "0.0": 386, "0.28": 65, "0.22": 67, "0.26": 73, "0.32": 56, "0.21": 59, "0.73": 2, "0.62": 17, "0.5": 20, "0.69": 14, "0.79": 2, "0.59": 5, "0.2": 68, "0.7": 11, "0.66": 26, "0.76": 1, "0.56": 14, "0.71": 5, "0.51": 22, "0.57": 12, "0.37": 34, "0.55": 19, "0.81": 1, "0.77": 1, "0.75": 7, "0.72": 4}
{"0.06": 24, "0.35": 11, "0.11": 20, "0.3": 17, "0.64": 4, "0.41": 11, "0.68": 7, "0.43": 11, "0.1": 23, "0.18": 25, "0.04": 24, "0.33": 15, "0.58": 5, "0.14": 23, "0.09": 26, "0.24": 18, "0.45": 13, "0.23": 12, "0.52": 8, "0.25": 17, "0.07": 23, "0.27": 20, "0.36": 14, "0.19": 23, "0.49": 9, "0.42": 16, "0.15": 23, "0.29": 17, "0.05": 22, "0.16": 20, "0.39": 16, "0.17": 25, "0.61": 4, "0.4": 12, "0.44": 11, "0.08": 17, "0.67": 7, "0.48": 11, "0.53": 11, "0.02": 18, "0.47": 9, "0.03": 23, "0.12": 22, "0.6": 5, "0.65": 3, "0.38": 13, "0.63": 4, "0.74": 1, "0.54": 6, "0.01": 17, "0.31": 17, "0.13": 25, "0.34": 16, "0.46": 11, "0.0": 116, "0.28": 20, "0.22": 20, "0.26": 22, "0.32": 17, "0.21": 18, "0.73": 1, "0.62": 5, "0.5": 6, "0.69": 4, "0.79": 1, "0.59": 2, "0.2": 20, "0.7": 3, "0.66": 8, "0.76": 0, "0.56": 4, "0.71": 2, "0.51": 7, "0.57": 4, "0.37": 10, "0.55": 6, "0.81": 0, "0.77": 0, "0.75": 2, "0.72": 1}
                t_label  ... avg2
indexes                  ...     
3342         equivalent  ...  1.3
795          equivalent  ...  1.4
2899     not_equivalent  ...  1.6
316      not_equivalent  ...  1.5
1547     not_equivalent  ...  1.4
...                 ...  ...  ...
3071     not_equivalent  ...  1.8
1068     not_equivalent  ...  1.8
3358         equivalent  ...  1.8
3625     not_equivalent  ...  1.7
2745         equivalent  ...  1.8

[1104 rows x 56 columns]
1100
{"0.81": 1, "0.79": 2, "0.77": 1, "0.76": 1, "0.75": 7, "0.74": 4, "0.73": 2, "0.72": 4, "0.71": 5, "0.7": 11, "0.69": 14, "0.68": 23, "0.67": 24, "0.66": 26, "0.65": 10, "0.64": 13, "0.63": 14, "0.62": 17, "0.61": 12, "0.6": 17, "0.59": 5, "0.58": 16, "0.57": 12, "0.56": 14, "0.55": 19, "0.54": 20, "0.53": 36, "0.52": 25, "0.51": 22, "0.5": 20, "0.49": 30, "0.48": 37, "0.47": 31, "0.46": 36, "0.45": 42, "0.44": 37, "0.43": 36, "0.42": 52, "0.41": 36, "0.4": 40, "0.39": 52, "0.38": 42, "0.37": 34, "0.36": 46, "0.35": 38, "0.34": 53, "0.33": 49, "0.32": 56, "0.31": 56, "0.3": 58, "0.29": 56, "0.28": 65, "0.27": 65, "0.26": 73, "0.25": 57, "0.24": 61, "0.23": 39, "0.22": 67, "0.21": 59, "0.2": 68, "0.19": 77, "0.18": 83, "0.17": 84, "0.16": 66, "0.15": 78, "0.14": 77, "0.13": 84, "0.12": 73, "0.11": 67, "0.1": 77, "0.09": 85, "0.08": 56, "0.07": 78, "0.06": 81, "0.05": 74, "0.04": 79, "0.03": 76, "0.02": 61, "0.01": 58, "0.0": 386}
{"0.81": 1, "0.79": 2, "0.77": 1, "0.76": 1, "0.75": 7, "0.74": 4, "0.73": 2, "0.72": 4, "0.71": 5, "0.7": 11, "0.69": 14, "0.68": 23, "0.67": 24, "0.66": 26, "0.65": 10, "0.64": 13, "0.63": 14, "0.62": 17, "0.61": 12, "0.6": 17, "0.59": 5, "0.58": 16, "0.57": 12, "0.56": 14, "0.55": 19, "0.54": 20, "0.53": 36, "0.52": 25, "0.51": 22, "0.5": 20, "0.49": 30, "0.48": 37, "0.47": 31, "0.46": 36, "0.45": 42, "0.44": 37, "0.43": 36, "0.42": 52, "0.41": 36, "0.4": 40, "0.39": 52, "0.38": 42, "0.37": 34, "0.36": 46, "0.35": 38, "0.34": 53, "0.33": 49, "0.32": 12}
1100
1100
{"0.0": 386, "0.01": 58, "0.02": 61, "0.03": 76, "0.04": 79, "0.05": 74, "0.06": 81, "0.07": 78, "0.08": 56, "0.09": 85, "0.1": 77, "0.11": 67, "0.12": 73, "0.13": 84, "0.14": 77, "0.15": 78, "0.16": 66, "0.17": 84, "0.18": 83, "0.19": 77, "0.2": 68, "0.21": 59, "0.22": 67, "0.23": 39, "0.24": 61, "0.25": 57, "0.26": 73, "0.27": 65, "0.28": 65, "0.29": 56, "0.3": 58, "0.31": 56, "0.32": 56, "0.33": 49, "0.34": 53, "0.35": 38, "0.36": 46, "0.37": 34, "0.38": 42, "0.39": 52, "0.4": 40, "0.41": 36, "0.42": 52, "0.43": 36, "0.44": 37, "0.45": 42, "0.46": 36, "0.47": 31, "0.48": 37, "0.49": 30, "0.5": 20, "0.51": 22, "0.52": 25, "0.53": 36, "0.54": 20, "0.55": 19, "0.56": 14, "0.57": 12, "0.58": 16, "0.59": 5, "0.6": 17, "0.61": 12, "0.62": 17, "0.63": 14, "0.64": 13, "0.65": 10, "0.66": 26, "0.67": 24, "0.68": 23, "0.69": 14, "0.7": 11, "0.71": 5, "0.72": 4, "0.73": 2, "0.74": 4, "0.75": 7, "0.76": 1, "0.77": 1, "0.79": 2, "0.81": 1}
{"0.0": 386, "0.01": 58, "0.02": 61, "0.03": 76, "0.04": 79, "0.05": 74, "0.06": 81, "0.07": 78, "0.08": 56, "0.09": 85, "0.1": 66}
1100
0.25
{"0.06": 81, "0.35": 38, "0.11": 67, "0.3": 58, "0.64": 13, "0.41": 36, "0.68": 23, "0.43": 36, "0.1": 77, "0.18": 83, "0.04": 79, "0.33": 49, "0.58": 16, "0.14": 77, "0.09": 85, "0.24": 61, "0.45": 42, "0.23": 39, "0.52": 25, "0.25": 57, "0.07": 78, "0.27": 65, "0.36": 46, "0.19": 77, "0.49": 30, "0.42": 52, "0.15": 78, "0.29": 56, "0.05": 74, "0.16": 66, "0.39": 52, "0.17": 84, "0.61": 12, "0.4": 40, "0.44": 37, "0.08": 56, "0.67": 24, "0.48": 37, "0.53": 36, "0.02": 61, "0.47": 31, "0.03": 76, "0.12": 73, "0.6": 17, "0.65": 10, "0.38": 42, "0.63": 14, "0.74": 4, "0.54": 20, "0.01": 58, "0.31": 56, "0.13": 84, "0.34": 53, "0.46": 36, "0.0": 386, "0.28": 65, "0.22": 67, "0.26": 73, "0.32": 56, "0.21": 59, "0.73": 2, "0.62": 17, "0.5": 20, "0.69": 14, "0.79": 2, "0.59": 5, "0.2": 68, "0.7": 11, "0.66": 26, "0.76": 1, "0.56": 14, "0.71": 5, "0.51": 22, "0.57": 12, "0.37": 34, "0.55": 19, "0.81": 1, "0.77": 1, "0.75": 7, "0.72": 4}
{"0.06": 20, "0.35": 10, "0.11": 17, "0.3": 14, "0.64": 3, "0.41": 9, "0.68": 6, "0.43": 9, "0.1": 19, "0.18": 21, "0.04": 20, "0.33": 12, "0.58": 4, "0.14": 19, "0.09": 21, "0.24": 15, "0.45": 10, "0.23": 10, "0.52": 6, "0.25": 14, "0.07": 20, "0.27": 16, "0.36": 12, "0.19": 19, "0.49": 8, "0.42": 13, "0.15": 20, "0.29": 14, "0.05": 18, "0.16": 16, "0.39": 13, "0.17": 21, "0.61": 3, "0.4": 10, "0.44": 9, "0.08": 14, "0.67": 6, "0.48": 9, "0.53": 9, "0.02": 15, "0.47": 8, "0.03": 19, "0.12": 18, "0.6": 4, "0.65": 2, "0.38": 10, "0.63": 4, "0.74": 1, "0.54": 5, "0.01": 14, "0.31": 14, "0.13": 21, "0.34": 13, "0.46": 9, "0.0": 96, "0.28": 16, "0.22": 17, "0.26": 18, "0.32": 14, "0.21": 15, "0.73": 0, "0.62": 4, "0.5": 5, "0.69": 4, "0.79": 0, "0.59": 1, "0.2": 17, "0.7": 3, "0.66": 6, "0.76": 0, "0.56": 4, "0.71": 1, "0.51": 6, "0.57": 3, "0.37": 8, "0.55": 5, "0.81": 0, "0.77": 0, "0.75": 2, "0.72": 1}
                t_label  ... avg2
indexes                  ...     
1844     not_equivalent  ...  1.8
909      not_equivalent  ...  1.2
243          equivalent  ...  1.5
1047     not_equivalent  ...  1.5
1953         equivalent  ...  1.5
...                 ...  ...  ...
1426         equivalent  ...  1.8
3108         equivalent  ...  2.0
2151         equivalent  ...  1.8
2319         equivalent  ...  1.8
3253     not_equivalent  ...  1.8

[912 rows x 56 columns]
917
{"0.81": 1, "0.79": 2, "0.77": 1, "0.76": 1, "0.75": 7, "0.74": 4, "0.73": 2, "0.72": 4, "0.71": 5, "0.7": 11, "0.69": 14, "0.68": 23, "0.67": 24, "0.66": 26, "0.65": 10, "0.64": 13, "0.63": 14, "0.62": 17, "0.61": 12, "0.6": 17, "0.59": 5, "0.58": 16, "0.57": 12, "0.56": 14, "0.55": 19, "0.54": 20, "0.53": 36, "0.52": 25, "0.51": 22, "0.5": 20, "0.49": 30, "0.48": 37, "0.47": 31, "0.46": 36, "0.45": 42, "0.44": 37, "0.43": 36, "0.42": 52, "0.41": 36, "0.4": 40, "0.39": 52, "0.38": 42, "0.37": 34, "0.36": 46, "0.35": 38, "0.34": 53, "0.33": 49, "0.32": 56, "0.31": 56, "0.3": 58, "0.29": 56, "0.28": 65, "0.27": 65, "0.26": 73, "0.25": 57, "0.24": 61, "0.23": 39, "0.22": 67, "0.21": 59, "0.2": 68, "0.19": 77, "0.18": 83, "0.17": 84, "0.16": 66, "0.15": 78, "0.14": 77, "0.13": 84, "0.12": 73, "0.11": 67, "0.1": 77, "0.09": 85, "0.08": 56, "0.07": 78, "0.06": 81, "0.05": 74, "0.04": 79, "0.03": 76, "0.02": 61, "0.01": 58, "0.0": 386}
{"0.81": 1, "0.79": 2, "0.77": 1, "0.76": 1, "0.75": 7, "0.74": 4, "0.73": 2, "0.72": 4, "0.71": 5, "0.7": 11, "0.69": 14, "0.68": 23, "0.67": 24, "0.66": 26, "0.65": 10, "0.64": 13, "0.63": 14, "0.62": 17, "0.61": 12, "0.6": 17, "0.59": 5, "0.58": 16, "0.57": 12, "0.56": 14, "0.55": 19, "0.54": 20, "0.53": 36, "0.52": 25, "0.51": 22, "0.5": 20, "0.49": 30, "0.48": 37, "0.47": 31, "0.46": 36, "0.45": 42, "0.44": 37, "0.43": 36, "0.42": 52, "0.41": 36, "0.4": 40, "0.39": 52, "0.38": 42, "0.37": 34, "0.36": 15}
917
917
{"0.0": 386, "0.01": 58, "0.02": 61, "0.03": 76, "0.04": 79, "0.05": 74, "0.06": 81, "0.07": 78, "0.08": 56, "0.09": 85, "0.1": 77, "0.11": 67, "0.12": 73, "0.13": 84, "0.14": 77, "0.15": 78, "0.16": 66, "0.17": 84, "0.18": 83, "0.19": 77, "0.2": 68, "0.21": 59, "0.22": 67, "0.23": 39, "0.24": 61, "0.25": 57, "0.26": 73, "0.27": 65, "0.28": 65, "0.29": 56, "0.3": 58, "0.31": 56, "0.32": 56, "0.33": 49, "0.34": 53, "0.35": 38, "0.36": 46, "0.37": 34, "0.38": 42, "0.39": 52, "0.4": 40, "0.41": 36, "0.42": 52, "0.43": 36, "0.44": 37, "0.45": 42, "0.46": 36, "0.47": 31, "0.48": 37, "0.49": 30, "0.5": 20, "0.51": 22, "0.52": 25, "0.53": 36, "0.54": 20, "0.55": 19, "0.56": 14, "0.57": 12, "0.58": 16, "0.59": 5, "0.6": 17, "0.61": 12, "0.62": 17, "0.63": 14, "0.64": 13, "0.65": 10, "0.66": 26, "0.67": 24, "0.68": 23, "0.69": 14, "0.7": 11, "0.71": 5, "0.72": 4, "0.73": 2, "0.74": 4, "0.75": 7, "0.76": 1, "0.77": 1, "0.79": 2, "0.81": 1}
{"0.0": 386, "0.01": 58, "0.02": 61, "0.03": 76, "0.04": 79, "0.05": 74, "0.06": 81, "0.07": 78, "0.08": 24}
917
0.2
{"0.06": 81, "0.35": 38, "0.11": 67, "0.3": 58, "0.64": 13, "0.41": 36, "0.68": 23, "0.43": 36, "0.1": 77, "0.18": 83, "0.04": 79, "0.33": 49, "0.58": 16, "0.14": 77, "0.09": 85, "0.24": 61, "0.45": 42, "0.23": 39, "0.52": 25, "0.25": 57, "0.07": 78, "0.27": 65, "0.36": 46, "0.19": 77, "0.49": 30, "0.42": 52, "0.15": 78, "0.29": 56, "0.05": 74, "0.16": 66, "0.39": 52, "0.17": 84, "0.61": 12, "0.4": 40, "0.44": 37, "0.08": 56, "0.67": 24, "0.48": 37, "0.53": 36, "0.02": 61, "0.47": 31, "0.03": 76, "0.12": 73, "0.6": 17, "0.65": 10, "0.38": 42, "0.63": 14, "0.74": 4, "0.54": 20, "0.01": 58, "0.31": 56, "0.13": 84, "0.34": 53, "0.46": 36, "0.0": 386, "0.28": 65, "0.22": 67, "0.26": 73, "0.32": 56, "0.21": 59, "0.73": 2, "0.62": 17, "0.5": 20, "0.69": 14, "0.79": 2, "0.59": 5, "0.2": 68, "0.7": 11, "0.66": 26, "0.76": 1, "0.56": 14, "0.71": 5, "0.51": 22, "0.57": 12, "0.37": 34, "0.55": 19, "0.81": 1, "0.77": 1, "0.75": 7, "0.72": 4}
{"0.06": 16, "0.35": 8, "0.11": 13, "0.3": 12, "0.64": 3, "0.41": 7, "0.68": 5, "0.43": 7, "0.1": 15, "0.18": 17, "0.04": 16, "0.33": 10, "0.58": 3, "0.14": 15, "0.09": 17, "0.24": 12, "0.45": 8, "0.23": 8, "0.52": 5, "0.25": 11, "0.07": 16, "0.27": 13, "0.36": 9, "0.19": 15, "0.49": 6, "0.42": 10, "0.15": 16, "0.29": 11, "0.05": 15, "0.16": 13, "0.39": 10, "0.17": 17, "0.61": 2, "0.4": 8, "0.44": 7, "0.08": 11, "0.67": 5, "0.48": 7, "0.53": 7, "0.02": 12, "0.47": 6, "0.03": 15, "0.12": 15, "0.6": 3, "0.65": 2, "0.38": 8, "0.63": 3, "0.74": 1, "0.54": 4, "0.01": 12, "0.31": 11, "0.13": 17, "0.34": 11, "0.46": 7, "0.0": 77, "0.28": 13, "0.22": 13, "0.26": 15, "0.32": 11, "0.21": 12, "0.73": 0, "0.62": 3, "0.5": 4, "0.69": 3, "0.79": 0, "0.59": 1, "0.2": 14, "0.7": 2, "0.66": 5, "0.76": 0, "0.56": 3, "0.71": 1, "0.51": 4, "0.57": 2, "0.37": 7, "0.55": 4, "0.81": 0, "0.77": 0, "0.75": 1, "0.72": 1}
                t_label  ... avg2
indexes                  ...     
3626     not_equivalent  ...  1.3
3091     not_equivalent  ...  1.6
3573         equivalent  ...  1.6
1992         equivalent  ...  1.2
398          equivalent  ...  1.9
...                 ...  ...  ...
2938         equivalent  ...  1.8
1108         equivalent  ...  1.7
2374         equivalent  ...  1.7
2852         equivalent  ...  1.8
2745         equivalent  ...  1.8

[729 rows x 56 columns]
733
{"0.81": 1, "0.79": 2, "0.77": 1, "0.76": 1, "0.75": 7, "0.74": 4, "0.73": 2, "0.72": 4, "0.71": 5, "0.7": 11, "0.69": 14, "0.68": 23, "0.67": 24, "0.66": 26, "0.65": 10, "0.64": 13, "0.63": 14, "0.62": 17, "0.61": 12, "0.6": 17, "0.59": 5, "0.58": 16, "0.57": 12, "0.56": 14, "0.55": 19, "0.54": 20, "0.53": 36, "0.52": 25, "0.51": 22, "0.5": 20, "0.49": 30, "0.48": 37, "0.47": 31, "0.46": 36, "0.45": 42, "0.44": 37, "0.43": 36, "0.42": 52, "0.41": 36, "0.4": 40, "0.39": 52, "0.38": 42, "0.37": 34, "0.36": 46, "0.35": 38, "0.34": 53, "0.33": 49, "0.32": 56, "0.31": 56, "0.3": 58, "0.29": 56, "0.28": 65, "0.27": 65, "0.26": 73, "0.25": 57, "0.24": 61, "0.23": 39, "0.22": 67, "0.21": 59, "0.2": 68, "0.19": 77, "0.18": 83, "0.17": 84, "0.16": 66, "0.15": 78, "0.14": 77, "0.13": 84, "0.12": 73, "0.11": 67, "0.1": 77, "0.09": 85, "0.08": 56, "0.07": 78, "0.06": 81, "0.05": 74, "0.04": 79, "0.03": 76, "0.02": 61, "0.01": 58, "0.0": 386}
{"0.81": 1, "0.79": 2, "0.77": 1, "0.76": 1, "0.75": 7, "0.74": 4, "0.73": 2, "0.72": 4, "0.71": 5, "0.7": 11, "0.69": 14, "0.68": 23, "0.67": 24, "0.66": 26, "0.65": 10, "0.64": 13, "0.63": 14, "0.62": 17, "0.61": 12, "0.6": 17, "0.59": 5, "0.58": 16, "0.57": 12, "0.56": 14, "0.55": 19, "0.54": 20, "0.53": 36, "0.52": 25, "0.51": 22, "0.5": 20, "0.49": 30, "0.48": 37, "0.47": 31, "0.46": 36, "0.45": 42, "0.44": 37, "0.43": 36, "0.42": 52, "0.41": 35}
733
733
{"0.0": 386, "0.01": 58, "0.02": 61, "0.03": 76, "0.04": 79, "0.05": 74, "0.06": 81, "0.07": 78, "0.08": 56, "0.09": 85, "0.1": 77, "0.11": 67, "0.12": 73, "0.13": 84, "0.14": 77, "0.15": 78, "0.16": 66, "0.17": 84, "0.18": 83, "0.19": 77, "0.2": 68, "0.21": 59, "0.22": 67, "0.23": 39, "0.24": 61, "0.25": 57, "0.26": 73, "0.27": 65, "0.28": 65, "0.29": 56, "0.3": 58, "0.31": 56, "0.32": 56, "0.33": 49, "0.34": 53, "0.35": 38, "0.36": 46, "0.37": 34, "0.38": 42, "0.39": 52, "0.4": 40, "0.41": 36, "0.42": 52, "0.43": 36, "0.44": 37, "0.45": 42, "0.46": 36, "0.47": 31, "0.48": 37, "0.49": 30, "0.5": 20, "0.51": 22, "0.52": 25, "0.53": 36, "0.54": 20, "0.55": 19, "0.56": 14, "0.57": 12, "0.58": 16, "0.59": 5, "0.6": 17, "0.61": 12, "0.62": 17, "0.63": 14, "0.64": 13, "0.65": 10, "0.66": 26, "0.67": 24, "0.68": 23, "0.69": 14, "0.7": 11, "0.71": 5, "0.72": 4, "0.73": 2, "0.74": 4, "0.75": 7, "0.76": 1, "0.77": 1, "0.79": 2, "0.81": 1}
{"0.0": 386, "0.01": 58, "0.02": 61, "0.03": 76, "0.04": 79, "0.05": 73}
733
0.15
{"0.06": 81, "0.35": 38, "0.11": 67, "0.3": 58, "0.64": 13, "0.41": 36, "0.68": 23, "0.43": 36, "0.1": 77, "0.18": 83, "0.04": 79, "0.33": 49, "0.58": 16, "0.14": 77, "0.09": 85, "0.24": 61, "0.45": 42, "0.23": 39, "0.52": 25, "0.25": 57, "0.07": 78, "0.27": 65, "0.36": 46, "0.19": 77, "0.49": 30, "0.42": 52, "0.15": 78, "0.29": 56, "0.05": 74, "0.16": 66, "0.39": 52, "0.17": 84, "0.61": 12, "0.4": 40, "0.44": 37, "0.08": 56, "0.67": 24, "0.48": 37, "0.53": 36, "0.02": 61, "0.47": 31, "0.03": 76, "0.12": 73, "0.6": 17, "0.65": 10, "0.38": 42, "0.63": 14, "0.74": 4, "0.54": 20, "0.01": 58, "0.31": 56, "0.13": 84, "0.34": 53, "0.46": 36, "0.0": 386, "0.28": 65, "0.22": 67, "0.26": 73, "0.32": 56, "0.21": 59, "0.73": 2, "0.62": 17, "0.5": 20, "0.69": 14, "0.79": 2, "0.59": 5, "0.2": 68, "0.7": 11, "0.66": 26, "0.76": 1, "0.56": 14, "0.71": 5, "0.51": 22, "0.57": 12, "0.37": 34, "0.55": 19, "0.81": 1, "0.77": 1, "0.75": 7, "0.72": 4}
{"0.06": 12, "0.35": 6, "0.11": 10, "0.3": 9, "0.64": 2, "0.41": 5, "0.68": 3, "0.43": 5, "0.1": 12, "0.18": 12, "0.04": 12, "0.33": 7, "0.58": 2, "0.14": 12, "0.09": 13, "0.24": 9, "0.45": 6, "0.23": 6, "0.52": 4, "0.25": 9, "0.07": 12, "0.27": 10, "0.36": 7, "0.19": 12, "0.49": 4, "0.42": 8, "0.15": 12, "0.29": 8, "0.05": 11, "0.16": 10, "0.39": 8, "0.17": 13, "0.61": 2, "0.4": 6, "0.44": 6, "0.08": 8, "0.67": 4, "0.48": 6, "0.53": 5, "0.02": 9, "0.47": 5, "0.03": 11, "0.12": 11, "0.6": 3, "0.65": 2, "0.38": 6, "0.63": 2, "0.74": 1, "0.54": 3, "0.01": 9, "0.31": 8, "0.13": 13, "0.34": 8, "0.46": 5, "0.0": 58, "0.28": 10, "0.22": 10, "0.26": 11, "0.32": 8, "0.21": 9, "0.73": 0, "0.62": 3, "0.5": 3, "0.69": 2, "0.79": 0, "0.59": 1, "0.2": 10, "0.7": 2, "0.66": 4, "0.76": 0, "0.56": 2, "0.71": 1, "0.51": 3, "0.57": 2, "0.37": 5, "0.55": 3, "0.81": 0, "0.77": 0, "0.75": 1, "0.72": 1}
                t_label  ... avg2
indexes                  ...     
3577     not_equivalent  ...  1.6
1047     not_equivalent  ...  1.5
3512     not_equivalent  ...  1.5
2699         equivalent  ...  1.4
460          equivalent  ...  1.9
...                 ...  ...  ...
2167         equivalent  ...  1.5
3197         equivalent  ...  1.7
1426         equivalent  ...  1.8
3358         equivalent  ...  1.8
2745         equivalent  ...  1.8

[553 rows x 56 columns]
550
{"0.81": 1, "0.79": 2, "0.77": 1, "0.76": 1, "0.75": 7, "0.74": 4, "0.73": 2, "0.72": 4, "0.71": 5, "0.7": 11, "0.69": 14, "0.68": 23, "0.67": 24, "0.66": 26, "0.65": 10, "0.64": 13, "0.63": 14, "0.62": 17, "0.61": 12, "0.6": 17, "0.59": 5, "0.58": 16, "0.57": 12, "0.56": 14, "0.55": 19, "0.54": 20, "0.53": 36, "0.52": 25, "0.51": 22, "0.5": 20, "0.49": 30, "0.48": 37, "0.47": 31, "0.46": 36, "0.45": 42, "0.44": 37, "0.43": 36, "0.42": 52, "0.41": 36, "0.4": 40, "0.39": 52, "0.38": 42, "0.37": 34, "0.36": 46, "0.35": 38, "0.34": 53, "0.33": 49, "0.32": 56, "0.31": 56, "0.3": 58, "0.29": 56, "0.28": 65, "0.27": 65, "0.26": 73, "0.25": 57, "0.24": 61, "0.23": 39, "0.22": 67, "0.21": 59, "0.2": 68, "0.19": 77, "0.18": 83, "0.17": 84, "0.16": 66, "0.15": 78, "0.14": 77, "0.13": 84, "0.12": 73, "0.11": 67, "0.1": 77, "0.09": 85, "0.08": 56, "0.07": 78, "0.06": 81, "0.05": 74, "0.04": 79, "0.03": 76, "0.02": 61, "0.01": 58, "0.0": 386}
{"0.81": 1, "0.79": 2, "0.77": 1, "0.76": 1, "0.75": 7, "0.74": 4, "0.73": 2, "0.72": 4, "0.71": 5, "0.7": 11, "0.69": 14, "0.68": 23, "0.67": 24, "0.66": 26, "0.65": 10, "0.64": 13, "0.63": 14, "0.62": 17, "0.61": 12, "0.6": 17, "0.59": 5, "0.58": 16, "0.57": 12, "0.56": 14, "0.55": 19, "0.54": 20, "0.53": 36, "0.52": 25, "0.51": 22, "0.5": 20, "0.49": 30, "0.48": 37, "0.47": 31, "0.46": 36, "0.45": 19}
550
550
{"0.0": 386, "0.01": 58, "0.02": 61, "0.03": 76, "0.04": 79, "0.05": 74, "0.06": 81, "0.07": 78, "0.08": 56, "0.09": 85, "0.1": 77, "0.11": 67, "0.12": 73, "0.13": 84, "0.14": 77, "0.15": 78, "0.16": 66, "0.17": 84, "0.18": 83, "0.19": 77, "0.2": 68, "0.21": 59, "0.22": 67, "0.23": 39, "0.24": 61, "0.25": 57, "0.26": 73, "0.27": 65, "0.28": 65, "0.29": 56, "0.3": 58, "0.31": 56, "0.32": 56, "0.33": 49, "0.34": 53, "0.35": 38, "0.36": 46, "0.37": 34, "0.38": 42, "0.39": 52, "0.4": 40, "0.41": 36, "0.42": 52, "0.43": 36, "0.44": 37, "0.45": 42, "0.46": 36, "0.47": 31, "0.48": 37, "0.49": 30, "0.5": 20, "0.51": 22, "0.52": 25, "0.53": 36, "0.54": 20, "0.55": 19, "0.56": 14, "0.57": 12, "0.58": 16, "0.59": 5, "0.6": 17, "0.61": 12, "0.62": 17, "0.63": 14, "0.64": 13, "0.65": 10, "0.66": 26, "0.67": 24, "0.68": 23, "0.69": 14, "0.7": 11, "0.71": 5, "0.72": 4, "0.73": 2, "0.74": 4, "0.75": 7, "0.76": 1, "0.77": 1, "0.79": 2, "0.81": 1}
{"0.0": 386, "0.01": 58, "0.02": 61, "0.03": 45}
550
0.1
{"0.06": 81, "0.35": 38, "0.11": 67, "0.3": 58, "0.64": 13, "0.41": 36, "0.68": 23, "0.43": 36, "0.1": 77, "0.18": 83, "0.04": 79, "0.33": 49, "0.58": 16, "0.14": 77, "0.09": 85, "0.24": 61, "0.45": 42, "0.23": 39, "0.52": 25, "0.25": 57, "0.07": 78, "0.27": 65, "0.36": 46, "0.19": 77, "0.49": 30, "0.42": 52, "0.15": 78, "0.29": 56, "0.05": 74, "0.16": 66, "0.39": 52, "0.17": 84, "0.61": 12, "0.4": 40, "0.44": 37, "0.08": 56, "0.67": 24, "0.48": 37, "0.53": 36, "0.02": 61, "0.47": 31, "0.03": 76, "0.12": 73, "0.6": 17, "0.65": 10, "0.38": 42, "0.63": 14, "0.74": 4, "0.54": 20, "0.01": 58, "0.31": 56, "0.13": 84, "0.34": 53, "0.46": 36, "0.0": 386, "0.28": 65, "0.22": 67, "0.26": 73, "0.32": 56, "0.21": 59, "0.73": 2, "0.62": 17, "0.5": 20, "0.69": 14, "0.79": 2, "0.59": 5, "0.2": 68, "0.7": 11, "0.66": 26, "0.76": 1, "0.56": 14, "0.71": 5, "0.51": 22, "0.57": 12, "0.37": 34, "0.55": 19, "0.81": 1, "0.77": 1, "0.75": 7, "0.72": 4}
{"0.06": 8, "0.35": 4, "0.11": 7, "0.3": 6, "0.64": 1, "0.41": 4, "0.68": 2, "0.43": 4, "0.1": 8, "0.18": 8, "0.04": 8, "0.33": 5, "0.58": 2, "0.14": 8, "0.09": 8, "0.24": 6, "0.45": 4, "0.23": 4, "0.52": 2, "0.25": 6, "0.07": 8, "0.27": 6, "0.36": 5, "0.19": 8, "0.49": 3, "0.42": 5, "0.15": 8, "0.29": 6, "0.05": 7, "0.16": 7, "0.39": 5, "0.17": 8, "0.61": 1, "0.4": 4, "0.44": 4, "0.08": 6, "0.67": 2, "0.48": 4, "0.53": 4, "0.02": 6, "0.47": 3, "0.03": 8, "0.12": 7, "0.6": 2, "0.65": 1, "0.38": 4, "0.63": 1, "0.74": 0, "0.54": 2, "0.01": 6, "0.31": 6, "0.13": 8, "0.34": 5, "0.46": 4, "0.0": 39, "0.28": 6, "0.22": 7, "0.26": 7, "0.32": 6, "0.21": 6, "0.73": 0, "0.62": 2, "0.5": 2, "0.69": 1, "0.79": 0, "0.59": 0, "0.2": 7, "0.7": 1, "0.66": 3, "0.76": 0, "0.56": 1, "0.71": 0, "0.51": 2, "0.57": 1, "0.37": 3, "0.55": 2, "0.81": 0, "0.77": 0, "0.75": 1, "0.72": 0}
                t_label  ... avg2
indexes                  ...     
137          equivalent  ...  1.4
3456         equivalent  ...  1.4
648      not_equivalent  ...  1.7
1862         equivalent  ...  1.4
3091     not_equivalent  ...  1.6
...                 ...  ...  ...
455          equivalent  ...  1.8
481      not_equivalent  ...  2.0
1029         equivalent  ...  1.8
3371         equivalent  ...  1.7
2151         equivalent  ...  1.8

[366 rows x 56 columns]
366
{"0.81": 1, "0.79": 2, "0.77": 1, "0.76": 1, "0.75": 7, "0.74": 4, "0.73": 2, "0.72": 4, "0.71": 5, "0.7": 11, "0.69": 14, "0.68": 23, "0.67": 24, "0.66": 26, "0.65": 10, "0.64": 13, "0.63": 14, "0.62": 17, "0.61": 12, "0.6": 17, "0.59": 5, "0.58": 16, "0.57": 12, "0.56": 14, "0.55": 19, "0.54": 20, "0.53": 36, "0.52": 25, "0.51": 22, "0.5": 20, "0.49": 30, "0.48": 37, "0.47": 31, "0.46": 36, "0.45": 42, "0.44": 37, "0.43": 36, "0.42": 52, "0.41": 36, "0.4": 40, "0.39": 52, "0.38": 42, "0.37": 34, "0.36": 46, "0.35": 38, "0.34": 53, "0.33": 49, "0.32": 56, "0.31": 56, "0.3": 58, "0.29": 56, "0.28": 65, "0.27": 65, "0.26": 73, "0.25": 57, "0.24": 61, "0.23": 39, "0.22": 67, "0.21": 59, "0.2": 68, "0.19": 77, "0.18": 83, "0.17": 84, "0.16": 66, "0.15": 78, "0.14": 77, "0.13": 84, "0.12": 73, "0.11": 67, "0.1": 77, "0.09": 85, "0.08": 56, "0.07": 78, "0.06": 81, "0.05": 74, "0.04": 79, "0.03": 76, "0.02": 61, "0.01": 58, "0.0": 386}
{"0.81": 1, "0.79": 2, "0.77": 1, "0.76": 1, "0.75": 7, "0.74": 4, "0.73": 2, "0.72": 4, "0.71": 5, "0.7": 11, "0.69": 14, "0.68": 23, "0.67": 24, "0.66": 26, "0.65": 10, "0.64": 13, "0.63": 14, "0.62": 17, "0.61": 12, "0.6": 17, "0.59": 5, "0.58": 16, "0.57": 12, "0.56": 14, "0.55": 19, "0.54": 20, "0.53": 36, "0.52": 25, "0.51": 11}
366
366
{"0.0": 386, "0.01": 58, "0.02": 61, "0.03": 76, "0.04": 79, "0.05": 74, "0.06": 81, "0.07": 78, "0.08": 56, "0.09": 85, "0.1": 77, "0.11": 67, "0.12": 73, "0.13": 84, "0.14": 77, "0.15": 78, "0.16": 66, "0.17": 84, "0.18": 83, "0.19": 77, "0.2": 68, "0.21": 59, "0.22": 67, "0.23": 39, "0.24": 61, "0.25": 57, "0.26": 73, "0.27": 65, "0.28": 65, "0.29": 56, "0.3": 58, "0.31": 56, "0.32": 56, "0.33": 49, "0.34": 53, "0.35": 38, "0.36": 46, "0.37": 34, "0.38": 42, "0.39": 52, "0.4": 40, "0.41": 36, "0.42": 52, "0.43": 36, "0.44": 37, "0.45": 42, "0.46": 36, "0.47": 31, "0.48": 37, "0.49": 30, "0.5": 20, "0.51": 22, "0.52": 25, "0.53": 36, "0.54": 20, "0.55": 19, "0.56": 14, "0.57": 12, "0.58": 16, "0.59": 5, "0.6": 17, "0.61": 12, "0.62": 17, "0.63": 14, "0.64": 13, "0.65": 10, "0.66": 26, "0.67": 24, "0.68": 23, "0.69": 14, "0.7": 11, "0.71": 5, "0.72": 4, "0.73": 2, "0.74": 4, "0.75": 7, "0.76": 1, "0.77": 1, "0.79": 2, "0.81": 1}
{"0.0": 366}
366
0.05
{"0.06": 81, "0.35": 38, "0.11": 67, "0.3": 58, "0.64": 13, "0.41": 36, "0.68": 23, "0.43": 36, "0.1": 77, "0.18": 83, "0.04": 79, "0.33": 49, "0.58": 16, "0.14": 77, "0.09": 85, "0.24": 61, "0.45": 42, "0.23": 39, "0.52": 25, "0.25": 57, "0.07": 78, "0.27": 65, "0.36": 46, "0.19": 77, "0.49": 30, "0.42": 52, "0.15": 78, "0.29": 56, "0.05": 74, "0.16": 66, "0.39": 52, "0.17": 84, "0.61": 12, "0.4": 40, "0.44": 37, "0.08": 56, "0.67": 24, "0.48": 37, "0.53": 36, "0.02": 61, "0.47": 31, "0.03": 76, "0.12": 73, "0.6": 17, "0.65": 10, "0.38": 42, "0.63": 14, "0.74": 4, "0.54": 20, "0.01": 58, "0.31": 56, "0.13": 84, "0.34": 53, "0.46": 36, "0.0": 386, "0.28": 65, "0.22": 67, "0.26": 73, "0.32": 56, "0.21": 59, "0.73": 2, "0.62": 17, "0.5": 20, "0.69": 14, "0.79": 2, "0.59": 5, "0.2": 68, "0.7": 11, "0.66": 26, "0.76": 1, "0.56": 14, "0.71": 5, "0.51": 22, "0.57": 12, "0.37": 34, "0.55": 19, "0.81": 1, "0.77": 1, "0.75": 7, "0.72": 4}
{"0.06": 4, "0.35": 2, "0.11": 3, "0.3": 3, "0.64": 1, "0.41": 2, "0.68": 1, "0.43": 2, "0.1": 4, "0.18": 4, "0.04": 4, "0.33": 2, "0.58": 1, "0.14": 4, "0.09": 4, "0.24": 3, "0.45": 2, "0.23": 2, "0.52": 1, "0.25": 3, "0.07": 4, "0.27": 3, "0.36": 2, "0.19": 4, "0.49": 2, "0.42": 3, "0.15": 4, "0.29": 3, "0.05": 4, "0.16": 3, "0.39": 3, "0.17": 4, "0.61": 1, "0.4": 2, "0.44": 2, "0.08": 3, "0.67": 1, "0.48": 2, "0.53": 2, "0.02": 3, "0.47": 2, "0.03": 4, "0.12": 4, "0.6": 1, "0.65": 0, "0.38": 2, "0.63": 1, "0.74": 0, "0.54": 1, "0.01": 3, "0.31": 3, "0.13": 4, "0.34": 3, "0.46": 2, "0.0": 19, "0.28": 3, "0.22": 3, "0.26": 4, "0.32": 3, "0.21": 3, "0.73": 0, "0.62": 1, "0.5": 1, "0.69": 1, "0.79": 0, "0.59": 0, "0.2": 3, "0.7": 1, "0.66": 1, "0.76": 0, "0.56": 1, "0.71": 0, "0.51": 1, "0.57": 1, "0.37": 2, "0.55": 1, "0.81": 0, "0.77": 0, "0.75": 0, "0.72": 0}
                t_label  ... avg2
indexes                  ...     
23           equivalent  ...  1.4
3573         equivalent  ...  1.6
3164         equivalent  ...  1.4
2634     not_equivalent  ...  1.4
2642         equivalent  ...  1.9
...                 ...  ...  ...
3088         equivalent  ...  2.1
1669         equivalent  ...  1.6
3152         equivalent  ...  1.6
3311         equivalent  ...  1.8
3371         equivalent  ...  1.7

[186 rows x 56 columns]
183
{"0.81": 1, "0.79": 2, "0.77": 1, "0.76": 1, "0.75": 7, "0.74": 4, "0.73": 2, "0.72": 4, "0.71": 5, "0.7": 11, "0.69": 14, "0.68": 23, "0.67": 24, "0.66": 26, "0.65": 10, "0.64": 13, "0.63": 14, "0.62": 17, "0.61": 12, "0.6": 17, "0.59": 5, "0.58": 16, "0.57": 12, "0.56": 14, "0.55": 19, "0.54": 20, "0.53": 36, "0.52": 25, "0.51": 22, "0.5": 20, "0.49": 30, "0.48": 37, "0.47": 31, "0.46": 36, "0.45": 42, "0.44": 37, "0.43": 36, "0.42": 52, "0.41": 36, "0.4": 40, "0.39": 52, "0.38": 42, "0.37": 34, "0.36": 46, "0.35": 38, "0.34": 53, "0.33": 49, "0.32": 56, "0.31": 56, "0.3": 58, "0.29": 56, "0.28": 65, "0.27": 65, "0.26": 73, "0.25": 57, "0.24": 61, "0.23": 39, "0.22": 67, "0.21": 59, "0.2": 68, "0.19": 77, "0.18": 83, "0.17": 84, "0.16": 66, "0.15": 78, "0.14": 77, "0.13": 84, "0.12": 73, "0.11": 67, "0.1": 77, "0.09": 85, "0.08": 56, "0.07": 78, "0.06": 81, "0.05": 74, "0.04": 79, "0.03": 76, "0.02": 61, "0.01": 58, "0.0": 386}
{"0.81": 1, "0.79": 2, "0.77": 1, "0.76": 1, "0.75": 7, "0.74": 4, "0.73": 2, "0.72": 4, "0.71": 5, "0.7": 11, "0.69": 14, "0.68": 23, "0.67": 24, "0.66": 26, "0.65": 10, "0.64": 13, "0.63": 14, "0.62": 17, "0.61": 4}
183
183
{"0.0": 386, "0.01": 58, "0.02": 61, "0.03": 76, "0.04": 79, "0.05": 74, "0.06": 81, "0.07": 78, "0.08": 56, "0.09": 85, "0.1": 77, "0.11": 67, "0.12": 73, "0.13": 84, "0.14": 77, "0.15": 78, "0.16": 66, "0.17": 84, "0.18": 83, "0.19": 77, "0.2": 68, "0.21": 59, "0.22": 67, "0.23": 39, "0.24": 61, "0.25": 57, "0.26": 73, "0.27": 65, "0.28": 65, "0.29": 56, "0.3": 58, "0.31": 56, "0.32": 56, "0.33": 49, "0.34": 53, "0.35": 38, "0.36": 46, "0.37": 34, "0.38": 42, "0.39": 52, "0.4": 40, "0.41": 36, "0.42": 52, "0.43": 36, "0.44": 37, "0.45": 42, "0.46": 36, "0.47": 31, "0.48": 37, "0.49": 30, "0.5": 20, "0.51": 22, "0.52": 25, "0.53": 36, "0.54": 20, "0.55": 19, "0.56": 14, "0.57": 12, "0.58": 16, "0.59": 5, "0.6": 17, "0.61": 12, "0.62": 17, "0.63": 14, "0.64": 13, "0.65": 10, "0.66": 26, "0.67": 24, "0.68": 23, "0.69": 14, "0.7": 11, "0.71": 5, "0.72": 4, "0.73": 2, "0.74": 4, "0.75": 7, "0.76": 1, "0.77": 1, "0.79": 2, "0.81": 1}
{"0.0": 183}
183
0.04
{"0.06": 81, "0.35": 38, "0.11": 67, "0.3": 58, "0.64": 13, "0.41": 36, "0.68": 23, "0.43": 36, "0.1": 77, "0.18": 83, "0.04": 79, "0.33": 49, "0.58": 16, "0.14": 77, "0.09": 85, "0.24": 61, "0.45": 42, "0.23": 39, "0.52": 25, "0.25": 57, "0.07": 78, "0.27": 65, "0.36": 46, "0.19": 77, "0.49": 30, "0.42": 52, "0.15": 78, "0.29": 56, "0.05": 74, "0.16": 66, "0.39": 52, "0.17": 84, "0.61": 12, "0.4": 40, "0.44": 37, "0.08": 56, "0.67": 24, "0.48": 37, "0.53": 36, "0.02": 61, "0.47": 31, "0.03": 76, "0.12": 73, "0.6": 17, "0.65": 10, "0.38": 42, "0.63": 14, "0.74": 4, "0.54": 20, "0.01": 58, "0.31": 56, "0.13": 84, "0.34": 53, "0.46": 36, "0.0": 386, "0.28": 65, "0.22": 67, "0.26": 73, "0.32": 56, "0.21": 59, "0.73": 2, "0.62": 17, "0.5": 20, "0.69": 14, "0.79": 2, "0.59": 5, "0.2": 68, "0.7": 11, "0.66": 26, "0.76": 1, "0.56": 14, "0.71": 5, "0.51": 22, "0.57": 12, "0.37": 34, "0.55": 19, "0.81": 1, "0.77": 1, "0.75": 7, "0.72": 4}
{"0.06": 3, "0.35": 2, "0.11": 3, "0.3": 2, "0.64": 1, "0.41": 1, "0.68": 1, "0.43": 1, "0.1": 3, "0.18": 3, "0.04": 3, "0.33": 2, "0.58": 1, "0.14": 3, "0.09": 3, "0.24": 2, "0.45": 2, "0.23": 2, "0.52": 1, "0.25": 2, "0.07": 3, "0.27": 3, "0.36": 2, "0.19": 3, "0.49": 1, "0.42": 2, "0.15": 3, "0.29": 2, "0.05": 3, "0.16": 3, "0.39": 2, "0.17": 3, "0.61": 0, "0.4": 2, "0.44": 1, "0.08": 2, "0.67": 1, "0.48": 1, "0.53": 1, "0.02": 2, "0.47": 1, "0.03": 3, "0.12": 3, "0.6": 1, "0.65": 0, "0.38": 2, "0.63": 1, "0.74": 0, "0.54": 1, "0.01": 2, "0.31": 2, "0.13": 3, "0.34": 2, "0.46": 1, "0.0": 15, "0.28": 3, "0.22": 3, "0.26": 3, "0.32": 2, "0.21": 2, "0.73": 0, "0.62": 1, "0.5": 1, "0.69": 1, "0.79": 0, "0.59": 0, "0.2": 3, "0.7": 0, "0.66": 1, "0.76": 0, "0.56": 1, "0.71": 0, "0.51": 1, "0.57": 0, "0.37": 1, "0.55": 1, "0.81": 0, "0.77": 0, "0.75": 0, "0.72": 0}
                t_label  ... avg2
indexes                  ...     
228      not_equivalent  ...  1.4
739          equivalent  ...  1.7
3181         equivalent  ...  1.6
1479         equivalent  ...  1.4
1715         equivalent  ...  1.8
...                 ...  ...  ...
3102     not_equivalent  ...  2.3
346          equivalent  ...  1.8
956          equivalent  ...  2.1
2961         equivalent  ...  1.8
2938         equivalent  ...  1.8

[142 rows x 56 columns]
146
{"0.81": 1, "0.79": 2, "0.77": 1, "0.76": 1, "0.75": 7, "0.74": 4, "0.73": 2, "0.72": 4, "0.71": 5, "0.7": 11, "0.69": 14, "0.68": 23, "0.67": 24, "0.66": 26, "0.65": 10, "0.64": 13, "0.63": 14, "0.62": 17, "0.61": 12, "0.6": 17, "0.59": 5, "0.58": 16, "0.57": 12, "0.56": 14, "0.55": 19, "0.54": 20, "0.53": 36, "0.52": 25, "0.51": 22, "0.5": 20, "0.49": 30, "0.48": 37, "0.47": 31, "0.46": 36, "0.45": 42, "0.44": 37, "0.43": 36, "0.42": 52, "0.41": 36, "0.4": 40, "0.39": 52, "0.38": 42, "0.37": 34, "0.36": 46, "0.35": 38, "0.34": 53, "0.33": 49, "0.32": 56, "0.31": 56, "0.3": 58, "0.29": 56, "0.28": 65, "0.27": 65, "0.26": 73, "0.25": 57, "0.24": 61, "0.23": 39, "0.22": 67, "0.21": 59, "0.2": 68, "0.19": 77, "0.18": 83, "0.17": 84, "0.16": 66, "0.15": 78, "0.14": 77, "0.13": 84, "0.12": 73, "0.11": 67, "0.1": 77, "0.09": 85, "0.08": 56, "0.07": 78, "0.06": 81, "0.05": 74, "0.04": 79, "0.03": 76, "0.02": 61, "0.01": 58, "0.0": 386}
{"0.81": 1, "0.79": 2, "0.77": 1, "0.76": 1, "0.75": 7, "0.74": 4, "0.73": 2, "0.72": 4, "0.71": 5, "0.7": 11, "0.69": 14, "0.68": 23, "0.67": 24, "0.66": 26, "0.65": 10, "0.64": 11}
146
146
{"0.0": 386, "0.01": 58, "0.02": 61, "0.03": 76, "0.04": 79, "0.05": 74, "0.06": 81, "0.07": 78, "0.08": 56, "0.09": 85, "0.1": 77, "0.11": 67, "0.12": 73, "0.13": 84, "0.14": 77, "0.15": 78, "0.16": 66, "0.17": 84, "0.18": 83, "0.19": 77, "0.2": 68, "0.21": 59, "0.22": 67, "0.23": 39, "0.24": 61, "0.25": 57, "0.26": 73, "0.27": 65, "0.28": 65, "0.29": 56, "0.3": 58, "0.31": 56, "0.32": 56, "0.33": 49, "0.34": 53, "0.35": 38, "0.36": 46, "0.37": 34, "0.38": 42, "0.39": 52, "0.4": 40, "0.41": 36, "0.42": 52, "0.43": 36, "0.44": 37, "0.45": 42, "0.46": 36, "0.47": 31, "0.48": 37, "0.49": 30, "0.5": 20, "0.51": 22, "0.52": 25, "0.53": 36, "0.54": 20, "0.55": 19, "0.56": 14, "0.57": 12, "0.58": 16, "0.59": 5, "0.6": 17, "0.61": 12, "0.62": 17, "0.63": 14, "0.64": 13, "0.65": 10, "0.66": 26, "0.67": 24, "0.68": 23, "0.69": 14, "0.7": 11, "0.71": 5, "0.72": 4, "0.73": 2, "0.74": 4, "0.75": 7, "0.76": 1, "0.77": 1, "0.79": 2, "0.81": 1}
{"0.0": 146}
146
0.03
{"0.06": 81, "0.35": 38, "0.11": 67, "0.3": 58, "0.64": 13, "0.41": 36, "0.68": 23, "0.43": 36, "0.1": 77, "0.18": 83, "0.04": 79, "0.33": 49, "0.58": 16, "0.14": 77, "0.09": 85, "0.24": 61, "0.45": 42, "0.23": 39, "0.52": 25, "0.25": 57, "0.07": 78, "0.27": 65, "0.36": 46, "0.19": 77, "0.49": 30, "0.42": 52, "0.15": 78, "0.29": 56, "0.05": 74, "0.16": 66, "0.39": 52, "0.17": 84, "0.61": 12, "0.4": 40, "0.44": 37, "0.08": 56, "0.67": 24, "0.48": 37, "0.53": 36, "0.02": 61, "0.47": 31, "0.03": 76, "0.12": 73, "0.6": 17, "0.65": 10, "0.38": 42, "0.63": 14, "0.74": 4, "0.54": 20, "0.01": 58, "0.31": 56, "0.13": 84, "0.34": 53, "0.46": 36, "0.0": 386, "0.28": 65, "0.22": 67, "0.26": 73, "0.32": 56, "0.21": 59, "0.73": 2, "0.62": 17, "0.5": 20, "0.69": 14, "0.79": 2, "0.59": 5, "0.2": 68, "0.7": 11, "0.66": 26, "0.76": 1, "0.56": 14, "0.71": 5, "0.51": 22, "0.57": 12, "0.37": 34, "0.55": 19, "0.81": 1, "0.77": 1, "0.75": 7, "0.72": 4}
{"0.06": 2, "0.35": 1, "0.11": 2, "0.3": 2, "0.64": 0, "0.41": 1, "0.68": 1, "0.43": 1, "0.1": 2, "0.18": 2, "0.04": 2, "0.33": 1, "0.58": 0, "0.14": 2, "0.09": 3, "0.24": 2, "0.45": 1, "0.23": 1, "0.52": 1, "0.25": 2, "0.07": 2, "0.27": 2, "0.36": 1, "0.19": 2, "0.49": 1, "0.42": 2, "0.15": 2, "0.29": 2, "0.05": 2, "0.16": 2, "0.39": 2, "0.17": 3, "0.61": 0, "0.4": 1, "0.44": 1, "0.08": 2, "0.67": 1, "0.48": 1, "0.53": 1, "0.02": 2, "0.47": 1, "0.03": 2, "0.12": 2, "0.6": 1, "0.65": 0, "0.38": 1, "0.63": 0, "0.74": 0, "0.54": 1, "0.01": 2, "0.31": 2, "0.13": 3, "0.34": 2, "0.46": 1, "0.0": 12, "0.28": 2, "0.22": 2, "0.26": 2, "0.32": 2, "0.21": 2, "0.73": 0, "0.62": 1, "0.5": 1, "0.69": 0, "0.79": 0, "0.59": 0, "0.2": 2, "0.7": 0, "0.66": 1, "0.76": 0, "0.56": 0, "0.71": 0, "0.51": 1, "0.57": 0, "0.37": 1, "0.55": 1, "0.81": 0, "0.77": 0, "0.75": 0, "0.72": 0}
                t_label  ... avg2
indexes                  ...     
1844     not_equivalent  ...  1.8
2438         equivalent  ...  1.6
1815         equivalent  ...  1.8
1234         equivalent  ...  1.7
3343         equivalent  ...  1.4
...                 ...  ...  ...
254          equivalent  ...  1.4
834          equivalent  ...  1.8
2042         equivalent  ...  2.2
2545         equivalent  ...  1.7
1444         equivalent  ...  2.2

[109 rows x 56 columns]
110
{"0.81": 1, "0.79": 2, "0.77": 1, "0.76": 1, "0.75": 7, "0.74": 4, "0.73": 2, "0.72": 4, "0.71": 5, "0.7": 11, "0.69": 14, "0.68": 23, "0.67": 24, "0.66": 26, "0.65": 10, "0.64": 13, "0.63": 14, "0.62": 17, "0.61": 12, "0.6": 17, "0.59": 5, "0.58": 16, "0.57": 12, "0.56": 14, "0.55": 19, "0.54": 20, "0.53": 36, "0.52": 25, "0.51": 22, "0.5": 20, "0.49": 30, "0.48": 37, "0.47": 31, "0.46": 36, "0.45": 42, "0.44": 37, "0.43": 36, "0.42": 52, "0.41": 36, "0.4": 40, "0.39": 52, "0.38": 42, "0.37": 34, "0.36": 46, "0.35": 38, "0.34": 53, "0.33": 49, "0.32": 56, "0.31": 56, "0.3": 58, "0.29": 56, "0.28": 65, "0.27": 65, "0.26": 73, "0.25": 57, "0.24": 61, "0.23": 39, "0.22": 67, "0.21": 59, "0.2": 68, "0.19": 77, "0.18": 83, "0.17": 84, "0.16": 66, "0.15": 78, "0.14": 77, "0.13": 84, "0.12": 73, "0.11": 67, "0.1": 77, "0.09": 85, "0.08": 56, "0.07": 78, "0.06": 81, "0.05": 74, "0.04": 79, "0.03": 76, "0.02": 61, "0.01": 58, "0.0": 386}
{"0.81": 1, "0.79": 2, "0.77": 1, "0.76": 1, "0.75": 7, "0.74": 4, "0.73": 2, "0.72": 4, "0.71": 5, "0.7": 11, "0.69": 14, "0.68": 23, "0.67": 24, "0.66": 11}
110
110
{"0.0": 386, "0.01": 58, "0.02": 61, "0.03": 76, "0.04": 79, "0.05": 74, "0.06": 81, "0.07": 78, "0.08": 56, "0.09": 85, "0.1": 77, "0.11": 67, "0.12": 73, "0.13": 84, "0.14": 77, "0.15": 78, "0.16": 66, "0.17": 84, "0.18": 83, "0.19": 77, "0.2": 68, "0.21": 59, "0.22": 67, "0.23": 39, "0.24": 61, "0.25": 57, "0.26": 73, "0.27": 65, "0.28": 65, "0.29": 56, "0.3": 58, "0.31": 56, "0.32": 56, "0.33": 49, "0.34": 53, "0.35": 38, "0.36": 46, "0.37": 34, "0.38": 42, "0.39": 52, "0.4": 40, "0.41": 36, "0.42": 52, "0.43": 36, "0.44": 37, "0.45": 42, "0.46": 36, "0.47": 31, "0.48": 37, "0.49": 30, "0.5": 20, "0.51": 22, "0.52": 25, "0.53": 36, "0.54": 20, "0.55": 19, "0.56": 14, "0.57": 12, "0.58": 16, "0.59": 5, "0.6": 17, "0.61": 12, "0.62": 17, "0.63": 14, "0.64": 13, "0.65": 10, "0.66": 26, "0.67": 24, "0.68": 23, "0.69": 14, "0.7": 11, "0.71": 5, "0.72": 4, "0.73": 2, "0.74": 4, "0.75": 7, "0.76": 1, "0.77": 1, "0.79": 2, "0.81": 1}
{"0.0": 110}
110
0.02
{"0.06": 81, "0.35": 38, "0.11": 67, "0.3": 58, "0.64": 13, "0.41": 36, "0.68": 23, "0.43": 36, "0.1": 77, "0.18": 83, "0.04": 79, "0.33": 49, "0.58": 16, "0.14": 77, "0.09": 85, "0.24": 61, "0.45": 42, "0.23": 39, "0.52": 25, "0.25": 57, "0.07": 78, "0.27": 65, "0.36": 46, "0.19": 77, "0.49": 30, "0.42": 52, "0.15": 78, "0.29": 56, "0.05": 74, "0.16": 66, "0.39": 52, "0.17": 84, "0.61": 12, "0.4": 40, "0.44": 37, "0.08": 56, "0.67": 24, "0.48": 37, "0.53": 36, "0.02": 61, "0.47": 31, "0.03": 76, "0.12": 73, "0.6": 17, "0.65": 10, "0.38": 42, "0.63": 14, "0.74": 4, "0.54": 20, "0.01": 58, "0.31": 56, "0.13": 84, "0.34": 53, "0.46": 36, "0.0": 386, "0.28": 65, "0.22": 67, "0.26": 73, "0.32": 56, "0.21": 59, "0.73": 2, "0.62": 17, "0.5": 20, "0.69": 14, "0.79": 2, "0.59": 5, "0.2": 68, "0.7": 11, "0.66": 26, "0.76": 1, "0.56": 14, "0.71": 5, "0.51": 22, "0.57": 12, "0.37": 34, "0.55": 19, "0.81": 1, "0.77": 1, "0.75": 7, "0.72": 4}
{"0.06": 2, "0.35": 1, "0.11": 1, "0.3": 1, "0.64": 0, "0.41": 1, "0.68": 0, "0.43": 1, "0.1": 2, "0.18": 2, "0.04": 2, "0.33": 1, "0.58": 0, "0.14": 2, "0.09": 2, "0.24": 1, "0.45": 1, "0.23": 1, "0.52": 0, "0.25": 1, "0.07": 2, "0.27": 1, "0.36": 1, "0.19": 2, "0.49": 1, "0.42": 1, "0.15": 2, "0.29": 1, "0.05": 1, "0.16": 1, "0.39": 1, "0.17": 2, "0.61": 0, "0.4": 1, "0.44": 1, "0.08": 1, "0.67": 0, "0.48": 1, "0.53": 1, "0.02": 1, "0.47": 1, "0.03": 2, "0.12": 1, "0.6": 0, "0.65": 0, "0.38": 1, "0.63": 0, "0.74": 0, "0.54": 0, "0.01": 1, "0.31": 1, "0.13": 2, "0.34": 1, "0.46": 1, "0.0": 8, "0.28": 1, "0.22": 1, "0.26": 1, "0.32": 1, "0.21": 1, "0.73": 0, "0.62": 0, "0.5": 0, "0.69": 0, "0.79": 0, "0.59": 0, "0.2": 1, "0.7": 0, "0.66": 1, "0.76": 0, "0.56": 0, "0.71": 0, "0.51": 0, "0.57": 0, "0.37": 1, "0.55": 0, "0.81": 0, "0.77": 0, "0.75": 0, "0.72": 0}
                t_label  ... avg2
indexes                  ...     
3022         equivalent  ...  1.5
823          equivalent  ...  1.4
2137     not_equivalent  ...  1.5
1668     not_equivalent  ...  1.5
2440     not_equivalent  ...  1.9
...                 ...  ...  ...
1813         equivalent  ...  1.8
937          equivalent  ...  1.5
351          equivalent  ...  1.5
2467     not_equivalent  ...  1.8
3568         equivalent  ...  1.3

[71 rows x 56 columns]
73
{"0.81": 1, "0.79": 2, "0.77": 1, "0.76": 1, "0.75": 7, "0.74": 4, "0.73": 2, "0.72": 4, "0.71": 5, "0.7": 11, "0.69": 14, "0.68": 23, "0.67": 24, "0.66": 26, "0.65": 10, "0.64": 13, "0.63": 14, "0.62": 17, "0.61": 12, "0.6": 17, "0.59": 5, "0.58": 16, "0.57": 12, "0.56": 14, "0.55": 19, "0.54": 20, "0.53": 36, "0.52": 25, "0.51": 22, "0.5": 20, "0.49": 30, "0.48": 37, "0.47": 31, "0.46": 36, "0.45": 42, "0.44": 37, "0.43": 36, "0.42": 52, "0.41": 36, "0.4": 40, "0.39": 52, "0.38": 42, "0.37": 34, "0.36": 46, "0.35": 38, "0.34": 53, "0.33": 49, "0.32": 56, "0.31": 56, "0.3": 58, "0.29": 56, "0.28": 65, "0.27": 65, "0.26": 73, "0.25": 57, "0.24": 61, "0.23": 39, "0.22": 67, "0.21": 59, "0.2": 68, "0.19": 77, "0.18": 83, "0.17": 84, "0.16": 66, "0.15": 78, "0.14": 77, "0.13": 84, "0.12": 73, "0.11": 67, "0.1": 77, "0.09": 85, "0.08": 56, "0.07": 78, "0.06": 81, "0.05": 74, "0.04": 79, "0.03": 76, "0.02": 61, "0.01": 58, "0.0": 386}
{"0.81": 1, "0.79": 2, "0.77": 1, "0.76": 1, "0.75": 7, "0.74": 4, "0.73": 2, "0.72": 4, "0.71": 5, "0.7": 11, "0.69": 14, "0.68": 21}
73
73
{"0.0": 386, "0.01": 58, "0.02": 61, "0.03": 76, "0.04": 79, "0.05": 74, "0.06": 81, "0.07": 78, "0.08": 56, "0.09": 85, "0.1": 77, "0.11": 67, "0.12": 73, "0.13": 84, "0.14": 77, "0.15": 78, "0.16": 66, "0.17": 84, "0.18": 83, "0.19": 77, "0.2": 68, "0.21": 59, "0.22": 67, "0.23": 39, "0.24": 61, "0.25": 57, "0.26": 73, "0.27": 65, "0.28": 65, "0.29": 56, "0.3": 58, "0.31": 56, "0.32": 56, "0.33": 49, "0.34": 53, "0.35": 38, "0.36": 46, "0.37": 34, "0.38": 42, "0.39": 52, "0.4": 40, "0.41": 36, "0.42": 52, "0.43": 36, "0.44": 37, "0.45": 42, "0.46": 36, "0.47": 31, "0.48": 37, "0.49": 30, "0.5": 20, "0.51": 22, "0.52": 25, "0.53": 36, "0.54": 20, "0.55": 19, "0.56": 14, "0.57": 12, "0.58": 16, "0.59": 5, "0.6": 17, "0.61": 12, "0.62": 17, "0.63": 14, "0.64": 13, "0.65": 10, "0.66": 26, "0.67": 24, "0.68": 23, "0.69": 14, "0.7": 11, "0.71": 5, "0.72": 4, "0.73": 2, "0.74": 4, "0.75": 7, "0.76": 1, "0.77": 1, "0.79": 2, "0.81": 1}
{"0.0": 73}
73
0.01
{"0.06": 81, "0.35": 38, "0.11": 67, "0.3": 58, "0.64": 13, "0.41": 36, "0.68": 23, "0.43": 36, "0.1": 77, "0.18": 83, "0.04": 79, "0.33": 49, "0.58": 16, "0.14": 77, "0.09": 85, "0.24": 61, "0.45": 42, "0.23": 39, "0.52": 25, "0.25": 57, "0.07": 78, "0.27": 65, "0.36": 46, "0.19": 77, "0.49": 30, "0.42": 52, "0.15": 78, "0.29": 56, "0.05": 74, "0.16": 66, "0.39": 52, "0.17": 84, "0.61": 12, "0.4": 40, "0.44": 37, "0.08": 56, "0.67": 24, "0.48": 37, "0.53": 36, "0.02": 61, "0.47": 31, "0.03": 76, "0.12": 73, "0.6": 17, "0.65": 10, "0.38": 42, "0.63": 14, "0.74": 4, "0.54": 20, "0.01": 58, "0.31": 56, "0.13": 84, "0.34": 53, "0.46": 36, "0.0": 386, "0.28": 65, "0.22": 67, "0.26": 73, "0.32": 56, "0.21": 59, "0.73": 2, "0.62": 17, "0.5": 20, "0.69": 14, "0.79": 2, "0.59": 5, "0.2": 68, "0.7": 11, "0.66": 26, "0.76": 1, "0.56": 14, "0.71": 5, "0.51": 22, "0.57": 12, "0.37": 34, "0.55": 19, "0.81": 1, "0.77": 1, "0.75": 7, "0.72": 4}
{"0.06": 1, "0.35": 0, "0.11": 1, "0.3": 1, "0.64": 0, "0.41": 0, "0.68": 0, "0.43": 0, "0.1": 1, "0.18": 1, "0.04": 1, "0.33": 0, "0.58": 0, "0.14": 1, "0.09": 1, "0.24": 1, "0.45": 0, "0.23": 0, "0.52": 0, "0.25": 1, "0.07": 1, "0.27": 1, "0.36": 0, "0.19": 1, "0.49": 0, "0.42": 1, "0.15": 1, "0.29": 1, "0.05": 1, "0.16": 1, "0.39": 1, "0.17": 1, "0.61": 0, "0.4": 0, "0.44": 0, "0.08": 1, "0.67": 0, "0.48": 0, "0.53": 0, "0.02": 1, "0.47": 0, "0.03": 1, "0.12": 1, "0.6": 0, "0.65": 0, "0.38": 0, "0.63": 0, "0.74": 0, "0.54": 0, "0.01": 1, "0.31": 1, "0.13": 1, "0.34": 1, "0.46": 0, "0.0": 4, "0.28": 1, "0.22": 1, "0.26": 1, "0.32": 1, "0.21": 1, "0.73": 0, "0.62": 0, "0.5": 0, "0.69": 0, "0.79": 0, "0.59": 0, "0.2": 1, "0.7": 0, "0.66": 0, "0.76": 0, "0.56": 0, "0.71": 0, "0.51": 0, "0.57": 0, "0.37": 0, "0.55": 0, "0.81": 0, "0.77": 0, "0.75": 0, "0.72": 0}
                t_label  ... avg2
indexes                  ...     
963          equivalent  ...  1.4
1104         equivalent  ...  1.9
2975     not_equivalent  ...  1.9
1145     not_equivalent  ...  1.4
1527         equivalent  ...  1.4
746          equivalent  ...  1.6
2281         equivalent  ...  1.5
1535     not_equivalent  ...  1.6
947      not_equivalent  ...  1.6
667      not_equivalent  ...  2.0
3562     not_equivalent  ...  1.6
31           equivalent  ...  2.1
3037         equivalent  ...  1.4
890      not_equivalent  ...  1.8
2919         equivalent  ...  1.4
112          equivalent  ...  2.0
1398         equivalent  ...  1.6
3350         equivalent  ...  1.5
1322         equivalent  ...  2.2
1247         equivalent  ...  1.2
3105         equivalent  ...  1.5
985          equivalent  ...  1.6
2481     not_equivalent  ...  1.8
1302         equivalent  ...  2.1
2338         equivalent  ...  1.4
3028         equivalent  ...  1.8
1412         equivalent  ...  2.0
2805     not_equivalent  ...  1.8
3842         equivalent  ... -1.0
3884         equivalent  ... -1.0
3669         equivalent  ... -1.0
3706     not_equivalent  ... -1.0
2780         equivalent  ...  1.5
134          equivalent  ...  1.4
3064     not_equivalent  ...  2.0
1025     not_equivalent  ...  1.7
604          equivalent  ...  1.4
3395         equivalent  ...  1.3

[38 rows x 56 columns]
36
{"0.81": 1, "0.79": 2, "0.77": 1, "0.76": 1, "0.75": 7, "0.74": 4, "0.73": 2, "0.72": 4, "0.71": 5, "0.7": 11, "0.69": 14, "0.68": 23, "0.67": 24, "0.66": 26, "0.65": 10, "0.64": 13, "0.63": 14, "0.62": 17, "0.61": 12, "0.6": 17, "0.59": 5, "0.58": 16, "0.57": 12, "0.56": 14, "0.55": 19, "0.54": 20, "0.53": 36, "0.52": 25, "0.51": 22, "0.5": 20, "0.49": 30, "0.48": 37, "0.47": 31, "0.46": 36, "0.45": 42, "0.44": 37, "0.43": 36, "0.42": 52, "0.41": 36, "0.4": 40, "0.39": 52, "0.38": 42, "0.37": 34, "0.36": 46, "0.35": 38, "0.34": 53, "0.33": 49, "0.32": 56, "0.31": 56, "0.3": 58, "0.29": 56, "0.28": 65, "0.27": 65, "0.26": 73, "0.25": 57, "0.24": 61, "0.23": 39, "0.22": 67, "0.21": 59, "0.2": 68, "0.19": 77, "0.18": 83, "0.17": 84, "0.16": 66, "0.15": 78, "0.14": 77, "0.13": 84, "0.12": 73, "0.11": 67, "0.1": 77, "0.09": 85, "0.08": 56, "0.07": 78, "0.06": 81, "0.05": 74, "0.04": 79, "0.03": 76, "0.02": 61, "0.01": 58, "0.0": 386}
{"0.81": 1, "0.79": 2, "0.77": 1, "0.76": 1, "0.75": 7, "0.74": 4, "0.73": 2, "0.72": 4, "0.71": 5, "0.7": 9}
36
36
{"0.0": 386, "0.01": 58, "0.02": 61, "0.03": 76, "0.04": 79, "0.05": 74, "0.06": 81, "0.07": 78, "0.08": 56, "0.09": 85, "0.1": 77, "0.11": 67, "0.12": 73, "0.13": 84, "0.14": 77, "0.15": 78, "0.16": 66, "0.17": 84, "0.18": 83, "0.19": 77, "0.2": 68, "0.21": 59, "0.22": 67, "0.23": 39, "0.24": 61, "0.25": 57, "0.26": 73, "0.27": 65, "0.28": 65, "0.29": 56, "0.3": 58, "0.31": 56, "0.32": 56, "0.33": 49, "0.34": 53, "0.35": 38, "0.36": 46, "0.37": 34, "0.38": 42, "0.39": 52, "0.4": 40, "0.41": 36, "0.42": 52, "0.43": 36, "0.44": 37, "0.45": 42, "0.46": 36, "0.47": 31, "0.48": 37, "0.49": 30, "0.5": 20, "0.51": 22, "0.52": 25, "0.53": 36, "0.54": 20, "0.55": 19, "0.56": 14, "0.57": 12, "0.58": 16, "0.59": 5, "0.6": 17, "0.61": 12, "0.62": 17, "0.63": 14, "0.64": 13, "0.65": 10, "0.66": 26, "0.67": 24, "0.68": 23, "0.69": 14, "0.7": 11, "0.71": 5, "0.72": 4, "0.73": 2, "0.74": 4, "0.75": 7, "0.76": 1, "0.77": 1, "0.79": 2, "0.81": 1}
{"0.0": 36}
36
0.005
{"0.06": 81, "0.35": 38, "0.11": 67, "0.3": 58, "0.64": 13, "0.41": 36, "0.68": 23, "0.43": 36, "0.1": 77, "0.18": 83, "0.04": 79, "0.33": 49, "0.58": 16, "0.14": 77, "0.09": 85, "0.24": 61, "0.45": 42, "0.23": 39, "0.52": 25, "0.25": 57, "0.07": 78, "0.27": 65, "0.36": 46, "0.19": 77, "0.49": 30, "0.42": 52, "0.15": 78, "0.29": 56, "0.05": 74, "0.16": 66, "0.39": 52, "0.17": 84, "0.61": 12, "0.4": 40, "0.44": 37, "0.08": 56, "0.67": 24, "0.48": 37, "0.53": 36, "0.02": 61, "0.47": 31, "0.03": 76, "0.12": 73, "0.6": 17, "0.65": 10, "0.38": 42, "0.63": 14, "0.74": 4, "0.54": 20, "0.01": 58, "0.31": 56, "0.13": 84, "0.34": 53, "0.46": 36, "0.0": 386, "0.28": 65, "0.22": 67, "0.26": 73, "0.32": 56, "0.21": 59, "0.73": 2, "0.62": 17, "0.5": 20, "0.69": 14, "0.79": 2, "0.59": 5, "0.2": 68, "0.7": 11, "0.66": 26, "0.76": 1, "0.56": 14, "0.71": 5, "0.51": 22, "0.57": 12, "0.37": 34, "0.55": 19, "0.81": 1, "0.77": 1, "0.75": 7, "0.72": 4}
{"0.06": 0, "0.35": 0, "0.11": 0, "0.3": 0, "0.64": 0, "0.41": 0, "0.68": 0, "0.43": 0, "0.1": 0, "0.18": 0, "0.04": 0, "0.33": 0, "0.58": 0, "0.14": 0, "0.09": 0, "0.24": 0, "0.45": 0, "0.23": 0, "0.52": 0, "0.25": 0, "0.07": 0, "0.27": 0, "0.36": 0, "0.19": 0, "0.49": 0, "0.42": 0, "0.15": 0, "0.29": 0, "0.05": 0, "0.16": 0, "0.39": 0, "0.17": 0, "0.61": 0, "0.4": 0, "0.44": 0, "0.08": 0, "0.67": 0, "0.48": 0, "0.53": 0, "0.02": 0, "0.47": 0, "0.03": 0, "0.12": 0, "0.6": 0, "0.65": 0, "0.38": 0, "0.63": 0, "0.74": 0, "0.54": 0, "0.01": 0, "0.31": 0, "0.13": 0, "0.34": 0, "0.46": 0, "0.0": 2, "0.28": 0, "0.22": 0, "0.26": 0, "0.32": 0, "0.21": 0, "0.73": 0, "0.62": 0, "0.5": 0, "0.69": 0, "0.79": 0, "0.59": 0, "0.2": 0, "0.7": 0, "0.66": 0, "0.76": 0, "0.56": 0, "0.71": 0, "0.51": 0, "0.57": 0, "0.37": 0, "0.55": 0, "0.81": 0, "0.77": 0, "0.75": 0, "0.72": 0}
            t_label  ... avg2
indexes              ...     
3780     equivalent  ... -1.0
3970     equivalent  ... -1.0

[2 rows x 56 columns]
18
{"0.81": 1, "0.79": 2, "0.77": 1, "0.76": 1, "0.75": 7, "0.74": 4, "0.73": 2, "0.72": 4, "0.71": 5, "0.7": 11, "0.69": 14, "0.68": 23, "0.67": 24, "0.66": 26, "0.65": 10, "0.64": 13, "0.63": 14, "0.62": 17, "0.61": 12, "0.6": 17, "0.59": 5, "0.58": 16, "0.57": 12, "0.56": 14, "0.55": 19, "0.54": 20, "0.53": 36, "0.52": 25, "0.51": 22, "0.5": 20, "0.49": 30, "0.48": 37, "0.47": 31, "0.46": 36, "0.45": 42, "0.44": 37, "0.43": 36, "0.42": 52, "0.41": 36, "0.4": 40, "0.39": 52, "0.38": 42, "0.37": 34, "0.36": 46, "0.35": 38, "0.34": 53, "0.33": 49, "0.32": 56, "0.31": 56, "0.3": 58, "0.29": 56, "0.28": 65, "0.27": 65, "0.26": 73, "0.25": 57, "0.24": 61, "0.23": 39, "0.22": 67, "0.21": 59, "0.2": 68, "0.19": 77, "0.18": 83, "0.17": 84, "0.16": 66, "0.15": 78, "0.14": 77, "0.13": 84, "0.12": 73, "0.11": 67, "0.1": 77, "0.09": 85, "0.08": 56, "0.07": 78, "0.06": 81, "0.05": 74, "0.04": 79, "0.03": 76, "0.02": 61, "0.01": 58, "0.0": 386}
{"0.81": 1, "0.79": 2, "0.77": 1, "0.76": 1, "0.75": 7, "0.74": 4, "0.73": 2}
18
18
{"0.0": 386, "0.01": 58, "0.02": 61, "0.03": 76, "0.04": 79, "0.05": 74, "0.06": 81, "0.07": 78, "0.08": 56, "0.09": 85, "0.1": 77, "0.11": 67, "0.12": 73, "0.13": 84, "0.14": 77, "0.15": 78, "0.16": 66, "0.17": 84, "0.18": 83, "0.19": 77, "0.2": 68, "0.21": 59, "0.22": 67, "0.23": 39, "0.24": 61, "0.25": 57, "0.26": 73, "0.27": 65, "0.28": 65, "0.29": 56, "0.3": 58, "0.31": 56, "0.32": 56, "0.33": 49, "0.34": 53, "0.35": 38, "0.36": 46, "0.37": 34, "0.38": 42, "0.39": 52, "0.4": 40, "0.41": 36, "0.42": 52, "0.43": 36, "0.44": 37, "0.45": 42, "0.46": 36, "0.47": 31, "0.48": 37, "0.49": 30, "0.5": 20, "0.51": 22, "0.52": 25, "0.53": 36, "0.54": 20, "0.55": 19, "0.56": 14, "0.57": 12, "0.58": 16, "0.59": 5, "0.6": 17, "0.61": 12, "0.62": 17, "0.63": 14, "0.64": 13, "0.65": 10, "0.66": 26, "0.67": 24, "0.68": 23, "0.69": 14, "0.7": 11, "0.71": 5, "0.72": 4, "0.73": 2, "0.74": 4, "0.75": 7, "0.76": 1, "0.77": 1, "0.79": 2, "0.81": 1}
{"0.0": 18}
18
