pruned_1_0.05_model_0
DatasetDict({
    train: Dataset({
        features: ['sentence1', 'sentence2', 'label', 'indexes'],
        num_rows: 186
    })
    validation: Dataset({
        features: ['sentence1', 'sentence2', 'label', 'indexes'],
        num_rows: 408
    })
    test: Dataset({
        features: ['sentence1', 'sentence2', 'label', 'indexes'],
        num_rows: 1725
    })
})
[Train] Epoch:   0, Total:    186, Accuracy : 0.7097, Loss: 0.6538
[Eval] Epoch:   0, Total:    408, Accuracy : 0.6838, Loss: 0.6288
[Train] Epoch:   1, Total:    186, Accuracy : 0.7097, Loss: 0.6149
[Eval] Epoch:   1, Total:    408, Accuracy : 0.6838, Loss: 0.6236
[Train] Epoch:   2, Total:    186, Accuracy : 0.7097, Loss: 0.6411
[Eval] Epoch:   2, Total:    408, Accuracy : 0.6838, Loss: 0.6146
[Train] Epoch:   3, Total:    186, Accuracy : 0.7097, Loss: 0.6220
[Eval] Epoch:   3, Total:    408, Accuracy : 0.6838, Loss: 0.6026
[Train] Epoch:   4, Total:    186, Accuracy : 0.7097, Loss: 0.6015
[Eval] Epoch:   4, Total:    408, Accuracy : 0.6838, Loss: 0.5876
[Train] Epoch:   5, Total:    186, Accuracy : 0.7097, Loss: 0.6685
[Eval] Epoch:   5, Total:    408, Accuracy : 0.6838, Loss: 0.5695
[Train] Epoch:   6, Total:    186, Accuracy : 0.7097, Loss: 0.6191
[Eval] Epoch:   6, Total:    408, Accuracy : 0.6838, Loss: 0.5508
[Train] Epoch:   7, Total:    186, Accuracy : 0.7097, Loss: 0.5734
[Eval] Epoch:   7, Total:    408, Accuracy : 0.6838, Loss: 0.5297
[Train] Epoch:   8, Total:    186, Accuracy : 0.7097, Loss: 0.5741
[Eval] Epoch:   8, Total:    408, Accuracy : 0.6838, Loss: 0.5101
[Train] Epoch:   9, Total:    186, Accuracy : 0.7097, Loss: 0.5660
[Eval] Epoch:   9, Total:    408, Accuracy : 0.6838, Loss: 0.4953
[Train] Epoch:  10, Total:    186, Accuracy : 0.7097, Loss: 0.5710
[Eval] Epoch:  10, Total:    408, Accuracy : 0.6838, Loss: 0.4812
[Train] Epoch:  11, Total:    186, Accuracy : 0.7097, Loss: 0.5491
[Eval] Epoch:  11, Total:    408, Accuracy : 0.6838, Loss: 0.4785
[Train] Epoch:  12, Total:    186, Accuracy : 0.7097, Loss: 0.5457
[Eval] Epoch:  12, Total:    408, Accuracy : 0.6838, Loss: 0.4763
[Train] Epoch:  13, Total:    186, Accuracy : 0.7097, Loss: 0.5253
[Eval] Epoch:  13, Total:    408, Accuracy : 0.6838, Loss: 0.4745
[Train] Epoch:  14, Total:    186, Accuracy : 0.7097, Loss: 0.5065
[Eval] Epoch:  14, Total:    408, Accuracy : 0.6838, Loss: 0.4496
[Train] Epoch:  15, Total:    186, Accuracy : 0.7097, Loss: 0.4347
[Eval] Epoch:  15, Total:    408, Accuracy : 0.6838, Loss: 0.4373
[Train] Epoch:  16, Total:    186, Accuracy : 0.7097, Loss: 0.5090
[Eval] Epoch:  16, Total:    408, Accuracy : 0.6838, Loss: 0.4362
[Train] Epoch:  17, Total:    186, Accuracy : 0.7097, Loss: 0.3851
[Eval] Epoch:  17, Total:    408, Accuracy : 0.6838, Loss: 0.4334
[Train] Epoch:  18, Total:    186, Accuracy : 0.7151, Loss: 0.3623
[Eval] Epoch:  18, Total:    408, Accuracy : 0.6838, Loss: 0.4251
[Train] Epoch:  19, Total:    186, Accuracy : 0.7151, Loss: 0.3290
[Eval] Epoch:  19, Total:    408, Accuracy : 0.6936, Loss: 0.4199
{"epoch":[1,2,3,4,5,6,7,8,9,10,11,12,13,14,15,16,17,18,19,20],"train_loss":[0.6480466922124227,0.637086828549703,0.6263947089513143,0.6366019248962402,0.6275710860888163,0.6162560780843099,0.6180412371953329,0.6101294159889221,0.6019939184188843,0.5957567095756531,0.5938518047332764,0.5765718221664429,0.5697889725367228,0.549664835135142,0.5342163642247518,0.5198677877585093,0.47751044233640033,0.4280056059360504,0.39469701051712036,0.3662814398606618],"eval_loss":[0.652540556022099,0.6495887466839382,0.6445383684975761,0.6381047112601144,0.6306887950216021,0.6227240136691502,0.616036593914032,0.6103045429502215,0.6102375558444432,0.6235137794698987,0.6307991700513023,0.6065218618937901,0.6039616763591766,0.5919856684548515,0.6007515064307621,0.5918639089379992,0.5806668145315987,0.6325436234474182,0.6508348626749856,0.6477807802813393],"train_acc":[0.7096774193548387,0.7096774193548387,0.7096774193548387,0.7096774193548387,0.7096774193548387,0.7096774193548387,0.7096774193548387,0.7096774193548387,0.7096774193548387,0.7096774193548387,0.7096774193548387,0.7096774193548387,0.7096774193548387,0.7096774193548387,0.7096774193548387,0.7096774193548387,0.7096774193548387,0.7096774193548387,0.7150537634408602,0.7150537634408602],"eval_acc":[0.6838235294117647,0.6838235294117647,0.6838235294117647,0.6838235294117647,0.6838235294117647,0.6838235294117647,0.6838235294117647,0.6838235294117647,0.6838235294117647,0.6838235294117647,0.6838235294117647,0.6838235294117647,0.6838235294117647,0.6838235294117647,0.6838235294117647,0.6838235294117647,0.6838235294117647,0.6838235294117647,0.6838235294117647,0.6936274509803921]}
[Eval] Epoch:  11, Total:   1725, Accuracy : 0.6794, Loss: 0.6682
1725 1172 19.317503184080124
