random_0.005_model_0
DatasetDict({
    train: Dataset({
        features: ['sentence1', 'sentence2', 'label', 'indexes'],
        num_rows: 18
    })
    validation: Dataset({
        features: ['sentence1', 'sentence2', 'label', 'indexes'],
        num_rows: 408
    })
    test: Dataset({
        features: ['sentence1', 'sentence2', 'label', 'indexes'],
        num_rows: 1725
    })
})
[Train] Epoch:   0, Total:     18, Accuracy : 0.1667, Loss: 0.7013
[Eval] Epoch:   0, Total:    408, Accuracy : 0.6838, Loss: 0.6825
[Train] Epoch:   1, Total:     18, Accuracy : 0.4444, Loss: 0.6941
[Eval] Epoch:   1, Total:    408, Accuracy : 0.6838, Loss: 0.6830
[Train] Epoch:   2, Total:     18, Accuracy : 0.3889, Loss: 0.7004
[Eval] Epoch:   2, Total:    408, Accuracy : 0.6838, Loss: 0.6840
[Train] Epoch:   3, Total:     18, Accuracy : 0.4444, Loss: 0.6959
[Eval] Epoch:   3, Total:    408, Accuracy : 0.6838, Loss: 0.6854
[Train] Epoch:   4, Total:     18, Accuracy : 0.3889, Loss: 0.6876
[Eval] Epoch:   4, Total:    408, Accuracy : 0.6838, Loss: 0.6873
[Train] Epoch:   5, Total:     18, Accuracy : 0.6111, Loss: 0.6900
[Eval] Epoch:   5, Total:    408, Accuracy : 0.6789, Loss: 0.6897
[Train] Epoch:   6, Total:     18, Accuracy : 0.5000, Loss: 0.6964
[Eval] Epoch:   6, Total:    408, Accuracy : 0.6054, Loss: 0.6926
[Train] Epoch:   7, Total:     18, Accuracy : 0.5000, Loss: 0.6973
[Eval] Epoch:   7, Total:    408, Accuracy : 0.3382, Loss: 0.6958
[Train] Epoch:   8, Total:     18, Accuracy : 0.5556, Loss: 0.6800
[Eval] Epoch:   8, Total:    408, Accuracy : 0.3162, Loss: 0.6996
[Train] Epoch:   9, Total:     18, Accuracy : 0.5556, Loss: 0.6824
[Eval] Epoch:   9, Total:    408, Accuracy : 0.3162, Loss: 0.7039
[Train] Epoch:  10, Total:     18, Accuracy : 0.7222, Loss: 0.6773
[Eval] Epoch:  10, Total:    408, Accuracy : 0.3162, Loss: 0.7089
[Train] Epoch:  11, Total:     18, Accuracy : 0.8333, Loss: 0.6544
[Eval] Epoch:  11, Total:    408, Accuracy : 0.3162, Loss: 0.7145
[Train] Epoch:  12, Total:     18, Accuracy : 0.7222, Loss: 0.6658
[Eval] Epoch:  12, Total:    408, Accuracy : 0.3162, Loss: 0.7208
[Train] Epoch:  13, Total:     18, Accuracy : 0.7222, Loss: 0.6712
[Eval] Epoch:  13, Total:    408, Accuracy : 0.3162, Loss: 0.7278
[Train] Epoch:  14, Total:     18, Accuracy : 0.7222, Loss: 0.6738
[Eval] Epoch:  14, Total:    408, Accuracy : 0.3162, Loss: 0.7354
[Train] Epoch:  15, Total:     18, Accuracy : 0.7222, Loss: 0.6739
[Eval] Epoch:  15, Total:    408, Accuracy : 0.3162, Loss: 0.7432
[Train] Epoch:  16, Total:     18, Accuracy : 0.7222, Loss: 0.6609
[Eval] Epoch:  16, Total:    408, Accuracy : 0.3162, Loss: 0.7520
[Train] Epoch:  17, Total:     18, Accuracy : 0.7222, Loss: 0.6222
[Eval] Epoch:  17, Total:    408, Accuracy : 0.3162, Loss: 0.7619
[Train] Epoch:  18, Total:     18, Accuracy : 0.7222, Loss: 0.6422
[Eval] Epoch:  18, Total:    408, Accuracy : 0.3162, Loss: 0.7730
[Train] Epoch:  19, Total:     18, Accuracy : 0.7222, Loss: 0.6324
[Eval] Epoch:  19, Total:    408, Accuracy : 0.3162, Loss: 0.7853
{"epoch":[1,2,3,4,5,6,7,8,9,10,11,12,13,14,15,16,17,18,19,20],"train_loss":[0.7012937068939209,0.6941333413124084,0.7003649473190308,0.6958772540092468,0.6876425743103027,0.6899884343147278,0.6964352130889893,0.6973311901092529,0.6800345182418823,0.6824192404747009,0.6772710084915161,0.6543796062469482,0.6657652854919434,0.6712045073509216,0.673781156539917,0.6738796830177307,0.660886824131012,0.6222347021102905,0.6422398686408997,0.6323897242546082],"eval_loss":[0.6859022634369987,0.6862217273030963,0.686862017427172,0.6878244791712079,0.6890875952584403,0.6906853829111371,0.6925630569458008,0.6947318570954459,0.6972576635224479,0.7002068758010864,0.7035876938274929,0.7074520928519112,0.7118001750537327,0.7166538323674884,0.7219632182802472,0.7275513155119759,0.7337965454374041,0.7409402642931256,0.7490147863115583,0.7580074327332633],"train_acc":[0.16666666666666666,0.4444444444444444,0.3888888888888889,0.4444444444444444,0.3888888888888889,0.6111111111111112,0.5,0.5,0.5555555555555556,0.5555555555555556,0.7222222222222222,0.8333333333333334,0.7222222222222222,0.7222222222222222,0.7222222222222222,0.7222222222222222,0.7222222222222222,0.7222222222222222,0.7222222222222222,0.7222222222222222],"eval_acc":[0.6838235294117647,0.6838235294117647,0.6838235294117647,0.6838235294117647,0.6838235294117647,0.678921568627451,0.6053921568627451,0.3382352941176471,0.3161764705882353,0.3161764705882353,0.3161764705882353,0.3161764705882353,0.3161764705882353,0.3161764705882353,0.3161764705882353,0.3161764705882353,0.3161764705882353,0.3161764705882353,0.3161764705882353,0.3161764705882353]}
[Eval] Epoch:  11, Total:   1725, Accuracy : 0.3351, Loss: 0.7475
1725 578 20.248616576194763
