pruned_3_0.3_model_0
DatasetDict({
    train: Dataset({
        features: ['sentence1', 'sentence2', 'label', 'indexes'],
        num_rows: 1100
    })
    validation: Dataset({
        features: ['sentence1', 'sentence2', 'label', 'indexes'],
        num_rows: 408
    })
    test: Dataset({
        features: ['sentence1', 'sentence2', 'label', 'indexes'],
        num_rows: 1725
    })
})
[Train] Epoch:   0, Total:   1100, Accuracy : 0.5509, Loss: 0.5915
[Eval] Epoch:   0, Total:    408, Accuracy : 0.6838, Loss: 0.6254
[Train] Epoch:   1, Total:   1100, Accuracy : 0.6755, Loss: 0.7150
[Eval] Epoch:   1, Total:    408, Accuracy : 0.6838, Loss: 0.4809
[Train] Epoch:   2, Total:   1100, Accuracy : 0.6755, Loss: 0.4009
[Eval] Epoch:   2, Total:    408, Accuracy : 0.6936, Loss: 0.4314
[Train] Epoch:   3, Total:   1100, Accuracy : 0.7464, Loss: 0.3550
[Eval] Epoch:   3, Total:    408, Accuracy : 0.7941, Loss: 0.3306
[Train] Epoch:   4, Total:   1100, Accuracy : 0.8500, Loss: 0.2413
[Eval] Epoch:   4, Total:    408, Accuracy : 0.8284, Loss: 0.2547
[Train] Epoch:   5, Total:   1100, Accuracy : 0.8927, Loss: 0.2904
[Eval] Epoch:   5, Total:    408, Accuracy : 0.8382, Loss: 0.3074
[Train] Epoch:   6, Total:   1100, Accuracy : 0.9300, Loss: 0.0513
[Eval] Epoch:   6, Total:    408, Accuracy : 0.8529, Loss: 0.2883
[Train] Epoch:   7, Total:   1100, Accuracy : 0.9509, Loss: 0.1498
[Eval] Epoch:   7, Total:    408, Accuracy : 0.8407, Loss: 0.2704
[Train] Epoch:   8, Total:   1100, Accuracy : 0.9764, Loss: 0.2676
[Eval] Epoch:   8, Total:    408, Accuracy : 0.8456, Loss: 0.2378
[Train] Epoch:   9, Total:   1100, Accuracy : 0.9791, Loss: 0.0111
[Eval] Epoch:   9, Total:    408, Accuracy : 0.8431, Loss: 0.2311
[Train] Epoch:  10, Total:   1100, Accuracy : 0.9800, Loss: 0.0520
[Eval] Epoch:  10, Total:    408, Accuracy : 0.8456, Loss: 0.2431
[Train] Epoch:  11, Total:   1100, Accuracy : 0.9709, Loss: 0.0523
[Eval] Epoch:  11, Total:    408, Accuracy : 0.8480, Loss: 0.0678
[Train] Epoch:  12, Total:   1100, Accuracy : 0.9782, Loss: 0.0102
[Eval] Epoch:  12, Total:    408, Accuracy : 0.8333, Loss: 0.1907
[Train] Epoch:  13, Total:   1100, Accuracy : 0.9673, Loss: 0.0067
[Eval] Epoch:  13, Total:    408, Accuracy : 0.8382, Loss: 0.4920
[Train] Epoch:  14, Total:   1100, Accuracy : 0.9627, Loss: 0.0349
[Eval] Epoch:  14, Total:    408, Accuracy : 0.8284, Loss: 0.4421
[Train] Epoch:  15, Total:   1100, Accuracy : 0.9827, Loss: 0.1196
[Eval] Epoch:  15, Total:    408, Accuracy : 0.8407, Loss: 0.3511
[Train] Epoch:  16, Total:   1100, Accuracy : 0.9945, Loss: 0.2246
[Eval] Epoch:  16, Total:    408, Accuracy : 0.8578, Loss: 0.7067
[Train] Epoch:  17, Total:   1100, Accuracy : 0.9936, Loss: 0.0012
[Eval] Epoch:  17, Total:    408, Accuracy : 0.8382, Loss: 0.3773
[Train] Epoch:  18, Total:   1100, Accuracy : 0.9982, Loss: 0.0025
[Eval] Epoch:  18, Total:    408, Accuracy : 0.8456, Loss: 0.3868
[Train] Epoch:  19, Total:   1100, Accuracy : 0.9964, Loss: 0.0021
[Eval] Epoch:  19, Total:    408, Accuracy : 0.8407, Loss: 0.4084
{"epoch":[1,2,3,4,5,6,7,8,9,10,11,12,13,14,15,16,17,18,19,20],"train_loss":[0.6777049071258969,0.6477045085695055,0.577975269820955,0.4605272991789712,0.3505925205018785,0.27644672989845276,0.18533697517381775,0.1341386783040232,0.09194104911552535,0.06776223367907935,0.06474985854907168,0.09590346448951298,0.05893851609693633,0.08807890820834371,0.1229441493180477,0.06429159361869097,0.03664714010018441,0.025367592577822506,0.011672448612646096,0.009528238345713666],"eval_loss":[0.6507521952901568,0.5982341383184705,0.5177785073007856,0.4342056768281119,0.43107334205082487,0.39780397500310627,0.45796964849744526,0.4976549233709063,0.5234671298946653,0.5291662045887539,0.5395951845816204,0.5540525200111526,0.6825634858437947,0.6538267348493848,0.6661305981022971,0.5711153660501752,0.7521926845823016,0.8046256942408425,0.8105403355189732,0.8002376854419708],"train_acc":[0.5509090909090909,0.6754545454545454,0.6754545454545454,0.7463636363636363,0.85,0.8927272727272727,0.93,0.9509090909090909,0.9763636363636363,0.9790909090909091,0.98,0.9709090909090909,0.9781818181818182,0.9672727272727273,0.9627272727272728,0.9827272727272728,0.9945454545454545,0.9936363636363637,0.9981818181818182,0.9963636363636363],"eval_acc":[0.6838235294117647,0.6838235294117647,0.6936274509803921,0.7941176470588235,0.8284313725490197,0.8382352941176471,0.8529411764705882,0.8406862745098039,0.8455882352941176,0.8431372549019608,0.8455882352941176,0.8480392156862745,0.8333333333333334,0.8382352941176471,0.8284313725490197,0.8406862745098039,0.8578431372549019,0.8382352941176471,0.8455882352941176,0.8406862745098039]}
[Eval] Epoch:  11, Total:   1725, Accuracy : 0.8365, Loss: 0.7180
1725 1443 24.538535684347153
