random_0.05_model_0
DatasetDict({
    train: Dataset({
        features: ['sentence1', 'sentence2', 'label', 'indexes'],
        num_rows: 183
    })
    validation: Dataset({
        features: ['sentence1', 'sentence2', 'label', 'indexes'],
        num_rows: 408
    })
    test: Dataset({
        features: ['sentence1', 'sentence2', 'label', 'indexes'],
        num_rows: 1725
    })
})
[Train] Epoch:   0, Total:    183, Accuracy : 0.4262, Loss: 0.7067
[Eval] Epoch:   0, Total:    408, Accuracy : 0.3162, Loss: 0.7234
[Train] Epoch:   1, Total:    183, Accuracy : 0.4153, Loss: 0.7041
[Eval] Epoch:   1, Total:    408, Accuracy : 0.3162, Loss: 0.7174
[Train] Epoch:   2, Total:    183, Accuracy : 0.3989, Loss: 0.6953
[Eval] Epoch:   2, Total:    408, Accuracy : 0.3162, Loss: 0.7070
[Train] Epoch:   3, Total:    183, Accuracy : 0.4754, Loss: 0.6967
[Eval] Epoch:   3, Total:    408, Accuracy : 0.5490, Loss: 0.6935
[Train] Epoch:   4, Total:    183, Accuracy : 0.5082, Loss: 0.6907
[Eval] Epoch:   4, Total:    408, Accuracy : 0.6838, Loss: 0.6761
[Train] Epoch:   5, Total:    183, Accuracy : 0.5902, Loss: 0.6839
[Eval] Epoch:   5, Total:    408, Accuracy : 0.6838, Loss: 0.6564
[Train] Epoch:   6, Total:    183, Accuracy : 0.5902, Loss: 0.6978
[Eval] Epoch:   6, Total:    408, Accuracy : 0.6838, Loss: 0.6347
[Train] Epoch:   7, Total:    183, Accuracy : 0.5902, Loss: 0.6949
[Eval] Epoch:   7, Total:    408, Accuracy : 0.6838, Loss: 0.6170
[Train] Epoch:   8, Total:    183, Accuracy : 0.5902, Loss: 0.7107
[Eval] Epoch:   8, Total:    408, Accuracy : 0.6838, Loss: 0.6014
[Train] Epoch:   9, Total:    183, Accuracy : 0.5902, Loss: 0.6335
[Eval] Epoch:   9, Total:    408, Accuracy : 0.6838, Loss: 0.5902
[Train] Epoch:  10, Total:    183, Accuracy : 0.5902, Loss: 0.6920
[Eval] Epoch:  10, Total:    408, Accuracy : 0.6838, Loss: 0.5708
[Train] Epoch:  11, Total:    183, Accuracy : 0.5902, Loss: 0.6573
[Eval] Epoch:  11, Total:    408, Accuracy : 0.6863, Loss: 0.5429
[Train] Epoch:  12, Total:    183, Accuracy : 0.6284, Loss: 0.5674
[Eval] Epoch:  12, Total:    408, Accuracy : 0.7059, Loss: 0.4851
[Train] Epoch:  13, Total:    183, Accuracy : 0.6667, Loss: 0.6295
[Eval] Epoch:  13, Total:    408, Accuracy : 0.7132, Loss: 0.4362
[Train] Epoch:  14, Total:    183, Accuracy : 0.6831, Loss: 0.5098
[Eval] Epoch:  14, Total:    408, Accuracy : 0.7010, Loss: 0.4472
[Train] Epoch:  15, Total:    183, Accuracy : 0.6940, Loss: 0.4565
[Eval] Epoch:  15, Total:    408, Accuracy : 0.7108, Loss: 0.3718
[Train] Epoch:  16, Total:    183, Accuracy : 0.7541, Loss: 0.4073
[Eval] Epoch:  16, Total:    408, Accuracy : 0.7426, Loss: 0.4177
[Train] Epoch:  17, Total:    183, Accuracy : 0.9235, Loss: 0.3085
[Eval] Epoch:  17, Total:    408, Accuracy : 0.7451, Loss: 0.3939
[Train] Epoch:  18, Total:    183, Accuracy : 0.9235, Loss: 0.2955
[Eval] Epoch:  18, Total:    408, Accuracy : 0.7525, Loss: 0.4348
[Train] Epoch:  19, Total:    183, Accuracy : 0.9508, Loss: 0.2046
[Eval] Epoch:  19, Total:    408, Accuracy : 0.7525, Loss: 0.4191
{"epoch":[1,2,3,4,5,6,7,8,9,10,11,12,13,14,15,16,17,18,19,20],"train_loss":[0.7035665114720663,0.7073287963867188,0.6991738080978394,0.6965845227241516,0.6916218400001526,0.6804589827855428,0.6790400743484497,0.6789150834083557,0.6769842505455017,0.6695603926976522,0.6704982121785482,0.6532931725184122,0.6254585385322571,0.5796449780464172,0.5447251399358114,0.4793194929758708,0.413175106048584,0.32595380147298175,0.28469077746073407,0.20405741532643637],"eval_loss":[0.7132846457617623,0.7091539416994367,0.7020462325641087,0.6928612845284599,0.681283210005079,0.668583265372685,0.655121922492981,0.6447555507932391,0.6355422990662711,0.6284101520265851,0.6162119933537075,0.5982556939125061,0.5662377519266946,0.5501767567225865,0.5392831649099078,0.5530403511864799,0.5285435914993286,0.5421087571552822,0.5909572499138969,0.5849231481552124],"train_acc":[0.4262295081967213,0.41530054644808745,0.3989071038251366,0.47540983606557374,0.5081967213114754,0.5901639344262295,0.5901639344262295,0.5901639344262295,0.5901639344262295,0.5901639344262295,0.5901639344262295,0.5901639344262295,0.6284153005464481,0.6666666666666666,0.6830601092896175,0.6939890710382514,0.7540983606557377,0.9234972677595629,0.9234972677595629,0.9508196721311475],"eval_acc":[0.3161764705882353,0.3161764705882353,0.3161764705882353,0.5490196078431373,0.6838235294117647,0.6838235294117647,0.6838235294117647,0.6838235294117647,0.6838235294117647,0.6838235294117647,0.6838235294117647,0.6862745098039216,0.7058823529411765,0.7132352941176471,0.7009803921568627,0.7107843137254902,0.7426470588235294,0.7450980392156863,0.7524509803921569,0.7524509803921569]}
[Eval] Epoch:  11, Total:   1725, Accuracy : 0.7345, Loss: 0.5361
1725 1267 17.07829651236534
