pruned_1_0.02_model_0
DatasetDict({
    train: Dataset({
        features: ['sentence1', 'sentence2', 'label', 'indexes'],
        num_rows: 71
    })
    validation: Dataset({
        features: ['sentence1', 'sentence2', 'label', 'indexes'],
        num_rows: 408
    })
    test: Dataset({
        features: ['sentence1', 'sentence2', 'label', 'indexes'],
        num_rows: 1725
    })
})
[Train] Epoch:   0, Total:     71, Accuracy : 0.3944, Loss: 0.7605
[Eval] Epoch:   0, Total:    408, Accuracy : 0.3162, Loss: 0.7425
[Train] Epoch:   1, Total:     71, Accuracy : 0.3944, Loss: 0.6948
[Eval] Epoch:   1, Total:    408, Accuracy : 0.3162, Loss: 0.7397
[Train] Epoch:   2, Total:     71, Accuracy : 0.3944, Loss: 0.7176
[Eval] Epoch:   2, Total:    408, Accuracy : 0.3162, Loss: 0.7348
[Train] Epoch:   3, Total:     71, Accuracy : 0.3944, Loss: 0.7130
[Eval] Epoch:   3, Total:    408, Accuracy : 0.3162, Loss: 0.7279
[Train] Epoch:   4, Total:     71, Accuracy : 0.3944, Loss: 0.6950
[Eval] Epoch:   4, Total:    408, Accuracy : 0.3162, Loss: 0.7189
[Train] Epoch:   5, Total:     71, Accuracy : 0.3803, Loss: 0.6976
[Eval] Epoch:   5, Total:    408, Accuracy : 0.3162, Loss: 0.7083
[Train] Epoch:   6, Total:     71, Accuracy : 0.4225, Loss: 0.7047
[Eval] Epoch:   6, Total:    408, Accuracy : 0.3775, Loss: 0.6956
[Train] Epoch:   7, Total:     71, Accuracy : 0.6197, Loss: 0.6741
[Eval] Epoch:   7, Total:    408, Accuracy : 0.6838, Loss: 0.6809
[Train] Epoch:   8, Total:     71, Accuracy : 0.6338, Loss: 0.7291
[Eval] Epoch:   8, Total:    408, Accuracy : 0.6838, Loss: 0.6664
[Train] Epoch:   9, Total:     71, Accuracy : 0.6197, Loss: 0.7031
[Eval] Epoch:   9, Total:    408, Accuracy : 0.6838, Loss: 0.6534
[Train] Epoch:  10, Total:     71, Accuracy : 0.6056, Loss: 0.7058
[Eval] Epoch:  10, Total:    408, Accuracy : 0.6838, Loss: 0.6404
[Train] Epoch:  11, Total:     71, Accuracy : 0.6056, Loss: 0.6981
[Eval] Epoch:  11, Total:    408, Accuracy : 0.6838, Loss: 0.6267
[Train] Epoch:  12, Total:     71, Accuracy : 0.6056, Loss: 0.7091
[Eval] Epoch:  12, Total:    408, Accuracy : 0.6838, Loss: 0.6160
[Train] Epoch:  13, Total:     71, Accuracy : 0.6056, Loss: 0.7545
[Eval] Epoch:  13, Total:    408, Accuracy : 0.6838, Loss: 0.6057
[Train] Epoch:  14, Total:     71, Accuracy : 0.6056, Loss: 0.5562
[Eval] Epoch:  14, Total:    408, Accuracy : 0.6838, Loss: 0.5933
[Train] Epoch:  15, Total:     71, Accuracy : 0.6056, Loss: 0.5171
[Eval] Epoch:  15, Total:    408, Accuracy : 0.6838, Loss: 0.5722
[Train] Epoch:  16, Total:     71, Accuracy : 0.6056, Loss: 0.8051
[Eval] Epoch:  16, Total:    408, Accuracy : 0.6838, Loss: 0.5423
[Train] Epoch:  17, Total:     71, Accuracy : 0.6056, Loss: 0.8248
[Eval] Epoch:  17, Total:    408, Accuracy : 0.6838, Loss: 0.5111
[Train] Epoch:  18, Total:     71, Accuracy : 0.6056, Loss: 0.6877
[Eval] Epoch:  18, Total:    408, Accuracy : 0.6838, Loss: 0.5021
[Train] Epoch:  19, Total:     71, Accuracy : 0.6056, Loss: 0.4119
[Eval] Epoch:  19, Total:    408, Accuracy : 0.6838, Loss: 0.5172
{"epoch":[1,2,3,4,5,6,7,8,9,10,11,12,13,14,15,16,17,18,19,20],"train_loss":[0.7330158054828644,0.7031115591526031,0.7190074920654297,0.7140530049800873,0.7004090845584869,0.7016851305961609,0.6996910572052002,0.683422714471817,0.702897310256958,0.6885410249233246,0.6876721978187561,0.6798731684684753,0.6881148219108582,0.7087301015853882,0.6090223789215088,0.5910537242889404,0.7179119884967804,0.7123261988162994,0.6525256931781769,0.5140206813812256],"eval_loss":[0.726945161819458,0.7249336923871722,0.7214722803660801,0.716555757181985,0.7102725335529873,0.702915438583919,0.6942629218101501,0.684375354221889,0.6749879462378365,0.6665022458348956,0.6584785410336086,0.6498428327696664,0.6417400326047625,0.6357026355607169,0.6286069069589887,0.6161000047411237,0.6007499609674726,0.587611164365496,0.5821050916399274,0.5756923811776298],"train_acc":[0.39436619718309857,0.39436619718309857,0.39436619718309857,0.39436619718309857,0.39436619718309857,0.38028169014084506,0.4225352112676056,0.6197183098591549,0.6338028169014085,0.6197183098591549,0.6056338028169014,0.6056338028169014,0.6056338028169014,0.6056338028169014,0.6056338028169014,0.6056338028169014,0.6056338028169014,0.6056338028169014,0.6056338028169014,0.6056338028169014],"eval_acc":[0.3161764705882353,0.3161764705882353,0.3161764705882353,0.3161764705882353,0.3161764705882353,0.3161764705882353,0.37745098039215685,0.6838235294117647,0.6838235294117647,0.6838235294117647,0.6838235294117647,0.6838235294117647,0.6838235294117647,0.6838235294117647,0.6838235294117647,0.6838235294117647,0.6838235294117647,0.6838235294117647,0.6838235294117647,0.6838235294117647]}
[Eval] Epoch:  11, Total:   1725, Accuracy : 0.6649, Loss: 0.5795
1725 1147 16.137114077806473
