pruned_3_0.02_model_0
DatasetDict({
    train: Dataset({
        features: ['sentence1', 'sentence2', 'label', 'indexes'],
        num_rows: 73
    })
    validation: Dataset({
        features: ['sentence1', 'sentence2', 'label', 'indexes'],
        num_rows: 408
    })
    test: Dataset({
        features: ['sentence1', 'sentence2', 'label', 'indexes'],
        num_rows: 1725
    })
})
[Train] Epoch:   0, Total:     73, Accuracy : 0.3151, Loss: 0.7195
[Eval] Epoch:   0, Total:    408, Accuracy : 0.3162, Loss: 0.7133
[Train] Epoch:   1, Total:     73, Accuracy : 0.3699, Loss: 0.7004
[Eval] Epoch:   1, Total:    408, Accuracy : 0.3162, Loss: 0.7105
[Train] Epoch:   2, Total:     73, Accuracy : 0.3014, Loss: 0.7037
[Eval] Epoch:   2, Total:    408, Accuracy : 0.3162, Loss: 0.7059
[Train] Epoch:   3, Total:     73, Accuracy : 0.3973, Loss: 0.6921
[Eval] Epoch:   3, Total:    408, Accuracy : 0.3162, Loss: 0.6993
[Train] Epoch:   4, Total:     73, Accuracy : 0.3973, Loss: 0.7070
[Eval] Epoch:   4, Total:    408, Accuracy : 0.6642, Loss: 0.6916
[Train] Epoch:   5, Total:     73, Accuracy : 0.5342, Loss: 0.6855
[Eval] Epoch:   5, Total:    408, Accuracy : 0.6838, Loss: 0.6830
[Train] Epoch:   6, Total:     73, Accuracy : 0.6849, Loss: 0.6755
[Eval] Epoch:   6, Total:    408, Accuracy : 0.6838, Loss: 0.6722
[Train] Epoch:   7, Total:     73, Accuracy : 0.7260, Loss: 0.6682
[Eval] Epoch:   7, Total:    408, Accuracy : 0.6838, Loss: 0.6593
[Train] Epoch:   8, Total:     73, Accuracy : 0.6986, Loss: 0.6635
[Eval] Epoch:   8, Total:    408, Accuracy : 0.6838, Loss: 0.6443
[Train] Epoch:   9, Total:     73, Accuracy : 0.6986, Loss: 0.6666
[Eval] Epoch:   9, Total:    408, Accuracy : 0.6838, Loss: 0.6267
[Train] Epoch:  10, Total:     73, Accuracy : 0.6986, Loss: 0.5825
[Eval] Epoch:  10, Total:    408, Accuracy : 0.6838, Loss: 0.6057
[Train] Epoch:  11, Total:     73, Accuracy : 0.6986, Loss: 0.6899
[Eval] Epoch:  11, Total:    408, Accuracy : 0.6838, Loss: 0.5822
[Train] Epoch:  12, Total:     73, Accuracy : 0.6986, Loss: 0.7599
[Eval] Epoch:  12, Total:    408, Accuracy : 0.6838, Loss: 0.5558
[Train] Epoch:  13, Total:     73, Accuracy : 0.6986, Loss: 0.5260
[Eval] Epoch:  13, Total:    408, Accuracy : 0.6838, Loss: 0.5243
[Train] Epoch:  14, Total:     73, Accuracy : 0.6986, Loss: 0.5821
[Eval] Epoch:  14, Total:    408, Accuracy : 0.6838, Loss: 0.4915
[Train] Epoch:  15, Total:     73, Accuracy : 0.6986, Loss: 0.7264
[Eval] Epoch:  15, Total:    408, Accuracy : 0.6838, Loss: 0.4731
[Train] Epoch:  16, Total:     73, Accuracy : 0.6986, Loss: 0.7277
[Eval] Epoch:  16, Total:    408, Accuracy : 0.6838, Loss: 0.4616
[Train] Epoch:  17, Total:     73, Accuracy : 0.6986, Loss: 0.3885
[Eval] Epoch:  17, Total:    408, Accuracy : 0.6838, Loss: 0.4557
[Train] Epoch:  18, Total:     73, Accuracy : 0.6986, Loss: 0.5103
[Eval] Epoch:  18, Total:    408, Accuracy : 0.6838, Loss: 0.4542
[Train] Epoch:  19, Total:     73, Accuracy : 0.6986, Loss: 0.4584
[Eval] Epoch:  19, Total:    408, Accuracy : 0.6838, Loss: 0.4487
{"epoch":[1,2,3,4,5,6,7,8,9,10,11,12,13,14,15,16,17,18,19,20],"train_loss":[0.716353714466095,0.7021684050559998,0.7067277431488037,0.6972391903400421,0.7022263407707214,0.6903378069400787,0.6827974617481232,0.6683374345302582,0.6593022346496582,0.659409910440445,0.6207882165908813,0.6503636240959167,0.6868716478347778,0.574449896812439,0.5829743444919586,0.645537793636322,0.6438218355178833,0.4717463403940201,0.5268550515174866,0.48972101509571075],"eval_loss":[0.7065020373889378,0.7045938713209969,0.7014022980417524,0.6969538075583321,0.691730294908796,0.6859770672661918,0.6789210864475795,0.6706331287111554,0.6612571392740522,0.6509434921400887,0.6385721138545445,0.6256598915372577,0.6128088406154087,0.6028322066579547,0.5970353867326464,0.5961392181260246,0.5967346898147038,0.5999582409858704,0.5939986961228507,0.5972423255443573],"train_acc":[0.3150684931506849,0.3698630136986301,0.3013698630136986,0.3972602739726027,0.3972602739726027,0.5342465753424658,0.684931506849315,0.726027397260274,0.6986301369863014,0.6986301369863014,0.6986301369863014,0.6986301369863014,0.6986301369863014,0.6986301369863014,0.6986301369863014,0.6986301369863014,0.6986301369863014,0.6986301369863014,0.6986301369863014,0.6986301369863014],"eval_acc":[0.3161764705882353,0.3161764705882353,0.3161764705882353,0.3161764705882353,0.6642156862745098,0.6838235294117647,0.6838235294117647,0.6838235294117647,0.6838235294117647,0.6838235294117647,0.6838235294117647,0.6838235294117647,0.6838235294117647,0.6838235294117647,0.6838235294117647,0.6838235294117647,0.6838235294117647,0.6838235294117647,0.6838235294117647,0.6838235294117647]}
[Eval] Epoch:  11, Total:   1725, Accuracy : 0.6649, Loss: 0.6105
1725 1147 17.109812021255493
