pruned_2_0.5_model_0
DatasetDict({
    train: Dataset({
        features: ['sentence1', 'sentence2', 'label', 'indexes'],
        num_rows: 1834
    })
    validation: Dataset({
        features: ['sentence1', 'sentence2', 'label', 'indexes'],
        num_rows: 408
    })
    test: Dataset({
        features: ['sentence1', 'sentence2', 'label', 'indexes'],
        num_rows: 1725
    })
})
[Train] Epoch:   0, Total:   1834, Accuracy : 0.6489, Loss: 0.6333
[Eval] Epoch:   0, Total:    408, Accuracy : 0.6838, Loss: 0.4919
[Train] Epoch:   1, Total:   1834, Accuracy : 0.6848, Loss: 0.6300
[Eval] Epoch:   1, Total:    408, Accuracy : 0.6838, Loss: 0.4507
[Train] Epoch:   2, Total:   1834, Accuracy : 0.7323, Loss: 0.4468
[Eval] Epoch:   2, Total:    408, Accuracy : 0.8456, Loss: 0.2591
[Train] Epoch:   3, Total:   1834, Accuracy : 0.8408, Loss: 0.3173
[Eval] Epoch:   3, Total:    408, Accuracy : 0.8750, Loss: 0.0911
[Train] Epoch:   4, Total:   1834, Accuracy : 0.8959, Loss: 0.3547
[Eval] Epoch:   4, Total:    408, Accuracy : 0.8701, Loss: 0.0626
[Train] Epoch:   5, Total:   1834, Accuracy : 0.9253, Loss: 0.2163
[Eval] Epoch:   5, Total:    408, Accuracy : 0.8750, Loss: 0.0608
[Train] Epoch:   6, Total:   1834, Accuracy : 0.9515, Loss: 0.1877
[Eval] Epoch:   6, Total:    408, Accuracy : 0.8676, Loss: 0.0965
[Train] Epoch:   7, Total:   1834, Accuracy : 0.9684, Loss: 0.1323
[Eval] Epoch:   7, Total:    408, Accuracy : 0.8529, Loss: 0.0614
[Train] Epoch:   8, Total:   1834, Accuracy : 0.9782, Loss: 0.0344
[Eval] Epoch:   8, Total:    408, Accuracy : 0.8676, Loss: 0.1286
[Train] Epoch:   9, Total:   1834, Accuracy : 0.9826, Loss: 0.0556
[Eval] Epoch:   9, Total:    408, Accuracy : 0.8578, Loss: 0.1189
[Train] Epoch:  10, Total:   1834, Accuracy : 0.9842, Loss: 0.0951
[Eval] Epoch:  10, Total:    408, Accuracy : 0.8480, Loss: 0.1510
[Train] Epoch:  11, Total:   1834, Accuracy : 0.9733, Loss: 0.1775
[Eval] Epoch:  11, Total:    408, Accuracy : 0.8211, Loss: 0.0749
[Train] Epoch:  12, Total:   1834, Accuracy : 0.9744, Loss: 0.1372
[Eval] Epoch:  12, Total:    408, Accuracy : 0.8456, Loss: 0.0170
[Train] Epoch:  13, Total:   1834, Accuracy : 0.9776, Loss: 0.0055
[Eval] Epoch:  13, Total:    408, Accuracy : 0.8480, Loss: 0.0133
[Train] Epoch:  14, Total:   1834, Accuracy : 0.9869, Loss: 0.1883
[Eval] Epoch:  14, Total:    408, Accuracy : 0.8529, Loss: 0.1749
[Train] Epoch:  15, Total:   1834, Accuracy : 0.9913, Loss: 0.0154
[Eval] Epoch:  15, Total:    408, Accuracy : 0.8456, Loss: 0.2071
[Train] Epoch:  16, Total:   1834, Accuracy : 0.9875, Loss: 0.0017
[Eval] Epoch:  16, Total:    408, Accuracy : 0.8627, Loss: 0.0012
[Train] Epoch:  17, Total:   1834, Accuracy : 0.9918, Loss: 0.0013
[Eval] Epoch:  17, Total:    408, Accuracy : 0.8676, Loss: 0.0010
[Train] Epoch:  18, Total:   1834, Accuracy : 0.9951, Loss: 0.1637
[Eval] Epoch:  18, Total:    408, Accuracy : 0.8652, Loss: 0.0024
[Train] Epoch:  19, Total:   1834, Accuracy : 0.9951, Loss: 0.0028
[Eval] Epoch:  19, Total:    408, Accuracy : 0.8676, Loss: 0.0025
{"epoch":[1,2,3,4,5,6,7,8,9,10,11,12,13,14,15,16,17,18,19,20],"train_loss":[0.6572521719439276,0.6099126020382191,0.5014592152217339,0.36908448821511763,0.27452646606955033,0.20731538559856086,0.1443641447815402,0.09912049050988822,0.07386632520577004,0.06338732766694036,0.05619652633523119,0.08592370107513049,0.0820322859518487,0.06966526822411809,0.045548444694100784,0.031238500606910937,0.040965856550710986,0.026544278435376954,0.020210712232851778,0.015967512282478655],"eval_loss":[0.6110153666564396,0.5344463033335549,0.3687849981444223,0.3021923431328365,0.33145538717508316,0.3236760353403432,0.3717465539063726,0.40348026369299206,0.46840652397700716,0.495986775628158,0.5738905391522816,0.7021691969462803,0.5625597257167101,0.7022656895486372,0.754688058580671,0.8491861543485096,0.7546340047681172,0.7076386595643791,0.7242894802641656,0.7090569486775037],"train_acc":[0.648854961832061,0.6848418756815703,0.7322791712104689,0.8407851690294439,0.895856052344602,0.9252998909487459,0.9514721919302072,0.9683751363140676,0.9781897491821155,0.9825517993456925,0.9841875681570338,0.9732824427480916,0.9743729552889858,0.9776444929116684,0.9869138495092693,0.9912758996728462,0.9874591057797165,0.9918211559432933,0.995092693565976,0.995092693565976],"eval_acc":[0.6838235294117647,0.6838235294117647,0.8455882352941176,0.875,0.8700980392156863,0.875,0.8676470588235294,0.8529411764705882,0.8676470588235294,0.8578431372549019,0.8480392156862745,0.821078431372549,0.8455882352941176,0.8480392156862745,0.8529411764705882,0.8455882352941176,0.8627450980392157,0.8676470588235294,0.8651960784313726,0.8676470588235294]}
[Eval] Epoch:  11, Total:   1725, Accuracy : 0.8632, Loss: 0.8068
1725 1489 22.503186583518982
