random_0.5_model_0
DatasetDict({
    train: Dataset({
        features: ['sentence1', 'sentence2', 'label', 'indexes'],
        num_rows: 1834
    })
    validation: Dataset({
        features: ['sentence1', 'sentence2', 'label', 'indexes'],
        num_rows: 408
    })
    test: Dataset({
        features: ['sentence1', 'sentence2', 'label', 'indexes'],
        num_rows: 1725
    })
})
[Train] Epoch:   0, Total:   1834, Accuracy : 0.5965, Loss: 0.6308
[Eval] Epoch:   0, Total:    408, Accuracy : 0.6838, Loss: 0.5354
[Train] Epoch:   1, Total:   1834, Accuracy : 0.6799, Loss: 0.7025
[Eval] Epoch:   1, Total:    408, Accuracy : 0.7108, Loss: 0.4485
[Train] Epoch:   2, Total:   1834, Accuracy : 0.7574, Loss: 0.2973
[Eval] Epoch:   2, Total:    408, Accuracy : 0.8235, Loss: 0.2554
[Train] Epoch:   3, Total:   1834, Accuracy : 0.8631, Loss: 0.4721
[Eval] Epoch:   3, Total:    408, Accuracy : 0.8456, Loss: 0.2170
[Train] Epoch:   4, Total:   1834, Accuracy : 0.9024, Loss: 0.3049
[Eval] Epoch:   4, Total:    408, Accuracy : 0.8284, Loss: 0.2182
[Train] Epoch:   5, Total:   1834, Accuracy : 0.9302, Loss: 0.1361
[Eval] Epoch:   5, Total:    408, Accuracy : 0.8627, Loss: 0.1720
[Train] Epoch:   6, Total:   1834, Accuracy : 0.9602, Loss: 0.1156
[Eval] Epoch:   6, Total:    408, Accuracy : 0.8456, Loss: 0.1824
[Train] Epoch:   7, Total:   1834, Accuracy : 0.9678, Loss: 0.0746
[Eval] Epoch:   7, Total:    408, Accuracy : 0.8775, Loss: 0.0503
[Train] Epoch:   8, Total:   1834, Accuracy : 0.9793, Loss: 0.0206
[Eval] Epoch:   8, Total:    408, Accuracy : 0.8701, Loss: 0.0837
[Train] Epoch:   9, Total:   1834, Accuracy : 0.9815, Loss: 0.0219
[Eval] Epoch:   9, Total:    408, Accuracy : 0.8873, Loss: 0.0655
[Train] Epoch:  10, Total:   1834, Accuracy : 0.9880, Loss: 0.0737
[Eval] Epoch:  10, Total:    408, Accuracy : 0.8235, Loss: 0.4239
[Train] Epoch:  11, Total:   1834, Accuracy : 0.9618, Loss: 0.2770
[Eval] Epoch:  11, Total:    408, Accuracy : 0.8725, Loss: 0.1586
[Train] Epoch:  12, Total:   1834, Accuracy : 0.9826, Loss: 0.0792
[Eval] Epoch:  12, Total:    408, Accuracy : 0.8431, Loss: 0.2539
[Train] Epoch:  13, Total:   1834, Accuracy : 0.9815, Loss: 0.0275
[Eval] Epoch:  13, Total:    408, Accuracy : 0.8750, Loss: 0.0537
[Train] Epoch:  14, Total:   1834, Accuracy : 0.9875, Loss: 0.0443
[Eval] Epoch:  14, Total:    408, Accuracy : 0.8676, Loss: 0.0819
[Train] Epoch:  15, Total:   1834, Accuracy : 0.9907, Loss: 0.0013
[Eval] Epoch:  15, Total:    408, Accuracy : 0.8627, Loss: 0.3115
[Train] Epoch:  16, Total:   1834, Accuracy : 0.9924, Loss: 0.1016
[Eval] Epoch:  16, Total:    408, Accuracy : 0.8775, Loss: 0.3325
[Train] Epoch:  17, Total:   1834, Accuracy : 0.9935, Loss: 0.0183
[Eval] Epoch:  17, Total:    408, Accuracy : 0.8750, Loss: 0.2859
[Train] Epoch:  18, Total:   1834, Accuracy : 0.9962, Loss: 0.0007
[Eval] Epoch:  18, Total:    408, Accuracy : 0.8750, Loss: 0.2990
[Train] Epoch:  19, Total:   1834, Accuracy : 0.9967, Loss: 0.0109
[Eval] Epoch:  19, Total:    408, Accuracy : 0.8775, Loss: 0.2974
{"epoch":[1,2,3,4,5,6,7,8,9,10,11,12,13,14,15,16,17,18,19,20],"train_loss":[0.6703220338656984,0.6147174506351866,0.4821660744732824,0.32742619308932075,0.24429615509921107,0.180036504977736,0.11584203279223936,0.09973325053679533,0.06373372590490456,0.056279042767810414,0.04638135295104364,0.11756228193126876,0.054067869943662965,0.057816266371258376,0.040448983416667784,0.03196957714229437,0.02344124747143159,0.01983318832132901,0.015904993262414915,0.013667246457269609],"eval_loss":[0.6110465271132333,0.534768990107945,0.38504367215292795,0.34228784910270144,0.38328538622174946,0.362332005585943,0.5149027194295611,0.4322127673242773,0.44071231143815176,0.42329626104661394,0.7628523622240339,0.5349369602543967,0.6830641967909676,0.6198342612811497,0.6398794863905225,0.7430805904524667,0.6521103211811611,0.7134283951350621,0.7188829779624939,0.7073180632931846],"train_acc":[0.5965103598691385,0.6799345692475464,0.757360959651036,0.8631406761177753,0.9023991275899673,0.9302071973827699,0.9601962922573609,0.9678298800436205,0.9792802617230099,0.9814612868047983,0.9880043620501636,0.9618320610687023,0.9825517993456925,0.9814612868047983,0.9874591057797165,0.9907306434023991,0.9923664122137404,0.9934569247546347,0.9961832061068703,0.9967284623773174],"eval_acc":[0.6838235294117647,0.7107843137254902,0.8235294117647058,0.8455882352941176,0.8284313725490197,0.8627450980392157,0.8455882352941176,0.8774509803921569,0.8700980392156863,0.8872549019607843,0.8235294117647058,0.8725490196078431,0.8431372549019608,0.875,0.8676470588235294,0.8627450980392157,0.8774509803921569,0.875,0.875,0.8774509803921569]}
[Eval] Epoch:  11, Total:   1725, Accuracy : 0.8551, Loss: 1.1636
1725 1475 23.84438470005989
