pruned_1_0.3_model_0
DatasetDict({
    train: Dataset({
        features: ['sentence1', 'sentence2', 'label', 'indexes'],
        num_rows: 1104
    })
    validation: Dataset({
        features: ['sentence1', 'sentence2', 'label', 'indexes'],
        num_rows: 408
    })
    test: Dataset({
        features: ['sentence1', 'sentence2', 'label', 'indexes'],
        num_rows: 1725
    })
})
[Train] Epoch:   0, Total:   1104, Accuracy : 0.6703, Loss: 0.6994
[Eval] Epoch:   0, Total:    408, Accuracy : 0.6838, Loss: 0.6052
[Train] Epoch:   1, Total:   1104, Accuracy : 0.6748, Loss: 0.7271
[Eval] Epoch:   1, Total:    408, Accuracy : 0.6838, Loss: 0.4716
[Train] Epoch:   2, Total:   1104, Accuracy : 0.6739, Loss: 0.6042
[Eval] Epoch:   2, Total:    408, Accuracy : 0.6838, Loss: 0.4504
[Train] Epoch:   3, Total:   1104, Accuracy : 0.7373, Loss: 0.3366
[Eval] Epoch:   3, Total:    408, Accuracy : 0.7623, Loss: 0.3632
[Train] Epoch:   4, Total:   1104, Accuracy : 0.8496, Loss: 0.2199
[Eval] Epoch:   4, Total:    408, Accuracy : 0.8235, Loss: 0.3972
[Train] Epoch:   5, Total:   1104, Accuracy : 0.9013, Loss: 0.1133
[Eval] Epoch:   5, Total:    408, Accuracy : 0.8015, Loss: 0.3709
[Train] Epoch:   6, Total:   1104, Accuracy : 0.9221, Loss: 0.2441
[Eval] Epoch:   6, Total:    408, Accuracy : 0.8260, Loss: 0.2601
[Train] Epoch:   7, Total:   1104, Accuracy : 0.9493, Loss: 0.0214
[Eval] Epoch:   7, Total:    408, Accuracy : 0.8235, Loss: 0.2256
[Train] Epoch:   8, Total:   1104, Accuracy : 0.9583, Loss: 0.0265
[Eval] Epoch:   8, Total:    408, Accuracy : 0.8309, Loss: 0.1707
[Train] Epoch:   9, Total:   1104, Accuracy : 0.9674, Loss: 0.0617
[Eval] Epoch:   9, Total:    408, Accuracy : 0.8284, Loss: 0.1653
[Train] Epoch:  10, Total:   1104, Accuracy : 0.9746, Loss: 0.0757
[Eval] Epoch:  10, Total:    408, Accuracy : 0.8333, Loss: 0.1657
[Train] Epoch:  11, Total:   1104, Accuracy : 0.9674, Loss: 0.1469
[Eval] Epoch:  11, Total:    408, Accuracy : 0.8137, Loss: 0.5036
[Train] Epoch:  12, Total:   1104, Accuracy : 0.9629, Loss: 0.0221
[Eval] Epoch:  12, Total:    408, Accuracy : 0.8064, Loss: 0.6614
[Train] Epoch:  13, Total:   1104, Accuracy : 0.9710, Loss: 0.0481
[Eval] Epoch:  13, Total:    408, Accuracy : 0.8015, Loss: 0.3706
[Train] Epoch:  14, Total:   1104, Accuracy : 0.9755, Loss: 0.0048
[Eval] Epoch:  14, Total:    408, Accuracy : 0.8186, Loss: 0.6302
[Train] Epoch:  15, Total:   1104, Accuracy : 0.9746, Loss: 0.0065
[Eval] Epoch:  15, Total:    408, Accuracy : 0.8309, Loss: 0.4273
[Train] Epoch:  16, Total:   1104, Accuracy : 0.9783, Loss: 0.1224
[Eval] Epoch:  16, Total:    408, Accuracy : 0.8407, Loss: 0.2999
[Train] Epoch:  17, Total:   1104, Accuracy : 0.9837, Loss: 0.0059
[Eval] Epoch:  17, Total:    408, Accuracy : 0.8137, Loss: 0.4021
[Train] Epoch:  18, Total:   1104, Accuracy : 0.9864, Loss: 0.1494
[Eval] Epoch:  18, Total:    408, Accuracy : 0.8162, Loss: 0.3964
[Train] Epoch:  19, Total:   1104, Accuracy : 0.9864, Loss: 0.0035
[Eval] Epoch:  19, Total:    408, Accuracy : 0.8162, Loss: 0.3617
{"epoch":[1,2,3,4,5,6,7,8,9,10,11,12,13,14,15,16,17,18,19,20],"train_loss":[0.6702206068568759,0.6372020807531145,0.582777245177163,0.472997259762552,0.3516881490747134,0.251818072464731,0.21441846009757784,0.14245274176614153,0.12638847612672383,0.11234632113741504,0.08676101660562886,0.11054052267637518,0.13852156243390507,0.10874423726151387,0.08421183302481142,0.08360238386214608,0.0783262068612708,0.04630181778015362,0.0453503099658216,0.04000073531642556],"eval_loss":[0.6395901611873082,0.5946086645126343,0.5227087438106537,0.4890385227543967,0.43410087483269827,0.5673851370811462,0.4721678239958627,0.5021672525576183,0.5211514426129205,0.5347407119614738,0.5324336141347885,0.6243260375091008,0.7887346318789891,0.7394469167504992,0.8145829013415745,0.81050192458289,0.7614494093826839,0.8151398939745766,0.8277140387466976,0.8185497607503619],"train_acc":[0.6702898550724637,0.6748188405797102,0.6739130434782609,0.7373188405797102,0.8496376811594203,0.9012681159420289,0.9221014492753623,0.9492753623188406,0.9583333333333334,0.967391304347826,0.9746376811594203,0.967391304347826,0.9628623188405797,0.9710144927536232,0.9755434782608695,0.9746376811594203,0.9782608695652174,0.9836956521739131,0.9864130434782609,0.9864130434782609],"eval_acc":[0.6838235294117647,0.6838235294117647,0.6838235294117647,0.7622549019607843,0.8235294117647058,0.8014705882352942,0.8259803921568627,0.8235294117647058,0.8308823529411765,0.8284313725490197,0.8333333333333334,0.8137254901960784,0.8063725490196079,0.8014705882352942,0.8186274509803921,0.8308823529411765,0.8406862745098039,0.8137254901960784,0.8161764705882353,0.8161764705882353]}
[Eval] Epoch:  11, Total:   1725, Accuracy : 0.8162, Loss: 0.6598
1725 1408 24.01652678847313
