random_0.25_model_0
DatasetDict({
    train: Dataset({
        features: ['sentence1', 'sentence2', 'label', 'indexes'],
        num_rows: 917
    })
    validation: Dataset({
        features: ['sentence1', 'sentence2', 'label', 'indexes'],
        num_rows: 408
    })
    test: Dataset({
        features: ['sentence1', 'sentence2', 'label', 'indexes'],
        num_rows: 1725
    })
})
[Train] Epoch:   0, Total:    917, Accuracy : 0.5834, Loss: 0.6441
[Eval] Epoch:   0, Total:    408, Accuracy : 0.6838, Loss: 0.6458
[Train] Epoch:   1, Total:    917, Accuracy : 0.6859, Loss: 0.6131
[Eval] Epoch:   1, Total:    408, Accuracy : 0.6838, Loss: 0.5157
[Train] Epoch:   2, Total:    917, Accuracy : 0.6859, Loss: 0.4581
[Eval] Epoch:   2, Total:    408, Accuracy : 0.6838, Loss: 0.4637
[Train] Epoch:   3, Total:    917, Accuracy : 0.6957, Loss: 0.5650
[Eval] Epoch:   3, Total:    408, Accuracy : 0.7059, Loss: 0.4018
[Train] Epoch:   4, Total:    917, Accuracy : 0.7797, Loss: 0.4109
[Eval] Epoch:   4, Total:    408, Accuracy : 0.7770, Loss: 0.3935
[Train] Epoch:   5, Total:    917, Accuracy : 0.8702, Loss: 0.2232
[Eval] Epoch:   5, Total:    408, Accuracy : 0.8260, Loss: 0.3333
[Train] Epoch:   6, Total:    917, Accuracy : 0.9051, Loss: 0.3909
[Eval] Epoch:   6, Total:    408, Accuracy : 0.8309, Loss: 0.2941
[Train] Epoch:   7, Total:    917, Accuracy : 0.9466, Loss: 0.0774
[Eval] Epoch:   7, Total:    408, Accuracy : 0.8382, Loss: 0.4234
[Train] Epoch:   8, Total:    917, Accuracy : 0.9520, Loss: 0.1471
[Eval] Epoch:   8, Total:    408, Accuracy : 0.8260, Loss: 0.5275
[Train] Epoch:   9, Total:    917, Accuracy : 0.9684, Loss: 0.0355
[Eval] Epoch:   9, Total:    408, Accuracy : 0.8333, Loss: 0.5458
[Train] Epoch:  10, Total:    917, Accuracy : 0.9760, Loss: 0.0570
[Eval] Epoch:  10, Total:    408, Accuracy : 0.8358, Loss: 0.6133
[Train] Epoch:  11, Total:    917, Accuracy : 0.9629, Loss: 0.0745
[Eval] Epoch:  11, Total:    408, Accuracy : 0.8137, Loss: 0.6983
[Train] Epoch:  12, Total:    917, Accuracy : 0.9716, Loss: 0.0087
[Eval] Epoch:  12, Total:    408, Accuracy : 0.8284, Loss: 0.3994
[Train] Epoch:  13, Total:    917, Accuracy : 0.9564, Loss: 0.0071
[Eval] Epoch:  13, Total:    408, Accuracy : 0.8039, Loss: 0.5165
[Train] Epoch:  14, Total:    917, Accuracy : 0.9640, Loss: 0.1667
[Eval] Epoch:  14, Total:    408, Accuracy : 0.8015, Loss: 0.4824
[Train] Epoch:  15, Total:    917, Accuracy : 0.9815, Loss: 0.0078
[Eval] Epoch:  15, Total:    408, Accuracy : 0.8211, Loss: 0.6261
[Train] Epoch:  16, Total:    917, Accuracy : 0.9902, Loss: 0.0149
[Eval] Epoch:  16, Total:    408, Accuracy : 0.8113, Loss: 0.8565
[Train] Epoch:  17, Total:    917, Accuracy : 0.9902, Loss: 0.0118
[Eval] Epoch:  17, Total:    408, Accuracy : 0.8284, Loss: 0.8022
[Train] Epoch:  18, Total:    917, Accuracy : 0.9935, Loss: 0.0035
[Eval] Epoch:  18, Total:    408, Accuracy : 0.8186, Loss: 0.8553
[Train] Epoch:  19, Total:    917, Accuracy : 0.9924, Loss: 0.0064
[Eval] Epoch:  19, Total:    408, Accuracy : 0.8260, Loss: 0.8465
{"epoch":[1,2,3,4,5,6,7,8,9,10,11,12,13,14,15,16,17,18,19,20],"train_loss":[0.6822711189587911,0.6400275746981303,0.5880221486091614,0.5324312627315522,0.41616182525952655,0.31378196279207865,0.23487124741077423,0.16604336500167846,0.13796359151601792,0.10172753209869066,0.09191996852556865,0.11904562090833982,0.09141687043011189,0.13039131655047337,0.1204672842596968,0.05561250348885854,0.03763446031759183,0.0350811628314356,0.021898578231533367,0.01888778490635256],"eval_loss":[0.6626989075115749,0.603704001222338,0.5883451657635825,0.48396940316472736,0.611290808234896,0.4212754028184073,0.4203347308295114,0.4368816316127777,0.4918631485530308,0.5816461486475808,0.5614766563688006,0.7828522622585297,0.7281715869903564,0.8579271009990147,0.8411556099142347,0.7851805431502206,0.9435803464480809,0.8980088319097247,0.8895500217165265,0.8894185594149998],"train_acc":[0.5834242093784079,0.6859323882224646,0.6859323882224646,0.6957470010905126,0.7797164667393675,0.8702290076335878,0.9051254089422028,0.9465648854961832,0.9520174482006543,0.9683751363140676,0.9760087241003271,0.9629225736095965,0.9716466739367503,0.9563794983642312,0.9640130861504908,0.9814612868047983,0.990185387131952,0.990185387131952,0.9934569247546347,0.9923664122137404],"eval_acc":[0.6838235294117647,0.6838235294117647,0.6838235294117647,0.7058823529411765,0.7769607843137255,0.8259803921568627,0.8308823529411765,0.8382352941176471,0.8259803921568627,0.8333333333333334,0.8357843137254902,0.8137254901960784,0.8284313725490197,0.803921568627451,0.8014705882352942,0.821078431372549,0.8112745098039216,0.8284313725490197,0.8186274509803921,0.8259803921568627]}
[Eval] Epoch:  11, Total:   1725, Accuracy : 0.8191, Loss: 1.0410
1725 1413 26.132517337799072
