pruned_2_0.3_model_0
DatasetDict({
    train: Dataset({
        features: ['sentence1', 'sentence2', 'label', 'indexes'],
        num_rows: 1100
    })
    validation: Dataset({
        features: ['sentence1', 'sentence2', 'label', 'indexes'],
        num_rows: 408
    })
    test: Dataset({
        features: ['sentence1', 'sentence2', 'label', 'indexes'],
        num_rows: 1725
    })
})
[Train] Epoch:   0, Total:   1100, Accuracy : 0.6527, Loss: 0.6332
[Eval] Epoch:   0, Total:    408, Accuracy : 0.6838, Loss: 0.6074
[Train] Epoch:   1, Total:   1100, Accuracy : 0.6782, Loss: 0.8238
[Eval] Epoch:   1, Total:    408, Accuracy : 0.6838, Loss: 0.4889
[Train] Epoch:   2, Total:   1100, Accuracy : 0.6782, Loss: 0.5667
[Eval] Epoch:   2, Total:    408, Accuracy : 0.6838, Loss: 0.4610
[Train] Epoch:   3, Total:   1100, Accuracy : 0.6791, Loss: 0.7340
[Eval] Epoch:   3, Total:    408, Accuracy : 0.6985, Loss: 0.4288
[Train] Epoch:   4, Total:   1100, Accuracy : 0.7591, Loss: 0.3930
[Eval] Epoch:   4, Total:    408, Accuracy : 0.7892, Loss: 0.3290
[Train] Epoch:   5, Total:   1100, Accuracy : 0.8518, Loss: 0.4661
[Eval] Epoch:   5, Total:    408, Accuracy : 0.8137, Loss: 0.3248
[Train] Epoch:   6, Total:   1100, Accuracy : 0.8982, Loss: 0.1527
[Eval] Epoch:   6, Total:    408, Accuracy : 0.8284, Loss: 0.2888
[Train] Epoch:   7, Total:   1100, Accuracy : 0.9255, Loss: 0.3091
[Eval] Epoch:   7, Total:    408, Accuracy : 0.8358, Loss: 0.2736
[Train] Epoch:   8, Total:   1100, Accuracy : 0.9355, Loss: 0.3126
[Eval] Epoch:   8, Total:    408, Accuracy : 0.8407, Loss: 0.2440
[Train] Epoch:   9, Total:   1100, Accuracy : 0.9509, Loss: 0.0578
[Eval] Epoch:   9, Total:    408, Accuracy : 0.8358, Loss: 0.2475
[Train] Epoch:  10, Total:   1100, Accuracy : 0.9582, Loss: 0.0798
[Eval] Epoch:  10, Total:    408, Accuracy : 0.8407, Loss: 0.2503
[Train] Epoch:  11, Total:   1100, Accuracy : 0.9373, Loss: 0.3461
[Eval] Epoch:  11, Total:    408, Accuracy : 0.8284, Loss: 0.1974
[Train] Epoch:  12, Total:   1100, Accuracy : 0.9555, Loss: 0.1002
[Eval] Epoch:  12, Total:    408, Accuracy : 0.8431, Loss: 0.3009
[Train] Epoch:  13, Total:   1100, Accuracy : 0.9555, Loss: 0.2772
[Eval] Epoch:  13, Total:    408, Accuracy : 0.8431, Loss: 0.2523
[Train] Epoch:  14, Total:   1100, Accuracy : 0.9673, Loss: 0.0102
[Eval] Epoch:  14, Total:    408, Accuracy : 0.8333, Loss: 0.2637
[Train] Epoch:  15, Total:   1100, Accuracy : 0.9745, Loss: 0.0393
[Eval] Epoch:  15, Total:    408, Accuracy : 0.8382, Loss: 0.2358
[Train] Epoch:  16, Total:   1100, Accuracy : 0.9782, Loss: 0.0089
[Eval] Epoch:  16, Total:    408, Accuracy : 0.8260, Loss: 0.2268
[Train] Epoch:  17, Total:   1100, Accuracy : 0.9864, Loss: 0.0037
[Eval] Epoch:  17, Total:    408, Accuracy : 0.8260, Loss: 0.3219
[Train] Epoch:  18, Total:   1100, Accuracy : 0.9900, Loss: 0.1243
[Eval] Epoch:  18, Total:    408, Accuracy : 0.8309, Loss: 0.2989
[Train] Epoch:  19, Total:   1100, Accuracy : 0.9882, Loss: 0.2525
[Eval] Epoch:  19, Total:    408, Accuracy : 0.8309, Loss: 0.3017
{"epoch":[1,2,3,4,5,6,7,8,9,10,11,12,13,14,15,16,17,18,19,20],"train_loss":[0.6744903160466088,0.6529997024271224,0.6097790234618716,0.5687462190786997,0.4674470176299413,0.3733120337128639,0.268341520594226,0.22308128989405102,0.20127146111594307,0.1594216502788994,0.1401223616881503,0.20396280992362234,0.14099665524231064,0.14102527561287084,0.09952662409179741,0.07886842508903807,0.06554165839528044,0.04728896584775713,0.04013590199045009,0.04303954841776027],"eval_loss":[0.6401237164224897,0.6162253788539341,0.5756013691425323,0.5055853469031197,0.42663521000317167,0.49281148825372967,0.43734942589487347,0.5083178579807281,0.4827130841357367,0.47473204135894775,0.4898262321949005,0.4682777353695461,0.6372458551611219,0.6232664287090302,0.6172594598361424,0.6500367522239685,0.6416218685252326,0.7053969332150051,0.7451122743742806,0.7494968771934509],"train_acc":[0.6527272727272727,0.6781818181818182,0.6781818181818182,0.6790909090909091,0.759090909090909,0.8518181818181818,0.8981818181818182,0.9254545454545454,0.9354545454545454,0.9509090909090909,0.9581818181818181,0.9372727272727273,0.9554545454545454,0.9554545454545454,0.9672727272727273,0.9745454545454545,0.9781818181818182,0.9863636363636363,0.99,0.9881818181818182],"eval_acc":[0.6838235294117647,0.6838235294117647,0.6838235294117647,0.6985294117647058,0.7892156862745098,0.8137254901960784,0.8284313725490197,0.8357843137254902,0.8406862745098039,0.8357843137254902,0.8406862745098039,0.8284313725490197,0.8431372549019608,0.8431372549019608,0.8333333333333334,0.8382352941176471,0.8259803921568627,0.8259803921568627,0.8308823529411765,0.8308823529411765]}
[Eval] Epoch:  11, Total:   1725, Accuracy : 0.8296, Loss: 0.8907
1725 1431 21.864146500825882
