pruned_2_0.02_model_0
DatasetDict({
    train: Dataset({
        features: ['sentence1', 'sentence2', 'label', 'indexes'],
        num_rows: 73
    })
    validation: Dataset({
        features: ['sentence1', 'sentence2', 'label', 'indexes'],
        num_rows: 408
    })
    test: Dataset({
        features: ['sentence1', 'sentence2', 'label', 'indexes'],
        num_rows: 1725
    })
})
[Train] Epoch:   0, Total:     73, Accuracy : 0.5753, Loss: 0.7049
[Eval] Epoch:   0, Total:    408, Accuracy : 0.6618, Loss: 0.6914
[Train] Epoch:   1, Total:     73, Accuracy : 0.5479, Loss: 0.6858
[Eval] Epoch:   1, Total:    408, Accuracy : 0.6838, Loss: 0.6889
[Train] Epoch:   2, Total:     73, Accuracy : 0.5205, Loss: 0.6772
[Eval] Epoch:   2, Total:    408, Accuracy : 0.6838, Loss: 0.6848
[Train] Epoch:   3, Total:     73, Accuracy : 0.6301, Loss: 0.6750
[Eval] Epoch:   3, Total:    408, Accuracy : 0.6838, Loss: 0.6791
[Train] Epoch:   4, Total:     73, Accuracy : 0.6575, Loss: 0.6725
[Eval] Epoch:   4, Total:    408, Accuracy : 0.6838, Loss: 0.6715
[Train] Epoch:   5, Total:     73, Accuracy : 0.6712, Loss: 0.6788
[Eval] Epoch:   5, Total:    408, Accuracy : 0.6838, Loss: 0.6621
[Train] Epoch:   6, Total:     73, Accuracy : 0.6712, Loss: 0.6285
[Eval] Epoch:   6, Total:    408, Accuracy : 0.6838, Loss: 0.6512
[Train] Epoch:   7, Total:     73, Accuracy : 0.6712, Loss: 0.7000
[Eval] Epoch:   7, Total:    408, Accuracy : 0.6838, Loss: 0.6397
[Train] Epoch:   8, Total:     73, Accuracy : 0.6712, Loss: 0.5621
[Eval] Epoch:   8, Total:    408, Accuracy : 0.6838, Loss: 0.6281
[Train] Epoch:   9, Total:     73, Accuracy : 0.6712, Loss: 0.7001
[Eval] Epoch:   9, Total:    408, Accuracy : 0.6838, Loss: 0.6167
[Train] Epoch:  10, Total:     73, Accuracy : 0.6712, Loss: 0.7502
[Eval] Epoch:  10, Total:    408, Accuracy : 0.6838, Loss: 0.6071
[Train] Epoch:  11, Total:     73, Accuracy : 0.6712, Loss: 0.5869
[Eval] Epoch:  11, Total:    408, Accuracy : 0.6838, Loss: 0.5988
[Train] Epoch:  12, Total:     73, Accuracy : 0.6712, Loss: 0.5906
[Eval] Epoch:  12, Total:    408, Accuracy : 0.6838, Loss: 0.5895
[Train] Epoch:  13, Total:     73, Accuracy : 0.6712, Loss: 0.6431
[Eval] Epoch:  13, Total:    408, Accuracy : 0.6838, Loss: 0.5797
[Train] Epoch:  14, Total:     73, Accuracy : 0.6712, Loss: 0.5448
[Eval] Epoch:  14, Total:    408, Accuracy : 0.6838, Loss: 0.5703
[Train] Epoch:  15, Total:     73, Accuracy : 0.6712, Loss: 0.4956
[Eval] Epoch:  15, Total:    408, Accuracy : 0.6838, Loss: 0.5599
[Train] Epoch:  16, Total:     73, Accuracy : 0.6712, Loss: 0.6407
[Eval] Epoch:  16, Total:    408, Accuracy : 0.6838, Loss: 0.5502
[Train] Epoch:  17, Total:     73, Accuracy : 0.6712, Loss: 0.6325
[Eval] Epoch:  17, Total:    408, Accuracy : 0.6838, Loss: 0.5409
[Train] Epoch:  18, Total:     73, Accuracy : 0.6712, Loss: 0.5439
[Eval] Epoch:  18, Total:    408, Accuracy : 0.6838, Loss: 0.5308
[Train] Epoch:  19, Total:     73, Accuracy : 0.6712, Loss: 0.3862
[Eval] Epoch:  19, Total:    408, Accuracy : 0.6838, Loss: 0.5170
{"epoch":[1,2,3,4,5,6,7,8,9,10,11,12,13,14,15,16,17,18,19,20],"train_loss":[0.6946146786212921,0.6892715692520142,0.682764858007431,0.6821307241916656,0.6780792474746704,0.677758663892746,0.654084175825119,0.6810463666915894,0.6112402379512787,0.6732075214385986,0.6966991424560547,0.6286865770816803,0.6218939423561096,0.6335197389125824,0.5950737595558167,0.5819428116083145,0.6442312598228455,0.6391226351261139,0.5825817883014679,0.5081153512001038],"eval_loss":[0.691725628716605,0.690068747316088,0.6873177545411246,0.6835772480283465,0.6786051051957267,0.6725680742944989,0.6657195261546544,0.6587208935192653,0.6518322314534869,0.6453238299914769,0.6400398015975952,0.6356137650353568,0.6309154203959874,0.6262413433619908,0.6219561696052551,0.6176188588142395,0.6138060859271458,0.6098937477384295,0.6046507613999503,0.5976192270006452],"train_acc":[0.5753424657534246,0.547945205479452,0.5205479452054794,0.6301369863013698,0.6575342465753424,0.6712328767123288,0.6712328767123288,0.6712328767123288,0.6712328767123288,0.6712328767123288,0.6712328767123288,0.6712328767123288,0.6712328767123288,0.6712328767123288,0.6712328767123288,0.6712328767123288,0.6712328767123288,0.6712328767123288,0.6712328767123288,0.6712328767123288],"eval_acc":[0.6617647058823529,0.6838235294117647,0.6838235294117647,0.6838235294117647,0.6838235294117647,0.6838235294117647,0.6838235294117647,0.6838235294117647,0.6838235294117647,0.6838235294117647,0.6838235294117647,0.6838235294117647,0.6838235294117647,0.6838235294117647,0.6838235294117647,0.6838235294117647,0.6838235294117647,0.6838235294117647,0.6838235294117647,0.6838235294117647]}
[Eval] Epoch:  11, Total:   1725, Accuracy : 0.6649, Loss: 0.6268
1725 1147 16.765609681606293
