random_0.01_model_0
DatasetDict({
    train: Dataset({
        features: ['sentence1', 'sentence2', 'label', 'indexes'],
        num_rows: 37
    })
    validation: Dataset({
        features: ['sentence1', 'sentence2', 'label', 'indexes'],
        num_rows: 408
    })
    test: Dataset({
        features: ['sentence1', 'sentence2', 'label', 'indexes'],
        num_rows: 1725
    })
})
[Train] Epoch:   0, Total:     37, Accuracy : 0.4324, Loss: 0.7146
[Eval] Epoch:   0, Total:    408, Accuracy : 0.6838, Loss: 0.6549
[Train] Epoch:   1, Total:     37, Accuracy : 0.4324, Loss: 0.7010
[Eval] Epoch:   1, Total:    408, Accuracy : 0.6838, Loss: 0.6553
[Train] Epoch:   2, Total:     37, Accuracy : 0.4324, Loss: 0.7033
[Eval] Epoch:   2, Total:    408, Accuracy : 0.6838, Loss: 0.6561
[Train] Epoch:   3, Total:     37, Accuracy : 0.4324, Loss: 0.7053
[Eval] Epoch:   3, Total:    408, Accuracy : 0.6838, Loss: 0.6573
[Train] Epoch:   4, Total:     37, Accuracy : 0.4324, Loss: 0.7003
[Eval] Epoch:   4, Total:    408, Accuracy : 0.6838, Loss: 0.6588
[Train] Epoch:   5, Total:     37, Accuracy : 0.4324, Loss: 0.7164
[Eval] Epoch:   5, Total:    408, Accuracy : 0.6838, Loss: 0.6608
[Train] Epoch:   6, Total:     37, Accuracy : 0.4324, Loss: 0.7065
[Eval] Epoch:   6, Total:    408, Accuracy : 0.6838, Loss: 0.6633
[Train] Epoch:   7, Total:     37, Accuracy : 0.4324, Loss: 0.7033
[Eval] Epoch:   7, Total:    408, Accuracy : 0.6838, Loss: 0.6663
[Train] Epoch:   8, Total:     37, Accuracy : 0.4595, Loss: 0.6920
[Eval] Epoch:   8, Total:    408, Accuracy : 0.6838, Loss: 0.6697
[Train] Epoch:   9, Total:     37, Accuracy : 0.4054, Loss: 0.6973
[Eval] Epoch:   9, Total:    408, Accuracy : 0.6838, Loss: 0.6734
[Train] Epoch:  10, Total:     37, Accuracy : 0.4324, Loss: 0.6971
[Eval] Epoch:  10, Total:    408, Accuracy : 0.6838, Loss: 0.6776
[Train] Epoch:  11, Total:     37, Accuracy : 0.4865, Loss: 0.6888
[Eval] Epoch:  11, Total:    408, Accuracy : 0.6838, Loss: 0.6823
[Train] Epoch:  12, Total:     37, Accuracy : 0.5405, Loss: 0.6868
[Eval] Epoch:  12, Total:    408, Accuracy : 0.7034, Loss: 0.6875
[Train] Epoch:  13, Total:     37, Accuracy : 0.6216, Loss: 0.6902
[Eval] Epoch:  13, Total:    408, Accuracy : 0.4853, Loss: 0.6928
[Train] Epoch:  14, Total:     37, Accuracy : 0.6757, Loss: 0.6826
[Eval] Epoch:  14, Total:    408, Accuracy : 0.3186, Loss: 0.6982
[Train] Epoch:  15, Total:     37, Accuracy : 0.6486, Loss: 0.6799
[Eval] Epoch:  15, Total:    408, Accuracy : 0.3162, Loss: 0.7043
[Train] Epoch:  16, Total:     37, Accuracy : 0.5676, Loss: 0.6784
[Eval] Epoch:  16, Total:    408, Accuracy : 0.3162, Loss: 0.7114
[Train] Epoch:  17, Total:     37, Accuracy : 0.5946, Loss: 0.6711
[Eval] Epoch:  17, Total:    408, Accuracy : 0.3162, Loss: 0.7195
[Train] Epoch:  18, Total:     37, Accuracy : 0.5676, Loss: 0.6759
[Eval] Epoch:  18, Total:    408, Accuracy : 0.3162, Loss: 0.7277
[Train] Epoch:  19, Total:     37, Accuracy : 0.5676, Loss: 0.6978
[Eval] Epoch:  19, Total:    408, Accuracy : 0.3162, Loss: 0.7356
{"epoch":[1,2,3,4,5,6,7,8,9,10,11,12,13,14,15,16,17,18,19,20],"train_loss":[0.7145891189575195,0.7010377645492554,0.7032830119132996,0.7052779793739319,0.7003411054611206,0.7164074182510376,0.7065366506576538,0.7033087015151978,0.6920218467712402,0.6972513198852539,0.6971387267112732,0.6888188719749451,0.6867830157279968,0.6901861429214478,0.6825652718544006,0.6798712015151978,0.6784356832504272,0.6710531115531921,0.6759136915206909,0.6978346109390259],"eval_loss":[0.6686602916036334,0.6689042704445975,0.6693947570664542,0.670132040977478,0.6711027537073407,0.6723424877439227,0.6738996165139335,0.6757896542549133,0.6779683062008449,0.6803504484040397,0.6830452765737262,0.6860958167484829,0.6895404032298497,0.6930076394762311,0.6965978486197335,0.7007118122918266,0.7055425047874451,0.7110147135598319,0.716599839074271,0.7220799156597683],"train_acc":[0.43243243243243246,0.43243243243243246,0.43243243243243246,0.43243243243243246,0.43243243243243246,0.43243243243243246,0.43243243243243246,0.43243243243243246,0.4594594594594595,0.40540540540540543,0.43243243243243246,0.4864864864864865,0.5405405405405406,0.6216216216216216,0.6756756756756757,0.6486486486486487,0.5675675675675675,0.5945945945945946,0.5675675675675675,0.5675675675675675],"eval_acc":[0.6838235294117647,0.6838235294117647,0.6838235294117647,0.6838235294117647,0.6838235294117647,0.6838235294117647,0.6838235294117647,0.6838235294117647,0.6838235294117647,0.6838235294117647,0.6838235294117647,0.6838235294117647,0.7034313725490197,0.4852941176470588,0.31862745098039214,0.3161764705882353,0.3161764705882353,0.3161764705882353,0.3161764705882353,0.3161764705882353]}
[Eval] Epoch:  11, Total:   1725, Accuracy : 0.3351, Loss: 0.7164
1725 578 19.393971621990204
