pruned_3_0.005_model_0
DatasetDict({
    train: Dataset({
        features: ['sentence1', 'sentence2', 'label', 'indexes'],
        num_rows: 18
    })
    validation: Dataset({
        features: ['sentence1', 'sentence2', 'label', 'indexes'],
        num_rows: 408
    })
    test: Dataset({
        features: ['sentence1', 'sentence2', 'label', 'indexes'],
        num_rows: 1725
    })
})
[Train] Epoch:   0, Total:     18, Accuracy : 0.2778, Loss: 0.7462
[Eval] Epoch:   0, Total:    408, Accuracy : 0.3162, Loss: 0.7674
[Train] Epoch:   1, Total:     18, Accuracy : 0.2778, Loss: 0.7579
[Eval] Epoch:   1, Total:    408, Accuracy : 0.3162, Loss: 0.7668
[Train] Epoch:   2, Total:     18, Accuracy : 0.2778, Loss: 0.7425
[Eval] Epoch:   2, Total:    408, Accuracy : 0.3162, Loss: 0.7654
[Train] Epoch:   3, Total:     18, Accuracy : 0.2778, Loss: 0.7532
[Eval] Epoch:   3, Total:    408, Accuracy : 0.3162, Loss: 0.7635
[Train] Epoch:   4, Total:     18, Accuracy : 0.2778, Loss: 0.7460
[Eval] Epoch:   4, Total:    408, Accuracy : 0.3162, Loss: 0.7609
[Train] Epoch:   5, Total:     18, Accuracy : 0.2778, Loss: 0.7506
[Eval] Epoch:   5, Total:    408, Accuracy : 0.3162, Loss: 0.7577
[Train] Epoch:   6, Total:     18, Accuracy : 0.2778, Loss: 0.7499
[Eval] Epoch:   6, Total:    408, Accuracy : 0.3162, Loss: 0.7539
[Train] Epoch:   7, Total:     18, Accuracy : 0.2778, Loss: 0.7287
[Eval] Epoch:   7, Total:    408, Accuracy : 0.3162, Loss: 0.7495
[Train] Epoch:   8, Total:     18, Accuracy : 0.2778, Loss: 0.7528
[Eval] Epoch:   8, Total:    408, Accuracy : 0.3162, Loss: 0.7447
[Train] Epoch:   9, Total:     18, Accuracy : 0.3889, Loss: 0.7141
[Eval] Epoch:   9, Total:    408, Accuracy : 0.3162, Loss: 0.7392
[Train] Epoch:  10, Total:     18, Accuracy : 0.2778, Loss: 0.7094
[Eval] Epoch:  10, Total:    408, Accuracy : 0.3162, Loss: 0.7334
[Train] Epoch:  11, Total:     18, Accuracy : 0.2778, Loss: 0.7388
[Eval] Epoch:  11, Total:    408, Accuracy : 0.3162, Loss: 0.7271
[Train] Epoch:  12, Total:     18, Accuracy : 0.2778, Loss: 0.7098
[Eval] Epoch:  12, Total:    408, Accuracy : 0.3162, Loss: 0.7205
[Train] Epoch:  13, Total:     18, Accuracy : 0.3333, Loss: 0.7007
[Eval] Epoch:  13, Total:    408, Accuracy : 0.3162, Loss: 0.7132
[Train] Epoch:  14, Total:     18, Accuracy : 0.4444, Loss: 0.6948
[Eval] Epoch:  14, Total:    408, Accuracy : 0.3162, Loss: 0.7054
[Train] Epoch:  15, Total:     18, Accuracy : 0.5000, Loss: 0.6889
[Eval] Epoch:  15, Total:    408, Accuracy : 0.3456, Loss: 0.6971
[Train] Epoch:  16, Total:     18, Accuracy : 0.4444, Loss: 0.6806
[Eval] Epoch:  16, Total:    408, Accuracy : 0.6838, Loss: 0.6883
[Train] Epoch:  17, Total:     18, Accuracy : 0.5556, Loss: 0.7133
[Eval] Epoch:  17, Total:    408, Accuracy : 0.6838, Loss: 0.6793
[Train] Epoch:  18, Total:     18, Accuracy : 0.7222, Loss: 0.6895
[Eval] Epoch:  18, Total:    408, Accuracy : 0.6838, Loss: 0.6703
[Train] Epoch:  19, Total:     18, Accuracy : 0.7222, Loss: 0.6547
[Eval] Epoch:  19, Total:    408, Accuracy : 0.6838, Loss: 0.6610
{"epoch":[1,2,3,4,5,6,7,8,9,10,11,12,13,14,15,16,17,18,19,20],"train_loss":[0.7461654543876648,0.7578691840171814,0.7425022125244141,0.7531986832618713,0.7459845542907715,0.7505929470062256,0.7499150037765503,0.7287290692329407,0.7528263330459595,0.7141141891479492,0.709399938583374,0.738804042339325,0.7097940444946289,0.7007171511650085,0.6948091983795166,0.6888959407806396,0.68062824010849,0.7133306860923767,0.6894762516021729,0.6547207832336426],"eval_loss":[0.7447065455572945,0.7442340680531093,0.7432817901883807,0.7418462634086609,0.7399696622576032,0.737657870565142,0.7349243249211993,0.7318177734102521,0.7283641355378287,0.7245319996561322,0.7204412136759076,0.7160177230834961,0.7113411256245205,0.7063225422586713,0.7010084646088737,0.6953903436660767,0.6894575612885612,0.6835601670401437,0.6776943036488124,0.6717027340616498],"train_acc":[0.2777777777777778,0.2777777777777778,0.2777777777777778,0.2777777777777778,0.2777777777777778,0.2777777777777778,0.2777777777777778,0.2777777777777778,0.2777777777777778,0.3888888888888889,0.2777777777777778,0.2777777777777778,0.2777777777777778,0.3333333333333333,0.4444444444444444,0.5,0.4444444444444444,0.5555555555555556,0.7222222222222222,0.7222222222222222],"eval_acc":[0.3161764705882353,0.3161764705882353,0.3161764705882353,0.3161764705882353,0.3161764705882353,0.3161764705882353,0.3161764705882353,0.3161764705882353,0.3161764705882353,0.3161764705882353,0.3161764705882353,0.3161764705882353,0.3161764705882353,0.3161764705882353,0.3161764705882353,0.34558823529411764,0.6838235294117647,0.6838235294117647,0.6838235294117647,0.6838235294117647]}
[Eval] Epoch:  11, Total:   1725, Accuracy : 0.6649, Loss: 0.6758
1725 1147 18.221545040607452
