pruned_2_0.01_model_0
DatasetDict({
    train: Dataset({
        features: ['sentence1', 'sentence2', 'label', 'indexes'],
        num_rows: 36
    })
    validation: Dataset({
        features: ['sentence1', 'sentence2', 'label', 'indexes'],
        num_rows: 408
    })
    test: Dataset({
        features: ['sentence1', 'sentence2', 'label', 'indexes'],
        num_rows: 1725
    })
})
[Train] Epoch:   0, Total:     36, Accuracy : 0.6111, Loss: 0.6893
[Eval] Epoch:   0, Total:    408, Accuracy : 0.3162, Loss: 0.6999
[Train] Epoch:   1, Total:     36, Accuracy : 0.5556, Loss: 0.6950
[Eval] Epoch:   1, Total:    408, Accuracy : 0.3162, Loss: 0.6993
[Train] Epoch:   2, Total:     36, Accuracy : 0.4722, Loss: 0.6948
[Eval] Epoch:   2, Total:    408, Accuracy : 0.3186, Loss: 0.6981
[Train] Epoch:   3, Total:     36, Accuracy : 0.3611, Loss: 0.6962
[Eval] Epoch:   3, Total:    408, Accuracy : 0.3284, Loss: 0.6963
[Train] Epoch:   4, Total:     36, Accuracy : 0.5000, Loss: 0.6951
[Eval] Epoch:   4, Total:    408, Accuracy : 0.4804, Loss: 0.6939
[Train] Epoch:   5, Total:     36, Accuracy : 0.4722, Loss: 0.6916
[Eval] Epoch:   5, Total:    408, Accuracy : 0.6667, Loss: 0.6910
[Train] Epoch:   6, Total:     36, Accuracy : 0.5556, Loss: 0.6866
[Eval] Epoch:   6, Total:    408, Accuracy : 0.6838, Loss: 0.6875
[Train] Epoch:   7, Total:     36, Accuracy : 0.6667, Loss: 0.6836
[Eval] Epoch:   7, Total:    408, Accuracy : 0.6838, Loss: 0.6836
[Train] Epoch:   8, Total:     36, Accuracy : 0.7222, Loss: 0.6794
[Eval] Epoch:   8, Total:    408, Accuracy : 0.6838, Loss: 0.6793
[Train] Epoch:   9, Total:     36, Accuracy : 0.7222, Loss: 0.6665
[Eval] Epoch:   9, Total:    408, Accuracy : 0.6838, Loss: 0.6745
[Train] Epoch:  10, Total:     36, Accuracy : 0.7500, Loss: 0.6689
[Eval] Epoch:  10, Total:    408, Accuracy : 0.6838, Loss: 0.6693
[Train] Epoch:  11, Total:     36, Accuracy : 0.7222, Loss: 0.6779
[Eval] Epoch:  11, Total:    408, Accuracy : 0.6838, Loss: 0.6638
[Train] Epoch:  12, Total:     36, Accuracy : 0.7222, Loss: 0.6688
[Eval] Epoch:  12, Total:    408, Accuracy : 0.6838, Loss: 0.6578
[Train] Epoch:  13, Total:     36, Accuracy : 0.7222, Loss: 0.6624
[Eval] Epoch:  13, Total:    408, Accuracy : 0.6838, Loss: 0.6513
[Train] Epoch:  14, Total:     36, Accuracy : 0.7222, Loss: 0.6572
[Eval] Epoch:  14, Total:    408, Accuracy : 0.6838, Loss: 0.6445
[Train] Epoch:  15, Total:     36, Accuracy : 0.7222, Loss: 0.6450
[Eval] Epoch:  15, Total:    408, Accuracy : 0.6838, Loss: 0.6376
[Train] Epoch:  16, Total:     36, Accuracy : 0.7222, Loss: 0.6450
[Eval] Epoch:  16, Total:    408, Accuracy : 0.6838, Loss: 0.6305
[Train] Epoch:  17, Total:     36, Accuracy : 0.7222, Loss: 0.6344
[Eval] Epoch:  17, Total:    408, Accuracy : 0.6838, Loss: 0.6231
[Train] Epoch:  18, Total:     36, Accuracy : 0.7222, Loss: 0.6400
[Eval] Epoch:  18, Total:    408, Accuracy : 0.6838, Loss: 0.6154
[Train] Epoch:  19, Total:     36, Accuracy : 0.7222, Loss: 0.6386
[Eval] Epoch:  19, Total:    408, Accuracy : 0.6838, Loss: 0.6075
{"epoch":[1,2,3,4,5,6,7,8,9,10,11,12,13,14,15,16,17,18,19,20],"train_loss":[0.6893225312232971,0.6950429081916809,0.6948304176330566,0.6961899399757385,0.6951025724411011,0.6915836930274963,0.6866149306297302,0.6836161017417908,0.6793920397758484,0.6665017008781433,0.6688688397407532,0.6778504252433777,0.6687676906585693,0.6623795628547668,0.6572201251983643,0.6449894309043884,0.6450220942497253,0.6343865394592285,0.6399564146995544,0.6386433839797974],"eval_loss":[0.6973130617822919,0.6969057491847447,0.6960872156279427,0.6948847430092948,0.6933126194136483,0.6913646033832005,0.6890564901488168,0.6864537511553083,0.6835883430072239,0.6804937209401812,0.6771177053451538,0.673541077545711,0.6697417582784381,0.665690907410213,0.6614547457013812,0.6572929791041783,0.6530129824365888,0.6486984150750297,0.6442811744553703,0.639869213104248],"train_acc":[0.6111111111111112,0.5555555555555556,0.4722222222222222,0.3611111111111111,0.5,0.4722222222222222,0.5555555555555556,0.6666666666666666,0.7222222222222222,0.7222222222222222,0.75,0.7222222222222222,0.7222222222222222,0.7222222222222222,0.7222222222222222,0.7222222222222222,0.7222222222222222,0.7222222222222222,0.7222222222222222,0.7222222222222222],"eval_acc":[0.3161764705882353,0.3161764705882353,0.31862745098039214,0.3284313725490196,0.4803921568627451,0.6666666666666666,0.6838235294117647,0.6838235294117647,0.6838235294117647,0.6838235294117647,0.6838235294117647,0.6838235294117647,0.6838235294117647,0.6838235294117647,0.6838235294117647,0.6838235294117647,0.6838235294117647,0.6838235294117647,0.6838235294117647,0.6838235294117647]}
[Eval] Epoch:  11, Total:   1725, Accuracy : 0.6649, Loss: 0.6529
1725 1147 17.5402472615242
