pruned_3_0.05_model_0
DatasetDict({
    train: Dataset({
        features: ['sentence1', 'sentence2', 'label', 'indexes'],
        num_rows: 183
    })
    validation: Dataset({
        features: ['sentence1', 'sentence2', 'label', 'indexes'],
        num_rows: 408
    })
    test: Dataset({
        features: ['sentence1', 'sentence2', 'label', 'indexes'],
        num_rows: 1725
    })
})
[Train] Epoch:   0, Total:    183, Accuracy : 0.4481, Loss: 0.7006
[Eval] Epoch:   0, Total:    408, Accuracy : 0.3873, Loss: 0.6958
[Train] Epoch:   1, Total:    183, Accuracy : 0.5027, Loss: 0.6923
[Eval] Epoch:   1, Total:    408, Accuracy : 0.6838, Loss: 0.6900
[Train] Epoch:   2, Total:    183, Accuracy : 0.6066, Loss: 0.6850
[Eval] Epoch:   2, Total:    408, Accuracy : 0.6838, Loss: 0.6792
[Train] Epoch:   3, Total:    183, Accuracy : 0.6721, Loss: 0.6791
[Eval] Epoch:   3, Total:    408, Accuracy : 0.6838, Loss: 0.6634
[Train] Epoch:   4, Total:    183, Accuracy : 0.6667, Loss: 0.6603
[Eval] Epoch:   4, Total:    408, Accuracy : 0.6838, Loss: 0.6439
[Train] Epoch:   5, Total:    183, Accuracy : 0.6667, Loss: 0.6656
[Eval] Epoch:   5, Total:    408, Accuracy : 0.6838, Loss: 0.6208
[Train] Epoch:   6, Total:    183, Accuracy : 0.6667, Loss: 0.6510
[Eval] Epoch:   6, Total:    408, Accuracy : 0.6838, Loss: 0.5954
[Train] Epoch:   7, Total:    183, Accuracy : 0.6667, Loss: 0.5755
[Eval] Epoch:   7, Total:    408, Accuracy : 0.6838, Loss: 0.5684
[Train] Epoch:   8, Total:    183, Accuracy : 0.6667, Loss: 0.6095
[Eval] Epoch:   8, Total:    408, Accuracy : 0.6838, Loss: 0.5318
[Train] Epoch:   9, Total:    183, Accuracy : 0.6667, Loss: 0.6271
[Eval] Epoch:   9, Total:    408, Accuracy : 0.6838, Loss: 0.5077
[Train] Epoch:  10, Total:    183, Accuracy : 0.6667, Loss: 0.5921
[Eval] Epoch:  10, Total:    408, Accuracy : 0.6838, Loss: 0.4934
[Train] Epoch:  11, Total:    183, Accuracy : 0.6667, Loss: 0.6207
[Eval] Epoch:  11, Total:    408, Accuracy : 0.6838, Loss: 0.4650
[Train] Epoch:  12, Total:    183, Accuracy : 0.6667, Loss: 0.5223
[Eval] Epoch:  12, Total:    408, Accuracy : 0.6838, Loss: 0.4701
[Train] Epoch:  13, Total:    183, Accuracy : 0.6667, Loss: 0.6594
[Eval] Epoch:  13, Total:    408, Accuracy : 0.6838, Loss: 0.4678
[Train] Epoch:  14, Total:    183, Accuracy : 0.6667, Loss: 0.6248
[Eval] Epoch:  14, Total:    408, Accuracy : 0.6838, Loss: 0.4269
[Train] Epoch:  15, Total:    183, Accuracy : 0.6667, Loss: 0.4965
[Eval] Epoch:  15, Total:    408, Accuracy : 0.6838, Loss: 0.4214
[Train] Epoch:  16, Total:    183, Accuracy : 0.6667, Loss: 0.4899
[Eval] Epoch:  16, Total:    408, Accuracy : 0.6838, Loss: 0.3883
[Train] Epoch:  17, Total:    183, Accuracy : 0.6667, Loss: 0.3717
[Eval] Epoch:  17, Total:    408, Accuracy : 0.6838, Loss: 0.3689
[Train] Epoch:  18, Total:    183, Accuracy : 0.6667, Loss: 0.3765
[Eval] Epoch:  18, Total:    408, Accuracy : 0.6838, Loss: 0.3557
[Train] Epoch:  19, Total:    183, Accuracy : 0.6721, Loss: 0.4425
[Eval] Epoch:  19, Total:    408, Accuracy : 0.6912, Loss: 0.3679
{"epoch":[1,2,3,4,5,6,7,8,9,10,11,12,13,14,15,16,17,18,19,20],"train_loss":[0.6972066561381022,0.6927550435066223,0.6864418387413025,0.6786441802978516,0.6694304148356119,0.6650396982828776,0.6491608619689941,0.6493117411931356,0.6327923536300659,0.6200459996859232,0.617468257745107,0.5957914988199869,0.5959863066673279,0.6026057799657186,0.5693334142367045,0.5505778789520264,0.5018596251805624,0.45164745052655536,0.4342179795106252,0.3702271481355031],"eval_loss":[0.6943223135811942,0.6904144712856838,0.6832131402833121,0.6729771750313895,0.6606919424874442,0.6470201441219875,0.6330103533608573,0.6198394298553467,0.6053783808435712,0.5983693514551435,0.5910364431994302,0.5801059561116355,0.5692939715726035,0.5601891577243805,0.5488540061882564,0.5340935119560787,0.5246318919318063,0.5180114379950932,0.5237378392900739,0.5610682027680534],"train_acc":[0.44808743169398907,0.5027322404371585,0.6065573770491803,0.6721311475409836,0.6666666666666666,0.6666666666666666,0.6666666666666666,0.6666666666666666,0.6666666666666666,0.6666666666666666,0.6666666666666666,0.6666666666666666,0.6666666666666666,0.6666666666666666,0.6666666666666666,0.6666666666666666,0.6666666666666666,0.6666666666666666,0.6666666666666666,0.6721311475409836],"eval_acc":[0.3872549019607843,0.6838235294117647,0.6838235294117647,0.6838235294117647,0.6838235294117647,0.6838235294117647,0.6838235294117647,0.6838235294117647,0.6838235294117647,0.6838235294117647,0.6838235294117647,0.6838235294117647,0.6838235294117647,0.6838235294117647,0.6838235294117647,0.6838235294117647,0.6838235294117647,0.6838235294117647,0.6838235294117647,0.6911764705882353]}
[Eval] Epoch:  11, Total:   1725, Accuracy : 0.6759, Loss: 0.5634
1725 1166 16.923904448747635
