pruned_1_0.75_model_0
DatasetDict({
    train: Dataset({
        features: ['sentence1', 'sentence2', 'label', 'indexes'],
        num_rows: 2756
    })
    validation: Dataset({
        features: ['sentence1', 'sentence2', 'label', 'indexes'],
        num_rows: 408
    })
    test: Dataset({
        features: ['sentence1', 'sentence2', 'label', 'indexes'],
        num_rows: 1725
    })
})
[Train] Epoch:   0, Total:   2756, Accuracy : 0.6350, Loss: 0.6391
[Eval] Epoch:   0, Total:    408, Accuracy : 0.6838, Loss: 0.4471
[Train] Epoch:   1, Total:   2756, Accuracy : 0.7830, Loss: 0.3005
[Eval] Epoch:   1, Total:    408, Accuracy : 0.8578, Loss: 0.1935
[Train] Epoch:   2, Total:   2756, Accuracy : 0.8683, Loss: 0.3541
[Eval] Epoch:   2, Total:    408, Accuracy : 0.8456, Loss: 0.3102
[Train] Epoch:   3, Total:   2756, Accuracy : 0.9151, Loss: 0.0189
[Eval] Epoch:   3, Total:    408, Accuracy : 0.8676, Loss: 0.1921
[Train] Epoch:   4, Total:   2756, Accuracy : 0.9481, Loss: 0.8302
[Eval] Epoch:   4, Total:    408, Accuracy : 0.8725, Loss: 0.2014
[Train] Epoch:   5, Total:   2756, Accuracy : 0.9637, Loss: 0.0063
[Eval] Epoch:   5, Total:    408, Accuracy : 0.8799, Loss: 0.1829
[Train] Epoch:   6, Total:   2756, Accuracy : 0.9844, Loss: 0.0252
[Eval] Epoch:   6, Total:    408, Accuracy : 0.8725, Loss: 0.1512
[Train] Epoch:   7, Total:   2756, Accuracy : 0.9826, Loss: 0.0055
[Eval] Epoch:   7, Total:    408, Accuracy : 0.8676, Loss: 0.1733
[Train] Epoch:   8, Total:   2756, Accuracy : 0.9891, Loss: 0.0374
[Eval] Epoch:   8, Total:    408, Accuracy : 0.8701, Loss: 0.3705
[Train] Epoch:   9, Total:   2756, Accuracy : 0.9906, Loss: 0.0034
[Eval] Epoch:   9, Total:    408, Accuracy : 0.8701, Loss: 0.3525
[Train] Epoch:  10, Total:   2756, Accuracy : 0.9888, Loss: 0.0017
[Eval] Epoch:  10, Total:    408, Accuracy : 0.8701, Loss: 0.1743
[Train] Epoch:  11, Total:   2756, Accuracy : 0.9797, Loss: 0.0019
[Eval] Epoch:  11, Total:    408, Accuracy : 0.8701, Loss: 0.6621
[Train] Epoch:  12, Total:   2756, Accuracy : 0.9786, Loss: 0.0022
[Eval] Epoch:  12, Total:    408, Accuracy : 0.8627, Loss: 0.3973
[Train] Epoch:  13, Total:   2756, Accuracy : 0.9800, Loss: 0.0068
[Eval] Epoch:  13, Total:    408, Accuracy : 0.8333, Loss: 0.4568
[Train] Epoch:  14, Total:   2756, Accuracy : 0.9837, Loss: 0.0022
[Eval] Epoch:  14, Total:    408, Accuracy : 0.8603, Loss: 0.3812
[Train] Epoch:  15, Total:   2756, Accuracy : 0.9935, Loss: 0.0015
[Eval] Epoch:  15, Total:    408, Accuracy : 0.8676, Loss: 0.2051
[Train] Epoch:  16, Total:   2756, Accuracy : 0.9949, Loss: 0.0015
[Eval] Epoch:  16, Total:    408, Accuracy : 0.8799, Loss: 0.3092
[Train] Epoch:  17, Total:   2756, Accuracy : 0.9978, Loss: 0.0008
[Eval] Epoch:  17, Total:    408, Accuracy : 0.8799, Loss: 0.3853
[Train] Epoch:  18, Total:   2756, Accuracy : 0.9978, Loss: 0.0006
[Eval] Epoch:  18, Total:    408, Accuracy : 0.8799, Loss: 0.3192
[Train] Epoch:  19, Total:   2756, Accuracy : 0.9971, Loss: 0.0006
[Eval] Epoch:  19, Total:    408, Accuracy : 0.8799, Loss: 0.3189
{"epoch":[1,2,3,4,5,6,7,8,9,10,11,12,13,14,15,16,17,18,19,20],"train_loss":[0.6453784582289782,0.4532626833428036,0.3232458023862405,0.21202740564265035,0.16479086080058056,0.10081812243019654,0.05760626992295412,0.05625718690200963,0.03990322246681899,0.03495168442499231,0.04599903801466677,0.07418530794728379,0.07026942138856446,0.06102866067984988,0.062032652230382984,0.023168232940158552,0.0215625211461553,0.0099190796000502,0.00928012130580927,0.01300035208193797],"eval_loss":[0.5571488823209491,0.3148846541132246,0.341910468680518,0.32007075420447756,0.3318804587636675,0.38766862026282717,0.4819656844649996,0.5380263945886067,0.5642839244433812,0.5632586904934475,0.6074689562831607,0.6453787939889091,0.5986489121403012,0.6737994594233376,0.6348466106823513,0.7393518537282944,0.7006628555910928,0.7260161680834634,0.7146973993097033,0.7173400606427874],"train_acc":[0.634978229317852,0.7830188679245284,0.8682873730043541,0.9150943396226415,0.9481132075471698,0.9637155297532656,0.9843976777939042,0.9825834542815675,0.9891146589259797,0.9905660377358491,0.9887518142235123,0.9796806966618288,0.9785921625544267,0.9800435413642961,0.9836719883889695,0.9934687953555879,0.9949201741654572,0.997822931785196,0.997822931785196,0.9970972423802612],"eval_acc":[0.6838235294117647,0.8578431372549019,0.8455882352941176,0.8676470588235294,0.8725490196078431,0.8799019607843137,0.8725490196078431,0.8676470588235294,0.8700980392156863,0.8700980392156863,0.8700980392156863,0.8700980392156863,0.8627450980392157,0.8333333333333334,0.8602941176470589,0.8676470588235294,0.8799019607843137,0.8799019607843137,0.8799019607843137,0.8799019607843137]}
[Eval] Epoch:  11, Total:   1725, Accuracy : 0.8655, Loss: 0.9393
1725 1493 23.24297258257866
