random_0.1_model_0
DatasetDict({
    train: Dataset({
        features: ['sentence1', 'sentence2', 'label', 'indexes'],
        num_rows: 367
    })
    validation: Dataset({
        features: ['sentence1', 'sentence2', 'label', 'indexes'],
        num_rows: 408
    })
    test: Dataset({
        features: ['sentence1', 'sentence2', 'label', 'indexes'],
        num_rows: 1725
    })
})
[Train] Epoch:   0, Total:    367, Accuracy : 0.6322, Loss: 0.6824
[Eval] Epoch:   0, Total:    408, Accuracy : 0.6838, Loss: 0.6702
[Train] Epoch:   1, Total:    367, Accuracy : 0.6621, Loss: 0.6692
[Eval] Epoch:   1, Total:    408, Accuracy : 0.6838, Loss: 0.6468
[Train] Epoch:   2, Total:    367, Accuracy : 0.6649, Loss: 0.6024
[Eval] Epoch:   2, Total:    408, Accuracy : 0.6838, Loss: 0.6099
[Train] Epoch:   3, Total:    367, Accuracy : 0.6649, Loss: 0.6306
[Eval] Epoch:   3, Total:    408, Accuracy : 0.6838, Loss: 0.5563
[Train] Epoch:   4, Total:    367, Accuracy : 0.6649, Loss: 0.6945
[Eval] Epoch:   4, Total:    408, Accuracy : 0.6838, Loss: 0.4827
[Train] Epoch:   5, Total:    367, Accuracy : 0.6649, Loss: 0.6445
[Eval] Epoch:   5, Total:    408, Accuracy : 0.6838, Loss: 0.4634
[Train] Epoch:   6, Total:    367, Accuracy : 0.6649, Loss: 0.5971
[Eval] Epoch:   6, Total:    408, Accuracy : 0.6838, Loss: 0.4423
[Train] Epoch:   7, Total:    367, Accuracy : 0.6730, Loss: 0.5556
[Eval] Epoch:   7, Total:    408, Accuracy : 0.7034, Loss: 0.4067
[Train] Epoch:   8, Total:    367, Accuracy : 0.7248, Loss: 0.4475
[Eval] Epoch:   8, Total:    408, Accuracy : 0.7010, Loss: 0.4158
[Train] Epoch:   9, Total:    367, Accuracy : 0.7684, Loss: 0.3402
[Eval] Epoch:   9, Total:    408, Accuracy : 0.7279, Loss: 0.3261
[Train] Epoch:  10, Total:    367, Accuracy : 0.8774, Loss: 0.1975
[Eval] Epoch:  10, Total:    408, Accuracy : 0.7426, Loss: 0.4664
[Train] Epoch:  11, Total:    367, Accuracy : 0.9292, Loss: 0.1171
[Eval] Epoch:  11, Total:    408, Accuracy : 0.7598, Loss: 0.4622
[Train] Epoch:  12, Total:    367, Accuracy : 0.9428, Loss: 0.3340
[Eval] Epoch:  12, Total:    408, Accuracy : 0.7549, Loss: 0.5368
[Train] Epoch:  13, Total:    367, Accuracy : 0.9455, Loss: 0.1066
[Eval] Epoch:  13, Total:    408, Accuracy : 0.7549, Loss: 0.5409
[Train] Epoch:  14, Total:    367, Accuracy : 0.9591, Loss: 0.1058
[Eval] Epoch:  14, Total:    408, Accuracy : 0.7500, Loss: 0.5528
[Train] Epoch:  15, Total:    367, Accuracy : 0.9728, Loss: 0.0647
[Eval] Epoch:  15, Total:    408, Accuracy : 0.7525, Loss: 0.6242
[Train] Epoch:  16, Total:    367, Accuracy : 0.9700, Loss: 0.0503
[Eval] Epoch:  16, Total:    408, Accuracy : 0.7598, Loss: 0.5383
[Train] Epoch:  17, Total:    367, Accuracy : 0.9837, Loss: 0.0201
[Eval] Epoch:  17, Total:    408, Accuracy : 0.7525, Loss: 0.9540
[Train] Epoch:  18, Total:    367, Accuracy : 0.9891, Loss: 0.0251
[Eval] Epoch:  18, Total:    408, Accuracy : 0.7598, Loss: 0.9391
[Train] Epoch:  19, Total:    367, Accuracy : 0.9837, Loss: 0.0178
[Eval] Epoch:  19, Total:    408, Accuracy : 0.7549, Loss: 0.9590
{"epoch":[1,2,3,4,5,6,7,8,9,10,11,12,13,14,15,16,17,18,19,20],"train_loss":[0.6830306351184845,0.6747812827428182,0.6546212434768677,0.6419507563114166,0.6365689436594645,0.6336522102355957,0.5869706024726232,0.546729768315951,0.4586583326260249,0.4211702247460683,0.3244051958123843,0.2285605619351069,0.19090787197152773,0.16993111123641333,0.14937342082460722,0.0957920712729295,0.08653317453960578,0.0699893282726407,0.05290304652104775,0.05047072283923626],"eval_loss":[0.6783095853669303,0.6634817208562579,0.6418312532561166,0.6161084430558341,0.6075423785618373,0.5836357431752341,0.5602590910026005,0.5345243471009391,0.5152615862233298,0.634740799665451,0.5715074454035077,0.6724303024155753,0.6677566511290414,0.6693315846579415,0.7639946852411542,0.8314543962478638,0.9125399759837559,0.9437683054379055,1.0021085824285234,1.0074796761785234],"train_acc":[0.6321525885558583,0.662125340599455,0.6648501362397821,0.6648501362397821,0.6648501362397821,0.6648501362397821,0.6648501362397821,0.6730245231607629,0.7247956403269755,0.7683923705722071,0.8773841961852861,0.9291553133514986,0.9427792915531336,0.9455040871934605,0.9591280653950953,0.9727520435967303,0.9700272479564033,0.9836512261580381,0.989100817438692,0.9836512261580381],"eval_acc":[0.6838235294117647,0.6838235294117647,0.6838235294117647,0.6838235294117647,0.6838235294117647,0.6838235294117647,0.6838235294117647,0.7034313725490197,0.7009803921568627,0.7279411764705882,0.7426470588235294,0.7598039215686274,0.7549019607843137,0.7549019607843137,0.75,0.7524509803921569,0.7598039215686274,0.7524509803921569,0.7598039215686274,0.7549019607843137]}
[Eval] Epoch:  11, Total:   1725, Accuracy : 0.7635, Loss: 0.9000
1725 1317 26.35033220052719
