random_0.04_model_0
DatasetDict({
    train: Dataset({
        features: ['sentence1', 'sentence2', 'label', 'indexes'],
        num_rows: 147
    })
    validation: Dataset({
        features: ['sentence1', 'sentence2', 'label', 'indexes'],
        num_rows: 408
    })
    test: Dataset({
        features: ['sentence1', 'sentence2', 'label', 'indexes'],
        num_rows: 1725
    })
})
[Train] Epoch:   0, Total:    147, Accuracy : 0.5986, Loss: 0.6821
[Eval] Epoch:   0, Total:    408, Accuracy : 0.6838, Loss: 0.6783
[Train] Epoch:   1, Total:    147, Accuracy : 0.5986, Loss: 0.6829
[Eval] Epoch:   1, Total:    408, Accuracy : 0.6838, Loss: 0.6729
[Train] Epoch:   2, Total:    147, Accuracy : 0.5918, Loss: 0.6980
[Eval] Epoch:   2, Total:    408, Accuracy : 0.6838, Loss: 0.6643
[Train] Epoch:   3, Total:    147, Accuracy : 0.5986, Loss: 0.6649
[Eval] Epoch:   3, Total:    408, Accuracy : 0.6838, Loss: 0.6542
[Train] Epoch:   4, Total:    147, Accuracy : 0.5986, Loss: 0.6939
[Eval] Epoch:   4, Total:    408, Accuracy : 0.6838, Loss: 0.6423
[Train] Epoch:   5, Total:    147, Accuracy : 0.5986, Loss: 0.7124
[Eval] Epoch:   5, Total:    408, Accuracy : 0.6838, Loss: 0.6324
[Train] Epoch:   6, Total:    147, Accuracy : 0.5986, Loss: 0.7232
[Eval] Epoch:   6, Total:    408, Accuracy : 0.6838, Loss: 0.6235
[Train] Epoch:   7, Total:    147, Accuracy : 0.5986, Loss: 0.6918
[Eval] Epoch:   7, Total:    408, Accuracy : 0.6838, Loss: 0.6191
[Train] Epoch:   8, Total:    147, Accuracy : 0.5986, Loss: 0.6544
[Eval] Epoch:   8, Total:    408, Accuracy : 0.6838, Loss: 0.6164
[Train] Epoch:   9, Total:    147, Accuracy : 0.5986, Loss: 0.7182
[Eval] Epoch:   9, Total:    408, Accuracy : 0.6838, Loss: 0.6075
[Train] Epoch:  10, Total:    147, Accuracy : 0.5986, Loss: 0.6573
[Eval] Epoch:  10, Total:    408, Accuracy : 0.6838, Loss: 0.5972
[Train] Epoch:  11, Total:    147, Accuracy : 0.5986, Loss: 0.6109
[Eval] Epoch:  11, Total:    408, Accuracy : 0.6838, Loss: 0.5657
[Train] Epoch:  12, Total:    147, Accuracy : 0.5986, Loss: 0.7531
[Eval] Epoch:  12, Total:    408, Accuracy : 0.6838, Loss: 0.5033
[Train] Epoch:  13, Total:    147, Accuracy : 0.5986, Loss: 0.5826
[Eval] Epoch:  13, Total:    408, Accuracy : 0.6961, Loss: 0.4862
[Train] Epoch:  14, Total:    147, Accuracy : 0.6259, Loss: 0.6188
[Eval] Epoch:  14, Total:    408, Accuracy : 0.7083, Loss: 0.5093
[Train] Epoch:  15, Total:    147, Accuracy : 0.6939, Loss: 0.5889
[Eval] Epoch:  15, Total:    408, Accuracy : 0.7010, Loss: 0.4842
[Train] Epoch:  16, Total:    147, Accuracy : 0.7211, Loss: 0.4694
[Eval] Epoch:  16, Total:    408, Accuracy : 0.7206, Loss: 0.4292
[Train] Epoch:  17, Total:    147, Accuracy : 0.7619, Loss: 0.5008
[Eval] Epoch:  17, Total:    408, Accuracy : 0.7181, Loss: 0.4198
[Train] Epoch:  18, Total:    147, Accuracy : 0.8639, Loss: 0.2999
[Eval] Epoch:  18, Total:    408, Accuracy : 0.6716, Loss: 0.5010
[Train] Epoch:  19, Total:    147, Accuracy : 0.9252, Loss: 0.3555
[Eval] Epoch:  19, Total:    408, Accuracy : 0.6544, Loss: 0.5079
{"epoch":[1,2,3,4,5,6,7,8,9,10,11,12,13,14,15,16,17,18,19,20],"train_loss":[0.6871469219525655,0.68324214220047,0.6901562213897705,0.6794208884239197,0.6829384962717692,0.6893247961997986,0.6853205362955729,0.6832468112309774,0.6662425398826599,0.6786873539288839,0.6638023455937704,0.64187224706014,0.6642559170722961,0.6118946671485901,0.5966965754826864,0.5642668406168619,0.48398661613464355,0.451034555832545,0.3572408854961395,0.3564111093680064],"eval_loss":[0.6829883711678642,0.6794652938842773,0.6739662289619446,0.6676427892276219,0.6602590254374913,0.6543053558894566,0.649060240813664,0.6464979989188058,0.6447600977761405,0.6386158977236066,0.6316511886460441,0.6112496938024249,0.5809132371629987,0.5734734152044568,0.5727613057409014,0.5546706148556301,0.5762725004128048,0.5622587885175433,0.5622480128492627,0.5715126778398242],"train_acc":[0.5986394557823129,0.5986394557823129,0.5918367346938775,0.5986394557823129,0.5986394557823129,0.5986394557823129,0.5986394557823129,0.5986394557823129,0.5986394557823129,0.5986394557823129,0.5986394557823129,0.5986394557823129,0.5986394557823129,0.5986394557823129,0.6258503401360545,0.6938775510204082,0.7210884353741497,0.7619047619047619,0.8639455782312925,0.9251700680272109],"eval_acc":[0.6838235294117647,0.6838235294117647,0.6838235294117647,0.6838235294117647,0.6838235294117647,0.6838235294117647,0.6838235294117647,0.6838235294117647,0.6838235294117647,0.6838235294117647,0.6838235294117647,0.6838235294117647,0.6838235294117647,0.696078431372549,0.7083333333333334,0.7009803921568627,0.7205882352941176,0.7181372549019608,0.6715686274509803,0.6544117647058824]}
[Eval] Epoch:  11, Total:   1725, Accuracy : 0.6788, Loss: 0.5857
1725 1171 15.574981302022934
