pruned_3_0.2_model_0
DatasetDict({
    train: Dataset({
        features: ['sentence1', 'sentence2', 'label', 'indexes'],
        num_rows: 733
    })
    validation: Dataset({
        features: ['sentence1', 'sentence2', 'label', 'indexes'],
        num_rows: 408
    })
    test: Dataset({
        features: ['sentence1', 'sentence2', 'label', 'indexes'],
        num_rows: 1725
    })
})
[Train] Epoch:   0, Total:    733, Accuracy : 0.6821, Loss: 0.6403
[Eval] Epoch:   0, Total:    408, Accuracy : 0.6838, Loss: 0.6202
[Train] Epoch:   1, Total:    733, Accuracy : 0.6821, Loss: 0.5269
[Eval] Epoch:   1, Total:    408, Accuracy : 0.6838, Loss: 0.5509
[Train] Epoch:   2, Total:    733, Accuracy : 0.6821, Loss: 0.4030
[Eval] Epoch:   2, Total:    408, Accuracy : 0.6838, Loss: 0.4678
[Train] Epoch:   3, Total:    733, Accuracy : 0.6821, Loss: 0.5447
[Eval] Epoch:   3, Total:    408, Accuracy : 0.6838, Loss: 0.4822
[Train] Epoch:   4, Total:    733, Accuracy : 0.6821, Loss: 0.5754
[Eval] Epoch:   4, Total:    408, Accuracy : 0.6838, Loss: 0.4415
[Train] Epoch:   5, Total:    733, Accuracy : 0.6849, Loss: 0.6434
[Eval] Epoch:   5, Total:    408, Accuracy : 0.6838, Loss: 0.4456
[Train] Epoch:   6, Total:    733, Accuracy : 0.7040, Loss: 0.4735
[Eval] Epoch:   6, Total:    408, Accuracy : 0.7500, Loss: 0.4076
[Train] Epoch:   7, Total:    733, Accuracy : 0.8281, Loss: 0.3693
[Eval] Epoch:   7, Total:    408, Accuracy : 0.7647, Loss: 0.3242
[Train] Epoch:   8, Total:    733, Accuracy : 0.8772, Loss: 0.3667
[Eval] Epoch:   8, Total:    408, Accuracy : 0.7721, Loss: 0.3141
[Train] Epoch:   9, Total:    733, Accuracy : 0.9209, Loss: 0.1951
[Eval] Epoch:   9, Total:    408, Accuracy : 0.8039, Loss: 0.2841
[Train] Epoch:  10, Total:    733, Accuracy : 0.9291, Loss: 0.3256
[Eval] Epoch:  10, Total:    408, Accuracy : 0.8284, Loss: 0.2969
[Train] Epoch:  11, Total:    733, Accuracy : 0.9400, Loss: 0.2121
[Eval] Epoch:  11, Total:    408, Accuracy : 0.8186, Loss: 0.3061
[Train] Epoch:  12, Total:    733, Accuracy : 0.9059, Loss: 0.1364
[Eval] Epoch:  12, Total:    408, Accuracy : 0.8039, Loss: 0.2288
[Train] Epoch:  13, Total:    733, Accuracy : 0.9304, Loss: 0.0446
[Eval] Epoch:  13, Total:    408, Accuracy : 0.8333, Loss: 0.2237
[Train] Epoch:  14, Total:    733, Accuracy : 0.9686, Loss: 0.0280
[Eval] Epoch:  14, Total:    408, Accuracy : 0.8260, Loss: 0.1769
[Train] Epoch:  15, Total:    733, Accuracy : 0.9741, Loss: 0.2830
[Eval] Epoch:  15, Total:    408, Accuracy : 0.8137, Loss: 0.2161
[Train] Epoch:  16, Total:    733, Accuracy : 0.9768, Loss: 0.0678
[Eval] Epoch:  16, Total:    408, Accuracy : 0.8358, Loss: 0.3315
[Train] Epoch:  17, Total:    733, Accuracy : 0.9945, Loss: 0.0884
[Eval] Epoch:  17, Total:    408, Accuracy : 0.8407, Loss: 0.3944
[Train] Epoch:  18, Total:    733, Accuracy : 0.9959, Loss: 0.1632
[Eval] Epoch:  18, Total:    408, Accuracy : 0.8407, Loss: 0.4268
[Train] Epoch:  19, Total:    733, Accuracy : 0.9945, Loss: 0.1669
[Eval] Epoch:  19, Total:    408, Accuracy : 0.8407, Loss: 0.4337
{"epoch":[1,2,3,4,5,6,7,8,9,10,11,12,13,14,15,16,17,18,19,20],"train_loss":[0.6584058552980423,0.6279165546099345,0.6030009388923645,0.5959150046110153,0.5762567321459452,0.5397627005974451,0.48873667667309445,0.4314558282494545,0.33770037690798443,0.26537954062223434,0.2414684717853864,0.21465425317486128,0.25700367117921513,0.17452075611799955,0.10224783963834246,0.09709983171584706,0.06436626186283927,0.03296586389963826,0.03151974675711244,0.02987373205057035],"eval_loss":[0.6480098707335336,0.6148855430739266,0.604411244392395,0.5702970964568002,0.5415469450610024,0.5136598008019584,0.4759109786578587,0.4937288165092468,0.5111793535096305,0.4499609002045223,0.42605351975985933,0.44107204249926973,0.5787768938711711,0.49360243124621256,0.59535151720047,0.6933278888463974,0.6102032831736973,0.6780843223844256,0.719004920550755,0.7215834983757564],"train_acc":[0.6821282401091405,0.6821282401091405,0.6821282401091405,0.6821282401091405,0.6821282401091405,0.684856753069577,0.703956343792633,0.8281036834924966,0.8772169167803547,0.9208731241473397,0.9290586630286494,0.9399727148703957,0.9058663028649386,0.9304229195088677,0.9686221009549796,0.9740791268758526,0.9768076398362893,0.9945429740791268,0.9959072305593452,0.9945429740791268],"eval_acc":[0.6838235294117647,0.6838235294117647,0.6838235294117647,0.6838235294117647,0.6838235294117647,0.6838235294117647,0.75,0.7647058823529411,0.7720588235294118,0.803921568627451,0.8284313725490197,0.8186274509803921,0.803921568627451,0.8333333333333334,0.8259803921568627,0.8137254901960784,0.8357843137254902,0.8406862745098039,0.8406862745098039,0.8406862745098039]}
[Eval] Epoch:  11, Total:   1725, Accuracy : 0.8093, Loss: 0.6626
1725 1396 23.57334139943123
