pruned_1_0.1_model_0
DatasetDict({
    train: Dataset({
        features: ['sentence1', 'sentence2', 'label', 'indexes'],
        num_rows: 366
    })
    validation: Dataset({
        features: ['sentence1', 'sentence2', 'label', 'indexes'],
        num_rows: 408
    })
    test: Dataset({
        features: ['sentence1', 'sentence2', 'label', 'indexes'],
        num_rows: 1725
    })
})
[Train] Epoch:   0, Total:    366, Accuracy : 0.3142, Loss: 0.7084
[Eval] Epoch:   0, Total:    408, Accuracy : 0.3162, Loss: 0.7324
[Train] Epoch:   1, Total:    366, Accuracy : 0.3224, Loss: 0.6922
[Eval] Epoch:   1, Total:    408, Accuracy : 0.3162, Loss: 0.7011
[Train] Epoch:   2, Total:    366, Accuracy : 0.6175, Loss: 0.6530
[Eval] Epoch:   2, Total:    408, Accuracy : 0.6838, Loss: 0.6509
[Train] Epoch:   3, Total:    366, Accuracy : 0.6885, Loss: 0.6693
[Eval] Epoch:   3, Total:    408, Accuracy : 0.6838, Loss: 0.5705
[Train] Epoch:   4, Total:    366, Accuracy : 0.6885, Loss: 0.5671
[Eval] Epoch:   4, Total:    408, Accuracy : 0.6838, Loss: 0.5016
[Train] Epoch:   5, Total:    366, Accuracy : 0.6885, Loss: 0.5307
[Eval] Epoch:   5, Total:    408, Accuracy : 0.6838, Loss: 0.4945
[Train] Epoch:   6, Total:    366, Accuracy : 0.6885, Loss: 0.5175
[Eval] Epoch:   6, Total:    408, Accuracy : 0.6838, Loss: 0.4691
[Train] Epoch:   7, Total:    366, Accuracy : 0.6885, Loss: 0.5674
[Eval] Epoch:   7, Total:    408, Accuracy : 0.6838, Loss: 0.4558
[Train] Epoch:   8, Total:    366, Accuracy : 0.6885, Loss: 0.5379
[Eval] Epoch:   8, Total:    408, Accuracy : 0.6838, Loss: 0.3843
[Train] Epoch:   9, Total:    366, Accuracy : 0.7077, Loss: 0.3843
[Eval] Epoch:   9, Total:    408, Accuracy : 0.6936, Loss: 0.3501
[Train] Epoch:  10, Total:    366, Accuracy : 0.7268, Loss: 0.4115
[Eval] Epoch:  10, Total:    408, Accuracy : 0.7034, Loss: 0.3803
[Train] Epoch:  11, Total:    366, Accuracy : 0.7322, Loss: 0.4702
[Eval] Epoch:  11, Total:    408, Accuracy : 0.7010, Loss: 0.3473
[Train] Epoch:  12, Total:    366, Accuracy : 0.7568, Loss: 0.3932
[Eval] Epoch:  12, Total:    408, Accuracy : 0.6961, Loss: 0.3855
[Train] Epoch:  13, Total:    366, Accuracy : 0.7732, Loss: 0.3025
[Eval] Epoch:  13, Total:    408, Accuracy : 0.6961, Loss: 0.3648
[Train] Epoch:  14, Total:    366, Accuracy : 0.8033, Loss: 0.2249
[Eval] Epoch:  14, Total:    408, Accuracy : 0.7598, Loss: 0.3099
[Train] Epoch:  15, Total:    366, Accuracy : 0.9426, Loss: 0.1707
[Eval] Epoch:  15, Total:    408, Accuracy : 0.7402, Loss: 0.3785
[Train] Epoch:  16, Total:    366, Accuracy : 0.9426, Loss: 0.1441
[Eval] Epoch:  16, Total:    408, Accuracy : 0.7426, Loss: 0.4231
[Train] Epoch:  17, Total:    366, Accuracy : 0.9590, Loss: 0.0444
[Eval] Epoch:  17, Total:    408, Accuracy : 0.7696, Loss: 0.3458
[Train] Epoch:  18, Total:    366, Accuracy : 0.9727, Loss: 0.0425
[Eval] Epoch:  18, Total:    408, Accuracy : 0.7721, Loss: 0.3080
[Train] Epoch:  19, Total:    366, Accuracy : 0.9809, Loss: 0.1509
[Eval] Epoch:  19, Total:    408, Accuracy : 0.7696, Loss: 0.2938
{"epoch":[1,2,3,4,5,6,7,8,9,10,11,12,13,14,15,16,17,18,19,20],"train_loss":[0.722341775894165,0.7088344295819601,0.6803071995576223,0.6515392661094666,0.625189741452535,0.6099175910154978,0.5960284968217214,0.5611246128877004,0.5197304834922155,0.4436951329310735,0.40259116888046265,0.358212485909462,0.33125412464141846,0.3093252827723821,0.30792641391356784,0.23111670464277267,0.17855900774399439,0.14003304888804755,0.10424900365372498,0.08202325304349263],"eval_loss":[0.719518882887704,0.6978095344134739,0.6648557526724679,0.6204749941825867,0.6097019825662885,0.5929245225020817,0.5737519306795937,0.5482130774429866,0.5493375446115222,0.5843693741730281,0.561850151845387,0.5913880339690617,0.5670553530965533,0.5822346082755497,0.586726222719465,0.6149225405284336,0.8961124803338733,0.68986263019698,0.6790596970490047,0.6990094440323966],"train_acc":[0.31420765027322406,0.3224043715846995,0.6174863387978142,0.6885245901639344,0.6885245901639344,0.6885245901639344,0.6885245901639344,0.6885245901639344,0.6885245901639344,0.7076502732240437,0.726775956284153,0.73224043715847,0.7568306010928961,0.773224043715847,0.8032786885245902,0.9426229508196722,0.9426229508196722,0.9590163934426229,0.9726775956284153,0.9808743169398907],"eval_acc":[0.3161764705882353,0.3161764705882353,0.6838235294117647,0.6838235294117647,0.6838235294117647,0.6838235294117647,0.6838235294117647,0.6838235294117647,0.6838235294117647,0.6936274509803921,0.7034313725490197,0.7009803921568627,0.696078431372549,0.696078431372549,0.7598039215686274,0.7401960784313726,0.7426470588235294,0.7696078431372549,0.7720588235294118,0.7696078431372549]}
[Eval] Epoch:  11, Total:   1725, Accuracy : 0.7600, Loss: 0.7349
1725 1311 21.672422111034393
