[Train] Epoch:   0, Total: 549367, Accuracy : 0.8537, Loss: 0.3017
[Eval] Epoch:   0, Total:   9842, Accuracy : 0.9104, Loss: 0.3096
[Train] Epoch:   1, Total: 549367, Accuracy : 0.8970, Loss: 0.3291
[Eval] Epoch:   1, Total:   9842, Accuracy : 0.9158, Loss: 0.3041
[Train] Epoch:   2, Total: 549367, Accuracy : 0.9121, Loss: 0.2753
[Eval] Epoch:   2, Total:   9842, Accuracy : 0.9156, Loss: 0.2985
[Train] Epoch:   3, Total: 549367, Accuracy : 0.9244, Loss: 0.1681
[Eval] Epoch:   3, Total:   9842, Accuracy : 0.9161, Loss: 0.3429
[Train] Epoch:   4, Total: 549367, Accuracy : 0.9344, Loss: 0.2066
[Eval] Epoch:   4, Total:   9842, Accuracy : 0.9162, Loss: 0.2918
[Train] Epoch:   5, Total: 549367, Accuracy : 0.9427, Loss: 0.1601
[Eval] Epoch:   5, Total:   9842, Accuracy : 0.9145, Loss: 0.3385
[Train] Epoch:   6, Total: 549367, Accuracy : 0.9488, Loss: 0.1696
[Eval] Epoch:   6, Total:   9842, Accuracy : 0.9152, Loss: 0.3705
[Train] Epoch:   7, Total: 549367, Accuracy : 0.9534, Loss: 0.1404
[Eval] Epoch:   7, Total:   9842, Accuracy : 0.9148, Loss: 0.3608
[Train] Epoch:   8, Total: 549367, Accuracy : 0.9565, Loss: 0.1021
[Eval] Epoch:   8, Total:   9842, Accuracy : 0.9140, Loss: 0.3780
[Train] Epoch:   9, Total: 549367, Accuracy : 0.9577, Loss: 0.1397
[Eval] Epoch:   9, Total:   9842, Accuracy : 0.9149, Loss: 0.3854
[Train] Epoch:  10, Total: 549367, Accuracy : 0.9441, Loss: 0.2031
[Eval] Epoch:  10, Total:   9842, Accuracy : 0.9132, Loss: 0.3951
[Train] Epoch:  11, Total: 549367, Accuracy : 0.9493, Loss: 0.1429
[Eval] Epoch:  11, Total:   9842, Accuracy : 0.9141, Loss: 0.3817
[Train] Epoch:  12, Total: 549367, Accuracy : 0.9556, Loss: 0.1417
[Eval] Epoch:  12, Total:   9842, Accuracy : 0.9144, Loss: 0.4952
[Train] Epoch:  13, Total: 549367, Accuracy : 0.9618, Loss: 0.1139
[Eval] Epoch:  13, Total:   9842, Accuracy : 0.9131, Loss: 0.4613
[Train] Epoch:  14, Total: 549367, Accuracy : 0.9668, Loss: 0.1000
[Eval] Epoch:  14, Total:   9842, Accuracy : 0.9121, Loss: 0.4289
[Train] Epoch:  15, Total: 549367, Accuracy : 0.9717, Loss: 0.0907
[Eval] Epoch:  15, Total:   9842, Accuracy : 0.9129, Loss: 0.4384
[Train] Epoch:  16, Total: 549367, Accuracy : 0.9760, Loss: 0.0994
[Eval] Epoch:  16, Total:   9842, Accuracy : 0.9153, Loss: 0.4920
[Train] Epoch:  17, Total: 549367, Accuracy : 0.9790, Loss: 0.0547
[Eval] Epoch:  17, Total:   9842, Accuracy : 0.9107, Loss: 0.4700
[Train] Epoch:  18, Total: 549367, Accuracy : 0.9810, Loss: 0.0787
[Eval] Epoch:  18, Total:   9842, Accuracy : 0.9127, Loss: 0.4915
[Train] Epoch:  19, Total: 549367, Accuracy : 0.9815, Loss: 0.0418
[Eval] Epoch:  19, Total:   9842, Accuracy : 0.9119, Loss: 0.4832
{"epoch":[1,2,3,4,5,6,7,8,9,10,11,12,13,14,15,16,17,18,19,20],"train_loss":[0.37865871697219866,0.2826508622258929,0.24298117820864398,0.2112285901218625,0.18522824083506118,0.1623469007245759,0.14628438713881364,0.13371952474881085,0.12560002206158993,0.12261518469915308,0.15684970224211955,0.14353517861819834,0.1265673281404451,0.11011578654566605,0.09520768816257373,0.08201889710401888,0.07058484708145608,0.06205820501065932,0.056480219129834044,0.054495864328194865],"eval_loss":[0.2586946468322705,0.2450710940055358,0.24677052100499472,0.26107983405773455,0.268337844656064,0.2781869616263952,0.30190159991765636,0.3061358752923134,0.3155347758378738,0.31890806326499355,0.29771273181988644,0.30284079565451694,0.3289475800135197,0.34762741205019826,0.363049505230708,0.3930805619710531,0.4113329427364545,0.4164244486735417,0.4371569599860754,0.4373739499312181],"train_acc":[0.8536661284714954,0.8969796147202144,0.9120678890432079,0.9243711398755294,0.9343954041651573,0.9427195299317214,0.9488374802272433,0.9533572275000136,0.9565463524383517,0.9576676429417857,0.9441084011234748,0.9492688858267788,0.9556380343194987,0.9618196943027156,0.9668400176930904,0.9717474839224053,0.9759814477389431,0.9789940058285262,0.9810490983258915,0.9815096283540875],"eval_acc":[0.9103840682788051,0.9157691526112579,0.9155659418817313,0.9160739687055477,0.9161755740703109,0.9145498882340988,0.9151595204226783,0.9147530989636253,0.9140418614102824,0.9148547043283886,0.9132290184921764,0.9141434667750458,0.9144482828693355,0.9131274131274131,0.9121113594797805,0.9129242023978866,0.9152611257874416,0.9106888843730949,0.9127209916683601,0.911908148750254]}
[Eval] Epoch:  11, Total:   9824, Accuracy : 0.9099, Loss: 0.3934
9824 8939 17.305879563093185
