pruned_3_0.02_model_0
DatasetDict({
    test: Dataset({
        features: ['premise', 'hypothesis', 'label', 'indexes'],
        num_rows: 9824
    })
    train: Dataset({
        features: ['premise', 'hypothesis', 'label', 'indexes'],
        num_rows: 10987
    })
    validation: Dataset({
        features: ['premise', 'hypothesis', 'label', 'indexes'],
        num_rows: 9842
    })
})
[Train] Epoch:   0, Total:  10987, Accuracy : 0.3687, Loss: 1.0246
[Eval] Epoch:   0, Total:   9842, Accuracy : 0.5560, Loss: 0.9688
[Train] Epoch:   1, Total:  10987, Accuracy : 0.7055, Loss: 0.5505
[Eval] Epoch:   1, Total:   9842, Accuracy : 0.8072, Loss: 0.5126
[Train] Epoch:   2, Total:  10987, Accuracy : 0.8188, Loss: 0.4623
[Eval] Epoch:   2, Total:   9842, Accuracy : 0.8511, Loss: 0.4307
[Train] Epoch:   3, Total:  10987, Accuracy : 0.8587, Loss: 0.3822
[Eval] Epoch:   3, Total:   9842, Accuracy : 0.8522, Loss: 0.4052
[Train] Epoch:   4, Total:  10987, Accuracy : 0.8901, Loss: 0.3133
[Eval] Epoch:   4, Total:   9842, Accuracy : 0.8590, Loss: 0.4340
[Train] Epoch:   5, Total:  10987, Accuracy : 0.9123, Loss: 0.2403
[Eval] Epoch:   5, Total:   9842, Accuracy : 0.8615, Loss: 0.4715
[Train] Epoch:   6, Total:  10987, Accuracy : 0.9247, Loss: 0.2217
[Eval] Epoch:   6, Total:   9842, Accuracy : 0.8618, Loss: 0.4599
[Train] Epoch:   7, Total:  10987, Accuracy : 0.9316, Loss: 0.2436
[Eval] Epoch:   7, Total:   9842, Accuracy : 0.8648, Loss: 0.4886
[Train] Epoch:   8, Total:  10987, Accuracy : 0.9408, Loss: 0.1737
[Eval] Epoch:   8, Total:   9842, Accuracy : 0.8638, Loss: 0.4922
[Train] Epoch:   9, Total:  10987, Accuracy : 0.9408, Loss: 0.2317
[Eval] Epoch:   9, Total:   9842, Accuracy : 0.8645, Loss: 0.4918
[Train] Epoch:  10, Total:  10987, Accuracy : 0.9424, Loss: 0.1730
[Eval] Epoch:  10, Total:   9842, Accuracy : 0.8638, Loss: 0.5088
[Train] Epoch:  11, Total:  10987, Accuracy : 0.9352, Loss: 0.2071
[Eval] Epoch:  11, Total:   9842, Accuracy : 0.8594, Loss: 0.4909
[Train] Epoch:  12, Total:  10987, Accuracy : 0.9448, Loss: 0.2180
[Eval] Epoch:  12, Total:   9842, Accuracy : 0.8606, Loss: 0.4948
[Train] Epoch:  13, Total:  10987, Accuracy : 0.9559, Loss: 0.1999
[Eval] Epoch:  13, Total:   9842, Accuracy : 0.8632, Loss: 0.5351
[Train] Epoch:  14, Total:  10987, Accuracy : 0.9610, Loss: 0.0776
[Eval] Epoch:  14, Total:   9842, Accuracy : 0.8625, Loss: 0.5908
[Train] Epoch:  15, Total:  10987, Accuracy : 0.9692, Loss: 0.1069
[Eval] Epoch:  15, Total:   9842, Accuracy : 0.8647, Loss: 0.5650
[Train] Epoch:  16, Total:  10987, Accuracy : 0.9735, Loss: 0.0665
[Eval] Epoch:  16, Total:   9842, Accuracy : 0.8655, Loss: 0.5731
[Train] Epoch:  17, Total:  10987, Accuracy : 0.9758, Loss: 0.0536
[Eval] Epoch:  17, Total:   9842, Accuracy : 0.8679, Loss: 0.5786
[Train] Epoch:  18, Total:  10987, Accuracy : 0.9794, Loss: 0.0398
[Eval] Epoch:  18, Total:   9842, Accuracy : 0.8659, Loss: 0.5858
[Train] Epoch:  19, Total:  10987, Accuracy : 0.9816, Loss: 0.0646
[Eval] Epoch:  19, Total:   9842, Accuracy : 0.8660, Loss: 0.5956
{"epoch":[1,2,3,4,5,6,7,8,9,10,11,12,13,14,15,16,17,18,19,20],"train_loss":[1.0912849210029425,0.7089951717576315,0.4817219619141069,0.3891105748886286,0.31670251211454703,0.2652486739463584,0.23349037108033202,0.20848345721876899,0.1884981116583181,0.1843168527580971,0.18321295602377072,0.19887443614560504,0.16872464986734612,0.14268575989922813,0.12294765648453734,0.10333077566221703,0.08939445157383763,0.08420257885442224,0.0715773057972276,0.07057643105644126],"eval_loss":[0.9710823373916821,0.5023991022354517,0.40975008866725826,0.4174769795857943,0.4122292399406433,0.44974486644451434,0.43211509325565434,0.4439493784537682,0.44607158654775375,0.4473096774174617,0.4738959463743063,0.4700461335671254,0.4775876265305739,0.4897667719767644,0.5178471199977093,0.5267109458263104,0.5435195351258303,0.5437889542335119,0.5554152979300573,0.5585309863090515],"train_acc":[0.36870847365067805,0.7054701010284882,0.8187858378083189,0.8587421498134159,0.8900518794939474,0.9122599435696732,0.9247292254482571,0.9316464913079093,0.9408391735687631,0.9408391735687631,0.9423864567215801,0.9351961408937836,0.9448439064348776,0.9559479384727405,0.9609538545553836,0.9692363702557568,0.9735141530900154,0.9757895694912169,0.9794302357331391,0.9816146354782925],"eval_acc":[0.555984555984556,0.8071530176793335,0.8511481406218249,0.8521641942694574,0.8589717537085958,0.8615118878276773,0.8618167039219671,0.8647632595001016,0.8638488112172322,0.8644584434058118,0.8638488112172322,0.8593781751676488,0.8605974395448079,0.8632391790286527,0.8625279414753099,0.8646616541353384,0.8654744970534444,0.8679130258077626,0.8658809185124975,0.8659825238772607]}
[Eval] Epoch:  11, Total:   9824, Accuracy : 0.8666, Loss: 0.5171
9824 8513 21.45900759100914
