pruned_3_0.005_model_0
DatasetDict({
    test: Dataset({
        features: ['premise', 'hypothesis', 'label', 'indexes'],
        num_rows: 9824
    })
    train: Dataset({
        features: ['premise', 'hypothesis', 'label', 'indexes'],
        num_rows: 2746
    })
    validation: Dataset({
        features: ['premise', 'hypothesis', 'label', 'indexes'],
        num_rows: 9842
    })
})
[Train] Epoch:   0, Total:   2746, Accuracy : 0.3627, Loss: 1.1041
[Eval] Epoch:   0, Total:   9842, Accuracy : 0.3382, Loss: 1.0993
[Train] Epoch:   1, Total:   2746, Accuracy : 0.3685, Loss: 1.0974
[Eval] Epoch:   1, Total:   9842, Accuracy : 0.3382, Loss: 1.1020
[Train] Epoch:   2, Total:   2746, Accuracy : 0.4097, Loss: 1.1034
[Eval] Epoch:   2, Total:   9842, Accuracy : 0.3832, Loss: 1.1011
[Train] Epoch:   3, Total:   2746, Accuracy : 0.4669, Loss: 0.9979
[Eval] Epoch:   3, Total:   9842, Accuracy : 0.5727, Loss: 0.9869
[Train] Epoch:   4, Total:   2746, Accuracy : 0.6326, Loss: 0.7792
[Eval] Epoch:   4, Total:   9842, Accuracy : 0.6888, Loss: 0.6332
[Train] Epoch:   5, Total:   2746, Accuracy : 0.7414, Loss: 0.5395
[Eval] Epoch:   5, Total:   9842, Accuracy : 0.7459, Loss: 0.6067
[Train] Epoch:   6, Total:   2746, Accuracy : 0.8117, Loss: 0.4415
[Eval] Epoch:   6, Total:   9842, Accuracy : 0.7860, Loss: 0.6279
[Train] Epoch:   7, Total:   2746, Accuracy : 0.8416, Loss: 0.3213
[Eval] Epoch:   7, Total:   9842, Accuracy : 0.7900, Loss: 0.6749
[Train] Epoch:   8, Total:   2746, Accuracy : 0.8667, Loss: 0.3716
[Eval] Epoch:   8, Total:   9842, Accuracy : 0.8160, Loss: 0.6347
[Train] Epoch:   9, Total:   2746, Accuracy : 0.8849, Loss: 0.3853
[Eval] Epoch:   9, Total:   9842, Accuracy : 0.8224, Loss: 0.6049
[Train] Epoch:  10, Total:   2746, Accuracy : 0.8948, Loss: 0.2867
[Eval] Epoch:  10, Total:   9842, Accuracy : 0.8204, Loss: 0.6106
[Train] Epoch:  11, Total:   2746, Accuracy : 0.9020, Loss: 0.3133
[Eval] Epoch:  11, Total:   9842, Accuracy : 0.8187, Loss: 0.6150
[Train] Epoch:  12, Total:   2746, Accuracy : 0.8908, Loss: 0.3299
[Eval] Epoch:  12, Total:   9842, Accuracy : 0.8225, Loss: 0.6126
[Train] Epoch:  13, Total:   2746, Accuracy : 0.8984, Loss: 0.2809
[Eval] Epoch:  13, Total:   9842, Accuracy : 0.8319, Loss: 0.6068
[Train] Epoch:  14, Total:   2746, Accuracy : 0.9184, Loss: 0.2253
[Eval] Epoch:  14, Total:   9842, Accuracy : 0.8254, Loss: 0.6451
[Train] Epoch:  15, Total:   2746, Accuracy : 0.9283, Loss: 0.2632
[Eval] Epoch:  15, Total:   9842, Accuracy : 0.8314, Loss: 0.6615
[Train] Epoch:  16, Total:   2746, Accuracy : 0.9501, Loss: 0.1336
[Eval] Epoch:  16, Total:   9842, Accuracy : 0.8331, Loss: 0.6913
[Train] Epoch:  17, Total:   2746, Accuracy : 0.9552, Loss: 0.1555
[Eval] Epoch:  17, Total:   9842, Accuracy : 0.8363, Loss: 0.6931
[Train] Epoch:  18, Total:   2746, Accuracy : 0.9574, Loss: 0.2063
[Eval] Epoch:  18, Total:   9842, Accuracy : 0.8343, Loss: 0.7239
[Train] Epoch:  19, Total:   2746, Accuracy : 0.9658, Loss: 0.1507
[Eval] Epoch:  19, Total:   9842, Accuracy : 0.8353, Loss: 0.7202
{"epoch":[1,2,3,4,5,6,7,8,9,10,11,12,13,14,15,16,17,18,19,20],"train_loss":[1.0982573140751233,1.0948755957863547,1.0905613032254307,1.0687760331413962,0.8551416342908685,0.6463595303622159,0.5094275826757605,0.4370145553892309,0.38028590245680377,0.34347027811137115,0.31462351842360065,0.30812149156223645,0.3163990337740291,0.29926346106962726,0.24359427392482758,0.22939392111518167,0.1739400327205658,0.1563295776193792,0.1562184583057057,0.12955069677396255],"eval_loss":[1.0989508720544667,1.1012459382032738,1.1001901382055037,0.9868004887531965,0.6905069213647109,0.624063063890506,0.5914783485424824,0.5976168459806687,0.5313831529556177,0.5186404219040504,0.523176087018771,0.5248912122005072,0.5325852601956098,0.5258019215021378,0.5631885987061721,0.5454563888219687,0.5539753811481671,0.5539244535641793,0.5656063220439813,0.5632339624258188],"train_acc":[0.36270939548434084,0.3685360524399126,0.40968681718863803,0.4668608885651857,0.6325564457392571,0.741442097596504,0.8117261471230881,0.8415877640203933,0.8667152221412965,0.8849235251274581,0.8947560087399854,0.9020393299344501,0.8907501820830298,0.8983976693372178,0.9184268026219956,0.9282592862345229,0.950109249817917,0.9552075746540423,0.9573925710123816,0.965768390386016],"eval_acc":[0.3382442592968909,0.3382442592968909,0.38315383052225155,0.5727494411704938,0.6887827677301361,0.745884982727088,0.7860191018085755,0.7899817110343426,0.8159926844137371,0.8223938223938224,0.8203617150985572,0.818736029262345,0.8224954277585856,0.8319447266815688,0.8254419833367201,0.8314366998577525,0.8330623856939646,0.8363137573663889,0.8342816500711238,0.8352977037187563]}
[Eval] Epoch:  11, Total:   9824, Accuracy : 0.8362, Loss: 0.7155
9824 8215 21.865287125110626
