pruned_1_0.01_model_0
DatasetDict({
    test: Dataset({
        features: ['premise', 'hypothesis', 'label', 'indexes'],
        num_rows: 9824
    })
    train: Dataset({
        features: ['premise', 'hypothesis', 'label', 'indexes'],
        num_rows: 5477
    })
    validation: Dataset({
        features: ['premise', 'hypothesis', 'label', 'indexes'],
        num_rows: 9842
    })
})
[Train] Epoch:   0, Total:   5477, Accuracy : 0.3380, Loss: 1.1013
[Eval] Epoch:   0, Total:   9842, Accuracy : 0.3351, Loss: 1.0978
[Train] Epoch:   1, Total:   5477, Accuracy : 0.3995, Loss: 1.0335
[Eval] Epoch:   1, Total:   9842, Accuracy : 0.6226, Loss: 1.0098
[Train] Epoch:   2, Total:   5477, Accuracy : 0.6690, Loss: 0.5601
[Eval] Epoch:   2, Total:   9842, Accuracy : 0.7857, Loss: 0.4982
[Train] Epoch:   3, Total:   5477, Accuracy : 0.7988, Loss: 0.3514
[Eval] Epoch:   3, Total:   9842, Accuracy : 0.8288, Loss: 0.4833
[Train] Epoch:   4, Total:   5477, Accuracy : 0.8468, Loss: 0.3434
[Eval] Epoch:   4, Total:   9842, Accuracy : 0.8431, Loss: 0.4594
[Train] Epoch:   5, Total:   5477, Accuracy : 0.8758, Loss: 0.2668
[Eval] Epoch:   5, Total:   9842, Accuracy : 0.8500, Loss: 0.4464
[Train] Epoch:   6, Total:   5477, Accuracy : 0.8954, Loss: 0.3688
[Eval] Epoch:   6, Total:   9842, Accuracy : 0.8536, Loss: 0.4507
[Train] Epoch:   7, Total:   5477, Accuracy : 0.9186, Loss: 0.2604
[Eval] Epoch:   7, Total:   9842, Accuracy : 0.8561, Loss: 0.4908
[Train] Epoch:   8, Total:   5477, Accuracy : 0.9270, Loss: 0.2190
[Eval] Epoch:   8, Total:   9842, Accuracy : 0.8547, Loss: 0.5075
[Train] Epoch:   9, Total:   5477, Accuracy : 0.9334, Loss: 0.1619
[Eval] Epoch:   9, Total:   9842, Accuracy : 0.8549, Loss: 0.5072
[Train] Epoch:  10, Total:   5477, Accuracy : 0.9346, Loss: 0.1474
[Eval] Epoch:  10, Total:   9842, Accuracy : 0.8551, Loss: 0.5076
[Train] Epoch:  11, Total:   5477, Accuracy : 0.9091, Loss: 0.5004
[Eval] Epoch:  11, Total:   9842, Accuracy : 0.8461, Loss: 0.5846
[Train] Epoch:  12, Total:   5477, Accuracy : 0.9345, Loss: 0.2224
[Eval] Epoch:  12, Total:   9842, Accuracy : 0.8509, Loss: 0.4480
[Train] Epoch:  13, Total:   5477, Accuracy : 0.9447, Loss: 0.1100
[Eval] Epoch:  13, Total:   9842, Accuracy : 0.8518, Loss: 0.5323
[Train] Epoch:  14, Total:   5477, Accuracy : 0.9502, Loss: 0.1042
[Eval] Epoch:  14, Total:   9842, Accuracy : 0.8504, Loss: 0.5503
[Train] Epoch:  15, Total:   5477, Accuracy : 0.9606, Loss: 0.0873
[Eval] Epoch:  15, Total:   9842, Accuracy : 0.8488, Loss: 0.5637
[Train] Epoch:  16, Total:   5477, Accuracy : 0.9673, Loss: 0.0713
[Eval] Epoch:  16, Total:   9842, Accuracy : 0.8525, Loss: 0.6217
[Train] Epoch:  17, Total:   5477, Accuracy : 0.9728, Loss: 0.0863
[Eval] Epoch:  17, Total:   9842, Accuracy : 0.8537, Loss: 0.6765
[Train] Epoch:  18, Total:   5477, Accuracy : 0.9719, Loss: 0.1745
[Eval] Epoch:  18, Total:   9842, Accuracy : 0.8532, Loss: 0.6612
[Train] Epoch:  19, Total:   5477, Accuracy : 0.9786, Loss: 0.1038
[Eval] Epoch:  19, Total:   9842, Accuracy : 0.8528, Loss: 0.6708
{"epoch":[1,2,3,4,5,6,7,8,9,10,11,12,13,14,15,16,17,18,19,20],"train_loss":[1.0986688137054443,1.0888183225284924,0.7867076830430464,0.5248979519714009,0.4204305369745601,0.34502760795029724,0.3041225170547312,0.2575413157994097,0.23134939711202274,0.21877412701194937,0.20448679747906598,0.2874401005154306,0.20137821374969048,0.17000953954729167,0.15926190093159676,0.1253392445770177,0.11184516599909826,0.0986759713427587,0.09689510613679886,0.08619421635839072],"eval_loss":[1.0978606572517982,1.0114040252489922,0.5596098273228376,0.4706167433506403,0.4369844351059351,0.4328712882139744,0.43504556172933334,0.4520483253858028,0.45568981995949376,0.4587253569028316,0.4593447966453357,0.5068397942261819,0.49167293539414036,0.5031960789973919,0.5305916666984558,0.5694863054996882,0.5530651784860171,0.5569343093114022,0.5622530900515043,0.5625095925269983],"train_acc":[0.33795873653459924,0.3994887712251232,0.6689793682672996,0.7987949607449334,0.8468139492422859,0.8758444403870732,0.8953806828555779,0.9185685594303451,0.926967317874749,0.9333576775607084,0.9346357494979003,0.9090743107540624,0.9344531677925871,0.9446777432901223,0.9501551944495161,0.9605623516523645,0.9673178747489501,0.9727953259083439,0.9718824173817784,0.978637940478364],"eval_acc":[0.33509449298922983,0.6226376752692542,0.7857142857142857,0.8287949603739078,0.8431213168055274,0.850030481609429,0.853586669376143,0.8561268034952245,0.8547043283885389,0.8549075391180654,0.8551107498475919,0.8460678723836619,0.8509449298922983,0.8517577728104044,0.850436903068482,0.8488112172322698,0.8524690103637472,0.8536882747409064,0.85318024791709,0.852773826458037]}
[Eval] Epoch:  11, Total:   9824, Accuracy : 0.8593, Loss: 0.6926
9824 8442 20.834676831960678
