random_0.3_model_0
DatasetDict({
    test: Dataset({
        features: ['premise', 'hypothesis', 'label', 'indexes'],
        num_rows: 9824
    })
    train: Dataset({
        features: ['premise', 'hypothesis', 'label', 'indexes'],
        num_rows: 164810
    })
    validation: Dataset({
        features: ['premise', 'hypothesis', 'label', 'indexes'],
        num_rows: 9842
    })
})
[Train] Epoch:   0, Total: 164810, Accuracy : 0.7955, Loss: 0.3369
[Eval] Epoch:   0, Total:   9842, Accuracy : 0.8916, Loss: 0.3341
[Train] Epoch:   1, Total: 164810, Accuracy : 0.8825, Loss: 0.3106
[Eval] Epoch:   1, Total:   9842, Accuracy : 0.8986, Loss: 0.3213
[Train] Epoch:   2, Total: 164810, Accuracy : 0.9024, Loss: 0.2400
[Eval] Epoch:   2, Total:   9842, Accuracy : 0.9030, Loss: 0.3052
[Train] Epoch:   3, Total: 164810, Accuracy : 0.9189, Loss: 0.2211
[Eval] Epoch:   3, Total:   9842, Accuracy : 0.9056, Loss: 0.3378
[Train] Epoch:   4, Total: 164810, Accuracy : 0.9305, Loss: 0.3237
[Eval] Epoch:   4, Total:   9842, Accuracy : 0.9068, Loss: 0.3003
[Train] Epoch:   5, Total: 164810, Accuracy : 0.9408, Loss: 0.1384
[Eval] Epoch:   5, Total:   9842, Accuracy : 0.9068, Loss: 0.3152
[Train] Epoch:   6, Total: 164810, Accuracy : 0.9482, Loss: 0.1720
[Eval] Epoch:   6, Total:   9842, Accuracy : 0.9067, Loss: 0.2909
[Train] Epoch:   7, Total: 164810, Accuracy : 0.9539, Loss: 0.1326
[Eval] Epoch:   7, Total:   9842, Accuracy : 0.9065, Loss: 0.3191
[Train] Epoch:   8, Total: 164810, Accuracy : 0.9570, Loss: 0.1103
[Eval] Epoch:   8, Total:   9842, Accuracy : 0.9045, Loss: 0.3245
[Train] Epoch:   9, Total: 164810, Accuracy : 0.9587, Loss: 0.1695
[Eval] Epoch:   9, Total:   9842, Accuracy : 0.9055, Loss: 0.3228
[Train] Epoch:  10, Total: 164810, Accuracy : 0.9459, Loss: 0.1235
[Eval] Epoch:  10, Total:   9842, Accuracy : 0.9015, Loss: 0.3717
[Train] Epoch:  11, Total: 164810, Accuracy : 0.9503, Loss: 0.1240
[Eval] Epoch:  11, Total:   9842, Accuracy : 0.9029, Loss: 0.3760
[Train] Epoch:  12, Total: 164810, Accuracy : 0.9585, Loss: 0.1473
[Eval] Epoch:  12, Total:   9842, Accuracy : 0.8991, Loss: 0.3908
[Train] Epoch:  13, Total: 164810, Accuracy : 0.9649, Loss: 0.1166
[Eval] Epoch:  13, Total:   9842, Accuracy : 0.8977, Loss: 0.3899
[Train] Epoch:  14, Total: 164810, Accuracy : 0.9702, Loss: 0.1031
[Eval] Epoch:  14, Total:   9842, Accuracy : 0.9020, Loss: 0.4299
[Train] Epoch:  15, Total: 164810, Accuracy : 0.9753, Loss: 0.0907
[Eval] Epoch:  15, Total:   9842, Accuracy : 0.9002, Loss: 0.4848
[Train] Epoch:  16, Total: 164810, Accuracy : 0.9790, Loss: 0.0315
[Eval] Epoch:  16, Total:   9842, Accuracy : 0.9012, Loss: 0.4531
[Train] Epoch:  17, Total: 164810, Accuracy : 0.9819, Loss: 0.0524
[Eval] Epoch:  17, Total:   9842, Accuracy : 0.9020, Loss: 0.5075
[Train] Epoch:  18, Total: 164810, Accuracy : 0.9841, Loss: 0.0538
[Eval] Epoch:  18, Total:   9842, Accuracy : 0.9017, Loss: 0.5200
[Train] Epoch:  19, Total: 164810, Accuracy : 0.9843, Loss: 0.0251
[Eval] Epoch:  19, Total:   9842, Accuracy : 0.9025, Loss: 0.5136
{"epoch":[1,2,3,4,5,6,7,8,9,10,11,12,13,14,15,16,17,18,19,20],"train_loss":[0.4846276726041521,0.3203491774034796,0.26862770106111256,0.22764631569015314,0.19537417295602907,0.1687029420241991,0.14925001137629615,0.1348630584232648,0.12658840721554082,0.12236575394151558,0.1547718871130336,0.14234374958142545,0.1220848638136287,0.10347150603991857,0.08890981197368747,0.0757298275672177,0.06388741848492845,0.05616074438953066,0.049602348760915745,0.04805594616459671],"eval_loss":[0.29949682759932983,0.2780876591419562,0.2883255042326756,0.28712472510643494,0.3134928422096448,0.32435134511727554,0.33090191047925216,0.34610049999677217,0.3575172049876971,0.35762862058786243,0.3342668815301015,0.3555154043894548,0.3654776200270041,0.4162928653069032,0.41623833775520325,0.44807976255050075,0.4616211201900091,0.4810632459628276,0.4985355543784606,0.49914882121941984],"train_acc":[0.79549784600449,0.8825496025726595,0.9023663612644863,0.91888841696499,0.9304775195679874,0.9408288332018688,0.9481706207147624,0.9538984284934167,0.9569989685091924,0.9586736241732905,0.945852800194163,0.9502578727018992,0.9584612584187853,0.964917177355743,0.9701717128815,0.9752502882106668,0.9789697227110006,0.9818882349372005,0.9841089739700261,0.9843092045385595],"eval_acc":[0.8915870757976021,0.898597845966267,0.9029668766510872,0.9056086161349319,0.9068278805120911,0.9068278805120911,0.9067262751473277,0.9065230644178013,0.904490957122536,0.9055070107701687,0.9015444015444015,0.9028652712863239,0.8991058727900834,0.8976833976833977,0.9019508230034545,0.9002235318024792,0.9012395854501117,0.9019508230034545,0.9017476122739281,0.9024588498272709]}
[Eval] Epoch:  11, Total:   9824, Accuracy : 0.9010, Loss: 0.7268
9824 8851 19.181962937116623
