pruned_2_0.5_model_0
DatasetDict({
    test: Dataset({
        features: ['premise', 'hypothesis', 'label', 'indexes'],
        num_rows: 9824
    })
    train: Dataset({
        features: ['premise', 'hypothesis', 'label', 'indexes'],
        num_rows: 274683
    })
    validation: Dataset({
        features: ['premise', 'hypothesis', 'label', 'indexes'],
        num_rows: 9842
    })
})
[Train] Epoch:   0, Total: 274683, Accuracy : 0.8342, Loss: 0.3380
[Eval] Epoch:   0, Total:   9842, Accuracy : 0.8999, Loss: 0.3067
[Train] Epoch:   1, Total: 274683, Accuracy : 0.8930, Loss: 0.3250
[Eval] Epoch:   1, Total:   9842, Accuracy : 0.9064, Loss: 0.3103
[Train] Epoch:   2, Total: 274683, Accuracy : 0.9104, Loss: 0.2738
[Eval] Epoch:   2, Total:   9842, Accuracy : 0.9102, Loss: 0.3016
[Train] Epoch:   3, Total: 274683, Accuracy : 0.9234, Loss: 0.2129
[Eval] Epoch:   3, Total:   9842, Accuracy : 0.9130, Loss: 0.2952
[Train] Epoch:   4, Total: 274683, Accuracy : 0.9350, Loss: 0.2269
[Eval] Epoch:   4, Total:   9842, Accuracy : 0.9112, Loss: 0.3637
[Train] Epoch:   5, Total: 274683, Accuracy : 0.9436, Loss: 0.1302
[Eval] Epoch:   5, Total:   9842, Accuracy : 0.9091, Loss: 0.3130
[Train] Epoch:   6, Total: 274683, Accuracy : 0.9505, Loss: 0.1213
[Eval] Epoch:   6, Total:   9842, Accuracy : 0.9112, Loss: 0.3657
[Train] Epoch:   7, Total: 274683, Accuracy : 0.9556, Loss: 0.1280
[Eval] Epoch:   7, Total:   9842, Accuracy : 0.9114, Loss: 0.3702
[Train] Epoch:   8, Total: 274683, Accuracy : 0.9584, Loss: 0.1249
[Eval] Epoch:   8, Total:   9842, Accuracy : 0.9101, Loss: 0.3812
[Train] Epoch:   9, Total: 274683, Accuracy : 0.9598, Loss: 0.0868
[Eval] Epoch:   9, Total:   9842, Accuracy : 0.9092, Loss: 0.3819
[Train] Epoch:  10, Total: 274683, Accuracy : 0.9472, Loss: 0.1948
[Eval] Epoch:  10, Total:   9842, Accuracy : 0.9047, Loss: 0.3107
[Train] Epoch:  11, Total: 274683, Accuracy : 0.9523, Loss: 0.1629
[Eval] Epoch:  11, Total:   9842, Accuracy : 0.9069, Loss: 0.3353
[Train] Epoch:  12, Total: 274683, Accuracy : 0.9584, Loss: 0.1163
[Eval] Epoch:  12, Total:   9842, Accuracy : 0.9102, Loss: 0.2785
[Train] Epoch:  13, Total: 274683, Accuracy : 0.9643, Loss: 0.0739
[Eval] Epoch:  13, Total:   9842, Accuracy : 0.9050, Loss: 0.3429
[Train] Epoch:  14, Total: 274683, Accuracy : 0.9700, Loss: 0.0620
[Eval] Epoch:  14, Total:   9842, Accuracy : 0.9067, Loss: 0.3731
[Train] Epoch:  15, Total: 274683, Accuracy : 0.9747, Loss: 0.0892
[Eval] Epoch:  15, Total:   9842, Accuracy : 0.9075, Loss: 0.4185
[Train] Epoch:  16, Total: 274683, Accuracy : 0.9786, Loss: 0.0572
[Eval] Epoch:  16, Total:   9842, Accuracy : 0.9067, Loss: 0.4632
[Train] Epoch:  17, Total: 274683, Accuracy : 0.9811, Loss: 0.0634
[Eval] Epoch:  17, Total:   9842, Accuracy : 0.9053, Loss: 0.4247
[Train] Epoch:  18, Total: 274683, Accuracy : 0.9835, Loss: 0.0459
[Eval] Epoch:  18, Total:   9842, Accuracy : 0.9047, Loss: 0.5082
[Train] Epoch:  19, Total: 274683, Accuracy : 0.9843, Loss: 0.0114
[Eval] Epoch:  19, Total:   9842, Accuracy : 0.9042, Loss: 0.5287
{"epoch":[1,2,3,4,5,6,7,8,9,10,11,12,13,14,15,16,17,18,19,20],"train_loss":[0.4168999736984534,0.2941900881811046,0.24940312423943806,0.21371715388782428,0.18455611733165947,0.16057760746870103,0.14233528829951322,0.12976649912197458,0.1208992733829286,0.11803742703345482,0.1507393376761136,0.13682432227593544,0.12000657779486626,0.10289585797284545,0.08731999851152204,0.07413876453329499,0.06344635617977419,0.05491760941803844,0.04915038125028787,0.04675275061144133],"eval_loss":[0.27729095403964704,0.2631991112079376,0.26365373914058393,0.26968954770992964,0.29305344896438795,0.3066535607362405,0.32900903851558,0.3295225822008573,0.3393518985846104,0.34099103930668956,0.3242186059554418,0.33498870409452,0.333744798715298,0.36209124632370776,0.39817788127141124,0.42874583525535387,0.44689516914196503,0.47192477033688474,0.48788286248842877,0.4980987562583043],"train_acc":[0.8341542796605542,0.8930403410476804,0.9103985321261235,0.9233734887124431,0.934994156900864,0.9436295657175726,0.9505102245133481,0.9555851654452587,0.958410240167757,0.9597936530473309,0.9471536280002767,0.9522540528536532,0.9584029590473382,0.9642751826651085,0.9699835810734556,0.9747272310263103,0.9786408332514207,0.9811054925131879,0.9834900594503482,0.9843455910995584],"eval_acc":[0.8999187157081894,0.906421459053038,0.9101808575492786,0.9130258077626499,0.9111969111969112,0.9090631985368828,0.9111969111969112,0.9114001219264377,0.9100792521845154,0.909164803901646,0.9046941678520626,0.9069294858768543,0.9101808575492786,0.9049989839463524,0.9067262751473277,0.9075391180654339,0.9067262751473277,0.9053038000406421,0.9046941678520626,0.9041861410282462]}
[Eval] Epoch:  11, Total:   9824, Accuracy : 0.8984, Loss: 0.6217
9824 8826 20.146797746419907
