pruned_1_0.05_model_0
DatasetDict({
    test: Dataset({
        features: ['premise', 'hypothesis', 'label', 'indexes'],
        num_rows: 9824
    })
    train: Dataset({
        features: ['premise', 'hypothesis', 'label', 'indexes'],
        num_rows: 27460
    })
    validation: Dataset({
        features: ['premise', 'hypothesis', 'label', 'indexes'],
        num_rows: 9842
    })
})
[Train] Epoch:   0, Total:  27460, Accuracy : 0.5911, Loss: 0.4901
[Eval] Epoch:   0, Total:   9842, Accuracy : 0.8319, Loss: 0.4847
[Train] Epoch:   1, Total:  27460, Accuracy : 0.8324, Loss: 0.3200
[Eval] Epoch:   1, Total:   9842, Accuracy : 0.8662, Loss: 0.3631
[Train] Epoch:   2, Total:  27460, Accuracy : 0.8718, Loss: 0.2370
[Eval] Epoch:   2, Total:   9842, Accuracy : 0.8748, Loss: 0.3702
[Train] Epoch:   3, Total:  27460, Accuracy : 0.9000, Loss: 0.1869
[Eval] Epoch:   3, Total:   9842, Accuracy : 0.8802, Loss: 0.3268
[Train] Epoch:   4, Total:  27460, Accuracy : 0.9153, Loss: 0.2741
[Eval] Epoch:   4, Total:   9842, Accuracy : 0.8822, Loss: 0.3728
[Train] Epoch:   5, Total:  27460, Accuracy : 0.9309, Loss: 0.1823
[Eval] Epoch:   5, Total:   9842, Accuracy : 0.8821, Loss: 0.4037
[Train] Epoch:   6, Total:  27460, Accuracy : 0.9413, Loss: 0.1321
[Eval] Epoch:   6, Total:   9842, Accuracy : 0.8823, Loss: 0.3593
[Train] Epoch:   7, Total:  27460, Accuracy : 0.9477, Loss: 0.1171
[Eval] Epoch:   7, Total:   9842, Accuracy : 0.8835, Loss: 0.3633
[Train] Epoch:   8, Total:  27460, Accuracy : 0.9527, Loss: 0.0702
[Eval] Epoch:   8, Total:   9842, Accuracy : 0.8833, Loss: 0.3712
[Train] Epoch:   9, Total:  27460, Accuracy : 0.9544, Loss: 0.2876
[Eval] Epoch:   9, Total:   9842, Accuracy : 0.8828, Loss: 0.3631
[Train] Epoch:  10, Total:  27460, Accuracy : 0.9456, Loss: 0.1046
[Eval] Epoch:  10, Total:   9842, Accuracy : 0.8789, Loss: 0.3732
[Train] Epoch:  11, Total:  27460, Accuracy : 0.9481, Loss: 0.0913
[Eval] Epoch:  11, Total:   9842, Accuracy : 0.8817, Loss: 0.3875
[Train] Epoch:  12, Total:  27460, Accuracy : 0.9570, Loss: 0.0946
[Eval] Epoch:  12, Total:   9842, Accuracy : 0.8794, Loss: 0.4134
[Train] Epoch:  13, Total:  27460, Accuracy : 0.9633, Loss: 0.0898
[Eval] Epoch:  13, Total:   9842, Accuracy : 0.8776, Loss: 0.4135
[Train] Epoch:  14, Total:  27460, Accuracy : 0.9699, Loss: 0.1465
[Eval] Epoch:  14, Total:   9842, Accuracy : 0.8803, Loss: 0.3962
[Train] Epoch:  15, Total:  27460, Accuracy : 0.9749, Loss: 0.0468
[Eval] Epoch:  15, Total:   9842, Accuracy : 0.8799, Loss: 0.4770
[Train] Epoch:  16, Total:  27460, Accuracy : 0.9782, Loss: 0.0500
[Eval] Epoch:  16, Total:   9842, Accuracy : 0.8813, Loss: 0.4763
[Train] Epoch:  17, Total:  27460, Accuracy : 0.9812, Loss: 0.0074
[Eval] Epoch:  17, Total:   9842, Accuracy : 0.8819, Loss: 0.4795
[Train] Epoch:  18, Total:  27460, Accuracy : 0.9832, Loss: 0.0120
[Eval] Epoch:  18, Total:   9842, Accuracy : 0.8818, Loss: 0.4744
[Train] Epoch:  19, Total:  27460, Accuracy : 0.9836, Loss: 0.0802
[Eval] Epoch:  19, Total:   9842, Accuracy : 0.8816, Loss: 0.4890
{"epoch":[1,2,3,4,5,6,7,8,9,10,11,12,13,14,15,16,17,18,19,20],"train_loss":[0.8179632505332982,0.44134138248584887,0.3507196630040805,0.2853658218626623,0.243391041678411,0.20624502561986446,0.1736675374623802,0.15813604031723957,0.14543573634216078,0.1427355640464359,0.16151517319182554,0.1558086327104657,0.13215980802973112,0.11312074548806306,0.09438148354766546,0.0807353001329358,0.06950319608397505,0.059603611231540087,0.053869245315177575,0.05337136077556621],"eval_loss":[0.44467848004438937,0.3574513907615955,0.3526253662048242,0.34903306533128786,0.355122725933026,0.37577012792611736,0.39294320879838407,0.40942896864353084,0.41185663831539643,0.41415170828501385,0.41969608343564546,0.44356217445471346,0.45445751608946383,0.48731838434170455,0.49268059241466033,0.5326300668410766,0.5243305533360212,0.5383129922243265,0.5461442944331046,0.5477456870751504],"train_acc":[0.5911143481427531,0.8323743627093955,0.8717771303714493,0.9000364166059723,0.9152949745083758,0.9309176984705025,0.9413328477785871,0.9476693372177714,0.9526948288419519,0.9544428259286235,0.9455935906773488,0.9481063364894392,0.9569919883466861,0.9633284777858704,0.9699198834668609,0.9749453750910415,0.9781864530225783,0.9812454479242535,0.9832483612527313,0.9836125273124545],"eval_acc":[0.8319447266815688,0.8661857346067873,0.8748221906116643,0.8802072749441171,0.8822393822393823,0.882137776874619,0.8823409876041455,0.8834586466165414,0.8832554358870148,0.8828490144279618,0.8788864052021946,0.8817313554155659,0.879394432026011,0.8775655354602723,0.8803088803088803,0.8799024588498273,0.8813249339565129,0.8819345661450925,0.8818329607803292,0.8816297500508027]}
[Eval] Epoch:  11, Total:   9824, Accuracy : 0.8769, Loss: 0.8019
9824 8615 22.13357910513878
