pruned_3_0.1_model_0
DatasetDict({
    test: Dataset({
        features: ['premise', 'hypothesis', 'label', 'indexes'],
        num_rows: 9824
    })
    train: Dataset({
        features: ['premise', 'hypothesis', 'label', 'indexes'],
        num_rows: 54936
    })
    validation: Dataset({
        features: ['premise', 'hypothesis', 'label', 'indexes'],
        num_rows: 9842
    })
})
[Train] Epoch:   0, Total:  54936, Accuracy : 0.6981, Loss: 0.4684
[Eval] Epoch:   0, Total:   9842, Accuracy : 0.8683, Loss: 0.3887
[Train] Epoch:   1, Total:  54936, Accuracy : 0.8538, Loss: 0.4541
[Eval] Epoch:   1, Total:   9842, Accuracy : 0.8832, Loss: 0.3408
[Train] Epoch:   2, Total:  54936, Accuracy : 0.8852, Loss: 0.4266
[Eval] Epoch:   2, Total:   9842, Accuracy : 0.8853, Loss: 0.3633
[Train] Epoch:   3, Total:  54936, Accuracy : 0.9055, Loss: 0.3233
[Eval] Epoch:   3, Total:   9842, Accuracy : 0.8886, Loss: 0.2933
[Train] Epoch:   4, Total:  54936, Accuracy : 0.9214, Loss: 0.2304
[Eval] Epoch:   4, Total:   9842, Accuracy : 0.8942, Loss: 0.2978
[Train] Epoch:   5, Total:  54936, Accuracy : 0.9321, Loss: 0.1772
[Eval] Epoch:   5, Total:   9842, Accuracy : 0.8967, Loss: 0.3113
[Train] Epoch:   6, Total:  54936, Accuracy : 0.9420, Loss: 0.2520
[Eval] Epoch:   6, Total:   9842, Accuracy : 0.8936, Loss: 0.3276
[Train] Epoch:   7, Total:  54936, Accuracy : 0.9483, Loss: 0.0904
[Eval] Epoch:   7, Total:   9842, Accuracy : 0.8947, Loss: 0.3279
[Train] Epoch:   8, Total:  54936, Accuracy : 0.9518, Loss: 0.1362
[Eval] Epoch:   8, Total:   9842, Accuracy : 0.8950, Loss: 0.3299
[Train] Epoch:   9, Total:  54936, Accuracy : 0.9539, Loss: 0.0902
[Eval] Epoch:   9, Total:   9842, Accuracy : 0.8944, Loss: 0.3317
[Train] Epoch:  10, Total:  54936, Accuracy : 0.9423, Loss: 0.1634
[Eval] Epoch:  10, Total:   9842, Accuracy : 0.8921, Loss: 0.3388
[Train] Epoch:  11, Total:  54936, Accuracy : 0.9471, Loss: 0.1193
[Eval] Epoch:  11, Total:   9842, Accuracy : 0.8912, Loss: 0.3936
[Train] Epoch:  12, Total:  54936, Accuracy : 0.9556, Loss: 0.1792
[Eval] Epoch:  12, Total:   9842, Accuracy : 0.8898, Loss: 0.4057
[Train] Epoch:  13, Total:  54936, Accuracy : 0.9624, Loss: 0.1577
[Eval] Epoch:  13, Total:   9842, Accuracy : 0.8910, Loss: 0.4305
[Train] Epoch:  14, Total:  54936, Accuracy : 0.9684, Loss: 0.0812
[Eval] Epoch:  14, Total:   9842, Accuracy : 0.8902, Loss: 0.4444
[Train] Epoch:  15, Total:  54936, Accuracy : 0.9752, Loss: 0.1149
[Eval] Epoch:  15, Total:   9842, Accuracy : 0.8904, Loss: 0.4866
[Train] Epoch:  16, Total:  54936, Accuracy : 0.9784, Loss: 0.0523
[Eval] Epoch:  16, Total:   9842, Accuracy : 0.8905, Loss: 0.4697
[Train] Epoch:  17, Total:  54936, Accuracy : 0.9822, Loss: 0.0584
[Eval] Epoch:  17, Total:   9842, Accuracy : 0.8913, Loss: 0.4833
[Train] Epoch:  18, Total:  54936, Accuracy : 0.9839, Loss: 0.0692
[Eval] Epoch:  18, Total:   9842, Accuracy : 0.8911, Loss: 0.4766
[Train] Epoch:  19, Total:  54936, Accuracy : 0.9844, Loss: 0.0891
[Eval] Epoch:  19, Total:   9842, Accuracy : 0.8906, Loss: 0.4858
{"epoch":[1,2,3,4,5,6,7,8,9,10,11,12,13,14,15,16,17,18,19,20],"train_loss":[0.6656225731206494,0.39421286707700687,0.31889635525470555,0.26727793660274773,0.2280144091955451,0.19609788697819378,0.1715141707034998,0.1556048177009405,0.1448252443657365,0.1399160114485164,0.16937053730321486,0.15348925496949706,0.13219093836324158,0.11326509419568749,0.09518175112993219,0.0766025954121074,0.06567086748085743,0.05572107790341211,0.05246300211306228,0.049696562066674235],"eval_loss":[0.3571229263758048,0.3125235163248502,0.3275631830478326,0.3246957098062222,0.3350393791229297,0.3440501670806836,0.36380302638579637,0.3712219630296414,0.3762149875744795,0.3798822309726324,0.3664137514737936,0.39737862501388943,0.3972961818560576,0.4280864833257137,0.46069602553661054,0.4788132837185493,0.49791617194811505,0.5239387643642914,0.5220345388620328,0.5247772045624561],"train_acc":[0.6981396534148828,0.8537935051696519,0.8851936799184505,0.9055082277559342,0.9213630406290957,0.9320664045434688,0.9419506334643949,0.9483398864132809,0.9517620503859036,0.9538735983690112,0.9422600844619193,0.9471020824231834,0.9555664773554682,0.9624108053007135,0.968435998252512,0.9752257171981943,0.9783748361730014,0.9821792631425659,0.9838903451288772,0.9844364351245085],"eval_acc":[0.8683194472668156,0.8831538305222516,0.88528754318228,0.8886405202194676,0.8942288152814468,0.8966673440357651,0.8936191830928673,0.8947368421052632,0.895041658199553,0.8944320260109734,0.8920951026214184,0.8911806543385491,0.8897581792318634,0.8909774436090225,0.8901646006909165,0.890367811420443,0.8904694167852063,0.8912822597033123,0.8910790489737859,0.8905710221499695]}
[Eval] Epoch:  11, Total:   9824, Accuracy : 0.8899, Loss: 0.6148
9824 8742 21.116541653871536
