pruned_1_0.3_model_0
DatasetDict({
    test: Dataset({
        features: ['premise', 'hypothesis', 'label', 'indexes'],
        num_rows: 9824
    })
    train: Dataset({
        features: ['premise', 'hypothesis', 'label', 'indexes'],
        num_rows: 164813
    })
    validation: Dataset({
        features: ['premise', 'hypothesis', 'label', 'indexes'],
        num_rows: 9842
    })
})
[Train] Epoch:   0, Total: 164813, Accuracy : 0.8015, Loss: 0.3730
[Eval] Epoch:   0, Total:   9842, Accuracy : 0.8931, Loss: 0.2999
[Train] Epoch:   1, Total: 164813, Accuracy : 0.8818, Loss: 0.3616
[Eval] Epoch:   1, Total:   9842, Accuracy : 0.9001, Loss: 0.3029
[Train] Epoch:   2, Total: 164813, Accuracy : 0.9018, Loss: 0.3161
[Eval] Epoch:   2, Total:   9842, Accuracy : 0.9045, Loss: 0.3693
[Train] Epoch:   3, Total: 164813, Accuracy : 0.9163, Loss: 0.2680
[Eval] Epoch:   3, Total:   9842, Accuracy : 0.9075, Loss: 0.3369
[Train] Epoch:   4, Total: 164813, Accuracy : 0.9301, Loss: 0.1902
[Eval] Epoch:   4, Total:   9842, Accuracy : 0.9057, Loss: 0.3341
[Train] Epoch:   5, Total: 164813, Accuracy : 0.9394, Loss: 0.2179
[Eval] Epoch:   5, Total:   9842, Accuracy : 0.9069, Loss: 0.3756
[Train] Epoch:   6, Total: 164813, Accuracy : 0.9472, Loss: 0.1712
[Eval] Epoch:   6, Total:   9842, Accuracy : 0.9075, Loss: 0.3499
[Train] Epoch:   7, Total: 164813, Accuracy : 0.9522, Loss: 0.1181
[Eval] Epoch:   7, Total:   9842, Accuracy : 0.9067, Loss: 0.3891
[Train] Epoch:   8, Total: 164813, Accuracy : 0.9555, Loss: 0.1444
[Eval] Epoch:   8, Total:   9842, Accuracy : 0.9063, Loss: 0.4047
[Train] Epoch:   9, Total: 164813, Accuracy : 0.9574, Loss: 0.0878
[Eval] Epoch:   9, Total:   9842, Accuracy : 0.9062, Loss: 0.4000
[Train] Epoch:  10, Total: 164813, Accuracy : 0.9451, Loss: 0.0985
[Eval] Epoch:  10, Total:   9842, Accuracy : 0.9042, Loss: 0.4188
[Train] Epoch:  11, Total: 164813, Accuracy : 0.9495, Loss: 0.1300
[Eval] Epoch:  11, Total:   9842, Accuracy : 0.9013, Loss: 0.3648
[Train] Epoch:  12, Total: 164813, Accuracy : 0.9575, Loss: 0.1681
[Eval] Epoch:  12, Total:   9842, Accuracy : 0.9032, Loss: 0.5075
[Train] Epoch:  13, Total: 164813, Accuracy : 0.9636, Loss: 0.0796
[Eval] Epoch:  13, Total:   9842, Accuracy : 0.8996, Loss: 0.5364
[Train] Epoch:  14, Total: 164813, Accuracy : 0.9690, Loss: 0.1165
[Eval] Epoch:  14, Total:   9842, Accuracy : 0.9015, Loss: 0.5405
[Train] Epoch:  15, Total: 164813, Accuracy : 0.9739, Loss: 0.0535
[Eval] Epoch:  15, Total:   9842, Accuracy : 0.9024, Loss: 0.6275
[Train] Epoch:  16, Total: 164813, Accuracy : 0.9777, Loss: 0.0533
[Eval] Epoch:  16, Total:   9842, Accuracy : 0.9014, Loss: 0.6276
[Train] Epoch:  17, Total: 164813, Accuracy : 0.9808, Loss: 0.0451
[Eval] Epoch:  17, Total:   9842, Accuracy : 0.9012, Loss: 0.6550
[Train] Epoch:  18, Total: 164813, Accuracy : 0.9823, Loss: 0.0870
[Eval] Epoch:  18, Total:   9842, Accuracy : 0.9014, Loss: 0.6775
[Train] Epoch:  19, Total: 164813, Accuracy : 0.9845, Loss: 0.0546
[Eval] Epoch:  19, Total:   9842, Accuracy : 0.9011, Loss: 0.6812
{"epoch":[1,2,3,4,5,6,7,8,9,10,11,12,13,14,15,16,17,18,19,20],"train_loss":[0.48153617938760646,0.32357007623736905,0.2728965814855898,0.23313104645898625,0.19956903677919638,0.17399352493909945,0.15263419834353167,0.13912478528963113,0.1293586512784595,0.1259765481078847,0.15814850663893526,0.14488642838037347,0.12418309334225906,0.10594679831718065,0.09141248962928697,0.07720042252334657,0.0655177767845507,0.05780401656849553,0.052740190358925035,0.04753291122007953],"eval_loss":[0.29351857151740635,0.28731779830578047,0.285558657004283,0.2977503721530621,0.3053349405527115,0.3235055510050211,0.33544513162894124,0.34923339730654007,0.3595832907236539,0.361610343058904,0.3535726024554326,0.3646053220981207,0.3847952095361856,0.41093592307506466,0.4430965605454567,0.4594763471530034,0.4812157658430246,0.5092256741646008,0.5099537670612335,0.5172936305021628],"train_acc":[0.801496241194566,0.8817508327619787,0.9017553226990589,0.9163233482795653,0.9300540612694387,0.9394040518648408,0.9472371718250381,0.9522185749910504,0.9554768131154703,0.9574123400459915,0.9451014179706698,0.9495003428127635,0.9574972848015629,0.9636072397201677,0.9690012316989558,0.97392196003956,0.9776898666974085,0.980760012863063,0.9823193558760535,0.9845339870034524],"eval_acc":[0.893111156269051,0.9001219264377159,0.904490957122536,0.9075391180654339,0.9057102214996952,0.9069294858768543,0.9075391180654339,0.9067262751473277,0.9063198536882747,0.9062182483235115,0.9041861410282462,0.9013411908148751,0.9031700873806137,0.8996138996138996,0.9015444015444015,0.9023572444625076,0.9014427961796383,0.9012395854501117,0.9014427961796383,0.9011379800853485]}
[Eval] Epoch:  11, Total:   9824, Accuracy : 0.9025, Loss: 0.5378
9824 8866 19.629532486200333
