pruned_1_0.4_model_0
DatasetDict({
    test: Dataset({
        features: ['premise', 'hypothesis', 'label', 'indexes'],
        num_rows: 9824
    })
    train: Dataset({
        features: ['premise', 'hypothesis', 'label', 'indexes'],
        num_rows: 219747
    })
    validation: Dataset({
        features: ['premise', 'hypothesis', 'label', 'indexes'],
        num_rows: 9842
    })
})
[Train] Epoch:   0, Total: 219747, Accuracy : 0.8207, Loss: 0.2906
[Eval] Epoch:   0, Total:   9842, Accuracy : 0.8957, Loss: 0.2738
[Train] Epoch:   1, Total: 219747, Accuracy : 0.8868, Loss: 0.2983
[Eval] Epoch:   1, Total:   9842, Accuracy : 0.9043, Loss: 0.2870
[Train] Epoch:   2, Total: 219747, Accuracy : 0.9050, Loss: 0.1639
[Eval] Epoch:   2, Total:   9842, Accuracy : 0.9089, Loss: 0.2391
[Train] Epoch:   3, Total: 219747, Accuracy : 0.9194, Loss: 0.2166
[Eval] Epoch:   3, Total:   9842, Accuracy : 0.9090, Loss: 0.2985
[Train] Epoch:   4, Total: 219747, Accuracy : 0.9318, Loss: 0.1677
[Eval] Epoch:   4, Total:   9842, Accuracy : 0.9081, Loss: 0.3099
[Train] Epoch:   5, Total: 219747, Accuracy : 0.9416, Loss: 0.1408
[Eval] Epoch:   5, Total:   9842, Accuracy : 0.9095, Loss: 0.3334
[Train] Epoch:   6, Total: 219747, Accuracy : 0.9479, Loss: 0.1012
[Eval] Epoch:   6, Total:   9842, Accuracy : 0.9091, Loss: 0.3639
[Train] Epoch:   7, Total: 219747, Accuracy : 0.9536, Loss: 0.1757
[Eval] Epoch:   7, Total:   9842, Accuracy : 0.9080, Loss: 0.3646
[Train] Epoch:   8, Total: 219747, Accuracy : 0.9566, Loss: 0.0995
[Eval] Epoch:   8, Total:   9842, Accuracy : 0.9067, Loss: 0.3907
[Train] Epoch:   9, Total: 219747, Accuracy : 0.9584, Loss: 0.0850
[Eval] Epoch:   9, Total:   9842, Accuracy : 0.9073, Loss: 0.3889
[Train] Epoch:  10, Total: 219747, Accuracy : 0.9451, Loss: 0.0955
[Eval] Epoch:  10, Total:   9842, Accuracy : 0.9067, Loss: 0.3243
[Train] Epoch:  11, Total: 219747, Accuracy : 0.9505, Loss: 0.0925
[Eval] Epoch:  11, Total:   9842, Accuracy : 0.9081, Loss: 0.3290
[Train] Epoch:  12, Total: 219747, Accuracy : 0.9580, Loss: 0.1492
[Eval] Epoch:  12, Total:   9842, Accuracy : 0.9021, Loss: 0.3537
[Train] Epoch:  13, Total: 219747, Accuracy : 0.9639, Loss: 0.1110
[Eval] Epoch:  13, Total:   9842, Accuracy : 0.9028, Loss: 0.4668
[Train] Epoch:  14, Total: 219747, Accuracy : 0.9692, Loss: 0.1217
[Eval] Epoch:  14, Total:   9842, Accuracy : 0.9044, Loss: 0.4190
[Train] Epoch:  15, Total: 219747, Accuracy : 0.9743, Loss: 0.0241
[Eval] Epoch:  15, Total:   9842, Accuracy : 0.9048, Loss: 0.5187
[Train] Epoch:  16, Total: 219747, Accuracy : 0.9783, Loss: 0.0628
[Eval] Epoch:  16, Total:   9842, Accuracy : 0.9035, Loss: 0.5067
[Train] Epoch:  17, Total: 219747, Accuracy : 0.9808, Loss: 0.0728
[Eval] Epoch:  17, Total:   9842, Accuracy : 0.9031, Loss: 0.4790
[Train] Epoch:  18, Total: 219747, Accuracy : 0.9834, Loss: 0.1071
[Eval] Epoch:  18, Total:   9842, Accuracy : 0.9031, Loss: 0.5285
[Train] Epoch:  19, Total: 219747, Accuracy : 0.9843, Loss: 0.0094
[Eval] Epoch:  19, Total:   9842, Accuracy : 0.9025, Loss: 0.5326
{"epoch":[1,2,3,4,5,6,7,8,9,10,11,12,13,14,15,16,17,18,19,20],"train_loss":[0.4464084413401323,0.3093334929594755,0.26298468286763527,0.224564213977912,0.19368263360923882,0.16671487210238214,0.14933737273717232,0.13455133317461251,0.1255345834338901,0.1219738243501178,0.15616670092166648,0.14135676528716393,0.12234304872654786,0.10489540774813215,0.08947830895944232,0.07460685657192026,0.06390913943863095,0.055908803445340174,0.04902978739522319,0.046546128935725954],"eval_loss":[0.27844463670865083,0.2727096772346741,0.2660058454061166,0.2826041334714645,0.2898888274645194,0.32214325207930344,0.3356344249003973,0.3420285819432674,0.35688163531132233,0.35603815622818774,0.3325336223993546,0.3272099193090048,0.3859844383520958,0.40531189625079816,0.4199565435067201,0.4549633340957837,0.4674290250509213,0.48873839546472597,0.5169766079156827,0.5198905949409192],"train_acc":[0.8207438554337488,0.8867652345652045,0.9049816379745799,0.9194346225431974,0.931780638643531,0.9416465298729904,0.9479173777116411,0.9536193895707337,0.9565636846009274,0.9584340173017152,0.9451141540043778,0.9504703135878988,0.9579926005815779,0.9639266975203302,0.9692464516011595,0.9742931644118008,0.9783250738349102,0.9807824452666021,0.983444597650935,0.9842819242128448],"eval_acc":[0.8956512903881325,0.9042877463930096,0.9088599878073562,0.9089615931721194,0.9081487502540134,0.9094696199959358,0.9090631985368828,0.9080471448892502,0.9067262751473277,0.9073359073359073,0.9067262751473277,0.9081487502540134,0.9020524283682179,0.9027636659215607,0.9043893517577728,0.9047957732168258,0.9034749034749034,0.9030684820158504,0.9030684820158504,0.9024588498272709]}
[Eval] Epoch:  11, Total:   9824, Accuracy : 0.9028, Loss: 0.6882
9824 8869 19.150468975305557
