pruned_1_0.1_model_0
DatasetDict({
    test: Dataset({
        features: ['premise', 'hypothesis', 'label', 'indexes'],
        num_rows: 9824
    })
    train: Dataset({
        features: ['premise', 'hypothesis', 'label', 'indexes'],
        num_rows: 54937
    })
    validation: Dataset({
        features: ['premise', 'hypothesis', 'label', 'indexes'],
        num_rows: 9842
    })
})
[Train] Epoch:   0, Total:  54937, Accuracy : 0.7003, Loss: 0.4151
[Eval] Epoch:   0, Total:   9842, Accuracy : 0.8622, Loss: 0.3688
[Train] Epoch:   1, Total:  54937, Accuracy : 0.8571, Loss: 0.3682
[Eval] Epoch:   1, Total:   9842, Accuracy : 0.8745, Loss: 0.3799
[Train] Epoch:   2, Total:  54937, Accuracy : 0.8863, Loss: 0.2925
[Eval] Epoch:   2, Total:   9842, Accuracy : 0.8898, Loss: 0.3393
[Train] Epoch:   3, Total:  54937, Accuracy : 0.9068, Loss: 0.1767
[Eval] Epoch:   3, Total:   9842, Accuracy : 0.8867, Loss: 0.3497
[Train] Epoch:   4, Total:  54937, Accuracy : 0.9228, Loss: 0.1760
[Eval] Epoch:   4, Total:   9842, Accuracy : 0.8903, Loss: 0.3485
[Train] Epoch:   5, Total:  54937, Accuracy : 0.9346, Loss: 0.2218
[Eval] Epoch:   5, Total:   9842, Accuracy : 0.8906, Loss: 0.3525
[Train] Epoch:   6, Total:  54937, Accuracy : 0.9424, Loss: 0.1273
[Eval] Epoch:   6, Total:   9842, Accuracy : 0.8920, Loss: 0.3943
[Train] Epoch:   7, Total:  54937, Accuracy : 0.9490, Loss: 0.1804
[Eval] Epoch:   7, Total:   9842, Accuracy : 0.8893, Loss: 0.3907
[Train] Epoch:   8, Total:  54937, Accuracy : 0.9521, Loss: 0.1646
[Eval] Epoch:   8, Total:   9842, Accuracy : 0.8896, Loss: 0.4147
[Train] Epoch:   9, Total:  54937, Accuracy : 0.9539, Loss: 0.2179
[Eval] Epoch:   9, Total:   9842, Accuracy : 0.8903, Loss: 0.4038
[Train] Epoch:  10, Total:  54937, Accuracy : 0.9427, Loss: 0.1695
[Eval] Epoch:  10, Total:   9842, Accuracy : 0.8864, Loss: 0.4158
[Train] Epoch:  11, Total:  54937, Accuracy : 0.9481, Loss: 0.2408
[Eval] Epoch:  11, Total:   9842, Accuracy : 0.8845, Loss: 0.4101
[Train] Epoch:  12, Total:  54937, Accuracy : 0.9560, Loss: 0.1767
[Eval] Epoch:  12, Total:   9842, Accuracy : 0.8858, Loss: 0.4460
[Train] Epoch:  13, Total:  54937, Accuracy : 0.9631, Loss: 0.1007
[Eval] Epoch:  13, Total:   9842, Accuracy : 0.8862, Loss: 0.5186
[Train] Epoch:  14, Total:  54937, Accuracy : 0.9697, Loss: 0.1098
[Eval] Epoch:  14, Total:   9842, Accuracy : 0.8844, Loss: 0.5122
[Train] Epoch:  15, Total:  54937, Accuracy : 0.9739, Loss: 0.0908
[Eval] Epoch:  15, Total:   9842, Accuracy : 0.8856, Loss: 0.5230
[Train] Epoch:  16, Total:  54937, Accuracy : 0.9788, Loss: 0.0573
[Eval] Epoch:  16, Total:   9842, Accuracy : 0.8860, Loss: 0.6096
[Train] Epoch:  17, Total:  54937, Accuracy : 0.9813, Loss: 0.0726
[Eval] Epoch:  17, Total:   9842, Accuracy : 0.8865, Loss: 0.6418
[Train] Epoch:  18, Total:  54937, Accuracy : 0.9839, Loss: 0.0497
[Eval] Epoch:  18, Total:   9842, Accuracy : 0.8859, Loss: 0.6414
[Train] Epoch:  19, Total:  54937, Accuracy : 0.9843, Loss: 0.0627
[Eval] Epoch:  19, Total:   9842, Accuracy : 0.8858, Loss: 0.6412
{"epoch":[1,2,3,4,5,6,7,8,9,10,11,12,13,14,15,16,17,18,19,20],"train_loss":[0.6563107576481132,0.3837910664636035,0.3130511371202247,0.263772280826125,0.22154317622961,0.19239130072122396,0.16798963020014207,0.14991763241069261,0.1420793083864589,0.1384615952192351,0.1643130246983018,0.1507537245750427,0.1288141314893268,0.11227317487084588,0.09239392826376959,0.0796287406062664,0.06544669857898423,0.058039336924462816,0.05036745447405549,0.04920676522563363],"eval_loss":[0.36587928579403806,0.3370772237196947,0.3143319193369303,0.34778514886513734,0.3407348394393921,0.36453641607211185,0.3817583184975844,0.3952577992891654,0.4032552066521767,0.40193656927500016,0.39218569642458206,0.4093185197084378,0.43196609921944445,0.46267142509802794,0.4691069049712939,0.4847313868693816,0.534284791121116,0.5393860821540539,0.5563552677631378,0.55703055476531],"train_acc":[0.7002930629630304,0.857054444181517,0.8863061324790215,0.9068387425596592,0.9228206855124962,0.9346342173762674,0.9423885541620401,0.9489779201630959,0.9521451844840454,0.9539290459981433,0.942734404863753,0.9481041920745581,0.9560041502084206,0.9631213935963012,0.9696743542603345,0.9738791706864226,0.97883029652147,0.981324062107505,0.9838542330305623,0.9842546917378088],"eval_acc":[0.8622231253810201,0.8745173745173745,0.8897581792318634,0.8867100182889657,0.8902662060556797,0.8905710221499695,0.8919934972566551,0.8892501524080472,0.889554968502337,0.8902662060556797,0.8864052021946759,0.884474700264174,0.8857955700060963,0.8862019914651493,0.8843730948994107,0.8855923592765698,0.8859987807356229,0.8865068075594391,0.8858971753708595,0.8857955700060963]}
[Eval] Epoch:  11, Total:   9824, Accuracy : 0.8883, Loss: 0.6597
9824 8727 21.48527219891548
