pruned_1_0.03_model_0
DatasetDict({
    test: Dataset({
        features: ['premise', 'hypothesis', 'label', 'indexes'],
        num_rows: 9824
    })
    train: Dataset({
        features: ['premise', 'hypothesis', 'label', 'indexes'],
        num_rows: 16485
    })
    validation: Dataset({
        features: ['premise', 'hypothesis', 'label', 'indexes'],
        num_rows: 9842
    })
})
[Train] Epoch:   0, Total:  16485, Accuracy : 0.4420, Loss: 0.6104
[Eval] Epoch:   0, Total:   9842, Accuracy : 0.7207, Loss: 0.6084
[Train] Epoch:   1, Total:  16485, Accuracy : 0.7828, Loss: 0.4605
[Eval] Epoch:   1, Total:   9842, Accuracy : 0.8519, Loss: 0.4508
[Train] Epoch:   2, Total:  16485, Accuracy : 0.8486, Loss: 0.3901
[Eval] Epoch:   2, Total:   9842, Accuracy : 0.8594, Loss: 0.4707
[Train] Epoch:   3, Total:  16485, Accuracy : 0.8771, Loss: 0.2806
[Eval] Epoch:   3, Total:   9842, Accuracy : 0.8616, Loss: 0.3955
[Train] Epoch:   4, Total:  16485, Accuracy : 0.9011, Loss: 0.3162
[Eval] Epoch:   4, Total:   9842, Accuracy : 0.8697, Loss: 0.3700
[Train] Epoch:   5, Total:  16485, Accuracy : 0.9185, Loss: 0.3005
[Eval] Epoch:   5, Total:   9842, Accuracy : 0.8719, Loss: 0.3970
[Train] Epoch:   6, Total:  16485, Accuracy : 0.9341, Loss: 0.2657
[Eval] Epoch:   6, Total:   9842, Accuracy : 0.8740, Loss: 0.4409
[Train] Epoch:   7, Total:  16485, Accuracy : 0.9369, Loss: 0.1233
[Eval] Epoch:   7, Total:   9842, Accuracy : 0.8741, Loss: 0.3941
[Train] Epoch:   8, Total:  16485, Accuracy : 0.9423, Loss: 0.2166
[Eval] Epoch:   8, Total:   9842, Accuracy : 0.8753, Loss: 0.4114
[Train] Epoch:   9, Total:  16485, Accuracy : 0.9438, Loss: 0.1376
[Eval] Epoch:   9, Total:   9842, Accuracy : 0.8760, Loss: 0.4141
[Train] Epoch:  10, Total:  16485, Accuracy : 0.9411, Loss: 0.2685
[Eval] Epoch:  10, Total:   9842, Accuracy : 0.8671, Loss: 0.4583
[Train] Epoch:  11, Total:  16485, Accuracy : 0.9422, Loss: 0.2007
[Eval] Epoch:  11, Total:   9842, Accuracy : 0.8694, Loss: 0.4553
[Train] Epoch:  12, Total:  16485, Accuracy : 0.9512, Loss: 0.0819
[Eval] Epoch:  12, Total:   9842, Accuracy : 0.8710, Loss: 0.4378
[Train] Epoch:  13, Total:  16485, Accuracy : 0.9585, Loss: 0.1683
[Eval] Epoch:  13, Total:   9842, Accuracy : 0.8696, Loss: 0.5085
[Train] Epoch:  14, Total:  16485, Accuracy : 0.9643, Loss: 0.1446
[Eval] Epoch:  14, Total:   9842, Accuracy : 0.8736, Loss: 0.4637
[Train] Epoch:  15, Total:  16485, Accuracy : 0.9691, Loss: 0.1141
[Eval] Epoch:  15, Total:   9842, Accuracy : 0.8739, Loss: 0.5208
[Train] Epoch:  16, Total:  16485, Accuracy : 0.9752, Loss: 0.0593
[Eval] Epoch:  16, Total:   9842, Accuracy : 0.8722, Loss: 0.5156
[Train] Epoch:  17, Total:  16485, Accuracy : 0.9770, Loss: 0.0857
[Eval] Epoch:  17, Total:   9842, Accuracy : 0.8734, Loss: 0.5614
[Train] Epoch:  18, Total:  16485, Accuracy : 0.9798, Loss: 0.0869
[Eval] Epoch:  18, Total:   9842, Accuracy : 0.8736, Loss: 0.5518
[Train] Epoch:  19, Total:  16485, Accuracy : 0.9808, Loss: 0.0166
[Eval] Epoch:  19, Total:   9842, Accuracy : 0.8730, Loss: 0.5557
{"epoch":[1,2,3,4,5,6,7,8,9,10,11,12,13,14,15,16,17,18,19,20],"train_loss":[1.017801517706651,0.5624323203013494,0.41738873215822075,0.3396549211098598,0.2858488332766753,0.24297322699656854,0.20371189002807324,0.18682814549941282,0.1772880746768071,0.16769706434928455,0.18060367038616768,0.1756854288853132,0.14936818182468414,0.12852201301317948,0.11502030457441624,0.09759322121166265,0.08365518384828018,0.07579782347266491,0.06746809178820024,0.06563635574510464],"eval_loss":[0.6782218202566489,0.39835359423588484,0.3916545609633128,0.39104058192326474,0.3707188237936069,0.37680096045518535,0.4138599297939203,0.4089115758736928,0.41746968489426833,0.42123855612216854,0.4384682170855693,0.46426558112486815,0.44600224724182713,0.47408196788567764,0.49976476644858336,0.5060597505324926,0.5320844856592325,0.5483666008863693,0.5464484256047469,0.5489076368319683],"train_acc":[0.44203821656050957,0.7828328783742796,0.848589626933576,0.8771003942978465,0.9010615711252654,0.9184713375796179,0.9340612678192296,0.9368516833484987,0.9422505307855626,0.9437670609645132,0.9410979678495602,0.9421898695784046,0.9512283894449499,0.9585077343039127,0.9642705489839247,0.9691234455565666,0.9751895662723689,0.9770094024871095,0.9797998180163785,0.980831058538065],"eval_acc":[0.7206868522657996,0.8518593781751677,0.8593781751676488,0.8616134931924405,0.8697419223735013,0.8718756350335297,0.8740093476935582,0.8741109530583214,0.8753302174354806,0.8760414549888235,0.8671001828896566,0.8694371062792116,0.8709611867506605,0.869640317008738,0.8736029262345052,0.873907742328795,0.8721804511278195,0.8733997155049786,0.8736029262345052,0.8729932940459256]}
[Eval] Epoch:  11, Total:   9824, Accuracy : 0.8705, Loss: 0.6938
9824 8552 22.029914557933807
