pruned_3_0.5_model_0
DatasetDict({
    test: Dataset({
        features: ['premise', 'hypothesis', 'label', 'indexes'],
        num_rows: 9824
    })
    train: Dataset({
        features: ['premise', 'hypothesis', 'label', 'indexes'],
        num_rows: 274683
    })
    validation: Dataset({
        features: ['premise', 'hypothesis', 'label', 'indexes'],
        num_rows: 9842
    })
})
[Train] Epoch:   0, Total: 274683, Accuracy : 0.8251, Loss: 0.3272
[Eval] Epoch:   0, Total:   9842, Accuracy : 0.9005, Loss: 0.2990
[Train] Epoch:   1, Total: 274683, Accuracy : 0.8837, Loss: 0.2676
[Eval] Epoch:   1, Total:   9842, Accuracy : 0.9052, Loss: 0.2861
[Train] Epoch:   2, Total: 274683, Accuracy : 0.9026, Loss: 0.2616
[Eval] Epoch:   2, Total:   9842, Accuracy : 0.9084, Loss: 0.3089
[Train] Epoch:   3, Total: 274683, Accuracy : 0.9174, Loss: 0.2024
[Eval] Epoch:   3, Total:   9842, Accuracy : 0.9100, Loss: 0.2864
[Train] Epoch:   4, Total: 274683, Accuracy : 0.9290, Loss: 0.1877
[Eval] Epoch:   4, Total:   9842, Accuracy : 0.9091, Loss: 0.2895
[Train] Epoch:   5, Total: 274683, Accuracy : 0.9391, Loss: 0.2279
[Eval] Epoch:   5, Total:   9842, Accuracy : 0.9085, Loss: 0.3216
[Train] Epoch:   6, Total: 274683, Accuracy : 0.9460, Loss: 0.0949
[Eval] Epoch:   6, Total:   9842, Accuracy : 0.9095, Loss: 0.3202
[Train] Epoch:   7, Total: 274683, Accuracy : 0.9512, Loss: 0.1882
[Eval] Epoch:   7, Total:   9842, Accuracy : 0.9090, Loss: 0.3397
[Train] Epoch:   8, Total: 274683, Accuracy : 0.9551, Loss: 0.1711
[Eval] Epoch:   8, Total:   9842, Accuracy : 0.9071, Loss: 0.3560
[Train] Epoch:   9, Total: 274683, Accuracy : 0.9560, Loss: 0.2479
[Eval] Epoch:   9, Total:   9842, Accuracy : 0.9072, Loss: 0.3531
[Train] Epoch:  10, Total: 274683, Accuracy : 0.9427, Loss: 0.1358
[Eval] Epoch:  10, Total:   9842, Accuracy : 0.9059, Loss: 0.3462
[Train] Epoch:  11, Total: 274683, Accuracy : 0.9484, Loss: 0.1444
[Eval] Epoch:  11, Total:   9842, Accuracy : 0.9053, Loss: 0.4159
[Train] Epoch:  12, Total: 274683, Accuracy : 0.9547, Loss: 0.1445
[Eval] Epoch:  12, Total:   9842, Accuracy : 0.9036, Loss: 0.5534
[Train] Epoch:  13, Total: 274683, Accuracy : 0.9614, Loss: 0.1537
[Eval] Epoch:  13, Total:   9842, Accuracy : 0.9017, Loss: 0.4783
[Train] Epoch:  14, Total: 274683, Accuracy : 0.9670, Loss: 0.1204
[Eval] Epoch:  14, Total:   9842, Accuracy : 0.9076, Loss: 0.4325
[Train] Epoch:  15, Total: 274683, Accuracy : 0.9721, Loss: 0.1348
[Eval] Epoch:  15, Total:   9842, Accuracy : 0.9026, Loss: 0.5493
[Train] Epoch:  16, Total: 274683, Accuracy : 0.9762, Loss: 0.1146
[Eval] Epoch:  16, Total:   9842, Accuracy : 0.9051, Loss: 0.5072
[Train] Epoch:  17, Total: 274683, Accuracy : 0.9794, Loss: 0.0446
[Eval] Epoch:  17, Total:   9842, Accuracy : 0.9045, Loss: 0.5344
[Train] Epoch:  18, Total: 274683, Accuracy : 0.9812, Loss: 0.0618
[Eval] Epoch:  18, Total:   9842, Accuracy : 0.9047, Loss: 0.5412
[Train] Epoch:  19, Total: 274683, Accuracy : 0.9820, Loss: 0.0876
[Eval] Epoch:  19, Total:   9842, Accuracy : 0.9048, Loss: 0.5514
{"epoch":[1,2,3,4,5,6,7,8,9,10,11,12,13,14,15,16,17,18,19,20],"train_loss":[0.43785093334492187,0.313517027679494,0.26707519599187074,0.22946085779470254,0.19857515078749705,0.17367554574732677,0.15454415894371265,0.14099560119385265,0.13135703680871919,0.12833344901999577,0.16222445770251007,0.1479960643171653,0.13000707753273447,0.1122552088782094,0.09659956520091732,0.08280418299742646,0.06998297760309956,0.061862657685961164,0.05616669768757444,0.05363031186663371],"eval_loss":[0.281739075978597,0.2652465716386453,0.26894606726291853,0.2711255764349913,0.2910560285433745,0.30626023044952977,0.3149690307103671,0.3286688862702785,0.3419914853114348,0.34281634711302245,0.33691233549362576,0.3342858361892211,0.3742528557777405,0.3712357664719606,0.3922234613161821,0.4182711702126723,0.43819385843399244,0.4620210505448855,0.4749188522497813,0.48079667412317717],"train_acc":[0.8251293309014391,0.8837059446707659,0.9025895304769498,0.9174029699690188,0.9290163570370209,0.9390533815343505,0.94597044593222,0.9512492582358574,0.955093689816989,0.9560256732305967,0.9426793795029179,0.9484387457541966,0.9547478365970956,0.9613554533771657,0.9669764783404871,0.9721242304765857,0.9761761739896535,0.9793653047330924,0.9812438338011453,0.9819646647226075],"eval_acc":[0.9005283478967689,0.9052021946758789,0.90835196098354,0.9099776468197521,0.9090631985368828,0.9084535663483032,0.9094696199959358,0.9089615931721194,0.9071326966063809,0.9072343019711441,0.9059134322292217,0.9053038000406421,0.9035765088396668,0.9017476122739281,0.9076407234301971,0.9025604551920341,0.9051005893111156,0.904490957122536,0.9046941678520626,0.9047957732168258]}
[Eval] Epoch:  11, Total:   9824, Accuracy : 0.9061, Loss: 0.5862
9824 8902 18.303719341754913
