pruned_3_0.04_model_0
DatasetDict({
    test: Dataset({
        features: ['premise', 'hypothesis', 'label', 'indexes'],
        num_rows: 9824
    })
    train: Dataset({
        features: ['premise', 'hypothesis', 'label', 'indexes'],
        num_rows: 21974
    })
    validation: Dataset({
        features: ['premise', 'hypothesis', 'label', 'indexes'],
        num_rows: 9842
    })
})
[Train] Epoch:   0, Total:  21974, Accuracy : 0.5151, Loss: 0.5657
[Eval] Epoch:   0, Total:   9842, Accuracy : 0.8034, Loss: 0.5739
[Train] Epoch:   1, Total:  21974, Accuracy : 0.8089, Loss: 0.4879
[Eval] Epoch:   1, Total:   9842, Accuracy : 0.8590, Loss: 0.4449
[Train] Epoch:   2, Total:  21974, Accuracy : 0.8581, Loss: 0.3966
[Eval] Epoch:   2, Total:   9842, Accuracy : 0.8675, Loss: 0.4218
[Train] Epoch:   3, Total:  21974, Accuracy : 0.8856, Loss: 0.2975
[Eval] Epoch:   3, Total:   9842, Accuracy : 0.8739, Loss: 0.4007
[Train] Epoch:   4, Total:  21974, Accuracy : 0.9044, Loss: 0.2481
[Eval] Epoch:   4, Total:   9842, Accuracy : 0.8759, Loss: 0.4090
[Train] Epoch:   5, Total:  21974, Accuracy : 0.9223, Loss: 0.2315
[Eval] Epoch:   5, Total:   9842, Accuracy : 0.8762, Loss: 0.4061
[Train] Epoch:   6, Total:  21974, Accuracy : 0.9336, Loss: 0.1435
[Eval] Epoch:   6, Total:   9842, Accuracy : 0.8794, Loss: 0.4272
[Train] Epoch:   7, Total:  21974, Accuracy : 0.9389, Loss: 0.1588
[Eval] Epoch:   7, Total:   9842, Accuracy : 0.8767, Loss: 0.4142
[Train] Epoch:   8, Total:  21974, Accuracy : 0.9438, Loss: 0.1113
[Eval] Epoch:   8, Total:   9842, Accuracy : 0.8756, Loss: 0.4226
[Train] Epoch:   9, Total:  21974, Accuracy : 0.9469, Loss: 0.1623
[Eval] Epoch:   9, Total:   9842, Accuracy : 0.8763, Loss: 0.4191
[Train] Epoch:  10, Total:  21974, Accuracy : 0.9402, Loss: 0.1515
[Eval] Epoch:  10, Total:   9842, Accuracy : 0.8769, Loss: 0.4388
[Train] Epoch:  11, Total:  21974, Accuracy : 0.9435, Loss: 0.1595
[Eval] Epoch:  11, Total:   9842, Accuracy : 0.8680, Loss: 0.4203
[Train] Epoch:  12, Total:  21974, Accuracy : 0.9504, Loss: 0.1403
[Eval] Epoch:  12, Total:   9842, Accuracy : 0.8718, Loss: 0.4910
[Train] Epoch:  13, Total:  21974, Accuracy : 0.9590, Loss: 0.1541
[Eval] Epoch:  13, Total:   9842, Accuracy : 0.8759, Loss: 0.4537
[Train] Epoch:  14, Total:  21974, Accuracy : 0.9661, Loss: 0.1330
[Eval] Epoch:  14, Total:   9842, Accuracy : 0.8756, Loss: 0.5532
[Train] Epoch:  15, Total:  21974, Accuracy : 0.9715, Loss: 0.0848
[Eval] Epoch:  15, Total:   9842, Accuracy : 0.8747, Loss: 0.5221
[Train] Epoch:  16, Total:  21974, Accuracy : 0.9771, Loss: 0.1012
[Eval] Epoch:  16, Total:   9842, Accuracy : 0.8757, Loss: 0.5261
[Train] Epoch:  17, Total:  21974, Accuracy : 0.9790, Loss: 0.0391
[Eval] Epoch:  17, Total:   9842, Accuracy : 0.8776, Loss: 0.5659
[Train] Epoch:  18, Total:  21974, Accuracy : 0.9819, Loss: 0.0456
[Eval] Epoch:  18, Total:   9842, Accuracy : 0.8782, Loss: 0.5847
[Train] Epoch:  19, Total:  21974, Accuracy : 0.9825, Loss: 0.0585
[Eval] Epoch:  19, Total:   9842, Accuracy : 0.8778, Loss: 0.5790
{"epoch":[1,2,3,4,5,6,7,8,9,10,11,12,13,14,15,16,17,18,19,20],"train_loss":[0.9381105768126111,0.49883631079695945,0.3885099167047545,0.3226389897077583,0.2724877433028332,0.23015755466943563,0.20030390159335248,0.18342265625332677,0.17185023071807484,0.1656146987752859,0.18200241211195325,0.17158271952770476,0.15001713805073916,0.12923427939761517,0.10857176091955152,0.09264203804263542,0.07699364192004121,0.06983249461235003,0.06352647674421585,0.06100725783251746],"eval_loss":[0.5245685409276913,0.392059373549926,0.3645616578750121,0.36676451334586513,0.3739054860212864,0.3936253778445415,0.40531333287556964,0.411504137974519,0.4196889713788644,0.4210617206035516,0.4369141642863934,0.4501602130058484,0.48557422558466595,0.48152137108338183,0.507708571660213,0.5306940246851016,0.544355068451319,0.543145382251495,0.550614309616578,0.5529615198954557],"train_acc":[0.5151087649039774,0.8088650222990807,0.8580595248930555,0.8855920633475927,0.9044325111495404,0.9223172840629835,0.9336033494129425,0.9388823154637299,0.9437517065623009,0.9468917811959588,0.9402475653044507,0.9435241649221807,0.950395922453809,0.9589514881223263,0.9661418039501228,0.9714662783289342,0.9771093110039137,0.9790206607809229,0.9818876854464367,0.982479293710749],"eval_acc":[0.8033936191830928,0.8589717537085958,0.8675066043487096,0.873907742328795,0.8759398496240601,0.8762446657183499,0.879394432026011,0.8766510871774029,0.8756350335297703,0.8763462710831131,0.8768542979069295,0.8680146311725259,0.8717740296687665,0.8759398496240601,0.8756350335297703,0.874720585246901,0.8757366388945337,0.8775655354602723,0.8781751676488518,0.8777687461897988]}
[Eval] Epoch:  11, Total:   9824, Accuracy : 0.8782, Loss: 0.4922
9824 8627 21.20476323366165
