pruned_2_0.04_model_0
DatasetDict({
    test: Dataset({
        features: ['premise', 'hypothesis', 'label', 'indexes'],
        num_rows: 9824
    })
    train: Dataset({
        features: ['premise', 'hypothesis', 'label', 'indexes'],
        num_rows: 21974
    })
    validation: Dataset({
        features: ['premise', 'hypothesis', 'label', 'indexes'],
        num_rows: 9842
    })
})
[Train] Epoch:   0, Total:  21974, Accuracy : 0.5436, Loss: 0.4918
[Eval] Epoch:   0, Total:   9842, Accuracy : 0.8060, Loss: 0.5274
[Train] Epoch:   1, Total:  21974, Accuracy : 0.8257, Loss: 0.4751
[Eval] Epoch:   1, Total:   9842, Accuracy : 0.8477, Loss: 0.4702
[Train] Epoch:   2, Total:  21974, Accuracy : 0.8655, Loss: 0.3246
[Eval] Epoch:   2, Total:   9842, Accuracy : 0.8609, Loss: 0.4370
[Train] Epoch:   3, Total:  21974, Accuracy : 0.8904, Loss: 0.3186
[Eval] Epoch:   3, Total:   9842, Accuracy : 0.8695, Loss: 0.3952
[Train] Epoch:   4, Total:  21974, Accuracy : 0.9091, Loss: 0.2604
[Eval] Epoch:   4, Total:   9842, Accuracy : 0.8648, Loss: 0.4232
[Train] Epoch:   5, Total:  21974, Accuracy : 0.9232, Loss: 0.2376
[Eval] Epoch:   5, Total:   9842, Accuracy : 0.8654, Loss: 0.5160
[Train] Epoch:   6, Total:  21974, Accuracy : 0.9323, Loss: 0.2056
[Eval] Epoch:   6, Total:   9842, Accuracy : 0.8693, Loss: 0.5091
[Train] Epoch:   7, Total:  21974, Accuracy : 0.9412, Loss: 0.1879
[Eval] Epoch:   7, Total:   9842, Accuracy : 0.8721, Loss: 0.5084
[Train] Epoch:   8, Total:  21974, Accuracy : 0.9450, Loss: 0.1349
[Eval] Epoch:   8, Total:   9842, Accuracy : 0.8709, Loss: 0.5274
[Train] Epoch:   9, Total:  21974, Accuracy : 0.9455, Loss: 0.1360
[Eval] Epoch:   9, Total:   9842, Accuracy : 0.8716, Loss: 0.5213
[Train] Epoch:  10, Total:  21974, Accuracy : 0.9398, Loss: 0.2901
[Eval] Epoch:  10, Total:   9842, Accuracy : 0.8655, Loss: 0.4927
[Train] Epoch:  11, Total:  21974, Accuracy : 0.9419, Loss: 0.1976
[Eval] Epoch:  11, Total:   9842, Accuracy : 0.8702, Loss: 0.5195
[Train] Epoch:  12, Total:  21974, Accuracy : 0.9494, Loss: 0.1394
[Eval] Epoch:  12, Total:   9842, Accuracy : 0.8650, Loss: 0.6038
[Train] Epoch:  13, Total:  21974, Accuracy : 0.9574, Loss: 0.0636
[Eval] Epoch:  13, Total:   9842, Accuracy : 0.8690, Loss: 0.5661
[Train] Epoch:  14, Total:  21974, Accuracy : 0.9649, Loss: 0.0675
[Eval] Epoch:  14, Total:   9842, Accuracy : 0.8629, Loss: 0.5981
[Train] Epoch:  15, Total:  21974, Accuracy : 0.9721, Loss: 0.1220
[Eval] Epoch:  15, Total:   9842, Accuracy : 0.8688, Loss: 0.6600
[Train] Epoch:  16, Total:  21974, Accuracy : 0.9730, Loss: 0.0464
[Eval] Epoch:  16, Total:   9842, Accuracy : 0.8665, Loss: 0.6550
[Train] Epoch:  17, Total:  21974, Accuracy : 0.9781, Loss: 0.1480
[Eval] Epoch:  17, Total:   9842, Accuracy : 0.8636, Loss: 0.6786
[Train] Epoch:  18, Total:  21974, Accuracy : 0.9801, Loss: 0.0587
[Eval] Epoch:  18, Total:   9842, Accuracy : 0.8674, Loss: 0.6786
[Train] Epoch:  19, Total:  21974, Accuracy : 0.9818, Loss: 0.0707
[Eval] Epoch:  19, Total:   9842, Accuracy : 0.8663, Loss: 0.6850
{"epoch":[1,2,3,4,5,6,7,8,9,10,11,12,13,14,15,16,17,18,19,20],"train_loss":[0.9116159486909245,0.4751460985388867,0.36960435468097064,0.3080908375424008,0.26588414730720744,0.22478627084299577,0.2047359764922497,0.18277294327353322,0.17044627449886743,0.16612302953767222,0.1831666035361068,0.1730625432764375,0.15523302511766898,0.12962137370608573,0.10751040422812451,0.09021259636379951,0.08321920593897271,0.07131236241480639,0.06600800678567138,0.0650862404037007],"eval_loss":[0.5519833457775605,0.4207849540771582,0.3949611813594133,0.3792002071172763,0.4103784102659959,0.4532420069743425,0.4524049346263592,0.44842531895026183,0.4580670151955042,0.4561223639891698,0.47940990099540126,0.4595939486454695,0.4909988542397817,0.5369978073315743,0.5467809698520563,0.5856916293119773,0.5926374961168338,0.6376752158006033,0.6281096224601452,0.6335760935758933],"train_acc":[0.5435969782470192,0.8257486119959953,0.865477382360972,0.8903704377901156,0.9090743606079913,0.92318194229544,0.9323291162282697,0.9412487485209794,0.9450259397469737,0.9454810230272139,0.9398379903522345,0.9419313734413398,0.9494402475653044,0.9574042049695094,0.96486757076545,0.9720578865932465,0.9730135614817511,0.9781104942204424,0.9800673523254756,0.9817966687903886],"eval_acc":[0.8060353586669377,0.847693558219874,0.8609022556390977,0.8695387116439748,0.8647632595001016,0.8653728916886811,0.8693355009144483,0.8720788457630563,0.8708595813858971,0.87157081893924,0.8654744970534444,0.8702499491973176,0.8649664702296281,0.8690306848201585,0.862934362934363,0.868827474090632,0.8664905507010771,0.8636456004877058,0.8674049989839464,0.8662873399715505]}
[Eval] Epoch:  11, Total:   9824, Accuracy : 0.8682, Loss: 0.7552
9824 8529 24.07658189535141
