random_0.02_model_0
DatasetDict({
    test: Dataset({
        features: ['premise', 'hypothesis', 'label', 'indexes'],
        num_rows: 9824
    })
    train: Dataset({
        features: ['premise', 'hypothesis', 'label', 'indexes'],
        num_rows: 10987
    })
    validation: Dataset({
        features: ['premise', 'hypothesis', 'label', 'indexes'],
        num_rows: 9842
    })
})
[Train] Epoch:   0, Total:  10987, Accuracy : 0.3700, Loss: 1.0284
[Eval] Epoch:   0, Total:   9842, Accuracy : 0.5484, Loss: 0.9967
[Train] Epoch:   1, Total:  10987, Accuracy : 0.6651, Loss: 0.5897
[Eval] Epoch:   1, Total:   9842, Accuracy : 0.8068, Loss: 0.4697
[Train] Epoch:   2, Total:  10987, Accuracy : 0.8071, Loss: 0.4769
[Eval] Epoch:   2, Total:   9842, Accuracy : 0.8437, Loss: 0.4152
[Train] Epoch:   3, Total:  10987, Accuracy : 0.8513, Loss: 0.3152
[Eval] Epoch:   3, Total:   9842, Accuracy : 0.8554, Loss: 0.3716
[Train] Epoch:   4, Total:  10987, Accuracy : 0.8816, Loss: 0.3668
[Eval] Epoch:   4, Total:   9842, Accuracy : 0.8613, Loss: 0.4050
[Train] Epoch:   5, Total:  10987, Accuracy : 0.9020, Loss: 0.2849
[Eval] Epoch:   5, Total:   9842, Accuracy : 0.8620, Loss: 0.3913
[Train] Epoch:   6, Total:  10987, Accuracy : 0.9172, Loss: 0.2678
[Eval] Epoch:   6, Total:   9842, Accuracy : 0.8661, Loss: 0.3905
[Train] Epoch:   7, Total:  10987, Accuracy : 0.9252, Loss: 0.1940
[Eval] Epoch:   7, Total:   9842, Accuracy : 0.8665, Loss: 0.4019
[Train] Epoch:   8, Total:  10987, Accuracy : 0.9310, Loss: 0.1800
[Eval] Epoch:   8, Total:   9842, Accuracy : 0.8662, Loss: 0.3844
[Train] Epoch:   9, Total:  10987, Accuracy : 0.9387, Loss: 0.1361
[Eval] Epoch:   9, Total:   9842, Accuracy : 0.8661, Loss: 0.3855
[Train] Epoch:  10, Total:  10987, Accuracy : 0.9331, Loss: 0.2647
[Eval] Epoch:  10, Total:   9842, Accuracy : 0.8661, Loss: 0.4633
[Train] Epoch:  11, Total:  10987, Accuracy : 0.9291, Loss: 0.2065
[Eval] Epoch:  11, Total:   9842, Accuracy : 0.8543, Loss: 0.4718
[Train] Epoch:  12, Total:  10987, Accuracy : 0.9410, Loss: 0.2239
[Eval] Epoch:  12, Total:   9842, Accuracy : 0.8609, Loss: 0.4082
[Train] Epoch:  13, Total:  10987, Accuracy : 0.9533, Loss: 0.1407
[Eval] Epoch:  13, Total:   9842, Accuracy : 0.8665, Loss: 0.3998
[Train] Epoch:  14, Total:  10987, Accuracy : 0.9581, Loss: 0.1602
[Eval] Epoch:  14, Total:   9842, Accuracy : 0.8663, Loss: 0.4737
[Train] Epoch:  15, Total:  10987, Accuracy : 0.9623, Loss: 0.1179
[Eval] Epoch:  15, Total:   9842, Accuracy : 0.8682, Loss: 0.4508
[Train] Epoch:  16, Total:  10987, Accuracy : 0.9695, Loss: 0.0829
[Eval] Epoch:  16, Total:   9842, Accuracy : 0.8685, Loss: 0.4826
[Train] Epoch:  17, Total:  10987, Accuracy : 0.9771, Loss: 0.0635
[Eval] Epoch:  17, Total:   9842, Accuracy : 0.8688, Loss: 0.4934
[Train] Epoch:  18, Total:  10987, Accuracy : 0.9771, Loss: 0.0823
[Eval] Epoch:  18, Total:   9842, Accuracy : 0.8682, Loss: 0.4900
[Train] Epoch:  19, Total:  10987, Accuracy : 0.9782, Loss: 0.0781
[Eval] Epoch:  19, Total:   9842, Accuracy : 0.8680, Loss: 0.4852
{"epoch":[1,2,3,4,5,6,7,8,9,10,11,12,13,14,15,16,17,18,19,20],"train_loss":[1.0935852749403132,0.7633983090866444,0.5144854319650073,0.4119318023670551,0.3367298030576041,0.28652339272720867,0.24761178361815075,0.2268749454686808,0.20803552831328193,0.19229152625383333,0.20171121871748635,0.207161276146423,0.18023122240637623,0.14812081549749817,0.1299036250904549,0.10998392928131791,0.09671731457807296,0.07811621411941773,0.07417467648033486,0.07144376782830371],"eval_loss":[0.9942177427120698,0.5177465134706253,0.4192435856048877,0.4029645147996071,0.3975212902594835,0.40213456138586384,0.40241324977997023,0.42148507558382475,0.4277141537421789,0.4273013250950055,0.4509598169571314,0.5075442913251046,0.486087299310244,0.49185944826175004,0.5161856550436753,0.5229795116644639,0.5255078971385956,0.5343250586436346,0.5407034342105572,0.5420610820635771],"train_acc":[0.3699827068353509,0.665149722399199,0.8071357058341676,0.8512787840174751,0.8815873304814781,0.9019750614362428,0.9171748429962683,0.9251843087284973,0.931009374715573,0.9386547738236097,0.9331027578046782,0.9290980249385637,0.9410212068808592,0.9533084554473469,0.9581323382178939,0.9623191043961045,0.969509420223901,0.9770638026758897,0.9770638026758897,0.9782470192045144],"eval_acc":[0.5483641536273115,0.8068482015850437,0.8437309489941069,0.8554155659418817,0.8613086770981507,0.8620199146514936,0.8660841292420239,0.8664905507010771,0.8661857346067873,0.8660841292420239,0.8660841292420239,0.8542979069294859,0.8609022556390977,0.8664905507010771,0.8662873399715505,0.8682178419020524,0.8685226579963422,0.868827474090632,0.8682178419020524,0.8680146311725259]}
[Eval] Epoch:  11, Total:   9824, Accuracy : 0.8670, Loss: 0.7060
9824 8517 21.450901687145233
