pruned_2_0.02_model_0
DatasetDict({
    test: Dataset({
        features: ['premise', 'hypothesis', 'label', 'indexes'],
        num_rows: 9824
    })
    train: Dataset({
        features: ['premise', 'hypothesis', 'label', 'indexes'],
        num_rows: 10987
    })
    validation: Dataset({
        features: ['premise', 'hypothesis', 'label', 'indexes'],
        num_rows: 9842
    })
})
[Train] Epoch:   0, Total:  10987, Accuracy : 0.4169, Loss: 1.0699
[Eval] Epoch:   0, Total:   9842, Accuracy : 0.3986, Loss: 1.1313
[Train] Epoch:   1, Total:  10987, Accuracy : 0.6577, Loss: 0.6416
[Eval] Epoch:   1, Total:   9842, Accuracy : 0.7796, Loss: 0.5482
[Train] Epoch:   2, Total:  10987, Accuracy : 0.8085, Loss: 0.4408
[Eval] Epoch:   2, Total:   9842, Accuracy : 0.8191, Loss: 0.5181
[Train] Epoch:   3, Total:  10987, Accuracy : 0.8525, Loss: 0.4143
[Eval] Epoch:   3, Total:   9842, Accuracy : 0.8391, Loss: 0.4962
[Train] Epoch:   4, Total:  10987, Accuracy : 0.8832, Loss: 0.3851
[Eval] Epoch:   4, Total:   9842, Accuracy : 0.8553, Loss: 0.4654
[Train] Epoch:   5, Total:  10987, Accuracy : 0.9027, Loss: 0.2537
[Eval] Epoch:   5, Total:   9842, Accuracy : 0.8590, Loss: 0.4660
[Train] Epoch:   6, Total:  10987, Accuracy : 0.9167, Loss: 0.1774
[Eval] Epoch:   6, Total:   9842, Accuracy : 0.8568, Loss: 0.4902
[Train] Epoch:   7, Total:  10987, Accuracy : 0.9279, Loss: 0.1506
[Eval] Epoch:   7, Total:   9842, Accuracy : 0.8547, Loss: 0.4791
[Train] Epoch:   8, Total:  10987, Accuracy : 0.9341, Loss: 0.2923
[Eval] Epoch:   8, Total:   9842, Accuracy : 0.8572, Loss: 0.4975
[Train] Epoch:   9, Total:  10987, Accuracy : 0.9347, Loss: 0.1484
[Eval] Epoch:   9, Total:   9842, Accuracy : 0.8570, Loss: 0.5035
[Train] Epoch:  10, Total:  10987, Accuracy : 0.9350, Loss: 0.2559
[Eval] Epoch:  10, Total:   9842, Accuracy : 0.8540, Loss: 0.5057
[Train] Epoch:  11, Total:  10987, Accuracy : 0.9256, Loss: 0.2101
[Eval] Epoch:  11, Total:   9842, Accuracy : 0.8468, Loss: 0.5522
[Train] Epoch:  12, Total:  10987, Accuracy : 0.9378, Loss: 0.2433
[Eval] Epoch:  12, Total:   9842, Accuracy : 0.8451, Loss: 0.5623
[Train] Epoch:  13, Total:  10987, Accuracy : 0.9483, Loss: 0.1524
[Eval] Epoch:  13, Total:   9842, Accuracy : 0.8544, Loss: 0.6108
[Train] Epoch:  14, Total:  10987, Accuracy : 0.9592, Loss: 0.1819
[Eval] Epoch:  14, Total:   9842, Accuracy : 0.8556, Loss: 0.6145
[Train] Epoch:  15, Total:  10987, Accuracy : 0.9660, Loss: 0.1362
[Eval] Epoch:  15, Total:   9842, Accuracy : 0.8550, Loss: 0.6487
[Train] Epoch:  16, Total:  10987, Accuracy : 0.9698, Loss: 0.1370
[Eval] Epoch:  16, Total:   9842, Accuracy : 0.8546, Loss: 0.6218
[Train] Epoch:  17, Total:  10987, Accuracy : 0.9743, Loss: 0.1396
[Eval] Epoch:  17, Total:   9842, Accuracy : 0.8559, Loss: 0.6206
[Train] Epoch:  18, Total:  10987, Accuracy : 0.9776, Loss: 0.0549
[Eval] Epoch:  18, Total:   9842, Accuracy : 0.8560, Loss: 0.6492
[Train] Epoch:  19, Total:  10987, Accuracy : 0.9793, Loss: 0.0347
[Eval] Epoch:  19, Total:   9842, Accuracy : 0.8569, Loss: 0.6528
{"epoch":[1,2,3,4,5,6,7,8,9,10,11,12,13,14,15,16,17,18,19,20],"train_loss":[1.0680529489073642,0.7862744955129402,0.5081756087236626,0.41264784197474635,0.3380683722884156,0.28869966157647065,0.25135846470677575,0.2273807303850041,0.21217489900977113,0.2064486738554267,0.20506643729154453,0.22129782029362613,0.19449799126663872,0.1654626760025357,0.13630138441573741,0.11931026709634204,0.10809313644503438,0.09351535375381625,0.08567547702858615,0.08000729614219],"eval_loss":[1.134516716003418,0.5927879672784072,0.49804267822167814,0.4481855057753049,0.4245756719356928,0.43024951678055984,0.43915038995253736,0.4679091427570734,0.46513111163408327,0.46770774630399853,0.47704771695992887,0.5098340725287412,0.5650796607518808,0.5390276404527518,0.5657766323823196,0.5867414680811075,0.5956117044656705,0.6081294822387207,0.6111306769725604,0.6144016400361673],"train_acc":[0.41694730135614816,0.6576863566032584,0.8085009556748886,0.8524620005460999,0.8832256302903432,0.9027031946846273,0.916719759716028,0.927914808409939,0.9341039410212069,0.9346500409574953,0.9350141075816875,0.9256393920087376,0.9378356239191772,0.9483025393647038,0.9592245380904706,0.9659597706380267,0.9697824701920451,0.974333302994448,0.9776099026121781,0.9793392190770911],"eval_acc":[0.398597845966267,0.7796179638284901,0.8191424507213981,0.839057102214997,0.8553139605771185,0.8589717537085958,0.8568380410485673,0.8547043283885389,0.8572444625076204,0.8570412517780939,0.8539930908351961,0.8467791099370047,0.8450518187360293,0.8543995122942492,0.8556187766714083,0.8550091444828287,0.8546027230237756,0.8559235927656981,0.8560251981304613,0.8569396464133306]}
[Eval] Epoch:  11, Total:   9824, Accuracy : 0.8531, Loss: 0.8574
9824 8381 24.643240928649902
