pruned_2_0.005_model_0
DatasetDict({
    test: Dataset({
        features: ['premise', 'hypothesis', 'label', 'indexes'],
        num_rows: 9824
    })
    train: Dataset({
        features: ['premise', 'hypothesis', 'label', 'indexes'],
        num_rows: 2746
    })
    validation: Dataset({
        features: ['premise', 'hypothesis', 'label', 'indexes'],
        num_rows: 9842
    })
})
[Train] Epoch:   0, Total:   2746, Accuracy : 0.3420, Loss: 1.0939
[Eval] Epoch:   0, Total:   9842, Accuracy : 0.3287, Loss: 1.0999
[Train] Epoch:   1, Total:   2746, Accuracy : 0.3791, Loss: 1.0868
[Eval] Epoch:   1, Total:   9842, Accuracy : 0.3287, Loss: 1.1028
[Train] Epoch:   2, Total:   2746, Accuracy : 0.3798, Loss: 1.1005
[Eval] Epoch:   2, Total:   9842, Accuracy : 0.3287, Loss: 1.0997
[Train] Epoch:   3, Total:   2746, Accuracy : 0.4406, Loss: 0.9948
[Eval] Epoch:   3, Total:   9842, Accuracy : 0.5361, Loss: 0.9678
[Train] Epoch:   4, Total:   2746, Accuracy : 0.6154, Loss: 0.7608
[Eval] Epoch:   4, Total:   9842, Accuracy : 0.7127, Loss: 0.6873
[Train] Epoch:   5, Total:   2746, Accuracy : 0.7309, Loss: 0.6652
[Eval] Epoch:   5, Total:   9842, Accuracy : 0.7810, Loss: 0.5520
[Train] Epoch:   6, Total:   2746, Accuracy : 0.7873, Loss: 0.5387
[Eval] Epoch:   6, Total:   9842, Accuracy : 0.7879, Loss: 0.6094
[Train] Epoch:   7, Total:   2746, Accuracy : 0.8212, Loss: 0.4565
[Eval] Epoch:   7, Total:   9842, Accuracy : 0.8142, Loss: 0.5648
[Train] Epoch:   8, Total:   2746, Accuracy : 0.8514, Loss: 0.4340
[Eval] Epoch:   8, Total:   9842, Accuracy : 0.8175, Loss: 0.5542
[Train] Epoch:   9, Total:   2746, Accuracy : 0.8656, Loss: 0.3476
[Eval] Epoch:   9, Total:   9842, Accuracy : 0.8182, Loss: 0.5613
[Train] Epoch:  10, Total:   2746, Accuracy : 0.8809, Loss: 0.2602
[Eval] Epoch:  10, Total:   9842, Accuracy : 0.8209, Loss: 0.5644
[Train] Epoch:  11, Total:   2746, Accuracy : 0.8773, Loss: 0.3361
[Eval] Epoch:  11, Total:   9842, Accuracy : 0.8192, Loss: 0.5637
[Train] Epoch:  12, Total:   2746, Accuracy : 0.8773, Loss: 0.4151
[Eval] Epoch:  12, Total:   9842, Accuracy : 0.8222, Loss: 0.5826
[Train] Epoch:  13, Total:   2746, Accuracy : 0.9020, Loss: 0.4396
[Eval] Epoch:  13, Total:   9842, Accuracy : 0.8233, Loss: 0.5905
[Train] Epoch:  14, Total:   2746, Accuracy : 0.9192, Loss: 0.2404
[Eval] Epoch:  14, Total:   9842, Accuracy : 0.8174, Loss: 0.6373
[Train] Epoch:  15, Total:   2746, Accuracy : 0.9334, Loss: 0.2073
[Eval] Epoch:  15, Total:   9842, Accuracy : 0.8263, Loss: 0.6069
[Train] Epoch:  16, Total:   2746, Accuracy : 0.9374, Loss: 0.1434
[Eval] Epoch:  16, Total:   9842, Accuracy : 0.8302, Loss: 0.6693
[Train] Epoch:  17, Total:   2746, Accuracy : 0.9497, Loss: 0.0863
[Eval] Epoch:  17, Total:   9842, Accuracy : 0.8308, Loss: 0.6845
[Train] Epoch:  18, Total:   2746, Accuracy : 0.9559, Loss: 0.1069
[Eval] Epoch:  18, Total:   9842, Accuracy : 0.8293, Loss: 0.6890
[Train] Epoch:  19, Total:   2746, Accuracy : 0.9534, Loss: 0.1291
[Eval] Epoch:  19, Total:   9842, Accuracy : 0.8294, Loss: 0.6907
{"epoch":[1,2,3,4,5,6,7,8,9,10,11,12,13,14,15,16,17,18,19,20],"train_loss":[1.0968919017098167,1.0936159437352961,1.092648614536632,1.0664748495275325,0.852891591462222,0.6745470057834279,0.5608401542360132,0.49400838938626374,0.4232751347801902,0.3892276910218326,0.3636662987145511,0.359067285602743,0.35540333119305695,0.31857311861081555,0.26505477049133996,0.2242185961116444,0.20685760812325912,0.18044238808480176,0.16069486737251282,0.16052302379499783],"eval_loss":[1.0999538134305904,1.1032124727200239,1.0998462438583374,0.9611279444816785,0.6958977564787253,0.581371661944267,0.5931967206490345,0.528289020825655,0.5171682758209033,0.5194019331381872,0.5157486567130456,0.5163637705338306,0.5417058773529835,0.5672873143966382,0.5960002396351252,0.5635311259673192,0.5772329515371567,0.5854017574053544,0.5884480262414004,0.5888517086322491],"train_acc":[0.34195193008011654,0.37909686817188637,0.3798252002913328,0.4406409322651129,0.6154406409322651,0.7308812818645303,0.7873270211216314,0.8211944646758922,0.8514202476329206,0.8656227239621267,0.8809176984705025,0.8772760378732702,0.8772760378732702,0.9020393299344501,0.9191551347414421,0.9333576110706482,0.9373634377276038,0.9497450837581938,0.9559359067734887,0.953386744355426],"eval_acc":[0.3286933550091445,0.3286933550091445,0.3286933550091445,0.5360699044909571,0.7126600284495022,0.7810404389351758,0.7879496037390774,0.8141637878479984,0.817516764885186,0.8182280024385288,0.8208697419223735,0.8192440560861614,0.8221906116642959,0.8233082706766918,0.8174151595204227,0.8262548262548263,0.8302174354805933,0.8308270676691729,0.829302987197724,0.8294045925624873]}
[Eval] Epoch:  11, Total:   9824, Accuracy : 0.8279, Loss: 0.6475
9824 8133 23.105564206838608
