pruned_2_0.1_model_0
DatasetDict({
    test: Dataset({
        features: ['premise', 'hypothesis', 'label', 'indexes'],
        num_rows: 9824
    })
    train: Dataset({
        features: ['premise', 'hypothesis', 'label', 'indexes'],
        num_rows: 54936
    })
    validation: Dataset({
        features: ['premise', 'hypothesis', 'label', 'indexes'],
        num_rows: 9842
    })
})
[Train] Epoch:   0, Total:  54936, Accuracy : 0.7060, Loss: 0.4949
[Eval] Epoch:   0, Total:   9842, Accuracy : 0.8687, Loss: 0.3639
[Train] Epoch:   1, Total:  54936, Accuracy : 0.8638, Loss: 0.2514
[Eval] Epoch:   1, Total:   9842, Accuracy : 0.8828, Loss: 0.3329
[Train] Epoch:   2, Total:  54936, Accuracy : 0.8882, Loss: 0.2626
[Eval] Epoch:   2, Total:   9842, Accuracy : 0.8861, Loss: 0.2950
[Train] Epoch:   3, Total:  54936, Accuracy : 0.9085, Loss: 0.2337
[Eval] Epoch:   3, Total:   9842, Accuracy : 0.8871, Loss: 0.3199
[Train] Epoch:   4, Total:  54936, Accuracy : 0.9236, Loss: 0.2891
[Eval] Epoch:   4, Total:   9842, Accuracy : 0.8870, Loss: 0.4026
[Train] Epoch:   5, Total:  54936, Accuracy : 0.9342, Loss: 0.1942
[Eval] Epoch:   5, Total:   9842, Accuracy : 0.8872, Loss: 0.3913
[Train] Epoch:   6, Total:  54936, Accuracy : 0.9420, Loss: 0.1352
[Eval] Epoch:   6, Total:   9842, Accuracy : 0.8890, Loss: 0.4344
[Train] Epoch:   7, Total:  54936, Accuracy : 0.9484, Loss: 0.1754
[Eval] Epoch:   7, Total:   9842, Accuracy : 0.8873, Loss: 0.4551
[Train] Epoch:   8, Total:  54936, Accuracy : 0.9510, Loss: 0.1413
[Eval] Epoch:   8, Total:   9842, Accuracy : 0.8884, Loss: 0.4366
[Train] Epoch:   9, Total:  54936, Accuracy : 0.9547, Loss: 0.2485
[Eval] Epoch:   9, Total:   9842, Accuracy : 0.8880, Loss: 0.4459
[Train] Epoch:  10, Total:  54936, Accuracy : 0.9424, Loss: 0.1695
[Eval] Epoch:  10, Total:   9842, Accuracy : 0.8867, Loss: 0.4764
[Train] Epoch:  11, Total:  54936, Accuracy : 0.9470, Loss: 0.2416
[Eval] Epoch:  11, Total:   9842, Accuracy : 0.8819, Loss: 0.4726
[Train] Epoch:  12, Total:  54936, Accuracy : 0.9545, Loss: 0.1187
[Eval] Epoch:  12, Total:   9842, Accuracy : 0.8833, Loss: 0.5555
[Train] Epoch:  13, Total:  54936, Accuracy : 0.9622, Loss: 0.0661
[Eval] Epoch:  13, Total:   9842, Accuracy : 0.8801, Loss: 0.6043
[Train] Epoch:  14, Total:  54936, Accuracy : 0.9693, Loss: 0.0386
[Eval] Epoch:  14, Total:   9842, Accuracy : 0.8835, Loss: 0.6097
[Train] Epoch:  15, Total:  54936, Accuracy : 0.9734, Loss: 0.0630
[Eval] Epoch:  15, Total:   9842, Accuracy : 0.8849, Loss: 0.6767
[Train] Epoch:  16, Total:  54936, Accuracy : 0.9770, Loss: 0.0605
[Eval] Epoch:  16, Total:   9842, Accuracy : 0.8840, Loss: 0.7027
[Train] Epoch:  17, Total:  54936, Accuracy : 0.9807, Loss: 0.1181
[Eval] Epoch:  17, Total:   9842, Accuracy : 0.8850, Loss: 0.7412
[Train] Epoch:  18, Total:  54936, Accuracy : 0.9822, Loss: 0.0250
[Eval] Epoch:  18, Total:   9842, Accuracy : 0.8838, Loss: 0.7607
[Train] Epoch:  19, Total:  54936, Accuracy : 0.9836, Loss: 0.0349
[Eval] Epoch:  19, Total:   9842, Accuracy : 0.8838, Loss: 0.7507
{"epoch":[1,2,3,4,5,6,7,8,9,10,11,12,13,14,15,16,17,18,19,20],"train_loss":[0.6476476329703663,0.37108031046944995,0.30808426599169886,0.2587784193282904,0.21754710941120636,0.1887572261829709,0.16835524516050207,0.1514035467838132,0.14164700667525446,0.13717707156441933,0.16537906045830528,0.15275933143011358,0.13023825329403543,0.11206941871449005,0.09291536121867423,0.07962329307527737,0.06758646219968796,0.05869215147699727,0.05503102512380412,0.05172535521519739],"eval_loss":[0.35183695952097577,0.3295024064106819,0.3169669810778055,0.33276127431637204,0.3654255882287637,0.36177846445487094,0.3874172977147958,0.4056880248662753,0.3996086456836798,0.40325863391925126,0.40014559565446317,0.4137266652706342,0.4449612773381747,0.49672876336635685,0.5051565453028067,0.5250066113777649,0.5377442378264207,0.5603594413170447,0.568261763988397,0.5668352238642864],"train_acc":[0.7060033493519732,0.8638051550895588,0.8881607688947138,0.9084753167321975,0.9236020096111839,0.9342143585262851,0.9419688364642493,0.9484491044124072,0.9509793213921655,0.9546745303626037,0.9424057084607543,0.9470110674239115,0.9545107033639144,0.9621559633027523,0.9692915392456677,0.9733872142129023,0.9770460171836318,0.9806866171545071,0.982233872142129,0.983635503130916],"eval_acc":[0.8687258687258688,0.8828490144279618,0.8861003861003861,0.8871164397480187,0.8870148343832555,0.8872180451127819,0.8890469416785206,0.8873196504775452,0.888437309489941,0.888030888030888,0.8867100182889657,0.8819345661450925,0.8832554358870148,0.8801056695793538,0.8834586466165414,0.884881121723227,0.8839666734403576,0.8849827270879902,0.8837634627108312,0.8837634627108312]}
[Eval] Epoch:  11, Total:   9824, Accuracy : 0.8839, Loss: 0.7031
9824 8683 22.08736824989319
