pruned_3_0.25_model_0
DatasetDict({
    test: Dataset({
        features: ['premise', 'hypothesis', 'label', 'indexes'],
        num_rows: 9824
    })
    train: Dataset({
        features: ['premise', 'hypothesis', 'label', 'indexes'],
        num_rows: 137341
    })
    validation: Dataset({
        features: ['premise', 'hypothesis', 'label', 'indexes'],
        num_rows: 9842
    })
})
[Train] Epoch:   0, Total: 137341, Accuracy : 0.7860, Loss: 0.2764
[Eval] Epoch:   0, Total:   9842, Accuracy : 0.8902, Loss: 0.3558
[Train] Epoch:   1, Total: 137341, Accuracy : 0.8745, Loss: 0.2703
[Eval] Epoch:   1, Total:   9842, Accuracy : 0.8955, Loss: 0.3055
[Train] Epoch:   2, Total: 137341, Accuracy : 0.8956, Loss: 0.3488
[Eval] Epoch:   2, Total:   9842, Accuracy : 0.9008, Loss: 0.2373
[Train] Epoch:   3, Total: 137341, Accuracy : 0.9134, Loss: 0.2878
[Eval] Epoch:   3, Total:   9842, Accuracy : 0.9005, Loss: 0.2438
[Train] Epoch:   4, Total: 137341, Accuracy : 0.9270, Loss: 0.1832
[Eval] Epoch:   4, Total:   9842, Accuracy : 0.9033, Loss: 0.2455
[Train] Epoch:   5, Total: 137341, Accuracy : 0.9355, Loss: 0.1305
[Eval] Epoch:   5, Total:   9842, Accuracy : 0.9013, Loss: 0.2917
[Train] Epoch:   6, Total: 137341, Accuracy : 0.9451, Loss: 0.1987
[Eval] Epoch:   6, Total:   9842, Accuracy : 0.8985, Loss: 0.2828
[Train] Epoch:   7, Total: 137341, Accuracy : 0.9506, Loss: 0.1378
[Eval] Epoch:   7, Total:   9842, Accuracy : 0.9001, Loss: 0.2882
[Train] Epoch:   8, Total: 137341, Accuracy : 0.9540, Loss: 0.1570
[Eval] Epoch:   8, Total:   9842, Accuracy : 0.8986, Loss: 0.2969
[Train] Epoch:   9, Total: 137341, Accuracy : 0.9554, Loss: 0.1019
[Eval] Epoch:   9, Total:   9842, Accuracy : 0.8990, Loss: 0.2984
[Train] Epoch:  10, Total: 137341, Accuracy : 0.9416, Loss: 0.1982
[Eval] Epoch:  10, Total:   9842, Accuracy : 0.8954, Loss: 0.3391
[Train] Epoch:  11, Total: 137341, Accuracy : 0.9470, Loss: 0.3211
[Eval] Epoch:  11, Total:   9842, Accuracy : 0.8964, Loss: 0.2776
[Train] Epoch:  12, Total: 137341, Accuracy : 0.9557, Loss: 0.1631
[Eval] Epoch:  12, Total:   9842, Accuracy : 0.8988, Loss: 0.3045
[Train] Epoch:  13, Total: 137341, Accuracy : 0.9620, Loss: 0.1503
[Eval] Epoch:  13, Total:   9842, Accuracy : 0.8965, Loss: 0.3642
[Train] Epoch:  14, Total: 137341, Accuracy : 0.9690, Loss: 0.0784
[Eval] Epoch:  14, Total:   9842, Accuracy : 0.8968, Loss: 0.3569
[Train] Epoch:  15, Total: 137341, Accuracy : 0.9744, Loss: 0.0763
[Eval] Epoch:  15, Total:   9842, Accuracy : 0.8974, Loss: 0.4361
[Train] Epoch:  16, Total: 137341, Accuracy : 0.9777, Loss: 0.0535
[Eval] Epoch:  16, Total:   9842, Accuracy : 0.8966, Loss: 0.4168
[Train] Epoch:  17, Total: 137341, Accuracy : 0.9806, Loss: 0.0903
[Eval] Epoch:  17, Total:   9842, Accuracy : 0.8951, Loss: 0.4377
[Train] Epoch:  18, Total: 137341, Accuracy : 0.9827, Loss: 0.0966
[Eval] Epoch:  18, Total:   9842, Accuracy : 0.8963, Loss: 0.4177
[Train] Epoch:  19, Total: 137341, Accuracy : 0.9839, Loss: 0.0285
[Eval] Epoch:  19, Total:   9842, Accuracy : 0.8964, Loss: 0.4172
{"epoch":[1,2,3,4,5,6,7,8,9,10,11,12,13,14,15,16,17,18,19,20],"train_loss":[0.511108570147715,0.3410292453162053,0.28794860434709757,0.2444682157627919,0.208805234696945,0.18358321000910338,0.15990674234857327,0.1461699951016925,0.13614568107343475,0.13187266597645686,0.16544589436365018,0.15237487441889622,0.12932551111783172,0.11159333681732804,0.09250324680097054,0.07825995959147283,0.06646221747979161,0.05759481833536643,0.05221710660888552,0.04924514944781332],"eval_loss":[0.302800185405291,0.28945412085606503,0.2830932770784085,0.29626243657026535,0.2999021514103963,0.31799121506703204,0.3419025444831604,0.3526559059436505,0.36137334085427797,0.364588452073244,0.36389976052137524,0.36278530955314636,0.3951331812601823,0.39787982060359073,0.4381305055740552,0.4687091593558972,0.4926617497052902,0.5172912019949693,0.5332090717095596,0.5364010196465713],"train_acc":[0.7859852483963274,0.8745167138727692,0.8955810719304504,0.9134126007528706,0.9269700963295738,0.9354890382333025,0.9450564652944132,0.9505974181053,0.9539758702790864,0.9554175373704866,0.9416343262390692,0.9469714069360206,0.9556578152190534,0.9619996941918291,0.9689750329471899,0.9743849251134039,0.9777269715525589,0.9805593377068755,0.9827364006378285,0.9839305087337358],"eval_acc":[0.8901646006909165,0.8955496850233692,0.9008331639910587,0.9005283478967689,0.903271692745377,0.9013411908148751,0.8984962406015038,0.9001219264377159,0.898597845966267,0.89900426742532,0.895448079658606,0.8963625279414753,0.8988010566957936,0.8964641333062385,0.8967689494005283,0.8973785815891079,0.8965657386710019,0.8951432635643162,0.8962609225767121,0.8963625279414753]}
[Eval] Epoch:  11, Total:   9824, Accuracy : 0.8997, Loss: 0.6556
9824 8839 19.524277478456497
