pruned_2_0.2_model_0
DatasetDict({
    test: Dataset({
        features: ['premise', 'hypothesis', 'label', 'indexes'],
        num_rows: 9824
    })
    train: Dataset({
        features: ['premise', 'hypothesis', 'label', 'indexes'],
        num_rows: 109873
    })
    validation: Dataset({
        features: ['premise', 'hypothesis', 'label', 'indexes'],
        num_rows: 9842
    })
})
[Train] Epoch:   0, Total: 109873, Accuracy : 0.7834, Loss: 0.2546
[Eval] Epoch:   0, Total:   9842, Accuracy : 0.8849, Loss: 0.3412
[Train] Epoch:   1, Total: 109873, Accuracy : 0.8803, Loss: 0.3847
[Eval] Epoch:   1, Total:   9842, Accuracy : 0.8916, Loss: 0.2988
[Train] Epoch:   2, Total: 109873, Accuracy : 0.9025, Loss: 0.2144
[Eval] Epoch:   2, Total:   9842, Accuracy : 0.8944, Loss: 0.3183
[Train] Epoch:   3, Total: 109873, Accuracy : 0.9174, Loss: 0.2464
[Eval] Epoch:   3, Total:   9842, Accuracy : 0.8990, Loss: 0.3429
[Train] Epoch:   4, Total: 109873, Accuracy : 0.9300, Loss: 0.1398
[Eval] Epoch:   4, Total:   9842, Accuracy : 0.9004, Loss: 0.3562
[Train] Epoch:   5, Total: 109873, Accuracy : 0.9403, Loss: 0.2663
[Eval] Epoch:   5, Total:   9842, Accuracy : 0.8970, Loss: 0.4487
[Train] Epoch:   6, Total: 109873, Accuracy : 0.9481, Loss: 0.1768
[Eval] Epoch:   6, Total:   9842, Accuracy : 0.8979, Loss: 0.4401
[Train] Epoch:   7, Total: 109873, Accuracy : 0.9534, Loss: 0.0538
[Eval] Epoch:   7, Total:   9842, Accuracy : 0.8993, Loss: 0.4560
[Train] Epoch:   8, Total: 109873, Accuracy : 0.9565, Loss: 0.2227
[Eval] Epoch:   8, Total:   9842, Accuracy : 0.8984, Loss: 0.4750
[Train] Epoch:   9, Total: 109873, Accuracy : 0.9582, Loss: 0.1122
[Eval] Epoch:   9, Total:   9842, Accuracy : 0.8987, Loss: 0.4809
[Train] Epoch:  10, Total: 109873, Accuracy : 0.9466, Loss: 0.1868
[Eval] Epoch:  10, Total:   9842, Accuracy : 0.8933, Loss: 0.4456
[Train] Epoch:  11, Total: 109873, Accuracy : 0.9513, Loss: 0.1082
[Eval] Epoch:  11, Total:   9842, Accuracy : 0.8984, Loss: 0.3916
[Train] Epoch:  12, Total: 109873, Accuracy : 0.9579, Loss: 0.0714
[Eval] Epoch:  12, Total:   9842, Accuracy : 0.8966, Loss: 0.5195
[Train] Epoch:  13, Total: 109873, Accuracy : 0.9639, Loss: 0.1351
[Eval] Epoch:  13, Total:   9842, Accuracy : 0.8926, Loss: 0.5459
[Train] Epoch:  14, Total: 109873, Accuracy : 0.9702, Loss: 0.0706
[Eval] Epoch:  14, Total:   9842, Accuracy : 0.8961, Loss: 0.6083
[Train] Epoch:  15, Total: 109873, Accuracy : 0.9747, Loss: 0.1170
[Eval] Epoch:  15, Total:   9842, Accuracy : 0.8938, Loss: 0.5835
[Train] Epoch:  16, Total: 109873, Accuracy : 0.9779, Loss: 0.0136
[Eval] Epoch:  16, Total:   9842, Accuracy : 0.8949, Loss: 0.6877
[Train] Epoch:  17, Total: 109873, Accuracy : 0.9815, Loss: 0.0394
[Eval] Epoch:  17, Total:   9842, Accuracy : 0.8949, Loss: 0.7123
[Train] Epoch:  18, Total: 109873, Accuracy : 0.9826, Loss: 0.0562
[Eval] Epoch:  18, Total:   9842, Accuracy : 0.8949, Loss: 0.7260
[Train] Epoch:  19, Total: 109873, Accuracy : 0.9835, Loss: 0.0316
[Eval] Epoch:  19, Total:   9842, Accuracy : 0.8947, Loss: 0.7271
{"epoch":[1,2,3,4,5,6,7,8,9,10,11,12,13,14,15,16,17,18,19,20],"train_loss":[0.5162338122378948,0.32789826833231506,0.2706154708945474,0.23161070759213248,0.19953889087882154,0.1717655488917994,0.15177640377782112,0.1373395767149537,0.12834654383707877,0.1234855865149997,0.15440374330379242,0.14229023228724336,0.12334186722372853,0.10738389210472274,0.09013818477302096,0.07680087509283492,0.06624595867686493,0.057985052184829876,0.05322282019959286,0.05073942605102825],"eval_loss":[0.3120773686812474,0.3033403356870015,0.2926221963686821,0.29822551325345653,0.3136196270202979,0.3493304982399329,0.34135975058262163,0.3592904867270054,0.3706754973301521,0.3738042849760789,0.3687066168357164,0.36425486436256993,0.39312494565279055,0.40883379257642305,0.44122136479769,0.452987470687964,0.48899009136053234,0.5099965914701804,0.5139810389433151,0.515419045319924],"train_acc":[0.7834408817452877,0.8803436695093426,0.9024601130396003,0.9173591328169796,0.93000100115588,0.9403220081366669,0.9480946183320743,0.9534189473300992,0.956495226306736,0.958242698388139,0.9466474930146623,0.9513347228163425,0.9579241487899666,0.9639128812356084,0.970211061862332,0.97472536473929,0.9778835564697423,0.9814877176376362,0.9825980905226944,0.983544637900121],"eval_acc":[0.884881121723227,0.8915870757976021,0.8944320260109734,0.89900426742532,0.9004267425320057,0.8969721601300549,0.8978866084129242,0.8993090835196098,0.8983946352367405,0.8986994513310302,0.8933143669985776,0.8983946352367405,0.8965657386710019,0.8926031294452347,0.8960577118471855,0.8938223938223938,0.8949400528347897,0.8949400528347897,0.8949400528347897,0.8947368421052632]}
[Eval] Epoch:  11, Total:   9824, Accuracy : 0.8874, Loss: 0.6637
9824 8718 21.086402863264084
