pruned_3_0.2_model_0
DatasetDict({
    test: Dataset({
        features: ['premise', 'hypothesis', 'label', 'indexes'],
        num_rows: 9824
    })
    train: Dataset({
        features: ['premise', 'hypothesis', 'label', 'indexes'],
        num_rows: 109873
    })
    validation: Dataset({
        features: ['premise', 'hypothesis', 'label', 'indexes'],
        num_rows: 9842
    })
})
[Train] Epoch:   0, Total: 109873, Accuracy : 0.7680, Loss: 0.4376
[Eval] Epoch:   0, Total:   9842, Accuracy : 0.8872, Loss: 0.3203
[Train] Epoch:   1, Total: 109873, Accuracy : 0.8703, Loss: 0.5789
[Eval] Epoch:   1, Total:   9842, Accuracy : 0.8930, Loss: 0.2967
[Train] Epoch:   2, Total: 109873, Accuracy : 0.8930, Loss: 0.3018
[Eval] Epoch:   2, Total:   9842, Accuracy : 0.8975, Loss: 0.2561
[Train] Epoch:   3, Total: 109873, Accuracy : 0.9099, Loss: 0.2757
[Eval] Epoch:   3, Total:   9842, Accuracy : 0.9003, Loss: 0.2571
[Train] Epoch:   4, Total: 109873, Accuracy : 0.9252, Loss: 0.0998
[Eval] Epoch:   4, Total:   9842, Accuracy : 0.9022, Loss: 0.2556
[Train] Epoch:   5, Total: 109873, Accuracy : 0.9357, Loss: 0.2527
[Eval] Epoch:   5, Total:   9842, Accuracy : 0.9020, Loss: 0.2710
[Train] Epoch:   6, Total: 109873, Accuracy : 0.9444, Loss: 0.1839
[Eval] Epoch:   6, Total:   9842, Accuracy : 0.8993, Loss: 0.2669
[Train] Epoch:   7, Total: 109873, Accuracy : 0.9506, Loss: 0.1010
[Eval] Epoch:   7, Total:   9842, Accuracy : 0.9007, Loss: 0.2747
[Train] Epoch:   8, Total: 109873, Accuracy : 0.9530, Loss: 0.1527
[Eval] Epoch:   8, Total:   9842, Accuracy : 0.9002, Loss: 0.2812
[Train] Epoch:   9, Total: 109873, Accuracy : 0.9552, Loss: 0.0984
[Eval] Epoch:   9, Total:   9842, Accuracy : 0.9002, Loss: 0.2795
[Train] Epoch:  10, Total: 109873, Accuracy : 0.9432, Loss: 0.1569
[Eval] Epoch:  10, Total:   9842, Accuracy : 0.9005, Loss: 0.2983
[Train] Epoch:  11, Total: 109873, Accuracy : 0.9469, Loss: 0.1097
[Eval] Epoch:  11, Total:   9842, Accuracy : 0.8997, Loss: 0.3163
[Train] Epoch:  12, Total: 109873, Accuracy : 0.9551, Loss: 0.0847
[Eval] Epoch:  12, Total:   9842, Accuracy : 0.8942, Loss: 0.3214
[Train] Epoch:  13, Total: 109873, Accuracy : 0.9627, Loss: 0.1396
[Eval] Epoch:  13, Total:   9842, Accuracy : 0.8979, Loss: 0.3448
[Train] Epoch:  14, Total: 109873, Accuracy : 0.9682, Loss: 0.1429
[Eval] Epoch:  14, Total:   9842, Accuracy : 0.8992, Loss: 0.3579
[Train] Epoch:  15, Total: 109873, Accuracy : 0.9732, Loss: 0.1049
[Eval] Epoch:  15, Total:   9842, Accuracy : 0.8980, Loss: 0.3861
[Train] Epoch:  16, Total: 109873, Accuracy : 0.9774, Loss: 0.1443
[Eval] Epoch:  16, Total:   9842, Accuracy : 0.8966, Loss: 0.4045
[Train] Epoch:  17, Total: 109873, Accuracy : 0.9808, Loss: 0.2340
[Eval] Epoch:  17, Total:   9842, Accuracy : 0.8980, Loss: 0.4026
[Train] Epoch:  18, Total: 109873, Accuracy : 0.9823, Loss: 0.0445
[Eval] Epoch:  18, Total:   9842, Accuracy : 0.8979, Loss: 0.4261
[Train] Epoch:  19, Total: 109873, Accuracy : 0.9830, Loss: 0.0698
[Eval] Epoch:  19, Total:   9842, Accuracy : 0.8978, Loss: 0.4271
{"epoch":[1,2,3,4,5,6,7,8,9,10,11,12,13,14,15,16,17,18,19,20],"train_loss":[0.5430006252471791,0.3527305374658385,0.2962043622898501,0.2515350973536802,0.2139934254420358,0.18682366205855858,0.16427786367577177,0.14771741292504378,0.13978445644295492,0.13474132287814172,0.1650098962492721,0.15227850571621296,0.13077877819711387,0.11072574129631353,0.09486917896672736,0.07904199393855971,0.06802500809088002,0.05808231842509189,0.053246108364573747,0.05100326198478078],"eval_loss":[0.3099281696172861,0.29299484460781783,0.28808419979535616,0.2950081660961493,0.3044143322950754,0.3146559924651415,0.3409352038915341,0.34877121104643893,0.35216567187737197,0.3553460404658929,0.34514694145092595,0.3495995994561758,0.377828910946846,0.40492973648584807,0.4243121712635725,0.43976590801508,0.46672189770600736,0.4848269476340367,0.4983058946254926,0.4997664132179358],"train_acc":[0.7679866755253792,0.8702501979558217,0.8929946392653336,0.9099323764710165,0.9252227571832934,0.9356984882546212,0.9444449500787273,0.9506430151174537,0.9530093835610205,0.9552210279140462,0.9431525488518563,0.9469296369444723,0.9551209123260491,0.9627023927625531,0.9681905472682096,0.973150819582609,0.9774466884493915,0.9808415170242006,0.9823432508441564,0.98296214720632],"eval_acc":[0.8872180451127819,0.8930095509042878,0.8974801869538712,0.9003251371672424,0.9021540337329811,0.9019508230034545,0.8993090835196098,0.9007315586262955,0.9002235318024792,0.9002235318024792,0.9005283478967689,0.8997155049786629,0.8942288152814468,0.8978866084129242,0.8992074781548466,0.8979882137776874,0.8965657386710019,0.8979882137776874,0.8978866084129242,0.8977850030481609]}
[Eval] Epoch:  11, Total:   9824, Accuracy : 0.8945, Loss: 0.4292
9824 8788 20.453460693359375
