pruned_2_0.4_model_0
DatasetDict({
    test: Dataset({
        features: ['premise', 'hypothesis', 'label', 'indexes'],
        num_rows: 9824
    })
    train: Dataset({
        features: ['premise', 'hypothesis', 'label', 'indexes'],
        num_rows: 219746
    })
    validation: Dataset({
        features: ['premise', 'hypothesis', 'label', 'indexes'],
        num_rows: 9842
    })
})
[Train] Epoch:   0, Total: 219746, Accuracy : 0.8256, Loss: 0.3772
[Eval] Epoch:   0, Total:   9842, Accuracy : 0.8965, Loss: 0.3022
[Train] Epoch:   1, Total: 219746, Accuracy : 0.8908, Loss: 0.1540
[Eval] Epoch:   1, Total:   9842, Accuracy : 0.8998, Loss: 0.2913
[Train] Epoch:   2, Total: 219746, Accuracy : 0.9090, Loss: 0.2894
[Eval] Epoch:   2, Total:   9842, Accuracy : 0.9092, Loss: 0.3269
[Train] Epoch:   3, Total: 219746, Accuracy : 0.9229, Loss: 0.2027
[Eval] Epoch:   3, Total:   9842, Accuracy : 0.9090, Loss: 0.2791
[Train] Epoch:   4, Total: 219746, Accuracy : 0.9340, Loss: 0.1414
[Eval] Epoch:   4, Total:   9842, Accuracy : 0.9054, Loss: 0.3385
[Train] Epoch:   5, Total: 219746, Accuracy : 0.9432, Loss: 0.1941
[Eval] Epoch:   5, Total:   9842, Accuracy : 0.9044, Loss: 0.3912
[Train] Epoch:   6, Total: 219746, Accuracy : 0.9504, Loss: 0.2562
[Eval] Epoch:   6, Total:   9842, Accuracy : 0.9086, Loss: 0.4192
[Train] Epoch:   7, Total: 219746, Accuracy : 0.9553, Loss: 0.0963
[Eval] Epoch:   7, Total:   9842, Accuracy : 0.9057, Loss: 0.4136
[Train] Epoch:   8, Total: 219746, Accuracy : 0.9581, Loss: 0.1659
[Eval] Epoch:   8, Total:   9842, Accuracy : 0.9054, Loss: 0.4428
[Train] Epoch:   9, Total: 219746, Accuracy : 0.9590, Loss: 0.0402
[Eval] Epoch:   9, Total:   9842, Accuracy : 0.9058, Loss: 0.4375
[Train] Epoch:  10, Total: 219746, Accuracy : 0.9476, Loss: 0.1922
[Eval] Epoch:  10, Total:   9842, Accuracy : 0.9078, Loss: 0.3302
[Train] Epoch:  11, Total: 219746, Accuracy : 0.9518, Loss: 0.2234
[Eval] Epoch:  11, Total:   9842, Accuracy : 0.9053, Loss: 0.4008
[Train] Epoch:  12, Total: 219746, Accuracy : 0.9587, Loss: 0.1465
[Eval] Epoch:  12, Total:   9842, Accuracy : 0.9016, Loss: 0.4905
[Train] Epoch:  13, Total: 219746, Accuracy : 0.9649, Loss: 0.0648
[Eval] Epoch:  13, Total:   9842, Accuracy : 0.9052, Loss: 0.5120
[Train] Epoch:  14, Total: 219746, Accuracy : 0.9702, Loss: 0.2460
[Eval] Epoch:  14, Total:   9842, Accuracy : 0.9042, Loss: 0.5822
[Train] Epoch:  15, Total: 219746, Accuracy : 0.9748, Loss: 0.1906
[Eval] Epoch:  15, Total:   9842, Accuracy : 0.9052, Loss: 0.6285
[Train] Epoch:  16, Total: 219746, Accuracy : 0.9785, Loss: 0.1252
[Eval] Epoch:  16, Total:   9842, Accuracy : 0.9047, Loss: 0.5854
[Train] Epoch:  17, Total: 219746, Accuracy : 0.9816, Loss: 0.0930
[Eval] Epoch:  17, Total:   9842, Accuracy : 0.9023, Loss: 0.6681
[Train] Epoch:  18, Total: 219746, Accuracy : 0.9838, Loss: 0.0354
[Eval] Epoch:  18, Total:   9842, Accuracy : 0.9018, Loss: 0.6940
[Train] Epoch:  19, Total: 219746, Accuracy : 0.9841, Loss: 0.1049
[Eval] Epoch:  19, Total:   9842, Accuracy : 0.9021, Loss: 0.7007
{"epoch":[1,2,3,4,5,6,7,8,9,10,11,12,13,14,15,16,17,18,19,20],"train_loss":[0.4346873762998925,0.30132738739356174,0.254300815331922,0.21633384965698432,0.18728926109108854,0.1622752688816457,0.14376751998302822,0.1298706398255542,0.12219312117457806,0.11878599206525593,0.14890213333703448,0.13835206789173818,0.11937362487765074,0.10196709610105463,0.0870470464862753,0.07405377783171824,0.06332774082907802,0.054631845780558304,0.04909467514240041,0.04698637435353677],"eval_loss":[0.2901451366069989,0.2829755254280873,0.27084283721752656,0.2677327654300592,0.2951673005635922,0.3096275214965527,0.32794113762867755,0.33936370259676224,0.35096002351015043,0.3500404999806331,0.2959858095034575,0.3582647022528526,0.3813778811540359,0.39497320965314525,0.42533575800748974,0.44922193655600917,0.4595555548484509,0.48574759180729205,0.5008187622596056,0.5032430742031488],"train_acc":[0.8255576893322291,0.8907693427866719,0.9089994812192258,0.92290189582518,0.9340147260928526,0.9432117080629454,0.9504109289816425,0.9553074913764074,0.9581380320915966,0.9589890145895716,0.9476258953519063,0.9517715908366933,0.9586886678255805,0.9648958342813976,0.970197409736696,0.9748209296187417,0.9784569457464527,0.9815832825170879,0.9838085789957496,0.9840816215084689],"eval_acc":[0.8964641333062385,0.8998171103434262,0.909164803901646,0.9089615931721194,0.9054054054054054,0.9043893517577728,0.9085551717130664,0.9057102214996952,0.9054054054054054,0.9058118268644585,0.9078439341597236,0.9053038000406421,0.9016460069091649,0.9052021946758789,0.9041861410282462,0.9052021946758789,0.9046941678520626,0.9022556390977443,0.9018492176386913,0.9020524283682179]}
[Eval] Epoch:  11, Total:   9824, Accuracy : 0.9009, Loss: 0.6446
9824 8850 19.60635969042778
