pruned_3_0.01_model_0
DatasetDict({
    test: Dataset({
        features: ['premise', 'hypothesis', 'label', 'indexes'],
        num_rows: 9824
    })
    train: Dataset({
        features: ['premise', 'hypothesis', 'label', 'indexes'],
        num_rows: 5493
    })
    validation: Dataset({
        features: ['premise', 'hypothesis', 'label', 'indexes'],
        num_rows: 9842
    })
})
[Train] Epoch:   0, Total:   5493, Accuracy : 0.3286, Loss: 1.1018
[Eval] Epoch:   0, Total:   9842, Accuracy : 0.3382, Loss: 1.1000
[Train] Epoch:   1, Total:   5493, Accuracy : 0.3852, Loss: 1.0629
[Eval] Epoch:   1, Total:   9842, Accuracy : 0.5102, Loss: 1.0455
[Train] Epoch:   2, Total:   5493, Accuracy : 0.6490, Loss: 0.6621
[Eval] Epoch:   2, Total:   9842, Accuracy : 0.7626, Loss: 0.5842
[Train] Epoch:   3, Total:   5493, Accuracy : 0.7723, Loss: 0.6210
[Eval] Epoch:   3, Total:   9842, Accuracy : 0.8125, Loss: 0.5565
[Train] Epoch:   4, Total:   5493, Accuracy : 0.8387, Loss: 0.4232
[Eval] Epoch:   4, Total:   9842, Accuracy : 0.8207, Loss: 0.5464
[Train] Epoch:   5, Total:   5493, Accuracy : 0.8775, Loss: 0.3557
[Eval] Epoch:   5, Total:   9842, Accuracy : 0.8353, Loss: 0.4803
[Train] Epoch:   6, Total:   5493, Accuracy : 0.8935, Loss: 0.3118
[Eval] Epoch:   6, Total:   9842, Accuracy : 0.8422, Loss: 0.5299
[Train] Epoch:   7, Total:   5493, Accuracy : 0.9130, Loss: 0.2681
[Eval] Epoch:   7, Total:   9842, Accuracy : 0.8502, Loss: 0.4783
[Train] Epoch:   8, Total:   5493, Accuracy : 0.9161, Loss: 0.1957
[Eval] Epoch:   8, Total:   9842, Accuracy : 0.8490, Loss: 0.4870
[Train] Epoch:   9, Total:   5493, Accuracy : 0.9283, Loss: 0.2265
[Eval] Epoch:   9, Total:   9842, Accuracy : 0.8490, Loss: 0.4929
[Train] Epoch:  10, Total:   5493, Accuracy : 0.9297, Loss: 0.1370
[Eval] Epoch:  10, Total:   9842, Accuracy : 0.8504, Loss: 0.4980
[Train] Epoch:  11, Total:   5493, Accuracy : 0.9285, Loss: 0.2104
[Eval] Epoch:  11, Total:   9842, Accuracy : 0.8384, Loss: 0.5294
[Train] Epoch:  12, Total:   5493, Accuracy : 0.9365, Loss: 0.1435
[Eval] Epoch:  12, Total:   9842, Accuracy : 0.8481, Loss: 0.4874
[Train] Epoch:  13, Total:   5493, Accuracy : 0.9498, Loss: 0.1652
[Eval] Epoch:  13, Total:   9842, Accuracy : 0.8464, Loss: 0.5137
[Train] Epoch:  14, Total:   5493, Accuracy : 0.9549, Loss: 0.1635
[Eval] Epoch:  14, Total:   9842, Accuracy : 0.8441, Loss: 0.4941
[Train] Epoch:  15, Total:   5493, Accuracy : 0.9614, Loss: 0.0909
[Eval] Epoch:  15, Total:   9842, Accuracy : 0.8493, Loss: 0.5304
[Train] Epoch:  16, Total:   5493, Accuracy : 0.9687, Loss: 0.2006
[Eval] Epoch:  16, Total:   9842, Accuracy : 0.8466, Loss: 0.5519
[Train] Epoch:  17, Total:   5493, Accuracy : 0.9763, Loss: 0.0196
[Eval] Epoch:  17, Total:   9842, Accuracy : 0.8461, Loss: 0.5622
[Train] Epoch:  18, Total:   5493, Accuracy : 0.9745, Loss: 0.0641
[Eval] Epoch:  18, Total:   9842, Accuracy : 0.8483, Loss: 0.5745
[Train] Epoch:  19, Total:   5493, Accuracy : 0.9751, Loss: 0.0957
[Eval] Epoch:  19, Total:   9842, Accuracy : 0.8471, Loss: 0.5758
{"epoch":[1,2,3,4,5,6,7,8,9,10,11,12,13,14,15,16,17,18,19,20],"train_loss":[1.100188060240312,1.0897942022843794,0.8279689631678842,0.5787351293997332,0.4410334364934401,0.35913909565318713,0.3085700259967284,0.2765922207723964,0.2534646967595274,0.22454789484089072,0.22095962004228073,0.22374291176145727,0.19777572493661533,0.16510885073380036,0.14509189467538486,0.12574658712202852,0.11152073300697586,0.0873420402746309,0.08889270184392278,0.08363453502004797],"eval_loss":[1.0993399161558886,1.043811633036687,0.6014800790028695,0.5198046603263953,0.49311920618399596,0.48133087616700393,0.4759849042464525,0.4578879559651399,0.45797976545798474,0.464004241503202,0.46686881474959546,0.5327806747876681,0.5041579581224002,0.5478206964639517,0.5484781142992851,0.5582785117320526,0.570762575436861,0.5761420390544794,0.5786482630631863,0.5814343362282484],"train_acc":[0.3286000364099763,0.3852175496085928,0.6490078281449118,0.7722555980338612,0.8387038048425268,0.8774804296377208,0.8935008192244676,0.9129801565628982,0.916075004551247,0.9282723466229746,0.9297287456763154,0.9284543965046422,0.9364645912980156,0.9497542326597488,0.954851629346441,0.9614054250864736,0.9686874203531768,0.976333515383215,0.9745130165665392,0.975059166211542],"eval_acc":[0.3382442592968909,0.510160536476326,0.7626498679130258,0.8125381020117862,0.8206665311928469,0.8352977037187563,0.842206868522658,0.8502336923389555,0.8490144279617964,0.8490144279617964,0.850436903068482,0.8384474700264174,0.848099979678927,0.8463726884779517,0.84413737045316,0.8493192440560862,0.8465758992074781,0.8460678723836619,0.8483031904084536,0.8470839260312945]}
[Eval] Epoch:  11, Total:   9824, Accuracy : 0.8518, Loss: 0.7362
9824 8368 22.358523905277252
