random_0.5_model_0
DatasetDict({
    test: Dataset({
        features: ['premise', 'hypothesis', 'label', 'indexes'],
        num_rows: 9824
    })
    train: Dataset({
        features: ['premise', 'hypothesis', 'label', 'indexes'],
        num_rows: 274684
    })
    validation: Dataset({
        features: ['premise', 'hypothesis', 'label', 'indexes'],
        num_rows: 9842
    })
})
[Train] Epoch:   0, Total: 274684, Accuracy : 0.8301, Loss: 0.3740
[Eval] Epoch:   0, Total:   9842, Accuracy : 0.9040, Loss: 0.2242
[Train] Epoch:   1, Total: 274684, Accuracy : 0.8888, Loss: 0.2930
[Eval] Epoch:   1, Total:   9842, Accuracy : 0.9047, Loss: 0.2671
[Train] Epoch:   2, Total: 274684, Accuracy : 0.9062, Loss: 0.2113
[Eval] Epoch:   2, Total:   9842, Accuracy : 0.9118, Loss: 0.2348
[Train] Epoch:   3, Total: 274684, Accuracy : 0.9211, Loss: 0.1988
[Eval] Epoch:   3, Total:   9842, Accuracy : 0.9102, Loss: 0.2631
[Train] Epoch:   4, Total: 274684, Accuracy : 0.9322, Loss: 0.1753
[Eval] Epoch:   4, Total:   9842, Accuracy : 0.9099, Loss: 0.2562
[Train] Epoch:   5, Total: 274684, Accuracy : 0.9414, Loss: 0.1979
[Eval] Epoch:   5, Total:   9842, Accuracy : 0.9107, Loss: 0.2528
[Train] Epoch:   6, Total: 274684, Accuracy : 0.9485, Loss: 0.2305
[Eval] Epoch:   6, Total:   9842, Accuracy : 0.9111, Loss: 0.2982
[Train] Epoch:   7, Total: 274684, Accuracy : 0.9532, Loss: 0.1650
[Eval] Epoch:   7, Total:   9842, Accuracy : 0.9090, Loss: 0.3063
[Train] Epoch:   8, Total: 274684, Accuracy : 0.9567, Loss: 0.1210
[Eval] Epoch:   8, Total:   9842, Accuracy : 0.9093, Loss: 0.3055
[Train] Epoch:   9, Total: 274684, Accuracy : 0.9580, Loss: 0.0861
[Eval] Epoch:   9, Total:   9842, Accuracy : 0.9089, Loss: 0.3010
[Train] Epoch:  10, Total: 274684, Accuracy : 0.9451, Loss: 0.1695
[Eval] Epoch:  10, Total:   9842, Accuracy : 0.9069, Loss: 0.3281
[Train] Epoch:  11, Total: 274684, Accuracy : 0.9500, Loss: 0.0909
[Eval] Epoch:  11, Total:   9842, Accuracy : 0.9088, Loss: 0.2524
[Train] Epoch:  12, Total: 274684, Accuracy : 0.9572, Loss: 0.1185
[Eval] Epoch:  12, Total:   9842, Accuracy : 0.9049, Loss: 0.3499
[Train] Epoch:  13, Total: 274684, Accuracy : 0.9629, Loss: 0.1104
[Eval] Epoch:  13, Total:   9842, Accuracy : 0.9059, Loss: 0.4081
[Train] Epoch:  14, Total: 274684, Accuracy : 0.9685, Loss: 0.0910
[Eval] Epoch:  14, Total:   9842, Accuracy : 0.9051, Loss: 0.3931
[Train] Epoch:  15, Total: 274684, Accuracy : 0.9737, Loss: 0.0262
[Eval] Epoch:  15, Total:   9842, Accuracy : 0.9068, Loss: 0.4484
[Train] Epoch:  16, Total: 274684, Accuracy : 0.9776, Loss: 0.0374
[Eval] Epoch:  16, Total:   9842, Accuracy : 0.9045, Loss: 0.4370
[Train] Epoch:  17, Total: 274684, Accuracy : 0.9804, Loss: 0.0171
[Eval] Epoch:  17, Total:   9842, Accuracy : 0.9045, Loss: 0.4963
[Train] Epoch:  18, Total: 274684, Accuracy : 0.9825, Loss: 0.1101
[Eval] Epoch:  18, Total:   9842, Accuracy : 0.9047, Loss: 0.5235
[Train] Epoch:  19, Total: 274684, Accuracy : 0.9833, Loss: 0.1104
[Eval] Epoch:  19, Total:   9842, Accuracy : 0.9050, Loss: 0.5223
{"epoch":[1,2,3,4,5,6,7,8,9,10,11,12,13,14,15,16,17,18,19,20],"train_loss":[0.427463468806497,0.3045981603033167,0.2591536796104097,0.2217256451391885,0.19226021618900851,0.16682198650628077,0.1485150447679477,0.1352681979252319,0.1265747872600462,0.12365967497396224,0.15668630878070416,0.1436473851240581,0.12449103463979269,0.1081169740976514,0.09256501515627685,0.07830020604448572,0.0671246584924936,0.05921019402481025,0.05306147649113474,0.05061881319955616],"eval_loss":[0.26702500383059186,0.26258377539805877,0.2604706558661583,0.27731231771982634,0.28086762321300995,0.3060216976281924,0.3215180073793118,0.3306911541865422,0.34109155184183365,0.34126805724241793,0.3102304022281598,0.33024075550910753,0.3634863106104044,0.36402336336099184,0.39680529710574025,0.426795156338276,0.45424594863867146,0.4690338625357701,0.48982152342796326,0.48896597287593746],"train_acc":[0.8301211574026882,0.8888140554236869,0.9062267915131569,0.921054739264027,0.9321656885730513,0.9414199589346304,0.9485445093270813,0.9532408149000305,0.956706615601928,0.9579917286773165,0.9450532247964935,0.9499606820928777,0.9572017299879134,0.9629319508963027,0.9685019877386378,0.9737225320732187,0.9775669496585166,0.9804102168309767,0.9825253746122817,0.9833226543955964],"eval_acc":[0.9039829302987198,0.9046941678520626,0.9118065433854907,0.9101808575492786,0.9098760414549888,0.9106888843730949,0.9110953058321479,0.9089615931721194,0.9092664092664092,0.9088599878073562,0.9069294858768543,0.908758382442593,0.9048973785815891,0.9059134322292217,0.9051005893111156,0.9068278805120911,0.904490957122536,0.904490957122536,0.9046941678520626,0.9049989839463524]}
[Eval] Epoch:  11, Total:   9824, Accuracy : 0.8981, Loss: 0.5378
9824 8823 19.190321296453476
