pruned_2_0.03_model_0
DatasetDict({
    test: Dataset({
        features: ['premise', 'hypothesis', 'label', 'indexes'],
        num_rows: 9824
    })
    train: Dataset({
        features: ['premise', 'hypothesis', 'label', 'indexes'],
        num_rows: 16481
    })
    validation: Dataset({
        features: ['premise', 'hypothesis', 'label', 'indexes'],
        num_rows: 9842
    })
})
[Train] Epoch:   0, Total:  16481, Accuracy : 0.4576, Loss: 0.8791
[Eval] Epoch:   0, Total:   9842, Accuracy : 0.5688, Loss: 0.9346
[Train] Epoch:   1, Total:  16481, Accuracy : 0.7501, Loss: 0.5542
[Eval] Epoch:   1, Total:   9842, Accuracy : 0.8378, Loss: 0.4991
[Train] Epoch:   2, Total:  16481, Accuracy : 0.8444, Loss: 0.3741
[Eval] Epoch:   2, Total:   9842, Accuracy : 0.8524, Loss: 0.4557
[Train] Epoch:   3, Total:  16481, Accuracy : 0.8740, Loss: 0.2374
[Eval] Epoch:   3, Total:   9842, Accuracy : 0.8563, Loss: 0.5018
[Train] Epoch:   4, Total:  16481, Accuracy : 0.8965, Loss: 0.2296
[Eval] Epoch:   4, Total:   9842, Accuracy : 0.8607, Loss: 0.4727
[Train] Epoch:   5, Total:  16481, Accuracy : 0.9144, Loss: 0.2439
[Eval] Epoch:   5, Total:   9842, Accuracy : 0.8673, Loss: 0.4763
[Train] Epoch:   6, Total:  16481, Accuracy : 0.9267, Loss: 0.2710
[Eval] Epoch:   6, Total:   9842, Accuracy : 0.8701, Loss: 0.5011
[Train] Epoch:   7, Total:  16481, Accuracy : 0.9320, Loss: 0.2322
[Eval] Epoch:   7, Total:   9842, Accuracy : 0.8665, Loss: 0.5239
[Train] Epoch:   8, Total:  16481, Accuracy : 0.9372, Loss: 0.1851
[Eval] Epoch:   8, Total:   9842, Accuracy : 0.8679, Loss: 0.5323
[Train] Epoch:   9, Total:  16481, Accuracy : 0.9413, Loss: 0.2197
[Eval] Epoch:   9, Total:   9842, Accuracy : 0.8682, Loss: 0.5300
[Train] Epoch:  10, Total:  16481, Accuracy : 0.9345, Loss: 0.2477
[Eval] Epoch:  10, Total:   9842, Accuracy : 0.8564, Loss: 0.5919
[Train] Epoch:  11, Total:  16481, Accuracy : 0.9340, Loss: 0.2277
[Eval] Epoch:  11, Total:   9842, Accuracy : 0.8624, Loss: 0.5021
[Train] Epoch:  12, Total:  16481, Accuracy : 0.9450, Loss: 0.1900
[Eval] Epoch:  12, Total:   9842, Accuracy : 0.8629, Loss: 0.6112
[Train] Epoch:  13, Total:  16481, Accuracy : 0.9566, Loss: 0.0984
[Eval] Epoch:  13, Total:   9842, Accuracy : 0.8654, Loss: 0.6382
[Train] Epoch:  14, Total:  16481, Accuracy : 0.9618, Loss: 0.1647
[Eval] Epoch:  14, Total:   9842, Accuracy : 0.8678, Loss: 0.6043
[Train] Epoch:  15, Total:  16481, Accuracy : 0.9670, Loss: 0.1372
[Eval] Epoch:  15, Total:   9842, Accuracy : 0.8633, Loss: 0.6128
[Train] Epoch:  16, Total:  16481, Accuracy : 0.9731, Loss: 0.0741
[Eval] Epoch:  16, Total:   9842, Accuracy : 0.8632, Loss: 0.6916
[Train] Epoch:  17, Total:  16481, Accuracy : 0.9759, Loss: 0.0496
[Eval] Epoch:  17, Total:   9842, Accuracy : 0.8623, Loss: 0.6848
[Train] Epoch:  18, Total:  16481, Accuracy : 0.9783, Loss: 0.0218
[Eval] Epoch:  18, Total:   9842, Accuracy : 0.8632, Loss: 0.6886
[Train] Epoch:  19, Total:  16481, Accuracy : 0.9797, Loss: 0.0349
[Eval] Epoch:  19, Total:   9842, Accuracy : 0.8641, Loss: 0.6918
{"epoch":[1,2,3,4,5,6,7,8,9,10,11,12,13,14,15,16,17,18,19,20],"train_loss":[1.0323792246671823,0.6135530274647932,0.4250277294562413,0.35126690589464626,0.2957862512423442,0.25124605573140657,0.22181172302136054,0.20673284484789922,0.19095369623257563,0.1854929587015739,0.20387538419320034,0.19864514401325814,0.16797177023612536,0.13965690456903898,0.12340940838822952,0.10981305723006908,0.09438780976029543,0.08631275820617493,0.07738798515727886,0.07130205370485783],"eval_loss":[0.9091272766773517,0.4543467775369302,0.4170988079829094,0.4201353406294798,0.4235248794922462,0.4133681868895506,0.43621678994252133,0.4519199621983064,0.4516716339649298,0.45160470482630605,0.49561047630432326,0.4730251790621342,0.5068378341503632,0.5215362149935502,0.5255009906414227,0.5461169420144497,0.5860317059052296,0.5917135958488171,0.5961199471583734,0.5966485952719663],"train_acc":[0.4576178629937504,0.7500758449123233,0.8444269158424853,0.8739760936836357,0.8964868636611856,0.91438626296948,0.9267034767307809,0.9319822826284813,0.937200412596323,0.9412656998968509,0.9345306716825436,0.9339845883138159,0.9449669316182271,0.9565560342212245,0.9617741641890662,0.9669922941569079,0.9730598871427705,0.9758509799162672,0.9782780171106122,0.9797342394272193],"eval_acc":[0.5687868319447267,0.8378378378378378,0.852367404998984,0.8563300142247511,0.8606990449095713,0.8673033936191831,0.8701483438325543,0.8664905507010771,0.8679130258077626,0.8682178419020524,0.8564316195895143,0.8624263361105466,0.862934362934363,0.8653728916886811,0.8678114204429994,0.863340784393416,0.8632391790286527,0.8623247307457834,0.8632391790286527,0.8640520219467588]}
[Eval] Epoch:  11, Total:   9824, Accuracy : 0.8659, Loss: 0.6408
9824 8507 22.562718749046326
