pruned_3_0.4_model_0
DatasetDict({
    test: Dataset({
        features: ['premise', 'hypothesis', 'label', 'indexes'],
        num_rows: 9824
    })
    train: Dataset({
        features: ['premise', 'hypothesis', 'label', 'indexes'],
        num_rows: 219746
    })
    validation: Dataset({
        features: ['premise', 'hypothesis', 'label', 'indexes'],
        num_rows: 9842
    })
})
[Train] Epoch:   0, Total: 219746, Accuracy : 0.8173, Loss: 0.3388
[Eval] Epoch:   0, Total:   9842, Accuracy : 0.8986, Loss: 0.3207
[Train] Epoch:   1, Total: 219746, Accuracy : 0.8819, Loss: 0.3263
[Eval] Epoch:   1, Total:   9842, Accuracy : 0.8998, Loss: 0.2282
[Train] Epoch:   2, Total: 219746, Accuracy : 0.9014, Loss: 0.2703
[Eval] Epoch:   2, Total:   9842, Accuracy : 0.9057, Loss: 0.2488
[Train] Epoch:   3, Total: 219746, Accuracy : 0.9166, Loss: 0.1412
[Eval] Epoch:   3, Total:   9842, Accuracy : 0.9070, Loss: 0.2751
[Train] Epoch:   4, Total: 219746, Accuracy : 0.9291, Loss: 0.1348
[Eval] Epoch:   4, Total:   9842, Accuracy : 0.9057, Loss: 0.2804
[Train] Epoch:   5, Total: 219746, Accuracy : 0.9390, Loss: 0.2256
[Eval] Epoch:   5, Total:   9842, Accuracy : 0.9068, Loss: 0.2872
[Train] Epoch:   6, Total: 219746, Accuracy : 0.9472, Loss: 0.1673
[Eval] Epoch:   6, Total:   9842, Accuracy : 0.9065, Loss: 0.2971
[Train] Epoch:   7, Total: 219746, Accuracy : 0.9520, Loss: 0.1188
[Eval] Epoch:   7, Total:   9842, Accuracy : 0.9057, Loss: 0.3071
[Train] Epoch:   8, Total: 219746, Accuracy : 0.9546, Loss: 0.1030
[Eval] Epoch:   8, Total:   9842, Accuracy : 0.9049, Loss: 0.3178
[Train] Epoch:   9, Total: 219746, Accuracy : 0.9559, Loss: 0.0973
[Eval] Epoch:   9, Total:   9842, Accuracy : 0.9056, Loss: 0.3218
[Train] Epoch:  10, Total: 219746, Accuracy : 0.9434, Loss: 0.1700
[Eval] Epoch:  10, Total:   9842, Accuracy : 0.9034, Loss: 0.3454
[Train] Epoch:  11, Total: 219746, Accuracy : 0.9489, Loss: 0.1334
[Eval] Epoch:  11, Total:   9842, Accuracy : 0.9039, Loss: 0.4778
[Train] Epoch:  12, Total: 219746, Accuracy : 0.9561, Loss: 0.1302
[Eval] Epoch:  12, Total:   9842, Accuracy : 0.9035, Loss: 0.3869
[Train] Epoch:  13, Total: 219746, Accuracy : 0.9628, Loss: 0.0889
[Eval] Epoch:  13, Total:   9842, Accuracy : 0.9014, Loss: 0.4054
[Train] Epoch:  14, Total: 219746, Accuracy : 0.9689, Loss: 0.0686
[Eval] Epoch:  14, Total:   9842, Accuracy : 0.9031, Loss: 0.4578
[Train] Epoch:  15, Total: 219746, Accuracy : 0.9737, Loss: 0.0299
[Eval] Epoch:  15, Total:   9842, Accuracy : 0.9009, Loss: 0.5089
[Train] Epoch:  16, Total: 219746, Accuracy : 0.9775, Loss: 0.0718
[Eval] Epoch:  16, Total:   9842, Accuracy : 0.9027, Loss: 0.5408
[Train] Epoch:  17, Total: 219746, Accuracy : 0.9807, Loss: 0.0708
[Eval] Epoch:  17, Total:   9842, Accuracy : 0.9039, Loss: 0.5441
[Train] Epoch:  18, Total: 219746, Accuracy : 0.9822, Loss: 0.0620
[Eval] Epoch:  18, Total:   9842, Accuracy : 0.9029, Loss: 0.5575
[Train] Epoch:  19, Total: 219746, Accuracy : 0.9836, Loss: 0.0325
[Eval] Epoch:  19, Total:   9842, Accuracy : 0.9026, Loss: 0.5586
{"epoch":[1,2,3,4,5,6,7,8,9,10,11,12,13,14,15,16,17,18,19,20],"train_loss":[0.4545888390925488,0.32029416806761685,0.2714509253451932,0.23260320432492823,0.19949146083472633,0.17486372785219909,0.15294384677938866,0.14009618635123489,0.13174868751928748,0.12823086873789744,0.16075988009797543,0.14645518726811282,0.12739331745764845,0.10929835854451649,0.09256596933091894,0.07811234099085727,0.06742535386347279,0.0581965992385489,0.0534922535996342,0.050188805549638615],"eval_loss":[0.2898207967862105,0.28449388230458283,0.26688737785204864,0.28177569042413664,0.29624492159256566,0.3177268214714833,0.3321054360041252,0.3504357731495148,0.3543474162236238,0.3540622060879683,0.324026345824584,0.3694859743118286,0.36071316936077213,0.3794458707173665,0.4105806602881505,0.4460129890686426,0.47564546572856414,0.48903157160832333,0.5098944566188715,0.5118647508132153],"train_acc":[0.8172526462370191,0.8819273160831141,0.9014088993656312,0.9166492222839097,0.9291090622809971,0.9390387083268865,0.9471571723717382,0.9520491840579578,0.9545975808433373,0.9559218370300255,0.9434073885303942,0.9489182965787774,0.9560629089949305,0.9628480154360034,0.9688868056756437,0.973746962402046,0.9774967462433901,0.9806503872652972,0.9821657732108889,0.9836311013624821],"eval_acc":[0.898597845966267,0.8998171103434262,0.9057102214996952,0.9070310912416175,0.9057102214996952,0.9068278805120911,0.9065230644178013,0.9057102214996952,0.9048973785815891,0.9056086161349319,0.9033732981101402,0.9038813249339566,0.9034749034749034,0.9014427961796383,0.9030684820158504,0.900934769355822,0.9026620605567974,0.9038813249339566,0.9028652712863239,0.9025604551920341]}
[Eval] Epoch:  11, Total:   9824, Accuracy : 0.9040, Loss: 0.4968
9824 8881 19.228742241859436
