pruned_3_0.05_model_0
DatasetDict({
    test: Dataset({
        features: ['premise', 'hypothesis', 'label', 'indexes'],
        num_rows: 9824
    })
    train: Dataset({
        features: ['premise', 'hypothesis', 'label', 'indexes'],
        num_rows: 27468
    })
    validation: Dataset({
        features: ['premise', 'hypothesis', 'label', 'indexes'],
        num_rows: 9842
    })
})
[Train] Epoch:   0, Total:  27468, Accuracy : 0.5917, Loss: 0.6501
[Eval] Epoch:   0, Total:   9842, Accuracy : 0.8319, Loss: 0.5227
[Train] Epoch:   1, Total:  27468, Accuracy : 0.8285, Loss: 0.5204
[Eval] Epoch:   1, Total:   9842, Accuracy : 0.8673, Loss: 0.3956
[Train] Epoch:   2, Total:  27468, Accuracy : 0.8667, Loss: 0.4316
[Eval] Epoch:   2, Total:   9842, Accuracy : 0.8730, Loss: 0.4051
[Train] Epoch:   3, Total:  27468, Accuracy : 0.8927, Loss: 0.3068
[Eval] Epoch:   3, Total:   9842, Accuracy : 0.8783, Loss: 0.3777
[Train] Epoch:   4, Total:  27468, Accuracy : 0.9092, Loss: 0.2742
[Eval] Epoch:   4, Total:   9842, Accuracy : 0.8778, Loss: 0.3714
[Train] Epoch:   5, Total:  27468, Accuracy : 0.9241, Loss: 0.2297
[Eval] Epoch:   5, Total:   9842, Accuracy : 0.8782, Loss: 0.3741
[Train] Epoch:   6, Total:  27468, Accuracy : 0.9357, Loss: 0.1526
[Eval] Epoch:   6, Total:   9842, Accuracy : 0.8770, Loss: 0.3786
[Train] Epoch:   7, Total:  27468, Accuracy : 0.9427, Loss: 0.2024
[Eval] Epoch:   7, Total:   9842, Accuracy : 0.8807, Loss: 0.3820
[Train] Epoch:   8, Total:  27468, Accuracy : 0.9489, Loss: 0.2006
[Eval] Epoch:   8, Total:   9842, Accuracy : 0.8810, Loss: 0.4036
[Train] Epoch:   9, Total:  27468, Accuracy : 0.9501, Loss: 0.1008
[Eval] Epoch:   9, Total:   9842, Accuracy : 0.8811, Loss: 0.4051
[Train] Epoch:  10, Total:  27468, Accuracy : 0.9401, Loss: 0.1822
[Eval] Epoch:  10, Total:   9842, Accuracy : 0.8598, Loss: 0.5181
[Train] Epoch:  11, Total:  27468, Accuracy : 0.9424, Loss: 0.1946
[Eval] Epoch:  11, Total:   9842, Accuracy : 0.8775, Loss: 0.3688
[Train] Epoch:  12, Total:  27468, Accuracy : 0.9524, Loss: 0.1988
[Eval] Epoch:  12, Total:   9842, Accuracy : 0.8813, Loss: 0.4437
[Train] Epoch:  13, Total:  27468, Accuracy : 0.9610, Loss: 0.2039
[Eval] Epoch:  13, Total:   9842, Accuracy : 0.8787, Loss: 0.4706
[Train] Epoch:  14, Total:  27468, Accuracy : 0.9675, Loss: 0.1115
[Eval] Epoch:  14, Total:   9842, Accuracy : 0.8799, Loss: 0.4629
[Train] Epoch:  15, Total:  27468, Accuracy : 0.9746, Loss: 0.0971
[Eval] Epoch:  15, Total:   9842, Accuracy : 0.8798, Loss: 0.5199
[Train] Epoch:  16, Total:  27468, Accuracy : 0.9769, Loss: 0.0626
[Eval] Epoch:  16, Total:   9842, Accuracy : 0.8804, Loss: 0.5150
[Train] Epoch:  17, Total:  27468, Accuracy : 0.9807, Loss: 0.0175
[Eval] Epoch:  17, Total:   9842, Accuracy : 0.8796, Loss: 0.5273
[Train] Epoch:  18, Total:  27468, Accuracy : 0.9823, Loss: 0.0800
[Eval] Epoch:  18, Total:   9842, Accuracy : 0.8800, Loss: 0.5218
[Train] Epoch:  19, Total:  27468, Accuracy : 0.9835, Loss: 0.0288
[Eval] Epoch:  19, Total:   9842, Accuracy : 0.8800, Loss: 0.5223
{"epoch":[1,2,3,4,5,6,7,8,9,10,11,12,13,14,15,16,17,18,19,20],"train_loss":[0.8298981504307853,0.45327568771662535,0.3657747589879566,0.3027305506445743,0.2578581876500889,0.21858212158635812,0.19157951780491406,0.17358974795098658,0.1578364866199317,0.15193202084413282,0.17724998833404648,0.16988526146720956,0.14451145215166938,0.11984748693390025,0.10316723081524726,0.08276891534182208,0.07338415686455038,0.061516476036221894,0.0581741971998579,0.05379980678359667],"eval_loss":[0.4590163154479785,0.36657477877078914,0.37562745351057786,0.3691182396350763,0.37751225897899043,0.3819235456295503,0.40184065546744907,0.42093745790995085,0.43282961004819626,0.43398990692236483,0.47715881161200696,0.42318927477567625,0.46757462467902744,0.5004388766411023,0.5131761240653503,0.5321176617573469,0.544562911375975,0.5655136360571935,0.5673621052350754,0.5688296304299281],"train_acc":[0.591743119266055,0.8284549293723605,0.8667176350662589,0.8926751128585991,0.9092398427260813,0.9240570846075433,0.9356705985146352,0.9427333624581331,0.9489223824086209,0.9500509683995922,0.9401485364788117,0.9424421144604631,0.9524173583806611,0.9609727683122179,0.9674894422600845,0.9745522062035824,0.9768821901849425,0.9806684141546527,0.9822702781418378,0.9835080821319353],"eval_acc":[0.8319447266815688,0.8673033936191831,0.8729932940459256,0.8782767730136151,0.8777687461897988,0.8781751676488518,0.8769559032716927,0.8807153017679333,0.8810201178622231,0.8811217232269863,0.8597845966267019,0.877463930095509,0.8813249339565129,0.8786831944726682,0.8799024588498273,0.879800853485064,0.8804104856736436,0.8795976427555375,0.8800040642145905,0.8800040642145905]}
[Eval] Epoch:  11, Total:   9824, Accuracy : 0.8788, Loss: 0.5425
9824 8633 21.58178386092186
