random_0.2_model_0
DatasetDict({
    test: Dataset({
        features: ['premise', 'hypothesis', 'label', 'indexes'],
        num_rows: 9824
    })
    train: Dataset({
        features: ['premise', 'hypothesis', 'label', 'indexes'],
        num_rows: 109873
    })
    validation: Dataset({
        features: ['premise', 'hypothesis', 'label', 'indexes'],
        num_rows: 9842
    })
})
[Train] Epoch:   0, Total: 109873, Accuracy : 0.7800, Loss: 0.4510
[Eval] Epoch:   0, Total:   9842, Accuracy : 0.8806, Loss: 0.3321
[Train] Epoch:   1, Total: 109873, Accuracy : 0.8747, Loss: 0.3991
[Eval] Epoch:   1, Total:   9842, Accuracy : 0.8948, Loss: 0.2975
[Train] Epoch:   2, Total: 109873, Accuracy : 0.8981, Loss: 0.5291
[Eval] Epoch:   2, Total:   9842, Accuracy : 0.8998, Loss: 0.2758
[Train] Epoch:   3, Total: 109873, Accuracy : 0.9137, Loss: 0.2136
[Eval] Epoch:   3, Total:   9842, Accuracy : 0.8994, Loss: 0.2676
[Train] Epoch:   4, Total: 109873, Accuracy : 0.9281, Loss: 0.3063
[Eval] Epoch:   4, Total:   9842, Accuracy : 0.9007, Loss: 0.2979
[Train] Epoch:   5, Total: 109873, Accuracy : 0.9377, Loss: 0.1617
[Eval] Epoch:   5, Total:   9842, Accuracy : 0.9015, Loss: 0.3229
[Train] Epoch:   6, Total: 109873, Accuracy : 0.9452, Loss: 0.1186
[Eval] Epoch:   6, Total:   9842, Accuracy : 0.9020, Loss: 0.3378
[Train] Epoch:   7, Total: 109873, Accuracy : 0.9511, Loss: 0.0952
[Eval] Epoch:   7, Total:   9842, Accuracy : 0.9013, Loss: 0.3267
[Train] Epoch:   8, Total: 109873, Accuracy : 0.9548, Loss: 0.1589
[Eval] Epoch:   8, Total:   9842, Accuracy : 0.9031, Loss: 0.3396
[Train] Epoch:   9, Total: 109873, Accuracy : 0.9563, Loss: 0.2138
[Eval] Epoch:   9, Total:   9842, Accuracy : 0.9026, Loss: 0.3392
[Train] Epoch:  10, Total: 109873, Accuracy : 0.9437, Loss: 0.2956
[Eval] Epoch:  10, Total:   9842, Accuracy : 0.8950, Loss: 0.3718
[Train] Epoch:  11, Total: 109873, Accuracy : 0.9493, Loss: 0.1155
[Eval] Epoch:  11, Total:   9842, Accuracy : 0.8959, Loss: 0.3631
[Train] Epoch:  12, Total: 109873, Accuracy : 0.9567, Loss: 0.1654
[Eval] Epoch:  12, Total:   9842, Accuracy : 0.8983, Loss: 0.3831
[Train] Epoch:  13, Total: 109873, Accuracy : 0.9632, Loss: 0.2026
[Eval] Epoch:  13, Total:   9842, Accuracy : 0.8942, Loss: 0.3454
[Train] Epoch:  14, Total: 109873, Accuracy : 0.9694, Loss: 0.0836
[Eval] Epoch:  14, Total:   9842, Accuracy : 0.8955, Loss: 0.3937
[Train] Epoch:  15, Total: 109873, Accuracy : 0.9743, Loss: 0.0392
[Eval] Epoch:  15, Total:   9842, Accuracy : 0.8942, Loss: 0.4587
[Train] Epoch:  16, Total: 109873, Accuracy : 0.9787, Loss: 0.0276
[Eval] Epoch:  16, Total:   9842, Accuracy : 0.8940, Loss: 0.5581
[Train] Epoch:  17, Total: 109873, Accuracy : 0.9815, Loss: 0.0181
[Eval] Epoch:  17, Total:   9842, Accuracy : 0.8950, Loss: 0.5123
[Train] Epoch:  18, Total: 109873, Accuracy : 0.9835, Loss: 0.0224
[Eval] Epoch:  18, Total:   9842, Accuracy : 0.8953, Loss: 0.5448
[Train] Epoch:  19, Total: 109873, Accuracy : 0.9840, Loss: 0.0115
[Eval] Epoch:  19, Total:   9842, Accuracy : 0.8952, Loss: 0.5448
{"epoch":[1,2,3,4,5,6,7,8,9,10,11,12,13,14,15,16,17,18,19,20],"train_loss":[0.5223356662101524,0.3412657335400581,0.28473229390937227,0.24114659691965856,0.20613944204740747,0.17797344160634418,0.1580446161416381,0.14269932491141696,0.133245808431922,0.12929154798215212,0.1610756861349178,0.1459789327237495,0.12643581304785817,0.1080698827238277,0.0912477680243725,0.07735206972980915,0.06462709562376488,0.05587323917465847,0.05046982105041659,0.04828668119342521],"eval_loss":[0.32465756359772807,0.2965565904592856,0.2867636596545195,0.3038565069437027,0.32275911974601257,0.32306818931530684,0.34327335273608184,0.3594866815285805,0.3656944915270194,0.3675893476376167,0.3502890849724794,0.3899183655396486,0.3925395898329906,0.4089160798451839,0.4164376090734433,0.46973621921661574,0.5073005579985105,0.5185038691911942,0.530307785822795,0.5319152573744456],"train_acc":[0.7799914446679348,0.8747371965815077,0.8981005342531833,0.9137458702319952,0.9281443120693892,0.9377190028487435,0.9452458747827037,0.951143593057439,0.9547568556424235,0.9562585894623793,0.943744140962748,0.949268701136767,0.9566681532314582,0.9632211735367197,0.9694283399925369,0.9742702938847578,0.9786753797566281,0.9814695148034549,0.9835264350659397,0.9839906073375625],"eval_acc":[0.8806136964031701,0.8948384474700264,0.8998171103434262,0.8994106888843731,0.9007315586262955,0.9015444015444015,0.9019508230034545,0.9013411908148751,0.9030684820158504,0.9025604551920341,0.895041658199553,0.895854501117659,0.8982930298719772,0.8942288152814468,0.8955496850233692,0.8942288152814468,0.8940256045519204,0.895041658199553,0.8953464742938427,0.8952448689290795]}
[Eval] Epoch:  11, Total:   9824, Accuracy : 0.8973, Loss: 0.7002
9824 8815 19.77814817428589
