pruned_1_0.25_model_0
DatasetDict({
    test: Dataset({
        features: ['premise', 'hypothesis', 'label', 'indexes'],
        num_rows: 9824
    })
    train: Dataset({
        features: ['premise', 'hypothesis', 'label', 'indexes'],
        num_rows: 137336
    })
    validation: Dataset({
        features: ['premise', 'hypothesis', 'label', 'indexes'],
        num_rows: 9842
    })
})
[Train] Epoch:   0, Total: 137336, Accuracy : 0.7919, Loss: 0.3552
[Eval] Epoch:   0, Total:   9842, Accuracy : 0.8882, Loss: 0.3086
[Train] Epoch:   1, Total: 137336, Accuracy : 0.8785, Loss: 0.4077
[Eval] Epoch:   1, Total:   9842, Accuracy : 0.9017, Loss: 0.2679
[Train] Epoch:   2, Total: 137336, Accuracy : 0.8990, Loss: 0.3622
[Eval] Epoch:   2, Total:   9842, Accuracy : 0.9041, Loss: 0.3112
[Train] Epoch:   3, Total: 137336, Accuracy : 0.9164, Loss: 0.1748
[Eval] Epoch:   3, Total:   9842, Accuracy : 0.9051, Loss: 0.3209
[Train] Epoch:   4, Total: 137336, Accuracy : 0.9282, Loss: 0.1299
[Eval] Epoch:   4, Total:   9842, Accuracy : 0.9062, Loss: 0.3303
[Train] Epoch:   5, Total: 137336, Accuracy : 0.9389, Loss: 0.1549
[Eval] Epoch:   5, Total:   9842, Accuracy : 0.9056, Loss: 0.3672
[Train] Epoch:   6, Total: 137336, Accuracy : 0.9469, Loss: 0.1147
[Eval] Epoch:   6, Total:   9842, Accuracy : 0.9056, Loss: 0.4057
[Train] Epoch:   7, Total: 137336, Accuracy : 0.9527, Loss: 0.2716
[Eval] Epoch:   7, Total:   9842, Accuracy : 0.9051, Loss: 0.4102
[Train] Epoch:   8, Total: 137336, Accuracy : 0.9558, Loss: 0.0968
[Eval] Epoch:   8, Total:   9842, Accuracy : 0.9071, Loss: 0.4236
[Train] Epoch:   9, Total: 137336, Accuracy : 0.9571, Loss: 0.0976
[Eval] Epoch:   9, Total:   9842, Accuracy : 0.9072, Loss: 0.4193
[Train] Epoch:  10, Total: 137336, Accuracy : 0.9454, Loss: 0.1437
[Eval] Epoch:  10, Total:   9842, Accuracy : 0.9036, Loss: 0.3699
[Train] Epoch:  11, Total: 137336, Accuracy : 0.9494, Loss: 0.1482
[Eval] Epoch:  11, Total:   9842, Accuracy : 0.8975, Loss: 0.4638
[Train] Epoch:  12, Total: 137336, Accuracy : 0.9575, Loss: 0.0823
[Eval] Epoch:  12, Total:   9842, Accuracy : 0.9015, Loss: 0.5459
[Train] Epoch:  13, Total: 137336, Accuracy : 0.9631, Loss: 0.1041
[Eval] Epoch:  13, Total:   9842, Accuracy : 0.9009, Loss: 0.5272
[Train] Epoch:  14, Total: 137336, Accuracy : 0.9692, Loss: 0.0221
[Eval] Epoch:  14, Total:   9842, Accuracy : 0.9016, Loss: 0.5735
[Train] Epoch:  15, Total: 137336, Accuracy : 0.9748, Loss: 0.0182
[Eval] Epoch:  15, Total:   9842, Accuracy : 0.9041, Loss: 0.5823
[Train] Epoch:  16, Total: 137336, Accuracy : 0.9783, Loss: 0.0738
[Eval] Epoch:  16, Total:   9842, Accuracy : 0.9031, Loss: 0.6415
[Train] Epoch:  17, Total: 137336, Accuracy : 0.9809, Loss: 0.0726
[Eval] Epoch:  17, Total:   9842, Accuracy : 0.9035, Loss: 0.6774
[Train] Epoch:  18, Total: 137336, Accuracy : 0.9826, Loss: 0.0514
[Eval] Epoch:  18, Total:   9842, Accuracy : 0.9045, Loss: 0.6918
[Train] Epoch:  19, Total: 137336, Accuracy : 0.9832, Loss: 0.0563
[Eval] Epoch:  19, Total:   9842, Accuracy : 0.9045, Loss: 0.6859
{"epoch":[1,2,3,4,5,6,7,8,9,10,11,12,13,14,15,16,17,18,19,20],"train_loss":[0.4982906547782585,0.3307774590824347,0.2774515942266311,0.23452976742825252,0.2032275240681025,0.1750223017132926,0.1553902793918464,0.13951090775999056,0.13154581592208403,0.12624047182541986,0.15715827075573763,0.14601392204590571,0.1254489668879096,0.10923008425802935,0.0912142229653215,0.07681784783689448,0.06551033168254174,0.057360180729941174,0.05281159174723943,0.050553457868706915],"eval_loss":[0.3047136989159462,0.27581437467000425,0.2859923197672917,0.29113500202313447,0.3043118921610025,0.3161609776509114,0.3448719695592538,0.35731197740787113,0.3641909055220775,0.3648834904799095,0.33136016054031175,0.37530563045770693,0.39283564610358995,0.43697874591900754,0.4295564951040806,0.46489326159159344,0.4849772911805373,0.49574610590934753,0.5141029388476641,0.5161035733345227],"train_acc":[0.791882681889672,0.8784732335294461,0.8989704083415856,0.9163948272849071,0.928154307683346,0.9389089532242092,0.9469257878487797,0.9527145103978564,0.9558236733267316,0.9571343274887866,0.9453530028543136,0.9493869051086387,0.9575348051494146,0.9630832411021145,0.9691559387196366,0.9747917516164735,0.9782504223218966,0.9809299819420982,0.9825610182326556,0.9831872196656376],"eval_acc":[0.8882340987604146,0.9017476122739281,0.904084535663483,0.9051005893111156,0.9062182483235115,0.9056086161349319,0.9056086161349319,0.9051005893111156,0.9071326966063809,0.9072343019711441,0.9035765088396668,0.8974801869538712,0.9015444015444015,0.900934769355822,0.9016460069091649,0.904084535663483,0.9030684820158504,0.9034749034749034,0.904490957122536,0.904490957122536]}
[Eval] Epoch:  11, Total:   9824, Accuracy : 0.9003, Loss: 0.8000
9824 8845 20.004872143268585
