pruned_1_0.02_model_0
DatasetDict({
    test: Dataset({
        features: ['premise', 'hypothesis', 'label', 'indexes'],
        num_rows: 9824
    })
    train: Dataset({
        features: ['premise', 'hypothesis', 'label', 'indexes'],
        num_rows: 10973
    })
    validation: Dataset({
        features: ['premise', 'hypothesis', 'label', 'indexes'],
        num_rows: 9842
    })
})
[Train] Epoch:   0, Total:  10973, Accuracy : 0.3598, Loss: 1.0450
[Eval] Epoch:   0, Total:   9842, Accuracy : 0.5660, Loss: 0.9907
[Train] Epoch:   1, Total:  10973, Accuracy : 0.7137, Loss: 0.6272
[Eval] Epoch:   1, Total:   9842, Accuracy : 0.8341, Loss: 0.5163
[Train] Epoch:   2, Total:  10973, Accuracy : 0.8245, Loss: 0.4794
[Eval] Epoch:   2, Total:   9842, Accuracy : 0.8497, Loss: 0.4995
[Train] Epoch:   3, Total:  10973, Accuracy : 0.8661, Loss: 0.3602
[Eval] Epoch:   3, Total:   9842, Accuracy : 0.8590, Loss: 0.4609
[Train] Epoch:   4, Total:  10973, Accuracy : 0.8897, Loss: 0.2849
[Eval] Epoch:   4, Total:   9842, Accuracy : 0.8656, Loss: 0.5230
[Train] Epoch:   5, Total:  10973, Accuracy : 0.9113, Loss: 0.3557
[Eval] Epoch:   5, Total:   9842, Accuracy : 0.8643, Loss: 0.5091
[Train] Epoch:   6, Total:  10973, Accuracy : 0.9264, Loss: 0.2108
[Eval] Epoch:   6, Total:   9842, Accuracy : 0.8670, Loss: 0.5238
[Train] Epoch:   7, Total:  10973, Accuracy : 0.9326, Loss: 0.2773
[Eval] Epoch:   7, Total:   9842, Accuracy : 0.8664, Loss: 0.5237
[Train] Epoch:   8, Total:  10973, Accuracy : 0.9412, Loss: 0.1993
[Eval] Epoch:   8, Total:   9842, Accuracy : 0.8674, Loss: 0.5124
[Train] Epoch:   9, Total:  10973, Accuracy : 0.9440, Loss: 0.1950
[Eval] Epoch:   9, Total:   9842, Accuracy : 0.8673, Loss: 0.5133
[Train] Epoch:  10, Total:  10973, Accuracy : 0.9445, Loss: 0.1942
[Eval] Epoch:  10, Total:   9842, Accuracy : 0.8618, Loss: 0.5292
[Train] Epoch:  11, Total:  10973, Accuracy : 0.9369, Loss: 0.1838
[Eval] Epoch:  11, Total:   9842, Accuracy : 0.8630, Loss: 0.4881
[Train] Epoch:  12, Total:  10973, Accuracy : 0.9435, Loss: 0.1778
[Eval] Epoch:  12, Total:   9842, Accuracy : 0.8666, Loss: 0.5289
[Train] Epoch:  13, Total:  10973, Accuracy : 0.9575, Loss: 0.2101
[Eval] Epoch:  13, Total:   9842, Accuracy : 0.8664, Loss: 0.6017
[Train] Epoch:  14, Total:  10973, Accuracy : 0.9656, Loss: 0.1757
[Eval] Epoch:  14, Total:   9842, Accuracy : 0.8635, Loss: 0.5496
[Train] Epoch:  15, Total:  10973, Accuracy : 0.9700, Loss: 0.0811
[Eval] Epoch:  15, Total:   9842, Accuracy : 0.8684, Loss: 0.5626
[Train] Epoch:  16, Total:  10973, Accuracy : 0.9742, Loss: 0.0677
[Eval] Epoch:  16, Total:   9842, Accuracy : 0.8672, Loss: 0.5867
[Train] Epoch:  17, Total:  10973, Accuracy : 0.9768, Loss: 0.1014
[Eval] Epoch:  17, Total:   9842, Accuracy : 0.8673, Loss: 0.5569
[Train] Epoch:  18, Total:  10973, Accuracy : 0.9808, Loss: 0.0825
[Eval] Epoch:  18, Total:   9842, Accuracy : 0.8696, Loss: 0.6039
[Train] Epoch:  19, Total:  10973, Accuracy : 0.9811, Loss: 0.0581
[Eval] Epoch:  19, Total:   9842, Accuracy : 0.8693, Loss: 0.6060
{"epoch":[1,2,3,4,5,6,7,8,9,10,11,12,13,14,15,16,17,18,19,20],"train_loss":[1.0930791039799534,0.7099194609841635,0.4745082848293837,0.37631781018057536,0.31826318419256877,0.26406050768009454,0.22566935420036316,0.2059859882953555,0.18498233896355296,0.17839204606621764,0.17984356921772623,0.18695204687672992,0.16749484941016796,0.13515396381533423,0.11562556028366089,0.09578865827169529,0.08498364660975545,0.07809696207905925,0.0691897515207529,0.06458552497937235],"eval_loss":[0.9953317290697342,0.45834609407645005,0.399719116015312,0.3867744757578923,0.3950788401640378,0.41684049597153294,0.41979611072784817,0.44901593831869274,0.4321449888058198,0.4354754946170709,0.4418005545934041,0.45463875088936245,0.4498678667423053,0.5094048235660944,0.5200310418239007,0.5326573940423819,0.5404519385252243,0.5534940400184729,0.5619492377990332,0.5631481034633441],"train_acc":[0.3597922172605486,0.7136608037911236,0.82447826483186,0.8661259455025972,0.8897293356420304,0.9113278046113187,0.9263647133874054,0.9325617424587624,0.94121935660257,0.9439533400164039,0.9445001366991707,0.9369361159208968,0.9434976761140983,0.9575321243051126,0.9655518089856922,0.9700173152282876,0.9742094231294997,0.9767611409824114,0.9807709833227012,0.9811355144445457],"eval_acc":[0.5660434870961186,0.8340784393415972,0.8497256655151392,0.8589717537085958,0.8655761024182077,0.8642552326762853,0.8669985775248933,0.8663889453363137,0.8674049989839464,0.8673033936191831,0.8618167039219671,0.8630359682991262,0.8665921560658403,0.8663889453363137,0.8635439951229424,0.868421052631579,0.8672017882544198,0.8673033936191831,0.869640317008738,0.8693355009144483]}
[Eval] Epoch:  11, Total:   9824, Accuracy : 0.8702, Loss: 0.6069
9824 8549 22.13680201768875
