pruned_1_0.005_model_0
DatasetDict({
    test: Dataset({
        features: ['premise', 'hypothesis', 'label', 'indexes'],
        num_rows: 9824
    })
    train: Dataset({
        features: ['premise', 'hypothesis', 'label', 'indexes'],
        num_rows: 2702
    })
    validation: Dataset({
        features: ['premise', 'hypothesis', 'label', 'indexes'],
        num_rows: 9842
    })
})
[Train] Epoch:   0, Total:   2702, Accuracy : 0.3309, Loss: 1.0995
[Eval] Epoch:   0, Total:   9842, Accuracy : 0.3331, Loss: 1.0987
[Train] Epoch:   1, Total:   2702, Accuracy : 0.3283, Loss: 1.1021
[Eval] Epoch:   1, Total:   9842, Accuracy : 0.3382, Loss: 1.0982
[Train] Epoch:   2, Total:   2702, Accuracy : 0.3571, Loss: 1.0944
[Eval] Epoch:   2, Total:   9842, Accuracy : 0.3450, Loss: 1.0946
[Train] Epoch:   3, Total:   2702, Accuracy : 0.4449, Loss: 1.0431
[Eval] Epoch:   3, Total:   9842, Accuracy : 0.5309, Loss: 1.0250
[Train] Epoch:   4, Total:   2702, Accuracy : 0.6025, Loss: 0.7290
[Eval] Epoch:   4, Total:   9842, Accuracy : 0.7037, Loss: 0.6826
[Train] Epoch:   5, Total:   2702, Accuracy : 0.7513, Loss: 0.5942
[Eval] Epoch:   5, Total:   9842, Accuracy : 0.7697, Loss: 0.5576
[Train] Epoch:   6, Total:   2702, Accuracy : 0.8113, Loss: 0.4317
[Eval] Epoch:   6, Total:   9842, Accuracy : 0.8074, Loss: 0.5001
[Train] Epoch:   7, Total:   2702, Accuracy : 0.8512, Loss: 0.3363
[Eval] Epoch:   7, Total:   9842, Accuracy : 0.8175, Loss: 0.5190
[Train] Epoch:   8, Total:   2702, Accuracy : 0.8764, Loss: 0.2753
[Eval] Epoch:   8, Total:   9842, Accuracy : 0.8220, Loss: 0.5225
[Train] Epoch:   9, Total:   2702, Accuracy : 0.8938, Loss: 0.2656
[Eval] Epoch:   9, Total:   9842, Accuracy : 0.8212, Loss: 0.5562
[Train] Epoch:  10, Total:   2702, Accuracy : 0.9034, Loss: 0.2578
[Eval] Epoch:  10, Total:   9842, Accuracy : 0.8242, Loss: 0.5402
[Train] Epoch:  11, Total:   2702, Accuracy : 0.9104, Loss: 0.3500
[Eval] Epoch:  11, Total:   9842, Accuracy : 0.8246, Loss: 0.5300
[Train] Epoch:  12, Total:   2702, Accuracy : 0.8357, Loss: 0.2392
[Eval] Epoch:  12, Total:   9842, Accuracy : 0.8168, Loss: 0.6034
[Train] Epoch:  13, Total:   2702, Accuracy : 0.9045, Loss: 0.3575
[Eval] Epoch:  13, Total:   9842, Accuracy : 0.8261, Loss: 0.6423
[Train] Epoch:  14, Total:   2702, Accuracy : 0.9319, Loss: 0.1763
[Eval] Epoch:  14, Total:   9842, Accuracy : 0.8304, Loss: 0.5936
[Train] Epoch:  15, Total:   2702, Accuracy : 0.9456, Loss: 0.1514
[Eval] Epoch:  15, Total:   9842, Accuracy : 0.8293, Loss: 0.6215
[Train] Epoch:  16, Total:   2702, Accuracy : 0.9493, Loss: 0.1892
[Eval] Epoch:  16, Total:   9842, Accuracy : 0.8329, Loss: 0.5714
[Train] Epoch:  17, Total:   2702, Accuracy : 0.9563, Loss: 0.1661
[Eval] Epoch:  17, Total:   9842, Accuracy : 0.8326, Loss: 0.6270
[Train] Epoch:  18, Total:   2702, Accuracy : 0.9641, Loss: 0.2172
[Eval] Epoch:  18, Total:   9842, Accuracy : 0.8317, Loss: 0.6455
[Train] Epoch:  19, Total:   2702, Accuracy : 0.9619, Loss: 0.1018
[Eval] Epoch:  19, Total:   9842, Accuracy : 0.8326, Loss: 0.6438
{"epoch":[1,2,3,4,5,6,7,8,9,10,11,12,13,14,15,16,17,18,19,20],"train_loss":[1.1000990867614746,1.100078441879966,1.0972665331580422,1.0797899961471558,0.8999185345389626,0.6468428373336792,0.498526854948564,0.41288538683544507,0.34915336153723975,0.3119488141753457,0.29708495058796625,0.2935696826739745,0.424457541920922,0.29069108041850006,0.21689807555892252,0.17832822691310535,0.16635614091699774,0.1428614224899899,0.1320986578410322,0.1362809186631983],"eval_loss":[1.0988944952304547,1.0979056052672558,1.0944553919327564,1.0199727950951991,0.6911722192397485,0.5913456281026205,0.5344259853546436,0.5260621485037681,0.529250715023432,0.5386807253727546,0.5268307458131741,0.5248097853782849,0.5420205142253485,0.5476264235300895,0.5510846896049304,0.5730355435456985,0.5802824741754776,0.5900507523463323,0.5927653908729553,0.5928515791893005],"train_acc":[0.3308660251665433,0.32827535159141374,0.35714285714285715,0.4448556624722428,0.6025166543301258,0.7512953367875648,0.8112509252405625,0.851221317542561,0.8763878608438194,0.8937823834196891,0.9034048852701703,0.9104367135455218,0.8356772760917839,0.9045151739452257,0.9319022945965951,0.9455958549222798,0.9492968171724648,0.9563286454478165,0.964100666173205,0.9618800888230941],"eval_acc":[0.3330623856939646,0.3382442592968909,0.344950213371266,0.5308880308880309,0.7037187563503353,0.7696606380816907,0.80735622840886,0.817516764885186,0.8219874009347694,0.8211745580166633,0.8242227189595611,0.8246291404186141,0.8168055273318431,0.8260516155252997,0.8304206462101199,0.829302987197724,0.8328591749644382,0.8325543588701484,0.8317415159520423,0.8325543588701484]}
[Eval] Epoch:  11, Total:   9824, Accuracy : 0.8350, Loss: 0.6849
9824 8203 22.432396590709686
