pruned_1_0.2_model_0
DatasetDict({
    test: Dataset({
        features: ['premise', 'hypothesis', 'label', 'indexes'],
        num_rows: 9824
    })
    train: Dataset({
        features: ['premise', 'hypothesis', 'label', 'indexes'],
        num_rows: 109871
    })
    validation: Dataset({
        features: ['premise', 'hypothesis', 'label', 'indexes'],
        num_rows: 9842
    })
})
[Train] Epoch:   0, Total: 109871, Accuracy : 0.7713, Loss: 0.2339
[Eval] Epoch:   0, Total:   9842, Accuracy : 0.8843, Loss: 0.3299
[Train] Epoch:   1, Total: 109871, Accuracy : 0.8752, Loss: 0.0816
[Eval] Epoch:   1, Total:   9842, Accuracy : 0.8902, Loss: 0.3263
[Train] Epoch:   2, Total: 109871, Accuracy : 0.8977, Loss: 0.4223
[Eval] Epoch:   2, Total:   9842, Accuracy : 0.9017, Loss: 0.2761
[Train] Epoch:   3, Total: 109871, Accuracy : 0.9154, Loss: 0.2495
[Eval] Epoch:   3, Total:   9842, Accuracy : 0.9048, Loss: 0.2778
[Train] Epoch:   4, Total: 109871, Accuracy : 0.9289, Loss: 0.2963
[Eval] Epoch:   4, Total:   9842, Accuracy : 0.9017, Loss: 0.2748
[Train] Epoch:   5, Total: 109871, Accuracy : 0.9396, Loss: 0.0649
[Eval] Epoch:   5, Total:   9842, Accuracy : 0.9033, Loss: 0.2824
[Train] Epoch:   6, Total: 109871, Accuracy : 0.9477, Loss: 0.2307
[Eval] Epoch:   6, Total:   9842, Accuracy : 0.9015, Loss: 0.3160
[Train] Epoch:   7, Total: 109871, Accuracy : 0.9532, Loss: 0.0463
[Eval] Epoch:   7, Total:   9842, Accuracy : 0.9026, Loss: 0.3421
[Train] Epoch:   8, Total: 109871, Accuracy : 0.9558, Loss: 0.0647
[Eval] Epoch:   8, Total:   9842, Accuracy : 0.9020, Loss: 0.3433
[Train] Epoch:   9, Total: 109871, Accuracy : 0.9580, Loss: 0.0218
[Eval] Epoch:   9, Total:   9842, Accuracy : 0.9014, Loss: 0.3423
[Train] Epoch:  10, Total: 109871, Accuracy : 0.9456, Loss: 0.1361
[Eval] Epoch:  10, Total:   9842, Accuracy : 0.8982, Loss: 0.3745
[Train] Epoch:  11, Total: 109871, Accuracy : 0.9512, Loss: 0.2102
[Eval] Epoch:  11, Total:   9842, Accuracy : 0.8954, Loss: 0.3848
[Train] Epoch:  12, Total: 109871, Accuracy : 0.9583, Loss: 0.0293
[Eval] Epoch:  12, Total:   9842, Accuracy : 0.8996, Loss: 0.3577
[Train] Epoch:  13, Total: 109871, Accuracy : 0.9647, Loss: 0.0165
[Eval] Epoch:  13, Total:   9842, Accuracy : 0.8989, Loss: 0.4160
[Train] Epoch:  14, Total: 109871, Accuracy : 0.9709, Loss: 0.1360
[Eval] Epoch:  14, Total:   9842, Accuracy : 0.8998, Loss: 0.4144
[Train] Epoch:  15, Total: 109871, Accuracy : 0.9763, Loss: 0.0094
[Eval] Epoch:  15, Total:   9842, Accuracy : 0.8988, Loss: 0.4537
[Train] Epoch:  16, Total: 109871, Accuracy : 0.9793, Loss: 0.1562
[Eval] Epoch:  16, Total:   9842, Accuracy : 0.9005, Loss: 0.4993
[Train] Epoch:  17, Total: 109871, Accuracy : 0.9819, Loss: 0.0067
[Eval] Epoch:  17, Total:   9842, Accuracy : 0.9023, Loss: 0.5011
[Train] Epoch:  18, Total: 109871, Accuracy : 0.9839, Loss: 0.0423
[Eval] Epoch:  18, Total:   9842, Accuracy : 0.9010, Loss: 0.5088
[Train] Epoch:  19, Total: 109871, Accuracy : 0.9847, Loss: 0.0607
[Eval] Epoch:  19, Total:   9842, Accuracy : 0.9011, Loss: 0.5103
{"epoch":[1,2,3,4,5,6,7,8,9,10,11,12,13,14,15,16,17,18,19,20],"train_loss":[0.5298768566444862,0.3386807492306066,0.28358597318793455,0.23866870288932046,0.20315457133706225,0.1756593057755814,0.15514207562041837,0.13851739360496054,0.13083539793137894,0.12664686628119198,0.15787844815573027,0.1427988886053479,0.12306456158240867,0.10501706110270217,0.08926326379526493,0.07288066434652306,0.06337698168706062,0.055087765408030086,0.048748431029881155,0.04768909361906523],"eval_loss":[0.3161741865751071,0.3053360470594504,0.2926783917041925,0.2914009617689328,0.306288406252861,0.3129960321463071,0.33320044859861714,0.3507448908610222,0.35879283455701977,0.36009892668479526,0.3565786756001986,0.3772029013205797,0.4137380757392981,0.41291819703884614,0.41843419120861935,0.475691142754677,0.49410298237433803,0.5026351717802194,0.5125355667028672,0.5119270055721967],"train_acc":[0.7712863266922118,0.8752355034540507,0.8977255144669658,0.9153552802832412,0.9288802322723921,0.9396474046836745,0.9477387117619754,0.9532451693349473,0.9557663077609196,0.9579597892073431,0.9455907382293781,0.951170008464472,0.9582601414385962,0.9647495699502143,0.9708567319856923,0.9763085800620728,0.9793394071228987,0.9818878502971666,0.9838537921744591,0.9847002393716268],"eval_acc":[0.8842714895346474,0.8901646006909165,0.9017476122739281,0.9047957732168258,0.9017476122739281,0.903271692745377,0.9015444015444015,0.9025604551920341,0.9019508230034545,0.9014427961796383,0.898191424507214,0.895448079658606,0.8996138996138996,0.8989026620605568,0.8998171103434262,0.8988010566957936,0.9005283478967689,0.9022556390977443,0.9010363747205853,0.9011379800853485]}
[Eval] Epoch:  11, Total:   9824, Accuracy : 0.8936, Loss: 0.5130
9824 8779 20.940344244241714
