pruned_3_0.3_model_0
DatasetDict({
    test: Dataset({
        features: ['premise', 'hypothesis', 'label', 'indexes'],
        num_rows: 9824
    })
    train: Dataset({
        features: ['premise', 'hypothesis', 'label', 'indexes'],
        num_rows: 164810
    })
    validation: Dataset({
        features: ['premise', 'hypothesis', 'label', 'indexes'],
        num_rows: 9842
    })
})
[Train] Epoch:   0, Total: 164810, Accuracy : 0.7990, Loss: 0.3732
[Eval] Epoch:   0, Total:   9842, Accuracy : 0.8946, Loss: 0.3098
[Train] Epoch:   1, Total: 164810, Accuracy : 0.8776, Loss: 0.2667
[Eval] Epoch:   1, Total:   9842, Accuracy : 0.8979, Loss: 0.2747
[Train] Epoch:   2, Total: 164810, Accuracy : 0.8975, Loss: 0.2303
[Eval] Epoch:   2, Total:   9842, Accuracy : 0.8990, Loss: 0.2535
[Train] Epoch:   3, Total: 164810, Accuracy : 0.9139, Loss: 0.2129
[Eval] Epoch:   3, Total:   9842, Accuracy : 0.9054, Loss: 0.2704
[Train] Epoch:   4, Total: 164810, Accuracy : 0.9263, Loss: 0.1650
[Eval] Epoch:   4, Total:   9842, Accuracy : 0.9034, Loss: 0.3074
[Train] Epoch:   5, Total: 164810, Accuracy : 0.9371, Loss: 0.2213
[Eval] Epoch:   5, Total:   9842, Accuracy : 0.9025, Loss: 0.3126
[Train] Epoch:   6, Total: 164810, Accuracy : 0.9445, Loss: 0.1317
[Eval] Epoch:   6, Total:   9842, Accuracy : 0.9054, Loss: 0.3016
[Train] Epoch:   7, Total: 164810, Accuracy : 0.9504, Loss: 0.0802
[Eval] Epoch:   7, Total:   9842, Accuracy : 0.9021, Loss: 0.3269
[Train] Epoch:   8, Total: 164810, Accuracy : 0.9530, Loss: 0.0975
[Eval] Epoch:   8, Total:   9842, Accuracy : 0.9030, Loss: 0.3432
[Train] Epoch:   9, Total: 164810, Accuracy : 0.9551, Loss: 0.0921
[Eval] Epoch:   9, Total:   9842, Accuracy : 0.9030, Loss: 0.3447
[Train] Epoch:  10, Total: 164810, Accuracy : 0.9417, Loss: 0.2361
[Eval] Epoch:  10, Total:   9842, Accuracy : 0.9034, Loss: 0.2890
[Train] Epoch:  11, Total: 164810, Accuracy : 0.9471, Loss: 0.1854
[Eval] Epoch:  11, Total:   9842, Accuracy : 0.8982, Loss: 0.3952
[Train] Epoch:  12, Total: 164810, Accuracy : 0.9548, Loss: 0.0744
[Eval] Epoch:  12, Total:   9842, Accuracy : 0.8983, Loss: 0.4131
[Train] Epoch:  13, Total: 164810, Accuracy : 0.9614, Loss: 0.0756
[Eval] Epoch:  13, Total:   9842, Accuracy : 0.8973, Loss: 0.4351
[Train] Epoch:  14, Total: 164810, Accuracy : 0.9676, Loss: 0.1465
[Eval] Epoch:  14, Total:   9842, Accuracy : 0.8982, Loss: 0.4853
[Train] Epoch:  15, Total: 164810, Accuracy : 0.9726, Loss: 0.0864
[Eval] Epoch:  15, Total:   9842, Accuracy : 0.8985, Loss: 0.5242
[Train] Epoch:  16, Total: 164810, Accuracy : 0.9773, Loss: 0.0538
[Eval] Epoch:  16, Total:   9842, Accuracy : 0.8991, Loss: 0.5686
[Train] Epoch:  17, Total: 164810, Accuracy : 0.9798, Loss: 0.0698
[Eval] Epoch:  17, Total:   9842, Accuracy : 0.8980, Loss: 0.6006
[Train] Epoch:  18, Total: 164810, Accuracy : 0.9813, Loss: 0.0698
[Eval] Epoch:  18, Total:   9842, Accuracy : 0.8984, Loss: 0.5960
[Train] Epoch:  19, Total: 164810, Accuracy : 0.9825, Loss: 0.0478
[Eval] Epoch:  19, Total:   9842, Accuracy : 0.8983, Loss: 0.6088
{"epoch":[1,2,3,4,5,6,7,8,9,10,11,12,13,14,15,16,17,18,19,20],"train_loss":[0.4891765104687732,0.33232886684329616,0.2827559438366327,0.24142153131897034,0.20924321964660786,0.18008304221891097,0.16160985844799822,0.14625149578874155,0.13837047300145308,0.13248297526437489,0.1677022114488649,0.15233742906740919,0.13197598672871078,0.11367403522064412,0.09732667245375722,0.08177388058859647,0.069089160647868,0.06162546006008196,0.05675817727290603,0.05345064522091137],"eval_loss":[0.2883107459697968,0.28292817374070484,0.2960283164030466,0.2810616657519952,0.3005938571997178,0.31971126794815063,0.3300976581298388,0.3427402220475368,0.35499076048533124,0.35836818776069546,0.3166387749788089,0.36159601387305135,0.3854278501791832,0.41081806558829087,0.4355673591295878,0.44405734080534714,0.48534407371129745,0.5052666136851678,0.5034146820887541,0.5084498952596616],"train_acc":[0.7989745767853892,0.8776469874400825,0.8975486924337115,0.9139493962744979,0.9263333535586433,0.9370972635155633,0.9444875917723439,0.9503670893756447,0.9529700867665797,0.9550755415326739,0.9416722286269037,0.9471087919422365,0.9547964322553243,0.9614343789818579,0.9675869182695225,0.9725684121109156,0.9773496753837753,0.9798434561009648,0.9812875432316001,0.9825374673866877],"eval_acc":[0.8946352367404999,0.8978866084129242,0.89900426742532,0.9054054054054054,0.9033732981101402,0.9024588498272709,0.9054054054054054,0.9020524283682179,0.9029668766510872,0.9029668766510872,0.9033732981101402,0.898191424507214,0.8982930298719772,0.8972769762243447,0.898191424507214,0.8984962406015038,0.8991058727900834,0.8979882137776874,0.8983946352367405,0.8982930298719772]}
[Eval] Epoch:  11, Total:   9824, Accuracy : 0.9010, Loss: 0.5816
9824 8851 18.66008111834526
