pruned_3_0.03_model_0
DatasetDict({
    test: Dataset({
        features: ['premise', 'hypothesis', 'label', 'indexes'],
        num_rows: 9824
    })
    train: Dataset({
        features: ['premise', 'hypothesis', 'label', 'indexes'],
        num_rows: 16481
    })
    validation: Dataset({
        features: ['premise', 'hypothesis', 'label', 'indexes'],
        num_rows: 9842
    })
})
[Train] Epoch:   0, Total:  16481, Accuracy : 0.4354, Loss: 0.7676
[Eval] Epoch:   0, Total:   9842, Accuracy : 0.7219, Loss: 0.6636
[Train] Epoch:   1, Total:  16481, Accuracy : 0.7784, Loss: 0.5604
[Eval] Epoch:   1, Total:   9842, Accuracy : 0.8522, Loss: 0.4630
[Train] Epoch:   2, Total:  16481, Accuracy : 0.8449, Loss: 0.4038
[Eval] Epoch:   2, Total:   9842, Accuracy : 0.8631, Loss: 0.4573
[Train] Epoch:   3, Total:  16481, Accuracy : 0.8762, Loss: 0.2818
[Eval] Epoch:   3, Total:   9842, Accuracy : 0.8672, Loss: 0.4849
[Train] Epoch:   4, Total:  16481, Accuracy : 0.9004, Loss: 0.2636
[Eval] Epoch:   4, Total:   9842, Accuracy : 0.8710, Loss: 0.4452
[Train] Epoch:   5, Total:  16481, Accuracy : 0.9155, Loss: 0.4081
[Eval] Epoch:   5, Total:   9842, Accuracy : 0.8716, Loss: 0.5057
[Train] Epoch:   6, Total:  16481, Accuracy : 0.9265, Loss: 0.2327
[Eval] Epoch:   6, Total:   9842, Accuracy : 0.8710, Loss: 0.4699
[Train] Epoch:   7, Total:  16481, Accuracy : 0.9364, Loss: 0.1409
[Eval] Epoch:   7, Total:   9842, Accuracy : 0.8729, Loss: 0.4961
[Train] Epoch:   8, Total:  16481, Accuracy : 0.9430, Loss: 0.2231
[Eval] Epoch:   8, Total:   9842, Accuracy : 0.8696, Loss: 0.5131
[Train] Epoch:   9, Total:  16481, Accuracy : 0.9443, Loss: 0.1321
[Eval] Epoch:   9, Total:   9842, Accuracy : 0.8724, Loss: 0.5080
[Train] Epoch:  10, Total:  16481, Accuracy : 0.9398, Loss: 0.1776
[Eval] Epoch:  10, Total:   9842, Accuracy : 0.8695, Loss: 0.4800
[Train] Epoch:  11, Total:  16481, Accuracy : 0.9413, Loss: 0.1782
[Eval] Epoch:  11, Total:   9842, Accuracy : 0.8676, Loss: 0.4806
[Train] Epoch:  12, Total:  16481, Accuracy : 0.9507, Loss: 0.1054
[Eval] Epoch:  12, Total:   9842, Accuracy : 0.8689, Loss: 0.5319
[Train] Epoch:  13, Total:  16481, Accuracy : 0.9607, Loss: 0.1028
[Eval] Epoch:  13, Total:   9842, Accuracy : 0.8684, Loss: 0.5713
[Train] Epoch:  14, Total:  16481, Accuracy : 0.9652, Loss: 0.0995
[Eval] Epoch:  14, Total:   9842, Accuracy : 0.8697, Loss: 0.5494
[Train] Epoch:  15, Total:  16481, Accuracy : 0.9706, Loss: 0.1101
[Eval] Epoch:  15, Total:   9842, Accuracy : 0.8694, Loss: 0.5620
[Train] Epoch:  16, Total:  16481, Accuracy : 0.9738, Loss: 0.0962
[Eval] Epoch:  16, Total:   9842, Accuracy : 0.8695, Loss: 0.5988
[Train] Epoch:  17, Total:  16481, Accuracy : 0.9794, Loss: 0.0347
[Eval] Epoch:  17, Total:   9842, Accuracy : 0.8685, Loss: 0.5993
[Train] Epoch:  18, Total:  16481, Accuracy : 0.9817, Loss: 0.0774
[Eval] Epoch:  18, Total:   9842, Accuracy : 0.8737, Loss: 0.5803
[Train] Epoch:  19, Total:  16481, Accuracy : 0.9811, Loss: 0.0775
[Eval] Epoch:  19, Total:   9842, Accuracy : 0.8730, Loss: 0.5890
{"epoch":[1,2,3,4,5,6,7,8,9,10,11,12,13,14,15,16,17,18,19,20],"train_loss":[1.0266506259257977,0.5681701981104337,0.4233323110983922,0.3479726199920361,0.2871834262059285,0.25115784475436576,0.2149794395153339,0.19053373359716855,0.1761972799897194,0.1692828186429464,0.18415279308190713,0.1805820420384407,0.14996097202484424,0.12805461923663433,0.11260307912643139,0.09330346607244931,0.08066200384726892,0.06866945767631898,0.06109519082193191,0.060381416045129296],"eval_loss":[0.7014282406904758,0.41076048750143784,0.3769100178510715,0.3763802273151202,0.385027378033369,0.4021810430746812,0.4138218645866101,0.4146076670059791,0.4299039084177751,0.4284346791414114,0.43596044412026036,0.44552772702314913,0.46094196270673704,0.4819663419173314,0.5017983133976276,0.5291837621957828,0.545210198714183,0.556728774920488,0.5538787711889316,0.5578536467674451],"train_acc":[0.4354104726654936,0.7784115041563012,0.8448516473514956,0.8762211030884048,0.9004307991019962,0.9155391056367939,0.926521448941205,0.9364116255081609,0.9429646259328924,0.9442994963897822,0.9398094775802439,0.9413263758267095,0.9506704690249378,0.9607426733814696,0.9652326921910078,0.9706328499484255,0.9738486742309326,0.9794308597779261,0.9817365451125538,0.981069109884109],"eval_acc":[0.7219061166429588,0.8521641942694574,0.8631375736638894,0.8672017882544198,0.8709611867506605,0.87157081893924,0.8709611867506605,0.8728916886811624,0.869640317008738,0.8723836618573461,0.8695387116439748,0.8676082097134729,0.8689290794553952,0.868421052631579,0.8697419223735013,0.8694371062792116,0.8695387116439748,0.8685226579963422,0.8737045315992684,0.8729932940459256]}
[Eval] Epoch:  11, Total:   9824, Accuracy : 0.8724, Loss: 0.5602
9824 8570 21.408751636743546
