random_0.25_model_0
DatasetDict({
    test: Dataset({
        features: ['premise', 'hypothesis', 'label', 'indexes'],
        num_rows: 9824
    })
    train: Dataset({
        features: ['premise', 'hypothesis', 'label', 'indexes'],
        num_rows: 137342
    })
    validation: Dataset({
        features: ['premise', 'hypothesis', 'label', 'indexes'],
        num_rows: 9842
    })
})
[Train] Epoch:   0, Total: 137342, Accuracy : 0.7917, Loss: 0.4383
[Eval] Epoch:   0, Total:   9842, Accuracy : 0.8891, Loss: 0.3174
[Train] Epoch:   1, Total: 137342, Accuracy : 0.8790, Loss: 0.2396
[Eval] Epoch:   1, Total:   9842, Accuracy : 0.8987, Loss: 0.2957
[Train] Epoch:   2, Total: 137342, Accuracy : 0.9001, Loss: 0.2507
[Eval] Epoch:   2, Total:   9842, Accuracy : 0.9024, Loss: 0.2751
[Train] Epoch:   3, Total: 137342, Accuracy : 0.9167, Loss: 0.2796
[Eval] Epoch:   3, Total:   9842, Accuracy : 0.9047, Loss: 0.2460
[Train] Epoch:   4, Total: 137342, Accuracy : 0.9297, Loss: 0.2583
[Eval] Epoch:   4, Total:   9842, Accuracy : 0.9048, Loss: 0.2525
[Train] Epoch:   5, Total: 137342, Accuracy : 0.9402, Loss: 0.2564
[Eval] Epoch:   5, Total:   9842, Accuracy : 0.9050, Loss: 0.2771
[Train] Epoch:   6, Total: 137342, Accuracy : 0.9476, Loss: 0.1837
[Eval] Epoch:   6, Total:   9842, Accuracy : 0.9023, Loss: 0.2935
[Train] Epoch:   7, Total: 137342, Accuracy : 0.9530, Loss: 0.1377
[Eval] Epoch:   7, Total:   9842, Accuracy : 0.9054, Loss: 0.3448
[Train] Epoch:   8, Total: 137342, Accuracy : 0.9555, Loss: 0.0947
[Eval] Epoch:   8, Total:   9842, Accuracy : 0.9062, Loss: 0.3267
[Train] Epoch:   9, Total: 137342, Accuracy : 0.9576, Loss: 0.1396
[Eval] Epoch:   9, Total:   9842, Accuracy : 0.9058, Loss: 0.3325
[Train] Epoch:  10, Total: 137342, Accuracy : 0.9449, Loss: 0.1297
[Eval] Epoch:  10, Total:   9842, Accuracy : 0.9010, Loss: 0.2911
[Train] Epoch:  11, Total: 137342, Accuracy : 0.9498, Loss: 0.2145
[Eval] Epoch:  11, Total:   9842, Accuracy : 0.9023, Loss: 0.3118
[Train] Epoch:  12, Total: 137342, Accuracy : 0.9568, Loss: 0.0765
[Eval] Epoch:  12, Total:   9842, Accuracy : 0.8993, Loss: 0.3573
[Train] Epoch:  13, Total: 137342, Accuracy : 0.9634, Loss: 0.1405
[Eval] Epoch:  13, Total:   9842, Accuracy : 0.8980, Loss: 0.4869
[Train] Epoch:  14, Total: 137342, Accuracy : 0.9692, Loss: 0.0240
[Eval] Epoch:  14, Total:   9842, Accuracy : 0.8992, Loss: 0.3980
[Train] Epoch:  15, Total: 137342, Accuracy : 0.9742, Loss: 0.1184
[Eval] Epoch:  15, Total:   9842, Accuracy : 0.8969, Loss: 0.5496
[Train] Epoch:  16, Total: 137342, Accuracy : 0.9785, Loss: 0.0918
[Eval] Epoch:  16, Total:   9842, Accuracy : 0.8976, Loss: 0.5273
[Train] Epoch:  17, Total: 137342, Accuracy : 0.9816, Loss: 0.1161
[Eval] Epoch:  17, Total:   9842, Accuracy : 0.8968, Loss: 0.5608
[Train] Epoch:  18, Total: 137342, Accuracy : 0.9833, Loss: 0.0177
[Eval] Epoch:  18, Total:   9842, Accuracy : 0.8977, Loss: 0.5518
[Train] Epoch:  19, Total: 137342, Accuracy : 0.9838, Loss: 0.0371
[Eval] Epoch:  19, Total:   9842, Accuracy : 0.8975, Loss: 0.5537
{"epoch":[1,2,3,4,5,6,7,8,9,10,11,12,13,14,15,16,17,18,19,20],"train_loss":[0.4977859395176339,0.3281965809605419,0.27650443579675543,0.2335996973558955,0.20132471064671015,0.17217634763964063,0.15286774525429284,0.13846919711269923,0.1307854821256863,0.12500887850448628,0.15730493512955013,0.14506337571077507,0.12525938734328945,0.10789955851363514,0.09161018770278277,0.07754565495130514,0.06593730435247083,0.057279643408426915,0.05274321208231054,0.050130328864164415],"eval_loss":[0.31572109422622585,0.28239365533376354,0.2865817764630684,0.2944679905970891,0.3026071683718608,0.3202590185862321,0.351788892577856,0.35695333282152814,0.3633928031493456,0.36511346315726256,0.3438617930962489,0.36066117271398884,0.36981703570255864,0.4212912764304724,0.40979504814514744,0.47417835547373843,0.48477574495168835,0.5158440715227371,0.5181841712731582,0.5197160595502609],"train_acc":[0.7917243086601331,0.8790173435656973,0.9001106726274556,0.9167334100275225,0.9297228815657265,0.9401785324227112,0.9476198104003145,0.9530005388009495,0.9555197972943456,0.9576385956226063,0.9448748379956605,0.9498041385737793,0.9567575832593089,0.9634052220005533,0.9692155349419697,0.9741739598957347,0.9785426162426643,0.9816079567794266,0.9833481382242868,0.983814128234626],"eval_acc":[0.8891485470432838,0.8986994513310302,0.9023572444625076,0.9046941678520626,0.9047957732168258,0.9049989839463524,0.9022556390977443,0.9054054054054054,0.9062182483235115,0.9058118268644585,0.9010363747205853,0.9022556390977443,0.8993090835196098,0.8979882137776874,0.8992074781548466,0.8968705547652916,0.8975817923186344,0.8967689494005283,0.8976833976833977,0.8974801869538712]}
[Eval] Epoch:  11, Total:   9824, Accuracy : 0.8975, Loss: 0.5855
9824 8817 19.744071513414383
