pruned_1_0.04_model_0
DatasetDict({
    test: Dataset({
        features: ['premise', 'hypothesis', 'label', 'indexes'],
        num_rows: 9824
    })
    train: Dataset({
        features: ['premise', 'hypothesis', 'label', 'indexes'],
        num_rows: 21972
    })
    validation: Dataset({
        features: ['premise', 'hypothesis', 'label', 'indexes'],
        num_rows: 9842
    })
})
[Train] Epoch:   0, Total:  21972, Accuracy : 0.5087, Loss: 0.6702
[Eval] Epoch:   0, Total:   9842, Accuracy : 0.8097, Loss: 0.5171
[Train] Epoch:   1, Total:  21972, Accuracy : 0.8096, Loss: 0.4047
[Eval] Epoch:   1, Total:   9842, Accuracy : 0.8614, Loss: 0.4346
[Train] Epoch:   2, Total:  21972, Accuracy : 0.8595, Loss: 0.4973
[Eval] Epoch:   2, Total:   9842, Accuracy : 0.8724, Loss: 0.4205
[Train] Epoch:   3, Total:  21972, Accuracy : 0.8869, Loss: 0.3340
[Eval] Epoch:   3, Total:   9842, Accuracy : 0.8747, Loss: 0.4273
[Train] Epoch:   4, Total:  21972, Accuracy : 0.9072, Loss: 0.2961
[Eval] Epoch:   4, Total:   9842, Accuracy : 0.8744, Loss: 0.4682
[Train] Epoch:   5, Total:  21972, Accuracy : 0.9223, Loss: 0.2586
[Eval] Epoch:   5, Total:   9842, Accuracy : 0.8759, Loss: 0.4832
[Train] Epoch:   6, Total:  21972, Accuracy : 0.9316, Loss: 0.1367
[Eval] Epoch:   6, Total:   9842, Accuracy : 0.8769, Loss: 0.4590
[Train] Epoch:   7, Total:  21972, Accuracy : 0.9416, Loss: 0.2216
[Eval] Epoch:   7, Total:   9842, Accuracy : 0.8761, Loss: 0.4839
[Train] Epoch:   8, Total:  21972, Accuracy : 0.9446, Loss: 0.1452
[Eval] Epoch:   8, Total:   9842, Accuracy : 0.8755, Loss: 0.4906
[Train] Epoch:   9, Total:  21972, Accuracy : 0.9468, Loss: 0.3142
[Eval] Epoch:   9, Total:   9842, Accuracy : 0.8758, Loss: 0.4896
[Train] Epoch:  10, Total:  21972, Accuracy : 0.9400, Loss: 0.2079
[Eval] Epoch:  10, Total:   9842, Accuracy : 0.8748, Loss: 0.4432
[Train] Epoch:  11, Total:  21972, Accuracy : 0.9416, Loss: 0.1270
[Eval] Epoch:  11, Total:   9842, Accuracy : 0.8657, Loss: 0.4984
[Train] Epoch:  12, Total:  21972, Accuracy : 0.9483, Loss: 0.1369
[Eval] Epoch:  12, Total:   9842, Accuracy : 0.8748, Loss: 0.5119
[Train] Epoch:  13, Total:  21972, Accuracy : 0.9586, Loss: 0.1129
[Eval] Epoch:  13, Total:   9842, Accuracy : 0.8744, Loss: 0.5597
[Train] Epoch:  14, Total:  21972, Accuracy : 0.9659, Loss: 0.1353
[Eval] Epoch:  14, Total:   9842, Accuracy : 0.8726, Loss: 0.5559
[Train] Epoch:  15, Total:  21972, Accuracy : 0.9719, Loss: 0.0751
[Eval] Epoch:  15, Total:   9842, Accuracy : 0.8730, Loss: 0.6769
[Train] Epoch:  16, Total:  21972, Accuracy : 0.9739, Loss: 0.0579
[Eval] Epoch:  16, Total:   9842, Accuracy : 0.8751, Loss: 0.6572
[Train] Epoch:  17, Total:  21972, Accuracy : 0.9790, Loss: 0.0466
[Eval] Epoch:  17, Total:   9842, Accuracy : 0.8754, Loss: 0.6408
[Train] Epoch:  18, Total:  21972, Accuracy : 0.9814, Loss: 0.0678
[Eval] Epoch:  18, Total:   9842, Accuracy : 0.8753, Loss: 0.6542
[Train] Epoch:  19, Total:  21972, Accuracy : 0.9804, Loss: 0.0761
[Eval] Epoch:  19, Total:   9842, Accuracy : 0.8753, Loss: 0.6505
{"epoch":[1,2,3,4,5,6,7,8,9,10,11,12,13,14,15,16,17,18,19,20],"train_loss":[0.9304620568142381,0.5040102219858835,0.38770065231378686,0.31967260809831843,0.2695475329839906,0.2304877825947695,0.20566105842590332,0.18051470192365868,0.16802161498818285,0.16385599580961605,0.17969956838114318,0.173730279210695,0.15552633784191552,0.12666276764384535,0.10687500351043634,0.09084635188933028,0.08019660993717438,0.0686880482014182,0.06297696756502223,0.06210864309308141],"eval_loss":[0.49890191967670733,0.3819604011682364,0.3586298059194516,0.3524584380479959,0.38590489366115666,0.38872868051895726,0.3871253041120676,0.4087420335182777,0.41802798479031295,0.41925375660260517,0.43415100146562624,0.45824149556649035,0.4594090336408371,0.4833546288502522,0.5074127522798685,0.5521011597070938,0.5407102734614642,0.5490890603799087,0.5541896216380291,0.5544557724243555],"train_acc":[0.5086928818496268,0.8096213362461314,0.8595485162934644,0.8869470234844348,0.9072000728199526,0.9222647005279446,0.9316402694338248,0.9416075004551248,0.9445658110322228,0.9468414345530676,0.9399690515201166,0.9415619879847078,0.9482523211359912,0.9585836519206262,0.9658656471873294,0.9719188057527762,0.9739213544511196,0.9789732386673948,0.9814309120699072,0.9804296377207354],"eval_acc":[0.809693151798415,0.8614102824629141,0.8723836618573461,0.874720585246901,0.8744157691526112,0.8759398496240601,0.8768542979069295,0.8761430603535867,0.8755334281650071,0.8758382442592969,0.8748221906116643,0.8656777077829709,0.8748221906116643,0.8744157691526112,0.8725868725868726,0.8729932940459256,0.8751270067059541,0.8754318228002439,0.8753302174354806,0.8753302174354806]}
[Eval] Epoch:  11, Total:   9824, Accuracy : 0.8716, Loss: 0.8055
9824 8563 21.974601417779922
