pruned_1_0.75_model_0
DatasetDict({
    test: Dataset({
        features: ['premise', 'hypothesis', 'label', 'indexes'],
        num_rows: 9824
    })
    train: Dataset({
        features: ['premise', 'hypothesis', 'label', 'indexes'],
        num_rows: 412031
    })
    validation: Dataset({
        features: ['premise', 'hypothesis', 'label', 'indexes'],
        num_rows: 9842
    })
})
[Train] Epoch:   0, Total: 412031, Accuracy : 0.8423, Loss: 0.3643
[Eval] Epoch:   0, Total:   9842, Accuracy : 0.9035, Loss: 0.2870
[Train] Epoch:   1, Total: 412031, Accuracy : 0.8934, Loss: 0.2453
[Eval] Epoch:   1, Total:   9842, Accuracy : 0.9100, Loss: 0.3333
[Train] Epoch:   2, Total: 412031, Accuracy : 0.9093, Loss: 0.2683
[Eval] Epoch:   2, Total:   9842, Accuracy : 0.9149, Loss: 0.3335
[Train] Epoch:   3, Total: 412031, Accuracy : 0.9227, Loss: 0.2384
[Eval] Epoch:   3, Total:   9842, Accuracy : 0.9134, Loss: 0.3438
[Train] Epoch:   4, Total: 412031, Accuracy : 0.9334, Loss: 0.1677
[Eval] Epoch:   4, Total:   9842, Accuracy : 0.9135, Loss: 0.3338
[Train] Epoch:   5, Total: 412031, Accuracy : 0.9422, Loss: 0.0853
[Eval] Epoch:   5, Total:   9842, Accuracy : 0.9119, Loss: 0.3520
[Train] Epoch:   6, Total: 412031, Accuracy : 0.9480, Loss: 0.1190
[Eval] Epoch:   6, Total:   9842, Accuracy : 0.9138, Loss: 0.3800
[Train] Epoch:   7, Total: 412031, Accuracy : 0.9533, Loss: 0.1562
[Eval] Epoch:   7, Total:   9842, Accuracy : 0.9137, Loss: 0.3845
[Train] Epoch:   8, Total: 412031, Accuracy : 0.9559, Loss: 0.1040
[Eval] Epoch:   8, Total:   9842, Accuracy : 0.9130, Loss: 0.3982
[Train] Epoch:   9, Total: 412031, Accuracy : 0.9576, Loss: 0.1140
[Eval] Epoch:   9, Total:   9842, Accuracy : 0.9132, Loss: 0.4056
[Train] Epoch:  10, Total: 412031, Accuracy : 0.9441, Loss: 0.1436
[Eval] Epoch:  10, Total:   9842, Accuracy : 0.9104, Loss: 0.3437
[Train] Epoch:  11, Total: 412031, Accuracy : 0.9493, Loss: 0.1771
[Eval] Epoch:  11, Total:   9842, Accuracy : 0.9100, Loss: 0.3377
[Train] Epoch:  12, Total: 412031, Accuracy : 0.9560, Loss: 0.0971
[Eval] Epoch:  12, Total:   9842, Accuracy : 0.9093, Loss: 0.3542
[Train] Epoch:  13, Total: 412031, Accuracy : 0.9622, Loss: 0.2220
[Eval] Epoch:  13, Total:   9842, Accuracy : 0.9097, Loss: 0.3638
[Train] Epoch:  14, Total: 412031, Accuracy : 0.9679, Loss: 0.1092
[Eval] Epoch:  14, Total:   9842, Accuracy : 0.9096, Loss: 0.4108
[Train] Epoch:  15, Total: 412031, Accuracy : 0.9730, Loss: 0.0651
[Eval] Epoch:  15, Total:   9842, Accuracy : 0.9100, Loss: 0.4505
[Train] Epoch:  16, Total: 412031, Accuracy : 0.9767, Loss: 0.0472
[Eval] Epoch:  16, Total:   9842, Accuracy : 0.9093, Loss: 0.5686
[Train] Epoch:  17, Total: 412031, Accuracy : 0.9799, Loss: 0.0444
[Eval] Epoch:  17, Total:   9842, Accuracy : 0.9089, Loss: 0.5254
[Train] Epoch:  18, Total: 412031, Accuracy : 0.9818, Loss: 0.0500
[Eval] Epoch:  18, Total:   9842, Accuracy : 0.9088, Loss: 0.5405
[Train] Epoch:  19, Total: 412031, Accuracy : 0.9826, Loss: 0.0489
[Eval] Epoch:  19, Total:   9842, Accuracy : 0.9090, Loss: 0.5527
{"epoch":[1,2,3,4,5,6,7,8,9,10,11,12,13,14,15,16,17,18,19,20],"train_loss":[0.40284469388656735,0.2924236991205571,0.2496762481720551,0.2165323002136642,0.18893457700654587,0.16525244828059066,0.14820164613981054,0.13501245356772257,0.12748370359865774,0.1236017184736936,0.1578002157464901,0.14388006572490153,0.12603472478178718,0.10878893932246643,0.09350331881841333,0.0793338326598454,0.06834967876639889,0.059399926905688016,0.053913153145427564,0.051309802435824406],"eval_loss":[0.2661763635965494,0.2525829584934773,0.2571969849941058,0.2665789857124671,0.27247307163018447,0.2890047461558611,0.30007463005872875,0.31231050804639476,0.3241796833582414,0.32639678854208726,0.31623976696760225,0.3126942725517811,0.3324569777036325,0.3447806842816182,0.3857870430518419,0.4016448672001178,0.42731359601020813,0.44587650971534926,0.4622429104951712,0.46942239388441426],"train_acc":[0.8423055546791383,0.8934109326725417,0.9092956597925884,0.9227315420441666,0.9333569561513575,0.9421524108622895,0.9479966313214298,0.9533457434028022,0.9559183653657127,0.9575808616341974,0.9441158553603977,0.949258672284367,0.9560445694620066,0.9621509061211414,0.9678907655006541,0.9730165934116608,0.9766959282189932,0.9798995706633724,0.9818363181411107,0.9826250937429465],"eval_acc":[0.9034749034749034,0.9099776468197521,0.9148547043283886,0.9134322292217029,0.9135338345864662,0.911908148750254,0.913838650680756,0.9137370453159926,0.9130258077626499,0.9132290184921764,0.9103840682788051,0.9099776468197521,0.9092664092664092,0.9096728307254623,0.909571225360699,0.9099776468197521,0.9092664092664092,0.9088599878073562,0.908758382442593,0.9089615931721194]}
[Eval] Epoch:  11, Total:   9824, Accuracy : 0.9078, Loss: 0.5590
9824 8918 17.971156775951385
