pruned_2_0.05_model_0
DatasetDict({
    test: Dataset({
        features: ['premise', 'hypothesis', 'label', 'indexes'],
        num_rows: 9824
    })
    train: Dataset({
        features: ['premise', 'hypothesis', 'label', 'indexes'],
        num_rows: 27468
    })
    validation: Dataset({
        features: ['premise', 'hypothesis', 'label', 'indexes'],
        num_rows: 9842
    })
})
[Train] Epoch:   0, Total:  27468, Accuracy : 0.6053, Loss: 0.4953
[Eval] Epoch:   0, Total:   9842, Accuracy : 0.8309, Loss: 0.4863
[Train] Epoch:   1, Total:  27468, Accuracy : 0.8384, Loss: 0.2723
[Eval] Epoch:   1, Total:   9842, Accuracy : 0.8450, Loss: 0.4797
[Train] Epoch:   2, Total:  27468, Accuracy : 0.8722, Loss: 0.3486
[Eval] Epoch:   2, Total:   9842, Accuracy : 0.8690, Loss: 0.4330
[Train] Epoch:   3, Total:  27468, Accuracy : 0.8927, Loss: 0.3051
[Eval] Epoch:   3, Total:   9842, Accuracy : 0.8652, Loss: 0.4574
[Train] Epoch:   4, Total:  27468, Accuracy : 0.9125, Loss: 0.3286
[Eval] Epoch:   4, Total:   9842, Accuracy : 0.8673, Loss: 0.4586
[Train] Epoch:   5, Total:  27468, Accuracy : 0.9254, Loss: 0.0848
[Eval] Epoch:   5, Total:   9842, Accuracy : 0.8708, Loss: 0.4913
[Train] Epoch:   6, Total:  27468, Accuracy : 0.9341, Loss: 0.2800
[Eval] Epoch:   6, Total:   9842, Accuracy : 0.8692, Loss: 0.5288
[Train] Epoch:   7, Total:  27468, Accuracy : 0.9411, Loss: 0.1676
[Eval] Epoch:   7, Total:   9842, Accuracy : 0.8699, Loss: 0.5262
[Train] Epoch:   8, Total:  27468, Accuracy : 0.9485, Loss: 0.1023
[Eval] Epoch:   8, Total:   9842, Accuracy : 0.8726, Loss: 0.5364
[Train] Epoch:   9, Total:  27468, Accuracy : 0.9472, Loss: 0.0840
[Eval] Epoch:   9, Total:   9842, Accuracy : 0.8738, Loss: 0.5388
[Train] Epoch:  10, Total:  27468, Accuracy : 0.9396, Loss: 0.1306
[Eval] Epoch:  10, Total:   9842, Accuracy : 0.8706, Loss: 0.5207
[Train] Epoch:  11, Total:  27468, Accuracy : 0.9431, Loss: 0.1269
[Eval] Epoch:  11, Total:   9842, Accuracy : 0.8708, Loss: 0.5447
[Train] Epoch:  12, Total:  27468, Accuracy : 0.9516, Loss: 0.1436
[Eval] Epoch:  12, Total:   9842, Accuracy : 0.8724, Loss: 0.5987
[Train] Epoch:  13, Total:  27468, Accuracy : 0.9580, Loss: 0.0800
[Eval] Epoch:  13, Total:   9842, Accuracy : 0.8638, Loss: 0.6810
[Train] Epoch:  14, Total:  27468, Accuracy : 0.9660, Loss: 0.0803
[Eval] Epoch:  14, Total:   9842, Accuracy : 0.8713, Loss: 0.7373
[Train] Epoch:  15, Total:  27468, Accuracy : 0.9715, Loss: 0.0666
[Eval] Epoch:  15, Total:   9842, Accuracy : 0.8682, Loss: 0.7408
[Train] Epoch:  16, Total:  27468, Accuracy : 0.9750, Loss: 0.0099
[Eval] Epoch:  16, Total:   9842, Accuracy : 0.8705, Loss: 0.7813
[Train] Epoch:  17, Total:  27468, Accuracy : 0.9796, Loss: 0.0360
[Eval] Epoch:  17, Total:   9842, Accuracy : 0.8681, Loss: 0.7857
[Train] Epoch:  18, Total:  27468, Accuracy : 0.9803, Loss: 0.1290
[Eval] Epoch:  18, Total:   9842, Accuracy : 0.8666, Loss: 0.8144
[Train] Epoch:  19, Total:  27468, Accuracy : 0.9817, Loss: 0.0858
[Eval] Epoch:  19, Total:   9842, Accuracy : 0.8676, Loss: 0.8121
{"epoch":[1,2,3,4,5,6,7,8,9,10,11,12,13,14,15,16,17,18,19,20],"train_loss":[0.8224099543359544,0.4321568445475013,0.3556021948655446,0.2979427479483463,0.25296949181291795,0.21573964140757365,0.19546527105073133,0.17544412219689953,0.1581052983938544,0.1567412594816199,0.1785178935776154,0.16876618274384075,0.1440643146634102,0.12356068473309278,0.10253194929962908,0.08634358506511759,0.07668905954428569,0.06289098736036706,0.06199036780054922,0.05649861772717149],"eval_loss":[0.472169055388524,0.4343503033503508,0.380778920956147,0.4025384554496178,0.40040925527230287,0.41307519108821183,0.441424643382048,0.4334896359688196,0.4434378093633896,0.4421047262656383,0.42615986328858596,0.44084736704826355,0.4695396079466893,0.5266736799325699,0.5471495260030795,0.5578102347178336,0.5780375722127084,0.5951189406407185,0.6185338497161865,0.6146201743529394],"train_acc":[0.6053225571574196,0.8383573612931411,0.8722149410222805,0.8926751128585991,0.9125163826998689,0.9254041065967672,0.9341051405271589,0.941131498470948,0.9485219164118247,0.9471748944226008,0.9396024464831805,0.9431338284549293,0.9516164263870686,0.9580238823358089,0.9659603902723168,0.9714941022280472,0.9750254841997962,0.9796490461628077,0.9803043541575651,0.9816877821464978],"eval_acc":[0.8309286730339361,0.844950213371266,0.8690306848201585,0.8651696809591547,0.8673033936191831,0.8707579760211339,0.869233895549685,0.8699451331030278,0.8725868725868726,0.8738061369640318,0.8705547652916074,0.8707579760211339,0.8723836618573461,0.8638488112172322,0.8712660028449503,0.8682178419020524,0.8704531599268441,0.8681162365372892,0.8665921560658403,0.8676082097134729]}
[Eval] Epoch:  11, Total:   9824, Accuracy : 0.8718, Loss: 0.6907
9824 8565 23.280664175748825
