pruned_2_0.3_model_0
DatasetDict({
    test: Dataset({
        features: ['premise', 'hypothesis', 'label', 'indexes'],
        num_rows: 9824
    })
    train: Dataset({
        features: ['premise', 'hypothesis', 'label', 'indexes'],
        num_rows: 164810
    })
    validation: Dataset({
        features: ['premise', 'hypothesis', 'label', 'indexes'],
        num_rows: 9842
    })
})
[Train] Epoch:   0, Total: 164810, Accuracy : 0.8043, Loss: 0.3958
[Eval] Epoch:   0, Total:   9842, Accuracy : 0.8888, Loss: 0.3081
[Train] Epoch:   1, Total: 164810, Accuracy : 0.8872, Loss: 0.3129
[Eval] Epoch:   1, Total:   9842, Accuracy : 0.8982, Loss: 0.2942
[Train] Epoch:   2, Total: 164810, Accuracy : 0.9062, Loss: 0.2433
[Eval] Epoch:   2, Total:   9842, Accuracy : 0.9031, Loss: 0.3267
[Train] Epoch:   3, Total: 164810, Accuracy : 0.9213, Loss: 0.2399
[Eval] Epoch:   3, Total:   9842, Accuracy : 0.9049, Loss: 0.2685
[Train] Epoch:   4, Total: 164810, Accuracy : 0.9336, Loss: 0.2328
[Eval] Epoch:   4, Total:   9842, Accuracy : 0.9039, Loss: 0.3145
[Train] Epoch:   5, Total: 164810, Accuracy : 0.9429, Loss: 0.1793
[Eval] Epoch:   5, Total:   9842, Accuracy : 0.9039, Loss: 0.3595
[Train] Epoch:   6, Total: 164810, Accuracy : 0.9499, Loss: 0.1366
[Eval] Epoch:   6, Total:   9842, Accuracy : 0.9029, Loss: 0.3669
[Train] Epoch:   7, Total: 164810, Accuracy : 0.9546, Loss: 0.1019
[Eval] Epoch:   7, Total:   9842, Accuracy : 0.9017, Loss: 0.3979
[Train] Epoch:   8, Total: 164810, Accuracy : 0.9578, Loss: 0.1429
[Eval] Epoch:   8, Total:   9842, Accuracy : 0.9017, Loss: 0.4003
[Train] Epoch:   9, Total: 164810, Accuracy : 0.9594, Loss: 0.0486
[Eval] Epoch:   9, Total:   9842, Accuracy : 0.9028, Loss: 0.4072
[Train] Epoch:  10, Total: 164810, Accuracy : 0.9464, Loss: 0.1110
[Eval] Epoch:  10, Total:   9842, Accuracy : 0.8992, Loss: 0.4487
[Train] Epoch:  11, Total: 164810, Accuracy : 0.9521, Loss: 0.1570
[Eval] Epoch:  11, Total:   9842, Accuracy : 0.9012, Loss: 0.4408
[Train] Epoch:  12, Total: 164810, Accuracy : 0.9584, Loss: 0.0852
[Eval] Epoch:  12, Total:   9842, Accuracy : 0.9014, Loss: 0.5145
[Train] Epoch:  13, Total: 164810, Accuracy : 0.9648, Loss: 0.0581
[Eval] Epoch:  13, Total:   9842, Accuracy : 0.8976, Loss: 0.5882
[Train] Epoch:  14, Total: 164810, Accuracy : 0.9700, Loss: 0.1208
[Eval] Epoch:  14, Total:   9842, Accuracy : 0.8988, Loss: 0.5451
[Train] Epoch:  15, Total: 164810, Accuracy : 0.9751, Loss: 0.0611
[Eval] Epoch:  15, Total:   9842, Accuracy : 0.8994, Loss: 0.5795
[Train] Epoch:  16, Total: 164810, Accuracy : 0.9784, Loss: 0.0821
[Eval] Epoch:  16, Total:   9842, Accuracy : 0.8958, Loss: 0.6560
[Train] Epoch:  17, Total: 164810, Accuracy : 0.9811, Loss: 0.0595
[Eval] Epoch:  17, Total:   9842, Accuracy : 0.8998, Loss: 0.6406
[Train] Epoch:  18, Total: 164810, Accuracy : 0.9832, Loss: 0.0302
[Eval] Epoch:  18, Total:   9842, Accuracy : 0.8987, Loss: 0.6626
[Train] Epoch:  19, Total: 164810, Accuracy : 0.9838, Loss: 0.0413
[Eval] Epoch:  19, Total:   9842, Accuracy : 0.8988, Loss: 0.6735
{"epoch":[1,2,3,4,5,6,7,8,9,10,11,12,13,14,15,16,17,18,19,20],"train_loss":[0.4718883702103396,0.3110923541952734,0.26073668584782883,0.22202434528457082,0.19032810379675827,0.16614511566271323,0.14688520000449248,0.1343137933785871,0.12442827326540622,0.12048236096729033,0.15315813528408545,0.1378721853324808,0.12117425158550466,0.10378413138078144,0.0886166269503395,0.07504569422106565,0.06462041937503153,0.05654765784404941,0.05091411339535569,0.048979553678911755],"eval_loss":[0.298840867403226,0.2864663001054373,0.28814459267335063,0.2834547941501324,0.3133692569457568,0.3157712702567761,0.3371072098230704,0.3574401747721892,0.3611198331301029,0.3635680236113377,0.34580378578259396,0.36961404024026334,0.397595865604205,0.42618981080177504,0.42881674873523223,0.45160483626218945,0.49135173589755327,0.4953904885512132,0.512633849412967,0.5151675328230246],"train_acc":[0.8043322613919058,0.8871670408349008,0.9062496207754384,0.9213093865663491,0.9336083975486924,0.9429282203749773,0.9499059523087191,0.9545719313148474,0.9577816880043687,0.9594199381105516,0.9463503428190037,0.9520902857836296,0.9583641769310115,0.9647594199381105,0.9699654147199805,0.9751046659790061,0.9784115041563012,0.98111158303501,0.9831927674291608,0.9838116619137188],"eval_acc":[0.8888437309489942,0.898191424507214,0.9030684820158504,0.9048973785815891,0.9038813249339566,0.9038813249339566,0.9028652712863239,0.9017476122739281,0.9017476122739281,0.9027636659215607,0.8992074781548466,0.9012395854501117,0.9014427961796383,0.8975817923186344,0.8988010566957936,0.8994106888843731,0.8957528957528957,0.8998171103434262,0.8986994513310302,0.8988010566957936]}
[Eval] Epoch:  11, Total:   9824, Accuracy : 0.8958, Loss: 0.6318
9824 8800 20.520940095186234
