random_0.04_model_0
DatasetDict({
    test: Dataset({
        features: ['premise', 'hypothesis', 'label', 'indexes'],
        num_rows: 9824
    })
    train: Dataset({
        features: ['premise', 'hypothesis', 'label', 'indexes'],
        num_rows: 21975
    })
    validation: Dataset({
        features: ['premise', 'hypothesis', 'label', 'indexes'],
        num_rows: 9842
    })
})
[Train] Epoch:   0, Total:  21975, Accuracy : 0.4843, Loss: 0.6777
[Eval] Epoch:   0, Total:   9842, Accuracy : 0.7820, Loss: 0.5491
[Train] Epoch:   1, Total:  21975, Accuracy : 0.8064, Loss: 0.4361
[Eval] Epoch:   1, Total:   9842, Accuracy : 0.8563, Loss: 0.4071
[Train] Epoch:   2, Total:  21975, Accuracy : 0.8574, Loss: 0.3455
[Eval] Epoch:   2, Total:   9842, Accuracy : 0.8684, Loss: 0.3760
[Train] Epoch:   3, Total:  21975, Accuracy : 0.8861, Loss: 0.3647
[Eval] Epoch:   3, Total:   9842, Accuracy : 0.8701, Loss: 0.3429
[Train] Epoch:   4, Total:  21975, Accuracy : 0.9041, Loss: 0.2904
[Eval] Epoch:   4, Total:   9842, Accuracy : 0.8781, Loss: 0.3556
[Train] Epoch:   5, Total:  21975, Accuracy : 0.9203, Loss: 0.2071
[Eval] Epoch:   5, Total:   9842, Accuracy : 0.8753, Loss: 0.3524
[Train] Epoch:   6, Total:  21975, Accuracy : 0.9338, Loss: 0.1699
[Eval] Epoch:   6, Total:   9842, Accuracy : 0.8757, Loss: 0.3235
[Train] Epoch:   7, Total:  21975, Accuracy : 0.9399, Loss: 0.1325
[Eval] Epoch:   7, Total:   9842, Accuracy : 0.8768, Loss: 0.3551
[Train] Epoch:   8, Total:  21975, Accuracy : 0.9463, Loss: 0.1765
[Eval] Epoch:   8, Total:   9842, Accuracy : 0.8762, Loss: 0.3704
[Train] Epoch:   9, Total:  21975, Accuracy : 0.9475, Loss: 0.1131
[Eval] Epoch:   9, Total:   9842, Accuracy : 0.8761, Loss: 0.3656
[Train] Epoch:  10, Total:  21975, Accuracy : 0.9392, Loss: 0.1646
[Eval] Epoch:  10, Total:   9842, Accuracy : 0.8714, Loss: 0.4282
[Train] Epoch:  11, Total:  21975, Accuracy : 0.9424, Loss: 0.2481
[Eval] Epoch:  11, Total:   9842, Accuracy : 0.8738, Loss: 0.3661
[Train] Epoch:  12, Total:  21975, Accuracy : 0.9525, Loss: 0.2180
[Eval] Epoch:  12, Total:   9842, Accuracy : 0.8737, Loss: 0.3743
[Train] Epoch:  13, Total:  21975, Accuracy : 0.9606, Loss: 0.1322
[Eval] Epoch:  13, Total:   9842, Accuracy : 0.8774, Loss: 0.3966
[Train] Epoch:  14, Total:  21975, Accuracy : 0.9657, Loss: 0.1248
[Eval] Epoch:  14, Total:   9842, Accuracy : 0.8749, Loss: 0.4159
[Train] Epoch:  15, Total:  21975, Accuracy : 0.9724, Loss: 0.0705
[Eval] Epoch:  15, Total:   9842, Accuracy : 0.8760, Loss: 0.4421
[Train] Epoch:  16, Total:  21975, Accuracy : 0.9762, Loss: 0.0807
[Eval] Epoch:  16, Total:   9842, Accuracy : 0.8776, Loss: 0.4835
[Train] Epoch:  17, Total:  21975, Accuracy : 0.9800, Loss: 0.0759
[Eval] Epoch:  17, Total:   9842, Accuracy : 0.8788, Loss: 0.4568
[Train] Epoch:  18, Total:  21975, Accuracy : 0.9824, Loss: 0.0747
[Eval] Epoch:  18, Total:   9842, Accuracy : 0.8777, Loss: 0.4643
[Train] Epoch:  19, Total:  21975, Accuracy : 0.9818, Loss: 0.0752
[Eval] Epoch:  19, Total:   9842, Accuracy : 0.8774, Loss: 0.4679
{"epoch":[1,2,3,4,5,6,7,8,9,10,11,12,13,14,15,16,17,18,19,20],"train_loss":[0.9576020067514375,0.5091534225746642,0.3903737879076669,0.3201741479163946,0.271434911115225,0.23193498579568642,0.19844822368996087,0.17898465398439142,0.1649295167001181,0.16181954585535582,0.18333501117520554,0.16854733297991198,0.14583258504091307,0.12194787134784599,0.10773351407328317,0.0874448413419169,0.07513030408340138,0.06608628502202242,0.06113343991252572,0.059460014624651086],"eval_loss":[0.5557421453488178,0.3907317366355505,0.36060438859157073,0.3688779335755568,0.36720722837325853,0.3892090320587158,0.39099303881327313,0.4051715647562956,0.4116955109131642,0.41342287491529417,0.4146271791213598,0.40960936210094356,0.4612874587376912,0.4645134692008679,0.47057559857001674,0.49825750100306976,0.52842193765518,0.5280233537539457,0.5429512705558386,0.5422926201270177],"train_acc":[0.4843230944254835,0.8064163822525597,0.8573833902161547,0.8861433447098976,0.9040728100113765,0.9202730375426621,0.9337883959044369,0.9399317406143345,0.9463026166097839,0.947485779294653,0.9392036405005688,0.9423890784982936,0.9524914675767918,0.9605915813424346,0.9656882821387941,0.972377701934016,0.9761547212741752,0.9800227531285551,0.9823890784982935,0.9818430034129693],"eval_acc":[0.7819548872180451,0.8563300142247511,0.868421052631579,0.8701483438325543,0.8780735622840886,0.8753302174354806,0.8757366388945337,0.8767526925421663,0.8762446657183499,0.8761430603535867,0.8713676082097135,0.8738061369640318,0.8737045315992684,0.8773623247307458,0.8749237959764276,0.8760414549888235,0.8775655354602723,0.8787847998374314,0.8776671408250356,0.8773623247307458]}
[Eval] Epoch:  11, Total:   9824, Accuracy : 0.8727, Loss: 0.8424
9824 8573 22.161691039800644
