random_0.4_model_0
DatasetDict({
    test: Dataset({
        features: ['premise', 'hypothesis', 'label', 'indexes'],
        num_rows: 9824
    })
    train: Dataset({
        features: ['premise', 'hypothesis', 'label', 'indexes'],
        num_rows: 219747
    })
    validation: Dataset({
        features: ['premise', 'hypothesis', 'label', 'indexes'],
        num_rows: 9842
    })
})
[Train] Epoch:   0, Total: 219747, Accuracy : 0.8174, Loss: 0.4942
[Eval] Epoch:   0, Total:   9842, Accuracy : 0.8982, Loss: 0.3433
[Train] Epoch:   1, Total: 219747, Accuracy : 0.8860, Loss: 0.2121
[Eval] Epoch:   1, Total:   9842, Accuracy : 0.9035, Loss: 0.3142
[Train] Epoch:   2, Total: 219747, Accuracy : 0.9047, Loss: 0.2081
[Eval] Epoch:   2, Total:   9842, Accuracy : 0.9060, Loss: 0.2837
[Train] Epoch:   3, Total: 219747, Accuracy : 0.9192, Loss: 0.2491
[Eval] Epoch:   3, Total:   9842, Accuracy : 0.9081, Loss: 0.3208
[Train] Epoch:   4, Total: 219747, Accuracy : 0.9310, Loss: 0.2570
[Eval] Epoch:   4, Total:   9842, Accuracy : 0.9080, Loss: 0.2596
[Train] Epoch:   5, Total: 219747, Accuracy : 0.9406, Loss: 0.1240
[Eval] Epoch:   5, Total:   9842, Accuracy : 0.9099, Loss: 0.3092
[Train] Epoch:   6, Total: 219747, Accuracy : 0.9481, Loss: 0.1514
[Eval] Epoch:   6, Total:   9842, Accuracy : 0.9084, Loss: 0.3150
[Train] Epoch:   7, Total: 219747, Accuracy : 0.9529, Loss: 0.1234
[Eval] Epoch:   7, Total:   9842, Accuracy : 0.9099, Loss: 0.3184
[Train] Epoch:   8, Total: 219747, Accuracy : 0.9555, Loss: 0.0900
[Eval] Epoch:   8, Total:   9842, Accuracy : 0.9101, Loss: 0.3251
[Train] Epoch:   9, Total: 219747, Accuracy : 0.9582, Loss: 0.1186
[Eval] Epoch:   9, Total:   9842, Accuracy : 0.9097, Loss: 0.3264
[Train] Epoch:  10, Total: 219747, Accuracy : 0.9451, Loss: 0.1876
[Eval] Epoch:  10, Total:   9842, Accuracy : 0.9015, Loss: 0.3990
[Train] Epoch:  11, Total: 219747, Accuracy : 0.9495, Loss: 0.0792
[Eval] Epoch:  11, Total:   9842, Accuracy : 0.9059, Loss: 0.3441
[Train] Epoch:  12, Total: 219747, Accuracy : 0.9564, Loss: 0.0751
[Eval] Epoch:  12, Total:   9842, Accuracy : 0.9030, Loss: 0.3969
[Train] Epoch:  13, Total: 219747, Accuracy : 0.9630, Loss: 0.0643
[Eval] Epoch:  13, Total:   9842, Accuracy : 0.9060, Loss: 0.4226
[Train] Epoch:  14, Total: 219747, Accuracy : 0.9678, Loss: 0.0767
[Eval] Epoch:  14, Total:   9842, Accuracy : 0.9038, Loss: 0.4245
[Train] Epoch:  15, Total: 219747, Accuracy : 0.9732, Loss: 0.0908
[Eval] Epoch:  15, Total:   9842, Accuracy : 0.9043, Loss: 0.5266
[Train] Epoch:  16, Total: 219747, Accuracy : 0.9770, Loss: 0.0344
[Eval] Epoch:  16, Total:   9842, Accuracy : 0.9035, Loss: 0.5385
[Train] Epoch:  17, Total: 219747, Accuracy : 0.9806, Loss: 0.0588
[Eval] Epoch:  17, Total:   9842, Accuracy : 0.9040, Loss: 0.5742
[Train] Epoch:  18, Total: 219747, Accuracy : 0.9821, Loss: 0.0585
[Eval] Epoch:  18, Total:   9842, Accuracy : 0.9040, Loss: 0.6098
[Train] Epoch:  19, Total: 219747, Accuracy : 0.9832, Loss: 0.0128
[Eval] Epoch:  19, Total:   9842, Accuracy : 0.9046, Loss: 0.5994
{"epoch":[1,2,3,4,5,6,7,8,9,10,11,12,13,14,15,16,17,18,19,20],"train_loss":[0.45196006704681274,0.31253200592483993,0.26437804753413996,0.2268664259571968,0.19555943070697285,0.17051585054196355,0.15048592172051337,0.13722904519599724,0.12952013365377923,0.12362186979758309,0.15736992522744556,0.14556958313870902,0.12613886875361724,0.10847234557685252,0.09306830703145341,0.0782439741820999,0.06753859975796986,0.057284389191000304,0.05342936623468562,0.049812108695689195],"eval_loss":[0.2880875456791658,0.2733408785783328,0.2698495311614795,0.28406658157324177,0.2922793374611781,0.30557048550018895,0.3163115313419929,0.33561258285473555,0.34159262516559696,0.3464865180162283,0.33974606601091534,0.34788902524190074,0.36577757734518784,0.38964586150951874,0.40203758692130065,0.4405741355358026,0.45823862690192,0.48345727645433867,0.4976610518418826,0.49929260901915723],"train_acc":[0.8174400560644741,0.8859870669451687,0.9047404515192471,0.9192343922783929,0.9310252244626775,0.9406408278611312,0.9481267093521186,0.9528685260777167,0.9555306784620495,0.958188280158546,0.9451323567557236,0.9495010170787315,0.95635435296045,0.9630393133922193,0.967767478054308,0.9732055500188853,0.9769735195474796,0.9805731136261245,0.9820611885486491,0.9831897591320928],"eval_acc":[0.898191424507214,0.9034749034749034,0.9060150375939849,0.9081487502540134,0.9080471448892502,0.9098760414549888,0.90835196098354,0.9098760414549888,0.9100792521845154,0.9096728307254623,0.9015444015444015,0.9059134322292217,0.9029668766510872,0.9060150375939849,0.9037797195691932,0.9042877463930096,0.9034749034749034,0.9039829302987198,0.9039829302987198,0.9045925624872994]}
[Eval] Epoch:  11, Total:   9824, Accuracy : 0.9015, Loss: 0.6848
9824 8856 19.226115882396698
