random_0.03_model_0
DatasetDict({
    test: Dataset({
        features: ['premise', 'hypothesis', 'label', 'indexes'],
        num_rows: 9824
    })
    train: Dataset({
        features: ['premise', 'hypothesis', 'label', 'indexes'],
        num_rows: 16481
    })
    validation: Dataset({
        features: ['premise', 'hypothesis', 'label', 'indexes'],
        num_rows: 9842
    })
})
[Train] Epoch:   0, Total:  16481, Accuracy : 0.4300, Loss: 0.5691
[Eval] Epoch:   0, Total:   9842, Accuracy : 0.7785, Loss: 0.5331
[Train] Epoch:   1, Total:  16481, Accuracy : 0.7993, Loss: 0.4863
[Eval] Epoch:   1, Total:   9842, Accuracy : 0.8547, Loss: 0.3968
[Train] Epoch:   2, Total:  16481, Accuracy : 0.8549, Loss: 0.2902
[Eval] Epoch:   2, Total:   9842, Accuracy : 0.8577, Loss: 0.3419
[Train] Epoch:   3, Total:  16481, Accuracy : 0.8844, Loss: 0.3530
[Eval] Epoch:   3, Total:   9842, Accuracy : 0.8673, Loss: 0.3245
[Train] Epoch:   4, Total:  16481, Accuracy : 0.9046, Loss: 0.3601
[Eval] Epoch:   4, Total:   9842, Accuracy : 0.8685, Loss: 0.3211
[Train] Epoch:   5, Total:  16481, Accuracy : 0.9200, Loss: 0.2142
[Eval] Epoch:   5, Total:   9842, Accuracy : 0.8708, Loss: 0.3099
[Train] Epoch:   6, Total:  16481, Accuracy : 0.9329, Loss: 0.2885
[Eval] Epoch:   6, Total:   9842, Accuracy : 0.8696, Loss: 0.3708
[Train] Epoch:   7, Total:  16481, Accuracy : 0.9433, Loss: 0.0837
[Eval] Epoch:   7, Total:   9842, Accuracy : 0.8701, Loss: 0.3386
[Train] Epoch:   8, Total:  16481, Accuracy : 0.9459, Loss: 0.1732
[Eval] Epoch:   8, Total:   9842, Accuracy : 0.8740, Loss: 0.3375
[Train] Epoch:   9, Total:  16481, Accuracy : 0.9501, Loss: 0.0946
[Eval] Epoch:   9, Total:   9842, Accuracy : 0.8737, Loss: 0.3378
[Train] Epoch:  10, Total:  16481, Accuracy : 0.9451, Loss: 0.1636
[Eval] Epoch:  10, Total:   9842, Accuracy : 0.8637, Loss: 0.3646
[Train] Epoch:  11, Total:  16481, Accuracy : 0.9448, Loss: 0.2257
[Eval] Epoch:  11, Total:   9842, Accuracy : 0.8689, Loss: 0.3977
[Train] Epoch:  12, Total:  16481, Accuracy : 0.9535, Loss: 0.0988
[Eval] Epoch:  12, Total:   9842, Accuracy : 0.8689, Loss: 0.3581
[Train] Epoch:  13, Total:  16481, Accuracy : 0.9612, Loss: 0.1539
[Eval] Epoch:  13, Total:   9842, Accuracy : 0.8680, Loss: 0.4338
[Train] Epoch:  14, Total:  16481, Accuracy : 0.9667, Loss: 0.0756
[Eval] Epoch:  14, Total:   9842, Accuracy : 0.8718, Loss: 0.4199
[Train] Epoch:  15, Total:  16481, Accuracy : 0.9733, Loss: 0.0826
[Eval] Epoch:  15, Total:   9842, Accuracy : 0.8719, Loss: 0.4568
[Train] Epoch:  16, Total:  16481, Accuracy : 0.9769, Loss: 0.1381
[Eval] Epoch:  16, Total:   9842, Accuracy : 0.8712, Loss: 0.4757
[Train] Epoch:  17, Total:  16481, Accuracy : 0.9814, Loss: 0.0435
[Eval] Epoch:  17, Total:   9842, Accuracy : 0.8718, Loss: 0.4571
[Train] Epoch:  18, Total:  16481, Accuracy : 0.9845, Loss: 0.0528
[Eval] Epoch:  18, Total:   9842, Accuracy : 0.8722, Loss: 0.4689
[Train] Epoch:  19, Total:  16481, Accuracy : 0.9852, Loss: 0.1563
[Eval] Epoch:  19, Total:   9842, Accuracy : 0.8722, Loss: 0.4595
{"epoch":[1,2,3,4,5,6,7,8,9,10,11,12,13,14,15,16,17,18,19,20],"train_loss":[1.0240556909487797,0.5232253198440259,0.39685007883952217,0.3271927459881856,0.2755302669910284,0.2295985886683831,0.19809803756383748,0.17086624743846746,0.1625891671730922,0.15175341791831531,0.166473045028173,0.16490058257029608,0.1397096356520286,0.11840713368012355,0.10350056846554463,0.08126698010242903,0.06871023610807382,0.05827818881147183,0.05293892782468062,0.051947096763895105],"eval_loss":[0.5859414002834222,0.3908042991772676,0.3906420560983511,0.36911746783134264,0.37035879034262437,0.3949196797150832,0.40720083163334775,0.42369117645116955,0.42447699644626713,0.42595804043305224,0.4579062828650841,0.4386607805887858,0.4582431461566534,0.511888814278138,0.5020612027400579,0.5331739775645428,0.5515475158508008,0.5669688078073355,0.5729440030379173,0.5704605556451358],"train_acc":[0.43001031490807595,0.7992840240276682,0.8549238517080274,0.8843516776894605,0.9045567623323827,0.9200291244463321,0.9328924215763607,0.9432680055821856,0.9459377464959651,0.9501243856562102,0.9450882834779443,0.9448455797585098,0.9534615617984346,0.9611674048904799,0.9666889145076148,0.9733025908622049,0.9769431466537225,0.9813724895334021,0.984466961956192,0.9851950731144955],"eval_acc":[0.7785003048160943,0.8547043283885389,0.8576508839666734,0.8673033936191831,0.8685226579963422,0.8707579760211339,0.869640317008738,0.8701483438325543,0.8740093476935582,0.8737045315992684,0.863747205852469,0.8689290794553952,0.8689290794553952,0.8680146311725259,0.8717740296687665,0.8718756350335297,0.8711643974801869,0.8717740296687665,0.8721804511278195,0.8721804511278195]}
[Eval] Epoch:  11, Total:   9824, Accuracy : 0.8708, Loss: 0.6188
9824 8555 22.198521703481674
