random_0.01_model_0
DatasetDict({
    test: Dataset({
        features: ['premise', 'hypothesis', 'label', 'indexes'],
        num_rows: 9824
    })
    train: Dataset({
        features: ['premise', 'hypothesis', 'label', 'indexes'],
        num_rows: 5494
    })
    validation: Dataset({
        features: ['premise', 'hypothesis', 'label', 'indexes'],
        num_rows: 9842
    })
})
[Train] Epoch:   0, Total:   5494, Accuracy : 0.3251, Loss: 1.1060
[Eval] Epoch:   0, Total:   9842, Accuracy : 0.3382, Loss: 1.0985
[Train] Epoch:   1, Total:   5494, Accuracy : 0.3546, Loss: 1.0778
[Eval] Epoch:   1, Total:   9842, Accuracy : 0.3384, Loss: 1.0569
[Train] Epoch:   2, Total:   5494, Accuracy : 0.5919, Loss: 0.6513
[Eval] Epoch:   2, Total:   9842, Accuracy : 0.7444, Loss: 0.6398
[Train] Epoch:   3, Total:   5494, Accuracy : 0.7557, Loss: 0.5413
[Eval] Epoch:   3, Total:   9842, Accuracy : 0.8115, Loss: 0.5432
[Train] Epoch:   4, Total:   5494, Accuracy : 0.8256, Loss: 0.4482
[Eval] Epoch:   4, Total:   9842, Accuracy : 0.8382, Loss: 0.4746
[Train] Epoch:   5, Total:   5494, Accuracy : 0.8560, Loss: 0.4060
[Eval] Epoch:   5, Total:   9842, Accuracy : 0.8298, Loss: 0.5141
[Train] Epoch:   6, Total:   5494, Accuracy : 0.8806, Loss: 0.3742
[Eval] Epoch:   6, Total:   9842, Accuracy : 0.8441, Loss: 0.4927
[Train] Epoch:   7, Total:   5494, Accuracy : 0.8946, Loss: 0.3843
[Eval] Epoch:   7, Total:   9842, Accuracy : 0.8498, Loss: 0.4991
[Train] Epoch:   8, Total:   5494, Accuracy : 0.9054, Loss: 0.1558
[Eval] Epoch:   8, Total:   9842, Accuracy : 0.8460, Loss: 0.4945
[Train] Epoch:   9, Total:   5494, Accuracy : 0.9155, Loss: 0.1969
[Eval] Epoch:   9, Total:   9842, Accuracy : 0.8522, Loss: 0.4935
[Train] Epoch:  10, Total:   5494, Accuracy : 0.9210, Loss: 0.3258
[Eval] Epoch:  10, Total:   9842, Accuracy : 0.8507, Loss: 0.4987
[Train] Epoch:  11, Total:   5494, Accuracy : 0.9126, Loss: 0.2323
[Eval] Epoch:  11, Total:   9842, Accuracy : 0.8507, Loss: 0.5146
[Train] Epoch:  12, Total:   5494, Accuracy : 0.9250, Loss: 0.2179
[Eval] Epoch:  12, Total:   9842, Accuracy : 0.8393, Loss: 0.5920
[Train] Epoch:  13, Total:   5494, Accuracy : 0.9328, Loss: 0.1871
[Eval] Epoch:  13, Total:   9842, Accuracy : 0.8488, Loss: 0.5430
[Train] Epoch:  14, Total:   5494, Accuracy : 0.9368, Loss: 0.2788
[Eval] Epoch:  14, Total:   9842, Accuracy : 0.8464, Loss: 0.5672
[Train] Epoch:  15, Total:   5494, Accuracy : 0.9547, Loss: 0.1662
[Eval] Epoch:  15, Total:   9842, Accuracy : 0.8456, Loss: 0.6034
[Train] Epoch:  16, Total:   5494, Accuracy : 0.9651, Loss: 0.1963
[Eval] Epoch:  16, Total:   9842, Accuracy : 0.8490, Loss: 0.6137
[Train] Epoch:  17, Total:   5494, Accuracy : 0.9678, Loss: 0.1543
[Eval] Epoch:  17, Total:   9842, Accuracy : 0.8475, Loss: 0.6151
[Train] Epoch:  18, Total:   5494, Accuracy : 0.9707, Loss: 0.0634
[Eval] Epoch:  18, Total:   9842, Accuracy : 0.8481, Loss: 0.6201
[Train] Epoch:  19, Total:   5494, Accuracy : 0.9749, Loss: 0.0515
[Eval] Epoch:  19, Total:   9842, Accuracy : 0.8492, Loss: 0.6221
{"epoch":[1,2,3,4,5,6,7,8,9,10,11,12,13,14,15,16,17,18,19,20],"train_loss":[1.099721529267051,1.0959128683263606,0.8557917638258501,0.6062195571986112,0.473398510705341,0.39588510719212616,0.34905080226334656,0.304084448651834,0.2757777023044499,0.25540049509568646,0.24972647022117267,0.25867669081146066,0.22740718519145792,0.20312621783126483,0.1864171177148819,0.13670740479772742,0.12013936753977429,0.10260177793150599,0.09348803233693946,0.0877051827582446],"eval_loss":[1.0981463468991792,1.05675754791651,0.6256230152570285,0.5069161554177603,0.4481714895138374,0.45858538456452197,0.43548621733983356,0.4520231172060355,0.4521814569448813,0.44952659958448166,0.4524812927612892,0.4584254163962144,0.5228124329676995,0.487144892796492,0.49839156789657396,0.5435426861811907,0.5467412380071787,0.561728081642053,0.5660783503300104,0.5668604419781611],"train_acc":[0.32508190753549326,0.3545686203130688,0.5919184564979978,0.7557335274845286,0.8256279577721151,0.8560247542773936,0.8805970149253731,0.8946123043319986,0.9053512923188933,0.9155442300691664,0.921004732435384,0.9126319621405169,0.925009100837277,0.9328358208955224,0.9368401892974154,0.9546778303603931,0.9650527848562068,0.9677830360393156,0.9706953039679651,0.9748816891153986],"eval_acc":[0.3382442592968909,0.3384474700264174,0.7443609022556391,0.8115220483641536,0.8382442592968908,0.8298110140215403,0.84413737045316,0.8498272708799025,0.8459662670188985,0.8521641942694574,0.8507417191627717,0.8507417191627717,0.8392603129445235,0.8488112172322698,0.8463726884779517,0.8455598455598455,0.8490144279617964,0.8474903474903475,0.848099979678927,0.8492176386913229]}
[Eval] Epoch:  11, Total:   9824, Accuracy : 0.8526, Loss: 0.6451
9824 8376 21.28558909893036
