random_0.05_model_0
DatasetDict({
    test: Dataset({
        features: ['premise', 'hypothesis', 'label', 'indexes'],
        num_rows: 9824
    })
    train: Dataset({
        features: ['premise', 'hypothesis', 'label', 'indexes'],
        num_rows: 27468
    })
    validation: Dataset({
        features: ['premise', 'hypothesis', 'label', 'indexes'],
        num_rows: 9842
    })
})
[Train] Epoch:   0, Total:  27468, Accuracy : 0.5548, Loss: 0.6896
[Eval] Epoch:   0, Total:   9842, Accuracy : 0.8442, Loss: 0.4252
[Train] Epoch:   1, Total:  27468, Accuracy : 0.8343, Loss: 0.4149
[Eval] Epoch:   1, Total:   9842, Accuracy : 0.8694, Loss: 0.3800
[Train] Epoch:   2, Total:  27468, Accuracy : 0.8710, Loss: 0.2914
[Eval] Epoch:   2, Total:   9842, Accuracy : 0.8752, Loss: 0.3506
[Train] Epoch:   3, Total:  27468, Accuracy : 0.8929, Loss: 0.1843
[Eval] Epoch:   3, Total:   9842, Accuracy : 0.8801, Loss: 0.3390
[Train] Epoch:   4, Total:  27468, Accuracy : 0.9135, Loss: 0.3046
[Eval] Epoch:   4, Total:   9842, Accuracy : 0.8808, Loss: 0.3706
[Train] Epoch:   5, Total:  27468, Accuracy : 0.9269, Loss: 0.1949
[Eval] Epoch:   5, Total:   9842, Accuracy : 0.8842, Loss: 0.3881
[Train] Epoch:   6, Total:  27468, Accuracy : 0.9400, Loss: 0.1501
[Eval] Epoch:   6, Total:   9842, Accuracy : 0.8817, Loss: 0.4086
[Train] Epoch:   7, Total:  27468, Accuracy : 0.9450, Loss: 0.1309
[Eval] Epoch:   7, Total:   9842, Accuracy : 0.8811, Loss: 0.4026
[Train] Epoch:   8, Total:  27468, Accuracy : 0.9490, Loss: 0.1518
[Eval] Epoch:   8, Total:   9842, Accuracy : 0.8825, Loss: 0.3961
[Train] Epoch:   9, Total:  27468, Accuracy : 0.9524, Loss: 0.1476
[Eval] Epoch:   9, Total:   9842, Accuracy : 0.8819, Loss: 0.3966
[Train] Epoch:  10, Total:  27468, Accuracy : 0.9458, Loss: 0.1369
[Eval] Epoch:  10, Total:   9842, Accuracy : 0.8815, Loss: 0.3550
[Train] Epoch:  11, Total:  27468, Accuracy : 0.9454, Loss: 0.1349
[Eval] Epoch:  11, Total:   9842, Accuracy : 0.8791, Loss: 0.4422
[Train] Epoch:  12, Total:  27468, Accuracy : 0.9559, Loss: 0.0316
[Eval] Epoch:  12, Total:   9842, Accuracy : 0.8771, Loss: 0.5142
[Train] Epoch:  13, Total:  27468, Accuracy : 0.9638, Loss: 0.2964
[Eval] Epoch:  13, Total:   9842, Accuracy : 0.8784, Loss: 0.5501
[Train] Epoch:  14, Total:  27468, Accuracy : 0.9692, Loss: 0.1065
[Eval] Epoch:  14, Total:   9842, Accuracy : 0.8758, Loss: 0.5561
[Train] Epoch:  15, Total:  27468, Accuracy : 0.9743, Loss: 0.0969
[Eval] Epoch:  15, Total:   9842, Accuracy : 0.8770, Loss: 0.5855
[Train] Epoch:  16, Total:  27468, Accuracy : 0.9770, Loss: 0.0569
[Eval] Epoch:  16, Total:   9842, Accuracy : 0.8778, Loss: 0.5445
[Train] Epoch:  17, Total:  27468, Accuracy : 0.9810, Loss: 0.0290
[Eval] Epoch:  17, Total:   9842, Accuracy : 0.8778, Loss: 0.5591
[Train] Epoch:  18, Total:  27468, Accuracy : 0.9832, Loss: 0.1349
[Eval] Epoch:  18, Total:   9842, Accuracy : 0.8783, Loss: 0.5538
[Train] Epoch:  19, Total:  27468, Accuracy : 0.9831, Loss: 0.0240
[Eval] Epoch:  19, Total:   9842, Accuracy : 0.8793, Loss: 0.5582
{"epoch":[1,2,3,4,5,6,7,8,9,10,11,12,13,14,15,16,17,18,19,20],"train_loss":[0.8701575045232419,0.446136605684404,0.356898276342286,0.2996383229339564,0.25041838528381455,0.21327703929057829,0.18139657171236145,0.16703817220749678,0.15681481271706246,0.14702205428922618,0.1665585454967287,0.15960781496983986,0.13290425993640115,0.1144244175542284,0.09901615894503063,0.08238475954298068,0.07419769083046251,0.06160640766568206,0.05885858823441797,0.0547579494304955],"eval_loss":[0.4308307728706262,0.35273113006200546,0.34203322804891145,0.33541871263430667,0.3670803293203696,0.3665539629948445,0.39874049715506726,0.39689987974289137,0.4027727559590951,0.40522228601651317,0.4035950685158754,0.41206027529178524,0.46069110204011965,0.4980034446104979,0.49044462885612095,0.519313116868337,0.5280120900044074,0.5393497141507956,0.5384568648460584,0.5397353768348694],"train_acc":[0.5548274355613805,0.8342798893257609,0.8709771370321829,0.8929299548565603,0.9134993446920052,0.9269331585845347,0.9400393184796855,0.944954128440367,0.9490316004077471,0.9524173583806611,0.9458278724333771,0.9453545944371633,0.9559123343527013,0.9637760302897918,0.969164118246687,0.9742973642056211,0.9770278141837775,0.9809596621523227,0.9832168341342653,0.9830712101354303],"eval_acc":[0.8442389758179232,0.8694371062792116,0.8752286120707173,0.8801056695793538,0.8808169071326966,0.8841698841698842,0.8817313554155659,0.8811217232269863,0.882544198333672,0.8819345661450925,0.8815281446860395,0.8790896159317212,0.877057508636456,0.8783783783783784,0.8758382442592969,0.8769559032716927,0.8777687461897988,0.8777687461897988,0.8782767730136151,0.8792928266612478]}
[Eval] Epoch:  11, Total:   9824, Accuracy : 0.8787, Loss: 0.8009
9824 8632 21.676837235689163
