[Train] Epoch:   0, Total: 392702, Accuracy : 0.8012, Loss: 0.3757
[Eval] Epoch:   0, Total:   9815, Accuracy : 0.8536, Loss: 0.2352
[Eval] Epoch:   0, Total:   9832, Accuracy : 0.8570, Loss: 0.4186
[Train] Epoch:   1, Total: 392702, Accuracy : 0.8664, Loss: 0.3802
[Eval] Epoch:   1, Total:   9815, Accuracy : 0.8611, Loss: 0.1989
[Eval] Epoch:   1, Total:   9832, Accuracy : 0.8620, Loss: 0.3706
[Train] Epoch:   2, Total: 392702, Accuracy : 0.8911, Loss: 0.2973
[Eval] Epoch:   2, Total:   9815, Accuracy : 0.8659, Loss: 0.2046
[Eval] Epoch:   2, Total:   9832, Accuracy : 0.8682, Loss: 0.3724
[Train] Epoch:   3, Total: 392702, Accuracy : 0.9119, Loss: 0.2601
[Eval] Epoch:   3, Total:   9815, Accuracy : 0.8664, Loss: 0.2244
[Eval] Epoch:   3, Total:   9832, Accuracy : 0.8680, Loss: 0.3875
[Train] Epoch:   4, Total: 392702, Accuracy : 0.9285, Loss: 0.1800
[Eval] Epoch:   4, Total:   9815, Accuracy : 0.8692, Loss: 0.1955
[Eval] Epoch:   4, Total:   9832, Accuracy : 0.8654, Loss: 0.4438
[Train] Epoch:   5, Total: 392702, Accuracy : 0.9412, Loss: 0.1835
[Eval] Epoch:   5, Total:   9815, Accuracy : 0.8685, Loss: 0.2220
[Eval] Epoch:   5, Total:   9832, Accuracy : 0.8673, Loss: 0.4593
[Train] Epoch:   6, Total: 392702, Accuracy : 0.9511, Loss: 0.1341
[Eval] Epoch:   6, Total:   9815, Accuracy : 0.8695, Loss: 0.2247
[Eval] Epoch:   6, Total:   9832, Accuracy : 0.8655, Loss: 0.5150
[Train] Epoch:   7, Total: 392702, Accuracy : 0.9580, Loss: 0.1230
[Eval] Epoch:   7, Total:   9815, Accuracy : 0.8694, Loss: 0.2646
[Eval] Epoch:   7, Total:   9832, Accuracy : 0.8667, Loss: 0.4882
[Train] Epoch:   8, Total: 392702, Accuracy : 0.9620, Loss: 0.1107
[Eval] Epoch:   8, Total:   9815, Accuracy : 0.8692, Loss: 0.2728
[Eval] Epoch:   8, Total:   9832, Accuracy : 0.8662, Loss: 0.4908
[Train] Epoch:   9, Total: 392702, Accuracy : 0.9640, Loss: 0.0641
[Eval] Epoch:   9, Total:   9815, Accuracy : 0.8694, Loss: 0.2722
[Eval] Epoch:   9, Total:   9832, Accuracy : 0.8666, Loss: 0.5052
[Train] Epoch:  10, Total: 392702, Accuracy : 0.9479, Loss: 0.1683
[Eval] Epoch:  10, Total:   9815, Accuracy : 0.8616, Loss: 0.2149
[Eval] Epoch:  10, Total:   9832, Accuracy : 0.8630, Loss: 0.5400
[Train] Epoch:  11, Total: 392702, Accuracy : 0.9548, Loss: 0.1299
[Eval] Epoch:  11, Total:   9815, Accuracy : 0.8636, Loss: 0.2606
[Eval] Epoch:  11, Total:   9832, Accuracy : 0.8608, Loss: 0.4917
[Train] Epoch:  12, Total: 392702, Accuracy : 0.9636, Loss: 0.1083
[Eval] Epoch:  12, Total:   9815, Accuracy : 0.8632, Loss: 0.2801
[Eval] Epoch:  12, Total:   9832, Accuracy : 0.8628, Loss: 0.5476
[Train] Epoch:  13, Total: 392702, Accuracy : 0.9707, Loss: 0.0681
[Eval] Epoch:  13, Total:   9815, Accuracy : 0.8646, Loss: 0.3506
[Eval] Epoch:  13, Total:   9832, Accuracy : 0.8625, Loss: 0.5284
[Train] Epoch:  14, Total: 392702, Accuracy : 0.9770, Loss: 0.0457
[Eval] Epoch:  14, Total:   9815, Accuracy : 0.8640, Loss: 0.3239
[Eval] Epoch:  14, Total:   9832, Accuracy : 0.8621, Loss: 0.6271
[Train] Epoch:  15, Total: 392702, Accuracy : 0.9821, Loss: 0.0897
[Eval] Epoch:  15, Total:   9815, Accuracy : 0.8640, Loss: 0.4187
[Eval] Epoch:  15, Total:   9832, Accuracy : 0.8615, Loss: 0.6475
[Train] Epoch:  16, Total: 392702, Accuracy : 0.9858, Loss: 0.0273
[Eval] Epoch:  16, Total:   9815, Accuracy : 0.8661, Loss: 0.4401
[Eval] Epoch:  16, Total:   9832, Accuracy : 0.8634, Loss: 0.6976
[Train] Epoch:  17, Total: 392702, Accuracy : 0.9886, Loss: 0.0777
[Eval] Epoch:  17, Total:   9815, Accuracy : 0.8668, Loss: 0.4827
[Eval] Epoch:  17, Total:   9832, Accuracy : 0.8644, Loss: 0.7294
[Train] Epoch:  18, Total: 392702, Accuracy : 0.9902, Loss: 0.0241
[Eval] Epoch:  18, Total:   9815, Accuracy : 0.8675, Loss: 0.4789
[Eval] Epoch:  18, Total:   9832, Accuracy : 0.8652, Loss: 0.7651
[Train] Epoch:  19, Total: 392702, Accuracy : 0.9910, Loss: 0.0540
[Eval] Epoch:  19, Total:   9815, Accuracy : 0.8681, Loss: 0.4794
[Eval] Epoch:  19, Total:   9832, Accuracy : 0.8648, Loss: 0.7634
{"epoch":[1,2,3,4,5,6,7,8,9,10,11,12,13,14,15,16,17,18,19,20],"train_loss":[0.4857109941474151,0.3509893557821756,0.2886507510750359,0.23798505551967347,0.19583082966496768,0.16322305521198016,0.13771127338243122,0.11960612090530343,0.10905064672785368,0.104276300356948,0.14478563608157277,0.127012443304975,0.10402477052150175,0.08443125576810545,0.06783447944045533,0.05384271308498013,0.04315262258895509,0.0350736375715076,0.03049574080354387,0.02875908526316931],"eval_loss":[0.37394568476921475,0.36702369764829296,0.3717092932798924,0.3896364600230486,0.4410439301759769,0.4566595485577217,0.5017146773827381,0.5182891090710958,0.5349650788001525,0.5444973004169953,0.49599027710083204,0.5400006755804404,0.5804000443372971,0.5777586438716986,0.6293945052684882,0.6950770303224906,0.7318679132522681,0.7759919556287619,0.7953566450339097,0.7994656409972754],"train_acc":[0.8011749367204649,0.8663515846621611,0.891064980570509,0.9119383145489455,0.928518316687972,0.9412353387555958,0.951120697118935,0.9579834072655602,0.9620399183095579,0.9640490753803138,0.9478612281068087,0.9548181572795656,0.9636263629928037,0.9707055222535154,0.9770385686856701,0.9820958385747972,0.9858009381159251,0.9885918584575581,0.9901910354416326,0.9909906239336698],"eval_acc":[0.8569975589910497,0.8619812855980472,0.8681855166802278,0.8679820992676973,0.8654393816110659,0.8672701383238405,0.8655410903173312,0.866659886086249,0.8661513425549227,0.8665581773799838,0.8629983726606998,0.8607607811228641,0.8627949552481693,0.8624898291293734,0.8620829943043125,0.8614727420667209,0.8634052074857608,0.8644222945484134,0.8652359641985354,0.8648291293734743]}
[Eval] Epoch:  11, Total:   9815, Accuracy : 0.8681, Loss: 0.4794
9815 8520 30.920936167240143
[Eval] Epoch:  11, Total:   9832, Accuracy : 0.8648, Loss: 0.7634
9832 8503 31.179159998893738
