pruned_2_0.005_model_0
DatasetDict({
    train: Dataset({
        features: ['premise', 'hypothesis', 'label', 'indexes'],
        num_rows: 1963
    })
    validation_matched: Dataset({
        features: ['premise', 'hypothesis', 'label', 'indexes'],
        num_rows: 9815
    })
    validation_mismatched: Dataset({
        features: ['premise', 'hypothesis', 'label', 'indexes'],
        num_rows: 9832
    })
    test_matched: Dataset({
        features: ['premise', 'hypothesis', 'label', 'indexes'],
        num_rows: 0
    })
    test_mismatched: Dataset({
        features: ['premise', 'hypothesis', 'label', 'indexes'],
        num_rows: 0
    })
})
[Train] Epoch:   0, Total:   1963, Accuracy : 0.3174, Loss: 1.0961
[Eval] Epoch:   0, Total:   9815, Accuracy : 0.3274, Loss: 1.1003
[Eval] Epoch:   0, Total:   9832, Accuracy : 0.3295, Loss: 1.1036
[Train] Epoch:   1, Total:   1963, Accuracy : 0.5354, Loss: 1.0502
[Eval] Epoch:   1, Total:   9815, Accuracy : 0.3274, Loss: 1.1085
[Eval] Epoch:   1, Total:   9832, Accuracy : 0.3295, Loss: 1.1069
[Train] Epoch:   2, Total:   1963, Accuracy : 0.5461, Loss: 1.0416
[Eval] Epoch:   2, Total:   9815, Accuracy : 0.3274, Loss: 1.1480
[Eval] Epoch:   2, Total:   9832, Accuracy : 0.3295, Loss: 1.1366
[Train] Epoch:   3, Total:   1963, Accuracy : 0.5461, Loss: 0.9764
[Eval] Epoch:   3, Total:   9815, Accuracy : 0.3274, Loss: 1.3126
[Eval] Epoch:   3, Total:   9832, Accuracy : 0.3295, Loss: 1.2864
[Train] Epoch:   4, Total:   1963, Accuracy : 0.5461, Loss: 0.8729
[Eval] Epoch:   4, Total:   9815, Accuracy : 0.3274, Loss: 1.2573
[Eval] Epoch:   4, Total:   9832, Accuracy : 0.3295, Loss: 1.2166
[Train] Epoch:   5, Total:   1963, Accuracy : 0.5481, Loss: 0.7803
[Eval] Epoch:   5, Total:   9815, Accuracy : 0.3813, Loss: 1.1470
[Eval] Epoch:   5, Total:   9832, Accuracy : 0.3988, Loss: 1.1156
[Train] Epoch:   6, Total:   1963, Accuracy : 0.7677, Loss: 0.4361
[Eval] Epoch:   6, Total:   9815, Accuracy : 0.4964, Loss: 1.1317
[Eval] Epoch:   6, Total:   9832, Accuracy : 0.5150, Loss: 1.1113
[Train] Epoch:   7, Total:   1963, Accuracy : 0.8314, Loss: 0.3593
[Eval] Epoch:   7, Total:   9815, Accuracy : 0.6121, Loss: 1.0208
[Eval] Epoch:   7, Total:   9832, Accuracy : 0.6405, Loss: 1.0326
[Train] Epoch:   8, Total:   1963, Accuracy : 0.8961, Loss: 0.2604
[Eval] Epoch:   8, Total:   9815, Accuracy : 0.6217, Loss: 0.9983
[Eval] Epoch:   8, Total:   9832, Accuracy : 0.6511, Loss: 1.1733
[Train] Epoch:   9, Total:   1963, Accuracy : 0.9022, Loss: 0.1997
[Eval] Epoch:   9, Total:   9815, Accuracy : 0.6342, Loss: 1.2181
[Eval] Epoch:   9, Total:   9832, Accuracy : 0.6540, Loss: 1.3802
[Train] Epoch:  10, Total:   1963, Accuracy : 0.9180, Loss: 0.2572
[Eval] Epoch:  10, Total:   9815, Accuracy : 0.6315, Loss: 1.2010
[Eval] Epoch:  10, Total:   9832, Accuracy : 0.6584, Loss: 1.3662
[Train] Epoch:  11, Total:   1963, Accuracy : 0.9215, Loss: 0.1752
[Eval] Epoch:  11, Total:   9815, Accuracy : 0.6304, Loss: 1.1499
[Eval] Epoch:  11, Total:   9832, Accuracy : 0.6590, Loss: 1.3504
[Train] Epoch:  12, Total:   1963, Accuracy : 0.9246, Loss: 0.1730
[Eval] Epoch:  12, Total:   9815, Accuracy : 0.6308, Loss: 1.1678
[Eval] Epoch:  12, Total:   9832, Accuracy : 0.6604, Loss: 1.3498
[Train] Epoch:  13, Total:   1963, Accuracy : 0.9266, Loss: 0.1444
[Eval] Epoch:  13, Total:   9815, Accuracy : 0.6257, Loss: 1.1856
[Eval] Epoch:  13, Total:   9832, Accuracy : 0.6561, Loss: 1.2708
[Train] Epoch:  14, Total:   1963, Accuracy : 0.9333, Loss: 0.1594
[Eval] Epoch:  14, Total:   9815, Accuracy : 0.6322, Loss: 1.1978
[Eval] Epoch:  14, Total:   9832, Accuracy : 0.6558, Loss: 1.3780
[Train] Epoch:  15, Total:   1963, Accuracy : 0.9389, Loss: 0.1612
[Eval] Epoch:  15, Total:   9815, Accuracy : 0.6204, Loss: 1.1815
[Eval] Epoch:  15, Total:   9832, Accuracy : 0.6480, Loss: 1.3691
[Train] Epoch:  16, Total:   1963, Accuracy : 0.9450, Loss: 0.1103
[Eval] Epoch:  16, Total:   9815, Accuracy : 0.6264, Loss: 1.3214
[Eval] Epoch:  16, Total:   9832, Accuracy : 0.6532, Loss: 1.4147
[Train] Epoch:  17, Total:   1963, Accuracy : 0.9542, Loss: 0.1585
[Eval] Epoch:  17, Total:   9815, Accuracy : 0.6278, Loss: 1.4726
[Eval] Epoch:  17, Total:   9832, Accuracy : 0.6453, Loss: 1.4557
[Train] Epoch:  18, Total:   1963, Accuracy : 0.9542, Loss: 0.1337
[Eval] Epoch:  18, Total:   9815, Accuracy : 0.6291, Loss: 1.3649
[Eval] Epoch:  18, Total:   9832, Accuracy : 0.6523, Loss: 1.4156
[Train] Epoch:  19, Total:   1963, Accuracy : 0.9603, Loss: 0.1396
[Eval] Epoch:  19, Total:   9815, Accuracy : 0.6300, Loss: 1.3426
[Eval] Epoch:  19, Total:   9832, Accuracy : 0.6541, Loss: 1.4129
{"epoch":[1,2,3,4,5,6,7,8,9,10,11,12,13,14,15,16,17,18,19,20],"train_loss":[1.0986914932727814,1.0759533047676086,1.0366871654987335,0.9855885431170464,0.9502435699105263,0.8506700620055199,0.5831391103565693,0.3624195270240307,0.2633273806422949,0.22646427527070045,0.20432870648801327,0.1942244004458189,0.18938905373215675,0.18494722060859203,0.1691988343372941,0.15349130146205425,0.14496490266174078,0.1318815592676401,0.1265360750257969,0.11767468880861998],"eval_loss":[1.1045868152227156,1.106891665703211,1.1335993179908166,1.2739573594851372,1.2054151816245837,1.1109972107104766,1.0726162562003503,1.0014227338326283,1.0520982574193904,1.111189800959367,1.1248033260687804,1.1344493276033647,1.1397263957903936,1.1496593249149811,1.25875618824592,1.2786206893431835,1.3196755540676606,1.3845045046928601,1.344175962301401,1.3336694271136553],"train_acc":[0.3173713703515028,0.5354049923586347,0.5461029037187978,0.5461029037187978,0.5461029037187978,0.5481406011207336,0.7677024961793174,0.8313805399898115,0.8960774325012736,0.9021905247070809,0.9179826795720836,0.9215486500254713,0.9246051961283749,0.9266428935303107,0.9332654100866021,0.9388690779419256,0.9449821701477331,0.9541518084564442,0.9541518084564442,0.9602649006622517],"eval_acc":[0.3295362082994304,0.3295362082994304,0.3295362082994304,0.3295362082994304,0.3295362082994304,0.39879983726607,0.5149511798209927,0.6404597233523189,0.6511391375101708,0.6539869812855981,0.6583604556550041,0.6589707078925956,0.6603946297803092,0.6561228641171685,0.6558177379983726,0.647986167615948,0.653173311635476,0.6453417412530512,0.6522579332790887,0.6540886899918633]}
[Eval] Epoch:  11, Total:   9815, Accuracy : 0.6300, Loss: 1.3426
9815 6183 54.79506599903107
[Eval] Epoch:  11, Total:   9832, Accuracy : 0.6541, Loss: 1.4129
9832 6431 52.013107657432556
