pruned_1_0.02_model_0
DatasetDict({
    train: Dataset({
        features: ['premise', 'hypothesis', 'label', 'indexes'],
        num_rows: 7856
    })
    validation_matched: Dataset({
        features: ['premise', 'hypothesis', 'label', 'indexes'],
        num_rows: 9815
    })
    validation_mismatched: Dataset({
        features: ['premise', 'hypothesis', 'label', 'indexes'],
        num_rows: 9832
    })
    test_matched: Dataset({
        features: ['premise', 'hypothesis', 'label', 'indexes'],
        num_rows: 0
    })
    test_mismatched: Dataset({
        features: ['premise', 'hypothesis', 'label', 'indexes'],
        num_rows: 0
    })
})
[Train] Epoch:   0, Total:   7856, Accuracy : 0.3238, Loss: 1.1000
[Eval] Epoch:   0, Total:   9815, Accuracy : 0.3545, Loss: 1.0974
[Eval] Epoch:   0, Total:   9832, Accuracy : 0.3522, Loss: 1.0978
[Train] Epoch:   1, Total:   7856, Accuracy : 0.4417, Loss: 0.8332
[Eval] Epoch:   1, Total:   9815, Accuracy : 0.6672, Loss: 0.7945
[Eval] Epoch:   1, Total:   9832, Accuracy : 0.6798, Loss: 0.7571
[Train] Epoch:   2, Total:   7856, Accuracy : 0.7290, Loss: 0.5994
[Eval] Epoch:   2, Total:   9815, Accuracy : 0.7736, Loss: 0.4711
[Eval] Epoch:   2, Total:   9832, Accuracy : 0.7803, Loss: 0.5443
[Train] Epoch:   3, Total:   7856, Accuracy : 0.8143, Loss: 0.5534
[Eval] Epoch:   3, Total:   9815, Accuracy : 0.7843, Loss: 0.4932
[Eval] Epoch:   3, Total:   9832, Accuracy : 0.7920, Loss: 0.5179
[Train] Epoch:   4, Total:   7856, Accuracy : 0.8639, Loss: 0.4597
[Eval] Epoch:   4, Total:   9815, Accuracy : 0.7914, Loss: 0.4113
[Eval] Epoch:   4, Total:   9832, Accuracy : 0.7949, Loss: 0.5280
[Train] Epoch:   5, Total:   7856, Accuracy : 0.8970, Loss: 0.3152
[Eval] Epoch:   5, Total:   9815, Accuracy : 0.7985, Loss: 0.4057
[Eval] Epoch:   5, Total:   9832, Accuracy : 0.8028, Loss: 0.5189
[Train] Epoch:   6, Total:   7856, Accuracy : 0.9133, Loss: 0.2399
[Eval] Epoch:   6, Total:   9815, Accuracy : 0.7985, Loss: 0.4907
[Eval] Epoch:   6, Total:   9832, Accuracy : 0.8039, Loss: 0.5472
[Train] Epoch:   7, Total:   7856, Accuracy : 0.9311, Loss: 0.2628
[Eval] Epoch:   7, Total:   9815, Accuracy : 0.7997, Loss: 0.4889
[Eval] Epoch:   7, Total:   9832, Accuracy : 0.8034, Loss: 0.5565
[Train] Epoch:   8, Total:   7856, Accuracy : 0.9397, Loss: 0.2833
[Eval] Epoch:   8, Total:   9815, Accuracy : 0.7988, Loss: 0.4718
[Eval] Epoch:   8, Total:   9832, Accuracy : 0.8002, Loss: 0.5727
[Train] Epoch:   9, Total:   7856, Accuracy : 0.9440, Loss: 0.2180
[Eval] Epoch:   9, Total:   9815, Accuracy : 0.7984, Loss: 0.5020
[Eval] Epoch:   9, Total:   9832, Accuracy : 0.8001, Loss: 0.5666
[Train] Epoch:  10, Total:   7856, Accuracy : 0.9477, Loss: 0.1304
[Eval] Epoch:  10, Total:   9815, Accuracy : 0.7971, Loss: 0.5464
[Eval] Epoch:  10, Total:   9832, Accuracy : 0.7995, Loss: 0.6024
[Train] Epoch:  11, Total:   7856, Accuracy : 0.9413, Loss: 0.2446
[Eval] Epoch:  11, Total:   9815, Accuracy : 0.7984, Loss: 0.4646
[Eval] Epoch:  11, Total:   9832, Accuracy : 0.7982, Loss: 0.6081
[Train] Epoch:  12, Total:   7856, Accuracy : 0.9561, Loss: 0.2113
[Eval] Epoch:  12, Total:   9815, Accuracy : 0.7970, Loss: 0.5300
[Eval] Epoch:  12, Total:   9832, Accuracy : 0.7981, Loss: 0.6882
[Train] Epoch:  13, Total:   7856, Accuracy : 0.9650, Loss: 0.0616
[Eval] Epoch:  13, Total:   9815, Accuracy : 0.7949, Loss: 0.8505
[Eval] Epoch:  13, Total:   9832, Accuracy : 0.7959, Loss: 0.7003
[Train] Epoch:  14, Total:   7856, Accuracy : 0.9691, Loss: 0.1104
[Eval] Epoch:  14, Total:   9815, Accuracy : 0.8004, Loss: 0.5742
[Eval] Epoch:  14, Total:   9832, Accuracy : 0.7994, Loss: 0.7207
[Train] Epoch:  15, Total:   7856, Accuracy : 0.9765, Loss: 0.1023
[Eval] Epoch:  15, Total:   9815, Accuracy : 0.7999, Loss: 0.7263
[Eval] Epoch:  15, Total:   9832, Accuracy : 0.7987, Loss: 0.7890
[Train] Epoch:  16, Total:   7856, Accuracy : 0.9804, Loss: 0.0852
[Eval] Epoch:  16, Total:   9815, Accuracy : 0.7998, Loss: 0.6564
[Eval] Epoch:  16, Total:   9832, Accuracy : 0.7996, Loss: 0.8063
[Train] Epoch:  17, Total:   7856, Accuracy : 0.9836, Loss: 0.0503
[Eval] Epoch:  17, Total:   9815, Accuracy : 0.8008, Loss: 0.7599
[Eval] Epoch:  17, Total:   9832, Accuracy : 0.7966, Loss: 0.7818
[Train] Epoch:  18, Total:   7856, Accuracy : 0.9843, Loss: 0.0751
[Eval] Epoch:  18, Total:   9815, Accuracy : 0.7989, Loss: 0.7223
[Eval] Epoch:  18, Total:   9832, Accuracy : 0.7973, Loss: 0.8118
[Train] Epoch:  19, Total:   7856, Accuracy : 0.9880, Loss: 0.0166
[Eval] Epoch:  19, Total:   9815, Accuracy : 0.8013, Loss: 0.6931
[Eval] Epoch:  19, Total:   9832, Accuracy : 0.7983, Loss: 0.8000
{"epoch":[1,2,3,4,5,6,7,8,9,10,11,12,13,14,15,16,17,18,19,20],"train_loss":[1.1022239731204124,1.046735236721654,0.6784687349873204,0.5031894868420016,0.39413124515164283,0.307198072152753,0.26009039869231565,0.2207196455809378,0.19847510803130367,0.18621049869445064,0.17742368338569517,0.1891703394151503,0.15005609969938954,0.11968761598390917,0.10416518079657708,0.08107771075540973,0.07177898882617874,0.059900988313940265,0.0519462477776312,0.04856768761190676],"eval_loss":[1.0972495812636156,0.7869610847570957,0.5612203524662898,0.5529924226112855,0.5710784196853638,0.5803218002502735,0.6014697956733215,0.6284632843274337,0.652955405223064,0.6535775172404754,0.6813280719977158,0.7063188659839141,0.7644188190117861,0.7945140462655288,0.799949892056294,0.8437222013106713,0.8550124336511661,0.8699157956318978,0.8803822917815967,0.8771553834279379],"train_acc":[0.32382892057026474,0.4417006109979633,0.7289969450101833,0.8142820773930753,0.8639256619144603,0.8970213849287169,0.9133146639511202,0.9311354378818737,0.939663951120163,0.9439918533604889,0.9476832993890021,0.9413187372708758,0.9560845213849287,0.9649949083503055,0.9690682281059063,0.9764511201629328,0.9803971486761711,0.9835794297352343,0.9843431771894093,0.9880346232179226],"eval_acc":[0.3522172497965826,0.6798209926769732,0.7803091944670464,0.7920056956875509,0.794853539462978,0.802786818551668,0.8039056143205858,0.8033970707892596,0.8002441008950366,0.8001423921887714,0.7995321399511798,0.7982099267697315,0.7981082180634662,0.7958706265256306,0.7994304312449145,0.7987184703010578,0.799633848657445,0.7965825874694874,0.7972945484133441,0.7983116354759967]}
[Eval] Epoch:  11, Total:   9815, Accuracy : 0.8013, Loss: 0.6931
9815 7865 33.20416533946991
[Eval] Epoch:  11, Total:   9832, Accuracy : 0.7983, Loss: 0.8000
9832 7849 34.209059953689575
