pruned_3_0.005_model_0
DatasetDict({
    train: Dataset({
        features: ['premise', 'hypothesis', 'label', 'indexes'],
        num_rows: 1963
    })
    validation_matched: Dataset({
        features: ['premise', 'hypothesis', 'label', 'indexes'],
        num_rows: 9815
    })
    validation_mismatched: Dataset({
        features: ['premise', 'hypothesis', 'label', 'indexes'],
        num_rows: 9832
    })
    test_matched: Dataset({
        features: ['premise', 'hypothesis', 'label', 'indexes'],
        num_rows: 0
    })
    test_mismatched: Dataset({
        features: ['premise', 'hypothesis', 'label', 'indexes'],
        num_rows: 0
    })
})
[Train] Epoch:   0, Total:   1963, Accuracy : 0.3051, Loss: 1.1069
[Eval] Epoch:   0, Total:   9815, Accuracy : 0.3276, Loss: 1.1116
[Eval] Epoch:   0, Total:   9832, Accuracy : 0.3297, Loss: 1.1026
[Train] Epoch:   1, Total:   1963, Accuracy : 0.3271, Loss: 1.1018
[Eval] Epoch:   1, Total:   9815, Accuracy : 0.3274, Loss: 1.1023
[Eval] Epoch:   1, Total:   9832, Accuracy : 0.3295, Loss: 1.0994
[Train] Epoch:   2, Total:   1963, Accuracy : 0.3668, Loss: 1.0883
[Eval] Epoch:   2, Total:   9815, Accuracy : 0.3182, Loss: 1.0975
[Eval] Epoch:   2, Total:   9832, Accuracy : 0.3182, Loss: 1.1059
[Train] Epoch:   3, Total:   1963, Accuracy : 0.4024, Loss: 1.0892
[Eval] Epoch:   3, Total:   9815, Accuracy : 0.3182, Loss: 1.1053
[Eval] Epoch:   3, Total:   9832, Accuracy : 0.3182, Loss: 1.1199
[Train] Epoch:   4, Total:   1963, Accuracy : 0.4019, Loss: 1.0864
[Eval] Epoch:   4, Total:   9815, Accuracy : 0.3182, Loss: 1.1016
[Eval] Epoch:   4, Total:   9832, Accuracy : 0.3182, Loss: 1.1113
[Train] Epoch:   5, Total:   1963, Accuracy : 0.3928, Loss: 1.0681
[Eval] Epoch:   5, Total:   9815, Accuracy : 0.3182, Loss: 1.0991
[Eval] Epoch:   5, Total:   9832, Accuracy : 0.3182, Loss: 1.1043
[Train] Epoch:   6, Total:   1963, Accuracy : 0.4045, Loss: 1.0530
[Eval] Epoch:   6, Total:   9815, Accuracy : 0.3182, Loss: 1.0813
[Eval] Epoch:   6, Total:   9832, Accuracy : 0.3182, Loss: 1.0784
[Train] Epoch:   7, Total:   1963, Accuracy : 0.4024, Loss: 1.0083
[Eval] Epoch:   7, Total:   9815, Accuracy : 0.3182, Loss: 1.0473
[Eval] Epoch:   7, Total:   9832, Accuracy : 0.3183, Loss: 1.0399
[Train] Epoch:   8, Total:   1963, Accuracy : 0.4503, Loss: 1.0262
[Eval] Epoch:   8, Total:   9815, Accuracy : 0.5121, Loss: 1.0047
[Eval] Epoch:   8, Total:   9832, Accuracy : 0.5237, Loss: 0.9647
[Train] Epoch:   9, Total:   1963, Accuracy : 0.5273, Loss: 0.9548
[Eval] Epoch:   9, Total:   9815, Accuracy : 0.5356, Loss: 0.9789
[Eval] Epoch:   9, Total:   9832, Accuracy : 0.5416, Loss: 0.8971
[Train] Epoch:  10, Total:   1963, Accuracy : 0.5685, Loss: 0.9695
[Eval] Epoch:  10, Total:   9815, Accuracy : 0.5472, Loss: 0.9710
[Eval] Epoch:  10, Total:   9832, Accuracy : 0.5533, Loss: 0.8490
[Train] Epoch:  11, Total:   1963, Accuracy : 0.5843, Loss: 0.9152
[Eval] Epoch:  11, Total:   9815, Accuracy : 0.5577, Loss: 0.9608
[Eval] Epoch:  11, Total:   9832, Accuracy : 0.5619, Loss: 0.8297
[Train] Epoch:  12, Total:   1963, Accuracy : 0.5945, Loss: 0.8748
[Eval] Epoch:  12, Total:   9815, Accuracy : 0.5591, Loss: 0.9559
[Eval] Epoch:  12, Total:   9832, Accuracy : 0.5649, Loss: 0.8251
[Train] Epoch:  13, Total:   1963, Accuracy : 0.5593, Loss: 0.8749
[Eval] Epoch:  13, Total:   9815, Accuracy : 0.5928, Loss: 0.8215
[Eval] Epoch:  13, Total:   9832, Accuracy : 0.6118, Loss: 0.7869
[Train] Epoch:  14, Total:   1963, Accuracy : 0.6388, Loss: 0.8134
[Eval] Epoch:  14, Total:   9815, Accuracy : 0.6535, Loss: 0.8039
[Eval] Epoch:  14, Total:   9832, Accuracy : 0.6639, Loss: 0.7061
[Train] Epoch:  15, Total:   1963, Accuracy : 0.6862, Loss: 0.7751
[Eval] Epoch:  15, Total:   9815, Accuracy : 0.6762, Loss: 0.7340
[Eval] Epoch:  15, Total:   9832, Accuracy : 0.6899, Loss: 0.6906
[Train] Epoch:  16, Total:   1963, Accuracy : 0.7417, Loss: 0.5624
[Eval] Epoch:  16, Total:   9815, Accuracy : 0.6842, Loss: 0.7399
[Eval] Epoch:  16, Total:   9832, Accuracy : 0.6967, Loss: 0.6713
[Train] Epoch:  17, Total:   1963, Accuracy : 0.7784, Loss: 0.5259
[Eval] Epoch:  17, Total:   9815, Accuracy : 0.6889, Loss: 0.6547
[Eval] Epoch:  17, Total:   9832, Accuracy : 0.6989, Loss: 0.6719
[Train] Epoch:  18, Total:   1963, Accuracy : 0.7916, Loss: 0.5240
[Eval] Epoch:  18, Total:   9815, Accuracy : 0.7024, Loss: 0.6896
[Eval] Epoch:  18, Total:   9832, Accuracy : 0.7131, Loss: 0.6360
[Train] Epoch:  19, Total:   1963, Accuracy : 0.7998, Loss: 0.6002
[Eval] Epoch:  19, Total:   9815, Accuracy : 0.7023, Loss: 0.6892
[Eval] Epoch:  19, Total:   9832, Accuracy : 0.7127, Loss: 0.6363
{"epoch":[1,2,3,4,5,6,7,8,9,10,11,12,13,14,15,16,17,18,19,20],"train_loss":[1.1255892664194107,1.1105504631996155,1.0959871411323547,1.0897258818149567,1.0852324664592743,1.0804099589586258,1.0699999034404755,1.0477300882339478,1.0136603340506554,0.9723586961627007,0.9237792938947678,0.8974914476275444,0.8811774998903275,0.9187971577048302,0.8112590536475182,0.7311119362711906,0.6402933970093727,0.5894201919436455,0.5568830147385597,0.5504296086728573],"eval_loss":[1.1007904700743847,1.0987559037330823,1.1077553431193035,1.1237361492254796,1.1142402673378968,1.106971263885498,1.092572869398655,1.0617942748925624,1.002715520369701,0.9563205181024014,0.9250094370964246,0.9103503487049005,0.9080289755112085,0.9045263009193616,0.7904686224766266,0.762494288958036,0.7579850141818707,0.7594102223714193,0.7353870501885047,0.736394206682841],"train_acc":[0.30514518593988793,0.3270504330106979,0.36678553234844624,0.402445236882323,0.401935812531839,0.3927661742231279,0.4044829342842588,0.402445236882323,0.4503311258278146,0.5272542027508915,0.5685175751400917,0.5843097300050942,0.5944982170147733,0.5593479368313805,0.6388181355068773,0.6861946001018848,0.7417218543046358,0.7784004075394804,0.7916454406520632,0.7997962302598064],"eval_acc":[0.32973962571196097,0.3295362082994304,0.318246541903987,0.318246541903987,0.318246541903987,0.318246541903987,0.318246541903987,0.31834825061025224,0.5236981285598047,0.5415988608624899,0.5532953620829943,0.5619406021155411,0.5648901545972336,0.6117778681855167,0.6638527257933279,0.6898901545972336,0.6967046379170057,0.6989422294548413,0.7130797396257119,0.7126729048006509]}
[Eval] Epoch:  11, Total:   9815, Accuracy : 0.7023, Loss: 0.6892
9815 6893 29.72034651041031
[Eval] Epoch:  11, Total:   9832, Accuracy : 0.7127, Loss: 0.6363
9832 7007 28.7193740606308
