pruned_1_0.04_model_0
DatasetDict({
    train: Dataset({
        features: ['premise', 'hypothesis', 'label', 'indexes'],
        num_rows: 15693
    })
    validation_matched: Dataset({
        features: ['premise', 'hypothesis', 'label', 'indexes'],
        num_rows: 9815
    })
    validation_mismatched: Dataset({
        features: ['premise', 'hypothesis', 'label', 'indexes'],
        num_rows: 9832
    })
    test_matched: Dataset({
        features: ['premise', 'hypothesis', 'label', 'indexes'],
        num_rows: 0
    })
    test_mismatched: Dataset({
        features: ['premise', 'hypothesis', 'label', 'indexes'],
        num_rows: 0
    })
})
[Train] Epoch:   0, Total:  15693, Accuracy : 0.3962, Loss: 0.8456
[Eval] Epoch:   0, Total:   9815, Accuracy : 0.6271, Loss: 0.9112
[Eval] Epoch:   0, Total:   9832, Accuracy : 0.6392, Loss: 0.8430
[Train] Epoch:   1, Total:  15693, Accuracy : 0.7331, Loss: 0.6105
[Eval] Epoch:   1, Total:   9815, Accuracy : 0.7855, Loss: 0.3865
[Eval] Epoch:   1, Total:   9832, Accuracy : 0.7867, Loss: 0.4906
[Train] Epoch:   2, Total:  15693, Accuracy : 0.8206, Loss: 0.6133
[Eval] Epoch:   2, Total:   9815, Accuracy : 0.8051, Loss: 0.4093
[Eval] Epoch:   2, Total:   9832, Accuracy : 0.8103, Loss: 0.4969
[Train] Epoch:   3, Total:  15693, Accuracy : 0.8666, Loss: 0.3163
[Eval] Epoch:   3, Total:   9815, Accuracy : 0.8087, Loss: 0.4101
[Eval] Epoch:   3, Total:   9832, Accuracy : 0.8128, Loss: 0.5078
[Train] Epoch:   4, Total:  15693, Accuracy : 0.8980, Loss: 0.3086
[Eval] Epoch:   4, Total:   9815, Accuracy : 0.8125, Loss: 0.3419
[Eval] Epoch:   4, Total:   9832, Accuracy : 0.8156, Loss: 0.5502
[Train] Epoch:   5, Total:  15693, Accuracy : 0.9195, Loss: 0.1933
[Eval] Epoch:   5, Total:   9815, Accuracy : 0.8127, Loss: 0.3459
[Eval] Epoch:   5, Total:   9832, Accuracy : 0.8152, Loss: 0.5789
[Train] Epoch:   6, Total:  15693, Accuracy : 0.9360, Loss: 0.1311
[Eval] Epoch:   6, Total:   9815, Accuracy : 0.8121, Loss: 0.4443
[Eval] Epoch:   6, Total:   9832, Accuracy : 0.8172, Loss: 0.5656
[Train] Epoch:   7, Total:  15693, Accuracy : 0.9442, Loss: 0.2065
[Eval] Epoch:   7, Total:   9815, Accuracy : 0.8137, Loss: 0.4290
[Eval] Epoch:   7, Total:   9832, Accuracy : 0.8166, Loss: 0.5762
[Train] Epoch:   8, Total:  15693, Accuracy : 0.9512, Loss: 0.1163
[Eval] Epoch:   8, Total:   9815, Accuracy : 0.8146, Loss: 0.4039
[Eval] Epoch:   8, Total:   9832, Accuracy : 0.8184, Loss: 0.5831
[Train] Epoch:   9, Total:  15693, Accuracy : 0.9549, Loss: 0.1067
[Eval] Epoch:   9, Total:   9815, Accuracy : 0.8140, Loss: 0.4073
[Eval] Epoch:   9, Total:   9832, Accuracy : 0.8174, Loss: 0.5824
[Train] Epoch:  10, Total:  15693, Accuracy : 0.9507, Loss: 0.1151
[Eval] Epoch:  10, Total:   9815, Accuracy : 0.8031, Loss: 0.4581
[Eval] Epoch:  10, Total:   9832, Accuracy : 0.8084, Loss: 0.6411
[Train] Epoch:  11, Total:  15693, Accuracy : 0.9476, Loss: 0.1724
[Eval] Epoch:  11, Total:   9815, Accuracy : 0.8074, Loss: 0.4607
[Eval] Epoch:  11, Total:   9832, Accuracy : 0.8105, Loss: 0.6100
[Train] Epoch:  12, Total:  15693, Accuracy : 0.9599, Loss: 0.1201
[Eval] Epoch:  12, Total:   9815, Accuracy : 0.8124, Loss: 0.4654
[Eval] Epoch:  12, Total:   9832, Accuracy : 0.8098, Loss: 0.6531
[Train] Epoch:  13, Total:  15693, Accuracy : 0.9700, Loss: 0.0485
[Eval] Epoch:  13, Total:   9815, Accuracy : 0.8055, Loss: 0.5583
[Eval] Epoch:  13, Total:   9832, Accuracy : 0.8109, Loss: 0.6727
[Train] Epoch:  14, Total:  15693, Accuracy : 0.9756, Loss: 0.0617
[Eval] Epoch:  14, Total:   9815, Accuracy : 0.8086, Loss: 0.5763
[Eval] Epoch:  14, Total:   9832, Accuracy : 0.8109, Loss: 0.6778
[Train] Epoch:  15, Total:  15693, Accuracy : 0.9828, Loss: 0.1608
[Eval] Epoch:  15, Total:   9815, Accuracy : 0.8090, Loss: 0.6348
[Eval] Epoch:  15, Total:   9832, Accuracy : 0.8117, Loss: 0.7175
[Train] Epoch:  16, Total:  15693, Accuracy : 0.9849, Loss: 0.0868
[Eval] Epoch:  16, Total:   9815, Accuracy : 0.8057, Loss: 0.5951
[Eval] Epoch:  16, Total:   9832, Accuracy : 0.8102, Loss: 0.7596
[Train] Epoch:  17, Total:  15693, Accuracy : 0.9871, Loss: 0.0054
[Eval] Epoch:  17, Total:   9815, Accuracy : 0.8099, Loss: 0.5992
[Eval] Epoch:  17, Total:   9832, Accuracy : 0.8119, Loss: 0.7520
[Train] Epoch:  18, Total:  15693, Accuracy : 0.9889, Loss: 0.1257
[Eval] Epoch:  18, Total:   9815, Accuracy : 0.8108, Loss: 0.6070
[Eval] Epoch:  18, Total:   9832, Accuracy : 0.8148, Loss: 0.7365
[Train] Epoch:  19, Total:  15693, Accuracy : 0.9898, Loss: 0.0077
[Eval] Epoch:  19, Total:   9815, Accuracy : 0.8117, Loss: 0.6109
[Eval] Epoch:  19, Total:   9832, Accuracy : 0.8149, Loss: 0.7365
{"epoch":[1,2,3,4,5,6,7,8,9,10,11,12,13,14,15,16,17,18,19,20],"train_loss":[1.068955260899759,0.6597156649635684,0.4744124037604178,0.3732528873989659,0.29820182510922033,0.23921910889687076,0.19593758136034012,0.17446639737294567,0.1544079845470767,0.1465957872569561,0.1578524180597836,0.15988207223915285,0.12391348237231854,0.09798786020086657,0.07791503512811276,0.061945500648430275,0.05132561872502969,0.04430605574781375,0.0391728161954351,0.03486783520108269],"eval_loss":[0.8410193614470654,0.5327183749431219,0.4981926863010113,0.5132932991553576,0.5378368504536457,0.5980525116125742,0.6104693076549432,0.6299855754925654,0.6391795185896066,0.6436878228798891,0.6915586919356616,0.6685664974726163,0.7182361835088485,0.75944606310282,0.7628786930671105,0.8507350438680404,0.8776410023371378,0.8805870704161816,0.8754881299459017,0.8767936138006357],"train_acc":[0.39616389473013447,0.7331294207608487,0.8205569362135984,0.8665647103804244,0.897979991078825,0.9195182565475053,0.9360224303829733,0.9441789332823551,0.9511884279615115,0.9548843433377939,0.9507423692092015,0.9475562352641305,0.9598547122921047,0.9699866182374307,0.9755942139807557,0.9827948766966164,0.9848977251003632,0.9870642961830115,0.9889122538711528,0.9898043713757726],"eval_acc":[0.6392392188771359,0.7867168429617575,0.810313262815297,0.8127542717656632,0.8156021155410903,0.8151952807160293,0.8172294548413345,0.8166192026037429,0.8184499593165175,0.817432872253865,0.8083807973962571,0.8105166802278275,0.8098047192839707,0.8109235150528885,0.8109235150528885,0.8117371847030106,0.8102115541090318,0.8119406021155411,0.8147884458909682,0.8148901545972336]}
[Eval] Epoch:  11, Total:   9815, Accuracy : 0.8117, Loss: 0.6109
9815 7967 34.18238562345505
[Eval] Epoch:  11, Total:   9832, Accuracy : 0.8149, Loss: 0.7365
9832 8012 34.19495093822479
