pruned_2_0.25_model_0
DatasetDict({
    train: Dataset({
        features: ['premise', 'hypothesis', 'label', 'indexes'],
        num_rows: 98175
    })
    validation_matched: Dataset({
        features: ['premise', 'hypothesis', 'label', 'indexes'],
        num_rows: 9815
    })
    validation_mismatched: Dataset({
        features: ['premise', 'hypothesis', 'label', 'indexes'],
        num_rows: 9832
    })
    test_matched: Dataset({
        features: ['premise', 'hypothesis', 'label', 'indexes'],
        num_rows: 0
    })
    test_mismatched: Dataset({
        features: ['premise', 'hypothesis', 'label', 'indexes'],
        num_rows: 0
    })
})
[Train] Epoch:   0, Total:  98175, Accuracy : 0.8347, Loss: 0.1852
[Eval] Epoch:   0, Total:   9815, Accuracy : 0.8041, Loss: 0.2500
[Eval] Epoch:   0, Total:   9832, Accuracy : 0.8073, Loss: 0.5572
[Train] Epoch:   1, Total:  98175, Accuracy : 0.9329, Loss: 0.0890
[Eval] Epoch:   1, Total:   9815, Accuracy : 0.8329, Loss: 0.2816
[Eval] Epoch:   1, Total:   9832, Accuracy : 0.8323, Loss: 0.4650
[Train] Epoch:   2, Total:  98175, Accuracy : 0.9502, Loss: 0.1554
[Eval] Epoch:   2, Total:   9815, Accuracy : 0.8301, Loss: 0.3195
[Eval] Epoch:   2, Total:   9832, Accuracy : 0.8313, Loss: 0.4654
[Train] Epoch:   3, Total:  98175, Accuracy : 0.9624, Loss: 0.0785
[Eval] Epoch:   3, Total:   9815, Accuracy : 0.8347, Loss: 0.2176
[Eval] Epoch:   3, Total:   9832, Accuracy : 0.8359, Loss: 0.4777
[Train] Epoch:   4, Total:  98175, Accuracy : 0.9721, Loss: 0.0563
[Eval] Epoch:   4, Total:   9815, Accuracy : 0.8371, Loss: 0.2794
[Eval] Epoch:   4, Total:   9832, Accuracy : 0.8347, Loss: 0.5281
[Train] Epoch:   5, Total:  98175, Accuracy : 0.9789, Loss: 0.1105
[Eval] Epoch:   5, Total:   9815, Accuracy : 0.8341, Loss: 0.3031
[Eval] Epoch:   5, Total:   9832, Accuracy : 0.8322, Loss: 0.5825
[Train] Epoch:   6, Total:  98175, Accuracy : 0.9834, Loss: 0.1385
[Eval] Epoch:   6, Total:   9815, Accuracy : 0.8339, Loss: 0.3644
[Eval] Epoch:   6, Total:   9832, Accuracy : 0.8356, Loss: 0.6528
[Train] Epoch:   7, Total:  98175, Accuracy : 0.9866, Loss: 0.0226
[Eval] Epoch:   7, Total:   9815, Accuracy : 0.8328, Loss: 0.3977
[Eval] Epoch:   7, Total:   9832, Accuracy : 0.8320, Loss: 0.6496
[Train] Epoch:   8, Total:  98175, Accuracy : 0.9883, Loss: 0.0086
[Eval] Epoch:   8, Total:   9815, Accuracy : 0.8350, Loss: 0.3648
[Eval] Epoch:   8, Total:   9832, Accuracy : 0.8329, Loss: 0.6700
[Train] Epoch:   9, Total:  98175, Accuracy : 0.9890, Loss: 0.0086
[Eval] Epoch:   9, Total:   9815, Accuracy : 0.8352, Loss: 0.3628
[Eval] Epoch:   9, Total:   9832, Accuracy : 0.8331, Loss: 0.6769
[Train] Epoch:  10, Total:  98175, Accuracy : 0.9827, Loss: 0.0355
[Eval] Epoch:  10, Total:   9815, Accuracy : 0.8239, Loss: 0.2697
[Eval] Epoch:  10, Total:   9832, Accuracy : 0.8261, Loss: 0.5269
[Train] Epoch:  11, Total:  98175, Accuracy : 0.9833, Loss: 0.0479
[Eval] Epoch:  11, Total:   9815, Accuracy : 0.8264, Loss: 0.4082
[Eval] Epoch:  11, Total:   9832, Accuracy : 0.8249, Loss: 0.7059
[Train] Epoch:  12, Total:  98175, Accuracy : 0.9867, Loss: 0.0197
[Eval] Epoch:  12, Total:   9815, Accuracy : 0.8216, Loss: 0.3423
[Eval] Epoch:  12, Total:   9832, Accuracy : 0.8275, Loss: 0.7879
[Train] Epoch:  13, Total:  98175, Accuracy : 0.9889, Loss: 0.0141
[Eval] Epoch:  13, Total:   9815, Accuracy : 0.8280, Loss: 0.4422
[Eval] Epoch:  13, Total:   9832, Accuracy : 0.8279, Loss: 0.6873
[Train] Epoch:  14, Total:  98175, Accuracy : 0.9913, Loss: 0.0097
[Eval] Epoch:  14, Total:   9815, Accuracy : 0.8283, Loss: 0.4722
[Eval] Epoch:  14, Total:   9832, Accuracy : 0.8260, Loss: 0.7700
[Train] Epoch:  15, Total:  98175, Accuracy : 0.9935, Loss: 0.0010
[Eval] Epoch:  15, Total:   9815, Accuracy : 0.8330, Loss: 0.5034
[Eval] Epoch:  15, Total:   9832, Accuracy : 0.8301, Loss: 0.9071
[Train] Epoch:  16, Total:  98175, Accuracy : 0.9947, Loss: 0.0019
[Eval] Epoch:  16, Total:   9815, Accuracy : 0.8322, Loss: 0.4736
[Eval] Epoch:  16, Total:   9832, Accuracy : 0.8293, Loss: 0.7943
[Train] Epoch:  17, Total:  98175, Accuracy : 0.9956, Loss: 0.0022
[Eval] Epoch:  17, Total:   9815, Accuracy : 0.8327, Loss: 0.5369
[Eval] Epoch:  17, Total:   9832, Accuracy : 0.8293, Loss: 0.8322
[Train] Epoch:  18, Total:  98175, Accuracy : 0.9960, Loss: 0.0023
[Eval] Epoch:  18, Total:   9815, Accuracy : 0.8327, Loss: 0.5544
[Eval] Epoch:  18, Total:   9832, Accuracy : 0.8300, Loss: 0.8417
[Train] Epoch:  19, Total:  98175, Accuracy : 0.9966, Loss: 0.0253
[Eval] Epoch:  19, Total:   9815, Accuracy : 0.8327, Loss: 0.5629
[Eval] Epoch:  19, Total:   9832, Accuracy : 0.8298, Loss: 0.8437
{"epoch":[1,2,3,4,5,6,7,8,9,10,11,12,13,14,15,16,17,18,19,20],"train_loss":[0.3859165742372473,0.19216666970169172,0.1489676967030391,0.11640470622417827,0.09091142489342019,0.07283351730923944,0.060764791604015045,0.051162715102691436,0.04615001248627474,0.0437970968753992,0.06124308046128135,0.057754404110407144,0.04667074039025465,0.04037459007486177,0.03188289153816489,0.024511380774129066,0.020751466248990862,0.016148324993840408,0.01472200247553701,0.012290049290337871],"eval_loss":[0.5125172902376224,0.4740003637778453,0.5017157670779105,0.5069108972182641,0.5832450290520986,0.6339192176476504,0.7188610220566775,0.7281753420829773,0.7385977002290579,0.7431369301600333,0.6596870728028126,0.7551651245508438,0.8083929893298026,0.8119228084882101,0.8876763123732346,1.0090681069936507,1.0059043963750203,1.0414072504410377,1.056613069314223,1.0668403001931996],"train_acc":[0.8346931499872676,0.9329157117392411,0.9501909854851032,0.9623936847466259,0.9720702826585179,0.9789152024446142,0.9833969951617011,0.9865648077412783,0.9882760376878024,0.9889890501655207,0.9826737967914438,0.9833155080213903,0.9866972243442832,0.9889075630252101,0.9912706900942195,0.9935217723453018,0.9946829640947288,0.9956200662083015,0.9959867583396995,0.9966488413547238],"eval_acc":[0.8072620016273393,0.8322823433685923,0.8312652563059398,0.8359438567941416,0.8347233523189586,0.8321806346623271,0.8356387306753458,0.8319772172497966,0.8328925956061839,0.8330960130187144,0.8260781122864117,0.8248576078112286,0.8275020341741253,0.8279088689991864,0.8259764035801465,0.830146460537022,0.8293327908868999,0.8293327908868999,0.8300447518307568,0.8298413344182262]}
[Eval] Epoch:  11, Total:   9815, Accuracy : 0.8327, Loss: 0.5629
9815 8173 41.020062148571014
[Eval] Epoch:  11, Total:   9832, Accuracy : 0.8298, Loss: 0.8437
9832 8159 41.60677170753479
