pruned_1_0.03_model_0
DatasetDict({
    train: Dataset({
        features: ['premise', 'hypothesis', 'label', 'indexes'],
        num_rows: 11771
    })
    validation_matched: Dataset({
        features: ['premise', 'hypothesis', 'label', 'indexes'],
        num_rows: 9815
    })
    validation_mismatched: Dataset({
        features: ['premise', 'hypothesis', 'label', 'indexes'],
        num_rows: 9832
    })
    test_matched: Dataset({
        features: ['premise', 'hypothesis', 'label', 'indexes'],
        num_rows: 0
    })
    test_mismatched: Dataset({
        features: ['premise', 'hypothesis', 'label', 'indexes'],
        num_rows: 0
    })
})
[Train] Epoch:   0, Total:  11771, Accuracy : 0.3463, Loss: 1.0809
[Eval] Epoch:   0, Total:   9815, Accuracy : 0.4814, Loss: 1.0816
[Eval] Epoch:   0, Total:   9832, Accuracy : 0.5033, Loss: 1.0809
[Train] Epoch:   1, Total:  11771, Accuracy : 0.6347, Loss: 0.5983
[Eval] Epoch:   1, Total:   9815, Accuracy : 0.7685, Loss: 0.5851
[Eval] Epoch:   1, Total:   9832, Accuracy : 0.7803, Loss: 0.5640
[Train] Epoch:   2, Total:  11771, Accuracy : 0.7837, Loss: 0.4952
[Eval] Epoch:   2, Total:   9815, Accuracy : 0.7929, Loss: 0.5149
[Eval] Epoch:   2, Total:   9832, Accuracy : 0.7974, Loss: 0.4900
[Train] Epoch:   3, Total:  11771, Accuracy : 0.8386, Loss: 0.3629
[Eval] Epoch:   3, Total:   9815, Accuracy : 0.8065, Loss: 0.4565
[Eval] Epoch:   3, Total:   9832, Accuracy : 0.8084, Loss: 0.4826
[Train] Epoch:   4, Total:  11771, Accuracy : 0.8721, Loss: 0.3238
[Eval] Epoch:   4, Total:   9815, Accuracy : 0.8067, Loss: 0.4737
[Eval] Epoch:   4, Total:   9832, Accuracy : 0.8073, Loss: 0.5022
[Train] Epoch:   5, Total:  11771, Accuracy : 0.9032, Loss: 0.2288
[Eval] Epoch:   5, Total:   9815, Accuracy : 0.8076, Loss: 0.4706
[Eval] Epoch:   5, Total:   9832, Accuracy : 0.8064, Loss: 0.5304
[Train] Epoch:   6, Total:  11771, Accuracy : 0.9213, Loss: 0.2715
[Eval] Epoch:   6, Total:   9815, Accuracy : 0.8149, Loss: 0.4793
[Eval] Epoch:   6, Total:   9832, Accuracy : 0.8086, Loss: 0.5486
[Train] Epoch:   7, Total:  11771, Accuracy : 0.9331, Loss: 0.2166
[Eval] Epoch:   7, Total:   9815, Accuracy : 0.8140, Loss: 0.4978
[Eval] Epoch:   7, Total:   9832, Accuracy : 0.8093, Loss: 0.5545
[Train] Epoch:   8, Total:  11771, Accuracy : 0.9434, Loss: 0.2055
[Eval] Epoch:   8, Total:   9815, Accuracy : 0.8132, Loss: 0.4989
[Eval] Epoch:   8, Total:   9832, Accuracy : 0.8088, Loss: 0.5720
[Train] Epoch:   9, Total:  11771, Accuracy : 0.9454, Loss: 0.1110
[Eval] Epoch:   9, Total:   9815, Accuracy : 0.8133, Loss: 0.4979
[Eval] Epoch:   9, Total:   9832, Accuracy : 0.8099, Loss: 0.5668
[Train] Epoch:  10, Total:  11771, Accuracy : 0.9427, Loss: 0.1616
[Eval] Epoch:  10, Total:   9815, Accuracy : 0.8120, Loss: 0.5151
[Eval] Epoch:  10, Total:   9832, Accuracy : 0.8053, Loss: 0.5792
[Train] Epoch:  11, Total:  11771, Accuracy : 0.9435, Loss: 0.2089
[Eval] Epoch:  11, Total:   9815, Accuracy : 0.8099, Loss: 0.7149
[Eval] Epoch:  11, Total:   9832, Accuracy : 0.8080, Loss: 0.6883
[Train] Epoch:  12, Total:  11771, Accuracy : 0.9543, Loss: 0.1331
[Eval] Epoch:  12, Total:   9815, Accuracy : 0.8040, Loss: 0.6753
[Eval] Epoch:  12, Total:   9832, Accuracy : 0.7989, Loss: 0.7157
[Train] Epoch:  13, Total:  11771, Accuracy : 0.9602, Loss: 0.1013
[Eval] Epoch:  13, Total:   9815, Accuracy : 0.8052, Loss: 0.6737
[Eval] Epoch:  13, Total:   9832, Accuracy : 0.7984, Loss: 0.7891
[Train] Epoch:  14, Total:  11771, Accuracy : 0.9723, Loss: 0.1471
[Eval] Epoch:  14, Total:   9815, Accuracy : 0.8129, Loss: 0.7831
[Eval] Epoch:  14, Total:   9832, Accuracy : 0.8076, Loss: 0.7658
[Train] Epoch:  15, Total:  11771, Accuracy : 0.9786, Loss: 0.0559
[Eval] Epoch:  15, Total:   9815, Accuracy : 0.8127, Loss: 0.7347
[Eval] Epoch:  15, Total:   9832, Accuracy : 0.8100, Loss: 0.6963
[Train] Epoch:  16, Total:  11771, Accuracy : 0.9827, Loss: 0.0368
[Eval] Epoch:  16, Total:   9815, Accuracy : 0.8123, Loss: 0.9047
[Eval] Epoch:  16, Total:   9832, Accuracy : 0.8093, Loss: 0.8000
[Train] Epoch:  17, Total:  11771, Accuracy : 0.9855, Loss: 0.0191
[Eval] Epoch:  17, Total:   9815, Accuracy : 0.8125, Loss: 0.7600
[Eval] Epoch:  17, Total:   9832, Accuracy : 0.8099, Loss: 0.7760
[Train] Epoch:  18, Total:  11771, Accuracy : 0.9876, Loss: 0.0107
[Eval] Epoch:  18, Total:   9815, Accuracy : 0.8095, Loss: 0.7255
[Eval] Epoch:  18, Total:   9832, Accuracy : 0.8073, Loss: 0.7886
[Train] Epoch:  19, Total:  11771, Accuracy : 0.9879, Loss: 0.0474
[Eval] Epoch:  19, Total:   9815, Accuracy : 0.8116, Loss: 0.7529
[Eval] Epoch:  19, Total:   9832, Accuracy : 0.8086, Loss: 0.7934
{"epoch":[1,2,3,4,5,6,7,8,9,10,11,12,13,14,15,16,17,18,19,20],"train_loss":[1.0980393083199211,0.8283558734085249,0.5604526238596957,0.43540327834046405,0.36028932423695276,0.2882930182892343,0.24051798588555792,0.2028008880822555,0.18147471255582312,0.17345718359169754,0.18187116620981175,0.1731138326551603,0.1455394500947517,0.12028717816523883,0.0901625826144996,0.07250662390952525,0.05711318220457305,0.0478664623654407,0.039923297079361,0.0402716464848946],"eval_loss":[1.0826423657246125,0.5634043820393391,0.5124188799124497,0.507859067274974,0.5273995223717812,0.5589306644904308,0.5947048045121707,0.6159547850107535,0.6288749193533872,0.6307874902700766,0.6553700566291809,0.6992316123766776,0.7528916154152308,0.7926033964523902,0.7889629419033344,0.8157933721175561,0.8556775313157302,0.8654307600779411,0.885991347141755,0.8842061620492202],"train_acc":[0.34627474301248834,0.6346954379407017,0.783705717441169,0.8385863562993798,0.8720584487299294,0.9032367683289441,0.9213320873332767,0.9331407696882168,0.9434202701554668,0.9453742247897375,0.9426556792116217,0.9435052247047829,0.9542944524679297,0.9602412709200577,0.9723048169229462,0.9785914535723388,0.9826692719395124,0.9854727720669442,0.9875966357998471,0.9879364539971115],"eval_acc":[0.5032546786004882,0.7803091944670464,0.7973962571196095,0.8083807973962571,0.8072620016273393,0.8064483319772172,0.8085842148087876,0.8092961757526445,0.8087876322213181,0.8099064279902359,0.8053295362082994,0.8079739625711961,0.7989218877135883,0.798413344182262,0.807567127746135,0.8100081366965012,0.8092961757526445,0.8099064279902359,0.8072620016273393,0.8085842148087876]}
[Eval] Epoch:  11, Total:   9815, Accuracy : 0.8116, Loss: 0.7529
9815 7966 33.62540131807327
[Eval] Epoch:  11, Total:   9832, Accuracy : 0.8086, Loss: 0.7934
9832 7950 34.484040319919586
