pruned_1_0.1_model_0
DatasetDict({
    train: Dataset({
        features: ['premise', 'hypothesis', 'label', 'indexes'],
        num_rows: 39265
    })
    validation_matched: Dataset({
        features: ['premise', 'hypothesis', 'label', 'indexes'],
        num_rows: 9815
    })
    validation_mismatched: Dataset({
        features: ['premise', 'hypothesis', 'label', 'indexes'],
        num_rows: 9832
    })
    test_matched: Dataset({
        features: ['premise', 'hypothesis', 'label', 'indexes'],
        num_rows: 0
    })
    test_mismatched: Dataset({
        features: ['premise', 'hypothesis', 'label', 'indexes'],
        num_rows: 0
    })
})
[Train] Epoch:   0, Total:  39265, Accuracy : 0.5937, Loss: 0.5169
[Eval] Epoch:   0, Total:   9815, Accuracy : 0.8005, Loss: 0.4694
[Eval] Epoch:   0, Total:   9832, Accuracy : 0.8095, Loss: 0.4912
[Train] Epoch:   1, Total:  39265, Accuracy : 0.8145, Loss: 0.4264
[Eval] Epoch:   1, Total:   9815, Accuracy : 0.8169, Loss: 0.3139
[Eval] Epoch:   1, Total:   9832, Accuracy : 0.8219, Loss: 0.4568
[Train] Epoch:   2, Total:  39265, Accuracy : 0.8556, Loss: 0.4267
[Eval] Epoch:   2, Total:   9815, Accuracy : 0.8281, Loss: 0.2555
[Eval] Epoch:   2, Total:   9832, Accuracy : 0.8301, Loss: 0.4935
[Train] Epoch:   3, Total:  39265, Accuracy : 0.8869, Loss: 0.2109
[Eval] Epoch:   3, Total:   9815, Accuracy : 0.8290, Loss: 0.2880
[Eval] Epoch:   3, Total:   9832, Accuracy : 0.8348, Loss: 0.4813
[Train] Epoch:   4, Total:  39265, Accuracy : 0.9131, Loss: 0.3128
[Eval] Epoch:   4, Total:   9815, Accuracy : 0.8289, Loss: 0.2873
[Eval] Epoch:   4, Total:   9832, Accuracy : 0.8316, Loss: 0.5427
[Train] Epoch:   5, Total:  39265, Accuracy : 0.9312, Loss: 0.1953
[Eval] Epoch:   5, Total:   9815, Accuracy : 0.8334, Loss: 0.3569
[Eval] Epoch:   5, Total:   9832, Accuracy : 0.8334, Loss: 0.5667
[Train] Epoch:   6, Total:  39265, Accuracy : 0.9449, Loss: 0.1642
[Eval] Epoch:   6, Total:   9815, Accuracy : 0.8301, Loss: 0.3483
[Eval] Epoch:   6, Total:   9832, Accuracy : 0.8319, Loss: 0.6106
[Train] Epoch:   7, Total:  39265, Accuracy : 0.9513, Loss: 0.1332
[Eval] Epoch:   7, Total:   9815, Accuracy : 0.8315, Loss: 0.3453
[Eval] Epoch:   7, Total:   9832, Accuracy : 0.8330, Loss: 0.5957
[Train] Epoch:   8, Total:  39265, Accuracy : 0.9573, Loss: 0.1592
[Eval] Epoch:   8, Total:   9815, Accuracy : 0.8300, Loss: 0.3686
[Eval] Epoch:   8, Total:   9832, Accuracy : 0.8329, Loss: 0.6262
[Train] Epoch:   9, Total:  39265, Accuracy : 0.9600, Loss: 0.1295
[Eval] Epoch:   9, Total:   9815, Accuracy : 0.8305, Loss: 0.3672
[Eval] Epoch:   9, Total:   9832, Accuracy : 0.8316, Loss: 0.6294
[Train] Epoch:  10, Total:  39265, Accuracy : 0.9485, Loss: 0.1545
[Eval] Epoch:  10, Total:   9815, Accuracy : 0.8232, Loss: 0.3060
[Eval] Epoch:  10, Total:   9832, Accuracy : 0.8275, Loss: 0.6142
[Train] Epoch:  11, Total:  39265, Accuracy : 0.9539, Loss: 0.0496
[Eval] Epoch:  11, Total:   9815, Accuracy : 0.8183, Loss: 0.3531
[Eval] Epoch:  11, Total:   9832, Accuracy : 0.8280, Loss: 0.7197
[Train] Epoch:  12, Total:  39265, Accuracy : 0.9647, Loss: 0.1166
[Eval] Epoch:  12, Total:   9815, Accuracy : 0.8283, Loss: 0.5478
[Eval] Epoch:  12, Total:   9832, Accuracy : 0.8336, Loss: 0.5927
[Train] Epoch:  13, Total:  39265, Accuracy : 0.9743, Loss: 0.0399
[Eval] Epoch:  13, Total:   9815, Accuracy : 0.8298, Loss: 0.4890
[Eval] Epoch:  13, Total:   9832, Accuracy : 0.8320, Loss: 0.6983
[Train] Epoch:  14, Total:  39265, Accuracy : 0.9789, Loss: 0.0894
[Eval] Epoch:  14, Total:   9815, Accuracy : 0.8271, Loss: 0.5602
[Eval] Epoch:  14, Total:   9832, Accuracy : 0.8306, Loss: 0.7283
[Train] Epoch:  15, Total:  39265, Accuracy : 0.9819, Loss: 0.0512
[Eval] Epoch:  15, Total:   9815, Accuracy : 0.8254, Loss: 0.5762
[Eval] Epoch:  15, Total:   9832, Accuracy : 0.8307, Loss: 0.8059
[Train] Epoch:  16, Total:  39265, Accuracy : 0.9869, Loss: 0.1124
[Eval] Epoch:  16, Total:   9815, Accuracy : 0.8267, Loss: 0.5674
[Eval] Epoch:  16, Total:   9832, Accuracy : 0.8269, Loss: 0.8935
[Train] Epoch:  17, Total:  39265, Accuracy : 0.9883, Loss: 0.0043
[Eval] Epoch:  17, Total:   9815, Accuracy : 0.8283, Loss: 0.6491
[Eval] Epoch:  17, Total:   9832, Accuracy : 0.8343, Loss: 0.8446
[Train] Epoch:  18, Total:  39265, Accuracy : 0.9909, Loss: 0.0150
[Eval] Epoch:  18, Total:   9815, Accuracy : 0.8294, Loss: 0.6508
[Eval] Epoch:  18, Total:   9832, Accuracy : 0.8349, Loss: 0.8597
[Train] Epoch:  19, Total:  39265, Accuracy : 0.9910, Loss: 0.0040
[Eval] Epoch:  19, Total:   9815, Accuracy : 0.8290, Loss: 0.6480
[Eval] Epoch:  19, Total:   9832, Accuracy : 0.8346, Loss: 0.8595
{"epoch":[1,2,3,4,5,6,7,8,9,10,11,12,13,14,15,16,17,18,19,20],"train_loss":[0.8214879682311764,0.4860717959992297,0.3878989835064133,0.312166116260863,0.24722013641874513,0.20202846457431842,0.16456447551389794,0.14617904827192232,0.13144573690248773,0.12477228006759247,0.1512338411208097,0.13656585663557053,0.10821328950779778,0.08235375012283201,0.067044044082815,0.05481672865133007,0.042591243093325334,0.038466070207174526,0.029282980559200242,0.029778762206483584],"eval_loss":[0.4931399784027002,0.4537301927040785,0.4614143165258261,0.47275515168141097,0.5048719942569733,0.5483082907322125,0.6009123271856552,0.6202203310452975,0.6351589033236871,0.6363907036108848,0.6407542480872228,0.6879205642602383,0.659968729202564,0.7302020077521985,0.807427323781527,0.8447083739133981,0.9153358615361727,0.9019072514313918,0.9202550130012708,0.9221708957965558],"train_acc":[0.5936839424423787,0.8145422131669425,0.8556220552655036,0.8868967273653381,0.9130778046606393,0.9312110021647778,0.9449127721889724,0.9513052336686617,0.9572902075639883,0.9600407487584363,0.948452820578123,0.9539284349929963,0.9647013880045843,0.9743282821851522,0.9788870495352094,0.9819432064179294,0.9868585254043041,0.9883356678976187,0.9909334012479307,0.9909588692219534],"eval_acc":[0.809499593165175,0.8219080553295363,0.830146460537022,0.8348250610252238,0.8315703824247356,0.8334011391375101,0.8318755085435313,0.8329943043124491,0.8328925956061839,0.8315703824247356,0.8275020341741253,0.8280105777054516,0.8336045565500407,0.8319772172497966,0.830553295362083,0.8306550040683482,0.8268917819365338,0.8343165174938975,0.834926769731489,0.8346216436126932]}
[Eval] Epoch:  11, Total:   9815, Accuracy : 0.8290, Loss: 0.6480
9815 8137 35.98034852743149
[Eval] Epoch:  11, Total:   9832, Accuracy : 0.8346, Loss: 0.8595
9832 8206 35.964664936065674
