pruned_2_0.5_model_0
DatasetDict({
    train: Dataset({
        features: ['premise', 'hypothesis', 'label', 'indexes'],
        num_rows: 196351
    })
    validation_matched: Dataset({
        features: ['premise', 'hypothesis', 'label', 'indexes'],
        num_rows: 9815
    })
    validation_mismatched: Dataset({
        features: ['premise', 'hypothesis', 'label', 'indexes'],
        num_rows: 9832
    })
    test_matched: Dataset({
        features: ['premise', 'hypothesis', 'label', 'indexes'],
        num_rows: 0
    })
    test_mismatched: Dataset({
        features: ['premise', 'hypothesis', 'label', 'indexes'],
        num_rows: 0
    })
})
[Train] Epoch:   0, Total: 196351, Accuracy : 0.8269, Loss: 0.3368
[Eval] Epoch:   0, Total:   9815, Accuracy : 0.8427, Loss: 0.2223
[Eval] Epoch:   0, Total:   9832, Accuracy : 0.8442, Loss: 0.4539
[Train] Epoch:   1, Total: 196351, Accuracy : 0.8989, Loss: 0.2176
[Eval] Epoch:   1, Total:   9815, Accuracy : 0.8431, Loss: 0.2437
[Eval] Epoch:   1, Total:   9832, Accuracy : 0.8481, Loss: 0.3972
[Train] Epoch:   2, Total: 196351, Accuracy : 0.9211, Loss: 0.2677
[Eval] Epoch:   2, Total:   9815, Accuracy : 0.8510, Loss: 0.2279
[Eval] Epoch:   2, Total:   9832, Accuracy : 0.8518, Loss: 0.3905
[Train] Epoch:   3, Total: 196351, Accuracy : 0.9384, Loss: 0.2023
[Eval] Epoch:   3, Total:   9815, Accuracy : 0.8480, Loss: 0.2277
[Eval] Epoch:   3, Total:   9832, Accuracy : 0.8529, Loss: 0.4329
[Train] Epoch:   4, Total: 196351, Accuracy : 0.9520, Loss: 0.1123
[Eval] Epoch:   4, Total:   9815, Accuracy : 0.8521, Loss: 0.2504
[Eval] Epoch:   4, Total:   9832, Accuracy : 0.8518, Loss: 0.4520
[Train] Epoch:   5, Total: 196351, Accuracy : 0.9632, Loss: 0.0851
[Eval] Epoch:   5, Total:   9815, Accuracy : 0.8527, Loss: 0.2314
[Eval] Epoch:   5, Total:   9832, Accuracy : 0.8550, Loss: 0.5093
[Train] Epoch:   6, Total: 196351, Accuracy : 0.9696, Loss: 0.0752
[Eval] Epoch:   6, Total:   9815, Accuracy : 0.8506, Loss: 0.2697
[Eval] Epoch:   6, Total:   9832, Accuracy : 0.8538, Loss: 0.4982
[Train] Epoch:   7, Total: 196351, Accuracy : 0.9747, Loss: 0.0611
[Eval] Epoch:   7, Total:   9815, Accuracy : 0.8508, Loss: 0.2951
[Eval] Epoch:   7, Total:   9832, Accuracy : 0.8509, Loss: 0.5271
[Train] Epoch:   8, Total: 196351, Accuracy : 0.9778, Loss: 0.1083
[Eval] Epoch:   8, Total:   9815, Accuracy : 0.8511, Loss: 0.3224
[Eval] Epoch:   8, Total:   9832, Accuracy : 0.8521, Loss: 0.5368
[Train] Epoch:   9, Total: 196351, Accuracy : 0.9790, Loss: 0.0972
[Eval] Epoch:   9, Total:   9815, Accuracy : 0.8508, Loss: 0.3157
[Eval] Epoch:   9, Total:   9832, Accuracy : 0.8525, Loss: 0.5465
[Train] Epoch:  10, Total: 196351, Accuracy : 0.9674, Loss: 0.1218
[Eval] Epoch:  10, Total:   9815, Accuracy : 0.8429, Loss: 0.2560
[Eval] Epoch:  10, Total:   9832, Accuracy : 0.8488, Loss: 0.5004
[Train] Epoch:  11, Total: 196351, Accuracy : 0.9710, Loss: 0.0655
[Eval] Epoch:  11, Total:   9815, Accuracy : 0.8464, Loss: 0.3457
[Eval] Epoch:  11, Total:   9832, Accuracy : 0.8494, Loss: 0.5887
[Train] Epoch:  12, Total: 196351, Accuracy : 0.9763, Loss: 0.0584
[Eval] Epoch:  12, Total:   9815, Accuracy : 0.8420, Loss: 0.2817
[Eval] Epoch:  12, Total:   9832, Accuracy : 0.8457, Loss: 0.5247
[Train] Epoch:  13, Total: 196351, Accuracy : 0.9812, Loss: 0.0747
[Eval] Epoch:  13, Total:   9815, Accuracy : 0.8455, Loss: 0.3578
[Eval] Epoch:  13, Total:   9832, Accuracy : 0.8463, Loss: 0.5361
[Train] Epoch:  14, Total: 196351, Accuracy : 0.9857, Loss: 0.0273
[Eval] Epoch:  14, Total:   9815, Accuracy : 0.8412, Loss: 0.3140
[Eval] Epoch:  14, Total:   9832, Accuracy : 0.8479, Loss: 0.5602
[Train] Epoch:  15, Total: 196351, Accuracy : 0.9889, Loss: 0.0157
[Eval] Epoch:  15, Total:   9815, Accuracy : 0.8485, Loss: 0.3797
[Eval] Epoch:  15, Total:   9832, Accuracy : 0.8519, Loss: 0.7130
[Train] Epoch:  16, Total: 196351, Accuracy : 0.9911, Loss: 0.0107
[Eval] Epoch:  16, Total:   9815, Accuracy : 0.8470, Loss: 0.3855
[Eval] Epoch:  16, Total:   9832, Accuracy : 0.8518, Loss: 0.6785
[Train] Epoch:  17, Total: 196351, Accuracy : 0.9931, Loss: 0.0168
[Eval] Epoch:  17, Total:   9815, Accuracy : 0.8485, Loss: 0.3846
[Eval] Epoch:  17, Total:   9832, Accuracy : 0.8522, Loss: 0.7145
[Train] Epoch:  18, Total: 196351, Accuracy : 0.9939, Loss: 0.0446
[Eval] Epoch:  18, Total:   9815, Accuracy : 0.8496, Loss: 0.3707
[Eval] Epoch:  18, Total:   9832, Accuracy : 0.8529, Loss: 0.7212
[Train] Epoch:  19, Total: 196351, Accuracy : 0.9945, Loss: 0.0399
[Eval] Epoch:  19, Total:   9815, Accuracy : 0.8498, Loss: 0.3778
[Eval] Epoch:  19, Total:   9832, Accuracy : 0.8540, Loss: 0.7317
{"epoch":[1,2,3,4,5,6,7,8,9,10,11,12,13,14,15,16,17,18,19,20],"train_loss":[0.4274582073694724,0.27698203303512414,0.2207005751043597,0.17481482744877466,0.14027922299861753,0.11214091953235002,0.09380604361209441,0.0797507550246829,0.07160335616481817,0.06812406531650442,0.09884601292313311,0.08810705580837257,0.07290737334556266,0.05918981900105964,0.04692497397402624,0.03710070116878906,0.029845168952182945,0.023819669282623607,0.020657909989740694,0.019047607554668],"eval_loss":[0.4262059590755365,0.40665004497919327,0.4057172063069466,0.4599328461365822,0.4961885909239451,0.5297690033912659,0.5681074781295581,0.6208751576069074,0.6438345297788962,0.6448726715185703,0.5764902623800131,0.5972794187374604,0.6829339342239575,0.6465963904674237,0.721768910304094,0.7773342300684024,0.8216792253347543,0.887141288855137,0.9024648727514805,0.9090173244476318],"train_acc":[0.8269120096154335,0.898859695137789,0.9210750136235619,0.9384367790334656,0.9519533895931266,0.9631578143223105,0.9695952656212599,0.9746729071917128,0.977840703637873,0.9789662390311228,0.9673594735957546,0.9709601682700878,0.9762568054147929,0.9812274956582854,0.9857398230719477,0.9888770619961192,0.9910975752606302,0.9930889071102261,0.9938935885225948,0.9945200177233627],"eval_acc":[0.8441822620016274,0.8481489015459723,0.8518104149715215,0.8529292107404394,0.8518104149715215,0.8549633848657445,0.8538445890968267,0.8508950366151342,0.8521155410903173,0.8525223759153784,0.8487591537835639,0.8493694060211554,0.8457078925956062,0.8463181448331977,0.8479454841334418,0.8519121236777868,0.8518104149715215,0.8522172497965825,0.8529292107404394,0.8540480065093572]}
[Eval] Epoch:  11, Total:   9815, Accuracy : 0.8498, Loss: 0.3778
9815 8341 35.86143505573273
[Eval] Epoch:  11, Total:   9832, Accuracy : 0.8540, Loss: 0.7317
9832 8397 35.45167565345764
