pruned_3_0.5_model_0
DatasetDict({
    train: Dataset({
        features: ['premise', 'hypothesis', 'label', 'indexes'],
        num_rows: 196351
    })
    validation_matched: Dataset({
        features: ['premise', 'hypothesis', 'label', 'indexes'],
        num_rows: 9815
    })
    validation_mismatched: Dataset({
        features: ['premise', 'hypothesis', 'label', 'indexes'],
        num_rows: 9832
    })
    test_matched: Dataset({
        features: ['premise', 'hypothesis', 'label', 'indexes'],
        num_rows: 0
    })
    test_mismatched: Dataset({
        features: ['premise', 'hypothesis', 'label', 'indexes'],
        num_rows: 0
    })
})
[Train] Epoch:   0, Total: 196351, Accuracy : 0.7102, Loss: 0.5284
[Eval] Epoch:   0, Total:   9815, Accuracy : 0.8523, Loss: 0.3116
[Eval] Epoch:   0, Total:   9832, Accuracy : 0.8504, Loss: 0.3986
[Train] Epoch:   1, Total: 196351, Accuracy : 0.8120, Loss: 0.5099
[Eval] Epoch:   1, Total:   9815, Accuracy : 0.8593, Loss: 0.2596
[Eval] Epoch:   1, Total:   9832, Accuracy : 0.8573, Loss: 0.4157
[Train] Epoch:   2, Total: 196351, Accuracy : 0.8469, Loss: 0.3921
[Eval] Epoch:   2, Total:   9815, Accuracy : 0.8626, Loss: 0.2318
[Eval] Epoch:   2, Total:   9832, Accuracy : 0.8599, Loss: 0.4168
[Train] Epoch:   3, Total: 196351, Accuracy : 0.8740, Loss: 0.3840
[Eval] Epoch:   3, Total:   9815, Accuracy : 0.8639, Loss: 0.2258
[Eval] Epoch:   3, Total:   9832, Accuracy : 0.8592, Loss: 0.4527
[Train] Epoch:   4, Total: 196351, Accuracy : 0.8980, Loss: 0.2237
[Eval] Epoch:   4, Total:   9815, Accuracy : 0.8628, Loss: 0.2615
[Eval] Epoch:   4, Total:   9832, Accuracy : 0.8615, Loss: 0.4973
[Train] Epoch:   5, Total: 196351, Accuracy : 0.9151, Loss: 0.2593
[Eval] Epoch:   5, Total:   9815, Accuracy : 0.8615, Loss: 0.2048
[Eval] Epoch:   5, Total:   9832, Accuracy : 0.8606, Loss: 0.5160
[Train] Epoch:   6, Total: 196351, Accuracy : 0.9283, Loss: 0.1284
[Eval] Epoch:   6, Total:   9815, Accuracy : 0.8635, Loss: 0.2261
[Eval] Epoch:   6, Total:   9832, Accuracy : 0.8638, Loss: 0.4953
[Train] Epoch:   7, Total: 196351, Accuracy : 0.9374, Loss: 0.1730
[Eval] Epoch:   7, Total:   9815, Accuracy : 0.8625, Loss: 0.2124
[Eval] Epoch:   7, Total:   9832, Accuracy : 0.8609, Loss: 0.5302
[Train] Epoch:   8, Total: 196351, Accuracy : 0.9429, Loss: 0.1632
[Eval] Epoch:   8, Total:   9815, Accuracy : 0.8626, Loss: 0.2104
[Eval] Epoch:   8, Total:   9832, Accuracy : 0.8622, Loss: 0.5356
[Train] Epoch:   9, Total: 196351, Accuracy : 0.9446, Loss: 0.1505
[Eval] Epoch:   9, Total:   9815, Accuracy : 0.8630, Loss: 0.2077
[Eval] Epoch:   9, Total:   9832, Accuracy : 0.8625, Loss: 0.5448
[Train] Epoch:  10, Total: 196351, Accuracy : 0.9268, Loss: 0.1990
[Eval] Epoch:  10, Total:   9815, Accuracy : 0.8603, Loss: 0.2508
[Eval] Epoch:  10, Total:   9832, Accuracy : 0.8604, Loss: 0.5294
[Train] Epoch:  11, Total: 196351, Accuracy : 0.9368, Loss: 0.1741
[Eval] Epoch:  11, Total:   9815, Accuracy : 0.8602, Loss: 0.2445
[Eval] Epoch:  11, Total:   9832, Accuracy : 0.8577, Loss: 0.5890
[Train] Epoch:  12, Total: 196351, Accuracy : 0.9488, Loss: 0.1757
[Eval] Epoch:  12, Total:   9815, Accuracy : 0.8588, Loss: 0.2223
[Eval] Epoch:  12, Total:   9832, Accuracy : 0.8581, Loss: 0.6093
[Train] Epoch:  13, Total: 196351, Accuracy : 0.9588, Loss: 0.1026
[Eval] Epoch:  13, Total:   9815, Accuracy : 0.8606, Loss: 0.2175
[Eval] Epoch:  13, Total:   9832, Accuracy : 0.8534, Loss: 0.6813
[Train] Epoch:  14, Total: 196351, Accuracy : 0.9683, Loss: 0.0551
[Eval] Epoch:  14, Total:   9815, Accuracy : 0.8626, Loss: 0.2733
[Eval] Epoch:  14, Total:   9832, Accuracy : 0.8603, Loss: 0.7042
[Train] Epoch:  15, Total: 196351, Accuracy : 0.9752, Loss: 0.0692
[Eval] Epoch:  15, Total:   9815, Accuracy : 0.8608, Loss: 0.3454
[Eval] Epoch:  15, Total:   9832, Accuracy : 0.8564, Loss: 0.6662
[Train] Epoch:  16, Total: 196351, Accuracy : 0.9800, Loss: 0.0768
[Eval] Epoch:  16, Total:   9815, Accuracy : 0.8608, Loss: 0.3064
[Eval] Epoch:  16, Total:   9832, Accuracy : 0.8593, Loss: 0.7525
[Train] Epoch:  17, Total: 196351, Accuracy : 0.9837, Loss: 0.0224
[Eval] Epoch:  17, Total:   9815, Accuracy : 0.8612, Loss: 0.2985
[Eval] Epoch:  17, Total:   9832, Accuracy : 0.8582, Loss: 0.7817
[Train] Epoch:  18, Total: 196351, Accuracy : 0.9865, Loss: 0.0456
[Eval] Epoch:  18, Total:   9815, Accuracy : 0.8635, Loss: 0.2940
[Eval] Epoch:  18, Total:   9832, Accuracy : 0.8598, Loss: 0.8086
[Train] Epoch:  19, Total: 196351, Accuracy : 0.9877, Loss: 0.0465
[Eval] Epoch:  19, Total:   9815, Accuracy : 0.8630, Loss: 0.2898
[Eval] Epoch:  19, Total:   9832, Accuracy : 0.8594, Loss: 0.8154
{"epoch":[1,2,3,4,5,6,7,8,9,10,11,12,13,14,15,16,17,18,19,20],"train_loss":[0.6673142194670213,0.4801796886103405,0.39887657916996594,0.3319271003057624,0.2754004619228793,0.2321239471668681,0.19861637762076229,0.1748993744906111,0.16109794006237307,0.15656978938111737,0.20040316886549045,0.17410265279367973,0.1420082500522575,0.11563118834733341,0.090525173826199,0.0722081164017106,0.058002582136808735,0.047634466135366836,0.040552207358628314,0.03674795960332358],"eval_loss":[0.392706899306713,0.38224080969125795,0.3819082639156244,0.40920113103512007,0.4420014356191342,0.4886987751875168,0.4931941360999376,0.520569085310667,0.531803887624007,0.5372592684550163,0.4951711281751975,0.5137854187916486,0.5584815442562103,0.6157453281757159,0.6518186659384997,0.674113759627709,0.7383907865255307,0.7730728892179636,0.8017511321948125,0.8063096847289648],"train_acc":[0.7101924614593254,0.8119846601239616,0.8468864431553698,0.8740266156016522,0.8979531553187914,0.9151468543577573,0.928250938370571,0.9374029162061818,0.942893084323482,0.9445533763515337,0.9267892702354457,0.9367968586867396,0.9488212435892865,0.9587626240762716,0.9683016638570723,0.9751821992248575,0.9799746372567494,0.9836975620190374,0.986539411563985,0.9877464336825379],"eval_acc":[0.850386493083808,0.8573026851098454,0.859947111472742,0.8592351505288853,0.8614727420667209,0.8605573637103336,0.8638120423108218,0.8608624898291294,0.8621847030105777,0.8624898291293734,0.860353946297803,0.8577095199349064,0.8581163547599675,0.8534377542717657,0.8602522375915378,0.8563873067534581,0.8593368592351506,0.8582180634662328,0.8598454027664768,0.8594385679414158]}
[Eval] Epoch:  11, Total:   9815, Accuracy : 0.8630, Loss: 0.2898
9815 8470 30.163062304258347
[Eval] Epoch:  11, Total:   9832, Accuracy : 0.8594, Loss: 0.8154
9832 8450 31.446077704429626
