pruned_3_0.1_model_0
DatasetDict({
    train: Dataset({
        features: ['premise', 'hypothesis', 'label', 'indexes'],
        num_rows: 39270
    })
    validation_matched: Dataset({
        features: ['premise', 'hypothesis', 'label', 'indexes'],
        num_rows: 9815
    })
    validation_mismatched: Dataset({
        features: ['premise', 'hypothesis', 'label', 'indexes'],
        num_rows: 9832
    })
    test_matched: Dataset({
        features: ['premise', 'hypothesis', 'label', 'indexes'],
        num_rows: 0
    })
    test_mismatched: Dataset({
        features: ['premise', 'hypothesis', 'label', 'indexes'],
        num_rows: 0
    })
})
[Train] Epoch:   0, Total:  39270, Accuracy : 0.4951, Loss: 0.7064
[Eval] Epoch:   0, Total:   9815, Accuracy : 0.7765, Loss: 0.5239
[Eval] Epoch:   0, Total:   9832, Accuracy : 0.7832, Loss: 0.5832
[Train] Epoch:   1, Total:  39270, Accuracy : 0.7184, Loss: 0.6457
[Eval] Epoch:   1, Total:   9815, Accuracy : 0.8207, Loss: 0.3567
[Eval] Epoch:   1, Total:   9832, Accuracy : 0.8268, Loss: 0.4564
[Train] Epoch:   2, Total:  39270, Accuracy : 0.7828, Loss: 0.5344
[Eval] Epoch:   2, Total:   9815, Accuracy : 0.8294, Loss: 0.3011
[Eval] Epoch:   2, Total:   9832, Accuracy : 0.8343, Loss: 0.5001
[Train] Epoch:   3, Total:  39270, Accuracy : 0.8224, Loss: 0.4107
[Eval] Epoch:   3, Total:   9815, Accuracy : 0.8346, Loss: 0.2277
[Eval] Epoch:   3, Total:   9832, Accuracy : 0.8346, Loss: 0.5216
[Train] Epoch:   4, Total:  39270, Accuracy : 0.8574, Loss: 0.3029
[Eval] Epoch:   4, Total:   9815, Accuracy : 0.8349, Loss: 0.2499
[Eval] Epoch:   4, Total:   9832, Accuracy : 0.8358, Loss: 0.5159
[Train] Epoch:   5, Total:  39270, Accuracy : 0.8822, Loss: 0.3137
[Eval] Epoch:   5, Total:   9815, Accuracy : 0.8315, Loss: 0.2472
[Eval] Epoch:   5, Total:   9832, Accuracy : 0.8351, Loss: 0.5387
[Train] Epoch:   6, Total:  39270, Accuracy : 0.9012, Loss: 0.2605
[Eval] Epoch:   6, Total:   9815, Accuracy : 0.8296, Loss: 0.2426
[Eval] Epoch:   6, Total:   9832, Accuracy : 0.8350, Loss: 0.5282
[Train] Epoch:   7, Total:  39270, Accuracy : 0.9143, Loss: 0.1281
[Eval] Epoch:   7, Total:   9815, Accuracy : 0.8325, Loss: 0.2393
[Eval] Epoch:   7, Total:   9832, Accuracy : 0.8344, Loss: 0.5757
[Train] Epoch:   8, Total:  39270, Accuracy : 0.9202, Loss: 0.1937
[Eval] Epoch:   8, Total:   9815, Accuracy : 0.8288, Loss: 0.2355
[Eval] Epoch:   8, Total:   9832, Accuracy : 0.8352, Loss: 0.5859
[Train] Epoch:   9, Total:  39270, Accuracy : 0.9248, Loss: 0.1495
[Eval] Epoch:   9, Total:   9815, Accuracy : 0.8294, Loss: 0.2360
[Eval] Epoch:   9, Total:   9832, Accuracy : 0.8356, Loss: 0.5891
[Train] Epoch:  10, Total:  39270, Accuracy : 0.9083, Loss: 0.2778
[Eval] Epoch:  10, Total:   9815, Accuracy : 0.8299, Loss: 0.3756
[Eval] Epoch:  10, Total:   9832, Accuracy : 0.8315, Loss: 0.6100
[Train] Epoch:  11, Total:  39270, Accuracy : 0.9211, Loss: 0.1767
[Eval] Epoch:  11, Total:   9815, Accuracy : 0.8233, Loss: 0.2068
[Eval] Epoch:  11, Total:   9832, Accuracy : 0.8277, Loss: 0.5920
[Train] Epoch:  12, Total:  39270, Accuracy : 0.9348, Loss: 0.1773
[Eval] Epoch:  12, Total:   9815, Accuracy : 0.8304, Loss: 0.2196
[Eval] Epoch:  12, Total:   9832, Accuracy : 0.8317, Loss: 0.6584
[Train] Epoch:  13, Total:  39270, Accuracy : 0.9494, Loss: 0.1120
[Eval] Epoch:  13, Total:   9815, Accuracy : 0.8205, Loss: 0.2143
[Eval] Epoch:  13, Total:   9832, Accuracy : 0.8314, Loss: 0.5868
[Train] Epoch:  14, Total:  39270, Accuracy : 0.9614, Loss: 0.0540
[Eval] Epoch:  14, Total:   9815, Accuracy : 0.8293, Loss: 0.2708
[Eval] Epoch:  14, Total:   9832, Accuracy : 0.8341, Loss: 0.7520
[Train] Epoch:  15, Total:  39270, Accuracy : 0.9688, Loss: 0.0897
[Eval] Epoch:  15, Total:   9815, Accuracy : 0.8285, Loss: 0.1959
[Eval] Epoch:  15, Total:   9832, Accuracy : 0.8313, Loss: 0.7524
[Train] Epoch:  16, Total:  39270, Accuracy : 0.9746, Loss: 0.0326
[Eval] Epoch:  16, Total:   9815, Accuracy : 0.8285, Loss: 0.1748
[Eval] Epoch:  16, Total:   9832, Accuracy : 0.8340, Loss: 0.7387
[Train] Epoch:  17, Total:  39270, Accuracy : 0.9798, Loss: 0.0508
[Eval] Epoch:  17, Total:   9815, Accuracy : 0.8277, Loss: 0.2522
[Eval] Epoch:  17, Total:   9832, Accuracy : 0.8321, Loss: 0.8001
[Train] Epoch:  18, Total:  39270, Accuracy : 0.9825, Loss: 0.1233
[Eval] Epoch:  18, Total:   9815, Accuracy : 0.8310, Loss: 0.2299
[Eval] Epoch:  18, Total:   9832, Accuracy : 0.8341, Loss: 0.8222
[Train] Epoch:  19, Total:  39270, Accuracy : 0.9820, Loss: 0.1208
[Eval] Epoch:  19, Total:   9815, Accuracy : 0.8312, Loss: 0.2357
[Eval] Epoch:  19, Total:   9832, Accuracy : 0.8340, Loss: 0.8234
{"epoch":[1,2,3,4,5,6,7,8,9,10,11,12,13,14,15,16,17,18,19,20],"train_loss":[0.9769077893201407,0.6825372166447825,0.5544647048046063,0.4616450164225194,0.38280376037219904,0.3204504173103865,0.27611933609881956,0.24355444902336443,0.22683746367692947,0.21739267170816273,0.2542063272618628,0.22038469391016216,0.18148932668876339,0.14307413603384772,0.11334865479790546,0.091783735368933,0.07658076554827102,0.06174487583097312,0.05331747028250973,0.055872671705271514],"eval_loss":[0.5691539561137174,0.46024433084023303,0.4450452908491477,0.4613197904366713,0.4835406373708676,0.5011521921708033,0.5355966259271671,0.5521739881772262,0.5648512511681287,0.5675224195688199,0.5519107159895774,0.551676095296175,0.6388664834010296,0.6823814411958059,0.7357374292153579,0.747326251788017,0.7831700765169584,0.8176957353567466,0.8189314970603356,0.8194784491490095],"train_acc":[0.4951107715813598,0.7184110007639419,0.7828367710720652,0.82235803412274,0.857397504456328,0.8822256175197352,0.9011713776419659,0.9142857142857143,0.920218996689585,0.9247517188693659,0.9083269671504965,0.92113572701808,0.9348357524828113,0.9493506493506494,0.9614463967405144,0.9688057040998217,0.974611662846957,0.9797810033104151,0.9825057295645531,0.9820218996689585],"eval_acc":[0.7831570382424735,0.8267900732302685,0.8343165174938975,0.8346216436126932,0.8358421480878763,0.8351301871440195,0.8350284784377543,0.8344182262001627,0.8352318958502848,0.8356387306753458,0.8314686737184703,0.8277054515866559,0.8316720911310008,0.8313669650122051,0.834113100081367,0.8312652563059398,0.8340113913751017,0.8320789259560618,0.834113100081367,0.8340113913751017]}
[Eval] Epoch:  11, Total:   9815, Accuracy : 0.8312, Loss: 0.2357
9815 8158 32.119968220591545
[Eval] Epoch:  11, Total:   9832, Accuracy : 0.8340, Loss: 0.8234
9832 8200 31.95965951681137
