pruned_1_0.3_model_0
DatasetDict({
    train: Dataset({
        features: ['premise', 'hypothesis', 'label', 'indexes'],
        num_rows: 117810
    })
    validation_matched: Dataset({
        features: ['premise', 'hypothesis', 'label', 'indexes'],
        num_rows: 9815
    })
    validation_mismatched: Dataset({
        features: ['premise', 'hypothesis', 'label', 'indexes'],
        num_rows: 9832
    })
    test_matched: Dataset({
        features: ['premise', 'hypothesis', 'label', 'indexes'],
        num_rows: 0
    })
    test_mismatched: Dataset({
        features: ['premise', 'hypothesis', 'label', 'indexes'],
        num_rows: 0
    })
})
[Train] Epoch:   0, Total: 117810, Accuracy : 0.7393, Loss: 0.4496
[Eval] Epoch:   0, Total:   9815, Accuracy : 0.8389, Loss: 0.2640
[Eval] Epoch:   0, Total:   9832, Accuracy : 0.8434, Loss: 0.4241
[Train] Epoch:   1, Total: 117810, Accuracy : 0.8465, Loss: 0.2669
[Eval] Epoch:   1, Total:   9815, Accuracy : 0.8521, Loss: 0.2535
[Eval] Epoch:   1, Total:   9832, Accuracy : 0.8531, Loss: 0.3989
[Train] Epoch:   2, Total: 117810, Accuracy : 0.8791, Loss: 0.4331
[Eval] Epoch:   2, Total:   9815, Accuracy : 0.8519, Loss: 0.2295
[Eval] Epoch:   2, Total:   9832, Accuracy : 0.8512, Loss: 0.3745
[Train] Epoch:   3, Total: 117810, Accuracy : 0.9049, Loss: 0.3163
[Eval] Epoch:   3, Total:   9815, Accuracy : 0.8493, Loss: 0.2107
[Eval] Epoch:   3, Total:   9832, Accuracy : 0.8507, Loss: 0.4382
[Train] Epoch:   4, Total: 117810, Accuracy : 0.9241, Loss: 0.2298
[Eval] Epoch:   4, Total:   9815, Accuracy : 0.8551, Loss: 0.2360
[Eval] Epoch:   4, Total:   9832, Accuracy : 0.8518, Loss: 0.4662
[Train] Epoch:   5, Total: 117810, Accuracy : 0.9400, Loss: 0.1192
[Eval] Epoch:   5, Total:   9815, Accuracy : 0.8513, Loss: 0.2501
[Eval] Epoch:   5, Total:   9832, Accuracy : 0.8525, Loss: 0.4654
[Train] Epoch:   6, Total: 117810, Accuracy : 0.9509, Loss: 0.1107
[Eval] Epoch:   6, Total:   9815, Accuracy : 0.8517, Loss: 0.2224
[Eval] Epoch:   6, Total:   9832, Accuracy : 0.8549, Loss: 0.4616
[Train] Epoch:   7, Total: 117810, Accuracy : 0.9576, Loss: 0.0385
[Eval] Epoch:   7, Total:   9815, Accuracy : 0.8518, Loss: 0.2521
[Eval] Epoch:   7, Total:   9832, Accuracy : 0.8534, Loss: 0.4685
[Train] Epoch:   8, Total: 117810, Accuracy : 0.9626, Loss: 0.1509
[Eval] Epoch:   8, Total:   9815, Accuracy : 0.8508, Loss: 0.2607
[Eval] Epoch:   8, Total:   9832, Accuracy : 0.8537, Loss: 0.4922
[Train] Epoch:   9, Total: 117810, Accuracy : 0.9637, Loss: 0.1699
[Eval] Epoch:   9, Total:   9815, Accuracy : 0.8516, Loss: 0.2544
[Eval] Epoch:   9, Total:   9832, Accuracy : 0.8528, Loss: 0.4996
[Train] Epoch:  10, Total: 117810, Accuracy : 0.9512, Loss: 0.2439
[Eval] Epoch:  10, Total:   9815, Accuracy : 0.8486, Loss: 0.2402
[Eval] Epoch:  10, Total:   9832, Accuracy : 0.8459, Loss: 0.4962
[Train] Epoch:  11, Total: 117810, Accuracy : 0.9571, Loss: 0.2702
[Eval] Epoch:  11, Total:   9815, Accuracy : 0.8455, Loss: 0.3207
[Eval] Epoch:  11, Total:   9832, Accuracy : 0.8445, Loss: 0.4836
[Train] Epoch:  12, Total: 117810, Accuracy : 0.9656, Loss: 0.0871
[Eval] Epoch:  12, Total:   9815, Accuracy : 0.8515, Loss: 0.2216
[Eval] Epoch:  12, Total:   9832, Accuracy : 0.8474, Loss: 0.6106
[Train] Epoch:  13, Total: 117810, Accuracy : 0.9729, Loss: 0.0200
[Eval] Epoch:  13, Total:   9815, Accuracy : 0.8510, Loss: 0.3852
[Eval] Epoch:  13, Total:   9832, Accuracy : 0.8487, Loss: 0.6211
[Train] Epoch:  14, Total: 117810, Accuracy : 0.9795, Loss: 0.0868
[Eval] Epoch:  14, Total:   9815, Accuracy : 0.8465, Loss: 0.2333
[Eval] Epoch:  14, Total:   9832, Accuracy : 0.8486, Loss: 0.6454
[Train] Epoch:  15, Total: 117810, Accuracy : 0.9840, Loss: 0.0445
[Eval] Epoch:  15, Total:   9815, Accuracy : 0.8516, Loss: 0.2553
[Eval] Epoch:  15, Total:   9832, Accuracy : 0.8486, Loss: 0.6586
[Train] Epoch:  16, Total: 117810, Accuracy : 0.9873, Loss: 0.0156
[Eval] Epoch:  16, Total:   9815, Accuracy : 0.8523, Loss: 0.3741
[Eval] Epoch:  16, Total:   9832, Accuracy : 0.8480, Loss: 0.7377
[Train] Epoch:  17, Total: 117810, Accuracy : 0.9897, Loss: 0.0017
[Eval] Epoch:  17, Total:   9815, Accuracy : 0.8537, Loss: 0.3835
[Eval] Epoch:  17, Total:   9832, Accuracy : 0.8495, Loss: 0.7905
[Train] Epoch:  18, Total: 117810, Accuracy : 0.9910, Loss: 0.0049
[Eval] Epoch:  18, Total:   9815, Accuracy : 0.8505, Loss: 0.3840
[Eval] Epoch:  18, Total:   9832, Accuracy : 0.8499, Loss: 0.7312
[Train] Epoch:  19, Total: 117810, Accuracy : 0.9919, Loss: 0.0484
[Eval] Epoch:  19, Total:   9815, Accuracy : 0.8509, Loss: 0.3784
[Eval] Epoch:  19, Total:   9832, Accuracy : 0.8503, Loss: 0.7428
{"epoch":[1,2,3,4,5,6,7,8,9,10,11,12,13,14,15,16,17,18,19,20],"train_loss":[0.6023173338679068,0.40261854771161026,0.32597064005449383,0.2599765980644495,0.21034862320878242,0.17090779146959362,0.14203836863411998,0.12394941564237218,0.11161868906137483,0.10813185983133419,0.14219940123259375,0.12385262985291554,0.10008529780549755,0.0802476886991177,0.0626238969209202,0.049345698721763434,0.03858530063509392,0.032101724385698034,0.028456505072866758,0.026093506102739084],"eval_loss":[0.4132959896173233,0.38623845730072415,0.4117083320250878,0.45633193850517273,0.4677598873774211,0.533418772312311,0.5436085179830209,0.574842862593822,0.5917258721131545,0.5957370729018481,0.5706120072266995,0.5990974788482373,0.6528053910304339,0.6827395191559424,0.7281001470027826,0.7605836727680304,0.801283272413107,0.8686188833835797,0.8683532827939743,0.870380909779133],"train_acc":[0.7393175451998981,0.8464561582208641,0.8791358967829556,0.9048722519310755,0.9241320770732535,0.939996604702487,0.9508785332314744,0.9576012223071046,0.9626262626262626,0.963738222561752,0.9511756217638571,0.9570664629488159,0.9655801714625244,0.9728885493591376,0.9794584500466853,0.9839741957389017,0.9872930990578049,0.9896952720482132,0.9910449028096087,0.991944656650539],"eval_acc":[0.8433685923515053,0.8531326281529699,0.8512001627339301,0.8506916192026037,0.8518104149715215,0.8525223759153784,0.8548616761594793,0.8534377542717657,0.8537428803905615,0.8528275020341741,0.8459113100081367,0.8444873881204231,0.8474369406021155,0.8486574450772986,0.8485557363710333,0.8485557363710333,0.8480471928397071,0.8494711147274207,0.8498779495524816,0.8502847843775427]}
[Eval] Epoch:  11, Total:   9815, Accuracy : 0.8509, Loss: 0.3784
9815 8352 33.33201006054878
[Eval] Epoch:  11, Total:   9832, Accuracy : 0.8503, Loss: 0.7428
9832 8360 33.944855481386185
