pruned_2_0.3_model_0
DatasetDict({
    train: Dataset({
        features: ['premise', 'hypothesis', 'label', 'indexes'],
        num_rows: 117810
    })
    validation_matched: Dataset({
        features: ['premise', 'hypothesis', 'label', 'indexes'],
        num_rows: 9815
    })
    validation_mismatched: Dataset({
        features: ['premise', 'hypothesis', 'label', 'indexes'],
        num_rows: 9832
    })
    test_matched: Dataset({
        features: ['premise', 'hypothesis', 'label', 'indexes'],
        num_rows: 0
    })
    test_mismatched: Dataset({
        features: ['premise', 'hypothesis', 'label', 'indexes'],
        num_rows: 0
    })
})
[Train] Epoch:   0, Total: 117810, Accuracy : 0.8403, Loss: 0.2239
[Eval] Epoch:   0, Total:   9815, Accuracy : 0.8304, Loss: 0.2875
[Eval] Epoch:   0, Total:   9832, Accuracy : 0.8272, Loss: 0.4659
[Train] Epoch:   1, Total: 117810, Accuracy : 0.9248, Loss: 0.1262
[Eval] Epoch:   1, Total:   9815, Accuracy : 0.8380, Loss: 0.2626
[Eval] Epoch:   1, Total:   9832, Accuracy : 0.8393, Loss: 0.4537
[Train] Epoch:   2, Total: 117810, Accuracy : 0.9436, Loss: 0.1441
[Eval] Epoch:   2, Total:   9815, Accuracy : 0.8280, Loss: 0.3468
[Eval] Epoch:   2, Total:   9832, Accuracy : 0.8349, Loss: 0.4992
[Train] Epoch:   3, Total: 117810, Accuracy : 0.9578, Loss: 0.0666
[Eval] Epoch:   3, Total:   9815, Accuracy : 0.8341, Loss: 0.3595
[Eval] Epoch:   3, Total:   9832, Accuracy : 0.8343, Loss: 0.5167
[Train] Epoch:   4, Total: 117810, Accuracy : 0.9686, Loss: 0.0870
[Eval] Epoch:   4, Total:   9815, Accuracy : 0.8356, Loss: 0.3536
[Eval] Epoch:   4, Total:   9832, Accuracy : 0.8350, Loss: 0.5700
[Train] Epoch:   5, Total: 117810, Accuracy : 0.9757, Loss: 0.1017
[Eval] Epoch:   5, Total:   9815, Accuracy : 0.8399, Loss: 0.4159
[Eval] Epoch:   5, Total:   9832, Accuracy : 0.8392, Loss: 0.6750
[Train] Epoch:   6, Total: 117810, Accuracy : 0.9808, Loss: 0.0634
[Eval] Epoch:   6, Total:   9815, Accuracy : 0.8379, Loss: 0.4535
[Eval] Epoch:   6, Total:   9832, Accuracy : 0.8366, Loss: 0.6366
[Train] Epoch:   7, Total: 117810, Accuracy : 0.9849, Loss: 0.0192
[Eval] Epoch:   7, Total:   9815, Accuracy : 0.8347, Loss: 0.4341
[Eval] Epoch:   7, Total:   9832, Accuracy : 0.8356, Loss: 0.6947
[Train] Epoch:   8, Total: 117810, Accuracy : 0.9866, Loss: 0.0274
[Eval] Epoch:   8, Total:   9815, Accuracy : 0.8376, Loss: 0.4362
[Eval] Epoch:   8, Total:   9832, Accuracy : 0.8365, Loss: 0.7152
[Train] Epoch:   9, Total: 117810, Accuracy : 0.9874, Loss: 0.0154
[Eval] Epoch:   9, Total:   9815, Accuracy : 0.8381, Loss: 0.4428
[Eval] Epoch:   9, Total:   9832, Accuracy : 0.8376, Loss: 0.7215
[Train] Epoch:  10, Total: 117810, Accuracy : 0.9794, Loss: 0.0655
[Eval] Epoch:  10, Total:   9815, Accuracy : 0.8323, Loss: 0.3797
[Eval] Epoch:  10, Total:   9832, Accuracy : 0.8317, Loss: 0.6255
[Train] Epoch:  11, Total: 117810, Accuracy : 0.9809, Loss: 0.0090
[Eval] Epoch:  11, Total:   9815, Accuracy : 0.8338, Loss: 0.4468
[Eval] Epoch:  11, Total:   9832, Accuracy : 0.8319, Loss: 0.6801
[Train] Epoch:  12, Total: 117810, Accuracy : 0.9851, Loss: 0.0126
[Eval] Epoch:  12, Total:   9815, Accuracy : 0.8321, Loss: 0.4395
[Eval] Epoch:  12, Total:   9832, Accuracy : 0.8327, Loss: 0.6887
[Train] Epoch:  13, Total: 117810, Accuracy : 0.9880, Loss: 0.0056
[Eval] Epoch:  13, Total:   9815, Accuracy : 0.8325, Loss: 0.5781
[Eval] Epoch:  13, Total:   9832, Accuracy : 0.8338, Loss: 0.7322
[Train] Epoch:  14, Total: 117810, Accuracy : 0.9904, Loss: 0.0098
[Eval] Epoch:  14, Total:   9815, Accuracy : 0.8330, Loss: 0.5936
[Eval] Epoch:  14, Total:   9832, Accuracy : 0.8336, Loss: 0.7959
[Train] Epoch:  15, Total: 117810, Accuracy : 0.9924, Loss: 0.0041
[Eval] Epoch:  15, Total:   9815, Accuracy : 0.8315, Loss: 0.5467
[Eval] Epoch:  15, Total:   9832, Accuracy : 0.8316, Loss: 0.7889
[Train] Epoch:  16, Total: 117810, Accuracy : 0.9943, Loss: 0.0008
[Eval] Epoch:  16, Total:   9815, Accuracy : 0.8300, Loss: 0.6036
[Eval] Epoch:  16, Total:   9832, Accuracy : 0.8341, Loss: 0.8729
[Train] Epoch:  17, Total: 117810, Accuracy : 0.9954, Loss: 0.0018
[Eval] Epoch:  17, Total:   9815, Accuracy : 0.8352, Loss: 0.6573
[Eval] Epoch:  17, Total:   9832, Accuracy : 0.8314, Loss: 0.9303
[Train] Epoch:  18, Total: 117810, Accuracy : 0.9962, Loss: 0.0014
[Eval] Epoch:  18, Total:   9815, Accuracy : 0.8368, Loss: 0.6700
[Eval] Epoch:  18, Total:   9832, Accuracy : 0.8342, Loss: 0.9681
[Train] Epoch:  19, Total: 117810, Accuracy : 0.9964, Loss: 0.0472
[Eval] Epoch:  19, Total:   9815, Accuracy : 0.8373, Loss: 0.6717
[Eval] Epoch:  19, Total:   9832, Accuracy : 0.8345, Loss: 0.9713
{"epoch":[1,2,3,4,5,6,7,8,9,10,11,12,13,14,15,16,17,18,19,20],"train_loss":[0.38967176101730083,0.2133842186109363,0.1650219870945378,0.12865812630430995,0.10052768171738648,0.0794742526668336,0.06542960792747599,0.054859132073625694,0.049456324606099514,0.04657572288967168,0.06820564413616947,0.06280765297000424,0.05082147453109574,0.041685173085965456,0.03342798521586668,0.02657596272499242,0.02062840611280453,0.016464997788511394,0.014016185585639709,0.01253344666428961],"eval_loss":[0.4466249316166609,0.4338898819226485,0.49476079375315934,0.5057168152087774,0.6083730367513803,0.6534764056022351,0.6620743702619504,0.7263173674925779,0.7461097530829601,0.7483873397876055,0.6475521112099673,0.7051018293087299,0.7588619039608882,0.858825622460781,0.8695340095422207,0.882008413473765,1.0227002195822887,1.0287464459737141,1.0525874801171131,1.0557835025665088],"train_acc":[0.8402512520159579,0.9247517188693659,0.9435786435786436,0.957796451914099,0.9685595450301333,0.9757490875137934,0.9808250572956455,0.9849163907987437,0.9865715983363043,0.9873864697394109,0.979356591121297,0.9809354044648162,0.9850776674306087,0.9879636703166115,0.9904422375010611,0.9924030218147866,0.9943043884220355,0.9954418130888719,0.9961972667855021,0.9964434258551905],"eval_acc":[0.8271969080553295,0.839300244100895,0.834926769731489,0.8343165174938975,0.8350284784377543,0.8391985353946297,0.8365541090317331,0.8356387306753458,0.8364524003254679,0.8375711960943857,0.8316720911310008,0.8318755085435313,0.8326891781936534,0.8338079739625712,0.8336045565500407,0.8315703824247356,0.834113100081367,0.8313669650122051,0.8342148087876322,0.834519934906428]}
[Eval] Epoch:  11, Total:   9815, Accuracy : 0.8373, Loss: 0.6717
9815 8218 40.48736047744751
[Eval] Epoch:  11, Total:   9832, Accuracy : 0.8345, Loss: 0.9713
9832 8205 41.17555660009384
