pruned_2_0.4_model_0
DatasetDict({
    train: Dataset({
        features: ['premise', 'hypothesis', 'label', 'indexes'],
        num_rows: 157080
    })
    validation_matched: Dataset({
        features: ['premise', 'hypothesis', 'label', 'indexes'],
        num_rows: 9815
    })
    validation_mismatched: Dataset({
        features: ['premise', 'hypothesis', 'label', 'indexes'],
        num_rows: 9832
    })
    test_matched: Dataset({
        features: ['premise', 'hypothesis', 'label', 'indexes'],
        num_rows: 0
    })
    test_mismatched: Dataset({
        features: ['premise', 'hypothesis', 'label', 'indexes'],
        num_rows: 0
    })
})
[Train] Epoch:   0, Total: 157080, Accuracy : 0.8341, Loss: 0.3077
[Eval] Epoch:   0, Total:   9815, Accuracy : 0.8237, Loss: 0.2920
[Eval] Epoch:   0, Total:   9832, Accuracy : 0.8263, Loss: 0.4552
[Train] Epoch:   1, Total: 157080, Accuracy : 0.9096, Loss: 0.2993
[Eval] Epoch:   1, Total:   9815, Accuracy : 0.8399, Loss: 0.2223
[Eval] Epoch:   1, Total:   9832, Accuracy : 0.8406, Loss: 0.3977
[Train] Epoch:   2, Total: 157080, Accuracy : 0.9301, Loss: 0.2914
[Eval] Epoch:   2, Total:   9815, Accuracy : 0.8387, Loss: 0.2529
[Eval] Epoch:   2, Total:   9832, Accuracy : 0.8432, Loss: 0.4486
[Train] Epoch:   3, Total: 157080, Accuracy : 0.9470, Loss: 0.1231
[Eval] Epoch:   3, Total:   9815, Accuracy : 0.8434, Loss: 0.2257
[Eval] Epoch:   3, Total:   9832, Accuracy : 0.8465, Loss: 0.4567
[Train] Epoch:   4, Total: 157080, Accuracy : 0.9594, Loss: 0.0782
[Eval] Epoch:   4, Total:   9815, Accuracy : 0.8474, Loss: 0.2203
[Eval] Epoch:   4, Total:   9832, Accuracy : 0.8498, Loss: 0.5226
[Train] Epoch:   5, Total: 157080, Accuracy : 0.9682, Loss: 0.0977
[Eval] Epoch:   5, Total:   9815, Accuracy : 0.8433, Loss: 0.2647
[Eval] Epoch:   5, Total:   9832, Accuracy : 0.8457, Loss: 0.4943
[Train] Epoch:   6, Total: 157080, Accuracy : 0.9750, Loss: 0.1027
[Eval] Epoch:   6, Total:   9815, Accuracy : 0.8473, Loss: 0.2766
[Eval] Epoch:   6, Total:   9832, Accuracy : 0.8498, Loss: 0.5902
[Train] Epoch:   7, Total: 157080, Accuracy : 0.9795, Loss: 0.0490
[Eval] Epoch:   7, Total:   9815, Accuracy : 0.8449, Loss: 0.3018
[Eval] Epoch:   7, Total:   9832, Accuracy : 0.8492, Loss: 0.6366
[Train] Epoch:   8, Total: 157080, Accuracy : 0.9819, Loss: 0.0655
[Eval] Epoch:   8, Total:   9815, Accuracy : 0.8456, Loss: 0.2960
[Eval] Epoch:   8, Total:   9832, Accuracy : 0.8491, Loss: 0.6543
[Train] Epoch:   9, Total: 157080, Accuracy : 0.9828, Loss: 0.0480
[Eval] Epoch:   9, Total:   9815, Accuracy : 0.8442, Loss: 0.2909
[Eval] Epoch:   9, Total:   9832, Accuracy : 0.8493, Loss: 0.6568
[Train] Epoch:  10, Total: 157080, Accuracy : 0.9730, Loss: 0.0478
[Eval] Epoch:  10, Total:   9815, Accuracy : 0.8433, Loss: 0.2905
[Eval] Epoch:  10, Total:   9832, Accuracy : 0.8444, Loss: 0.6240
[Train] Epoch:  11, Total: 157080, Accuracy : 0.9762, Loss: 0.0944
[Eval] Epoch:  11, Total:   9815, Accuracy : 0.8401, Loss: 0.3562
[Eval] Epoch:  11, Total:   9832, Accuracy : 0.8461, Loss: 0.6105
[Train] Epoch:  12, Total: 157080, Accuracy : 0.9803, Loss: 0.0185
[Eval] Epoch:  12, Total:   9815, Accuracy : 0.8420, Loss: 0.2788
[Eval] Epoch:  12, Total:   9832, Accuracy : 0.8402, Loss: 0.7093
[Train] Epoch:  13, Total: 157080, Accuracy : 0.9844, Loss: 0.0215
[Eval] Epoch:  13, Total:   9815, Accuracy : 0.8375, Loss: 0.4711
[Eval] Epoch:  13, Total:   9832, Accuracy : 0.8411, Loss: 0.6701
[Train] Epoch:  14, Total: 157080, Accuracy : 0.9877, Loss: 0.0645
[Eval] Epoch:  14, Total:   9815, Accuracy : 0.8356, Loss: 0.3386
[Eval] Epoch:  14, Total:   9832, Accuracy : 0.8392, Loss: 0.7278
[Train] Epoch:  15, Total: 157080, Accuracy : 0.9904, Loss: 0.0125
[Eval] Epoch:  15, Total:   9815, Accuracy : 0.8448, Loss: 0.4672
[Eval] Epoch:  15, Total:   9832, Accuracy : 0.8459, Loss: 0.8151
[Train] Epoch:  16, Total: 157080, Accuracy : 0.9926, Loss: 0.0027
[Eval] Epoch:  16, Total:   9815, Accuracy : 0.8412, Loss: 0.4332
[Eval] Epoch:  16, Total:   9832, Accuracy : 0.8461, Loss: 0.7887
[Train] Epoch:  17, Total: 157080, Accuracy : 0.9937, Loss: 0.0202
[Eval] Epoch:  17, Total:   9815, Accuracy : 0.8411, Loss: 0.4550
[Eval] Epoch:  17, Total:   9832, Accuracy : 0.8476, Loss: 0.8315
[Train] Epoch:  18, Total: 157080, Accuracy : 0.9951, Loss: 0.0098
[Eval] Epoch:  18, Total:   9815, Accuracy : 0.8427, Loss: 0.5024
[Eval] Epoch:  18, Total:   9832, Accuracy : 0.8481, Loss: 0.8813
[Train] Epoch:  19, Total: 157080, Accuracy : 0.9953, Loss: 0.0052
[Eval] Epoch:  19, Total:   9815, Accuracy : 0.8418, Loss: 0.4840
[Eval] Epoch:  19, Total:   9832, Accuracy : 0.8473, Loss: 0.8871
{"epoch":[1,2,3,4,5,6,7,8,9,10,11,12,13,14,15,16,17,18,19,20],"train_loss":[0.4096482884417916,0.2507740102392843,0.19633832067882198,0.15466436412464524,0.12247280436128087,0.09928046349520986,0.08065048939812358,0.068015211075241,0.06118570492490641,0.05859729580745004,0.08476114375001056,0.07528281831925777,0.06318372374109268,0.050752604357497795,0.04099070549114374,0.03263399551140223,0.025713679325351256,0.021248762111872713,0.01719958540869358,0.016710049794028976],"eval_loss":[0.4429312676955492,0.42275454600652057,0.4662683170575362,0.473655892488284,0.5355785313325051,0.5728808320485629,0.611823843839841,0.6483786556965265,0.6779895753432543,0.6807074684363145,0.6040442196222452,0.6223011895632132,0.7051745240504925,0.7647615136244358,0.8409373989472022,0.8567099372545878,0.8842429243601285,0.9147060758028275,0.9654217713918442,0.9729811426920768],"train_acc":[0.8340527119938884,0.9095811051693404,0.9300674815380697,0.9469633307868602,0.9593964858670742,0.9681690858161447,0.9749936338171632,0.9794945250827604,0.9818945760122231,0.9827794754265342,0.9729755538579068,0.9762032085561497,0.9802584670231729,0.9843837535014006,0.9876878023936847,0.990406162464986,0.9926215940921823,0.9937102113572702,0.9950598421186656,0.9953335879806468],"eval_acc":[0.8262815296989422,0.8406224572823434,0.8431651749389748,0.8465215622457283,0.8497762408462164,0.8457078925956062,0.8497762408462164,0.8491659886086249,0.8490642799023597,0.8492676973148902,0.8443856794141579,0.8461147274206672,0.8402156224572823,0.8411310008136696,0.8391985353946297,0.8459113100081367,0.8461147274206672,0.8476403580146461,0.8481489015459723,0.8473352318958502]}
[Eval] Epoch:  11, Total:   9815, Accuracy : 0.8418, Loss: 0.4840
9815 8262 38.16778802871704
[Eval] Epoch:  11, Total:   9832, Accuracy : 0.8473, Loss: 0.8871
9832 8331 37.946264564991
