pruned_2_0.75_model_0
DatasetDict({
    train: Dataset({
        features: ['premise', 'hypothesis', 'label', 'indexes'],
        num_rows: 294526
    })
    validation_matched: Dataset({
        features: ['premise', 'hypothesis', 'label', 'indexes'],
        num_rows: 9815
    })
    validation_mismatched: Dataset({
        features: ['premise', 'hypothesis', 'label', 'indexes'],
        num_rows: 9832
    })
    test_matched: Dataset({
        features: ['premise', 'hypothesis', 'label', 'indexes'],
        num_rows: 0
    })
    test_mismatched: Dataset({
        features: ['premise', 'hypothesis', 'label', 'indexes'],
        num_rows: 0
    })
})
[Train] Epoch:   0, Total: 294526, Accuracy : 0.8154, Loss: 0.3803
[Eval] Epoch:   0, Total:   9815, Accuracy : 0.8539, Loss: 0.2617
[Eval] Epoch:   0, Total:   9832, Accuracy : 0.8491, Loss: 0.4108
[Train] Epoch:   1, Total: 294526, Accuracy : 0.8790, Loss: 0.2595
[Eval] Epoch:   1, Total:   9815, Accuracy : 0.8619, Loss: 0.2511
[Eval] Epoch:   1, Total:   9832, Accuracy : 0.8573, Loss: 0.4168
[Train] Epoch:   2, Total: 294526, Accuracy : 0.9029, Loss: 0.2785
[Eval] Epoch:   2, Total:   9815, Accuracy : 0.8619, Loss: 0.2018
[Eval] Epoch:   2, Total:   9832, Accuracy : 0.8614, Loss: 0.3963
[Train] Epoch:   3, Total: 294526, Accuracy : 0.9225, Loss: 0.1982
[Eval] Epoch:   3, Total:   9815, Accuracy : 0.8631, Loss: 0.1954
[Eval] Epoch:   3, Total:   9832, Accuracy : 0.8588, Loss: 0.3660
[Train] Epoch:   4, Total: 294526, Accuracy : 0.9378, Loss: 0.1210
[Eval] Epoch:   4, Total:   9815, Accuracy : 0.8624, Loss: 0.2247
[Eval] Epoch:   4, Total:   9832, Accuracy : 0.8598, Loss: 0.4041
[Train] Epoch:   5, Total: 294526, Accuracy : 0.9499, Loss: 0.0811
[Eval] Epoch:   5, Total:   9815, Accuracy : 0.8642, Loss: 0.1513
[Eval] Epoch:   5, Total:   9832, Accuracy : 0.8611, Loss: 0.4680
[Train] Epoch:   6, Total: 294526, Accuracy : 0.9592, Loss: 0.2036
[Eval] Epoch:   6, Total:   9815, Accuracy : 0.8602, Loss: 0.2121
[Eval] Epoch:   6, Total:   9832, Accuracy : 0.8603, Loss: 0.5123
[Train] Epoch:   7, Total: 294526, Accuracy : 0.9650, Loss: 0.1039
[Eval] Epoch:   7, Total:   9815, Accuracy : 0.8585, Loss: 0.2093
[Eval] Epoch:   7, Total:   9832, Accuracy : 0.8583, Loss: 0.5145
[Train] Epoch:   8, Total: 294526, Accuracy : 0.9683, Loss: 0.1427
[Eval] Epoch:   8, Total:   9815, Accuracy : 0.8592, Loss: 0.1866
[Eval] Epoch:   8, Total:   9832, Accuracy : 0.8595, Loss: 0.5022
[Train] Epoch:   9, Total: 294526, Accuracy : 0.9709, Loss: 0.0991
[Eval] Epoch:   9, Total:   9815, Accuracy : 0.8595, Loss: 0.1890
[Eval] Epoch:   9, Total:   9832, Accuracy : 0.8593, Loss: 0.5195
[Train] Epoch:  10, Total: 294526, Accuracy : 0.9554, Loss: 0.1157
[Eval] Epoch:  10, Total:   9815, Accuracy : 0.8572, Loss: 0.1794
[Eval] Epoch:  10, Total:   9832, Accuracy : 0.8587, Loss: 0.5546
[Train] Epoch:  11, Total: 294526, Accuracy : 0.9618, Loss: 0.1167
[Eval] Epoch:  11, Total:   9815, Accuracy : 0.8535, Loss: 0.2508
[Eval] Epoch:  11, Total:   9832, Accuracy : 0.8560, Loss: 0.4678
[Train] Epoch:  12, Total: 294526, Accuracy : 0.9692, Loss: 0.0702
[Eval] Epoch:  12, Total:   9815, Accuracy : 0.8543, Loss: 0.2093
[Eval] Epoch:  12, Total:   9832, Accuracy : 0.8547, Loss: 0.4993
[Train] Epoch:  13, Total: 294526, Accuracy : 0.9758, Loss: 0.0592
[Eval] Epoch:  13, Total:   9815, Accuracy : 0.8580, Loss: 0.1882
[Eval] Epoch:  13, Total:   9832, Accuracy : 0.8549, Loss: 0.5209
[Train] Epoch:  14, Total: 294526, Accuracy : 0.9811, Loss: 0.0560
[Eval] Epoch:  14, Total:   9815, Accuracy : 0.8541, Loss: 0.1643
[Eval] Epoch:  14, Total:   9832, Accuracy : 0.8574, Loss: 0.5232
[Train] Epoch:  15, Total: 294526, Accuracy : 0.9852, Loss: 0.0495
[Eval] Epoch:  15, Total:   9815, Accuracy : 0.8597, Loss: 0.2703
[Eval] Epoch:  15, Total:   9832, Accuracy : 0.8593, Loss: 0.6456
[Train] Epoch:  16, Total: 294526, Accuracy : 0.9881, Loss: 0.0581
[Eval] Epoch:  16, Total:   9815, Accuracy : 0.8587, Loss: 0.1798
[Eval] Epoch:  16, Total:   9832, Accuracy : 0.8581, Loss: 0.6682
[Train] Epoch:  17, Total: 294526, Accuracy : 0.9904, Loss: 0.0230
[Eval] Epoch:  17, Total:   9815, Accuracy : 0.8584, Loss: 0.2460
[Eval] Epoch:  17, Total:   9832, Accuracy : 0.8578, Loss: 0.6734
[Train] Epoch:  18, Total: 294526, Accuracy : 0.9920, Loss: 0.0030
[Eval] Epoch:  18, Total:   9815, Accuracy : 0.8595, Loss: 0.2169
[Eval] Epoch:  18, Total:   9832, Accuracy : 0.8573, Loss: 0.6897
[Train] Epoch:  19, Total: 294526, Accuracy : 0.9927, Loss: 0.0042
[Eval] Epoch:  19, Total:   9815, Accuracy : 0.8596, Loss: 0.2344
[Eval] Epoch:  19, Total:   9832, Accuracy : 0.8578, Loss: 0.6920
{"epoch":[1,2,3,4,5,6,7,8,9,10,11,12,13,14,15,16,17,18,19,20],"train_loss":[0.456622247406962,0.3231140071288282,0.26279974987100874,0.21294377223110322,0.17349370738586894,0.14246284057079556,0.11852788665921765,0.10318314885602475,0.09460786201357582,0.0885593088118798,0.12698117923234256,0.11063359415305893,0.09110854282250205,0.0734846182782478,0.05784797135960605,0.046027336898725076,0.03721913092807712,0.031018307452760862,0.025776272464857527,0.024220956438872395],"eval_loss":[0.3802620562223288,0.3699749799875113,0.3887627197381778,0.4007304738729428,0.43715008864035976,0.5052017080478179,0.53217858228928,0.5558577172267132,0.5731790753511282,0.5844587324521481,0.5166171987851461,0.5606454671957554,0.6038915323905456,0.6353692397093161,0.6656412573961111,0.7233347801061777,0.7529352139203976,0.8077161480218936,0.8371975009257977,0.8420561139400189],"train_acc":[0.8154390444307124,0.8790293556426257,0.9028506821129544,0.9224924115358236,0.9378051513278963,0.9499331128660967,0.9592361964648283,0.9650183684971785,0.9682948194726442,0.9708514698193029,0.9554063138738176,0.9618267996713363,0.9692488948344119,0.9758357496451926,0.9811357910676817,0.9851592049598338,0.9881029179087755,0.9903641783747446,0.9920244732213794,0.9926526011285931],"eval_acc":[0.8490642799023597,0.8573026851098454,0.8613710333604556,0.8588283157038242,0.8598454027664768,0.8610659072416599,0.8602522375915378,0.858319772172498,0.8595402766476811,0.8593368592351506,0.858726606997559,0.8559804719283971,0.8546582587469488,0.8548616761594793,0.8574043938161107,0.8593368592351506,0.8581163547599675,0.8578112286411717,0.8573026851098454,0.8578112286411717]}
[Eval] Epoch:  11, Total:   9815, Accuracy : 0.8596, Loss: 0.2344
9815 8437 32.78540059924126
[Eval] Epoch:  11, Total:   9832, Accuracy : 0.8578, Loss: 0.6920
9832 8434 32.840188443660736
