pruned_3_0.75_model_0
DatasetDict({
    train: Dataset({
        features: ['premise', 'hypothesis', 'label', 'indexes'],
        num_rows: 294526
    })
    validation_matched: Dataset({
        features: ['premise', 'hypothesis', 'label', 'indexes'],
        num_rows: 9815
    })
    validation_mismatched: Dataset({
        features: ['premise', 'hypothesis', 'label', 'indexes'],
        num_rows: 9832
    })
    test_matched: Dataset({
        features: ['premise', 'hypothesis', 'label', 'indexes'],
        num_rows: 0
    })
    test_mismatched: Dataset({
        features: ['premise', 'hypothesis', 'label', 'indexes'],
        num_rows: 0
    })
})
[Train] Epoch:   0, Total: 294526, Accuracy : 0.7558, Loss: 0.5814
[Eval] Epoch:   0, Total:   9815, Accuracy : 0.8559, Loss: 0.2730
[Eval] Epoch:   0, Total:   9832, Accuracy : 0.8580, Loss: 0.4056
[Train] Epoch:   1, Total: 294526, Accuracy : 0.8358, Loss: 0.4506
[Eval] Epoch:   1, Total:   9815, Accuracy : 0.8627, Loss: 0.2475
[Eval] Epoch:   1, Total:   9832, Accuracy : 0.8656, Loss: 0.3782
[Train] Epoch:   2, Total: 294526, Accuracy : 0.8668, Loss: 0.3083
[Eval] Epoch:   2, Total:   9815, Accuracy : 0.8657, Loss: 0.2044
[Eval] Epoch:   2, Total:   9832, Accuracy : 0.8656, Loss: 0.4008
[Train] Epoch:   3, Total: 294526, Accuracy : 0.8902, Loss: 0.2666
[Eval] Epoch:   3, Total:   9815, Accuracy : 0.8662, Loss: 0.1869
[Eval] Epoch:   3, Total:   9832, Accuracy : 0.8647, Loss: 0.4418
[Train] Epoch:   4, Total: 294526, Accuracy : 0.9104, Loss: 0.2496
[Eval] Epoch:   4, Total:   9815, Accuracy : 0.8686, Loss: 0.2007
[Eval] Epoch:   4, Total:   9832, Accuracy : 0.8660, Loss: 0.4264
[Train] Epoch:   5, Total: 294526, Accuracy : 0.9254, Loss: 0.2100
[Eval] Epoch:   5, Total:   9815, Accuracy : 0.8650, Loss: 0.2086
[Eval] Epoch:   5, Total:   9832, Accuracy : 0.8656, Loss: 0.4135
[Train] Epoch:   6, Total: 294526, Accuracy : 0.9376, Loss: 0.3126
[Eval] Epoch:   6, Total:   9815, Accuracy : 0.8664, Loss: 0.1756
[Eval] Epoch:   6, Total:   9832, Accuracy : 0.8637, Loss: 0.4945
[Train] Epoch:   7, Total: 294526, Accuracy : 0.9459, Loss: 0.0911
[Eval] Epoch:   7, Total:   9815, Accuracy : 0.8691, Loss: 0.1747
[Eval] Epoch:   7, Total:   9832, Accuracy : 0.8642, Loss: 0.5004
[Train] Epoch:   8, Total: 294526, Accuracy : 0.9507, Loss: 0.0672
[Eval] Epoch:   8, Total:   9815, Accuracy : 0.8678, Loss: 0.1865
[Eval] Epoch:   8, Total:   9832, Accuracy : 0.8633, Loss: 0.5229
[Train] Epoch:   9, Total: 294526, Accuracy : 0.9528, Loss: 0.1200
[Eval] Epoch:   9, Total:   9815, Accuracy : 0.8673, Loss: 0.1840
[Eval] Epoch:   9, Total:   9832, Accuracy : 0.8642, Loss: 0.5257
[Train] Epoch:  10, Total: 294526, Accuracy : 0.9339, Loss: 0.2634
[Eval] Epoch:  10, Total:   9815, Accuracy : 0.8656, Loss: 0.2163
[Eval] Epoch:  10, Total:   9832, Accuracy : 0.8631, Loss: 0.4568
[Train] Epoch:  11, Total: 294526, Accuracy : 0.9433, Loss: 0.2024
[Eval] Epoch:  11, Total:   9815, Accuracy : 0.8637, Loss: 0.2870
[Eval] Epoch:  11, Total:   9832, Accuracy : 0.8633, Loss: 0.4899
[Train] Epoch:  12, Total: 294526, Accuracy : 0.9551, Loss: 0.1636
[Eval] Epoch:  12, Total:   9815, Accuracy : 0.8649, Loss: 0.2226
[Eval] Epoch:  12, Total:   9832, Accuracy : 0.8579, Loss: 0.5106
[Train] Epoch:  13, Total: 294526, Accuracy : 0.9640, Loss: 0.1226
[Eval] Epoch:  13, Total:   9815, Accuracy : 0.8633, Loss: 0.3194
[Eval] Epoch:  13, Total:   9832, Accuracy : 0.8587, Loss: 0.5779
[Train] Epoch:  14, Total: 294526, Accuracy : 0.9716, Loss: 0.1245
[Eval] Epoch:  14, Total:   9815, Accuracy : 0.8602, Loss: 0.2361
[Eval] Epoch:  14, Total:   9832, Accuracy : 0.8587, Loss: 0.6257
[Train] Epoch:  15, Total: 294526, Accuracy : 0.9778, Loss: 0.0316
[Eval] Epoch:  15, Total:   9815, Accuracy : 0.8652, Loss: 0.3164
[Eval] Epoch:  15, Total:   9832, Accuracy : 0.8619, Loss: 0.7140
[Train] Epoch:  16, Total: 294526, Accuracy : 0.9820, Loss: 0.0930
[Eval] Epoch:  16, Total:   9815, Accuracy : 0.8631, Loss: 0.2721
[Eval] Epoch:  16, Total:   9832, Accuracy : 0.8611, Loss: 0.6908
[Train] Epoch:  17, Total: 294526, Accuracy : 0.9853, Loss: 0.0232
[Eval] Epoch:  17, Total:   9815, Accuracy : 0.8653, Loss: 0.2714
[Eval] Epoch:  17, Total:   9832, Accuracy : 0.8592, Loss: 0.7420
[Train] Epoch:  18, Total: 294526, Accuracy : 0.9873, Loss: 0.0285
[Eval] Epoch:  18, Total:   9815, Accuracy : 0.8649, Loss: 0.2827
[Eval] Epoch:  18, Total:   9832, Accuracy : 0.8613, Loss: 0.7749
[Train] Epoch:  19, Total: 294526, Accuracy : 0.9887, Loss: 0.0274
[Eval] Epoch:  19, Total:   9815, Accuracy : 0.8663, Loss: 0.2798
[Eval] Epoch:  19, Total:   9832, Accuracy : 0.8616, Loss: 0.7823
{"epoch":[1,2,3,4,5,6,7,8,9,10,11,12,13,14,15,16,17,18,19,20],"train_loss":[0.5875735381548556,0.42579161890375417,0.35230067717987595,0.29257336406475765,0.24276246792021056,0.2038628886851096,0.17403048472389981,0.1516040181344639,0.13921933763900807,0.1341007579923919,0.1818939647940736,0.15650924321079543,0.12594115233726857,0.10310106871440865,0.08259873034887268,0.06539299011110716,0.05275575616125901,0.043693913093045496,0.03764415951344556,0.035035747955824294],"eval_loss":[0.3752600672917488,0.3561323552559584,0.3725665758053462,0.41101599503786135,0.41862961649894714,0.444817446745359,0.4923962606833531,0.5161895453929901,0.530420258259162,0.5367722587707715,0.49456824858983356,0.512248104199385,0.5781848140251942,0.6203997173370459,0.6594787270594866,0.6844629530723279,0.7334853288454887,0.765156362301264,0.7912403436807486,0.7994708648094764],"train_acc":[0.7558483801090566,0.8358175509123134,0.8667927449529074,0.8901862653891337,0.9103542641396685,0.9254395197707503,0.9375878530248603,0.945889327258035,0.9507106333566476,0.9528462682411739,0.9339107583031718,0.9432987240515268,0.9550803664192635,0.9639794109857873,0.9716255950238689,0.9778321778043365,0.9819947984218711,0.9852882258272614,0.9872608869845108,0.9886529542383355],"eval_acc":[0.8580146460537021,0.8656427990235964,0.8656427990235964,0.8647274206672091,0.8660496338486574,0.8656427990235964,0.8637103336045565,0.8642188771358829,0.8633034987794955,0.8642188771358829,0.863100081366965,0.8633034987794955,0.8579129373474369,0.858726606997559,0.858726606997559,0.861879576891782,0.8610659072416599,0.8592351505288853,0.8612693246541904,0.8615744507729862]}
[Eval] Epoch:  11, Total:   9815, Accuracy : 0.8663, Loss: 0.2798
9815 8503 30.024182051420212
[Eval] Epoch:  11, Total:   9832, Accuracy : 0.8616, Loss: 0.7823
9832 8471 31.17936372756958
