pruned_1_0.005_model_0
DatasetDict({
    train: Dataset({
        features: ['premise', 'hypothesis', 'label', 'indexes'],
        num_rows: 1916
    })
    validation_matched: Dataset({
        features: ['premise', 'hypothesis', 'label', 'indexes'],
        num_rows: 9815
    })
    validation_mismatched: Dataset({
        features: ['premise', 'hypothesis', 'label', 'indexes'],
        num_rows: 9832
    })
    test_matched: Dataset({
        features: ['premise', 'hypothesis', 'label', 'indexes'],
        num_rows: 0
    })
    test_mismatched: Dataset({
        features: ['premise', 'hypothesis', 'label', 'indexes'],
        num_rows: 0
    })
})
[Train] Epoch:   0, Total:   1916, Accuracy : 0.3262, Loss: 1.0932
[Eval] Epoch:   0, Total:   9815, Accuracy : 0.3182, Loss: 1.0969
[Eval] Epoch:   0, Total:   9832, Accuracy : 0.3182, Loss: 1.1016
[Train] Epoch:   1, Total:   1916, Accuracy : 0.3241, Loss: 1.1057
[Eval] Epoch:   1, Total:   9815, Accuracy : 0.3446, Loss: 1.0971
[Eval] Epoch:   1, Total:   9832, Accuracy : 0.3485, Loss: 1.0989
[Train] Epoch:   2, Total:   1916, Accuracy : 0.3403, Loss: 1.0953
[Eval] Epoch:   2, Total:   9815, Accuracy : 0.3274, Loss: 1.0992
[Eval] Epoch:   2, Total:   9832, Accuracy : 0.3295, Loss: 1.0989
[Train] Epoch:   3, Total:   1916, Accuracy : 0.3434, Loss: 1.0936
[Eval] Epoch:   3, Total:   9815, Accuracy : 0.3274, Loss: 1.1008
[Eval] Epoch:   3, Total:   9832, Accuracy : 0.3295, Loss: 1.0989
[Train] Epoch:   4, Total:   1916, Accuracy : 0.3559, Loss: 1.0965
[Eval] Epoch:   4, Total:   9815, Accuracy : 0.3465, Loss: 1.0978
[Eval] Epoch:   4, Total:   9832, Accuracy : 0.3416, Loss: 1.0974
[Train] Epoch:   5, Total:   1916, Accuracy : 0.4008, Loss: 1.0852
[Eval] Epoch:   5, Total:   9815, Accuracy : 0.4575, Loss: 1.0862
[Eval] Epoch:   5, Total:   9832, Accuracy : 0.4874, Loss: 1.0834
[Train] Epoch:   6, Total:   1916, Accuracy : 0.4828, Loss: 1.0090
[Eval] Epoch:   6, Total:   9815, Accuracy : 0.4902, Loss: 0.9537
[Eval] Epoch:   6, Total:   9832, Accuracy : 0.5108, Loss: 0.9519
[Train] Epoch:   7, Total:   1916, Accuracy : 0.5887, Loss: 0.8459
[Eval] Epoch:   7, Total:   9815, Accuracy : 0.6452, Loss: 0.7856
[Eval] Epoch:   7, Total:   9832, Accuracy : 0.6673, Loss: 0.8226
[Train] Epoch:   8, Total:   1916, Accuracy : 0.6879, Loss: 0.7871
[Eval] Epoch:   8, Total:   9815, Accuracy : 0.6808, Loss: 0.6931
[Eval] Epoch:   8, Total:   9832, Accuracy : 0.6943, Loss: 0.6979
[Train] Epoch:   9, Total:   1916, Accuracy : 0.7516, Loss: 0.6499
[Eval] Epoch:   9, Total:   9815, Accuracy : 0.7136, Loss: 0.6693
[Eval] Epoch:   9, Total:   9832, Accuracy : 0.7216, Loss: 0.6541
[Train] Epoch:  10, Total:   1916, Accuracy : 0.7928, Loss: 0.5639
[Eval] Epoch:  10, Total:   9815, Accuracy : 0.7157, Loss: 0.7514
[Eval] Epoch:  10, Total:   9832, Accuracy : 0.7246, Loss: 0.6745
[Train] Epoch:  11, Total:   1916, Accuracy : 0.8085, Loss: 0.5566
[Eval] Epoch:  11, Total:   9815, Accuracy : 0.7254, Loss: 0.6911
[Eval] Epoch:  11, Total:   9832, Accuracy : 0.7318, Loss: 0.6146
[Train] Epoch:  12, Total:   1916, Accuracy : 0.8262, Loss: 0.4550
[Eval] Epoch:  12, Total:   9815, Accuracy : 0.7254, Loss: 0.6936
[Eval] Epoch:  12, Total:   9832, Accuracy : 0.7342, Loss: 0.6130
[Train] Epoch:  13, Total:   1916, Accuracy : 0.8272, Loss: 0.5067
[Eval] Epoch:  13, Total:   9815, Accuracy : 0.7318, Loss: 0.7354
[Eval] Epoch:  13, Total:   9832, Accuracy : 0.7402, Loss: 0.5876
[Train] Epoch:  14, Total:   1916, Accuracy : 0.8847, Loss: 0.4175
[Eval] Epoch:  14, Total:   9815, Accuracy : 0.7425, Loss: 0.7727
[Eval] Epoch:  14, Total:   9832, Accuracy : 0.7456, Loss: 0.5871
[Train] Epoch:  15, Total:   1916, Accuracy : 0.9154, Loss: 0.2346
[Eval] Epoch:  15, Total:   9815, Accuracy : 0.7472, Loss: 0.7329
[Eval] Epoch:  15, Total:   9832, Accuracy : 0.7522, Loss: 0.6156
[Train] Epoch:  16, Total:   1916, Accuracy : 0.9400, Loss: 0.1757
[Eval] Epoch:  16, Total:   9815, Accuracy : 0.7472, Loss: 0.8660
[Eval] Epoch:  16, Total:   9832, Accuracy : 0.7544, Loss: 0.6290
[Train] Epoch:  17, Total:   1916, Accuracy : 0.9546, Loss: 0.0823
[Eval] Epoch:  17, Total:   9815, Accuracy : 0.7473, Loss: 0.8404
[Eval] Epoch:  17, Total:   9832, Accuracy : 0.7567, Loss: 0.6546
[Train] Epoch:  18, Total:   1916, Accuracy : 0.9530, Loss: 0.1199
[Eval] Epoch:  18, Total:   9815, Accuracy : 0.7490, Loss: 0.8731
[Eval] Epoch:  18, Total:   9832, Accuracy : 0.7557, Loss: 0.6725
[Train] Epoch:  19, Total:   1916, Accuracy : 0.9556, Loss: 0.0975
[Eval] Epoch:  19, Total:   9815, Accuracy : 0.7492, Loss: 0.8751
[Eval] Epoch:  19, Total:   9832, Accuracy : 0.7555, Loss: 0.6739
{"epoch":[1,2,3,4,5,6,7,8,9,10,11,12,13,14,15,16,17,18,19,20],"train_loss":[1.104596883058548,1.1027601063251495,1.0994877517223358,1.09979847073555,1.096618264913559,1.0916237235069275,1.0448807701468468,0.910753920674324,0.7585717588663101,0.6370036825537682,0.5505230911076069,0.5111418925225735,0.48501282557845116,0.4690382406115532,0.3468681052327156,0.2559940107166767,0.1944597326219082,0.16131208837032318,0.15435435716062784,0.14192465040832758],"eval_loss":[1.101684759824704,1.0985641662891095,1.098457293632703,1.0980935188440175,1.0964001722824879,1.0810901721318562,0.955021450152764,0.8221985437931159,0.7250349949567746,0.6728979456119049,0.6806463553355291,0.6544417570798825,0.6534752188584744,0.6750356524418561,0.6975335753881015,0.7152896615175101,0.7383415851837549,0.7550115707593087,0.7611743058913794,0.7617323765387902],"train_acc":[0.32620041753653445,0.32411273486430064,0.34029227557411273,0.34342379958246344,0.3559498956158664,0.40083507306889354,0.482776617954071,0.5887265135699373,0.6878914405010439,0.7515657620041754,0.7927974947807933,0.808455114822547,0.8262004175365344,0.8272442588726514,0.8846555323590815,0.9154488517745303,0.9399791231732777,0.9545929018789144,0.9530271398747391,0.9556367432150313],"eval_acc":[0.318246541903987,0.34845402766476813,0.3295362082994304,0.3295362082994304,0.34163954434499594,0.4873881204231082,0.5107811228641171,0.6673108218063466,0.6942636289666395,0.7216232709519935,0.7245728234336859,0.7317941415785191,0.7342351505288853,0.7402359641985354,0.745626525630594,0.7522375915378356,0.754373474369406,0.7567127746135069,0.7556956875508544,0.7554922701383239]}
[Eval] Epoch:  11, Total:   9815, Accuracy : 0.7492, Loss: 0.8751
9815 7353 30.800315737724304
[Eval] Epoch:  11, Total:   9832, Accuracy : 0.7555, Loss: 0.6739
9832 7428 29.707562685012817
