random_0.04_model_0
DatasetDict({
    train: Dataset({
        features: ['premise', 'hypothesis', 'label', 'indexes'],
        num_rows: 15708
    })
    validation_matched: Dataset({
        features: ['premise', 'hypothesis', 'label', 'indexes'],
        num_rows: 9815
    })
    validation_mismatched: Dataset({
        features: ['premise', 'hypothesis', 'label', 'indexes'],
        num_rows: 9832
    })
    test_matched: Dataset({
        features: ['premise', 'hypothesis', 'label', 'indexes'],
        num_rows: 0
    })
    test_mismatched: Dataset({
        features: ['premise', 'hypothesis', 'label', 'indexes'],
        num_rows: 0
    })
})
[Train] Epoch:   0, Total:  15708, Accuracy : 0.3888, Loss: 0.9559
[Eval] Epoch:   0, Total:   9815, Accuracy : 0.6377, Loss: 0.8446
[Eval] Epoch:   0, Total:   9832, Accuracy : 0.6614, Loss: 0.7538
[Train] Epoch:   1, Total:  15708, Accuracy : 0.7095, Loss: 0.5749
[Eval] Epoch:   1, Total:   9815, Accuracy : 0.7813, Loss: 0.4489
[Eval] Epoch:   1, Total:   9832, Accuracy : 0.7858, Loss: 0.5312
[Train] Epoch:   2, Total:  15708, Accuracy : 0.8104, Loss: 0.4965
[Eval] Epoch:   2, Total:   9815, Accuracy : 0.8025, Loss: 0.4807
[Eval] Epoch:   2, Total:   9832, Accuracy : 0.8077, Loss: 0.5067
[Train] Epoch:   3, Total:  15708, Accuracy : 0.8538, Loss: 0.4405
[Eval] Epoch:   3, Total:   9815, Accuracy : 0.8127, Loss: 0.4003
[Eval] Epoch:   3, Total:   9832, Accuracy : 0.8181, Loss: 0.5369
[Train] Epoch:   4, Total:  15708, Accuracy : 0.8878, Loss: 0.3268
[Eval] Epoch:   4, Total:   9815, Accuracy : 0.8136, Loss: 0.4258
[Eval] Epoch:   4, Total:   9832, Accuracy : 0.8206, Loss: 0.5808
[Train] Epoch:   5, Total:  15708, Accuracy : 0.9078, Loss: 0.2439
[Eval] Epoch:   5, Total:   9815, Accuracy : 0.8162, Loss: 0.4415
[Eval] Epoch:   5, Total:   9832, Accuracy : 0.8210, Loss: 0.6085
[Train] Epoch:   6, Total:  15708, Accuracy : 0.9297, Loss: 0.1781
[Eval] Epoch:   6, Total:   9815, Accuracy : 0.8162, Loss: 0.4771
[Eval] Epoch:   6, Total:   9832, Accuracy : 0.8220, Loss: 0.6760
[Train] Epoch:   7, Total:  15708, Accuracy : 0.9397, Loss: 0.0961
[Eval] Epoch:   7, Total:   9815, Accuracy : 0.8159, Loss: 0.5347
[Eval] Epoch:   7, Total:   9832, Accuracy : 0.8223, Loss: 0.6917
[Train] Epoch:   8, Total:  15708, Accuracy : 0.9449, Loss: 0.1013
[Eval] Epoch:   8, Total:   9815, Accuracy : 0.8162, Loss: 0.5594
[Eval] Epoch:   8, Total:   9832, Accuracy : 0.8210, Loss: 0.7238
[Train] Epoch:   9, Total:  15708, Accuracy : 0.9493, Loss: 0.1610
[Eval] Epoch:   9, Total:   9815, Accuracy : 0.8156, Loss: 0.5646
[Eval] Epoch:   9, Total:   9832, Accuracy : 0.8235, Loss: 0.7251
[Train] Epoch:  10, Total:  15708, Accuracy : 0.9428, Loss: 0.1590
[Eval] Epoch:  10, Total:   9815, Accuracy : 0.8059, Loss: 0.4419
[Eval] Epoch:  10, Total:   9832, Accuracy : 0.8162, Loss: 0.6706
[Train] Epoch:  11, Total:  15708, Accuracy : 0.9454, Loss: 0.2412
[Eval] Epoch:  11, Total:   9815, Accuracy : 0.8121, Loss: 0.5974
[Eval] Epoch:  11, Total:   9832, Accuracy : 0.8178, Loss: 0.7091
[Train] Epoch:  12, Total:  15708, Accuracy : 0.9559, Loss: 0.1786
[Eval] Epoch:  12, Total:   9815, Accuracy : 0.8105, Loss: 0.5720
[Eval] Epoch:  12, Total:   9832, Accuracy : 0.8187, Loss: 0.7805
[Train] Epoch:  13, Total:  15708, Accuracy : 0.9674, Loss: 0.1089
[Eval] Epoch:  13, Total:   9815, Accuracy : 0.8094, Loss: 0.6010
[Eval] Epoch:  13, Total:   9832, Accuracy : 0.8173, Loss: 0.8785
[Train] Epoch:  14, Total:  15708, Accuracy : 0.9734, Loss: 0.0426
[Eval] Epoch:  14, Total:   9815, Accuracy : 0.8087, Loss: 0.7864
[Eval] Epoch:  14, Total:   9832, Accuracy : 0.8148, Loss: 0.9070
[Train] Epoch:  15, Total:  15708, Accuracy : 0.9807, Loss: 0.0243
[Eval] Epoch:  15, Total:   9815, Accuracy : 0.8130, Loss: 0.6707
[Eval] Epoch:  15, Total:   9832, Accuracy : 0.8199, Loss: 0.8841
[Train] Epoch:  16, Total:  15708, Accuracy : 0.9838, Loss: 0.0628
[Eval] Epoch:  16, Total:   9815, Accuracy : 0.8177, Loss: 0.7218
[Eval] Epoch:  16, Total:   9832, Accuracy : 0.8178, Loss: 0.9398
[Train] Epoch:  17, Total:  15708, Accuracy : 0.9872, Loss: 0.0059
[Eval] Epoch:  17, Total:   9815, Accuracy : 0.8151, Loss: 0.7162
[Eval] Epoch:  17, Total:   9832, Accuracy : 0.8194, Loss: 0.9958
[Train] Epoch:  18, Total:  15708, Accuracy : 0.9888, Loss: 0.0277
[Eval] Epoch:  18, Total:   9815, Accuracy : 0.8145, Loss: 0.7234
[Eval] Epoch:  18, Total:   9832, Accuracy : 0.8202, Loss: 0.9999
[Train] Epoch:  19, Total:  15708, Accuracy : 0.9898, Loss: 0.0132
[Eval] Epoch:  19, Total:   9815, Accuracy : 0.8142, Loss: 0.7271
[Eval] Epoch:  19, Total:   9832, Accuracy : 0.8203, Loss: 1.0065
{"epoch":[1,2,3,4,5,6,7,8,9,10,11,12,13,14,15,16,17,18,19,20],"train_loss":[1.0685936020266624,0.7028218901926472,0.502748574941389,0.3985684542886673,0.3173880875110626,0.26126047007499204,0.21042644881433056,0.18143766253225266,0.1640006392713516,0.155636377272106,0.16967270715582755,0.16003785498680606,0.13046343240045732,0.0989314196931739,0.0803035466421035,0.06173370808603302,0.05197411772584723,0.040491767130011035,0.03552186127842193,0.03361487851267861],"eval_loss":[0.8147334395310818,0.5448637413672912,0.4978751089328375,0.5033508737881979,0.5292275700813684,0.5483124057451884,0.5880185449734713,0.611977756787569,0.6302333626991663,0.630301221823081,0.6654476691515018,0.6535043173875564,0.7254858528956388,0.7714604062911792,0.7865219116210938,0.8517071910393543,0.8611821226584606,0.8927226800184983,0.8947569376383072,0.8978347533788437],"train_acc":[0.38878278584160936,0.709511077158136,0.8103514132925898,0.8538324420677362,0.887764196587726,0.9078176725235548,0.9296536796536796,0.939712248535778,0.9448688566335626,0.9492615227909346,0.9428316781257958,0.9453781512605042,0.9558823529411765,0.9674051438757321,0.9733893557422969,0.9807104660045837,0.9837662337662337,0.9872039724980901,0.988795518207283,0.9898141074611663],"eval_acc":[0.6614117168429617,0.7858014646053703,0.8076688364524003,0.8181448331977217,0.8205858421480878,0.8209926769731489,0.8220097640358015,0.8223148901545972,0.8209926769731489,0.8235353946297803,0.8162123677786819,0.817839707078926,0.818653376729048,0.8173311635475997,0.8147884458909682,0.8198738812042311,0.817839707078926,0.8193653376729048,0.8201790073230268,0.8202807160292921]}
[Eval] Epoch:  11, Total:   9815, Accuracy : 0.8142, Loss: 0.7271
9815 7991 34.98133826255798
[Eval] Epoch:  11, Total:   9832, Accuracy : 0.8203, Loss: 1.0065
9832 8065 35.0155553817749
