random_0.005_model_0
DatasetDict({
    train: Dataset({
        features: ['premise', 'hypothesis', 'label', 'indexes'],
        num_rows: 1964
    })
    validation_matched: Dataset({
        features: ['premise', 'hypothesis', 'label', 'indexes'],
        num_rows: 9815
    })
    validation_mismatched: Dataset({
        features: ['premise', 'hypothesis', 'label', 'indexes'],
        num_rows: 9832
    })
    test_matched: Dataset({
        features: ['premise', 'hypothesis', 'label', 'indexes'],
        num_rows: 0
    })
    test_mismatched: Dataset({
        features: ['premise', 'hypothesis', 'label', 'indexes'],
        num_rows: 0
    })
})
[Train] Epoch:   0, Total:   1964, Accuracy : 0.3320, Loss: 1.0995
[Eval] Epoch:   0, Total:   9815, Accuracy : 0.3182, Loss: 1.0975
[Eval] Epoch:   0, Total:   9832, Accuracy : 0.3182, Loss: 1.0985
[Train] Epoch:   1, Total:   1964, Accuracy : 0.3391, Loss: 1.1003
[Eval] Epoch:   1, Total:   9815, Accuracy : 0.3281, Loss: 1.0986
[Eval] Epoch:   1, Total:   9832, Accuracy : 0.3297, Loss: 1.0984
[Train] Epoch:   2, Total:   1964, Accuracy : 0.3457, Loss: 1.0992
[Eval] Epoch:   2, Total:   9815, Accuracy : 0.3274, Loss: 1.1003
[Eval] Epoch:   2, Total:   9832, Accuracy : 0.3295, Loss: 1.0988
[Train] Epoch:   3, Total:   1964, Accuracy : 0.3462, Loss: 1.0969
[Eval] Epoch:   3, Total:   9815, Accuracy : 0.3274, Loss: 1.0987
[Eval] Epoch:   3, Total:   9832, Accuracy : 0.3295, Loss: 1.0982
[Train] Epoch:   4, Total:   1964, Accuracy : 0.3518, Loss: 1.0942
[Eval] Epoch:   4, Total:   9815, Accuracy : 0.3968, Loss: 1.0945
[Eval] Epoch:   4, Total:   9832, Accuracy : 0.4190, Loss: 1.0934
[Train] Epoch:   5, Total:   1964, Accuracy : 0.4532, Loss: 1.0603
[Eval] Epoch:   5, Total:   9815, Accuracy : 0.5114, Loss: 1.0539
[Eval] Epoch:   5, Total:   9832, Accuracy : 0.5443, Loss: 1.0385
[Train] Epoch:   6, Total:   1964, Accuracy : 0.5407, Loss: 0.9789
[Eval] Epoch:   6, Total:   9815, Accuracy : 0.5816, Loss: 0.8942
[Eval] Epoch:   6, Total:   9832, Accuracy : 0.6127, Loss: 0.8484
[Train] Epoch:   7, Total:   1964, Accuracy : 0.6349, Loss: 0.7686
[Eval] Epoch:   7, Total:   9815, Accuracy : 0.6308, Loss: 0.8247
[Eval] Epoch:   7, Total:   9832, Accuracy : 0.6552, Loss: 0.7645
[Train] Epoch:   8, Total:   1964, Accuracy : 0.7189, Loss: 0.6582
[Eval] Epoch:   8, Total:   9815, Accuracy : 0.6950, Loss: 0.7023
[Eval] Epoch:   8, Total:   9832, Accuracy : 0.7095, Loss: 0.6705
[Train] Epoch:   9, Total:   1964, Accuracy : 0.7968, Loss: 0.5425
[Eval] Epoch:   9, Total:   9815, Accuracy : 0.7146, Loss: 0.6419
[Eval] Epoch:   9, Total:   9832, Accuracy : 0.7312, Loss: 0.6592
[Train] Epoch:  10, Total:   1964, Accuracy : 0.8218, Loss: 0.4792
[Eval] Epoch:  10, Total:   9815, Accuracy : 0.7220, Loss: 0.6799
[Eval] Epoch:  10, Total:   9832, Accuracy : 0.7352, Loss: 0.6531
[Train] Epoch:  11, Total:   1964, Accuracy : 0.8381, Loss: 0.4644
[Eval] Epoch:  11, Total:   9815, Accuracy : 0.7291, Loss: 0.6404
[Eval] Epoch:  11, Total:   9832, Accuracy : 0.7391, Loss: 0.6468
[Train] Epoch:  12, Total:   1964, Accuracy : 0.8483, Loss: 0.3885
[Eval] Epoch:  12, Total:   9815, Accuracy : 0.7283, Loss: 0.6587
[Eval] Epoch:  12, Total:   9832, Accuracy : 0.7366, Loss: 0.6459
[Train] Epoch:  13, Total:   1964, Accuracy : 0.8610, Loss: 0.3396
[Eval] Epoch:  13, Total:   9815, Accuracy : 0.7256, Loss: 0.7414
[Eval] Epoch:  13, Total:   9832, Accuracy : 0.7377, Loss: 0.6575
[Train] Epoch:  14, Total:   1964, Accuracy : 0.8966, Loss: 0.3247
[Eval] Epoch:  14, Total:   9815, Accuracy : 0.7234, Loss: 0.8765
[Eval] Epoch:  14, Total:   9832, Accuracy : 0.7272, Loss: 0.7815
[Train] Epoch:  15, Total:   1964, Accuracy : 0.9206, Loss: 0.2240
[Eval] Epoch:  15, Total:   9815, Accuracy : 0.7350, Loss: 0.8911
[Eval] Epoch:  15, Total:   9832, Accuracy : 0.7401, Loss: 0.7316
[Train] Epoch:  16, Total:   1964, Accuracy : 0.9430, Loss: 0.1786
[Eval] Epoch:  16, Total:   9815, Accuracy : 0.7427, Loss: 0.7625
[Eval] Epoch:  16, Total:   9832, Accuracy : 0.7542, Loss: 0.6510
[Train] Epoch:  17, Total:   1964, Accuracy : 0.9455, Loss: 0.2035
[Eval] Epoch:  17, Total:   9815, Accuracy : 0.7410, Loss: 0.7976
[Eval] Epoch:  17, Total:   9832, Accuracy : 0.7483, Loss: 0.6893
[Train] Epoch:  18, Total:   1964, Accuracy : 0.9572, Loss: 0.1562
[Eval] Epoch:  18, Total:   9815, Accuracy : 0.7416, Loss: 0.7787
[Eval] Epoch:  18, Total:   9832, Accuracy : 0.7506, Loss: 0.6919
[Train] Epoch:  19, Total:   1964, Accuracy : 0.9603, Loss: 0.1051
[Eval] Epoch:  19, Total:   9815, Accuracy : 0.7426, Loss: 0.7763
[Eval] Epoch:  19, Total:   9832, Accuracy : 0.7506, Loss: 0.6936
{"epoch":[1,2,3,4,5,6,7,8,9,10,11,12,13,14,15,16,17,18,19,20],"train_loss":[1.1002046167850494,1.0991714894771576,1.0987864583730698,1.0978159755468369,1.0962080657482147,1.0817324668169022,0.9883137419819832,0.8523242175579071,0.6993229314684868,0.5517090894281864,0.4936000928282738,0.4425051510334015,0.4230738431215286,0.3967965953052044,0.3270654175430536,0.25210025906562805,0.20618984289467335,0.17985651269555092,0.16108820959925652,0.1477213418111205],"eval_loss":[1.0990576591247168,1.098804535009922,1.099035993600503,1.098489755239242,1.0940332596118634,1.044056351368244,0.9111160911046542,0.8116241586514008,0.7101900210747352,0.6882040852155441,0.6924448303687267,0.6907054644364578,0.6922827974343911,0.7243466484240997,0.8287002948614267,0.7853942116101583,0.7620589687274053,0.8037015535892584,0.7962691004459674,0.798619609612685],"train_acc":[0.3319755600814664,0.3391038696537678,0.34572301425661917,0.34623217922606925,0.3518329938900204,0.4531568228105906,0.5407331975560081,0.634928716904277,0.7189409368635438,0.7968431771894093,0.8217922606924644,0.8380855397148677,0.8482688391038696,0.8609979633401222,0.8966395112016293,0.9205702647657841,0.9429735234215886,0.9455193482688391,0.9572301425661914,0.960285132382892],"eval_acc":[0.318246541903987,0.32973962571196097,0.3295362082994304,0.3295362082994304,0.41903986981285596,0.5443449959316518,0.6126932465419039,0.6552074857607811,0.709519934906428,0.7311838893409276,0.7351505288852725,0.7391171684296176,0.7365744507729862,0.7376932465419039,0.7272172497965825,0.7401342554922702,0.7541700569568756,0.7482709519934907,0.7506102522375916,0.7506102522375916]}
[Eval] Epoch:  11, Total:   9815, Accuracy : 0.7426, Loss: 0.7763
9815 7289 31.737866699695587
[Eval] Epoch:  11, Total:   9832, Accuracy : 0.7506, Loss: 0.6936
9832 7380 31.146164774894714
