pruned_1_0.2_model_0
DatasetDict({
    train: Dataset({
        features: ['premise', 'hypothesis', 'label', 'indexes'],
        num_rows: 78537
    })
    validation_matched: Dataset({
        features: ['premise', 'hypothesis', 'label', 'indexes'],
        num_rows: 9815
    })
    validation_mismatched: Dataset({
        features: ['premise', 'hypothesis', 'label', 'indexes'],
        num_rows: 9832
    })
    test_matched: Dataset({
        features: ['premise', 'hypothesis', 'label', 'indexes'],
        num_rows: 0
    })
    test_mismatched: Dataset({
        features: ['premise', 'hypothesis', 'label', 'indexes'],
        num_rows: 0
    })
})
[Train] Epoch:   0, Total:  78537, Accuracy : 0.6981, Loss: 0.5392
[Eval] Epoch:   0, Total:   9815, Accuracy : 0.8265, Loss: 0.3595
[Eval] Epoch:   0, Total:   9832, Accuracy : 0.8267, Loss: 0.5010
[Train] Epoch:   1, Total:  78537, Accuracy : 0.8376, Loss: 0.4209
[Eval] Epoch:   1, Total:   9815, Accuracy : 0.8416, Loss: 0.2474
[Eval] Epoch:   1, Total:   9832, Accuracy : 0.8411, Loss: 0.4102
[Train] Epoch:   2, Total:  78537, Accuracy : 0.8732, Loss: 0.3281
[Eval] Epoch:   2, Total:   9815, Accuracy : 0.8438, Loss: 0.2697
[Eval] Epoch:   2, Total:   9832, Accuracy : 0.8452, Loss: 0.4255
[Train] Epoch:   3, Total:  78537, Accuracy : 0.9006, Loss: 0.1916
[Eval] Epoch:   3, Total:   9815, Accuracy : 0.8447, Loss: 0.3071
[Eval] Epoch:   3, Total:   9832, Accuracy : 0.8459, Loss: 0.4835
[Train] Epoch:   4, Total:  78537, Accuracy : 0.9213, Loss: 0.3095
[Eval] Epoch:   4, Total:   9815, Accuracy : 0.8450, Loss: 0.2380
[Eval] Epoch:   4, Total:   9832, Accuracy : 0.8438, Loss: 0.5024
[Train] Epoch:   5, Total:  78537, Accuracy : 0.9380, Loss: 0.1692
[Eval] Epoch:   5, Total:   9815, Accuracy : 0.8414, Loss: 0.2025
[Eval] Epoch:   5, Total:   9832, Accuracy : 0.8439, Loss: 0.5231
[Train] Epoch:   6, Total:  78537, Accuracy : 0.9487, Loss: 0.1090
[Eval] Epoch:   6, Total:   9815, Accuracy : 0.8418, Loss: 0.2339
[Eval] Epoch:   6, Total:   9832, Accuracy : 0.8424, Loss: 0.4989
[Train] Epoch:   7, Total:  78537, Accuracy : 0.9575, Loss: 0.1320
[Eval] Epoch:   7, Total:   9815, Accuracy : 0.8444, Loss: 0.2768
[Eval] Epoch:   7, Total:   9832, Accuracy : 0.8420, Loss: 0.5934
[Train] Epoch:   8, Total:  78537, Accuracy : 0.9621, Loss: 0.1360
[Eval] Epoch:   8, Total:   9815, Accuracy : 0.8421, Loss: 0.2692
[Eval] Epoch:   8, Total:   9832, Accuracy : 0.8431, Loss: 0.6018
[Train] Epoch:   9, Total:  78537, Accuracy : 0.9636, Loss: 0.1066
[Eval] Epoch:   9, Total:   9815, Accuracy : 0.8421, Loss: 0.2672
[Eval] Epoch:   9, Total:   9832, Accuracy : 0.8432, Loss: 0.5881
[Train] Epoch:  10, Total:  78537, Accuracy : 0.9511, Loss: 0.1103
[Eval] Epoch:  10, Total:   9815, Accuracy : 0.8425, Loss: 0.2614
[Eval] Epoch:  10, Total:   9832, Accuracy : 0.8413, Loss: 0.5493
[Train] Epoch:  11, Total:  78537, Accuracy : 0.9585, Loss: 0.1256
[Eval] Epoch:  11, Total:   9815, Accuracy : 0.8399, Loss: 0.2520
[Eval] Epoch:  11, Total:   9832, Accuracy : 0.8383, Loss: 0.6919
[Train] Epoch:  12, Total:  78537, Accuracy : 0.9658, Loss: 0.0815
[Eval] Epoch:  12, Total:   9815, Accuracy : 0.8404, Loss: 0.2795
[Eval] Epoch:  12, Total:   9832, Accuracy : 0.8428, Loss: 0.6782
[Train] Epoch:  13, Total:  78537, Accuracy : 0.9731, Loss: 0.1166
[Eval] Epoch:  13, Total:   9815, Accuracy : 0.8400, Loss: 0.2924
[Eval] Epoch:  13, Total:   9832, Accuracy : 0.8421, Loss: 0.6658
[Train] Epoch:  14, Total:  78537, Accuracy : 0.9793, Loss: 0.0203
[Eval] Epoch:  14, Total:   9815, Accuracy : 0.8373, Loss: 0.3090
[Eval] Epoch:  14, Total:   9832, Accuracy : 0.8420, Loss: 0.7215
[Train] Epoch:  15, Total:  78537, Accuracy : 0.9843, Loss: 0.0645
[Eval] Epoch:  15, Total:   9815, Accuracy : 0.8380, Loss: 0.4069
[Eval] Epoch:  15, Total:   9832, Accuracy : 0.8400, Loss: 0.7949
[Train] Epoch:  16, Total:  78537, Accuracy : 0.9879, Loss: 0.0538
[Eval] Epoch:  16, Total:   9815, Accuracy : 0.8435, Loss: 0.4269
[Eval] Epoch:  16, Total:   9832, Accuracy : 0.8425, Loss: 0.8397
[Train] Epoch:  17, Total:  78537, Accuracy : 0.9898, Loss: 0.0217
[Eval] Epoch:  17, Total:   9815, Accuracy : 0.8416, Loss: 0.4024
[Eval] Epoch:  17, Total:   9832, Accuracy : 0.8416, Loss: 0.8462
[Train] Epoch:  18, Total:  78537, Accuracy : 0.9911, Loss: 0.0299
[Eval] Epoch:  18, Total:   9815, Accuracy : 0.8414, Loss: 0.3893
[Eval] Epoch:  18, Total:   9832, Accuracy : 0.8421, Loss: 0.8326
[Train] Epoch:  19, Total:  78537, Accuracy : 0.9921, Loss: 0.0330
[Eval] Epoch:  19, Total:   9815, Accuracy : 0.8412, Loss: 0.3973
[Eval] Epoch:  19, Total:   9832, Accuracy : 0.8414, Loss: 0.8390
{"epoch":[1,2,3,4,5,6,7,8,9,10,11,12,13,14,15,16,17,18,19,20],"train_loss":[0.6673399681765404,0.42586537496663074,0.34082349125259476,0.27207692744095086,0.21888151170279382,0.17763204193076404,0.14742238334219307,0.12552489970085676,0.1131809689225902,0.10856090010377406,0.14312382743781862,0.12100466076248244,0.10187368434687002,0.08044116836077615,0.06316583376098728,0.04889181082164232,0.03818699278252909,0.03218699094736251,0.028171394580022616,0.025472920975747975],"eval_loss":[0.4532948327370179,0.4117861779836508,0.42707042434276676,0.4527002481313852,0.48522382516127366,0.5281516122512329,0.561648394052799,0.600975751876831,0.622629097638986,0.6184176107247671,0.599353700876236,0.6601121035905985,0.664452266234618,0.6936350098023047,0.7460797062286963,0.8320658741853176,0.8972610663145016,0.873067408035963,0.9029062206928546,0.9087043358729436],"train_acc":[0.6981040783325057,0.8375542737817844,0.8732317251741217,0.9006455555979984,0.9213491730012605,0.9379528120503712,0.9487120720170111,0.9575486713268905,0.9621452309102716,0.9635967760418657,0.9510931153469065,0.9585418337853496,0.9657995594433197,0.9731209493614474,0.9792836497447063,0.9842621948890332,0.9879419891261444,0.9898009855227472,0.9910615378738684,0.9920801660363905],"eval_acc":[0.8266883645240033,0.8411310008136696,0.8451993490642798,0.8459113100081367,0.8437754271765663,0.8438771358828315,0.8423515052888527,0.842046379170057,0.8430634662327096,0.8431651749389748,0.8413344182262001,0.8382831570382425,0.8427583401139137,0.8421480878763222,0.842046379170057,0.8400122050447518,0.842453213995118,0.8416395443449959,0.8421480878763222,0.8414361269324654]}
[Eval] Epoch:  11, Total:   9815, Accuracy : 0.8412, Loss: 0.3973
9815 8256 34.91317790746689
[Eval] Epoch:  11, Total:   9832, Accuracy : 0.8414, Loss: 0.8390
9832 8273 35.4394690990448
