pruned_3_0.3_model_0
DatasetDict({
    train: Dataset({
        features: ['premise', 'hypothesis', 'label', 'indexes'],
        num_rows: 117810
    })
    validation_matched: Dataset({
        features: ['premise', 'hypothesis', 'label', 'indexes'],
        num_rows: 9815
    })
    validation_mismatched: Dataset({
        features: ['premise', 'hypothesis', 'label', 'indexes'],
        num_rows: 9832
    })
    test_matched: Dataset({
        features: ['premise', 'hypothesis', 'label', 'indexes'],
        num_rows: 0
    })
    test_mismatched: Dataset({
        features: ['premise', 'hypothesis', 'label', 'indexes'],
        num_rows: 0
    })
})
[Train] Epoch:   0, Total: 117810, Accuracy : 0.6464, Loss: 0.5815
[Eval] Epoch:   0, Total:   9815, Accuracy : 0.8316, Loss: 0.3866
[Eval] Epoch:   0, Total:   9832, Accuracy : 0.8310, Loss: 0.4448
[Train] Epoch:   1, Total: 117810, Accuracy : 0.7841, Loss: 0.4834
[Eval] Epoch:   1, Total:   9815, Accuracy : 0.8483, Loss: 0.3008
[Eval] Epoch:   1, Total:   9832, Accuracy : 0.8465, Loss: 0.4473
[Train] Epoch:   2, Total: 117810, Accuracy : 0.8245, Loss: 0.3526
[Eval] Epoch:   2, Total:   9815, Accuracy : 0.8505, Loss: 0.2742
[Eval] Epoch:   2, Total:   9832, Accuracy : 0.8501, Loss: 0.4066
[Train] Epoch:   3, Total: 117810, Accuracy : 0.8571, Loss: 0.3825
[Eval] Epoch:   3, Total:   9815, Accuracy : 0.8558, Loss: 0.2251
[Eval] Epoch:   3, Total:   9832, Accuracy : 0.8530, Loss: 0.4506
[Train] Epoch:   4, Total: 117810, Accuracy : 0.8819, Loss: 0.2026
[Eval] Epoch:   4, Total:   9815, Accuracy : 0.8544, Loss: 0.2458
[Eval] Epoch:   4, Total:   9832, Accuracy : 0.8534, Loss: 0.4704
[Train] Epoch:   5, Total: 117810, Accuracy : 0.9027, Loss: 0.1921
[Eval] Epoch:   5, Total:   9815, Accuracy : 0.8544, Loss: 0.2242
[Eval] Epoch:   5, Total:   9832, Accuracy : 0.8520, Loss: 0.4692
[Train] Epoch:   6, Total: 117810, Accuracy : 0.9172, Loss: 0.2196
[Eval] Epoch:   6, Total:   9815, Accuracy : 0.8562, Loss: 0.2130
[Eval] Epoch:   6, Total:   9832, Accuracy : 0.8519, Loss: 0.5195
[Train] Epoch:   7, Total: 117810, Accuracy : 0.9266, Loss: 0.1659
[Eval] Epoch:   7, Total:   9815, Accuracy : 0.8560, Loss: 0.2167
[Eval] Epoch:   7, Total:   9832, Accuracy : 0.8507, Loss: 0.5298
[Train] Epoch:   8, Total: 117810, Accuracy : 0.9339, Loss: 0.1963
[Eval] Epoch:   8, Total:   9815, Accuracy : 0.8554, Loss: 0.2017
[Eval] Epoch:   8, Total:   9832, Accuracy : 0.8504, Loss: 0.5377
[Train] Epoch:   9, Total: 117810, Accuracy : 0.9357, Loss: 0.2302
[Eval] Epoch:   9, Total:   9815, Accuracy : 0.8559, Loss: 0.2046
[Eval] Epoch:   9, Total:   9832, Accuracy : 0.8519, Loss: 0.5379
[Train] Epoch:  10, Total: 117810, Accuracy : 0.9179, Loss: 0.1004
[Eval] Epoch:  10, Total:   9815, Accuracy : 0.8467, Loss: 0.2125
[Eval] Epoch:  10, Total:   9832, Accuracy : 0.8509, Loss: 0.5379
[Train] Epoch:  11, Total: 117810, Accuracy : 0.9304, Loss: 0.1068
[Eval] Epoch:  11, Total:   9815, Accuracy : 0.8518, Loss: 0.2871
[Eval] Epoch:  11, Total:   9832, Accuracy : 0.8490, Loss: 0.5221
[Train] Epoch:  12, Total: 117810, Accuracy : 0.9439, Loss: 0.0650
[Eval] Epoch:  12, Total:   9815, Accuracy : 0.8467, Loss: 0.3029
[Eval] Epoch:  12, Total:   9832, Accuracy : 0.8467, Loss: 0.5521
[Train] Epoch:  13, Total: 117810, Accuracy : 0.9550, Loss: 0.0317
[Eval] Epoch:  13, Total:   9815, Accuracy : 0.8551, Loss: 0.1971
[Eval] Epoch:  13, Total:   9832, Accuracy : 0.8472, Loss: 0.6295
[Train] Epoch:  14, Total: 117810, Accuracy : 0.9657, Loss: 0.0213
[Eval] Epoch:  14, Total:   9815, Accuracy : 0.8548, Loss: 0.2301
[Eval] Epoch:  14, Total:   9832, Accuracy : 0.8494, Loss: 0.6788
[Train] Epoch:  15, Total: 117810, Accuracy : 0.9722, Loss: 0.1799
[Eval] Epoch:  15, Total:   9815, Accuracy : 0.8578, Loss: 0.3140
[Eval] Epoch:  15, Total:   9832, Accuracy : 0.8478, Loss: 0.7781
[Train] Epoch:  16, Total: 117810, Accuracy : 0.9779, Loss: 0.0871
[Eval] Epoch:  16, Total:   9815, Accuracy : 0.8544, Loss: 0.2476
[Eval] Epoch:  16, Total:   9832, Accuracy : 0.8501, Loss: 0.7649
[Train] Epoch:  17, Total: 117810, Accuracy : 0.9818, Loss: 0.0333
[Eval] Epoch:  17, Total:   9815, Accuracy : 0.8552, Loss: 0.3112
[Eval] Epoch:  17, Total:   9832, Accuracy : 0.8497, Loss: 0.8220
[Train] Epoch:  18, Total: 117810, Accuracy : 0.9835, Loss: 0.0036
[Eval] Epoch:  18, Total:   9815, Accuracy : 0.8556, Loss: 0.2900
[Eval] Epoch:  18, Total:   9832, Accuracy : 0.8501, Loss: 0.8095
[Train] Epoch:  19, Total: 117810, Accuracy : 0.9850, Loss: 0.0345
[Eval] Epoch:  19, Total:   9815, Accuracy : 0.8554, Loss: 0.2951
[Eval] Epoch:  19, Total:   9832, Accuracy : 0.8509, Loss: 0.8015
{"epoch":[1,2,3,4,5,6,7,8,9,10,11,12,13,14,15,16,17,18,19,20],"train_loss":[0.7709167619718647,0.543010988812126,0.44936340355562804,0.3748219852980202,0.3152984765049175,0.26578555658556635,0.2274327734869111,0.20253036070994854,0.1856448017626419,0.18006810951582006,0.2241671910416537,0.1925912666540601,0.15701456366353336,0.12738820615501312,0.10008546539911609,0.08065909114939013,0.06462242863385448,0.054600105271422165,0.048510041187866844,0.04518023940558806],"eval_loss":[0.4300833780031938,0.4029960059202634,0.3980849171296144,0.4178880078670306,0.44428631816154873,0.478430355206514,0.5057858809446677,0.5380822550027798,0.5540720530045338,0.5556099796906496,0.5232454225038871,0.5639627552949465,0.6171154066538199,0.6606941261352637,0.6746775248111823,0.7408980360397925,0.7665125177456782,0.7902942238709866,0.8099276087222955,0.8109499231362954],"train_acc":[0.6464222052457347,0.7841439606145488,0.824471606824548,0.8571089041677277,0.8818860877684407,0.9026822850352262,0.9171971819030642,0.9266361089890501,0.9339190221543163,0.935676088617265,0.9179017061370003,0.9303539597657244,0.943918173329938,0.9550462609286139,0.9656650539003481,0.9722179781003311,0.9779051014345131,0.9818266700619642,0.9834564128681775,0.9850267379679144],"eval_acc":[0.830960130187144,0.8465215622457283,0.8500813669650122,0.8530309194467046,0.8534377542717657,0.852013832384052,0.8519121236777868,0.8506916192026037,0.850386493083808,0.8519121236777868,0.8508950366151342,0.8489625711960944,0.8467249796582588,0.847233523189585,0.8493694060211554,0.8478437754271766,0.8500813669650122,0.8496745321399511,0.8500813669650122,0.8508950366151342]}
[Eval] Epoch:  11, Total:   9815, Accuracy : 0.8554, Loss: 0.2951
9815 8396 30.34685981273651
[Eval] Epoch:  11, Total:   9832, Accuracy : 0.8509, Loss: 0.8015
9832 8366 31.62704700231552
