pruned_3_0.02_model_0
DatasetDict({
    train: Dataset({
        features: ['premise', 'hypothesis', 'label', 'indexes'],
        num_rows: 7854
    })
    validation_matched: Dataset({
        features: ['premise', 'hypothesis', 'label', 'indexes'],
        num_rows: 9815
    })
    validation_mismatched: Dataset({
        features: ['premise', 'hypothesis', 'label', 'indexes'],
        num_rows: 9832
    })
    test_matched: Dataset({
        features: ['premise', 'hypothesis', 'label', 'indexes'],
        num_rows: 0
    })
    test_mismatched: Dataset({
        features: ['premise', 'hypothesis', 'label', 'indexes'],
        num_rows: 0
    })
})
[Train] Epoch:   0, Total:   7854, Accuracy : 0.3593, Loss: 1.0947
[Eval] Epoch:   0, Total:   9815, Accuracy : 0.3182, Loss: 1.1035
[Eval] Epoch:   0, Total:   9832, Accuracy : 0.3182, Loss: 1.1188
[Train] Epoch:   1, Total:   7854, Accuracy : 0.4048, Loss: 1.0404
[Eval] Epoch:   1, Total:   9815, Accuracy : 0.3182, Loss: 1.0610
[Eval] Epoch:   1, Total:   9832, Accuracy : 0.3182, Loss: 1.0493
[Train] Epoch:   2, Total:   7854, Accuracy : 0.4772, Loss: 0.9457
[Eval] Epoch:   2, Total:   9815, Accuracy : 0.5673, Loss: 0.8837
[Eval] Epoch:   2, Total:   9832, Accuracy : 0.5757, Loss: 0.8231
[Train] Epoch:   3, Total:   7854, Accuracy : 0.5736, Loss: 0.8096
[Eval] Epoch:   3, Total:   9815, Accuracy : 0.7043, Loss: 0.6709
[Eval] Epoch:   3, Total:   9832, Accuracy : 0.7269, Loss: 0.6699
[Train] Epoch:   4, Total:   7854, Accuracy : 0.6901, Loss: 0.6520
[Eval] Epoch:   4, Total:   9815, Accuracy : 0.7698, Loss: 0.5647
[Eval] Epoch:   4, Total:   9832, Accuracy : 0.7811, Loss: 0.5467
[Train] Epoch:   5, Total:   7854, Accuracy : 0.7522, Loss: 0.6204
[Eval] Epoch:   5, Total:   9815, Accuracy : 0.7803, Loss: 0.5031
[Eval] Epoch:   5, Total:   9832, Accuracy : 0.7865, Loss: 0.5097
[Train] Epoch:   6, Total:   7854, Accuracy : 0.7987, Loss: 0.4819
[Eval] Epoch:   6, Total:   9815, Accuracy : 0.7861, Loss: 0.5180
[Eval] Epoch:   6, Total:   9832, Accuracy : 0.7920, Loss: 0.5090
[Train] Epoch:   7, Total:   7854, Accuracy : 0.8231, Loss: 0.4464
[Eval] Epoch:   7, Total:   9815, Accuracy : 0.7902, Loss: 0.5371
[Eval] Epoch:   7, Total:   9832, Accuracy : 0.7928, Loss: 0.5015
[Train] Epoch:   8, Total:   7854, Accuracy : 0.8397, Loss: 0.4329
[Eval] Epoch:   8, Total:   9815, Accuracy : 0.7887, Loss: 0.5376
[Eval] Epoch:   8, Total:   9832, Accuracy : 0.7955, Loss: 0.5074
[Train] Epoch:   9, Total:   7854, Accuracy : 0.8472, Loss: 0.4443
[Eval] Epoch:   9, Total:   9815, Accuracy : 0.7879, Loss: 0.5304
[Eval] Epoch:   9, Total:   9832, Accuracy : 0.7955, Loss: 0.5082
[Train] Epoch:  10, Total:   7854, Accuracy : 0.8506, Loss: 0.4032
[Eval] Epoch:  10, Total:   9815, Accuracy : 0.7796, Loss: 0.6243
[Eval] Epoch:  10, Total:   9832, Accuracy : 0.7854, Loss: 0.5400
[Train] Epoch:  11, Total:   7854, Accuracy : 0.8527, Loss: 0.3511
[Eval] Epoch:  11, Total:   9815, Accuracy : 0.7853, Loss: 0.5116
[Eval] Epoch:  11, Total:   9832, Accuracy : 0.7898, Loss: 0.5318
[Train] Epoch:  12, Total:   7854, Accuracy : 0.8862, Loss: 0.2887
[Eval] Epoch:  12, Total:   9815, Accuracy : 0.7849, Loss: 0.4958
[Eval] Epoch:  12, Total:   9832, Accuracy : 0.7922, Loss: 0.5556
[Train] Epoch:  13, Total:   7854, Accuracy : 0.9074, Loss: 0.2906
[Eval] Epoch:  13, Total:   9815, Accuracy : 0.7851, Loss: 0.6100
[Eval] Epoch:  13, Total:   9832, Accuracy : 0.7926, Loss: 0.5897
[Train] Epoch:  14, Total:   7854, Accuracy : 0.9291, Loss: 0.1104
[Eval] Epoch:  14, Total:   9815, Accuracy : 0.7881, Loss: 0.6525
[Eval] Epoch:  14, Total:   9832, Accuracy : 0.7943, Loss: 0.6325
[Train] Epoch:  15, Total:   7854, Accuracy : 0.9409, Loss: 0.1475
[Eval] Epoch:  15, Total:   9815, Accuracy : 0.7923, Loss: 0.5246
[Eval] Epoch:  15, Total:   9832, Accuracy : 0.7970, Loss: 0.6367
[Train] Epoch:  16, Total:   7854, Accuracy : 0.9542, Loss: 0.1500
[Eval] Epoch:  16, Total:   9815, Accuracy : 0.7929, Loss: 0.5177
[Eval] Epoch:  16, Total:   9832, Accuracy : 0.7938, Loss: 0.6580
[Train] Epoch:  17, Total:   7854, Accuracy : 0.9593, Loss: 0.1540
[Eval] Epoch:  17, Total:   9815, Accuracy : 0.7910, Loss: 0.5365
[Eval] Epoch:  17, Total:   9832, Accuracy : 0.7951, Loss: 0.6827
[Train] Epoch:  18, Total:   7854, Accuracy : 0.9629, Loss: 0.1121
[Eval] Epoch:  18, Total:   9815, Accuracy : 0.7929, Loss: 0.5603
[Eval] Epoch:  18, Total:   9832, Accuracy : 0.7960, Loss: 0.6841
[Train] Epoch:  19, Total:   7854, Accuracy : 0.9669, Loss: 0.1250
[Eval] Epoch:  19, Total:   9815, Accuracy : 0.7923, Loss: 0.5633
[Eval] Epoch:  19, Total:   9832, Accuracy : 0.7974, Loss: 0.6807
{"epoch":[1,2,3,4,5,6,7,8,9,10,11,12,13,14,15,16,17,18,19,20],"train_loss":[1.0953053582099177,1.0798418368062666,1.0183760312295729,0.912131626759806,0.7392837212931725,0.6254693269729614,0.5359051448683585,0.476775279929561,0.443394192764836,0.4189559442381705,0.4145565254072989,0.4059996220373338,0.3321297183152168,0.27696824746747173,0.2210845223838283,0.18613414202005632,0.1478026230489054,0.13240451606050616,0.12172824384704713,0.11433303067761083],"eval_loss":[1.12263739720369,1.0556745651440742,0.8976880999711844,0.6786734859148661,0.5787935554981232,0.5631461044152578,0.5622335450771527,0.5667779178191454,0.5719695259363223,0.5741464381034558,0.6082140115591196,0.6011937390535306,0.6301093995571136,0.6722726539159433,0.7047039209268032,0.7296033937197465,0.7625685655153714,0.7728062508962094,0.7822843973453228,0.7813051503438216],"train_acc":[0.3593073593073593,0.40476190476190477,0.47720906544435954,0.5735930735930735,0.6900942195059843,0.7522281639928698,0.7987012987012987,0.8231474407944996,0.8396995161701044,0.8472116119174943,0.8506493506493507,0.8526865291571174,0.8861726508785333,0.9074357015533486,0.9290807231983702,0.9409218232747645,0.9541634835752483,0.9592564298446652,0.9629488158899924,0.9668958492487905],"eval_acc":[0.318246541903987,0.318246541903987,0.5756712774613507,0.7269121236777868,0.7811228641171685,0.786513425549227,0.7920056956875509,0.7928193653376729,0.7954637917005696,0.7954637917005696,0.7853946297803092,0.7897681041497152,0.7922091131000814,0.7926159479251423,0.7943449959316518,0.7969894222945484,0.7938364524003255,0.7950569568755086,0.7959723352318958,0.7973962571196095]}
[Eval] Epoch:  11, Total:   9815, Accuracy : 0.7923, Loss: 0.5633
9815 7776 30.595908522605896
[Eval] Epoch:  11, Total:   9832, Accuracy : 0.7974, Loss: 0.6807
9832 7840 30.470900863409042
