pruned_3_0.4_model_0
DatasetDict({
    train: Dataset({
        features: ['premise', 'hypothesis', 'label', 'indexes'],
        num_rows: 157080
    })
    validation_matched: Dataset({
        features: ['premise', 'hypothesis', 'label', 'indexes'],
        num_rows: 9815
    })
    validation_mismatched: Dataset({
        features: ['premise', 'hypothesis', 'label', 'indexes'],
        num_rows: 9832
    })
    test_matched: Dataset({
        features: ['premise', 'hypothesis', 'label', 'indexes'],
        num_rows: 0
    })
    test_mismatched: Dataset({
        features: ['premise', 'hypothesis', 'label', 'indexes'],
        num_rows: 0
    })
})
[Train] Epoch:   0, Total: 157080, Accuracy : 0.6883, Loss: 0.5395
[Eval] Epoch:   0, Total:   9815, Accuracy : 0.8346, Loss: 0.3533
[Eval] Epoch:   0, Total:   9832, Accuracy : 0.8386, Loss: 0.4156
[Train] Epoch:   1, Total: 157080, Accuracy : 0.7989, Loss: 0.4019
[Eval] Epoch:   1, Total:   9815, Accuracy : 0.8572, Loss: 0.2567
[Eval] Epoch:   1, Total:   9832, Accuracy : 0.8519, Loss: 0.4074
[Train] Epoch:   2, Total: 157080, Accuracy : 0.8378, Loss: 0.4153
[Eval] Epoch:   2, Total:   9815, Accuracy : 0.8609, Loss: 0.2828
[Eval] Epoch:   2, Total:   9832, Accuracy : 0.8557, Loss: 0.4152
[Train] Epoch:   3, Total: 157080, Accuracy : 0.8669, Loss: 0.3228
[Eval] Epoch:   3, Total:   9815, Accuracy : 0.8642, Loss: 0.2637
[Eval] Epoch:   3, Total:   9832, Accuracy : 0.8599, Loss: 0.4301
[Train] Epoch:   4, Total: 157080, Accuracy : 0.8910, Loss: 0.3294
[Eval] Epoch:   4, Total:   9815, Accuracy : 0.8574, Loss: 0.2481
[Eval] Epoch:   4, Total:   9832, Accuracy : 0.8574, Loss: 0.4477
[Train] Epoch:   5, Total: 157080, Accuracy : 0.9094, Loss: 0.2532
[Eval] Epoch:   5, Total:   9815, Accuracy : 0.8577, Loss: 0.2395
[Eval] Epoch:   5, Total:   9832, Accuracy : 0.8567, Loss: 0.5147
[Train] Epoch:   6, Total: 157080, Accuracy : 0.9235, Loss: 0.2442
[Eval] Epoch:   6, Total:   9815, Accuracy : 0.8593, Loss: 0.2401
[Eval] Epoch:   6, Total:   9832, Accuracy : 0.8571, Loss: 0.5359
[Train] Epoch:   7, Total: 157080, Accuracy : 0.9328, Loss: 0.1966
[Eval] Epoch:   7, Total:   9815, Accuracy : 0.8610, Loss: 0.2551
[Eval] Epoch:   7, Total:   9832, Accuracy : 0.8578, Loss: 0.5575
[Train] Epoch:   8, Total: 157080, Accuracy : 0.9397, Loss: 0.1689
[Eval] Epoch:   8, Total:   9815, Accuracy : 0.8595, Loss: 0.2581
[Eval] Epoch:   8, Total:   9832, Accuracy : 0.8585, Loss: 0.5588
[Train] Epoch:   9, Total: 157080, Accuracy : 0.9412, Loss: 0.1519
[Eval] Epoch:   9, Total:   9815, Accuracy : 0.8602, Loss: 0.2593
[Eval] Epoch:   9, Total:   9832, Accuracy : 0.8586, Loss: 0.5618
[Train] Epoch:  10, Total: 157080, Accuracy : 0.9226, Loss: 0.2569
[Eval] Epoch:  10, Total:   9815, Accuracy : 0.8580, Loss: 0.3080
[Eval] Epoch:  10, Total:   9832, Accuracy : 0.8544, Loss: 0.4429
[Train] Epoch:  11, Total: 157080, Accuracy : 0.9342, Loss: 0.1472
[Eval] Epoch:  11, Total:   9815, Accuracy : 0.8554, Loss: 0.2740
[Eval] Epoch:  11, Total:   9832, Accuracy : 0.8509, Loss: 0.5499
[Train] Epoch:  12, Total: 157080, Accuracy : 0.9467, Loss: 0.0896
[Eval] Epoch:  12, Total:   9815, Accuracy : 0.8557, Loss: 0.2392
[Eval] Epoch:  12, Total:   9832, Accuracy : 0.8537, Loss: 0.5555
[Train] Epoch:  13, Total: 157080, Accuracy : 0.9578, Loss: 0.0884
[Eval] Epoch:  13, Total:   9815, Accuracy : 0.8557, Loss: 0.2905
[Eval] Epoch:  13, Total:   9832, Accuracy : 0.8545, Loss: 0.6222
[Train] Epoch:  14, Total: 157080, Accuracy : 0.9665, Loss: 0.0895
[Eval] Epoch:  14, Total:   9815, Accuracy : 0.8564, Loss: 0.2625
[Eval] Epoch:  14, Total:   9832, Accuracy : 0.8530, Loss: 0.6896
[Train] Epoch:  15, Total: 157080, Accuracy : 0.9740, Loss: 0.0535
[Eval] Epoch:  15, Total:   9815, Accuracy : 0.8599, Loss: 0.3220
[Eval] Epoch:  15, Total:   9832, Accuracy : 0.8549, Loss: 0.7064
[Train] Epoch:  16, Total: 157080, Accuracy : 0.9795, Loss: 0.0383
[Eval] Epoch:  16, Total:   9815, Accuracy : 0.8560, Loss: 0.3420
[Eval] Epoch:  16, Total:   9832, Accuracy : 0.8544, Loss: 0.7494
[Train] Epoch:  17, Total: 157080, Accuracy : 0.9830, Loss: 0.0663
[Eval] Epoch:  17, Total:   9815, Accuracy : 0.8574, Loss: 0.3294
[Eval] Epoch:  17, Total:   9832, Accuracy : 0.8538, Loss: 0.7433
[Train] Epoch:  18, Total: 157080, Accuracy : 0.9849, Loss: 0.0426
[Eval] Epoch:  18, Total:   9815, Accuracy : 0.8587, Loss: 0.3734
[Eval] Epoch:  18, Total:   9832, Accuracy : 0.8544, Loss: 0.7761
[Train] Epoch:  19, Total: 157080, Accuracy : 0.9862, Loss: 0.0584
[Eval] Epoch:  19, Total:   9815, Accuracy : 0.8605, Loss: 0.3761
[Eval] Epoch:  19, Total:   9832, Accuracy : 0.8545, Loss: 0.7670
{"epoch":[1,2,3,4,5,6,7,8,9,10,11,12,13,14,15,16,17,18,19,20],"train_loss":[0.7085287531152222,0.50772754809173,0.4195193223145575,0.35089258696726167,0.2932537033280255,0.2472938265930558,0.21057654103015455,0.1866903918937868,0.16920338389054185,0.16564720071827937,0.21239846179122257,0.18033850214865774,0.14840790710688026,0.11864817656989206,0.09525564364506484,0.074344748185177,0.0595257408653025,0.04999505605621427,0.04311496809849983,0.040934908168893974],"eval_loss":[0.4321106534737807,0.39025456324601787,0.39231764506071043,0.4097867470521193,0.4465031555065742,0.48342911708049285,0.5050585667292277,0.52263870376807,0.5411712810015067,0.5444869521336678,0.4860552083223294,0.5545612718814459,0.5890509600822742,0.6155676834094219,0.6775968349896945,0.717910369237264,0.7684578177256461,0.7798366806445978,0.8084488541651995,0.8058481185864179],"train_acc":[0.6882543926661574,0.798885918003565,0.8378342245989305,0.866851285968933,0.891017316017316,0.9093901196842373,0.9235294117647059,0.9327985739750445,0.9397186147186147,0.9412274000509294,0.9225935828877005,0.9342118665648077,0.94674688057041,0.9578176725235549,0.9665393430099313,0.9739623121976063,0.9795072574484339,0.9829959256429844,0.9849312452253629,0.9861917494270436],"eval_acc":[0.8385882831570383,0.8519121236777868,0.8556753458096013,0.859947111472742,0.8574043938161107,0.8566924328722538,0.8570992676973149,0.8578112286411717,0.8585231895850285,0.8586248982912937,0.8543531326281529,0.8508950366151342,0.8537428803905615,0.8544548413344182,0.8530309194467046,0.8548616761594793,0.8543531326281529,0.8538445890968267,0.8543531326281529,0.8544548413344182]}
[Eval] Epoch:  11, Total:   9815, Accuracy : 0.8605, Loss: 0.3761
9815 8446 30.52964997291565
[Eval] Epoch:  11, Total:   9832, Accuracy : 0.8545, Loss: 0.7670
9832 8401 31.4280766248703
