pruned_1_0.05_model_0
DatasetDict({
    train: Dataset({
        features: ['premise', 'hypothesis', 'label', 'indexes'],
        num_rows: 19634
    })
    validation_matched: Dataset({
        features: ['premise', 'hypothesis', 'label', 'indexes'],
        num_rows: 9815
    })
    validation_mismatched: Dataset({
        features: ['premise', 'hypothesis', 'label', 'indexes'],
        num_rows: 9832
    })
    test_matched: Dataset({
        features: ['premise', 'hypothesis', 'label', 'indexes'],
        num_rows: 0
    })
    test_mismatched: Dataset({
        features: ['premise', 'hypothesis', 'label', 'indexes'],
        num_rows: 0
    })
})
[Train] Epoch:   0, Total:  19634, Accuracy : 0.4233, Loss: 0.6797
[Eval] Epoch:   0, Total:   9815, Accuracy : 0.7202, Loss: 0.6029
[Eval] Epoch:   0, Total:   9832, Accuracy : 0.7298, Loss: 0.6264
[Train] Epoch:   1, Total:  19634, Accuracy : 0.7697, Loss: 0.4466
[Eval] Epoch:   1, Total:   9815, Accuracy : 0.8032, Loss: 0.4332
[Eval] Epoch:   1, Total:   9832, Accuracy : 0.8132, Loss: 0.5013
[Train] Epoch:   2, Total:  19634, Accuracy : 0.8337, Loss: 0.5068
[Eval] Epoch:   2, Total:   9815, Accuracy : 0.8177, Loss: 0.3368
[Eval] Epoch:   2, Total:   9832, Accuracy : 0.8214, Loss: 0.4704
[Train] Epoch:   3, Total:  19634, Accuracy : 0.8739, Loss: 0.3422
[Eval] Epoch:   3, Total:   9815, Accuracy : 0.8174, Loss: 0.3571
[Eval] Epoch:   3, Total:   9832, Accuracy : 0.8252, Loss: 0.4297
[Train] Epoch:   4, Total:  19634, Accuracy : 0.9059, Loss: 0.2704
[Eval] Epoch:   4, Total:   9815, Accuracy : 0.8220, Loss: 0.3403
[Eval] Epoch:   4, Total:   9832, Accuracy : 0.8247, Loss: 0.4835
[Train] Epoch:   5, Total:  19634, Accuracy : 0.9263, Loss: 0.2233
[Eval] Epoch:   5, Total:   9815, Accuracy : 0.8195, Loss: 0.3562
[Eval] Epoch:   5, Total:   9832, Accuracy : 0.8242, Loss: 0.5341
[Train] Epoch:   6, Total:  19634, Accuracy : 0.9382, Loss: 0.1434
[Eval] Epoch:   6, Total:   9815, Accuracy : 0.8215, Loss: 0.3770
[Eval] Epoch:   6, Total:   9832, Accuracy : 0.8234, Loss: 0.5472
[Train] Epoch:   7, Total:  19634, Accuracy : 0.9512, Loss: 0.1308
[Eval] Epoch:   7, Total:   9815, Accuracy : 0.8203, Loss: 0.3726
[Eval] Epoch:   7, Total:   9832, Accuracy : 0.8224, Loss: 0.5763
[Train] Epoch:   8, Total:  19634, Accuracy : 0.9577, Loss: 0.1710
[Eval] Epoch:   8, Total:   9815, Accuracy : 0.8208, Loss: 0.3889
[Eval] Epoch:   8, Total:   9832, Accuracy : 0.8259, Loss: 0.5895
[Train] Epoch:   9, Total:  19634, Accuracy : 0.9581, Loss: 0.1076
[Eval] Epoch:   9, Total:   9815, Accuracy : 0.8209, Loss: 0.3884
[Eval] Epoch:   9, Total:   9832, Accuracy : 0.8255, Loss: 0.5891
[Train] Epoch:  10, Total:  19634, Accuracy : 0.9508, Loss: 0.1542
[Eval] Epoch:  10, Total:   9815, Accuracy : 0.8144, Loss: 0.3653
[Eval] Epoch:  10, Total:   9832, Accuracy : 0.8198, Loss: 0.6172
[Train] Epoch:  11, Total:  19634, Accuracy : 0.9518, Loss: 0.1419
[Eval] Epoch:  11, Total:   9815, Accuracy : 0.8115, Loss: 0.3834
[Eval] Epoch:  11, Total:   9832, Accuracy : 0.8140, Loss: 0.6764
[Train] Epoch:  12, Total:  19634, Accuracy : 0.9634, Loss: 0.0501
[Eval] Epoch:  12, Total:   9815, Accuracy : 0.8180, Loss: 0.4480
[Eval] Epoch:  12, Total:   9832, Accuracy : 0.8199, Loss: 0.7008
[Train] Epoch:  13, Total:  19634, Accuracy : 0.9742, Loss: 0.0523
[Eval] Epoch:  13, Total:   9815, Accuracy : 0.8187, Loss: 0.4399
[Eval] Epoch:  13, Total:   9832, Accuracy : 0.8222, Loss: 0.7275
[Train] Epoch:  14, Total:  19634, Accuracy : 0.9793, Loss: 0.0336
[Eval] Epoch:  14, Total:   9815, Accuracy : 0.8158, Loss: 0.5137
[Eval] Epoch:  14, Total:   9832, Accuracy : 0.8224, Loss: 0.7554
[Train] Epoch:  15, Total:  19634, Accuracy : 0.9840, Loss: 0.0746
[Eval] Epoch:  15, Total:   9815, Accuracy : 0.8180, Loss: 0.4815
[Eval] Epoch:  15, Total:   9832, Accuracy : 0.8258, Loss: 0.7620
[Train] Epoch:  16, Total:  19634, Accuracy : 0.9873, Loss: 0.1500
[Eval] Epoch:  16, Total:   9815, Accuracy : 0.8161, Loss: 0.5421
[Eval] Epoch:  16, Total:   9832, Accuracy : 0.8242, Loss: 0.7426
[Train] Epoch:  17, Total:  19634, Accuracy : 0.9889, Loss: 0.0178
[Eval] Epoch:  17, Total:   9815, Accuracy : 0.8208, Loss: 0.5491
[Eval] Epoch:  17, Total:   9832, Accuracy : 0.8247, Loss: 0.7557
[Train] Epoch:  18, Total:  19634, Accuracy : 0.9910, Loss: 0.0161
[Eval] Epoch:  18, Total:   9815, Accuracy : 0.8227, Loss: 0.5588
[Eval] Epoch:  18, Total:   9832, Accuracy : 0.8243, Loss: 0.7375
[Train] Epoch:  19, Total:  19634, Accuracy : 0.9916, Loss: 0.0444
[Eval] Epoch:  19, Total:   9815, Accuracy : 0.8200, Loss: 0.5572
[Eval] Epoch:  19, Total:   9832, Accuracy : 0.8242, Loss: 0.7283
{"epoch":[1,2,3,4,5,6,7,8,9,10,11,12,13,14,15,16,17,18,19,20],"train_loss":[1.0328836402335724,0.5911745417427707,0.43939060708145045,0.3479378699482261,0.26899279615321714,0.217223005538637,0.18170254938788227,0.15182470772173498,0.132338796439883,0.13007881366587304,0.1483416658910838,0.1425773503815199,0.11069706633880541,0.08435628763944297,0.06799984936203275,0.05195656901394779,0.04530241527872813,0.038140464150770145,0.03228694749633213,0.02998354166213955],"eval_loss":[0.6703173243082486,0.4918726376998119,0.46841192169067186,0.5067909298798977,0.534650736894363,0.5563612045385898,0.583638839996778,0.6195948490729699,0.6393040930613493,0.6418504974780939,0.6308359396763337,0.6964786518842746,0.7270618707705767,0.7672335857000107,0.8330625081673647,0.8758926131786444,0.8713734608430129,0.8902259698280921,0.8871647226504791,0.8887983239614047],"train_acc":[0.4232963227055109,0.7697361719466232,0.8337068350820006,0.8738922277681572,0.905877559335846,0.9262503819904248,0.9381684832433533,0.9511561576856473,0.9576754609351126,0.9580829173882042,0.9507996332891923,0.9518182744219211,0.9633798512783946,0.9741774472853214,0.9793215850056025,0.9840073342161556,0.9873179178975247,0.9888968116532546,0.9909850259753489,0.9916471427116227],"eval_acc":[0.729759967453214,0.8131611065907242,0.8213995117982099,0.8251627339300244,0.8246541903986981,0.8242473555736372,0.8234336859235151,0.8224165988608625,0.8258746948738812,0.8254678600488202,0.8197721724979659,0.8139747762408462,0.8198738812042311,0.822213181448332,0.8224165988608625,0.825772986167616,0.8242473555736372,0.8246541903986981,0.8243490642799024,0.8242473555736372]}
[Eval] Epoch:  11, Total:   9815, Accuracy : 0.8200, Loss: 0.5572
9815 8048 34.97539019584656
[Eval] Epoch:  11, Total:   9832, Accuracy : 0.8242, Loss: 0.7283
9832 8104 34.66313463449478
