pruned_2_0.03_model_0
DatasetDict({
    train: Dataset({
        features: ['premise', 'hypothesis', 'label', 'indexes'],
        num_rows: 11781
    })
    validation_matched: Dataset({
        features: ['premise', 'hypothesis', 'label', 'indexes'],
        num_rows: 9815
    })
    validation_mismatched: Dataset({
        features: ['premise', 'hypothesis', 'label', 'indexes'],
        num_rows: 9832
    })
    test_matched: Dataset({
        features: ['premise', 'hypothesis', 'label', 'indexes'],
        num_rows: 0
    })
    test_mismatched: Dataset({
        features: ['premise', 'hypothesis', 'label', 'indexes'],
        num_rows: 0
    })
})
[Train] Epoch:   0, Total:  11781, Accuracy : 0.5804, Loss: 0.4910
[Eval] Epoch:   0, Total:   9815, Accuracy : 0.5100, Loss: 1.4774
[Eval] Epoch:   0, Total:   9832, Accuracy : 0.5254, Loss: 1.4161
[Train] Epoch:   1, Total:  11781, Accuracy : 0.9345, Loss: 0.0069
[Eval] Epoch:   1, Total:   9815, Accuracy : 0.6629, Loss: 1.0203
[Eval] Epoch:   1, Total:   9832, Accuracy : 0.6712, Loss: 0.9190
[Train] Epoch:   2, Total:  11781, Accuracy : 0.9554, Loss: 0.3033
[Eval] Epoch:   2, Total:   9815, Accuracy : 0.7044, Loss: 0.6562
[Eval] Epoch:   2, Total:   9832, Accuracy : 0.7208, Loss: 0.9444
[Train] Epoch:   3, Total:  11781, Accuracy : 0.9623, Loss: 0.0051
[Eval] Epoch:   3, Total:   9815, Accuracy : 0.7250, Loss: 0.9441
[Eval] Epoch:   3, Total:   9832, Accuracy : 0.7361, Loss: 0.9301
[Train] Epoch:   4, Total:  11781, Accuracy : 0.9711, Loss: 0.0081
[Eval] Epoch:   4, Total:   9815, Accuracy : 0.7322, Loss: 1.0797
[Eval] Epoch:   4, Total:   9832, Accuracy : 0.7432, Loss: 0.9804
[Train] Epoch:   5, Total:  11781, Accuracy : 0.9753, Loss: 0.0029
[Eval] Epoch:   5, Total:   9815, Accuracy : 0.7312, Loss: 0.7695
[Eval] Epoch:   5, Total:   9832, Accuracy : 0.7471, Loss: 0.9311
[Train] Epoch:   6, Total:  11781, Accuracy : 0.9806, Loss: 0.0111
[Eval] Epoch:   6, Total:   9815, Accuracy : 0.7413, Loss: 1.0265
[Eval] Epoch:   6, Total:   9832, Accuracy : 0.7532, Loss: 0.9006
[Train] Epoch:   7, Total:  11781, Accuracy : 0.9840, Loss: 0.0047
[Eval] Epoch:   7, Total:   9815, Accuracy : 0.7341, Loss: 0.9823
[Eval] Epoch:   7, Total:   9832, Accuracy : 0.7488, Loss: 0.9407
[Train] Epoch:   8, Total:  11781, Accuracy : 0.9868, Loss: 0.0036
[Eval] Epoch:   8, Total:   9815, Accuracy : 0.7357, Loss: 1.0589
[Eval] Epoch:   8, Total:   9832, Accuracy : 0.7441, Loss: 0.9488
[Train] Epoch:   9, Total:  11781, Accuracy : 0.9891, Loss: 0.0028
[Eval] Epoch:   9, Total:   9815, Accuracy : 0.7381, Loss: 1.0397
[Eval] Epoch:   9, Total:   9832, Accuracy : 0.7484, Loss: 0.9388
[Train] Epoch:  10, Total:  11781, Accuracy : 0.9875, Loss: 0.0030
[Eval] Epoch:  10, Total:   9815, Accuracy : 0.7347, Loss: 0.8963
[Eval] Epoch:  10, Total:   9832, Accuracy : 0.7455, Loss: 1.0031
[Train] Epoch:  11, Total:  11781, Accuracy : 0.9879, Loss: 0.0030
[Eval] Epoch:  11, Total:   9815, Accuracy : 0.7160, Loss: 1.1807
[Eval] Epoch:  11, Total:   9832, Accuracy : 0.7237, Loss: 1.0201
[Train] Epoch:  12, Total:  11781, Accuracy : 0.9911, Loss: 0.0023
[Eval] Epoch:  12, Total:   9815, Accuracy : 0.7344, Loss: 0.9881
[Eval] Epoch:  12, Total:   9832, Accuracy : 0.7431, Loss: 1.1570
[Train] Epoch:  13, Total:  11781, Accuracy : 0.9915, Loss: 0.0017
[Eval] Epoch:  13, Total:   9815, Accuracy : 0.7336, Loss: 0.9693
[Eval] Epoch:  13, Total:   9832, Accuracy : 0.7442, Loss: 1.1237
[Train] Epoch:  14, Total:  11781, Accuracy : 0.9930, Loss: 0.0054
[Eval] Epoch:  14, Total:   9815, Accuracy : 0.7397, Loss: 1.0605
[Eval] Epoch:  14, Total:   9832, Accuracy : 0.7466, Loss: 1.0452
[Train] Epoch:  15, Total:  11781, Accuracy : 0.9937, Loss: 0.0046
[Eval] Epoch:  15, Total:   9815, Accuracy : 0.7398, Loss: 0.9710
[Eval] Epoch:  15, Total:   9832, Accuracy : 0.7496, Loss: 1.0745
[Train] Epoch:  16, Total:  11781, Accuracy : 0.9952, Loss: 0.0030
[Eval] Epoch:  16, Total:   9815, Accuracy : 0.7391, Loss: 0.9370
[Eval] Epoch:  16, Total:   9832, Accuracy : 0.7482, Loss: 1.0630
[Train] Epoch:  17, Total:  11781, Accuracy : 0.9960, Loss: 0.0036
[Eval] Epoch:  17, Total:   9815, Accuracy : 0.7437, Loss: 0.9859
[Eval] Epoch:  17, Total:   9832, Accuracy : 0.7510, Loss: 1.0773
[Train] Epoch:  18, Total:  11781, Accuracy : 0.9964, Loss: 0.0057
[Eval] Epoch:  18, Total:   9815, Accuracy : 0.7427, Loss: 0.9686
[Eval] Epoch:  18, Total:   9832, Accuracy : 0.7502, Loss: 1.0718
[Train] Epoch:  19, Total:  11781, Accuracy : 0.9964, Loss: 0.0020
[Eval] Epoch:  19, Total:   9815, Accuracy : 0.7426, Loss: 0.9844
[Eval] Epoch:  19, Total:   9832, Accuracy : 0.7499, Loss: 1.0736
{"epoch":[1,2,3,4,5,6,7,8,9,10,11,12,13,14,15,16,17,18,19,20],"train_loss":[0.8779776432412736,0.2056395707929388,0.12661585719027418,0.10123336976988519,0.08379758597212902,0.07164845768699145,0.06166410370868571,0.053348846158924254,0.048300030571903955,0.044655892750287945,0.04708873033721713,0.046367141130836086,0.03854606250558603,0.03483078545058503,0.03127702338462497,0.02730600659220301,0.02438190438725213,0.019117253792888308,0.017887208095573363,0.017300014121537196],"eval_loss":[1.3521202007929485,0.8659168420693814,0.8419575981604748,0.9027171639295725,0.9441912372907003,0.9230597813924154,0.9414561818807553,0.9636160639616159,1.009538130882459,0.9971616711371984,1.017691902625255,1.1160294505266042,1.1851229086900368,1.198966315159431,1.1351648630240025,1.1655996029193585,1.190043799388103,1.2195198658185127,1.2250741720199585,1.227759987880022],"train_acc":[0.5804261098378746,0.9344707580001698,0.9553518377047788,0.9623121976063153,0.9711399711399712,0.9752992105933282,0.9805619217383923,0.983957219251337,0.9868432221373398,0.9890501655207538,0.9875222816399287,0.9878618113912232,0.9910873440285205,0.9915117562176385,0.9930396400984637,0.9937186996010525,0.995161701044054,0.9960105254222902,0.9963500551735845,0.9963500551735845],"eval_acc":[0.5254271765663141,0.6711757526444264,0.7208096013018714,0.7360659072416599,0.7431855166802278,0.7470504475183075,0.753152969894223,0.7487794955248169,0.7441008950366151,0.7483726606997559,0.7455248169243287,0.7236574450772986,0.7430838079739626,0.7442026037428804,0.7466436126932465,0.749593165174939,0.7481692432872253,0.7510170870626526,0.7502034174125305,0.7498982912937348]}
[Eval] Epoch:  11, Total:   9815, Accuracy : 0.7426, Loss: 0.9844
9815 7289 49.75883847475052
[Eval] Epoch:  11, Total:   9832, Accuracy : 0.7499, Loss: 1.0736
9832 7373 47.88263952732086
