random_0.4_model_0
DatasetDict({
    train: Dataset({
        features: ['premise', 'hypothesis', 'label', 'indexes'],
        num_rows: 157081
    })
    validation_matched: Dataset({
        features: ['premise', 'hypothesis', 'label', 'indexes'],
        num_rows: 9815
    })
    validation_mismatched: Dataset({
        features: ['premise', 'hypothesis', 'label', 'indexes'],
        num_rows: 9832
    })
    test_matched: Dataset({
        features: ['premise', 'hypothesis', 'label', 'indexes'],
        num_rows: 0
    })
    test_mismatched: Dataset({
        features: ['premise', 'hypothesis', 'label', 'indexes'],
        num_rows: 0
    })
})
[Train] Epoch:   0, Total: 157081, Accuracy : 0.7559, Loss: 0.4996
[Eval] Epoch:   0, Total:   9815, Accuracy : 0.8462, Loss: 0.2517
[Eval] Epoch:   0, Total:   9832, Accuracy : 0.8437, Loss: 0.4568
[Train] Epoch:   1, Total: 157081, Accuracy : 0.8523, Loss: 0.3121
[Eval] Epoch:   1, Total:   9815, Accuracy : 0.8538, Loss: 0.2277
[Eval] Epoch:   1, Total:   9832, Accuracy : 0.8517, Loss: 0.4153
[Train] Epoch:   2, Total: 157081, Accuracy : 0.8822, Loss: 0.2364
[Eval] Epoch:   2, Total:   9815, Accuracy : 0.8555, Loss: 0.2180
[Eval] Epoch:   2, Total:   9832, Accuracy : 0.8554, Loss: 0.3579
[Train] Epoch:   3, Total: 157081, Accuracy : 0.9059, Loss: 0.2431
[Eval] Epoch:   3, Total:   9815, Accuracy : 0.8584, Loss: 0.2090
[Eval] Epoch:   3, Total:   9832, Accuracy : 0.8574, Loss: 0.4551
[Train] Epoch:   4, Total: 157081, Accuracy : 0.9256, Loss: 0.2720
[Eval] Epoch:   4, Total:   9815, Accuracy : 0.8609, Loss: 0.1845
[Eval] Epoch:   4, Total:   9832, Accuracy : 0.8568, Loss: 0.4143
[Train] Epoch:   5, Total: 157081, Accuracy : 0.9395, Loss: 0.1405
[Eval] Epoch:   5, Total:   9815, Accuracy : 0.8592, Loss: 0.1903
[Eval] Epoch:   5, Total:   9832, Accuracy : 0.8553, Loss: 0.4454
[Train] Epoch:   6, Total: 157081, Accuracy : 0.9516, Loss: 0.1313
[Eval] Epoch:   6, Total:   9815, Accuracy : 0.8574, Loss: 0.1883
[Eval] Epoch:   6, Total:   9832, Accuracy : 0.8568, Loss: 0.4996
[Train] Epoch:   7, Total: 157081, Accuracy : 0.9570, Loss: 0.1638
[Eval] Epoch:   7, Total:   9815, Accuracy : 0.8589, Loss: 0.1656
[Eval] Epoch:   7, Total:   9832, Accuracy : 0.8552, Loss: 0.5344
[Train] Epoch:   8, Total: 157081, Accuracy : 0.9615, Loss: 0.1058
[Eval] Epoch:   8, Total:   9815, Accuracy : 0.8585, Loss: 0.1614
[Eval] Epoch:   8, Total:   9832, Accuracy : 0.8559, Loss: 0.5166
[Train] Epoch:   9, Total: 157081, Accuracy : 0.9636, Loss: 0.0665
[Eval] Epoch:   9, Total:   9815, Accuracy : 0.8576, Loss: 0.1597
[Eval] Epoch:   9, Total:   9832, Accuracy : 0.8543, Loss: 0.5290
[Train] Epoch:  10, Total: 157081, Accuracy : 0.9497, Loss: 0.2265
[Eval] Epoch:  10, Total:   9815, Accuracy : 0.8496, Loss: 0.2368
[Eval] Epoch:  10, Total:   9832, Accuracy : 0.8506, Loss: 0.5467
[Train] Epoch:  11, Total: 157081, Accuracy : 0.9558, Loss: 0.1524
[Eval] Epoch:  11, Total:   9815, Accuracy : 0.8552, Loss: 0.2563
[Eval] Epoch:  11, Total:   9832, Accuracy : 0.8480, Loss: 0.4933
[Train] Epoch:  12, Total: 157081, Accuracy : 0.9648, Loss: 0.0930
[Eval] Epoch:  12, Total:   9815, Accuracy : 0.8511, Loss: 0.2536
[Eval] Epoch:  12, Total:   9832, Accuracy : 0.8526, Loss: 0.4911
[Train] Epoch:  13, Total: 157081, Accuracy : 0.9725, Loss: 0.0475
[Eval] Epoch:  13, Total:   9815, Accuracy : 0.8542, Loss: 0.2675
[Eval] Epoch:  13, Total:   9832, Accuracy : 0.8507, Loss: 0.5834
[Train] Epoch:  14, Total: 157081, Accuracy : 0.9783, Loss: 0.0490
[Eval] Epoch:  14, Total:   9815, Accuracy : 0.8576, Loss: 0.3382
[Eval] Epoch:  14, Total:   9832, Accuracy : 0.8512, Loss: 0.6350
[Train] Epoch:  15, Total: 157081, Accuracy : 0.9828, Loss: 0.0408
[Eval] Epoch:  15, Total:   9815, Accuracy : 0.8550, Loss: 0.3292
[Eval] Epoch:  15, Total:   9832, Accuracy : 0.8536, Loss: 0.7294
[Train] Epoch:  16, Total: 157081, Accuracy : 0.9870, Loss: 0.0177
[Eval] Epoch:  16, Total:   9815, Accuracy : 0.8596, Loss: 0.3123
[Eval] Epoch:  16, Total:   9832, Accuracy : 0.8510, Loss: 0.7237
[Train] Epoch:  17, Total: 157081, Accuracy : 0.9896, Loss: 0.0573
[Eval] Epoch:  17, Total:   9815, Accuracy : 0.8598, Loss: 0.2924
[Eval] Epoch:  17, Total:   9832, Accuracy : 0.8539, Loss: 0.8137
[Train] Epoch:  18, Total: 157081, Accuracy : 0.9909, Loss: 0.0349
[Eval] Epoch:  18, Total:   9815, Accuracy : 0.8595, Loss: 0.3337
[Eval] Epoch:  18, Total:   9832, Accuracy : 0.8546, Loss: 0.8076
[Train] Epoch:  19, Total: 157081, Accuracy : 0.9916, Loss: 0.0258
[Eval] Epoch:  19, Total:   9815, Accuracy : 0.8606, Loss: 0.3253
[Eval] Epoch:  19, Total:   9832, Accuracy : 0.8551, Loss: 0.8222
{"epoch":[1,2,3,4,5,6,7,8,9,10,11,12,13,14,15,16,17,18,19,20],"train_loss":[0.5711853175093374,0.3885617053275776,0.31459638022541614,0.2556391992038935,0.20683003022829952,0.169786936309225,0.140671174791232,0.12418757322022891,0.11322325129510914,0.1078238592267716,0.1444824280927158,0.12691890867578673,0.10219167529662967,0.08089793146760825,0.06497640208210735,0.053369744131735945,0.04077109535063954,0.03378542584703829,0.02881839626365575,0.027628396533077724],"eval_loss":[0.402528642079769,0.39369731759413695,0.39953257105289364,0.43317446265465176,0.44642284971017104,0.5064400274019975,0.5363586224042453,0.5638638849441822,0.5772500588343694,0.5814375823889023,0.6054753133883843,0.5493744902121716,0.6181624310138898,0.6601974184696491,0.7033430093374008,0.7302644802973821,0.7820781515194819,0.834100298392467,0.8501398410552587,0.8550699613033197],"train_acc":[0.7559412023096365,0.852305498437112,0.8821945365766707,0.9059147828190551,0.9255606979838428,0.9395280142092296,0.9515918538843017,0.9569648779928827,0.9615421343128704,0.9636365951324476,0.9496629127647519,0.9557616770965298,0.9648397960288004,0.9724537022300597,0.9783296515810315,0.9827541204856093,0.9869812389786161,0.9896359203213628,0.9908518535023332,0.9916348890063088],"eval_acc":[0.843673718470301,0.8517087062652563,0.8553702196908055,0.8574043938161107,0.8567941415785191,0.8552685109845403,0.8567941415785191,0.855166802278275,0.8558787632221319,0.8542514239218877,0.8505899104963385,0.8480471928397071,0.8526240846216436,0.8506916192026037,0.8512001627339301,0.8536411716842962,0.8509967453213995,0.853946297803092,0.8545565500406835,0.8550650935720098]}
[Eval] Epoch:  11, Total:   9815, Accuracy : 0.8606, Loss: 0.3253
9815 8447 31.645388156175613
[Eval] Epoch:  11, Total:   9832, Accuracy : 0.8551, Loss: 0.8222
9832 8407 33.34772849082947
