pruned_1_0.4_model_0
DatasetDict({
    train: Dataset({
        features: ['premise', 'hypothesis', 'label', 'indexes'],
        num_rows: 157083
    })
    validation_matched: Dataset({
        features: ['premise', 'hypothesis', 'label', 'indexes'],
        num_rows: 9815
    })
    validation_mismatched: Dataset({
        features: ['premise', 'hypothesis', 'label', 'indexes'],
        num_rows: 9832
    })
    test_matched: Dataset({
        features: ['premise', 'hypothesis', 'label', 'indexes'],
        num_rows: 0
    })
    test_mismatched: Dataset({
        features: ['premise', 'hypothesis', 'label', 'indexes'],
        num_rows: 0
    })
})
[Train] Epoch:   0, Total: 157083, Accuracy : 0.7566, Loss: 0.4448
[Eval] Epoch:   0, Total:   9815, Accuracy : 0.8408, Loss: 0.2289
[Eval] Epoch:   0, Total:   9832, Accuracy : 0.8448, Loss: 0.4264
[Train] Epoch:   1, Total: 157083, Accuracy : 0.8512, Loss: 0.3294
[Eval] Epoch:   1, Total:   9815, Accuracy : 0.8497, Loss: 0.2167
[Eval] Epoch:   1, Total:   9832, Accuracy : 0.8518, Loss: 0.4020
[Train] Epoch:   2, Total: 157083, Accuracy : 0.8811, Loss: 0.2727
[Eval] Epoch:   2, Total:   9815, Accuracy : 0.8515, Loss: 0.1992
[Eval] Epoch:   2, Total:   9832, Accuracy : 0.8544, Loss: 0.4373
[Train] Epoch:   3, Total: 157083, Accuracy : 0.9042, Loss: 0.1853
[Eval] Epoch:   3, Total:   9815, Accuracy : 0.8565, Loss: 0.2034
[Eval] Epoch:   3, Total:   9832, Accuracy : 0.8515, Loss: 0.4430
[Train] Epoch:   4, Total: 157083, Accuracy : 0.9239, Loss: 0.1939
[Eval] Epoch:   4, Total:   9815, Accuracy : 0.8571, Loss: 0.1975
[Eval] Epoch:   4, Total:   9832, Accuracy : 0.8516, Loss: 0.5068
[Train] Epoch:   5, Total: 157083, Accuracy : 0.9387, Loss: 0.1388
[Eval] Epoch:   5, Total:   9815, Accuracy : 0.8574, Loss: 0.1729
[Eval] Epoch:   5, Total:   9832, Accuracy : 0.8572, Loss: 0.5536
[Train] Epoch:   6, Total: 157083, Accuracy : 0.9501, Loss: 0.1953
[Eval] Epoch:   6, Total:   9815, Accuracy : 0.8551, Loss: 0.2045
[Eval] Epoch:   6, Total:   9832, Accuracy : 0.8555, Loss: 0.5706
[Train] Epoch:   7, Total: 157083, Accuracy : 0.9565, Loss: 0.1176
[Eval] Epoch:   7, Total:   9815, Accuracy : 0.8551, Loss: 0.2042
[Eval] Epoch:   7, Total:   9832, Accuracy : 0.8575, Loss: 0.5601
[Train] Epoch:   8, Total: 157083, Accuracy : 0.9609, Loss: 0.0885
[Eval] Epoch:   8, Total:   9815, Accuracy : 0.8542, Loss: 0.2122
[Eval] Epoch:   8, Total:   9832, Accuracy : 0.8554, Loss: 0.5723
[Train] Epoch:   9, Total: 157083, Accuracy : 0.9632, Loss: 0.1402
[Eval] Epoch:   9, Total:   9815, Accuracy : 0.8544, Loss: 0.2119
[Eval] Epoch:   9, Total:   9832, Accuracy : 0.8559, Loss: 0.5822
[Train] Epoch:  10, Total: 157083, Accuracy : 0.9478, Loss: 0.1639
[Eval] Epoch:  10, Total:   9815, Accuracy : 0.8520, Loss: 0.2084
[Eval] Epoch:  10, Total:   9832, Accuracy : 0.8505, Loss: 0.6130
[Train] Epoch:  11, Total: 157083, Accuracy : 0.9553, Loss: 0.1502
[Eval] Epoch:  11, Total:   9815, Accuracy : 0.8550, Loss: 0.2226
[Eval] Epoch:  11, Total:   9832, Accuracy : 0.8497, Loss: 0.6492
[Train] Epoch:  12, Total: 157083, Accuracy : 0.9653, Loss: 0.1198
[Eval] Epoch:  12, Total:   9815, Accuracy : 0.8571, Loss: 0.2306
[Eval] Epoch:  12, Total:   9832, Accuracy : 0.8504, Loss: 0.5999
[Train] Epoch:  13, Total: 157083, Accuracy : 0.9721, Loss: 0.0637
[Eval] Epoch:  13, Total:   9815, Accuracy : 0.8553, Loss: 0.2772
[Eval] Epoch:  13, Total:   9832, Accuracy : 0.8492, Loss: 0.6578
[Train] Epoch:  14, Total: 157083, Accuracy : 0.9784, Loss: 0.1014
[Eval] Epoch:  14, Total:   9815, Accuracy : 0.8497, Loss: 0.1968
[Eval] Epoch:  14, Total:   9832, Accuracy : 0.8481, Loss: 0.6945
[Train] Epoch:  15, Total: 157083, Accuracy : 0.9832, Loss: 0.0189
[Eval] Epoch:  15, Total:   9815, Accuracy : 0.8567, Loss: 0.2553
[Eval] Epoch:  15, Total:   9832, Accuracy : 0.8506, Loss: 0.7557
[Train] Epoch:  16, Total: 157083, Accuracy : 0.9871, Loss: 0.0318
[Eval] Epoch:  16, Total:   9815, Accuracy : 0.8521, Loss: 0.2533
[Eval] Epoch:  16, Total:   9832, Accuracy : 0.8518, Loss: 0.7649
[Train] Epoch:  17, Total: 157083, Accuracy : 0.9895, Loss: 0.0274
[Eval] Epoch:  17, Total:   9815, Accuracy : 0.8546, Loss: 0.2284
[Eval] Epoch:  17, Total:   9832, Accuracy : 0.8518, Loss: 0.7910
[Train] Epoch:  18, Total: 157083, Accuracy : 0.9910, Loss: 0.0044
[Eval] Epoch:  18, Total:   9815, Accuracy : 0.8547, Loss: 0.2922
[Eval] Epoch:  18, Total:   9832, Accuracy : 0.8514, Loss: 0.8100
[Train] Epoch:  19, Total: 157083, Accuracy : 0.9914, Loss: 0.0905
[Eval] Epoch:  19, Total:   9815, Accuracy : 0.8559, Loss: 0.2922
[Eval] Epoch:  19, Total:   9832, Accuracy : 0.8526, Loss: 0.8244
{"epoch":[1,2,3,4,5,6,7,8,9,10,11,12,13,14,15,16,17,18,19,20],"train_loss":[0.5704330843706472,0.3909970067854036,0.31686068183047766,0.25671297928215236,0.20957054678314282,0.17114577450901755,0.14252132048120522,0.12465058588073968,0.11349729977014204,0.10776561984021811,0.14642548924524348,0.12653473834431328,0.10248174191322117,0.08276730530109584,0.06512230569314734,0.051030991392677305,0.03950591348278479,0.03322140486336068,0.028758160225783112,0.02736529368521943],"eval_loss":[0.3983135101122734,0.38907055480357927,0.4064502062705847,0.4277748469358835,0.47810780390714985,0.5108775626390408,0.5342551500369341,0.5621833014182556,0.5819601936218066,0.5892630723806528,0.548265522871262,0.5544310938089322,0.6103492348622053,0.6605873344800411,0.7178623790924366,0.749905329484206,0.8149016025738839,0.8530945686193613,0.8584728103417617,0.8661248699212686],"train_acc":[0.756606380066589,0.8511805860595991,0.8811265381995506,0.9042035102461756,0.923912835889307,0.9387139283054181,0.9500964458280018,0.9564816052660059,0.9608741875314324,0.9632168980729933,0.9478301280214918,0.9553484463627508,0.9652540376743505,0.9721102856451684,0.9783681238580878,0.9832126964725655,0.9871341902051781,0.9894514365017221,0.9910493178765366,0.9914185494292826],"eval_acc":[0.8447925142392189,0.8518104149715215,0.8543531326281529,0.8515052888527258,0.851606997558991,0.8572009764035802,0.8554719283970708,0.8575061025223759,0.8553702196908055,0.8558787632221319,0.8504882017900732,0.8496745321399511,0.850386493083808,0.8491659886086249,0.8481489015459723,0.8505899104963385,0.8518104149715215,0.8518104149715215,0.8514035801464606,0.8526240846216436]}
[Eval] Epoch:  11, Total:   9815, Accuracy : 0.8559, Loss: 0.2922
9815 8401 33.311341285705566
[Eval] Epoch:  11, Total:   9832, Accuracy : 0.8526, Loss: 0.8244
9832 8383 33.778869926929474
