random_0.75_model_0
DatasetDict({
    train: Dataset({
        features: ['premise', 'hypothesis', 'label', 'indexes'],
        num_rows: 294526
    })
    validation_matched: Dataset({
        features: ['premise', 'hypothesis', 'label', 'indexes'],
        num_rows: 9815
    })
    validation_mismatched: Dataset({
        features: ['premise', 'hypothesis', 'label', 'indexes'],
        num_rows: 9832
    })
    test_matched: Dataset({
        features: ['premise', 'hypothesis', 'label', 'indexes'],
        num_rows: 0
    })
    test_mismatched: Dataset({
        features: ['premise', 'hypothesis', 'label', 'indexes'],
        num_rows: 0
    })
})
[Train] Epoch:   0, Total: 294526, Accuracy : 0.7953, Loss: 0.4193
[Eval] Epoch:   0, Total:   9815, Accuracy : 0.8478, Loss: 0.2778
[Eval] Epoch:   0, Total:   9832, Accuracy : 0.8494, Loss: 0.3612
[Train] Epoch:   1, Total: 294526, Accuracy : 0.8620, Loss: 0.2431
[Eval] Epoch:   1, Total:   9815, Accuracy : 0.8625, Loss: 0.2020
[Eval] Epoch:   1, Total:   9832, Accuracy : 0.8641, Loss: 0.3833
[Train] Epoch:   2, Total: 294526, Accuracy : 0.8894, Loss: 0.2410
[Eval] Epoch:   2, Total:   9815, Accuracy : 0.8642, Loss: 0.2093
[Eval] Epoch:   2, Total:   9832, Accuracy : 0.8631, Loss: 0.3835
[Train] Epoch:   3, Total: 294526, Accuracy : 0.9104, Loss: 0.3347
[Eval] Epoch:   3, Total:   9815, Accuracy : 0.8698, Loss: 0.2150
[Eval] Epoch:   3, Total:   9832, Accuracy : 0.8641, Loss: 0.3906
[Train] Epoch:   4, Total: 294526, Accuracy : 0.9279, Loss: 0.1724
[Eval] Epoch:   4, Total:   9815, Accuracy : 0.8652, Loss: 0.1498
[Eval] Epoch:   4, Total:   9832, Accuracy : 0.8600, Loss: 0.4496
[Train] Epoch:   5, Total: 294526, Accuracy : 0.9417, Loss: 0.1571
[Eval] Epoch:   5, Total:   9815, Accuracy : 0.8668, Loss: 0.1371
[Eval] Epoch:   5, Total:   9832, Accuracy : 0.8626, Loss: 0.4408
[Train] Epoch:   6, Total: 294526, Accuracy : 0.9516, Loss: 0.1676
[Eval] Epoch:   6, Total:   9815, Accuracy : 0.8633, Loss: 0.1466
[Eval] Epoch:   6, Total:   9832, Accuracy : 0.8643, Loss: 0.4975
[Train] Epoch:   7, Total: 294526, Accuracy : 0.9583, Loss: 0.1793
[Eval] Epoch:   7, Total:   9815, Accuracy : 0.8653, Loss: 0.1576
[Eval] Epoch:   7, Total:   9832, Accuracy : 0.8620, Loss: 0.5554
[Train] Epoch:   8, Total: 294526, Accuracy : 0.9628, Loss: 0.0709
[Eval] Epoch:   8, Total:   9815, Accuracy : 0.8658, Loss: 0.1466
[Eval] Epoch:   8, Total:   9832, Accuracy : 0.8625, Loss: 0.5505
[Train] Epoch:   9, Total: 294526, Accuracy : 0.9648, Loss: 0.1424
[Eval] Epoch:   9, Total:   9815, Accuracy : 0.8654, Loss: 0.1382
[Eval] Epoch:   9, Total:   9832, Accuracy : 0.8623, Loss: 0.5588
[Train] Epoch:  10, Total: 294526, Accuracy : 0.9483, Loss: 0.2137
[Eval] Epoch:  10, Total:   9815, Accuracy : 0.8640, Loss: 0.2383
[Eval] Epoch:  10, Total:   9832, Accuracy : 0.8588, Loss: 0.6176
[Train] Epoch:  11, Total: 294526, Accuracy : 0.9558, Loss: 0.2240
[Eval] Epoch:  11, Total:   9815, Accuracy : 0.8610, Loss: 0.2256
[Eval] Epoch:  11, Total:   9832, Accuracy : 0.8591, Loss: 0.5711
[Train] Epoch:  12, Total: 294526, Accuracy : 0.9641, Loss: 0.1611
[Eval] Epoch:  12, Total:   9815, Accuracy : 0.8649, Loss: 0.1990
[Eval] Epoch:  12, Total:   9832, Accuracy : 0.8595, Loss: 0.6127
[Train] Epoch:  13, Total: 294526, Accuracy : 0.9717, Loss: 0.1088
[Eval] Epoch:  13, Total:   9815, Accuracy : 0.8630, Loss: 0.2310
[Eval] Epoch:  13, Total:   9832, Accuracy : 0.8593, Loss: 0.6496
[Train] Epoch:  14, Total: 294526, Accuracy : 0.9777, Loss: 0.0677
[Eval] Epoch:  14, Total:   9815, Accuracy : 0.8606, Loss: 0.2094
[Eval] Epoch:  14, Total:   9832, Accuracy : 0.8591, Loss: 0.6347
[Train] Epoch:  15, Total: 294526, Accuracy : 0.9824, Loss: 0.0836
[Eval] Epoch:  15, Total:   9815, Accuracy : 0.8633, Loss: 0.2798
[Eval] Epoch:  15, Total:   9832, Accuracy : 0.8604, Loss: 0.6846
[Train] Epoch:  16, Total: 294526, Accuracy : 0.9863, Loss: 0.0252
[Eval] Epoch:  16, Total:   9815, Accuracy : 0.8647, Loss: 0.3049
[Eval] Epoch:  16, Total:   9832, Accuracy : 0.8608, Loss: 0.7169
[Train] Epoch:  17, Total: 294526, Accuracy : 0.9892, Loss: 0.0366
[Eval] Epoch:  17, Total:   9815, Accuracy : 0.8635, Loss: 0.2825
[Eval] Epoch:  17, Total:   9832, Accuracy : 0.8620, Loss: 0.7021
[Train] Epoch:  18, Total: 294526, Accuracy : 0.9909, Loss: 0.0037
[Eval] Epoch:  18, Total:   9815, Accuracy : 0.8643, Loss: 0.2405
[Eval] Epoch:  18, Total:   9832, Accuracy : 0.8623, Loss: 0.7342
[Train] Epoch:  19, Total: 294526, Accuracy : 0.9912, Loss: 0.0975
[Eval] Epoch:  19, Total:   9815, Accuracy : 0.8649, Loss: 0.2437
[Eval] Epoch:  19, Total:   9832, Accuracy : 0.8629, Loss: 0.7393
{"epoch":[1,2,3,4,5,6,7,8,9,10,11,12,13,14,15,16,17,18,19,20],"train_loss":[0.5019076643147539,0.3611674778338208,0.2952269406084596,0.24257554948899562,0.19801842983161544,0.16348850768509376,0.1374555971476692,0.11972559598492188,0.10782503621809696,0.10362795336442238,0.1445206920320992,0.12576023454281893,0.10316549309510754,0.08337638394293787,0.06653893528446284,0.053763964236896,0.04227128556462654,0.034391617289963594,0.029353878262786955,0.028385354167531747],"eval_loss":[0.3884357038216713,0.3588390086705868,0.376540060990896,0.39725006505464894,0.442168747767424,0.47077318491079867,0.5001778518542265,0.5558829452746954,0.5586126110492609,0.566891087935521,0.5051109928351182,0.5268504145817879,0.5941657011325543,0.6328504131390498,0.6525006454724532,0.7055797225389725,0.7484856072144631,0.8044999218904055,0.8333143018759214,0.8344224714315854],"train_acc":[0.7953491372578312,0.8619578577103549,0.8894257213285075,0.910378031141563,0.9278501728200567,0.9417131254965606,0.951569640710837,0.9583296551068496,0.9628419901808329,0.964821441910052,0.9482524463035521,0.9558171434779952,0.9641321988551096,0.9717070818875074,0.9777405050827431,0.9824022327400637,0.9863000210507731,0.9891894094239558,0.9909176099902894,0.9912299763009038],"eval_acc":[0.8493694060211554,0.8641171684296176,0.863100081366965,0.8641171684296176,0.8600488201790073,0.8625915378356387,0.8643205858421481,0.8619812855980472,0.8624898291293734,0.862286411716843,0.8588283157038242,0.85913344182262,0.8595402766476811,0.8593368592351506,0.85913344182262,0.860353946297803,0.8607607811228641,0.8619812855980472,0.862286411716843,0.8628966639544345]}
[Eval] Epoch:  11, Total:   9815, Accuracy : 0.8649, Loss: 0.2437
9815 8489 31.19523772597313
[Eval] Epoch:  11, Total:   9832, Accuracy : 0.8629, Loss: 0.7393
9832 8484 32.54247638583183
