pruned_2_0.04_model_0
DatasetDict({
    train: Dataset({
        features: ['premise', 'hypothesis', 'label', 'indexes'],
        num_rows: 15708
    })
    validation_matched: Dataset({
        features: ['premise', 'hypothesis', 'label', 'indexes'],
        num_rows: 9815
    })
    validation_mismatched: Dataset({
        features: ['premise', 'hypothesis', 'label', 'indexes'],
        num_rows: 9832
    })
    test_matched: Dataset({
        features: ['premise', 'hypothesis', 'label', 'indexes'],
        num_rows: 0
    })
    test_mismatched: Dataset({
        features: ['premise', 'hypothesis', 'label', 'indexes'],
        num_rows: 0
    })
})
[Train] Epoch:   0, Total:  15708, Accuracy : 0.5656, Loss: 0.3243
[Eval] Epoch:   0, Total:   9815, Accuracy : 0.5236, Loss: 1.2789
[Eval] Epoch:   0, Total:   9832, Accuracy : 0.5298, Loss: 1.3530
[Train] Epoch:   1, Total:  15708, Accuracy : 0.9475, Loss: 0.1457
[Eval] Epoch:   1, Total:   9815, Accuracy : 0.6817, Loss: 1.0984
[Eval] Epoch:   1, Total:   9832, Accuracy : 0.6947, Loss: 1.1225
[Train] Epoch:   2, Total:  15708, Accuracy : 0.9621, Loss: 0.0442
[Eval] Epoch:   2, Total:   9815, Accuracy : 0.7325, Loss: 0.9450
[Eval] Epoch:   2, Total:   9832, Accuracy : 0.7506, Loss: 0.8609
[Train] Epoch:   3, Total:  15708, Accuracy : 0.9711, Loss: 0.1351
[Eval] Epoch:   3, Total:   9815, Accuracy : 0.7322, Loss: 0.6845
[Eval] Epoch:   3, Total:   9832, Accuracy : 0.7499, Loss: 0.8486
[Train] Epoch:   4, Total:  15708, Accuracy : 0.9756, Loss: 0.0418
[Eval] Epoch:   4, Total:   9815, Accuracy : 0.7266, Loss: 1.0149
[Eval] Epoch:   4, Total:   9832, Accuracy : 0.7464, Loss: 0.9332
[Train] Epoch:   5, Total:  15708, Accuracy : 0.9829, Loss: 0.1161
[Eval] Epoch:   5, Total:   9815, Accuracy : 0.7443, Loss: 0.8615
[Eval] Epoch:   5, Total:   9832, Accuracy : 0.7550, Loss: 0.9195
[Train] Epoch:   6, Total:  15708, Accuracy : 0.9864, Loss: 0.0129
[Eval] Epoch:   6, Total:   9815, Accuracy : 0.7398, Loss: 0.8771
[Eval] Epoch:   6, Total:   9832, Accuracy : 0.7521, Loss: 0.8963
[Train] Epoch:   7, Total:  15708, Accuracy : 0.9892, Loss: 0.0133
[Eval] Epoch:   7, Total:   9815, Accuracy : 0.7420, Loss: 0.9522
[Eval] Epoch:   7, Total:   9832, Accuracy : 0.7560, Loss: 0.9035
[Train] Epoch:   8, Total:  15708, Accuracy : 0.9915, Loss: 0.0675
[Eval] Epoch:   8, Total:   9815, Accuracy : 0.7469, Loss: 0.8979
[Eval] Epoch:   8, Total:   9832, Accuracy : 0.7572, Loss: 0.8990
[Train] Epoch:   9, Total:  15708, Accuracy : 0.9926, Loss: 0.0931
[Eval] Epoch:   9, Total:   9815, Accuracy : 0.7462, Loss: 0.9130
[Eval] Epoch:   9, Total:   9832, Accuracy : 0.7585, Loss: 0.9019
[Train] Epoch:  10, Total:  15708, Accuracy : 0.9905, Loss: 0.1185
[Eval] Epoch:  10, Total:   9815, Accuracy : 0.7306, Loss: 0.9593
[Eval] Epoch:  10, Total:   9832, Accuracy : 0.7446, Loss: 0.9691
[Train] Epoch:  11, Total:  15708, Accuracy : 0.9892, Loss: 0.0679
[Eval] Epoch:  11, Total:   9815, Accuracy : 0.7431, Loss: 0.8429
[Eval] Epoch:  11, Total:   9832, Accuracy : 0.7516, Loss: 1.1115
[Train] Epoch:  12, Total:  15708, Accuracy : 0.9907, Loss: 0.0186
[Eval] Epoch:  12, Total:   9815, Accuracy : 0.7380, Loss: 0.9595
[Eval] Epoch:  12, Total:   9832, Accuracy : 0.7513, Loss: 1.1068
[Train] Epoch:  13, Total:  15708, Accuracy : 0.9926, Loss: 0.0052
[Eval] Epoch:  13, Total:   9815, Accuracy : 0.7316, Loss: 1.2030
[Eval] Epoch:  13, Total:   9832, Accuracy : 0.7428, Loss: 1.2824
[Train] Epoch:  14, Total:  15708, Accuracy : 0.9937, Loss: 0.0031
[Eval] Epoch:  14, Total:   9815, Accuracy : 0.7370, Loss: 0.9537
[Eval] Epoch:  14, Total:   9832, Accuracy : 0.7467, Loss: 1.3225
[Train] Epoch:  15, Total:  15708, Accuracy : 0.9961, Loss: 0.0040
[Eval] Epoch:  15, Total:   9815, Accuracy : 0.7339, Loss: 1.1191
[Eval] Epoch:  15, Total:   9832, Accuracy : 0.7491, Loss: 1.3438
[Train] Epoch:  16, Total:  15708, Accuracy : 0.9956, Loss: 0.0113
[Eval] Epoch:  16, Total:   9815, Accuracy : 0.7406, Loss: 1.1415
[Eval] Epoch:  16, Total:   9832, Accuracy : 0.7555, Loss: 1.2722
[Train] Epoch:  17, Total:  15708, Accuracy : 0.9969, Loss: 0.0018
[Eval] Epoch:  17, Total:   9815, Accuracy : 0.7507, Loss: 0.9964
[Eval] Epoch:  17, Total:   9832, Accuracy : 0.7622, Loss: 1.2219
[Train] Epoch:  18, Total:  15708, Accuracy : 0.9973, Loss: 0.0067
[Eval] Epoch:  18, Total:   9815, Accuracy : 0.7451, Loss: 1.1307
[Eval] Epoch:  18, Total:   9832, Accuracy : 0.7584, Loss: 1.2848
[Train] Epoch:  19, Total:  15708, Accuracy : 0.9975, Loss: 0.0463
[Eval] Epoch:  19, Total:   9815, Accuracy : 0.7451, Loss: 1.1197
[Eval] Epoch:  19, Total:   9832, Accuracy : 0.7587, Loss: 1.2833
{"epoch":[1,2,3,4,5,6,7,8,9,10,11,12,13,14,15,16,17,18,19,20],"train_loss":[0.7869575723044334,0.16244534066607874,0.10808200791718499,0.08641309843909356,0.07694427416689935,0.061769471413666205,0.050067119270322785,0.0438819668826557,0.03778942199724336,0.03483427815409677,0.03948168539922805,0.04329144389879319,0.03755668258564847,0.03029364656897322,0.024821644900516877,0.018037736314469047,0.017443685005644277,0.012826438272191633,0.011453004694739055,0.011529687116102826],"eval_loss":[1.268944229835119,0.971961395862775,0.8049991207245069,0.8298801321249741,0.9861092735559512,0.9023421284479972,0.9610435870977548,0.9640655028514373,0.9459113432810857,0.9577127649233892,1.0567732881277034,1.063319628055279,1.1043308361982689,1.2415939003993304,1.2343950088207538,1.3139999554707453,1.2443956763316424,1.226091744043888,1.2694772023421068,1.2648629943529766],"train_acc":[0.5656353450471098,0.9475426534250063,0.9621212121212122,0.9710975299210594,0.975553857906799,0.9829386299974535,0.9863763687293099,0.9892411510058569,0.9914693149987268,0.9926152279093455,0.9904507257448434,0.9892411510058569,0.9907053730583142,0.9926152279093455,0.9936974789915967,0.9960529666412019,0.995607333842628,0.9969442322383499,0.9973262032085561,0.9975171886936592],"eval_acc":[0.5298006509357202,0.6946704637917006,0.7506102522375916,0.7498982912937348,0.746440195280716,0.7549837266069975,0.7521358828315704,0.7560008136696501,0.7572213181448332,0.7585435313262815,0.7446094385679414,0.7516273393002441,0.7513222131814483,0.7427786818551668,0.7467453213995118,0.7490846216436127,0.7554922701383239,0.7622050447518307,0.7584418226200162,0.758746948738812]}
[Eval] Epoch:  11, Total:   9815, Accuracy : 0.7451, Loss: 1.1197
9815 7313 50.863635540008545
[Eval] Epoch:  11, Total:   9832, Accuracy : 0.7587, Loss: 1.2833
9832 7460 49.32965677976608
