pruned_2_0.01_model_0
DatasetDict({
    train: Dataset({
        features: ['premise', 'hypothesis', 'label', 'indexes'],
        num_rows: 3927
    })
    validation_matched: Dataset({
        features: ['premise', 'hypothesis', 'label', 'indexes'],
        num_rows: 9815
    })
    validation_mismatched: Dataset({
        features: ['premise', 'hypothesis', 'label', 'indexes'],
        num_rows: 9832
    })
    test_matched: Dataset({
        features: ['premise', 'hypothesis', 'label', 'indexes'],
        num_rows: 0
    })
    test_mismatched: Dataset({
        features: ['premise', 'hypothesis', 'label', 'indexes'],
        num_rows: 0
    })
})
[Train] Epoch:   0, Total:   3927, Accuracy : 0.5340, Loss: 1.0651
[Eval] Epoch:   0, Total:   9815, Accuracy : 0.3274, Loss: 1.1122
[Eval] Epoch:   0, Total:   9832, Accuracy : 0.3295, Loss: 1.1050
[Train] Epoch:   1, Total:   3927, Accuracy : 0.5635, Loss: 0.8894
[Eval] Epoch:   1, Total:   9815, Accuracy : 0.3274, Loss: 1.4707
[Eval] Epoch:   1, Total:   9832, Accuracy : 0.3295, Loss: 1.4021
[Train] Epoch:   2, Total:   3927, Accuracy : 0.6578, Loss: 0.5155
[Eval] Epoch:   2, Total:   9815, Accuracy : 0.5009, Loss: 1.1281
[Eval] Epoch:   2, Total:   9832, Accuracy : 0.5226, Loss: 1.1091
[Train] Epoch:   3, Total:   3927, Accuracy : 0.8844, Loss: 0.2584
[Eval] Epoch:   3, Total:   9815, Accuracy : 0.5550, Loss: 0.9379
[Eval] Epoch:   3, Total:   9832, Accuracy : 0.5649, Loss: 1.0368
[Train] Epoch:   4, Total:   3927, Accuracy : 0.9073, Loss: 0.1776
[Eval] Epoch:   4, Total:   9815, Accuracy : 0.6735, Loss: 0.8804
[Eval] Epoch:   4, Total:   9832, Accuracy : 0.6911, Loss: 1.0314
[Train] Epoch:   5, Total:   3927, Accuracy : 0.9371, Loss: 0.1572
[Eval] Epoch:   5, Total:   9815, Accuracy : 0.6848, Loss: 0.7480
[Eval] Epoch:   5, Total:   9832, Accuracy : 0.7082, Loss: 1.0994
[Train] Epoch:   6, Total:   3927, Accuracy : 0.9481, Loss: 0.1652
[Eval] Epoch:   6, Total:   9815, Accuracy : 0.6854, Loss: 0.8629
[Eval] Epoch:   6, Total:   9832, Accuracy : 0.7074, Loss: 1.0848
[Train] Epoch:   7, Total:   3927, Accuracy : 0.9516, Loss: 0.1513
[Eval] Epoch:   7, Total:   9815, Accuracy : 0.6878, Loss: 0.7828
[Eval] Epoch:   7, Total:   9832, Accuracy : 0.7088, Loss: 1.0659
[Train] Epoch:   8, Total:   3927, Accuracy : 0.9600, Loss: 0.1602
[Eval] Epoch:   8, Total:   9815, Accuracy : 0.6966, Loss: 0.8035
[Eval] Epoch:   8, Total:   9832, Accuracy : 0.7097, Loss: 1.1192
[Train] Epoch:   9, Total:   3927, Accuracy : 0.9618, Loss: 0.0965
[Eval] Epoch:   9, Total:   9815, Accuracy : 0.7010, Loss: 0.8270
[Eval] Epoch:   9, Total:   9832, Accuracy : 0.7143, Loss: 1.1206
[Train] Epoch:  10, Total:   3927, Accuracy : 0.9666, Loss: 0.1401
[Eval] Epoch:  10, Total:   9815, Accuracy : 0.7015, Loss: 0.8474
[Eval] Epoch:  10, Total:   9832, Accuracy : 0.7146, Loss: 1.1173
[Train] Epoch:  11, Total:   3927, Accuracy : 0.9605, Loss: 0.1069
[Eval] Epoch:  11, Total:   9815, Accuracy : 0.6944, Loss: 0.8537
[Eval] Epoch:  11, Total:   9832, Accuracy : 0.7125, Loss: 1.0390
[Train] Epoch:  12, Total:   3927, Accuracy : 0.9679, Loss: 0.0611
[Eval] Epoch:  12, Total:   9815, Accuracy : 0.6936, Loss: 0.8005
[Eval] Epoch:  12, Total:   9832, Accuracy : 0.7110, Loss: 1.0906
[Train] Epoch:  13, Total:   3927, Accuracy : 0.9720, Loss: 0.0929
[Eval] Epoch:  13, Total:   9815, Accuracy : 0.6883, Loss: 0.7899
[Eval] Epoch:  13, Total:   9832, Accuracy : 0.7072, Loss: 1.1487
[Train] Epoch:  14, Total:   3927, Accuracy : 0.9809, Loss: 0.0232
[Eval] Epoch:  14, Total:   9815, Accuracy : 0.6987, Loss: 0.8935
[Eval] Epoch:  14, Total:   9832, Accuracy : 0.7096, Loss: 1.1068
[Train] Epoch:  15, Total:   3927, Accuracy : 0.9873, Loss: 0.0201
[Eval] Epoch:  15, Total:   9815, Accuracy : 0.6984, Loss: 1.0117
[Eval] Epoch:  15, Total:   9832, Accuracy : 0.7124, Loss: 1.2319
[Train] Epoch:  16, Total:   3927, Accuracy : 0.9891, Loss: 0.0471
[Eval] Epoch:  16, Total:   9815, Accuracy : 0.6972, Loss: 0.9975
[Eval] Epoch:  16, Total:   9832, Accuracy : 0.7163, Loss: 1.2345
[Train] Epoch:  17, Total:   3927, Accuracy : 0.9924, Loss: 0.0855
[Eval] Epoch:  17, Total:   9815, Accuracy : 0.7020, Loss: 0.9960
[Eval] Epoch:  17, Total:   9832, Accuracy : 0.7130, Loss: 1.1888
[Train] Epoch:  18, Total:   3927, Accuracy : 0.9954, Loss: 0.0733
[Eval] Epoch:  18, Total:   9815, Accuracy : 0.7016, Loss: 1.0173
[Eval] Epoch:  18, Total:   9832, Accuracy : 0.7159, Loss: 1.1817
[Train] Epoch:  19, Total:   3927, Accuracy : 0.9952, Loss: 0.0144
[Eval] Epoch:  19, Total:   9815, Accuracy : 0.7016, Loss: 1.0150
[Eval] Epoch:  19, Total:   9832, Accuracy : 0.7160, Loss: 1.1784
{"epoch":[1,2,3,4,5,6,7,8,9,10,11,12,13,14,15,16,17,18,19,20],"train_loss":[1.0737817659974098,0.9657292775809765,0.7803185917437077,0.32925635017454624,0.20557094924151897,0.15456798672676086,0.13068931503221393,0.12112474022433162,0.10708326008170843,0.09967707982286811,0.09468074538744986,0.09993790904991329,0.08490892127156258,0.07850528159178793,0.06163154751993716,0.043827871326357126,0.04060642881086096,0.03468384314328432,0.025193321984261274,0.022299523378023878],"eval_loss":[1.1040765138772817,1.3882493392015114,1.1206526236656384,0.9581442582301605,0.922642374650026,0.9239048850842011,0.9468211867870429,0.960942091085972,1.0075851617715297,0.9981745053560306,0.9991908470789591,0.9575843459520584,1.031583072283329,1.068501122486897,1.1246844682938013,1.1596512152598455,1.1819669237503638,1.2075907251773736,1.2076079402214441,1.20658440161974],"train_acc":[0.5339954163483576,0.5635345047109753,0.6577540106951871,0.8843901196842373,0.9073083778966132,0.9371021135727018,0.948051948051948,0.9516170104405398,0.9600203717850777,0.9618029029793735,0.9666412019353195,0.9605296664120193,0.9679144385026738,0.9719887955182073,0.9809014514896868,0.9872676343264578,0.9890501655207538,0.9923605805958747,0.9954163483575248,0.995161701044054],"eval_acc":[0.3295362082994304,0.3295362082994304,0.5225793327908869,0.5648901545972336,0.6911106590724166,0.7081977217249796,0.7073840520748577,0.7088079739625712,0.7097233523189586,0.714300244100895,0.7146053702196908,0.7124694873881204,0.7110455655004069,0.7071806346623271,0.7096216436126932,0.7123677786818552,0.7163344182262001,0.7129780309194467,0.7159275834011392,0.7160292921074044]}
[Eval] Epoch:  11, Total:   9815, Accuracy : 0.7016, Loss: 1.0150
9815 6886 49.08868104219437
[Eval] Epoch:  11, Total:   9832, Accuracy : 0.7160, Loss: 1.1784
9832 7040 47.05679166316986
