random_0.005_model_0
DatasetDict({
    train: Dataset({
        features: ['premise', 'hypothesis', 'label', 'indexes'],
        num_rows: 1964
    })
    validation_matched: Dataset({
        features: ['premise', 'hypothesis', 'label', 'indexes'],
        num_rows: 9815
    })
    validation_mismatched: Dataset({
        features: ['premise', 'hypothesis', 'label', 'indexes'],
        num_rows: 9832
    })
    test_matched: Dataset({
        features: ['premise', 'hypothesis', 'label', 'indexes'],
        num_rows: 0
    })
    test_mismatched: Dataset({
        features: ['premise', 'hypothesis', 'label', 'indexes'],
        num_rows: 0
    })
})
[Train] Epoch:   0, Total:   1964, Accuracy : 0.3406, Loss: 1.0968
[Eval] Epoch:   0, Total:   9815, Accuracy : 0.3182, Loss: 1.0979
[Eval] Epoch:   0, Total:   9832, Accuracy : 0.3182, Loss: 1.1016
[Train] Epoch:   1, Total:   1964, Accuracy : 0.3396, Loss: 1.0992
[Eval] Epoch:   1, Total:   9815, Accuracy : 0.3301, Loss: 1.0981
[Eval] Epoch:   1, Total:   9832, Accuracy : 0.3327, Loss: 1.0997
[Train] Epoch:   2, Total:   1964, Accuracy : 0.3529, Loss: 1.0980
[Eval] Epoch:   2, Total:   9815, Accuracy : 0.3274, Loss: 1.0998
[Eval] Epoch:   2, Total:   9832, Accuracy : 0.3295, Loss: 1.0986
[Train] Epoch:   3, Total:   1964, Accuracy : 0.3473, Loss: 1.0971
[Eval] Epoch:   3, Total:   9815, Accuracy : 0.3274, Loss: 1.0989
[Eval] Epoch:   3, Total:   9832, Accuracy : 0.3295, Loss: 1.0979
[Train] Epoch:   4, Total:   1964, Accuracy : 0.3641, Loss: 1.0880
[Eval] Epoch:   4, Total:   9815, Accuracy : 0.3619, Loss: 1.0915
[Eval] Epoch:   4, Total:   9832, Accuracy : 0.3640, Loss: 1.0914
[Train] Epoch:   5, Total:   1964, Accuracy : 0.4389, Loss: 1.0446
[Eval] Epoch:   5, Total:   9815, Accuracy : 0.5093, Loss: 1.0195
[Eval] Epoch:   5, Total:   9832, Accuracy : 0.5480, Loss: 1.0148
[Train] Epoch:   6, Total:   1964, Accuracy : 0.5280, Loss: 0.9637
[Eval] Epoch:   6, Total:   9815, Accuracy : 0.4982, Loss: 0.9346
[Eval] Epoch:   6, Total:   9832, Accuracy : 0.5266, Loss: 0.9039
[Train] Epoch:   7, Total:   1964, Accuracy : 0.6074, Loss: 0.7929
[Eval] Epoch:   7, Total:   9815, Accuracy : 0.6278, Loss: 0.8134
[Eval] Epoch:   7, Total:   9832, Accuracy : 0.6497, Loss: 0.7888
[Train] Epoch:   8, Total:   1964, Accuracy : 0.6965, Loss: 0.7329
[Eval] Epoch:   8, Total:   9815, Accuracy : 0.6773, Loss: 0.7064
[Eval] Epoch:   8, Total:   9832, Accuracy : 0.6938, Loss: 0.7232
[Train] Epoch:   9, Total:   1964, Accuracy : 0.7505, Loss: 0.6797
[Eval] Epoch:   9, Total:   9815, Accuracy : 0.6842, Loss: 0.7201
[Eval] Epoch:   9, Total:   9832, Accuracy : 0.7027, Loss: 0.7023
[Train] Epoch:  10, Total:   1964, Accuracy : 0.7836, Loss: 0.5317
[Eval] Epoch:  10, Total:   9815, Accuracy : 0.7042, Loss: 0.6831
[Eval] Epoch:  10, Total:   9832, Accuracy : 0.7151, Loss: 0.6965
[Train] Epoch:  11, Total:   1964, Accuracy : 0.7989, Loss: 0.5837
[Eval] Epoch:  11, Total:   9815, Accuracy : 0.7093, Loss: 0.6861
[Eval] Epoch:  11, Total:   9832, Accuracy : 0.7198, Loss: 0.6872
[Train] Epoch:  12, Total:   1964, Accuracy : 0.8080, Loss: 0.4957
[Eval] Epoch:  12, Total:   9815, Accuracy : 0.7112, Loss: 0.6917
[Eval] Epoch:  12, Total:   9832, Accuracy : 0.7211, Loss: 0.6865
[Train] Epoch:  13, Total:   1964, Accuracy : 0.8157, Loss: 0.4195
[Eval] Epoch:  13, Total:   9815, Accuracy : 0.7023, Loss: 0.8679
[Eval] Epoch:  13, Total:   9832, Accuracy : 0.7129, Loss: 0.7605
[Train] Epoch:  14, Total:   1964, Accuracy : 0.8569, Loss: 0.3703
[Eval] Epoch:  14, Total:   9815, Accuracy : 0.7265, Loss: 0.6806
[Eval] Epoch:  14, Total:   9832, Accuracy : 0.7419, Loss: 0.6824
[Train] Epoch:  15, Total:   1964, Accuracy : 0.9002, Loss: 0.3616
[Eval] Epoch:  15, Total:   9815, Accuracy : 0.7354, Loss: 0.7276
[Eval] Epoch:  15, Total:   9832, Accuracy : 0.7505, Loss: 0.6855
[Train] Epoch:  16, Total:   1964, Accuracy : 0.9216, Loss: 0.2371
[Eval] Epoch:  16, Total:   9815, Accuracy : 0.7429, Loss: 0.6852
[Eval] Epoch:  16, Total:   9832, Accuracy : 0.7501, Loss: 0.7314
[Train] Epoch:  17, Total:   1964, Accuracy : 0.9374, Loss: 0.2251
[Eval] Epoch:  17, Total:   9815, Accuracy : 0.7391, Loss: 0.8248
[Eval] Epoch:  17, Total:   9832, Accuracy : 0.7457, Loss: 0.7501
[Train] Epoch:  18, Total:   1964, Accuracy : 0.9460, Loss: 0.1914
[Eval] Epoch:  18, Total:   9815, Accuracy : 0.7420, Loss: 0.7874
[Eval] Epoch:  18, Total:   9832, Accuracy : 0.7492, Loss: 0.7475
[Train] Epoch:  19, Total:   1964, Accuracy : 0.9486, Loss: 0.1439
[Eval] Epoch:  19, Total:   9815, Accuracy : 0.7422, Loss: 0.7871
[Eval] Epoch:  19, Total:   9832, Accuracy : 0.7500, Loss: 0.7511
{"epoch":[1,2,3,4,5,6,7,8,9,10,11,12,13,14,15,16,17,18,19,20],"train_loss":[1.0994756668806076,1.100889191031456,1.09739151597023,1.0975242406129837,1.0943608283996582,1.075322762131691,0.978339746594429,0.893047146499157,0.7702190428972244,0.6576363369822502,0.5815761759877205,0.5334257669746876,0.5113404840230942,0.4944029524922371,0.4010581783950329,0.3067506682127714,0.253658888861537,0.2159762680530548,0.1898348666727543,0.17891010828316212],"eval_loss":[1.102532175871042,1.100114984390063,1.098332126935323,1.097537942421742,1.0913633077572553,1.023128051024217,0.9506368117454724,0.8469207134002295,0.7545586549318753,0.7126831824962909,0.7104534613780487,0.704308182765276,0.7040108488156245,0.7595465733454778,0.7354603700148754,0.7229805298340626,0.7602443878467267,0.7901543348263471,0.7803034599010761,0.7824120353429745],"train_acc":[0.3406313645621181,0.3396130346232179,0.3528513238289206,0.34725050916496947,0.3640529531568228,0.43890020366598775,0.5280040733197556,0.6074338085539714,0.6965376782077393,0.7505091649694501,0.7836048879837068,0.7988798370672098,0.8080448065173116,0.8156822810590632,0.8569246435845214,0.90020366598778,0.9215885947046843,0.9373727087576375,0.9460285132382892,0.9485743380855397],"eval_acc":[0.318246541903987,0.3326891781936534,0.3295362082994304,0.3295362082994304,0.3640154597233523,0.548006509357201,0.5266476810414972,0.6497152156224573,0.6937550854353133,0.7027054515866559,0.7151139137510171,0.7197925142392189,0.7211147274206672,0.7128763222131814,0.7418633034987795,0.7505085435313262,0.7501017087062652,0.7457282343368592,0.7491863303498779,0.75]}
[Eval] Epoch:  11, Total:   9815, Accuracy : 0.7422, Loss: 0.7871
9815 7285 31.02619820833206
[Eval] Epoch:  11, Total:   9832, Accuracy : 0.7500, Loss: 0.7511
9832 7374 30.514069378376007
