random_0.2_model_0
DatasetDict({
    train: Dataset({
        features: ['premise', 'hypothesis', 'label', 'indexes'],
        num_rows: 78540
    })
    validation_matched: Dataset({
        features: ['premise', 'hypothesis', 'label', 'indexes'],
        num_rows: 9815
    })
    validation_mismatched: Dataset({
        features: ['premise', 'hypothesis', 'label', 'indexes'],
        num_rows: 9832
    })
    test_matched: Dataset({
        features: ['premise', 'hypothesis', 'label', 'indexes'],
        num_rows: 0
    })
    test_mismatched: Dataset({
        features: ['premise', 'hypothesis', 'label', 'indexes'],
        num_rows: 0
    })
})
[Train] Epoch:   0, Total:  78540, Accuracy : 0.6926, Loss: 0.6155
[Eval] Epoch:   0, Total:   9815, Accuracy : 0.8244, Loss: 0.3510
[Eval] Epoch:   0, Total:   9832, Accuracy : 0.8221, Loss: 0.4383
[Train] Epoch:   1, Total:  78540, Accuracy : 0.8355, Loss: 0.4423
[Eval] Epoch:   1, Total:   9815, Accuracy : 0.8420, Loss: 0.2323
[Eval] Epoch:   1, Total:   9832, Accuracy : 0.8424, Loss: 0.4746
[Train] Epoch:   2, Total:  78540, Accuracy : 0.8726, Loss: 0.3188
[Eval] Epoch:   2, Total:   9815, Accuracy : 0.8436, Loss: 0.2552
[Eval] Epoch:   2, Total:   9832, Accuracy : 0.8354, Loss: 0.5150
[Train] Epoch:   3, Total:  78540, Accuracy : 0.8988, Loss: 0.3024
[Eval] Epoch:   3, Total:   9815, Accuracy : 0.8435, Loss: 0.2423
[Eval] Epoch:   3, Total:   9832, Accuracy : 0.8433, Loss: 0.4815
[Train] Epoch:   4, Total:  78540, Accuracy : 0.9196, Loss: 0.1652
[Eval] Epoch:   4, Total:   9815, Accuracy : 0.8489, Loss: 0.2657
[Eval] Epoch:   4, Total:   9832, Accuracy : 0.8394, Loss: 0.5330
[Train] Epoch:   5, Total:  78540, Accuracy : 0.9362, Loss: 0.1852
[Eval] Epoch:   5, Total:   9815, Accuracy : 0.8442, Loss: 0.3508
[Eval] Epoch:   5, Total:   9832, Accuracy : 0.8397, Loss: 0.5330
[Train] Epoch:   6, Total:  78540, Accuracy : 0.9505, Loss: 0.0764
[Eval] Epoch:   6, Total:   9815, Accuracy : 0.8471, Loss: 0.3293
[Eval] Epoch:   6, Total:   9832, Accuracy : 0.8388, Loss: 0.6078
[Train] Epoch:   7, Total:  78540, Accuracy : 0.9571, Loss: 0.0713
[Eval] Epoch:   7, Total:   9815, Accuracy : 0.8427, Loss: 0.3117
[Eval] Epoch:   7, Total:   9832, Accuracy : 0.8387, Loss: 0.6249
[Train] Epoch:   8, Total:  78540, Accuracy : 0.9616, Loss: 0.1844
[Eval] Epoch:   8, Total:   9815, Accuracy : 0.8465, Loss: 0.3346
[Eval] Epoch:   8, Total:   9832, Accuracy : 0.8392, Loss: 0.6526
[Train] Epoch:   9, Total:  78540, Accuracy : 0.9641, Loss: 0.1662
[Eval] Epoch:   9, Total:   9815, Accuracy : 0.8461, Loss: 0.3369
[Eval] Epoch:   9, Total:   9832, Accuracy : 0.8395, Loss: 0.6548
[Train] Epoch:  10, Total:  78540, Accuracy : 0.9491, Loss: 0.1933
[Eval] Epoch:  10, Total:   9815, Accuracy : 0.8390, Loss: 0.4167
[Eval] Epoch:  10, Total:   9832, Accuracy : 0.8355, Loss: 0.5945
[Train] Epoch:  11, Total:  78540, Accuracy : 0.9569, Loss: 0.1106
[Eval] Epoch:  11, Total:   9815, Accuracy : 0.8387, Loss: 0.3179
[Eval] Epoch:  11, Total:   9832, Accuracy : 0.8366, Loss: 0.6650
[Train] Epoch:  12, Total:  78540, Accuracy : 0.9659, Loss: 0.1411
[Eval] Epoch:  12, Total:   9815, Accuracy : 0.8398, Loss: 0.2883
[Eval] Epoch:  12, Total:   9832, Accuracy : 0.8399, Loss: 0.7055
[Train] Epoch:  13, Total:  78540, Accuracy : 0.9737, Loss: 0.0816
[Eval] Epoch:  13, Total:   9815, Accuracy : 0.8378, Loss: 0.2883
[Eval] Epoch:  13, Total:   9832, Accuracy : 0.8365, Loss: 0.7387
[Train] Epoch:  14, Total:  78540, Accuracy : 0.9790, Loss: 0.1048
[Eval] Epoch:  14, Total:   9815, Accuracy : 0.8381, Loss: 0.3030
[Eval] Epoch:  14, Total:   9832, Accuracy : 0.8403, Loss: 0.7266
[Train] Epoch:  15, Total:  78540, Accuracy : 0.9838, Loss: 0.0493
[Eval] Epoch:  15, Total:   9815, Accuracy : 0.8416, Loss: 0.3822
[Eval] Epoch:  15, Total:   9832, Accuracy : 0.8384, Loss: 0.8033
[Train] Epoch:  16, Total:  78540, Accuracy : 0.9874, Loss: 0.0377
[Eval] Epoch:  16, Total:   9815, Accuracy : 0.8431, Loss: 0.4477
[Eval] Epoch:  16, Total:   9832, Accuracy : 0.8387, Loss: 0.8485
[Train] Epoch:  17, Total:  78540, Accuracy : 0.9904, Loss: 0.0111
[Eval] Epoch:  17, Total:   9815, Accuracy : 0.8425, Loss: 0.3946
[Eval] Epoch:  17, Total:   9832, Accuracy : 0.8403, Loss: 0.8977
[Train] Epoch:  18, Total:  78540, Accuracy : 0.9911, Loss: 0.0716
[Eval] Epoch:  18, Total:   9815, Accuracy : 0.8420, Loss: 0.4350
[Eval] Epoch:  18, Total:   9832, Accuracy : 0.8404, Loss: 0.9282
[Train] Epoch:  19, Total:  78540, Accuracy : 0.9919, Loss: 0.0065
[Eval] Epoch:  19, Total:   9815, Accuracy : 0.8422, Loss: 0.4309
[Eval] Epoch:  19, Total:   9832, Accuracy : 0.8397, Loss: 0.9294
{"epoch":[1,2,3,4,5,6,7,8,9,10,11,12,13,14,15,16,17,18,19,20],"train_loss":[0.6751026551964229,0.42665847563199966,0.33974295878837474,0.27468603776604034,0.22093722714469177,0.1791401325394354,0.14626498170900812,0.12701058847653748,0.11547564806155738,0.1087593522760107,0.1436606622043184,0.12572780044003107,0.10272317709771352,0.07975208040338969,0.06426583371862332,0.05037125593949267,0.040995254527158576,0.03112575974685507,0.02884406722924317,0.026365236493725488],"eval_loss":[0.44690926640461653,0.4239375331462958,0.4435214346800095,0.4462140454695775,0.4984942376613617,0.5367909837991763,0.5793260611020602,0.6037241617838541,0.6197354816473447,0.6239727269380521,0.5946851288660978,0.6426629378245428,0.6773533079868708,0.7268492426627722,0.7194097683979914,0.8075264203242767,0.832358698050181,0.8777520671868936,0.8922104667394589,0.8960431615511576],"train_acc":[0.6925770308123249,0.8355487649605297,0.8726126814362108,0.8987649605296664,0.9196078431372549,0.9361981156098803,0.9505474917239624,0.9571046600458365,0.9615609880315763,0.9641456582633053,0.9491341991341992,0.9569136745607334,0.9658645276292335,0.973720397249809,0.9790170613700026,0.9838044308632544,0.9873822256175198,0.9903743315508021,0.9910746116628469,0.9919149477973007],"eval_acc":[0.8221114727420668,0.8423515052888527,0.8354353132628153,0.84326688364524,0.8394019528071603,0.8397070789259561,0.8387917005695688,0.8386899918633035,0.8391985353946297,0.8395036615134256,0.8355370219690805,0.8365541090317331,0.8399104963384866,0.8364524003254679,0.8403173311635476,0.8383848657445078,0.8386899918633035,0.8403173311635476,0.8404190398698128,0.8397070789259561]}
[Eval] Epoch:  11, Total:   9815, Accuracy : 0.8422, Loss: 0.4309
9815 8266 33.81856533885002
[Eval] Epoch:  11, Total:   9832, Accuracy : 0.8397, Loss: 0.9294
9832 8256 34.94568330049515
