random_0.05_model_0
DatasetDict({
    train: Dataset({
        features: ['premise', 'hypothesis', 'label', 'indexes'],
        num_rows: 19635
    })
    validation_matched: Dataset({
        features: ['premise', 'hypothesis', 'label', 'indexes'],
        num_rows: 9815
    })
    validation_mismatched: Dataset({
        features: ['premise', 'hypothesis', 'label', 'indexes'],
        num_rows: 9832
    })
    test_matched: Dataset({
        features: ['premise', 'hypothesis', 'label', 'indexes'],
        num_rows: 0
    })
    test_mismatched: Dataset({
        features: ['premise', 'hypothesis', 'label', 'indexes'],
        num_rows: 0
    })
})
[Train] Epoch:   0, Total:  19635, Accuracy : 0.4288, Loss: 0.7360
[Eval] Epoch:   0, Total:   9815, Accuracy : 0.7097, Loss: 0.6720
[Eval] Epoch:   0, Total:   9832, Accuracy : 0.7194, Loss: 0.6485
[Train] Epoch:   1, Total:  19635, Accuracy : 0.7561, Loss: 0.6651
[Eval] Epoch:   1, Total:   9815, Accuracy : 0.7975, Loss: 0.4343
[Eval] Epoch:   1, Total:   9832, Accuracy : 0.7996, Loss: 0.4984
[Train] Epoch:   2, Total:  19635, Accuracy : 0.8286, Loss: 0.3388
[Eval] Epoch:   2, Total:   9815, Accuracy : 0.8080, Loss: 0.5186
[Eval] Epoch:   2, Total:   9832, Accuracy : 0.8130, Loss: 0.5074
[Train] Epoch:   3, Total:  19635, Accuracy : 0.8668, Loss: 0.3566
[Eval] Epoch:   3, Total:   9815, Accuracy : 0.8171, Loss: 0.4324
[Eval] Epoch:   3, Total:   9832, Accuracy : 0.8175, Loss: 0.5616
[Train] Epoch:   4, Total:  19635, Accuracy : 0.8960, Loss: 0.2495
[Eval] Epoch:   4, Total:   9815, Accuracy : 0.8178, Loss: 0.5292
[Eval] Epoch:   4, Total:   9832, Accuracy : 0.8191, Loss: 0.6051
[Train] Epoch:   5, Total:  19635, Accuracy : 0.9196, Loss: 0.2358
[Eval] Epoch:   5, Total:   9815, Accuracy : 0.8175, Loss: 0.5639
[Eval] Epoch:   5, Total:   9832, Accuracy : 0.8197, Loss: 0.6928
[Train] Epoch:   6, Total:  19635, Accuracy : 0.9348, Loss: 0.1555
[Eval] Epoch:   6, Total:   9815, Accuracy : 0.8188, Loss: 0.5701
[Eval] Epoch:   6, Total:   9832, Accuracy : 0.8221, Loss: 0.7047
[Train] Epoch:   7, Total:  19635, Accuracy : 0.9411, Loss: 0.1710
[Eval] Epoch:   7, Total:   9815, Accuracy : 0.8179, Loss: 0.6455
[Eval] Epoch:   7, Total:   9832, Accuracy : 0.8201, Loss: 0.7236
[Train] Epoch:   8, Total:  19635, Accuracy : 0.9524, Loss: 0.1283
[Eval] Epoch:   8, Total:   9815, Accuracy : 0.8198, Loss: 0.6623
[Eval] Epoch:   8, Total:   9832, Accuracy : 0.8229, Loss: 0.7422
[Train] Epoch:   9, Total:  19635, Accuracy : 0.9536, Loss: 0.1291
[Eval] Epoch:   9, Total:   9815, Accuracy : 0.8201, Loss: 0.6760
[Eval] Epoch:   9, Total:   9832, Accuracy : 0.8206, Loss: 0.7484
[Train] Epoch:  10, Total:  19635, Accuracy : 0.9487, Loss: 0.1609
[Eval] Epoch:  10, Total:   9815, Accuracy : 0.8117, Loss: 0.7381
[Eval] Epoch:  10, Total:   9832, Accuracy : 0.8186, Loss: 0.7725
[Train] Epoch:  11, Total:  19635, Accuracy : 0.9496, Loss: 0.1221
[Eval] Epoch:  11, Total:   9815, Accuracy : 0.8159, Loss: 0.6917
[Eval] Epoch:  11, Total:   9832, Accuracy : 0.8159, Loss: 0.7637
[Train] Epoch:  12, Total:  19635, Accuracy : 0.9637, Loss: 0.1069
[Eval] Epoch:  12, Total:   9815, Accuracy : 0.8093, Loss: 0.7682
[Eval] Epoch:  12, Total:   9832, Accuracy : 0.8127, Loss: 0.8332
[Train] Epoch:  13, Total:  19635, Accuracy : 0.9689, Loss: 0.1055
[Eval] Epoch:  13, Total:   9815, Accuracy : 0.8148, Loss: 0.6618
[Eval] Epoch:  13, Total:   9832, Accuracy : 0.8193, Loss: 0.9123
[Train] Epoch:  14, Total:  19635, Accuracy : 0.9769, Loss: 0.0863
[Eval] Epoch:  14, Total:   9815, Accuracy : 0.8144, Loss: 0.8440
[Eval] Epoch:  14, Total:   9832, Accuracy : 0.8165, Loss: 0.8945
[Train] Epoch:  15, Total:  19635, Accuracy : 0.9816, Loss: 0.0512
[Eval] Epoch:  15, Total:   9815, Accuracy : 0.8172, Loss: 0.8690
[Eval] Epoch:  15, Total:   9832, Accuracy : 0.8211, Loss: 0.9736
[Train] Epoch:  16, Total:  19635, Accuracy : 0.9840, Loss: 0.1549
[Eval] Epoch:  16, Total:   9815, Accuracy : 0.8177, Loss: 0.9245
[Eval] Epoch:  16, Total:   9832, Accuracy : 0.8199, Loss: 1.0258
[Train] Epoch:  17, Total:  19635, Accuracy : 0.9873, Loss: 0.0775
[Eval] Epoch:  17, Total:   9815, Accuracy : 0.8142, Loss: 0.9285
[Eval] Epoch:  17, Total:   9832, Accuracy : 0.8197, Loss: 1.0406
[Train] Epoch:  18, Total:  19635, Accuracy : 0.9886, Loss: 0.0823
[Eval] Epoch:  18, Total:   9815, Accuracy : 0.8160, Loss: 0.9540
[Eval] Epoch:  18, Total:   9832, Accuracy : 0.8198, Loss: 1.0598
[Train] Epoch:  19, Total:  19635, Accuracy : 0.9896, Loss: 0.0192
[Eval] Epoch:  19, Total:   9815, Accuracy : 0.8150, Loss: 0.9360
[Eval] Epoch:  19, Total:   9832, Accuracy : 0.8211, Loss: 1.0562
{"epoch":[1,2,3,4,5,6,7,8,9,10,11,12,13,14,15,16,17,18,19,20],"train_loss":[1.0294938853808813,0.6115291749502157,0.454782017252662,0.36675614234688997,0.2930817828549967,0.23221612847470618,0.19361584227193485,0.17080229201487132,0.14695560264509994,0.13993458314375443,0.15665404972704974,0.14660635745370543,0.1132965310924239,0.09338191688641326,0.07422437842983703,0.058713172006045845,0.05089554980445605,0.04374176783898434,0.03795290318644279,0.035408724220348645],"eval_loss":[0.6810437822953249,0.505760846993862,0.48978797671122426,0.5092907807765863,0.5326165098410386,0.5690723069203205,0.6081838233348651,0.6280069618653028,0.64937491218249,0.6501746124181992,0.6669208705425262,0.69384576800542,0.7732306703543051,0.7806890820845579,0.8297705757312286,0.8710949008281414,0.8985057427332952,0.9070452818503747,0.9101002292755322,0.9115711267177875],"train_acc":[0.4288260758848994,0.7561497326203208,0.8285714285714286,0.866768525592055,0.8959511077158135,0.9195823784059078,0.9348102877514642,0.941074611662847,0.9524318818436466,0.9535523300229183,0.9487140310669723,0.9496307613954673,0.963738222561752,0.968882098293863,0.9769289533995417,0.9816144639674051,0.983957219251337,0.9872676343264578,0.9886427298192004,0.9896103896103896],"eval_acc":[0.7193856794141579,0.799633848657445,0.8129576891781937,0.8175345809601302,0.819060211554109,0.8196704637917006,0.8221114727420668,0.8200772986167616,0.8229251423921887,0.8205858421480878,0.8185516680227828,0.815907241659886,0.8126525630593979,0.8192636289666395,0.8165174938974776,0.8210943856794142,0.8198738812042311,0.8196704637917006,0.8197721724979659,0.8210943856794142]}
[Eval] Epoch:  11, Total:   9815, Accuracy : 0.8150, Loss: 0.9360
9815 7999 35.11723530292511
[Eval] Epoch:  11, Total:   9832, Accuracy : 0.8211, Loss: 1.0562
9832 8073 35.55127394199371
