pruned_1_0.25_model_0
DatasetDict({
    train: Dataset({
        features: ['premise', 'hypothesis', 'label', 'indexes'],
        num_rows: 98177
    })
    validation_matched: Dataset({
        features: ['premise', 'hypothesis', 'label', 'indexes'],
        num_rows: 9815
    })
    validation_mismatched: Dataset({
        features: ['premise', 'hypothesis', 'label', 'indexes'],
        num_rows: 9832
    })
    test_matched: Dataset({
        features: ['premise', 'hypothesis', 'label', 'indexes'],
        num_rows: 0
    })
    test_mismatched: Dataset({
        features: ['premise', 'hypothesis', 'label', 'indexes'],
        num_rows: 0
    })
})
[Train] Epoch:   0, Total:  98177, Accuracy : 0.7134, Loss: 0.4397
[Eval] Epoch:   0, Total:   9815, Accuracy : 0.8326, Loss: 0.2684
[Eval] Epoch:   0, Total:   9832, Accuracy : 0.8349, Loss: 0.4609
[Train] Epoch:   1, Total:  98177, Accuracy : 0.8416, Loss: 0.4446
[Eval] Epoch:   1, Total:   9815, Accuracy : 0.8449, Loss: 0.2568
[Eval] Epoch:   1, Total:   9832, Accuracy : 0.8446, Loss: 0.4236
[Train] Epoch:   2, Total:  98177, Accuracy : 0.8750, Loss: 0.4271
[Eval] Epoch:   2, Total:   9815, Accuracy : 0.8493, Loss: 0.2697
[Eval] Epoch:   2, Total:   9832, Accuracy : 0.8484, Loss: 0.4461
[Train] Epoch:   3, Total:  98177, Accuracy : 0.9009, Loss: 0.2337
[Eval] Epoch:   3, Total:   9815, Accuracy : 0.8505, Loss: 0.2484
[Eval] Epoch:   3, Total:   9832, Accuracy : 0.8506, Loss: 0.4795
[Train] Epoch:   4, Total:  98177, Accuracy : 0.9228, Loss: 0.1691
[Eval] Epoch:   4, Total:   9815, Accuracy : 0.8480, Loss: 0.2425
[Eval] Epoch:   4, Total:   9832, Accuracy : 0.8498, Loss: 0.5163
[Train] Epoch:   5, Total:  98177, Accuracy : 0.9385, Loss: 0.1044
[Eval] Epoch:   5, Total:   9815, Accuracy : 0.8471, Loss: 0.2110
[Eval] Epoch:   5, Total:   9832, Accuracy : 0.8512, Loss: 0.5366
[Train] Epoch:   6, Total:  98177, Accuracy : 0.9496, Loss: 0.1017
[Eval] Epoch:   6, Total:   9815, Accuracy : 0.8473, Loss: 0.2158
[Eval] Epoch:   6, Total:   9832, Accuracy : 0.8492, Loss: 0.5445
[Train] Epoch:   7, Total:  98177, Accuracy : 0.9575, Loss: 0.1202
[Eval] Epoch:   7, Total:   9815, Accuracy : 0.8485, Loss: 0.2067
[Eval] Epoch:   7, Total:   9832, Accuracy : 0.8510, Loss: 0.5931
[Train] Epoch:   8, Total:  98177, Accuracy : 0.9616, Loss: 0.1161
[Eval] Epoch:   8, Total:   9815, Accuracy : 0.8498, Loss: 0.2158
[Eval] Epoch:   8, Total:   9832, Accuracy : 0.8506, Loss: 0.5983
[Train] Epoch:   9, Total:  98177, Accuracy : 0.9632, Loss: 0.0765
[Eval] Epoch:   9, Total:   9815, Accuracy : 0.8498, Loss: 0.2120
[Eval] Epoch:   9, Total:   9832, Accuracy : 0.8500, Loss: 0.6050
[Train] Epoch:  10, Total:  98177, Accuracy : 0.9489, Loss: 0.1479
[Eval] Epoch:  10, Total:   9815, Accuracy : 0.8487, Loss: 0.2095
[Eval] Epoch:  10, Total:   9832, Accuracy : 0.8435, Loss: 0.5349
[Train] Epoch:  11, Total:  98177, Accuracy : 0.9563, Loss: 0.1166
[Eval] Epoch:  11, Total:   9815, Accuracy : 0.8417, Loss: 0.2404
[Eval] Epoch:  11, Total:   9832, Accuracy : 0.8461, Loss: 0.5374
[Train] Epoch:  12, Total:  98177, Accuracy : 0.9652, Loss: 0.0708
[Eval] Epoch:  12, Total:   9815, Accuracy : 0.8440, Loss: 0.1962
[Eval] Epoch:  12, Total:   9832, Accuracy : 0.8438, Loss: 0.5448
[Train] Epoch:  13, Total:  98177, Accuracy : 0.9730, Loss: 0.0160
[Eval] Epoch:  13, Total:   9815, Accuracy : 0.8379, Loss: 0.2452
[Eval] Epoch:  13, Total:   9832, Accuracy : 0.8405, Loss: 0.6293
[Train] Epoch:  14, Total:  98177, Accuracy : 0.9785, Loss: 0.0615
[Eval] Epoch:  14, Total:   9815, Accuracy : 0.8453, Loss: 0.1920
[Eval] Epoch:  14, Total:   9832, Accuracy : 0.8436, Loss: 0.6492
[Train] Epoch:  15, Total:  98177, Accuracy : 0.9828, Loss: 0.0456
[Eval] Epoch:  15, Total:   9815, Accuracy : 0.8472, Loss: 0.2188
[Eval] Epoch:  15, Total:   9832, Accuracy : 0.8454, Loss: 0.7349
[Train] Epoch:  16, Total:  98177, Accuracy : 0.9869, Loss: 0.0381
[Eval] Epoch:  16, Total:   9815, Accuracy : 0.8483, Loss: 0.2419
[Eval] Epoch:  16, Total:   9832, Accuracy : 0.8450, Loss: 0.7866
[Train] Epoch:  17, Total:  98177, Accuracy : 0.9893, Loss: 0.0596
[Eval] Epoch:  17, Total:   9815, Accuracy : 0.8481, Loss: 0.2524
[Eval] Epoch:  17, Total:   9832, Accuracy : 0.8468, Loss: 0.7867
[Train] Epoch:  18, Total:  98177, Accuracy : 0.9912, Loss: 0.0096
[Eval] Epoch:  18, Total:   9815, Accuracy : 0.8471, Loss: 0.2436
[Eval] Epoch:  18, Total:   9832, Accuracy : 0.8464, Loss: 0.8113
[Train] Epoch:  19, Total:  98177, Accuracy : 0.9916, Loss: 0.0742
[Eval] Epoch:  19, Total:   9815, Accuracy : 0.8484, Loss: 0.2559
[Eval] Epoch:  19, Total:   9832, Accuracy : 0.8466, Loss: 0.8137
{"epoch":[1,2,3,4,5,6,7,8,9,10,11,12,13,14,15,16,17,18,19,20],"train_loss":[0.6433297976230582,0.41344831658837694,0.33458845464823145,0.2708016460140546,0.2171589919986824,0.17591775206771368,0.14641229303864142,0.12719676488389572,0.11560999334324151,0.10985764788347296,0.14588587987236679,0.1248990351644655,0.1022338909873118,0.08126313496904913,0.0662301666282777,0.052150603837314215,0.041054241313152794,0.03317425157789936,0.028945507224004057,0.0273546792553437],"eval_loss":[0.4268411902280954,0.403132024483803,0.42310731151165104,0.4559974104930193,0.5046387100831057,0.5392780258105352,0.5757692013031397,0.5873411886202984,0.6114450333974301,0.6178848116825788,0.5564724848820612,0.6089972868943826,0.6330962792420999,0.7192755479079026,0.7233518255062592,0.7939192392887213,0.8549059935105152,0.8783468863902948,0.8980584847621429,0.898391448534452],"train_acc":[0.7134053800788372,0.841561669230064,0.8749809018405533,0.9008525418377012,0.9227721360400094,0.9384580909989101,0.9495604876905996,0.9574543935952412,0.9615694103506931,0.9631991199568127,0.9489086038481518,0.956333968241034,0.9651955142243092,0.9730486773887977,0.978538761624413,0.9828269350255151,0.9868910233557758,0.9893152163948786,0.9911791967568779,0.9916477382686373],"eval_acc":[0.834926769731489,0.8445890968266884,0.8483523189585028,0.8505899104963385,0.8497762408462164,0.8512001627339301,0.8491659886086249,0.8509967453213995,0.8505899104963385,0.849979658258747,0.8434703010577705,0.8461147274206672,0.8437754271765663,0.8405207485760781,0.8435720097640358,0.8454027664768105,0.8449959316517494,0.846826688364524,0.846419853539463,0.8466232709519935]}
[Eval] Epoch:  11, Total:   9815, Accuracy : 0.8484, Loss: 0.2559
9815 8327 33.355574905872345
[Eval] Epoch:  11, Total:   9832, Accuracy : 0.8466, Loss: 0.8137
9832 8324 35.03726649284363
