pruned_1_0.75_model_0
DatasetDict({
    train: Dataset({
        features: ['premise', 'hypothesis', 'label', 'indexes'],
        num_rows: 294525
    })
    validation_matched: Dataset({
        features: ['premise', 'hypothesis', 'label', 'indexes'],
        num_rows: 9815
    })
    validation_mismatched: Dataset({
        features: ['premise', 'hypothesis', 'label', 'indexes'],
        num_rows: 9832
    })
    test_matched: Dataset({
        features: ['premise', 'hypothesis', 'label', 'indexes'],
        num_rows: 0
    })
    test_mismatched: Dataset({
        features: ['premise', 'hypothesis', 'label', 'indexes'],
        num_rows: 0
    })
})
[Train] Epoch:   0, Total: 294525, Accuracy : 0.7904, Loss: 0.3006
[Eval] Epoch:   0, Total:   9815, Accuracy : 0.8535, Loss: 0.2403
[Eval] Epoch:   0, Total:   9832, Accuracy : 0.8532, Loss: 0.3929
[Train] Epoch:   1, Total: 294525, Accuracy : 0.8619, Loss: 0.2657
[Eval] Epoch:   1, Total:   9815, Accuracy : 0.8589, Loss: 0.2052
[Eval] Epoch:   1, Total:   9832, Accuracy : 0.8611, Loss: 0.3863
[Train] Epoch:   2, Total: 294525, Accuracy : 0.8887, Loss: 0.2976
[Eval] Epoch:   2, Total:   9815, Accuracy : 0.8652, Loss: 0.2068
[Eval] Epoch:   2, Total:   9832, Accuracy : 0.8633, Loss: 0.4172
[Train] Epoch:   3, Total: 294525, Accuracy : 0.9099, Loss: 0.1974
[Eval] Epoch:   3, Total:   9815, Accuracy : 0.8625, Loss: 0.1882
[Eval] Epoch:   3, Total:   9832, Accuracy : 0.8645, Loss: 0.3988
[Train] Epoch:   4, Total: 294525, Accuracy : 0.9274, Loss: 0.0665
[Eval] Epoch:   4, Total:   9815, Accuracy : 0.8637, Loss: 0.2145
[Eval] Epoch:   4, Total:   9832, Accuracy : 0.8650, Loss: 0.4364
[Train] Epoch:   5, Total: 294525, Accuracy : 0.9414, Loss: 0.1692
[Eval] Epoch:   5, Total:   9815, Accuracy : 0.8687, Loss: 0.2284
[Eval] Epoch:   5, Total:   9832, Accuracy : 0.8629, Loss: 0.5114
[Train] Epoch:   6, Total: 294525, Accuracy : 0.9509, Loss: 0.1206
[Eval] Epoch:   6, Total:   9815, Accuracy : 0.8631, Loss: 0.2357
[Eval] Epoch:   6, Total:   9832, Accuracy : 0.8610, Loss: 0.5499
[Train] Epoch:   7, Total: 294525, Accuracy : 0.9583, Loss: 0.1525
[Eval] Epoch:   7, Total:   9815, Accuracy : 0.8650, Loss: 0.2579
[Eval] Epoch:   7, Total:   9832, Accuracy : 0.8625, Loss: 0.5284
[Train] Epoch:   8, Total: 294525, Accuracy : 0.9624, Loss: 0.0531
[Eval] Epoch:   8, Total:   9815, Accuracy : 0.8644, Loss: 0.2370
[Eval] Epoch:   8, Total:   9832, Accuracy : 0.8635, Loss: 0.5388
[Train] Epoch:   9, Total: 294525, Accuracy : 0.9644, Loss: 0.2132
[Eval] Epoch:   9, Total:   9815, Accuracy : 0.8651, Loss: 0.2400
[Eval] Epoch:   9, Total:   9832, Accuracy : 0.8635, Loss: 0.5453
[Train] Epoch:  10, Total: 294525, Accuracy : 0.9476, Loss: 0.1530
[Eval] Epoch:  10, Total:   9815, Accuracy : 0.8601, Loss: 0.2573
[Eval] Epoch:  10, Total:   9832, Accuracy : 0.8634, Loss: 0.5439
[Train] Epoch:  11, Total: 294525, Accuracy : 0.9547, Loss: 0.1415
[Eval] Epoch:  11, Total:   9815, Accuracy : 0.8601, Loss: 0.2781
[Eval] Epoch:  11, Total:   9832, Accuracy : 0.8617, Loss: 0.5172
[Train] Epoch:  12, Total: 294525, Accuracy : 0.9633, Loss: 0.1093
[Eval] Epoch:  12, Total:   9815, Accuracy : 0.8579, Loss: 0.2434
[Eval] Epoch:  12, Total:   9832, Accuracy : 0.8637, Loss: 0.5999
[Train] Epoch:  13, Total: 294525, Accuracy : 0.9711, Loss: 0.1404
[Eval] Epoch:  13, Total:   9815, Accuracy : 0.8592, Loss: 0.4058
[Eval] Epoch:  13, Total:   9832, Accuracy : 0.8632, Loss: 0.6325
[Train] Epoch:  14, Total: 294525, Accuracy : 0.9778, Loss: 0.0817
[Eval] Epoch:  14, Total:   9815, Accuracy : 0.8571, Loss: 0.3606
[Eval] Epoch:  14, Total:   9832, Accuracy : 0.8628, Loss: 0.6032
[Train] Epoch:  15, Total: 294525, Accuracy : 0.9825, Loss: 0.0449
[Eval] Epoch:  15, Total:   9815, Accuracy : 0.8589, Loss: 0.3772
[Eval] Epoch:  15, Total:   9832, Accuracy : 0.8638, Loss: 0.6676
[Train] Epoch:  16, Total: 294525, Accuracy : 0.9863, Loss: 0.0453
[Eval] Epoch:  16, Total:   9815, Accuracy : 0.8572, Loss: 0.3701
[Eval] Epoch:  16, Total:   9832, Accuracy : 0.8606, Loss: 0.7701
[Train] Epoch:  17, Total: 294525, Accuracy : 0.9889, Loss: 0.0781
[Eval] Epoch:  17, Total:   9815, Accuracy : 0.8600, Loss: 0.4607
[Eval] Epoch:  17, Total:   9832, Accuracy : 0.8648, Loss: 0.7591
[Train] Epoch:  18, Total: 294525, Accuracy : 0.9906, Loss: 0.0256
[Eval] Epoch:  18, Total:   9815, Accuracy : 0.8591, Loss: 0.4934
[Eval] Epoch:  18, Total:   9832, Accuracy : 0.8646, Loss: 0.7744
[Train] Epoch:  19, Total: 294525, Accuracy : 0.9912, Loss: 0.0183
[Eval] Epoch:  19, Total:   9815, Accuracy : 0.8602, Loss: 0.5010
[Eval] Epoch:  19, Total:   9832, Accuracy : 0.8642, Loss: 0.7793
{"epoch":[1,2,3,4,5,6,7,8,9,10,11,12,13,14,15,16,17,18,19,20],"train_loss":[0.5090914880007272,0.3622362087800335,0.29769483419680576,0.24284854783740487,0.19979979350942823,0.1644983292305656,0.1400718028381221,0.12052805835039693,0.1100483265172182,0.10439493945054548,0.14712863627151238,0.12753206722561325,0.10482601390635314,0.08453484342719139,0.06591619834947933,0.052462947522520655,0.04172514227917216,0.03455032171361103,0.029146975542513328,0.027346241731296975],"eval_loss":[0.3802808255721361,0.3730443062690588,0.39131603103417617,0.40427192930991834,0.42970018050609493,0.46685064221039796,0.5211896155125055,0.5383408421125168,0.5455340559665973,0.5513777029819977,0.5082132281401218,0.5231397342987549,0.5521920468562689,0.5951631840987083,0.6521905171565521,0.6966872788392581,0.7608654697736105,0.7738018043530293,0.8099030500803238,0.8144044830248907],"train_acc":[0.7903573550632375,0.8619438078261608,0.8886919616331381,0.9099023851965028,0.9273610050080638,0.9413632119514472,0.9509107885578474,0.9582616076733724,0.9624106612341906,0.9643663526016467,0.9475528393175452,0.954733893557423,0.9633206009676598,0.9710788557847382,0.9777777777777777,0.9825311942959002,0.9862897886427299,0.9889449112978524,0.9905610729140141,0.9912333418215771],"eval_acc":[0.8532343368592351,0.8610659072416599,0.8633034987794955,0.8645240032546786,0.8650325467860048,0.8628966639544345,0.8609641985353946,0.8624898291293734,0.863506916192026,0.863506916192026,0.8634052074857608,0.8616761594792515,0.8637103336045565,0.8632017900732303,0.8627949552481693,0.8638120423108218,0.8605573637103336,0.8648291293734743,0.8646257119609438,0.8642188771358829]}
[Eval] Epoch:  11, Total:   9815, Accuracy : 0.8602, Loss: 0.5010
9815 8443 31.984489381313324
[Eval] Epoch:  11, Total:   9832, Accuracy : 0.8642, Loss: 0.7793
9832 8497 31.761774837970734
