random_0.3_model_0
DatasetDict({
    train: Dataset({
        features: ['premise', 'hypothesis', 'label', 'indexes'],
        num_rows: 117811
    })
    validation_matched: Dataset({
        features: ['premise', 'hypothesis', 'label', 'indexes'],
        num_rows: 9815
    })
    validation_mismatched: Dataset({
        features: ['premise', 'hypothesis', 'label', 'indexes'],
        num_rows: 9832
    })
    test_matched: Dataset({
        features: ['premise', 'hypothesis', 'label', 'indexes'],
        num_rows: 0
    })
    test_mismatched: Dataset({
        features: ['premise', 'hypothesis', 'label', 'indexes'],
        num_rows: 0
    })
})
[Train] Epoch:   0, Total: 117811, Accuracy : 0.7248, Loss: 0.4983
[Eval] Epoch:   0, Total:   9815, Accuracy : 0.8352, Loss: 0.3377
[Eval] Epoch:   0, Total:   9832, Accuracy : 0.8371, Loss: 0.4619
[Train] Epoch:   1, Total: 117811, Accuracy : 0.8460, Loss: 0.5166
[Eval] Epoch:   1, Total:   9815, Accuracy : 0.8449, Loss: 0.3529
[Eval] Epoch:   1, Total:   9832, Accuracy : 0.8441, Loss: 0.4441
[Train] Epoch:   2, Total: 117811, Accuracy : 0.8779, Loss: 0.3042
[Eval] Epoch:   2, Total:   9815, Accuracy : 0.8377, Loss: 0.2830
[Eval] Epoch:   2, Total:   9832, Accuracy : 0.8393, Loss: 0.4879
[Train] Epoch:   3, Total: 117811, Accuracy : 0.9027, Loss: 0.1991
[Eval] Epoch:   3, Total:   9815, Accuracy : 0.8496, Loss: 0.2938
[Eval] Epoch:   3, Total:   9832, Accuracy : 0.8497, Loss: 0.4441
[Train] Epoch:   4, Total: 117811, Accuracy : 0.9240, Loss: 0.1018
[Eval] Epoch:   4, Total:   9815, Accuracy : 0.8488, Loss: 0.2903
[Eval] Epoch:   4, Total:   9832, Accuracy : 0.8505, Loss: 0.4918
[Train] Epoch:   5, Total: 117811, Accuracy : 0.9383, Loss: 0.0822
[Eval] Epoch:   5, Total:   9815, Accuracy : 0.8502, Loss: 0.3432
[Eval] Epoch:   5, Total:   9832, Accuracy : 0.8496, Loss: 0.5247
[Train] Epoch:   6, Total: 117811, Accuracy : 0.9500, Loss: 0.0956
[Eval] Epoch:   6, Total:   9815, Accuracy : 0.8475, Loss: 0.3637
[Eval] Epoch:   6, Total:   9832, Accuracy : 0.8487, Loss: 0.5346
[Train] Epoch:   7, Total: 117811, Accuracy : 0.9573, Loss: 0.0720
[Eval] Epoch:   7, Total:   9815, Accuracy : 0.8456, Loss: 0.4018
[Eval] Epoch:   7, Total:   9832, Accuracy : 0.8502, Loss: 0.5629
[Train] Epoch:   8, Total: 117811, Accuracy : 0.9617, Loss: 0.0960
[Eval] Epoch:   8, Total:   9815, Accuracy : 0.8468, Loss: 0.4045
[Eval] Epoch:   8, Total:   9832, Accuracy : 0.8500, Loss: 0.5745
[Train] Epoch:   9, Total: 117811, Accuracy : 0.9645, Loss: 0.0466
[Eval] Epoch:   9, Total:   9815, Accuracy : 0.8478, Loss: 0.4155
[Eval] Epoch:   9, Total:   9832, Accuracy : 0.8498, Loss: 0.5783
[Train] Epoch:  10, Total: 117811, Accuracy : 0.9490, Loss: 0.2050
[Eval] Epoch:  10, Total:   9815, Accuracy : 0.8456, Loss: 0.4244
[Eval] Epoch:  10, Total:   9832, Accuracy : 0.8457, Loss: 0.5411
[Train] Epoch:  11, Total: 117811, Accuracy : 0.9566, Loss: 0.0944
[Eval] Epoch:  11, Total:   9815, Accuracy : 0.8486, Loss: 0.4065
[Eval] Epoch:  11, Total:   9832, Accuracy : 0.8441, Loss: 0.6062
[Train] Epoch:  12, Total: 117811, Accuracy : 0.9655, Loss: 0.1789
[Eval] Epoch:  12, Total:   9815, Accuracy : 0.8495, Loss: 0.4605
[Eval] Epoch:  12, Total:   9832, Accuracy : 0.8484, Loss: 0.5355
[Train] Epoch:  13, Total: 117811, Accuracy : 0.9735, Loss: 0.0765
[Eval] Epoch:  13, Total:   9815, Accuracy : 0.8434, Loss: 0.4434
[Eval] Epoch:  13, Total:   9832, Accuracy : 0.8460, Loss: 0.6573
[Train] Epoch:  14, Total: 117811, Accuracy : 0.9788, Loss: 0.0364
[Eval] Epoch:  14, Total:   9815, Accuracy : 0.8474, Loss: 0.5077
[Eval] Epoch:  14, Total:   9832, Accuracy : 0.8467, Loss: 0.6871
[Train] Epoch:  15, Total: 117811, Accuracy : 0.9839, Loss: 0.0058
[Eval] Epoch:  15, Total:   9815, Accuracy : 0.8486, Loss: 0.5660
[Eval] Epoch:  15, Total:   9832, Accuracy : 0.8463, Loss: 0.7501
[Train] Epoch:  16, Total: 117811, Accuracy : 0.9875, Loss: 0.0352
[Eval] Epoch:  16, Total:   9815, Accuracy : 0.8490, Loss: 0.6121
[Eval] Epoch:  16, Total:   9832, Accuracy : 0.8488, Loss: 0.7298
[Train] Epoch:  17, Total: 117811, Accuracy : 0.9896, Loss: 0.0083
[Eval] Epoch:  17, Total:   9815, Accuracy : 0.8464, Loss: 0.5863
[Eval] Epoch:  17, Total:   9832, Accuracy : 0.8470, Loss: 0.7958
[Train] Epoch:  18, Total: 117811, Accuracy : 0.9911, Loss: 0.0079
[Eval] Epoch:  18, Total:   9815, Accuracy : 0.8461, Loss: 0.6171
[Eval] Epoch:  18, Total:   9832, Accuracy : 0.8464, Loss: 0.7956
[Train] Epoch:  19, Total: 117811, Accuracy : 0.9920, Loss: 0.0017
[Eval] Epoch:  19, Total:   9815, Accuracy : 0.8465, Loss: 0.6288
[Eval] Epoch:  19, Total:   9832, Accuracy : 0.8476, Loss: 0.8126
{"epoch":[1,2,3,4,5,6,7,8,9,10,11,12,13,14,15,16,17,18,19,20],"train_loss":[0.621354024024951,0.4029572778694542,0.32517731251142545,0.2643181850038744,0.2108116939890152,0.17280301897748174,0.14208199992097123,0.12306096404790878,0.11268943043954978,0.10616830721853095,0.14424176979607978,0.12495090056073381,0.10092749346023397,0.07912398390714362,0.0640681108556801,0.04987054632738265,0.03990768312290715,0.03309899127896705,0.027979508561027638,0.025258027815356965],"eval_loss":[0.419940132361192,0.40382931935481536,0.46168819528359634,0.4365031680999658,0.49066744706569576,0.5289218448675596,0.5577704608440399,0.5995673980468359,0.6114239425231249,0.612783859937619,0.5850603198393797,0.6119717818040115,0.6236629638916407,0.6866466655181005,0.719760041970473,0.7929202715555826,0.8356003379210447,0.8622792668831654,0.8871982846504602,0.8947565112358484],"train_acc":[0.7247710315675107,0.8460160765972617,0.8779146259687126,0.9027425282868323,0.9239544694468258,0.9383079678468055,0.950004668494453,0.9572535671541706,0.961658928283437,0.9645449066725518,0.9490455050886589,0.9565660252438227,0.9654870937348804,0.9734999278505403,0.9788304996986699,0.9839064263948188,0.9874799466942815,0.9895850132839887,0.9911128841958731,0.9919532131974094],"eval_acc":[0.8370626525630595,0.8440805532953621,0.839300244100895,0.8496745321399511,0.8504882017900732,0.8495728234336859,0.8486574450772986,0.8501830756712775,0.849979658258747,0.8497762408462164,0.8457078925956062,0.8440805532953621,0.8483523189585028,0.8460130187144019,0.8467249796582588,0.8463181448331977,0.8487591537835639,0.8470301057770545,0.846419853539463,0.8476403580146461]}
[Eval] Epoch:  11, Total:   9815, Accuracy : 0.8465, Loss: 0.6288
9815 8308 33.90738296508789
[Eval] Epoch:  11, Total:   9832, Accuracy : 0.8476, Loss: 0.8126
9832 8334 34.89550393819809
