pruned_3_0.03_model_0
DatasetDict({
    train: Dataset({
        features: ['premise', 'hypothesis', 'label', 'indexes'],
        num_rows: 11781
    })
    validation_matched: Dataset({
        features: ['premise', 'hypothesis', 'label', 'indexes'],
        num_rows: 9815
    })
    validation_mismatched: Dataset({
        features: ['premise', 'hypothesis', 'label', 'indexes'],
        num_rows: 9832
    })
    test_matched: Dataset({
        features: ['premise', 'hypothesis', 'label', 'indexes'],
        num_rows: 0
    })
    test_mismatched: Dataset({
        features: ['premise', 'hypothesis', 'label', 'indexes'],
        num_rows: 0
    })
})
[Train] Epoch:   0, Total:  11781, Accuracy : 0.4031, Loss: 1.1467
[Eval] Epoch:   0, Total:   9815, Accuracy : 0.3182, Loss: 1.0947
[Eval] Epoch:   0, Total:   9832, Accuracy : 0.3182, Loss: 1.1070
[Train] Epoch:   1, Total:  11781, Accuracy : 0.4387, Loss: 1.1687
[Eval] Epoch:   1, Total:   9815, Accuracy : 0.5180, Loss: 0.9202
[Eval] Epoch:   1, Total:   9832, Accuracy : 0.5333, Loss: 0.8844
[Train] Epoch:   2, Total:  11781, Accuracy : 0.5844, Loss: 1.1068
[Eval] Epoch:   2, Total:   9815, Accuracy : 0.7548, Loss: 0.6346
[Eval] Epoch:   2, Total:   9832, Accuracy : 0.7667, Loss: 0.6223
[Train] Epoch:   3, Total:  11781, Accuracy : 0.7150, Loss: 0.3337
[Eval] Epoch:   3, Total:   9815, Accuracy : 0.7763, Loss: 0.5507
[Eval] Epoch:   3, Total:   9832, Accuracy : 0.7871, Loss: 0.5184
[Train] Epoch:   4, Total:  11781, Accuracy : 0.7715, Loss: 0.1121
[Eval] Epoch:   4, Total:   9815, Accuracy : 0.7985, Loss: 0.5287
[Eval] Epoch:   4, Total:   9832, Accuracy : 0.8061, Loss: 0.5146
[Train] Epoch:   5, Total:  11781, Accuracy : 0.8193, Loss: 2.0488
[Eval] Epoch:   5, Total:   9815, Accuracy : 0.7981, Loss: 0.5273
[Eval] Epoch:   5, Total:   9832, Accuracy : 0.8043, Loss: 0.5137
[Train] Epoch:   6, Total:  11781, Accuracy : 0.8487, Loss: 0.6715
[Eval] Epoch:   6, Total:   9815, Accuracy : 0.8012, Loss: 0.4663
[Eval] Epoch:   6, Total:   9832, Accuracy : 0.8073, Loss: 0.5208
[Train] Epoch:   7, Total:  11781, Accuracy : 0.8639, Loss: 0.2626
[Eval] Epoch:   7, Total:   9815, Accuracy : 0.8006, Loss: 0.4965
[Eval] Epoch:   7, Total:   9832, Accuracy : 0.8106, Loss: 0.5336
[Train] Epoch:   8, Total:  11781, Accuracy : 0.8745, Loss: 0.0952
[Eval] Epoch:   8, Total:   9815, Accuracy : 0.8012, Loss: 0.4896
[Eval] Epoch:   8, Total:   9832, Accuracy : 0.8110, Loss: 0.5374
[Train] Epoch:   9, Total:  11781, Accuracy : 0.8821, Loss: 0.2788
[Eval] Epoch:   9, Total:   9815, Accuracy : 0.8007, Loss: 0.4876
[Eval] Epoch:   9, Total:   9832, Accuracy : 0.8104, Loss: 0.5413
[Train] Epoch:  10, Total:  11781, Accuracy : 0.8776, Loss: 0.6968
[Eval] Epoch:  10, Total:   9815, Accuracy : 0.7966, Loss: 0.4640
[Eval] Epoch:  10, Total:   9832, Accuracy : 0.8019, Loss: 0.5656
[Train] Epoch:  11, Total:  11781, Accuracy : 0.8854, Loss: 0.1521
[Eval] Epoch:  11, Total:   9815, Accuracy : 0.7903, Loss: 0.5450
[Eval] Epoch:  11, Total:   9832, Accuracy : 0.7988, Loss: 0.5363
[Train] Epoch:  12, Total:  11781, Accuracy : 0.9099, Loss: 0.3946
[Eval] Epoch:  12, Total:   9815, Accuracy : 0.8019, Loss: 0.5285
[Eval] Epoch:  12, Total:   9832, Accuracy : 0.8097, Loss: 0.6074
[Train] Epoch:  13, Total:  11781, Accuracy : 0.9292, Loss: 0.2778
[Eval] Epoch:  13, Total:   9815, Accuracy : 0.8020, Loss: 0.5291
[Eval] Epoch:  13, Total:   9832, Accuracy : 0.8070, Loss: 0.7190
[Train] Epoch:  14, Total:  11781, Accuracy : 0.9438, Loss: 0.0352
[Eval] Epoch:  14, Total:   9815, Accuracy : 0.7999, Loss: 0.5787
[Eval] Epoch:  14, Total:   9832, Accuracy : 0.8074, Loss: 0.6858
[Train] Epoch:  15, Total:  11781, Accuracy : 0.9551, Loss: 0.0079
[Eval] Epoch:  15, Total:   9815, Accuracy : 0.8005, Loss: 0.5590
[Eval] Epoch:  15, Total:   9832, Accuracy : 0.8056, Loss: 0.7606
[Train] Epoch:  16, Total:  11781, Accuracy : 0.9638, Loss: 0.0259
[Eval] Epoch:  16, Total:   9815, Accuracy : 0.7987, Loss: 0.5743
[Eval] Epoch:  16, Total:   9832, Accuracy : 0.8050, Loss: 0.7874
[Train] Epoch:  17, Total:  11781, Accuracy : 0.9671, Loss: 0.0112
[Eval] Epoch:  17, Total:   9815, Accuracy : 0.7975, Loss: 0.6518
[Eval] Epoch:  17, Total:   9832, Accuracy : 0.8063, Loss: 0.7565
[Train] Epoch:  18, Total:  11781, Accuracy : 0.9725, Loss: 0.0861
[Eval] Epoch:  18, Total:   9815, Accuracy : 0.8008, Loss: 0.6454
[Eval] Epoch:  18, Total:   9832, Accuracy : 0.8059, Loss: 0.7808
[Train] Epoch:  19, Total:  11781, Accuracy : 0.9738, Loss: 0.2609
[Eval] Epoch:  19, Total:   9815, Accuracy : 0.8001, Loss: 0.6390
[Eval] Epoch:  19, Total:   9832, Accuracy : 0.8057, Loss: 0.7754
{"epoch":[1,2,3,4,5,6,7,8,9,10,11,12,13,14,15,16,17,18,19,20],"train_loss":[1.0910507998567947,1.0639226931206724,0.9004675111872085,0.6908879368863208,0.5761607379672375,0.5177070295557062,0.42857901086198524,0.3735436372300412,0.3447235053841104,0.339915432828538,0.34861746937670607,0.3206390358032064,0.2644208352616493,0.2116544985390724,0.1613514724564045,0.13872757724466475,0.10996425445092485,0.09869480570976405,0.09057882317203156,0.08993132880076449],"eval_loss":[1.1079889902701745,0.940554386530167,0.6167631470240079,0.5616155885733091,0.5219620282833393,0.5342270174087622,0.5409931311240563,0.5542664497326582,0.5617475127562498,0.5657549080176231,0.5990500778723986,0.6257333770776407,0.6351217390635074,0.6716361725941683,0.7304210830957462,0.7614006583507245,0.7925280133883158,0.7943672843468494,0.8004465943727738,0.8029093711804121],"train_acc":[0.4031066972243443,0.43867243867243866,0.5844155844155844,0.7150496562261268,0.7714964773788303,0.8192852898735251,0.8486546133604957,0.8639334521687463,0.8744588744588745,0.8820982938629998,0.8775995246583482,0.8854087089381207,0.9098548510313216,0.9292080468551057,0.9438078261607673,0.955097190391308,0.9638400814871403,0.9670656141244377,0.972498090145149,0.9737713267125032],"eval_acc":[0.318246541903987,0.5332587469487388,0.766680227827502,0.7871236777868186,0.8061432058584215,0.8043124491456468,0.8072620016273393,0.8106183889340928,0.8110252237591538,0.8104149715215623,0.8018714401952807,0.798820179007323,0.8097030105777054,0.8069568755085436,0.8073637103336045,0.8056346623270952,0.8050244100895037,0.806346623270952,0.805939788445891,0.8057363710333605]}
[Eval] Epoch:  11, Total:   9815, Accuracy : 0.8001, Loss: 0.6390
9815 7853 31.81043040752411
[Eval] Epoch:  11, Total:   9832, Accuracy : 0.8057, Loss: 0.7754
9832 7922 31.313465476036072
