pruned_2_0.05_model_0
DatasetDict({
    train: Dataset({
        features: ['premise', 'hypothesis', 'label', 'indexes'],
        num_rows: 19635
    })
    validation_matched: Dataset({
        features: ['premise', 'hypothesis', 'label', 'indexes'],
        num_rows: 9815
    })
    validation_mismatched: Dataset({
        features: ['premise', 'hypothesis', 'label', 'indexes'],
        num_rows: 9832
    })
    test_matched: Dataset({
        features: ['premise', 'hypothesis', 'label', 'indexes'],
        num_rows: 0
    })
    test_mismatched: Dataset({
        features: ['premise', 'hypothesis', 'label', 'indexes'],
        num_rows: 0
    })
})
[Train] Epoch:   0, Total:  19635, Accuracy : 0.6670, Loss: 0.2177
[Eval] Epoch:   0, Total:   9815, Accuracy : 0.5584, Loss: 1.2277
[Eval] Epoch:   0, Total:   9832, Accuracy : 0.5673, Loss: 1.0581
[Train] Epoch:   1, Total:  19635, Accuracy : 0.9513, Loss: 0.0743
[Eval] Epoch:   1, Total:   9815, Accuracy : 0.7028, Loss: 0.8447
[Eval] Epoch:   1, Total:   9832, Accuracy : 0.7245, Loss: 0.9794
[Train] Epoch:   2, Total:  19635, Accuracy : 0.9665, Loss: 0.1264
[Eval] Epoch:   2, Total:   9815, Accuracy : 0.7413, Loss: 0.9212
[Eval] Epoch:   2, Total:   9832, Accuracy : 0.7554, Loss: 0.9873
[Train] Epoch:   3, Total:  19635, Accuracy : 0.9735, Loss: 0.1386
[Eval] Epoch:   3, Total:   9815, Accuracy : 0.7573, Loss: 0.7856
[Eval] Epoch:   3, Total:   9832, Accuracy : 0.7687, Loss: 1.0182
[Train] Epoch:   4, Total:  19635, Accuracy : 0.9783, Loss: 0.0613
[Eval] Epoch:   4, Total:   9815, Accuracy : 0.7548, Loss: 0.7746
[Eval] Epoch:   4, Total:   9832, Accuracy : 0.7658, Loss: 1.0125
[Train] Epoch:   5, Total:  19635, Accuracy : 0.9829, Loss: 0.0190
[Eval] Epoch:   5, Total:   9815, Accuracy : 0.7516, Loss: 0.7839
[Eval] Epoch:   5, Total:   9832, Accuracy : 0.7635, Loss: 1.0587
[Train] Epoch:   6, Total:  19635, Accuracy : 0.9864, Loss: 0.0115
[Eval] Epoch:   6, Total:   9815, Accuracy : 0.7504, Loss: 0.8627
[Eval] Epoch:   6, Total:   9832, Accuracy : 0.7587, Loss: 1.0676
[Train] Epoch:   7, Total:  19635, Accuracy : 0.9900, Loss: 0.0778
[Eval] Epoch:   7, Total:   9815, Accuracy : 0.7524, Loss: 0.7737
[Eval] Epoch:   7, Total:   9832, Accuracy : 0.7630, Loss: 1.0654
[Train] Epoch:   8, Total:  19635, Accuracy : 0.9914, Loss: 0.0387
[Eval] Epoch:   8, Total:   9815, Accuracy : 0.7501, Loss: 0.8262
[Eval] Epoch:   8, Total:   9832, Accuracy : 0.7597, Loss: 1.0902
[Train] Epoch:   9, Total:  19635, Accuracy : 0.9927, Loss: 0.0252
[Eval] Epoch:   9, Total:   9815, Accuracy : 0.7504, Loss: 0.8214
[Eval] Epoch:   9, Total:   9832, Accuracy : 0.7604, Loss: 1.0808
[Train] Epoch:  10, Total:  19635, Accuracy : 0.9896, Loss: 0.0564
[Eval] Epoch:  10, Total:   9815, Accuracy : 0.7423, Loss: 0.8582
[Eval] Epoch:  10, Total:   9832, Accuracy : 0.7545, Loss: 1.0835
[Train] Epoch:  11, Total:  19635, Accuracy : 0.9897, Loss: 0.0524
[Eval] Epoch:  11, Total:   9815, Accuracy : 0.7373, Loss: 0.8670
[Eval] Epoch:  11, Total:   9832, Accuracy : 0.7505, Loss: 1.1372
[Train] Epoch:  12, Total:  19635, Accuracy : 0.9911, Loss: 0.0484
[Eval] Epoch:  12, Total:   9815, Accuracy : 0.7321, Loss: 1.2292
[Eval] Epoch:  12, Total:   9832, Accuracy : 0.7457, Loss: 1.2517
[Train] Epoch:  13, Total:  19635, Accuracy : 0.9928, Loss: 0.0094
[Eval] Epoch:  13, Total:   9815, Accuracy : 0.7425, Loss: 0.9312
[Eval] Epoch:  13, Total:   9832, Accuracy : 0.7549, Loss: 1.2787
[Train] Epoch:  14, Total:  19635, Accuracy : 0.9942, Loss: 0.0661
[Eval] Epoch:  14, Total:   9815, Accuracy : 0.7397, Loss: 1.0695
[Eval] Epoch:  14, Total:   9832, Accuracy : 0.7522, Loss: 1.1689
[Train] Epoch:  15, Total:  19635, Accuracy : 0.9957, Loss: 0.0834
[Eval] Epoch:  15, Total:   9815, Accuracy : 0.7543, Loss: 0.7556
[Eval] Epoch:  15, Total:   9832, Accuracy : 0.7664, Loss: 1.0620
[Train] Epoch:  16, Total:  19635, Accuracy : 0.9965, Loss: 0.0021
[Eval] Epoch:  16, Total:   9815, Accuracy : 0.7530, Loss: 0.8290
[Eval] Epoch:  16, Total:   9832, Accuracy : 0.7648, Loss: 1.2015
[Train] Epoch:  17, Total:  19635, Accuracy : 0.9970, Loss: 0.0395
[Eval] Epoch:  17, Total:   9815, Accuracy : 0.7509, Loss: 0.8084
[Eval] Epoch:  17, Total:   9832, Accuracy : 0.7638, Loss: 1.2351
[Train] Epoch:  18, Total:  19635, Accuracy : 0.9977, Loss: 0.0014
[Eval] Epoch:  18, Total:   9815, Accuracy : 0.7459, Loss: 1.0638
[Eval] Epoch:  18, Total:   9832, Accuracy : 0.7595, Loss: 1.2958
[Train] Epoch:  19, Total:  19635, Accuracy : 0.9978, Loss: 0.0013
[Eval] Epoch:  19, Total:   9815, Accuracy : 0.7502, Loss: 0.9987
[Eval] Epoch:  19, Total:   9832, Accuracy : 0.7644, Loss: 1.2811
{"epoch":[1,2,3,4,5,6,7,8,9,10,11,12,13,14,15,16,17,18,19,20],"train_loss":[0.6879702734869796,0.14168944819407028,0.10124012440830082,0.08474043023760443,0.07122625605287877,0.05988155162663429,0.04793635614264708,0.03986260434007877,0.0359133308354233,0.03346790598898933,0.041914805255878665,0.040601584709600194,0.035004885782572354,0.03035240539639898,0.024190663751638072,0.0197164350667025,0.014873281084968671,0.013121929760514335,0.009506897975134288,0.009588300229304215],"eval_loss":[1.0374653996565404,0.893057399835342,0.8371690893784548,0.853524237107008,0.8741847995000008,0.9254086032891885,0.9716757199703119,0.9729850032390692,1.009078907660949,1.017429021688608,1.0127588143715491,1.0963050830058563,1.1585786174505184,1.1648881496527257,1.1544609406055548,1.1602568259605994,1.1891292899082868,1.224343703343318,1.2584556677402594,1.2490744239244707],"train_acc":[0.6669722434428317,0.9513114336643749,0.966488413547237,0.9735166793990323,0.9783040488922842,0.9828877005347594,0.9863509039979628,0.9899668958492488,0.9914438502673797,0.9926661573720397,0.9895594601476955,0.989712248535778,0.9911382734912146,0.9927680162974281,0.9941940412528648,0.9957219251336898,0.9964858670741024,0.9969951617010441,0.9977081741787625,0.9977591036414566],"eval_acc":[0.5673311635475997,0.7244711147274207,0.7553905614320586,0.7687144019528072,0.7657648494711147,0.7635272579332791,0.758746948738812,0.7630187144019528,0.7596623270951993,0.7603742880390562,0.7544751830756713,0.7505085435313262,0.7457282343368592,0.7548820179007323,0.7522375915378356,0.7663751017087063,0.7648494711147275,0.7638323840520749,0.7594589096826688,0.7644426362896664]}
[Eval] Epoch:  11, Total:   9815, Accuracy : 0.7502, Loss: 0.9987
9815 7363 49.961452066898346
[Eval] Epoch:  11, Total:   9832, Accuracy : 0.7644, Loss: 1.2811
9832 7516 48.71390253305435
