random_0.01_model_0
DatasetDict({
    train: Dataset({
        features: ['premise', 'hypothesis', 'label', 'indexes'],
        num_rows: 3927
    })
    validation_matched: Dataset({
        features: ['premise', 'hypothesis', 'label', 'indexes'],
        num_rows: 9815
    })
    validation_mismatched: Dataset({
        features: ['premise', 'hypothesis', 'label', 'indexes'],
        num_rows: 9832
    })
    test_matched: Dataset({
        features: ['premise', 'hypothesis', 'label', 'indexes'],
        num_rows: 0
    })
    test_mismatched: Dataset({
        features: ['premise', 'hypothesis', 'label', 'indexes'],
        num_rows: 0
    })
})
[Train] Epoch:   0, Total:   3927, Accuracy : 0.3295, Loss: 1.0913
[Eval] Epoch:   0, Total:   9815, Accuracy : 0.3298, Loss: 1.0976
[Eval] Epoch:   0, Total:   9832, Accuracy : 0.3407, Loss: 1.0981
[Train] Epoch:   1, Total:   3927, Accuracy : 0.3412, Loss: 1.0912
[Eval] Epoch:   1, Total:   9815, Accuracy : 0.3710, Loss: 1.0967
[Eval] Epoch:   1, Total:   9832, Accuracy : 0.3717, Loss: 1.0972
[Train] Epoch:   2, Total:   3927, Accuracy : 0.4143, Loss: 1.0636
[Eval] Epoch:   2, Total:   9815, Accuracy : 0.5266, Loss: 1.0556
[Eval] Epoch:   2, Total:   9832, Accuracy : 0.5367, Loss: 1.0244
[Train] Epoch:   3, Total:   3927, Accuracy : 0.5584, Loss: 0.8087
[Eval] Epoch:   3, Total:   9815, Accuracy : 0.6473, Loss: 0.6966
[Eval] Epoch:   3, Total:   9832, Accuracy : 0.6656, Loss: 0.7375
[Train] Epoch:   4, Total:   3927, Accuracy : 0.7079, Loss: 0.6596
[Eval] Epoch:   4, Total:   9815, Accuracy : 0.7207, Loss: 0.6270
[Eval] Epoch:   4, Total:   9832, Accuracy : 0.7308, Loss: 0.5968
[Train] Epoch:   5, Total:   3927, Accuracy : 0.7802, Loss: 0.5604
[Eval] Epoch:   5, Total:   9815, Accuracy : 0.7496, Loss: 0.5877
[Eval] Epoch:   5, Total:   9832, Accuracy : 0.7580, Loss: 0.5334
[Train] Epoch:   6, Total:   3927, Accuracy : 0.8314, Loss: 0.5298
[Eval] Epoch:   6, Total:   9815, Accuracy : 0.7600, Loss: 0.5722
[Eval] Epoch:   6, Total:   9832, Accuracy : 0.7659, Loss: 0.5400
[Train] Epoch:   7, Total:   3927, Accuracy : 0.8686, Loss: 0.4353
[Eval] Epoch:   7, Total:   9815, Accuracy : 0.7655, Loss: 0.5521
[Eval] Epoch:   7, Total:   9832, Accuracy : 0.7691, Loss: 0.5672
[Train] Epoch:   8, Total:   3927, Accuracy : 0.8887, Loss: 0.3414
[Eval] Epoch:   8, Total:   9815, Accuracy : 0.7682, Loss: 0.5494
[Eval] Epoch:   8, Total:   9832, Accuracy : 0.7694, Loss: 0.5719
[Train] Epoch:   9, Total:   3927, Accuracy : 0.9004, Loss: 0.3270
[Eval] Epoch:   9, Total:   9815, Accuracy : 0.7657, Loss: 0.5837
[Eval] Epoch:   9, Total:   9832, Accuracy : 0.7701, Loss: 0.5795
[Train] Epoch:  10, Total:   3927, Accuracy : 0.9104, Loss: 0.3675
[Eval] Epoch:  10, Total:   9815, Accuracy : 0.7692, Loss: 0.5651
[Eval] Epoch:  10, Total:   9832, Accuracy : 0.7678, Loss: 0.5735
[Train] Epoch:  11, Total:   3927, Accuracy : 0.8958, Loss: 0.2193
[Eval] Epoch:  11, Total:   9815, Accuracy : 0.7468, Loss: 0.5477
[Eval] Epoch:  11, Total:   9832, Accuracy : 0.7583, Loss: 0.6226
[Train] Epoch:  12, Total:   3927, Accuracy : 0.9004, Loss: 0.3109
[Eval] Epoch:  12, Total:   9815, Accuracy : 0.7658, Loss: 0.6304
[Eval] Epoch:  12, Total:   9832, Accuracy : 0.7688, Loss: 0.6600
[Train] Epoch:  13, Total:   3927, Accuracy : 0.9346, Loss: 0.1730
[Eval] Epoch:  13, Total:   9815, Accuracy : 0.7643, Loss: 0.6317
[Eval] Epoch:  13, Total:   9832, Accuracy : 0.7662, Loss: 0.5843
[Train] Epoch:  14, Total:   3927, Accuracy : 0.9458, Loss: 0.1320
[Eval] Epoch:  14, Total:   9815, Accuracy : 0.7660, Loss: 0.6184
[Eval] Epoch:  14, Total:   9832, Accuracy : 0.7669, Loss: 0.7414
[Train] Epoch:  15, Total:   3927, Accuracy : 0.9572, Loss: 0.1707
[Eval] Epoch:  15, Total:   9815, Accuracy : 0.7633, Loss: 0.7365
[Eval] Epoch:  15, Total:   9832, Accuracy : 0.7673, Loss: 0.7262
[Train] Epoch:  16, Total:   3927, Accuracy : 0.9633, Loss: 0.0859
[Eval] Epoch:  16, Total:   9815, Accuracy : 0.7704, Loss: 0.7009
[Eval] Epoch:  16, Total:   9832, Accuracy : 0.7721, Loss: 0.6995
[Train] Epoch:  17, Total:   3927, Accuracy : 0.9692, Loss: 0.0955
[Eval] Epoch:  17, Total:   9815, Accuracy : 0.7728, Loss: 0.6489
[Eval] Epoch:  17, Total:   9832, Accuracy : 0.7719, Loss: 0.7213
[Train] Epoch:  18, Total:   3927, Accuracy : 0.9738, Loss: 0.0927
[Eval] Epoch:  18, Total:   9815, Accuracy : 0.7712, Loss: 0.6623
[Eval] Epoch:  18, Total:   9832, Accuracy : 0.7740, Loss: 0.7472
[Train] Epoch:  19, Total:   3927, Accuracy : 0.9784, Loss: 0.0652
[Eval] Epoch:  19, Total:   9815, Accuracy : 0.7717, Loss: 0.6530
[Eval] Epoch:  19, Total:   9832, Accuracy : 0.7729, Loss: 0.7403
{"epoch":[1,2,3,4,5,6,7,8,9,10,11,12,13,14,15,16,17,18,19,20],"train_loss":[1.0991661548614502,1.0990395545959473,1.0862535163760185,0.9423063695430756,0.7230210676789284,0.5750025063753128,0.4665951021015644,0.38357600942254066,0.32840416952967644,0.29921596031636,0.2874186187982559,0.31306695844978094,0.2915794299915433,0.21148447133600712,0.17586372001096606,0.14408774441108108,0.12635933235287666,0.10429809521883726,0.09990531532093883,0.09124340326525271],"eval_loss":[1.0987901106858864,1.0980449517567952,1.0255015568855481,0.8109739575630579,0.6748223824378772,0.6201115602102035,0.6222402117191217,0.6368365402405078,0.6464041150533236,0.661651883369837,0.6615909322714194,0.7403716322703239,0.744411540337098,0.7252062299312689,0.8061829774807661,0.8194893461007339,0.8169285639738425,0.8370700157605685,0.8493623290306482,0.8459884707744305],"train_acc":[0.3295136236312707,0.34122740005092944,0.4143111790170614,0.5584415584415584,0.7079195314489433,0.7802393684746626,0.831423478482302,0.868601986249045,0.8887191240132417,0.9004329004329005,0.9103641456582633,0.8958492487904253,0.9004329004329005,0.9345556404379933,0.9457601222307105,0.9572192513368984,0.9633307868601986,0.969187675070028,0.9737713267125032,0.9783549783549783],"eval_acc":[0.3407241659886086,0.3717453213995118,0.5367168429617575,0.6655817737998373,0.7307770545158666,0.7580349877949553,0.76586655817738,0.7691212367778681,0.769426362896664,0.7701383238405207,0.7677990235964198,0.758340113913751,0.7688161106590724,0.7661716842961758,0.7668836452400325,0.7672904800650936,0.7720707892595606,0.7718673718470301,0.7740032546786005,0.7728844589096827]}
[Eval] Epoch:  11, Total:   9815, Accuracy : 0.7717, Loss: 0.6530
9815 7574 32.87669485807419
[Eval] Epoch:  11, Total:   9832, Accuracy : 0.7729, Loss: 0.7403
9832 7599 32.99355036020279
