random_0.03_model_0
DatasetDict({
    train: Dataset({
        features: ['premise', 'hypothesis', 'label', 'indexes'],
        num_rows: 11781
    })
    validation_matched: Dataset({
        features: ['premise', 'hypothesis', 'label', 'indexes'],
        num_rows: 9815
    })
    validation_mismatched: Dataset({
        features: ['premise', 'hypothesis', 'label', 'indexes'],
        num_rows: 9832
    })
    test_matched: Dataset({
        features: ['premise', 'hypothesis', 'label', 'indexes'],
        num_rows: 0
    })
    test_mismatched: Dataset({
        features: ['premise', 'hypothesis', 'label', 'indexes'],
        num_rows: 0
    })
})
[Train] Epoch:   0, Total:  11781, Accuracy : 0.3731, Loss: 1.0981
[Eval] Epoch:   0, Total:   9815, Accuracy : 0.4803, Loss: 1.1842
[Eval] Epoch:   0, Total:   9832, Accuracy : 0.4865, Loss: 1.1172
[Train] Epoch:   1, Total:  11781, Accuracy : 0.6634, Loss: 1.1585
[Eval] Epoch:   1, Total:   9815, Accuracy : 0.7659, Loss: 0.5058
[Eval] Epoch:   1, Total:   9832, Accuracy : 0.7749, Loss: 0.5622
[Train] Epoch:   2, Total:  11781, Accuracy : 0.7898, Loss: 0.1786
[Eval] Epoch:   2, Total:   9815, Accuracy : 0.7943, Loss: 0.5195
[Eval] Epoch:   2, Total:   9832, Accuracy : 0.8018, Loss: 0.5194
[Train] Epoch:   3, Total:  11781, Accuracy : 0.8448, Loss: 0.2925
[Eval] Epoch:   3, Total:   9815, Accuracy : 0.8004, Loss: 0.4540
[Eval] Epoch:   3, Total:   9832, Accuracy : 0.8043, Loss: 0.5351
[Train] Epoch:   4, Total:  11781, Accuracy : 0.8809, Loss: 0.2725
[Eval] Epoch:   4, Total:   9815, Accuracy : 0.8080, Loss: 0.4673
[Eval] Epoch:   4, Total:   9832, Accuracy : 0.8134, Loss: 0.5430
[Train] Epoch:   5, Total:  11781, Accuracy : 0.9063, Loss: 0.2283
[Eval] Epoch:   5, Total:   9815, Accuracy : 0.8119, Loss: 0.5003
[Eval] Epoch:   5, Total:   9832, Accuracy : 0.8135, Loss: 0.5625
[Train] Epoch:   6, Total:  11781, Accuracy : 0.9258, Loss: 0.2001
[Eval] Epoch:   6, Total:   9815, Accuracy : 0.8096, Loss: 0.4885
[Eval] Epoch:   6, Total:   9832, Accuracy : 0.8145, Loss: 0.6211
[Train] Epoch:   7, Total:  11781, Accuracy : 0.9385, Loss: 0.0741
[Eval] Epoch:   7, Total:   9815, Accuracy : 0.8124, Loss: 0.4948
[Eval] Epoch:   7, Total:   9832, Accuracy : 0.8174, Loss: 0.6343
[Train] Epoch:   8, Total:  11781, Accuracy : 0.9436, Loss: 0.0501
[Eval] Epoch:   8, Total:   9815, Accuracy : 0.8124, Loss: 0.4792
[Eval] Epoch:   8, Total:   9832, Accuracy : 0.8164, Loss: 0.6354
[Train] Epoch:   9, Total:  11781, Accuracy : 0.9475, Loss: 0.0284
[Eval] Epoch:   9, Total:   9815, Accuracy : 0.8129, Loss: 0.4944
[Eval] Epoch:   9, Total:   9832, Accuracy : 0.8168, Loss: 0.6394
[Train] Epoch:  10, Total:  11781, Accuracy : 0.9422, Loss: 0.1726
[Eval] Epoch:  10, Total:   9815, Accuracy : 0.7978, Loss: 0.5835
[Eval] Epoch:  10, Total:   9832, Accuracy : 0.8010, Loss: 0.6736
[Train] Epoch:  11, Total:  11781, Accuracy : 0.9450, Loss: 0.0140
[Eval] Epoch:  11, Total:   9815, Accuracy : 0.7965, Loss: 0.5400
[Eval] Epoch:  11, Total:   9832, Accuracy : 0.8035, Loss: 0.7200
[Train] Epoch:  12, Total:  11781, Accuracy : 0.9531, Loss: 0.3390
[Eval] Epoch:  12, Total:   9815, Accuracy : 0.8039, Loss: 0.6658
[Eval] Epoch:  12, Total:   9832, Accuracy : 0.8115, Loss: 0.7822
[Train] Epoch:  13, Total:  11781, Accuracy : 0.9658, Loss: 0.0517
[Eval] Epoch:  13, Total:   9815, Accuracy : 0.8056, Loss: 0.7146
[Eval] Epoch:  13, Total:   9832, Accuracy : 0.8077, Loss: 0.7951
[Train] Epoch:  14, Total:  11781, Accuracy : 0.9700, Loss: 0.0117
[Eval] Epoch:  14, Total:   9815, Accuracy : 0.8083, Loss: 0.7615
[Eval] Epoch:  14, Total:   9832, Accuracy : 0.8144, Loss: 0.8692
[Train] Epoch:  15, Total:  11781, Accuracy : 0.9784, Loss: 0.0036
[Eval] Epoch:  15, Total:   9815, Accuracy : 0.8080, Loss: 0.6832
[Eval] Epoch:  15, Total:   9832, Accuracy : 0.8120, Loss: 0.8687
[Train] Epoch:  16, Total:  11781, Accuracy : 0.9829, Loss: 0.0055
[Eval] Epoch:  16, Total:   9815, Accuracy : 0.8107, Loss: 0.7709
[Eval] Epoch:  16, Total:   9832, Accuracy : 0.8139, Loss: 0.8645
[Train] Epoch:  17, Total:  11781, Accuracy : 0.9865, Loss: 0.0036
[Eval] Epoch:  17, Total:   9815, Accuracy : 0.8093, Loss: 0.8378
[Eval] Epoch:  17, Total:   9832, Accuracy : 0.8146, Loss: 0.9047
[Train] Epoch:  18, Total:  11781, Accuracy : 0.9896, Loss: 0.0119
[Eval] Epoch:  18, Total:   9815, Accuracy : 0.8104, Loss: 0.8164
[Eval] Epoch:  18, Total:   9832, Accuracy : 0.8176, Loss: 0.9364
[Train] Epoch:  19, Total:  11781, Accuracy : 0.9914, Loss: 0.0022
[Eval] Epoch:  19, Total:   9815, Accuracy : 0.8102, Loss: 0.8454
[Eval] Epoch:  19, Total:   9832, Accuracy : 0.8171, Loss: 0.9232
{"epoch":[1,2,3,4,5,6,7,8,9,10,11,12,13,14,15,16,17,18,19,20],"train_loss":[1.0932434721195952,0.8080524650025875,0.5453567647553504,0.4246938127152463,0.34788244328600293,0.2778921897741074,0.22913838732749858,0.19590247898025714,0.17593839320730656,0.1670207052313267,0.17907421972523344,0.16901799126904696,0.14818194603666346,0.10566382974069169,0.09355515776638021,0.07017396491001103,0.05358286120710855,0.04366593523585099,0.036348781865486436,0.03264594859780466],"eval_loss":[1.1007306789740539,0.5718933993425125,0.5169792305200528,0.5216417618286915,0.5301952629517286,0.5644495173906668,0.6038749248553545,0.6203069343016698,0.6257905532152225,0.6279438229707571,0.6892029986931727,0.7127278340168488,0.7311732509197333,0.781509518623352,0.7865512095964872,0.8172168777539179,0.8624511116590255,0.8867618854229267,0.8917821355355091,0.8933919102717669],"train_acc":[0.3730583142347848,0.6633562515915458,0.789831083948731,0.8448349036584331,0.8809099397334691,0.9062897886427298,0.9258127493421611,0.9385451150157033,0.9435531788472965,0.9475426534250063,0.9421950598421187,0.944996180290298,0.953144894321365,0.9657923775570835,0.9700364994482642,0.978439860792802,0.98285374755963,0.9865036923860453,0.9895594601476955,0.991426873779815],"eval_acc":[0.4864727420667209,0.7749186330349878,0.8017697314890154,0.8043124491456468,0.8133645240032547,0.8134662327095199,0.8144833197721725,0.817432872253865,0.8164157851912124,0.8168226200162734,0.8009560618388935,0.8034987794955248,0.8115337672904801,0.8076688364524003,0.8143816110659072,0.8120423108218063,0.813873067534581,0.8145850284784377,0.8176362896663955,0.8171277461350691]}
[Eval] Epoch:  11, Total:   9815, Accuracy : 0.8102, Loss: 0.8454
9815 7952 34.887890696525574
[Eval] Epoch:  11, Total:   9832, Accuracy : 0.8171, Loss: 0.9232
9832 8034 34.84228450059891
