random_0.02_model_0
DatasetDict({
    train: Dataset({
        features: ['premise', 'hypothesis', 'label', 'indexes'],
        num_rows: 7854
    })
    validation_matched: Dataset({
        features: ['premise', 'hypothesis', 'label', 'indexes'],
        num_rows: 9815
    })
    validation_mismatched: Dataset({
        features: ['premise', 'hypothesis', 'label', 'indexes'],
        num_rows: 9832
    })
    test_matched: Dataset({
        features: ['premise', 'hypothesis', 'label', 'indexes'],
        num_rows: 0
    })
    test_mismatched: Dataset({
        features: ['premise', 'hypothesis', 'label', 'indexes'],
        num_rows: 0
    })
})
[Train] Epoch:   0, Total:   7854, Accuracy : 0.3364, Loss: 1.0968
[Eval] Epoch:   0, Total:   9815, Accuracy : 0.3594, Loss: 1.0994
[Eval] Epoch:   0, Total:   9832, Accuracy : 0.3620, Loss: 1.0965
[Train] Epoch:   1, Total:   7854, Accuracy : 0.4826, Loss: 0.8333
[Eval] Epoch:   1, Total:   9815, Accuracy : 0.6633, Loss: 0.7291
[Eval] Epoch:   1, Total:   9832, Accuracy : 0.6821, Loss: 0.7195
[Train] Epoch:   2, Total:   7854, Accuracy : 0.7163, Loss: 0.6053
[Eval] Epoch:   2, Total:   9815, Accuracy : 0.7659, Loss: 0.6112
[Eval] Epoch:   2, Total:   9832, Accuracy : 0.7718, Loss: 0.5715
[Train] Epoch:   3, Total:   7854, Accuracy : 0.8014, Loss: 0.5014
[Eval] Epoch:   3, Total:   9815, Accuracy : 0.7868, Loss: 0.5324
[Eval] Epoch:   3, Total:   9832, Accuracy : 0.7949, Loss: 0.5574
[Train] Epoch:   4, Total:   7854, Accuracy : 0.8545, Loss: 0.4433
[Eval] Epoch:   4, Total:   9815, Accuracy : 0.7942, Loss: 0.5340
[Eval] Epoch:   4, Total:   9832, Accuracy : 0.7990, Loss: 0.5575
[Train] Epoch:   5, Total:   7854, Accuracy : 0.8866, Loss: 0.3151
[Eval] Epoch:   5, Total:   9815, Accuracy : 0.7983, Loss: 0.5360
[Eval] Epoch:   5, Total:   9832, Accuracy : 0.8022, Loss: 0.5814
[Train] Epoch:   6, Total:   7854, Accuracy : 0.9074, Loss: 0.2054
[Eval] Epoch:   6, Total:   9815, Accuracy : 0.7981, Loss: 0.5697
[Eval] Epoch:   6, Total:   9832, Accuracy : 0.8032, Loss: 0.6323
[Train] Epoch:   7, Total:   7854, Accuracy : 0.9246, Loss: 0.1572
[Eval] Epoch:   7, Total:   9815, Accuracy : 0.7992, Loss: 0.5954
[Eval] Epoch:   7, Total:   9832, Accuracy : 0.8027, Loss: 0.6505
[Train] Epoch:   8, Total:   7854, Accuracy : 0.9339, Loss: 0.1831
[Eval] Epoch:   8, Total:   9815, Accuracy : 0.8004, Loss: 0.6054
[Eval] Epoch:   8, Total:   9832, Accuracy : 0.8004, Loss: 0.6688
[Train] Epoch:   9, Total:   7854, Accuracy : 0.9382, Loss: 0.1479
[Eval] Epoch:   9, Total:   9815, Accuracy : 0.8018, Loss: 0.5927
[Eval] Epoch:   9, Total:   9832, Accuracy : 0.8048, Loss: 0.6614
[Train] Epoch:  10, Total:   7854, Accuracy : 0.9403, Loss: 0.1808
[Eval] Epoch:  10, Total:   9815, Accuracy : 0.7881, Loss: 0.5947
[Eval] Epoch:  10, Total:   9832, Accuracy : 0.7924, Loss: 0.6944
[Train] Epoch:  11, Total:   7854, Accuracy : 0.9372, Loss: 0.2237
[Eval] Epoch:  11, Total:   9815, Accuracy : 0.7959, Loss: 0.5718
[Eval] Epoch:  11, Total:   9832, Accuracy : 0.7966, Loss: 0.6793
[Train] Epoch:  12, Total:   7854, Accuracy : 0.9516, Loss: 0.2225
[Eval] Epoch:  12, Total:   9815, Accuracy : 0.7959, Loss: 0.7024
[Eval] Epoch:  12, Total:   9832, Accuracy : 0.7957, Loss: 0.7861
[Train] Epoch:  13, Total:   7854, Accuracy : 0.9636, Loss: 0.1093
[Eval] Epoch:  13, Total:   9815, Accuracy : 0.8012, Loss: 0.7070
[Eval] Epoch:  13, Total:   9832, Accuracy : 0.7976, Loss: 0.8706
[Train] Epoch:  14, Total:   7854, Accuracy : 0.9710, Loss: 0.0923
[Eval] Epoch:  14, Total:   9815, Accuracy : 0.7983, Loss: 0.8335
[Eval] Epoch:  14, Total:   9832, Accuracy : 0.7986, Loss: 0.7988
[Train] Epoch:  15, Total:   7854, Accuracy : 0.9749, Loss: 0.0926
[Eval] Epoch:  15, Total:   9815, Accuracy : 0.7961, Loss: 0.8503
[Eval] Epoch:  15, Total:   9832, Accuracy : 0.7992, Loss: 0.8961
[Train] Epoch:  16, Total:   7854, Accuracy : 0.9790, Loss: 0.0205
[Eval] Epoch:  16, Total:   9815, Accuracy : 0.7984, Loss: 0.8887
[Eval] Epoch:  16, Total:   9832, Accuracy : 0.8036, Loss: 0.9102
[Train] Epoch:  17, Total:   7854, Accuracy : 0.9837, Loss: 0.0235
[Eval] Epoch:  17, Total:   9815, Accuracy : 0.7983, Loss: 0.8427
[Eval] Epoch:  17, Total:   9832, Accuracy : 0.8023, Loss: 0.9210
[Train] Epoch:  18, Total:   7854, Accuracy : 0.9864, Loss: 0.0808
[Eval] Epoch:  18, Total:   9815, Accuracy : 0.7982, Loss: 0.8476
[Eval] Epoch:  18, Total:   9832, Accuracy : 0.8021, Loss: 0.9094
[Train] Epoch:  19, Total:   7854, Accuracy : 0.9854, Loss: 0.0609
[Eval] Epoch:  19, Total:   9815, Accuracy : 0.7991, Loss: 0.8653
[Eval] Epoch:  19, Total:   9832, Accuracy : 0.8023, Loss: 0.9202
{"epoch":[1,2,3,4,5,6,7,8,9,10,11,12,13,14,15,16,17,18,19,20],"train_loss":[1.0991743033932102,1.022040484413024,0.7039348790722508,0.524782859509991,0.4064200597424661,0.3310487837560715,0.27217541106285587,0.22785083709224577,0.2063962326895806,0.19466823724008375,0.191145422477876,0.19134146888409892,0.15472824462959844,0.11621456905718773,0.09715795913530935,0.07810350952129211,0.06747826375067234,0.05430420548204453,0.047354276201898055,0.04765013455142898],"eval_loss":[1.096470560782995,0.7978166326498374,0.5816161441497314,0.5517351100077996,0.5490869512924781,0.5693109066058428,0.6085550616949033,0.6359272331763537,0.6498832183006482,0.6449921276324835,0.7107491653699142,0.7109698958885975,0.7445052846884116,0.809971381456424,0.8362992925521655,0.8641899197529523,0.8681887938426092,0.882502419826312,0.8864641755055158,0.8875329601459014],"train_acc":[0.33638910109498343,0.48255665902724726,0.716322892793481,0.8013750954927426,0.8544690603514133,0.8865546218487395,0.9074357015533486,0.9246243952126305,0.9339190221543163,0.9382480264833206,0.9402852049910874,0.9372294372294372,0.9516170104405398,0.9635854341736695,0.970970206264324,0.9749172396231219,0.9789915966386554,0.983702571937866,0.9863763687293099,0.9853577794754266],"eval_acc":[0.3619812855980472,0.6820585842148088,0.7717656631407649,0.794853539462978,0.7990235964198535,0.8021765663140765,0.8031936533767291,0.8026851098454028,0.8004475183075671,0.8048209926769732,0.7924125305126118,0.7965825874694874,0.7956672091131001,0.79759967453214,0.7986167615947926,0.799227013832384,0.8036004882017901,0.8022782750203418,0.8020748576078113,0.8022782750203418]}
[Eval] Epoch:  11, Total:   9815, Accuracy : 0.7991, Loss: 0.8653
9815 7843 34.23348522186279
[Eval] Epoch:  11, Total:   9832, Accuracy : 0.8023, Loss: 0.9202
9832 7888 34.613785445690155
