pruned_2_0.2_model_0
DatasetDict({
    train: Dataset({
        features: ['premise', 'hypothesis', 'label', 'indexes'],
        num_rows: 78540
    })
    validation_matched: Dataset({
        features: ['premise', 'hypothesis', 'label', 'indexes'],
        num_rows: 9815
    })
    validation_mismatched: Dataset({
        features: ['premise', 'hypothesis', 'label', 'indexes'],
        num_rows: 9832
    })
    test_matched: Dataset({
        features: ['premise', 'hypothesis', 'label', 'indexes'],
        num_rows: 0
    })
    test_mismatched: Dataset({
        features: ['premise', 'hypothesis', 'label', 'indexes'],
        num_rows: 0
    })
})
[Train] Epoch:   0, Total:  78540, Accuracy : 0.8382, Loss: 0.1985
[Eval] Epoch:   0, Total:   9815, Accuracy : 0.8035, Loss: 0.2788
[Eval] Epoch:   0, Total:   9832, Accuracy : 0.8110, Loss: 0.5298
[Train] Epoch:   1, Total:  78540, Accuracy : 0.9445, Loss: 0.1609
[Eval] Epoch:   1, Total:   9815, Accuracy : 0.8159, Loss: 0.2941
[Eval] Epoch:   1, Total:   9832, Accuracy : 0.8190, Loss: 0.4995
[Train] Epoch:   2, Total:  78540, Accuracy : 0.9591, Loss: 0.1128
[Eval] Epoch:   2, Total:   9815, Accuracy : 0.8184, Loss: 0.4120
[Eval] Epoch:   2, Total:   9832, Accuracy : 0.8219, Loss: 0.5517
[Train] Epoch:   3, Total:  78540, Accuracy : 0.9690, Loss: 0.0889
[Eval] Epoch:   3, Total:   9815, Accuracy : 0.8153, Loss: 0.4964
[Eval] Epoch:   3, Total:   9832, Accuracy : 0.8251, Loss: 0.6002
[Train] Epoch:   4, Total:  78540, Accuracy : 0.9773, Loss: 0.0766
[Eval] Epoch:   4, Total:   9815, Accuracy : 0.8191, Loss: 0.3901
[Eval] Epoch:   4, Total:   9832, Accuracy : 0.8236, Loss: 0.5388
[Train] Epoch:   5, Total:  78540, Accuracy : 0.9830, Loss: 0.1208
[Eval] Epoch:   5, Total:   9815, Accuracy : 0.8192, Loss: 0.4366
[Eval] Epoch:   5, Total:   9832, Accuracy : 0.8245, Loss: 0.6524
[Train] Epoch:   6, Total:  78540, Accuracy : 0.9863, Loss: 0.0185
[Eval] Epoch:   6, Total:   9815, Accuracy : 0.8264, Loss: 0.4883
[Eval] Epoch:   6, Total:   9832, Accuracy : 0.8236, Loss: 0.7108
[Train] Epoch:   7, Total:  78540, Accuracy : 0.9888, Loss: 0.0638
[Eval] Epoch:   7, Total:   9815, Accuracy : 0.8218, Loss: 0.4574
[Eval] Epoch:   7, Total:   9832, Accuracy : 0.8246, Loss: 0.7605
[Train] Epoch:   8, Total:  78540, Accuracy : 0.9908, Loss: 0.0482
[Eval] Epoch:   8, Total:   9815, Accuracy : 0.8215, Loss: 0.4958
[Eval] Epoch:   8, Total:   9832, Accuracy : 0.8250, Loss: 0.7886
[Train] Epoch:   9, Total:  78540, Accuracy : 0.9908, Loss: 0.0255
[Eval] Epoch:   9, Total:   9815, Accuracy : 0.8212, Loss: 0.4884
[Eval] Epoch:   9, Total:   9832, Accuracy : 0.8254, Loss: 0.7912
[Train] Epoch:  10, Total:  78540, Accuracy : 0.9860, Loss: 0.0691
[Eval] Epoch:  10, Total:   9815, Accuracy : 0.8206, Loss: 0.4076
[Eval] Epoch:  10, Total:   9832, Accuracy : 0.8186, Loss: 0.6979
[Train] Epoch:  11, Total:  78540, Accuracy : 0.9864, Loss: 0.0637
[Eval] Epoch:  11, Total:   9815, Accuracy : 0.8141, Loss: 0.4099
[Eval] Epoch:  11, Total:   9832, Accuracy : 0.8190, Loss: 0.7296
[Train] Epoch:  12, Total:  78540, Accuracy : 0.9889, Loss: 0.1264
[Eval] Epoch:  12, Total:   9815, Accuracy : 0.8178, Loss: 0.5406
[Eval] Epoch:  12, Total:   9832, Accuracy : 0.8182, Loss: 0.8792
[Train] Epoch:  13, Total:  78540, Accuracy : 0.9908, Loss: 0.0112
[Eval] Epoch:  13, Total:   9815, Accuracy : 0.8153, Loss: 0.4740
[Eval] Epoch:  13, Total:   9832, Accuracy : 0.8197, Loss: 0.8755
[Train] Epoch:  14, Total:  78540, Accuracy : 0.9924, Loss: 0.0494
[Eval] Epoch:  14, Total:   9815, Accuracy : 0.8200, Loss: 0.5079
[Eval] Epoch:  14, Total:   9832, Accuracy : 0.8217, Loss: 0.8792
[Train] Epoch:  15, Total:  78540, Accuracy : 0.9940, Loss: 0.0814
[Eval] Epoch:  15, Total:   9815, Accuracy : 0.8201, Loss: 0.5865
[Eval] Epoch:  15, Total:   9832, Accuracy : 0.8188, Loss: 0.9367
[Train] Epoch:  16, Total:  78540, Accuracy : 0.9953, Loss: 0.0318
[Eval] Epoch:  16, Total:   9815, Accuracy : 0.8175, Loss: 0.5566
[Eval] Epoch:  16, Total:   9832, Accuracy : 0.8209, Loss: 0.9947
[Train] Epoch:  17, Total:  78540, Accuracy : 0.9962, Loss: 0.0096
[Eval] Epoch:  17, Total:   9815, Accuracy : 0.8218, Loss: 0.6038
[Eval] Epoch:  17, Total:   9832, Accuracy : 0.8226, Loss: 1.0900
[Train] Epoch:  18, Total:  78540, Accuracy : 0.9964, Loss: 0.0242
[Eval] Epoch:  18, Total:   9815, Accuracy : 0.8217, Loss: 0.6099
[Eval] Epoch:  18, Total:   9832, Accuracy : 0.8251, Loss: 1.0799
[Train] Epoch:  19, Total:  78540, Accuracy : 0.9969, Loss: 0.0056
[Eval] Epoch:  19, Total:   9815, Accuracy : 0.8216, Loss: 0.6019
[Eval] Epoch:  19, Total:   9832, Accuracy : 0.8249, Loss: 1.0778
{"epoch":[1,2,3,4,5,6,7,8,9,10,11,12,13,14,15,16,17,18,19,20],"train_loss":[0.38481250429580577,0.16755108008652633,0.12793600197626637,0.10064873553157241,0.07888653492160651,0.0633524027971569,0.05234901533926252,0.04535922218805804,0.039688427586727304,0.038333911140804276,0.05237923953409158,0.05057457812033375,0.04316952285062558,0.03509365641800171,0.029736904673891125,0.023798913029037683,0.018924647235540607,0.015325150352444633,0.01324401096329366,0.012035209717417093],"eval_loss":[0.5202036156104162,0.5069751502611698,0.5466778224859482,0.595440475604473,0.6451401488903241,0.7125191925427853,0.740156155366164,0.7863604777898544,0.799463350039262,0.7996381383675796,0.7880227672748077,0.7896207937827477,0.8218510716389387,0.8734202033434159,0.9180394548636216,0.9941559999417036,1.0780283487760103,1.0994809162922394,1.0987190573643415,1.101422016437237],"train_acc":[0.8381970970206264,0.9444741532976827,0.9591163738222562,0.9690221543162719,0.9772599949070537,0.9830404889228419,0.9862999745352686,0.9888337153043035,0.9907563025210084,0.9907563025210084,0.9859689330277566,0.9864400305576776,0.9889228418640184,0.9908199643493761,0.9923860453272217,0.9940412528647823,0.9953144894321365,0.9961548255665903,0.9964094728800611,0.9969187675070028],"eval_acc":[0.8110252237591538,0.8189585028478438,0.8219080553295363,0.8250610252237591,0.8236371033360456,0.8244507729861676,0.8236371033360456,0.8245524816924329,0.8249593165174939,0.825366151342555,0.8185516680227828,0.8189585028478438,0.8182465419039869,0.8196704637917006,0.8217046379170057,0.8187550854353133,0.8208909682668837,0.822620016273393,0.8250610252237591,0.8248576078112286]}
[Eval] Epoch:  11, Total:   9815, Accuracy : 0.8216, Loss: 0.6019
9815 8064 42.53092581033707
[Eval] Epoch:  11, Total:   9832, Accuracy : 0.8249, Loss: 1.0778
9832 8110 42.955458641052246
