pruned_3_0.04_model_0
DatasetDict({
    train: Dataset({
        features: ['premise', 'hypothesis', 'label', 'indexes'],
        num_rows: 15708
    })
    validation_matched: Dataset({
        features: ['premise', 'hypothesis', 'label', 'indexes'],
        num_rows: 9815
    })
    validation_mismatched: Dataset({
        features: ['premise', 'hypothesis', 'label', 'indexes'],
        num_rows: 9832
    })
    test_matched: Dataset({
        features: ['premise', 'hypothesis', 'label', 'indexes'],
        num_rows: 0
    })
    test_mismatched: Dataset({
        features: ['premise', 'hypothesis', 'label', 'indexes'],
        num_rows: 0
    })
})
[Train] Epoch:   0, Total:  15708, Accuracy : 0.3893, Loss: 1.0833
[Eval] Epoch:   0, Total:   9815, Accuracy : 0.5132, Loss: 1.0352
[Eval] Epoch:   0, Total:   9832, Accuracy : 0.5216, Loss: 1.0118
[Train] Epoch:   1, Total:  15708, Accuracy : 0.5786, Loss: 0.7881
[Eval] Epoch:   1, Total:   9815, Accuracy : 0.7648, Loss: 0.5873
[Eval] Epoch:   1, Total:   9832, Accuracy : 0.7751, Loss: 0.5879
[Train] Epoch:   2, Total:  15708, Accuracy : 0.7172, Loss: 0.6602
[Eval] Epoch:   2, Total:   9815, Accuracy : 0.7911, Loss: 0.5060
[Eval] Epoch:   2, Total:   9832, Accuracy : 0.8013, Loss: 0.5175
[Train] Epoch:   3, Total:  15708, Accuracy : 0.7765, Loss: 0.6387
[Eval] Epoch:   3, Total:   9815, Accuracy : 0.8085, Loss: 0.4436
[Eval] Epoch:   3, Total:   9832, Accuracy : 0.8152, Loss: 0.4872
[Train] Epoch:   4, Total:  15708, Accuracy : 0.8206, Loss: 0.6494
[Eval] Epoch:   4, Total:   9815, Accuracy : 0.8086, Loss: 0.4213
[Eval] Epoch:   4, Total:   9832, Accuracy : 0.8190, Loss: 0.4482
[Train] Epoch:   5, Total:  15708, Accuracy : 0.8533, Loss: 0.3031
[Eval] Epoch:   5, Total:   9815, Accuracy : 0.8165, Loss: 0.3878
[Eval] Epoch:   5, Total:   9832, Accuracy : 0.8230, Loss: 0.4722
[Train] Epoch:   6, Total:  15708, Accuracy : 0.8798, Loss: 0.4044
[Eval] Epoch:   6, Total:   9815, Accuracy : 0.8146, Loss: 0.4316
[Eval] Epoch:   6, Total:   9832, Accuracy : 0.8199, Loss: 0.5739
[Train] Epoch:   7, Total:  15708, Accuracy : 0.8930, Loss: 0.2300
[Eval] Epoch:   7, Total:   9815, Accuracy : 0.8179, Loss: 0.4603
[Eval] Epoch:   7, Total:   9832, Accuracy : 0.8227, Loss: 0.5337
[Train] Epoch:   8, Total:  15708, Accuracy : 0.9042, Loss: 0.3570
[Eval] Epoch:   8, Total:   9815, Accuracy : 0.8165, Loss: 0.4698
[Eval] Epoch:   8, Total:   9832, Accuracy : 0.8217, Loss: 0.5477
[Train] Epoch:   9, Total:  15708, Accuracy : 0.9086, Loss: 0.2604
[Eval] Epoch:   9, Total:   9815, Accuracy : 0.8169, Loss: 0.4726
[Eval] Epoch:   9, Total:   9832, Accuracy : 0.8219, Loss: 0.5382
[Train] Epoch:  10, Total:  15708, Accuracy : 0.9023, Loss: 0.4424
[Eval] Epoch:  10, Total:   9815, Accuracy : 0.8100, Loss: 0.4676
[Eval] Epoch:  10, Total:   9832, Accuracy : 0.8123, Loss: 0.5706
[Train] Epoch:  11, Total:  15708, Accuracy : 0.9043, Loss: 0.2328
[Eval] Epoch:  11, Total:   9815, Accuracy : 0.8158, Loss: 0.4952
[Eval] Epoch:  11, Total:   9832, Accuracy : 0.8208, Loss: 0.5528
[Train] Epoch:  12, Total:  15708, Accuracy : 0.9235, Loss: 0.2098
[Eval] Epoch:  12, Total:   9815, Accuracy : 0.8170, Loss: 0.5561
[Eval] Epoch:  12, Total:   9832, Accuracy : 0.8212, Loss: 0.6564
[Train] Epoch:  13, Total:  15708, Accuracy : 0.9398, Loss: 0.1884
[Eval] Epoch:  13, Total:   9815, Accuracy : 0.8091, Loss: 0.5463
[Eval] Epoch:  13, Total:   9832, Accuracy : 0.8168, Loss: 0.7094
[Train] Epoch:  14, Total:  15708, Accuracy : 0.9562, Loss: 0.1603
[Eval] Epoch:  14, Total:   9815, Accuracy : 0.8082, Loss: 0.5705
[Eval] Epoch:  14, Total:   9832, Accuracy : 0.8181, Loss: 0.6723
[Train] Epoch:  15, Total:  15708, Accuracy : 0.9619, Loss: 0.1598
[Eval] Epoch:  15, Total:   9815, Accuracy : 0.8112, Loss: 0.6483
[Eval] Epoch:  15, Total:   9832, Accuracy : 0.8170, Loss: 0.7174
[Train] Epoch:  16, Total:  15708, Accuracy : 0.9691, Loss: 0.1636
[Eval] Epoch:  16, Total:   9815, Accuracy : 0.8101, Loss: 0.6409
[Eval] Epoch:  16, Total:   9832, Accuracy : 0.8194, Loss: 0.7642
[Train] Epoch:  17, Total:  15708, Accuracy : 0.9752, Loss: 0.1331
[Eval] Epoch:  17, Total:   9815, Accuracy : 0.8136, Loss: 0.6549
[Eval] Epoch:  17, Total:   9832, Accuracy : 0.8197, Loss: 0.7636
[Train] Epoch:  18, Total:  15708, Accuracy : 0.9789, Loss: 0.1513
[Eval] Epoch:  18, Total:   9815, Accuracy : 0.8133, Loss: 0.6789
[Eval] Epoch:  18, Total:   9832, Accuracy : 0.8207, Loss: 0.7654
[Train] Epoch:  19, Total:  15708, Accuracy : 0.9789, Loss: 0.0359
[Eval] Epoch:  19, Total:   9815, Accuracy : 0.8136, Loss: 0.6751
[Eval] Epoch:  19, Total:   9832, Accuracy : 0.8205, Loss: 0.7720
{"epoch":[1,2,3,4,5,6,7,8,9,10,11,12,13,14,15,16,17,18,19,20],"train_loss":[1.0891171539983442,0.8968421249620376,0.6912168052888685,0.5720425445225931,0.4787429292355814,0.40203305598228206,0.3435055385193517,0.3015475967718709,0.2770736839982771,0.2678004202823485,0.28524346096861747,0.27148688656668507,0.21752189820812595,0.1747800972192518,0.13687946839678672,0.11540889217247886,0.0968898810566433,0.08121246490026673,0.07248519838697487,0.06969373658179276],"eval_loss":[1.0171746015548706,0.5749638149371514,0.5116166151486911,0.48825025405639255,0.49914782780867356,0.503564294332113,0.5489684030031546,0.5478954582642286,0.5623781535869989,0.559619087439317,0.5914101570080488,0.586062368674156,0.6281261245409647,0.6840571669431833,0.7059698823170785,0.7393401494392982,0.751072380787287,0.7742200898818481,0.7799980174272488,0.7841873077245859],"train_acc":[0.38929208046855107,0.5785586962057551,0.717214158390629,0.7765469824293354,0.8206009676597912,0.8532594856124268,0.8798064680417622,0.8929844665138783,0.9041889483065954,0.9086452762923352,0.9023427552839317,0.9043162719633308,0.9235421441303794,0.9397759103641457,0.956200662083015,0.9618665648077412,0.9690603514132926,0.9752355487649605,0.97886427298192,0.97886427298192],"eval_acc":[0.5215622457282343,0.7751220504475184,0.8012611879576892,0.8151952807160293,0.8189585028478438,0.8230268510984541,0.8198738812042311,0.8227217249796582,0.8217046379170057,0.8219080553295363,0.8123474369406021,0.8207892595606184,0.8211960943856794,0.8168226200162734,0.8181448331977217,0.8170260374288039,0.8193653376729048,0.8196704637917006,0.8206875508543532,0.8204841334418226]}
[Eval] Epoch:  11, Total:   9815, Accuracy : 0.8136, Loss: 0.6751
9815 7985 31.70993185043335
[Eval] Epoch:  11, Total:   9832, Accuracy : 0.8205, Loss: 0.7720
9832 8067 30.58330500125885
