pruned_3_0.05_model_0
DatasetDict({
    train: Dataset({
        features: ['premise', 'hypothesis', 'label', 'indexes'],
        num_rows: 19635
    })
    validation_matched: Dataset({
        features: ['premise', 'hypothesis', 'label', 'indexes'],
        num_rows: 9815
    })
    validation_mismatched: Dataset({
        features: ['premise', 'hypothesis', 'label', 'indexes'],
        num_rows: 9832
    })
    test_matched: Dataset({
        features: ['premise', 'hypothesis', 'label', 'indexes'],
        num_rows: 0
    })
    test_mismatched: Dataset({
        features: ['premise', 'hypothesis', 'label', 'indexes'],
        num_rows: 0
    })
})
[Train] Epoch:   0, Total:  19635, Accuracy : 0.4074, Loss: 0.9516
[Eval] Epoch:   0, Total:   9815, Accuracy : 0.5334, Loss: 1.0053
[Eval] Epoch:   0, Total:   9832, Accuracy : 0.5391, Loss: 0.9154
[Train] Epoch:   1, Total:  19635, Accuracy : 0.6226, Loss: 0.8012
[Eval] Epoch:   1, Total:   9815, Accuracy : 0.7888, Loss: 0.4900
[Eval] Epoch:   1, Total:   9832, Accuracy : 0.7985, Loss: 0.5510
[Train] Epoch:   2, Total:  19635, Accuracy : 0.7370, Loss: 0.6235
[Eval] Epoch:   2, Total:   9815, Accuracy : 0.8086, Loss: 0.4130
[Eval] Epoch:   2, Total:   9832, Accuracy : 0.8164, Loss: 0.5191
[Train] Epoch:   3, Total:  19635, Accuracy : 0.7959, Loss: 0.5639
[Eval] Epoch:   3, Total:   9815, Accuracy : 0.8057, Loss: 0.3703
[Eval] Epoch:   3, Total:   9832, Accuracy : 0.8176, Loss: 0.5171
[Train] Epoch:   4, Total:  19635, Accuracy : 0.8313, Loss: 0.5060
[Eval] Epoch:   4, Total:   9815, Accuracy : 0.8171, Loss: 0.4301
[Eval] Epoch:   4, Total:   9832, Accuracy : 0.8197, Loss: 0.5378
[Train] Epoch:   5, Total:  19635, Accuracy : 0.8628, Loss: 0.3617
[Eval] Epoch:   5, Total:   9815, Accuracy : 0.8184, Loss: 0.3861
[Eval] Epoch:   5, Total:   9832, Accuracy : 0.8243, Loss: 0.5582
[Train] Epoch:   6, Total:  19635, Accuracy : 0.8875, Loss: 0.2808
[Eval] Epoch:   6, Total:   9815, Accuracy : 0.8185, Loss: 0.4390
[Eval] Epoch:   6, Total:   9832, Accuracy : 0.8209, Loss: 0.5739
[Train] Epoch:   7, Total:  19635, Accuracy : 0.9000, Loss: 0.2703
[Eval] Epoch:   7, Total:   9815, Accuracy : 0.8192, Loss: 0.4329
[Eval] Epoch:   7, Total:   9832, Accuracy : 0.8229, Loss: 0.6278
[Train] Epoch:   8, Total:  19635, Accuracy : 0.9095, Loss: 0.2144
[Eval] Epoch:   8, Total:   9815, Accuracy : 0.8193, Loss: 0.4513
[Eval] Epoch:   8, Total:   9832, Accuracy : 0.8243, Loss: 0.6352
[Train] Epoch:   9, Total:  19635, Accuracy : 0.9147, Loss: 0.2096
[Eval] Epoch:   9, Total:   9815, Accuracy : 0.8197, Loss: 0.4453
[Eval] Epoch:   9, Total:   9832, Accuracy : 0.8239, Loss: 0.6413
[Train] Epoch:  10, Total:  19635, Accuracy : 0.9055, Loss: 0.3265
[Eval] Epoch:  10, Total:   9815, Accuracy : 0.8162, Loss: 0.4729
[Eval] Epoch:  10, Total:   9832, Accuracy : 0.8191, Loss: 0.6832
[Train] Epoch:  11, Total:  19635, Accuracy : 0.9137, Loss: 0.2626
[Eval] Epoch:  11, Total:   9815, Accuracy : 0.8102, Loss: 0.4561
[Eval] Epoch:  11, Total:   9832, Accuracy : 0.8147, Loss: 0.6682
[Train] Epoch:  12, Total:  19635, Accuracy : 0.9288, Loss: 0.2465
[Eval] Epoch:  12, Total:   9815, Accuracy : 0.8090, Loss: 0.4146
[Eval] Epoch:  12, Total:   9832, Accuracy : 0.8170, Loss: 0.6979
[Train] Epoch:  13, Total:  19635, Accuracy : 0.9454, Loss: 0.0919
[Eval] Epoch:  13, Total:   9815, Accuracy : 0.8160, Loss: 0.4588
[Eval] Epoch:  13, Total:   9832, Accuracy : 0.8189, Loss: 0.7184
[Train] Epoch:  14, Total:  19635, Accuracy : 0.9546, Loss: 0.2288
[Eval] Epoch:  14, Total:   9815, Accuracy : 0.8154, Loss: 0.4918
[Eval] Epoch:  14, Total:   9832, Accuracy : 0.8202, Loss: 0.7063
[Train] Epoch:  15, Total:  19635, Accuracy : 0.9631, Loss: 0.2177
[Eval] Epoch:  15, Total:   9815, Accuracy : 0.8142, Loss: 0.6038
[Eval] Epoch:  15, Total:   9832, Accuracy : 0.8221, Loss: 0.7000
[Train] Epoch:  16, Total:  19635, Accuracy : 0.9730, Loss: 0.1298
[Eval] Epoch:  16, Total:   9815, Accuracy : 0.8174, Loss: 0.5719
[Eval] Epoch:  16, Total:   9832, Accuracy : 0.8210, Loss: 0.8086
[Train] Epoch:  17, Total:  19635, Accuracy : 0.9760, Loss: 0.1287
[Eval] Epoch:  17, Total:   9815, Accuracy : 0.8182, Loss: 0.5935
[Eval] Epoch:  17, Total:   9832, Accuracy : 0.8231, Loss: 0.7909
[Train] Epoch:  18, Total:  19635, Accuracy : 0.9807, Loss: 0.0305
[Eval] Epoch:  18, Total:   9815, Accuracy : 0.8164, Loss: 0.5786
[Eval] Epoch:  18, Total:   9832, Accuracy : 0.8219, Loss: 0.8307
[Train] Epoch:  19, Total:  19635, Accuracy : 0.9807, Loss: 0.0738
[Eval] Epoch:  19, Total:   9815, Accuracy : 0.8163, Loss: 0.5907
[Eval] Epoch:  19, Total:   9832, Accuracy : 0.8212, Loss: 0.8197
{"epoch":[1,2,3,4,5,6,7,8,9,10,11,12,13,14,15,16,17,18,19,20],"train_loss":[1.0733101863365668,0.8336531790820035,0.6496859185107342,0.5267480511169929,0.4441596780504499,0.3730426618418136,0.3167271174780734,0.2780091412268676,0.25728602571920917,0.24726686326714306,0.2677448662844571,0.24281433185973725,0.2018743319944902,0.15988053749134015,0.13082598033663514,0.11167961673496606,0.08387703516266563,0.07446915803888401,0.06293167050492454,0.06030389881850063],"eval_loss":[0.9335176012454889,0.531943121781716,0.4852302005657783,0.496403517631384,0.48874933215288013,0.5062400377713717,0.5406635197309347,0.5710475139128857,0.5738468941969749,0.5787094716842358,0.5848976144423852,0.6379095545181861,0.6676140572780218,0.6813393464455237,0.7243913694834098,0.7438419957955679,0.7866105651244139,0.7948786341227018,0.8172507973817679,0.8171378557498639],"train_acc":[0.40743570155334863,0.6226126814362108,0.7370002546473134,0.7958747135217723,0.8313216195569136,0.8627960275019099,0.8874968169085816,0.900025464731347,0.9095492742551566,0.9147440794499618,0.9055258467023173,0.9136745607333843,0.9288006111535523,0.9454036159918513,0.9545709192768016,0.9631270690094219,0.9730073847720907,0.9760122230710466,0.9806977336389101,0.9806977336389101],"eval_acc":[0.5390561432058584,0.7985150528885273,0.8164157851912124,0.8176362896663955,0.8196704637917006,0.8243490642799024,0.8208909682668837,0.8229251423921887,0.8243490642799024,0.8239422294548413,0.819060211554109,0.814686737184703,0.8170260374288039,0.8188567941415785,0.8201790073230268,0.8221114727420668,0.8209926769731489,0.8231285598047193,0.8219080553295363,0.8211960943856794]}
[Eval] Epoch:  11, Total:   9815, Accuracy : 0.8163, Loss: 0.5907
9815 8012 32.575563967227936
[Eval] Epoch:  11, Total:   9832, Accuracy : 0.8212, Loss: 0.8197
9832 8074 31.86837637424469
