random_0.25_model_0
DatasetDict({
    train: Dataset({
        features: ['premise', 'hypothesis', 'label', 'indexes'],
        num_rows: 98176
    })
    validation_matched: Dataset({
        features: ['premise', 'hypothesis', 'label', 'indexes'],
        num_rows: 9815
    })
    validation_mismatched: Dataset({
        features: ['premise', 'hypothesis', 'label', 'indexes'],
        num_rows: 9832
    })
    test_matched: Dataset({
        features: ['premise', 'hypothesis', 'label', 'indexes'],
        num_rows: 0
    })
    test_mismatched: Dataset({
        features: ['premise', 'hypothesis', 'label', 'indexes'],
        num_rows: 0
    })
})
[Train] Epoch:   0, Total:  98176, Accuracy : 0.7201, Loss: 0.5987
[Eval] Epoch:   0, Total:   9815, Accuracy : 0.8378, Loss: 0.2530
[Eval] Epoch:   0, Total:   9832, Accuracy : 0.8390, Loss: 0.4445
[Train] Epoch:   1, Total:  98176, Accuracy : 0.8433, Loss: 0.2870
[Eval] Epoch:   1, Total:   9815, Accuracy : 0.8457, Loss: 0.2447
[Eval] Epoch:   1, Total:   9832, Accuracy : 0.8469, Loss: 0.4374
[Train] Epoch:   2, Total:  98176, Accuracy : 0.8774, Loss: 0.3590
[Eval] Epoch:   2, Total:   9815, Accuracy : 0.8494, Loss: 0.2581
[Eval] Epoch:   2, Total:   9832, Accuracy : 0.8498, Loss: 0.4053
[Train] Epoch:   3, Total:  98176, Accuracy : 0.9015, Loss: 0.2304
[Eval] Epoch:   3, Total:   9815, Accuracy : 0.8475, Loss: 0.2334
[Eval] Epoch:   3, Total:   9832, Accuracy : 0.8492, Loss: 0.4500
[Train] Epoch:   4, Total:  98176, Accuracy : 0.9237, Loss: 0.2022
[Eval] Epoch:   4, Total:   9815, Accuracy : 0.8465, Loss: 0.2745
[Eval] Epoch:   4, Total:   9832, Accuracy : 0.8474, Loss: 0.4418
[Train] Epoch:   5, Total:  98176, Accuracy : 0.9385, Loss: 0.1986
[Eval] Epoch:   5, Total:   9815, Accuracy : 0.8478, Loss: 0.3180
[Eval] Epoch:   5, Total:   9832, Accuracy : 0.8489, Loss: 0.5006
[Train] Epoch:   6, Total:  98176, Accuracy : 0.9497, Loss: 0.1163
[Eval] Epoch:   6, Total:   9815, Accuracy : 0.8454, Loss: 0.2921
[Eval] Epoch:   6, Total:   9832, Accuracy : 0.8475, Loss: 0.5158
[Train] Epoch:   7, Total:  98176, Accuracy : 0.9579, Loss: 0.1910
[Eval] Epoch:   7, Total:   9815, Accuracy : 0.8485, Loss: 0.3255
[Eval] Epoch:   7, Total:   9832, Accuracy : 0.8458, Loss: 0.5445
[Train] Epoch:   8, Total:  98176, Accuracy : 0.9620, Loss: 0.1175
[Eval] Epoch:   8, Total:   9815, Accuracy : 0.8488, Loss: 0.3297
[Eval] Epoch:   8, Total:   9832, Accuracy : 0.8463, Loss: 0.5610
[Train] Epoch:   9, Total:  98176, Accuracy : 0.9645, Loss: 0.1307
[Eval] Epoch:   9, Total:   9815, Accuracy : 0.8467, Loss: 0.3280
[Eval] Epoch:   9, Total:   9832, Accuracy : 0.8472, Loss: 0.5593
[Train] Epoch:  10, Total:  98176, Accuracy : 0.9492, Loss: 0.1244
[Eval] Epoch:  10, Total:   9815, Accuracy : 0.8427, Loss: 0.3028
[Eval] Epoch:  10, Total:   9832, Accuracy : 0.8431, Loss: 0.5438
[Train] Epoch:  11, Total:  98176, Accuracy : 0.9568, Loss: 0.1503
[Eval] Epoch:  11, Total:   9815, Accuracy : 0.8421, Loss: 0.3438
[Eval] Epoch:  11, Total:   9832, Accuracy : 0.8460, Loss: 0.5731
[Train] Epoch:  12, Total:  98176, Accuracy : 0.9651, Loss: 0.0623
[Eval] Epoch:  12, Total:   9815, Accuracy : 0.8412, Loss: 0.3138
[Eval] Epoch:  12, Total:   9832, Accuracy : 0.8433, Loss: 0.5927
[Train] Epoch:  13, Total:  98176, Accuracy : 0.9732, Loss: 0.0652
[Eval] Epoch:  13, Total:   9815, Accuracy : 0.8446, Loss: 0.3644
[Eval] Epoch:  13, Total:   9832, Accuracy : 0.8433, Loss: 0.6424
[Train] Epoch:  14, Total:  98176, Accuracy : 0.9792, Loss: 0.0710
[Eval] Epoch:  14, Total:   9815, Accuracy : 0.8448, Loss: 0.3897
[Eval] Epoch:  14, Total:   9832, Accuracy : 0.8445, Loss: 0.6573
[Train] Epoch:  15, Total:  98176, Accuracy : 0.9834, Loss: 0.0244
[Eval] Epoch:  15, Total:   9815, Accuracy : 0.8451, Loss: 0.5259
[Eval] Epoch:  15, Total:   9832, Accuracy : 0.8430, Loss: 0.7339
[Train] Epoch:  16, Total:  98176, Accuracy : 0.9873, Loss: 0.0152
[Eval] Epoch:  16, Total:   9815, Accuracy : 0.8451, Loss: 0.4435
[Eval] Epoch:  16, Total:   9832, Accuracy : 0.8412, Loss: 0.8397
[Train] Epoch:  17, Total:  98176, Accuracy : 0.9897, Loss: 0.0247
[Eval] Epoch:  17, Total:   9815, Accuracy : 0.8482, Loss: 0.4999
[Eval] Epoch:  17, Total:   9832, Accuracy : 0.8450, Loss: 0.8615
[Train] Epoch:  18, Total:  98176, Accuracy : 0.9913, Loss: 0.0063
[Eval] Epoch:  18, Total:   9815, Accuracy : 0.8472, Loss: 0.4933
[Eval] Epoch:  18, Total:   9832, Accuracy : 0.8440, Loss: 0.8580
[Train] Epoch:  19, Total:  98176, Accuracy : 0.9919, Loss: 0.0472
[Eval] Epoch:  19, Total:   9815, Accuracy : 0.8476, Loss: 0.4998
[Eval] Epoch:  19, Total:   9832, Accuracy : 0.8433, Loss: 0.8605
{"epoch":[1,2,3,4,5,6,7,8,9,10,11,12,13,14,15,16,17,18,19,20],"train_loss":[0.628227558840687,0.4091695819903786,0.3287079385869826,0.2649257400383552,0.21098491128456467,0.17231298045953736,0.14340990231721662,0.12282441208177867,0.11095010306841384,0.10541010513164413,0.14332940188857415,0.1240143771962418,0.10139048513762343,0.07938206000835635,0.06151820588759923,0.05054924562379407,0.038912100051675225,0.03204376409545754,0.02788726180339533,0.02628822149987779],"eval_loss":[0.42632944079545826,0.4099950331908006,0.4068154937181717,0.452456207611622,0.48279509330407167,0.529340556034675,0.5626489565922663,0.5907980050796118,0.6100154855312445,0.6137620386404868,0.5711847696548853,0.6129307005649958,0.6236223387412536,0.6926995882621179,0.7192253409287869,0.7858128455969003,0.8515581213510953,0.8520910021586295,0.8825478584338458,0.8847732085448045],"train_acc":[0.7201047099087353,0.8433323826597132,0.8773529172099087,0.9015136082138201,0.923728813559322,0.9385491362451108,0.9497025749674055,0.9579428780964798,0.9620171936114733,0.9644719687092569,0.9491627281616688,0.9568428129074316,0.9651034876140808,0.9731502607561929,0.9792209908735332,0.9833564211212517,0.9872677640156454,0.989742910691004,0.9913420795306388,0.991912483702738],"eval_acc":[0.8389951179820992,0.8469283970707893,0.8497762408462164,0.8491659886086249,0.8474369406021155,0.8488608624898292,0.8475386493083807,0.8458096013018714,0.8463181448331977,0.847233523189585,0.8430634662327096,0.8460130187144019,0.84326688364524,0.84326688364524,0.8444873881204231,0.8429617575264443,0.8412327095199349,0.8449959316517494,0.8439788445890968,0.84326688364524]}
[Eval] Epoch:  11, Total:   9815, Accuracy : 0.8476, Loss: 0.4998
9815 8319 33.66272383928299
[Eval] Epoch:  11, Total:   9832, Accuracy : 0.8433, Loss: 0.8605
9832 8291 34.506155133247375
