random_0.1_model_0
DatasetDict({
    train: Dataset({
        features: ['premise', 'hypothesis', 'label', 'indexes'],
        num_rows: 39270
    })
    validation_matched: Dataset({
        features: ['premise', 'hypothesis', 'label', 'indexes'],
        num_rows: 9815
    })
    validation_mismatched: Dataset({
        features: ['premise', 'hypothesis', 'label', 'indexes'],
        num_rows: 9832
    })
    test_matched: Dataset({
        features: ['premise', 'hypothesis', 'label', 'indexes'],
        num_rows: 0
    })
    test_mismatched: Dataset({
        features: ['premise', 'hypothesis', 'label', 'indexes'],
        num_rows: 0
    })
})
[Train] Epoch:   0, Total:  39270, Accuracy : 0.5913, Loss: 0.5072
[Eval] Epoch:   0, Total:   9815, Accuracy : 0.7995, Loss: 0.4398
[Eval] Epoch:   0, Total:   9832, Accuracy : 0.8093, Loss: 0.4961
[Train] Epoch:   1, Total:  39270, Accuracy : 0.8067, Loss: 0.5450
[Eval] Epoch:   1, Total:   9815, Accuracy : 0.8209, Loss: 0.3100
[Eval] Epoch:   1, Total:   9832, Accuracy : 0.8259, Loss: 0.4665
[Train] Epoch:   2, Total:  39270, Accuracy : 0.8564, Loss: 0.3403
[Eval] Epoch:   2, Total:   9815, Accuracy : 0.8290, Loss: 0.2976
[Eval] Epoch:   2, Total:   9832, Accuracy : 0.8322, Loss: 0.5045
[Train] Epoch:   3, Total:  39270, Accuracy : 0.8891, Loss: 0.2999
[Eval] Epoch:   3, Total:   9815, Accuracy : 0.8308, Loss: 0.3543
[Eval] Epoch:   3, Total:   9832, Accuracy : 0.8366, Loss: 0.5081
[Train] Epoch:   4, Total:  39270, Accuracy : 0.9119, Loss: 0.1559
[Eval] Epoch:   4, Total:   9815, Accuracy : 0.8348, Loss: 0.3818
[Eval] Epoch:   4, Total:   9832, Accuracy : 0.8347, Loss: 0.6345
[Train] Epoch:   5, Total:  39270, Accuracy : 0.9302, Loss: 0.2336
[Eval] Epoch:   5, Total:   9815, Accuracy : 0.8346, Loss: 0.4345
[Eval] Epoch:   5, Total:   9832, Accuracy : 0.8333, Loss: 0.6434
[Train] Epoch:   6, Total:  39270, Accuracy : 0.9452, Loss: 0.1183
[Eval] Epoch:   6, Total:   9815, Accuracy : 0.8330, Loss: 0.4625
[Eval] Epoch:   6, Total:   9832, Accuracy : 0.8354, Loss: 0.7214
[Train] Epoch:   7, Total:  39270, Accuracy : 0.9532, Loss: 0.2512
[Eval] Epoch:   7, Total:   9815, Accuracy : 0.8361, Loss: 0.4708
[Eval] Epoch:   7, Total:   9832, Accuracy : 0.8354, Loss: 0.7442
[Train] Epoch:   8, Total:  39270, Accuracy : 0.9572, Loss: 0.1207
[Eval] Epoch:   8, Total:   9815, Accuracy : 0.8342, Loss: 0.4607
[Eval] Epoch:   8, Total:   9832, Accuracy : 0.8367, Loss: 0.7286
[Train] Epoch:   9, Total:  39270, Accuracy : 0.9604, Loss: 0.0650
[Eval] Epoch:   9, Total:   9815, Accuracy : 0.8334, Loss: 0.4609
[Eval] Epoch:   9, Total:   9832, Accuracy : 0.8364, Loss: 0.7401
[Train] Epoch:  10, Total:  39270, Accuracy : 0.9502, Loss: 0.1574
[Eval] Epoch:  10, Total:   9815, Accuracy : 0.8153, Loss: 0.5424
[Eval] Epoch:  10, Total:   9832, Accuracy : 0.8198, Loss: 0.7039
[Train] Epoch:  11, Total:  39270, Accuracy : 0.9549, Loss: 0.0868
[Eval] Epoch:  11, Total:   9815, Accuracy : 0.8236, Loss: 0.4910
[Eval] Epoch:  11, Total:   9832, Accuracy : 0.8296, Loss: 0.7290
[Train] Epoch:  12, Total:  39270, Accuracy : 0.9630, Loss: 0.1118
[Eval] Epoch:  12, Total:   9815, Accuracy : 0.8295, Loss: 0.4575
[Eval] Epoch:  12, Total:   9832, Accuracy : 0.8314, Loss: 0.7615
[Train] Epoch:  13, Total:  39270, Accuracy : 0.9731, Loss: 0.0638
[Eval] Epoch:  13, Total:   9815, Accuracy : 0.8311, Loss: 0.5481
[Eval] Epoch:  13, Total:   9832, Accuracy : 0.8314, Loss: 0.8563
[Train] Epoch:  14, Total:  39270, Accuracy : 0.9782, Loss: 0.1346
[Eval] Epoch:  14, Total:   9815, Accuracy : 0.8345, Loss: 0.5995
[Eval] Epoch:  14, Total:   9832, Accuracy : 0.8310, Loss: 0.8966
[Train] Epoch:  15, Total:  39270, Accuracy : 0.9832, Loss: 0.1337
[Eval] Epoch:  15, Total:   9815, Accuracy : 0.8353, Loss: 0.5977
[Eval] Epoch:  15, Total:   9832, Accuracy : 0.8327, Loss: 0.9986
[Train] Epoch:  16, Total:  39270, Accuracy : 0.9861, Loss: 0.1088
[Eval] Epoch:  16, Total:   9815, Accuracy : 0.8338, Loss: 0.6326
[Eval] Epoch:  16, Total:   9832, Accuracy : 0.8335, Loss: 0.9675
[Train] Epoch:  17, Total:  39270, Accuracy : 0.9891, Loss: 0.0042
[Eval] Epoch:  17, Total:   9815, Accuracy : 0.8324, Loss: 0.6805
[Eval] Epoch:  17, Total:   9832, Accuracy : 0.8331, Loss: 0.9714
[Train] Epoch:  18, Total:  39270, Accuracy : 0.9915, Loss: 0.0028
[Eval] Epoch:  18, Total:   9815, Accuracy : 0.8357, Loss: 0.7290
[Eval] Epoch:  18, Total:   9832, Accuracy : 0.8339, Loss: 0.9667
[Train] Epoch:  19, Total:  39270, Accuracy : 0.9916, Loss: 0.0039
[Eval] Epoch:  19, Total:   9815, Accuracy : 0.8347, Loss: 0.7025
[Eval] Epoch:  19, Total:   9832, Accuracy : 0.8339, Loss: 0.9706
{"epoch":[1,2,3,4,5,6,7,8,9,10,11,12,13,14,15,16,17,18,19,20],"train_loss":[0.8285168109389095,0.4952514876018871,0.3853534160109309,0.3046492599434667,0.2480898258554471,0.19825227166731635,0.1626848495238787,0.13996117649140297,0.1263183390649108,0.12095312188778605,0.14746683240904437,0.13377975515247165,0.11148150277311926,0.08181348210805423,0.06858372953176112,0.05314724817388244,0.04603749490040657,0.03715767659089685,0.030022252066810796,0.028215904590105274],"eval_loss":[0.5008671879768372,0.45008104733931714,0.45819355585636234,0.48261240659615934,0.548499026359656,0.5664577109691424,0.6014389502696502,0.629782993824054,0.6362646864010737,0.6428926525971829,0.7149623250349973,0.6732170696441944,0.6796404283780318,0.7624393350038773,0.7941911870088333,0.8444611048087095,0.8624989910003467,0.8640140982774588,0.8816906152627407,0.8848427136739095],"train_acc":[0.5912910618792971,0.8066972243442831,0.8564298446651388,0.8890756302521008,0.9118920295390883,0.9302011713776419,0.9452253628724216,0.9532212885154062,0.9571937866055513,0.960427807486631,0.9502419149477973,0.9549274255156608,0.9629997453526865,0.973109243697479,0.9781512605042016,0.9832442067736186,0.9861471861471861,0.9891010949834479,0.9914693149987268,0.9915711739241151],"eval_acc":[0.8092961757526445,0.8258746948738812,0.8321806346623271,0.8365541090317331,0.8347233523189586,0.8332994304312449,0.8354353132628153,0.8354353132628153,0.8366558177379984,0.8363506916192026,0.8197721724979659,0.8296379170056957,0.8313669650122051,0.8313669650122051,0.830960130187144,0.8326891781936534,0.8335028478437754,0.8330960130187144,0.8339096826688365,0.8339096826688365]}
[Eval] Epoch:  11, Total:   9815, Accuracy : 0.8347, Loss: 0.7025
9815 8193 34.30387073755264
[Eval] Epoch:  11, Total:   9832, Accuracy : 0.8339, Loss: 0.9706
9832 8199 34.50886583328247
