pruned_3_0.25_model_0
DatasetDict({
    train: Dataset({
        features: ['premise', 'hypothesis', 'label', 'indexes'],
        num_rows: 98175
    })
    validation_matched: Dataset({
        features: ['premise', 'hypothesis', 'label', 'indexes'],
        num_rows: 9815
    })
    validation_mismatched: Dataset({
        features: ['premise', 'hypothesis', 'label', 'indexes'],
        num_rows: 9832
    })
    test_matched: Dataset({
        features: ['premise', 'hypothesis', 'label', 'indexes'],
        num_rows: 0
    })
    test_mismatched: Dataset({
        features: ['premise', 'hypothesis', 'label', 'indexes'],
        num_rows: 0
    })
})
[Train] Epoch:   0, Total:  98175, Accuracy : 0.6456, Loss: 0.6917
[Eval] Epoch:   0, Total:   9815, Accuracy : 0.8345, Loss: 0.3281
[Eval] Epoch:   0, Total:   9832, Accuracy : 0.8374, Loss: 0.3900
[Train] Epoch:   1, Total:  98175, Accuracy : 0.7824, Loss: 0.5048
[Eval] Epoch:   1, Total:   9815, Accuracy : 0.8431, Loss: 0.2879
[Eval] Epoch:   1, Total:   9832, Accuracy : 0.8460, Loss: 0.4045
[Train] Epoch:   2, Total:  98175, Accuracy : 0.8238, Loss: 0.4214
[Eval] Epoch:   2, Total:   9815, Accuracy : 0.8516, Loss: 0.2913
[Eval] Epoch:   2, Total:   9832, Accuracy : 0.8496, Loss: 0.3963
[Train] Epoch:   3, Total:  98175, Accuracy : 0.8575, Loss: 0.3503
[Eval] Epoch:   3, Total:   9815, Accuracy : 0.8566, Loss: 0.2616
[Eval] Epoch:   3, Total:   9832, Accuracy : 0.8537, Loss: 0.4014
[Train] Epoch:   4, Total:  98175, Accuracy : 0.8845, Loss: 0.4126
[Eval] Epoch:   4, Total:   9815, Accuracy : 0.8552, Loss: 0.2906
[Eval] Epoch:   4, Total:   9832, Accuracy : 0.8543, Loss: 0.4128
[Train] Epoch:   5, Total:  98175, Accuracy : 0.9053, Loss: 0.2284
[Eval] Epoch:   5, Total:   9815, Accuracy : 0.8531, Loss: 0.2618
[Eval] Epoch:   5, Total:   9832, Accuracy : 0.8520, Loss: 0.4404
[Train] Epoch:   6, Total:  98175, Accuracy : 0.9192, Loss: 0.2661
[Eval] Epoch:   6, Total:   9815, Accuracy : 0.8539, Loss: 0.2536
[Eval] Epoch:   6, Total:   9832, Accuracy : 0.8519, Loss: 0.4546
[Train] Epoch:   7, Total:  98175, Accuracy : 0.9302, Loss: 0.2059
[Eval] Epoch:   7, Total:   9815, Accuracy : 0.8543, Loss: 0.2577
[Eval] Epoch:   7, Total:   9832, Accuracy : 0.8506, Loss: 0.4506
[Train] Epoch:   8, Total:  98175, Accuracy : 0.9360, Loss: 0.1194
[Eval] Epoch:   8, Total:   9815, Accuracy : 0.8550, Loss: 0.2618
[Eval] Epoch:   8, Total:   9832, Accuracy : 0.8501, Loss: 0.4671
[Train] Epoch:   9, Total:  98175, Accuracy : 0.9385, Loss: 0.1623
[Eval] Epoch:   9, Total:   9815, Accuracy : 0.8551, Loss: 0.2659
[Eval] Epoch:   9, Total:   9832, Accuracy : 0.8510, Loss: 0.4667
[Train] Epoch:  10, Total:  98175, Accuracy : 0.9200, Loss: 0.2056
[Eval] Epoch:  10, Total:   9815, Accuracy : 0.8521, Loss: 0.3004
[Eval] Epoch:  10, Total:   9832, Accuracy : 0.8497, Loss: 0.4362
[Train] Epoch:  11, Total:  98175, Accuracy : 0.9325, Loss: 0.1679
[Eval] Epoch:  11, Total:   9815, Accuracy : 0.8486, Loss: 0.2940
[Eval] Epoch:  11, Total:   9832, Accuracy : 0.8461, Loss: 0.5454
[Train] Epoch:  12, Total:  98175, Accuracy : 0.9452, Loss: 0.1002
[Eval] Epoch:  12, Total:   9815, Accuracy : 0.8484, Loss: 0.2837
[Eval] Epoch:  12, Total:   9832, Accuracy : 0.8479, Loss: 0.5131
[Train] Epoch:  13, Total:  98175, Accuracy : 0.9579, Loss: 0.0297
[Eval] Epoch:  13, Total:   9815, Accuracy : 0.8483, Loss: 0.3579
[Eval] Epoch:  13, Total:   9832, Accuracy : 0.8454, Loss: 0.5618
[Train] Epoch:  14, Total:  98175, Accuracy : 0.9665, Loss: 0.1496
[Eval] Epoch:  14, Total:   9815, Accuracy : 0.8510, Loss: 0.3287
[Eval] Epoch:  14, Total:   9832, Accuracy : 0.8467, Loss: 0.5969
[Train] Epoch:  15, Total:  98175, Accuracy : 0.9732, Loss: 0.1240
[Eval] Epoch:  15, Total:   9815, Accuracy : 0.8523, Loss: 0.3259
[Eval] Epoch:  15, Total:   9832, Accuracy : 0.8457, Loss: 0.6663
[Train] Epoch:  16, Total:  98175, Accuracy : 0.9792, Loss: 0.0475
[Eval] Epoch:  16, Total:   9815, Accuracy : 0.8521, Loss: 0.3421
[Eval] Epoch:  16, Total:   9832, Accuracy : 0.8503, Loss: 0.6496
[Train] Epoch:  17, Total:  98175, Accuracy : 0.9825, Loss: 0.0161
[Eval] Epoch:  17, Total:   9815, Accuracy : 0.8550, Loss: 0.3364
[Eval] Epoch:  17, Total:   9832, Accuracy : 0.8515, Loss: 0.6657
[Train] Epoch:  18, Total:  98175, Accuracy : 0.9853, Loss: 0.0441
[Eval] Epoch:  18, Total:   9815, Accuracy : 0.8525, Loss: 0.3727
[Eval] Epoch:  18, Total:   9832, Accuracy : 0.8492, Loss: 0.6907
[Train] Epoch:  19, Total:  98175, Accuracy : 0.9857, Loss: 0.0254
[Eval] Epoch:  19, Total:   9815, Accuracy : 0.8539, Loss: 0.3733
[Eval] Epoch:  19, Total:   9832, Accuracy : 0.8503, Loss: 0.6886
{"epoch":[1,2,3,4,5,6,7,8,9,10,11,12,13,14,15,16,17,18,19,20],"train_loss":[0.7742468592089912,0.5477059956174344,0.4523410696225862,0.3765238649987926,0.3117345357313752,0.2614604313469802,0.2240939075127244,0.19744251499651,0.18187519065880528,0.17507649645752585,0.2207678686051319,0.1879025330223764,0.15188433249325803,0.11939037176004301,0.09673426816395174,0.07643408454896417,0.06067322492647994,0.05163712747647272,0.04397323929151753,0.04250899673691796],"eval_loss":[0.42402487152662033,0.4161754624965863,0.40501909301831174,0.42005430658658344,0.44313556108719265,0.49173158942124784,0.5053987908057678,0.5302933844236227,0.5475390140826886,0.5465802802489355,0.49353358149528503,0.5659550237349975,0.5696057226413336,0.6439215403336745,0.679216036429772,0.7429826962642181,0.7645357724947807,0.7897334832411546,0.8164475590754778,0.812331525179056],"train_acc":[0.645571683218742,0.7824293353705118,0.8237942449707155,0.8574993633817163,0.8844614209320092,0.9052508276037687,0.9191647568118156,0.9302470078940667,0.9360325948561242,0.9385485103132162,0.9200101858925388,0.9325388337153043,0.9451795263559969,0.9578609625668449,0.9664578558696206,0.973170359052712,0.9792411510058568,0.9825413801884391,0.9853425006366183,0.9857193786605551],"eval_acc":[0.8373677786818552,0.8460130187144019,0.8495728234336859,0.8537428803905615,0.8542514239218877,0.852013832384052,0.8519121236777868,0.8505899104963385,0.8500813669650122,0.8509967453213995,0.8496745321399511,0.8461147274206672,0.8479454841334418,0.8454027664768105,0.8467249796582588,0.8457078925956062,0.8502847843775427,0.8515052888527258,0.8491659886086249,0.8502847843775427]}
[Eval] Epoch:  11, Total:   9815, Accuracy : 0.8539, Loss: 0.3733
9815 8381 31.049267828464508
[Eval] Epoch:  11, Total:   9832, Accuracy : 0.8503, Loss: 0.6886
9832 8360 31.680929481983185
