pruned_3_0.2_model_0
DatasetDict({
    train: Dataset({
        features: ['premise', 'hypothesis', 'label', 'indexes'],
        num_rows: 78540
    })
    validation_matched: Dataset({
        features: ['premise', 'hypothesis', 'label', 'indexes'],
        num_rows: 9815
    })
    validation_mismatched: Dataset({
        features: ['premise', 'hypothesis', 'label', 'indexes'],
        num_rows: 9832
    })
    test_matched: Dataset({
        features: ['premise', 'hypothesis', 'label', 'indexes'],
        num_rows: 0
    })
    test_mismatched: Dataset({
        features: ['premise', 'hypothesis', 'label', 'indexes'],
        num_rows: 0
    })
})
[Train] Epoch:   0, Total:  78540, Accuracy : 0.6036, Loss: 0.6499
[Eval] Epoch:   0, Total:   9815, Accuracy : 0.8193, Loss: 0.3843
[Eval] Epoch:   0, Total:   9832, Accuracy : 0.8237, Loss: 0.4296
[Train] Epoch:   1, Total:  78540, Accuracy : 0.7697, Loss: 0.6511
[Eval] Epoch:   1, Total:   9815, Accuracy : 0.8392, Loss: 0.2974
[Eval] Epoch:   1, Total:   9832, Accuracy : 0.8391, Loss: 0.4294
[Train] Epoch:   2, Total:  78540, Accuracy : 0.8151, Loss: 0.5133
[Eval] Epoch:   2, Total:   9815, Accuracy : 0.8458, Loss: 0.2601
[Eval] Epoch:   2, Total:   9832, Accuracy : 0.8486, Loss: 0.4164
[Train] Epoch:   3, Total:  78540, Accuracy : 0.8517, Loss: 0.4493
[Eval] Epoch:   3, Total:   9815, Accuracy : 0.8462, Loss: 0.2745
[Eval] Epoch:   3, Total:   9832, Accuracy : 0.8496, Loss: 0.4061
[Train] Epoch:   4, Total:  78540, Accuracy : 0.8787, Loss: 0.4038
[Eval] Epoch:   4, Total:   9815, Accuracy : 0.8449, Loss: 0.3019
[Eval] Epoch:   4, Total:   9832, Accuracy : 0.8499, Loss: 0.4168
[Train] Epoch:   5, Total:  78540, Accuracy : 0.8998, Loss: 0.2310
[Eval] Epoch:   5, Total:   9815, Accuracy : 0.8457, Loss: 0.2317
[Eval] Epoch:   5, Total:   9832, Accuracy : 0.8494, Loss: 0.4163
[Train] Epoch:   6, Total:  78540, Accuracy : 0.9141, Loss: 0.2762
[Eval] Epoch:   6, Total:   9815, Accuracy : 0.8473, Loss: 0.2509
[Eval] Epoch:   6, Total:   9832, Accuracy : 0.8489, Loss: 0.4600
[Train] Epoch:   7, Total:  78540, Accuracy : 0.9257, Loss: 0.2468
[Eval] Epoch:   7, Total:   9815, Accuracy : 0.8473, Loss: 0.2664
[Eval] Epoch:   7, Total:   9832, Accuracy : 0.8500, Loss: 0.4835
[Train] Epoch:   8, Total:  78540, Accuracy : 0.9314, Loss: 0.1629
[Eval] Epoch:   8, Total:   9815, Accuracy : 0.8491, Loss: 0.2878
[Eval] Epoch:   8, Total:   9832, Accuracy : 0.8499, Loss: 0.4830
[Train] Epoch:   9, Total:  78540, Accuracy : 0.9358, Loss: 0.1227
[Eval] Epoch:   9, Total:   9815, Accuracy : 0.8488, Loss: 0.2923
[Eval] Epoch:   9, Total:   9832, Accuracy : 0.8505, Loss: 0.4849
[Train] Epoch:  10, Total:  78540, Accuracy : 0.9172, Loss: 0.2033
[Eval] Epoch:  10, Total:   9815, Accuracy : 0.8452, Loss: 0.2005
[Eval] Epoch:  10, Total:   9832, Accuracy : 0.8467, Loss: 0.4791
[Train] Epoch:  11, Total:  78540, Accuracy : 0.9302, Loss: 0.1612
[Eval] Epoch:  11, Total:   9815, Accuracy : 0.8477, Loss: 0.2534
[Eval] Epoch:  11, Total:   9832, Accuracy : 0.8479, Loss: 0.4940
[Train] Epoch:  12, Total:  78540, Accuracy : 0.9429, Loss: 0.1102
[Eval] Epoch:  12, Total:   9815, Accuracy : 0.8457, Loss: 0.2392
[Eval] Epoch:  12, Total:   9832, Accuracy : 0.8453, Loss: 0.5742
[Train] Epoch:  13, Total:  78540, Accuracy : 0.9562, Loss: 0.1282
[Eval] Epoch:  13, Total:   9815, Accuracy : 0.8400, Loss: 0.2969
[Eval] Epoch:  13, Total:   9832, Accuracy : 0.8413, Loss: 0.5226
[Train] Epoch:  14, Total:  78540, Accuracy : 0.9647, Loss: 0.1547
[Eval] Epoch:  14, Total:   9815, Accuracy : 0.8465, Loss: 0.3742
[Eval] Epoch:  14, Total:   9832, Accuracy : 0.8441, Loss: 0.6423
[Train] Epoch:  15, Total:  78540, Accuracy : 0.9726, Loss: 0.0890
[Eval] Epoch:  15, Total:   9815, Accuracy : 0.8413, Loss: 0.3321
[Eval] Epoch:  15, Total:   9832, Accuracy : 0.8458, Loss: 0.5944
[Train] Epoch:  16, Total:  78540, Accuracy : 0.9783, Loss: 0.0457
[Eval] Epoch:  16, Total:   9815, Accuracy : 0.8472, Loss: 0.2952
[Eval] Epoch:  16, Total:   9832, Accuracy : 0.8460, Loss: 0.6114
[Train] Epoch:  17, Total:  78540, Accuracy : 0.9830, Loss: 0.1315
[Eval] Epoch:  17, Total:   9815, Accuracy : 0.8465, Loss: 0.3201
[Eval] Epoch:  17, Total:   9832, Accuracy : 0.8452, Loss: 0.6557
[Train] Epoch:  18, Total:  78540, Accuracy : 0.9847, Loss: 0.1092
[Eval] Epoch:  18, Total:   9815, Accuracy : 0.8451, Loss: 0.3031
[Eval] Epoch:  18, Total:   9832, Accuracy : 0.8456, Loss: 0.6678
[Train] Epoch:  19, Total:  78540, Accuracy : 0.9846, Loss: 0.0736
[Eval] Epoch:  19, Total:   9815, Accuracy : 0.8466, Loss: 0.3124
[Eval] Epoch:  19, Total:   9832, Accuracy : 0.8458, Loss: 0.6639
{"epoch":[1,2,3,4,5,6,7,8,9,10,11,12,13,14,15,16,17,18,19,20],"train_loss":[0.8351359334364776,0.5770606438383605,0.4762268723610558,0.3916779008090302,0.32559321539215624,0.27562369881895543,0.23788538876107929,0.20841990202568253,0.19368677326638847,0.18427515292012342,0.22778617418355973,0.19430369750296253,0.16141399787283875,0.12597048336015074,0.10269287362063746,0.08068576221527222,0.06484535715697448,0.05236748268324214,0.04752775013191984,0.04503322075688392],"eval_loss":[0.463033948189173,0.4112021357585222,0.41216988899768925,0.42747167899058414,0.46634857929669893,0.4763614649956043,0.5187558226096325,0.542455582282482,0.5461524113630637,0.5501103729773791,0.5305614845874982,0.5561648500271332,0.6066386768451104,0.6309246795299726,0.6769970609591558,0.737190550718552,0.7474786654496804,0.7948768322284405,0.80491880270151,0.8009951817683685],"train_acc":[0.603641456582633,0.7697351667939903,0.8150878533231475,0.8516552075375605,0.8787114845938375,0.8998217468805704,0.9140947288006112,0.9256557168321874,0.9313980137509549,0.9357524828113063,0.9172014260249555,0.930226636108989,0.94288260758849,0.9562388591800357,0.9646676852559205,0.9725744843391902,0.97825311942959,0.9830022918258212,0.9846956964604023,0.9845811051693405],"eval_acc":[0.8237388120423108,0.8390968266883645,0.8485557363710333,0.8495728234336859,0.8498779495524816,0.8493694060211554,0.8488608624898292,0.849979658258747,0.8498779495524816,0.8504882017900732,0.8467249796582588,0.8479454841334418,0.8453010577705452,0.8413344182262001,0.8440805532953621,0.8458096013018714,0.8460130187144019,0.8451993490642798,0.845606183889341,0.8458096013018714]}
[Eval] Epoch:  11, Total:   9815, Accuracy : 0.8466, Loss: 0.3124
9815 8309 31.831617683172226
[Eval] Epoch:  11, Total:   9832, Accuracy : 0.8458, Loss: 0.6639
9832 8316 31.23881208896637
