random_0.5_model_0
DatasetDict({
    train: Dataset({
        features: ['premise', 'hypothesis', 'label', 'indexes'],
        num_rows: 196351
    })
    validation_matched: Dataset({
        features: ['premise', 'hypothesis', 'label', 'indexes'],
        num_rows: 9815
    })
    validation_mismatched: Dataset({
        features: ['premise', 'hypothesis', 'label', 'indexes'],
        num_rows: 9832
    })
    test_matched: Dataset({
        features: ['premise', 'hypothesis', 'label', 'indexes'],
        num_rows: 0
    })
    test_mismatched: Dataset({
        features: ['premise', 'hypothesis', 'label', 'indexes'],
        num_rows: 0
    })
})
[Train] Epoch:   0, Total: 196351, Accuracy : 0.7729, Loss: 0.4778
[Eval] Epoch:   0, Total:   9815, Accuracy : 0.8488, Loss: 0.2434
[Eval] Epoch:   0, Total:   9832, Accuracy : 0.8475, Loss: 0.4195
[Train] Epoch:   1, Total: 196351, Accuracy : 0.8558, Loss: 0.3591
[Eval] Epoch:   1, Total:   9815, Accuracy : 0.8573, Loss: 0.2544
[Eval] Epoch:   1, Total:   9832, Accuracy : 0.8522, Loss: 0.4020
[Train] Epoch:   2, Total: 196351, Accuracy : 0.8850, Loss: 0.2984
[Eval] Epoch:   2, Total:   9815, Accuracy : 0.8603, Loss: 0.2034
[Eval] Epoch:   2, Total:   9832, Accuracy : 0.8568, Loss: 0.4204
[Train] Epoch:   3, Total: 196351, Accuracy : 0.9080, Loss: 0.2327
[Eval] Epoch:   3, Total:   9815, Accuracy : 0.8600, Loss: 0.1721
[Eval] Epoch:   3, Total:   9832, Accuracy : 0.8588, Loss: 0.4169
[Train] Epoch:   4, Total: 196351, Accuracy : 0.9263, Loss: 0.1988
[Eval] Epoch:   4, Total:   9815, Accuracy : 0.8570, Loss: 0.1809
[Eval] Epoch:   4, Total:   9832, Accuracy : 0.8558, Loss: 0.4404
[Train] Epoch:   5, Total: 196351, Accuracy : 0.9407, Loss: 0.1217
[Eval] Epoch:   5, Total:   9815, Accuracy : 0.8639, Loss: 0.1717
[Eval] Epoch:   5, Total:   9832, Accuracy : 0.8567, Loss: 0.4680
[Train] Epoch:   6, Total: 196351, Accuracy : 0.9516, Loss: 0.1702
[Eval] Epoch:   6, Total:   9815, Accuracy : 0.8639, Loss: 0.2050
[Eval] Epoch:   6, Total:   9832, Accuracy : 0.8560, Loss: 0.4825
[Train] Epoch:   7, Total: 196351, Accuracy : 0.9587, Loss: 0.1180
[Eval] Epoch:   7, Total:   9815, Accuracy : 0.8643, Loss: 0.1943
[Eval] Epoch:   7, Total:   9832, Accuracy : 0.8591, Loss: 0.5115
[Train] Epoch:   8, Total: 196351, Accuracy : 0.9625, Loss: 0.1178
[Eval] Epoch:   8, Total:   9815, Accuracy : 0.8627, Loss: 0.1994
[Eval] Epoch:   8, Total:   9832, Accuracy : 0.8575, Loss: 0.5212
[Train] Epoch:   9, Total: 196351, Accuracy : 0.9647, Loss: 0.0776
[Eval] Epoch:   9, Total:   9815, Accuracy : 0.8638, Loss: 0.1926
[Eval] Epoch:   9, Total:   9832, Accuracy : 0.8583, Loss: 0.5244
[Train] Epoch:  10, Total: 196351, Accuracy : 0.9496, Loss: 0.2852
[Eval] Epoch:  10, Total:   9815, Accuracy : 0.8567, Loss: 0.2312
[Eval] Epoch:  10, Total:   9832, Accuracy : 0.8520, Loss: 0.4253
[Train] Epoch:  11, Total: 196351, Accuracy : 0.9562, Loss: 0.1654
[Eval] Epoch:  11, Total:   9815, Accuracy : 0.8577, Loss: 0.1694
[Eval] Epoch:  11, Total:   9832, Accuracy : 0.8539, Loss: 0.4876
[Train] Epoch:  12, Total: 196351, Accuracy : 0.9648, Loss: 0.0903
[Eval] Epoch:  12, Total:   9815, Accuracy : 0.8598, Loss: 0.2187
[Eval] Epoch:  12, Total:   9832, Accuracy : 0.8521, Loss: 0.4754
[Train] Epoch:  13, Total: 196351, Accuracy : 0.9726, Loss: 0.0910
[Eval] Epoch:  13, Total:   9815, Accuracy : 0.8578, Loss: 0.2855
[Eval] Epoch:  13, Total:   9832, Accuracy : 0.8551, Loss: 0.5332
[Train] Epoch:  14, Total: 196351, Accuracy : 0.9788, Loss: 0.0868
[Eval] Epoch:  14, Total:   9815, Accuracy : 0.8571, Loss: 0.2246
[Eval] Epoch:  14, Total:   9832, Accuracy : 0.8562, Loss: 0.5734
[Train] Epoch:  15, Total: 196351, Accuracy : 0.9833, Loss: 0.0428
[Eval] Epoch:  15, Total:   9815, Accuracy : 0.8593, Loss: 0.2751
[Eval] Epoch:  15, Total:   9832, Accuracy : 0.8543, Loss: 0.5965
[Train] Epoch:  16, Total: 196351, Accuracy : 0.9869, Loss: 0.0263
[Eval] Epoch:  16, Total:   9815, Accuracy : 0.8595, Loss: 0.3787
[Eval] Epoch:  16, Total:   9832, Accuracy : 0.8530, Loss: 0.5629
[Train] Epoch:  17, Total: 196351, Accuracy : 0.9890, Loss: 0.0787
[Eval] Epoch:  17, Total:   9815, Accuracy : 0.8614, Loss: 0.3156
[Eval] Epoch:  17, Total:   9832, Accuracy : 0.8550, Loss: 0.6091
[Train] Epoch:  18, Total: 196351, Accuracy : 0.9906, Loss: 0.0189
[Eval] Epoch:  18, Total:   9815, Accuracy : 0.8635, Loss: 0.3308
[Eval] Epoch:  18, Total:   9832, Accuracy : 0.8573, Loss: 0.6328
[Train] Epoch:  19, Total: 196351, Accuracy : 0.9914, Loss: 0.0213
[Eval] Epoch:  19, Total:   9815, Accuracy : 0.8635, Loss: 0.3345
[Eval] Epoch:  19, Total:   9832, Accuracy : 0.8570, Loss: 0.6551
{"epoch":[1,2,3,4,5,6,7,8,9,10,11,12,13,14,15,16,17,18,19,20],"train_loss":[0.542090998323831,0.37724234837907544,0.30711549277644423,0.24923350695991764,0.2033205409637486,0.1660824281295866,0.13884819147445387,0.12032522569559854,0.11033748774613208,0.10509463860574415,0.14364468181964782,0.12589888216871792,0.10238485357382929,0.08178798531363032,0.06424902459774093,0.05120241027956797,0.04087249701478393,0.03437917629400125,0.029954411718396974,0.02768248128565089],"eval_loss":[0.3979749702490293,0.38395881767456347,0.3941002977200044,0.43326533757723296,0.46545792390138674,0.4826407180382655,0.5153450415684626,0.5624624345547113,0.5723757231846834,0.5787483958097605,0.5132783582577338,0.557351807753245,0.6165256538452246,0.6456351654651837,0.6996929026567019,0.7306923025693649,0.7837648666821994,0.7925479289812919,0.8207369370338244,0.8266012210112351],"train_acc":[0.7729270541020927,0.8558092395760654,0.8850171376769154,0.9080371375750569,0.9263410932462783,0.9406521993776451,0.9515510488869423,0.95872188071362,0.9625415709622054,0.9646602258200875,0.9496412037626495,0.9562467214325366,0.964848663872351,0.9726357390591339,0.9787828938991907,0.9832646637908643,0.9869468451905007,0.989034942526394,0.990593376147817,0.9913827787991912],"eval_acc":[0.8475386493083807,0.8522172497965825,0.8567941415785191,0.8588283157038242,0.8557770545158666,0.8566924328722538,0.8559804719283971,0.85913344182262,0.8575061025223759,0.858319772172498,0.852013832384052,0.853946297803092,0.8521155410903173,0.8550650935720098,0.8561838893409276,0.8542514239218877,0.8530309194467046,0.8549633848657445,0.8573026851098454,0.8569975589910497]}
[Eval] Epoch:  11, Total:   9815, Accuracy : 0.8635, Loss: 0.3345
9815 8475 30.701946884393692
[Eval] Epoch:  11, Total:   9832, Accuracy : 0.8570, Loss: 0.6551
9832 8426 32.23744761943817
