pruned_3_0.01_model_0
DatasetDict({
    train: Dataset({
        features: ['premise', 'hypothesis', 'label', 'indexes'],
        num_rows: 3927
    })
    validation_matched: Dataset({
        features: ['premise', 'hypothesis', 'label', 'indexes'],
        num_rows: 9815
    })
    validation_mismatched: Dataset({
        features: ['premise', 'hypothesis', 'label', 'indexes'],
        num_rows: 9832
    })
    test_matched: Dataset({
        features: ['premise', 'hypothesis', 'label', 'indexes'],
        num_rows: 0
    })
    test_mismatched: Dataset({
        features: ['premise', 'hypothesis', 'label', 'indexes'],
        num_rows: 0
    })
})
[Train] Epoch:   0, Total:   3927, Accuracy : 0.3099, Loss: 1.0991
[Eval] Epoch:   0, Total:   9815, Accuracy : 0.3173, Loss: 1.0982
[Eval] Epoch:   0, Total:   9832, Accuracy : 0.3114, Loss: 1.0991
[Train] Epoch:   1, Total:   3927, Accuracy : 0.4001, Loss: 1.0801
[Eval] Epoch:   1, Total:   9815, Accuracy : 0.3182, Loss: 1.1001
[Eval] Epoch:   1, Total:   9832, Accuracy : 0.3182, Loss: 1.1115
[Train] Epoch:   2, Total:   3927, Accuracy : 0.4016, Loss: 1.0865
[Eval] Epoch:   2, Total:   9815, Accuracy : 0.3182, Loss: 1.0974
[Eval] Epoch:   2, Total:   9832, Accuracy : 0.3182, Loss: 1.1062
[Train] Epoch:   3, Total:   3927, Accuracy : 0.4156, Loss: 0.9944
[Eval] Epoch:   3, Total:   9815, Accuracy : 0.5175, Loss: 0.9978
[Eval] Epoch:   3, Total:   9832, Accuracy : 0.5195, Loss: 0.9589
[Train] Epoch:   4, Total:   3927, Accuracy : 0.5169, Loss: 0.9730
[Eval] Epoch:   4, Total:   9815, Accuracy : 0.5692, Loss: 0.8797
[Eval] Epoch:   4, Total:   9832, Accuracy : 0.5790, Loss: 0.8332
[Train] Epoch:   5, Total:   3927, Accuracy : 0.5946, Loss: 0.8259
[Eval] Epoch:   5, Total:   9815, Accuracy : 0.6811, Loss: 0.7300
[Eval] Epoch:   5, Total:   9832, Accuracy : 0.6928, Loss: 0.6977
[Train] Epoch:   6, Total:   3927, Accuracy : 0.6858, Loss: 0.5940
[Eval] Epoch:   6, Total:   9815, Accuracy : 0.7125, Loss: 0.7144
[Eval] Epoch:   6, Total:   9832, Accuracy : 0.7257, Loss: 0.6686
[Train] Epoch:   7, Total:   3927, Accuracy : 0.7306, Loss: 0.6342
[Eval] Epoch:   7, Total:   9815, Accuracy : 0.7174, Loss: 0.6205
[Eval] Epoch:   7, Total:   9832, Accuracy : 0.7281, Loss: 0.6552
[Train] Epoch:   8, Total:   3927, Accuracy : 0.7695, Loss: 0.5703
[Eval] Epoch:   8, Total:   9815, Accuracy : 0.7365, Loss: 0.6598
[Eval] Epoch:   8, Total:   9832, Accuracy : 0.7520, Loss: 0.6125
[Train] Epoch:   9, Total:   3927, Accuracy : 0.7976, Loss: 0.7020
[Eval] Epoch:   9, Total:   9815, Accuracy : 0.7374, Loss: 0.6851
[Eval] Epoch:   9, Total:   9832, Accuracy : 0.7520, Loss: 0.6058
[Train] Epoch:  10, Total:   3927, Accuracy : 0.8085, Loss: 0.5298
[Eval] Epoch:  10, Total:   9815, Accuracy : 0.7389, Loss: 0.6714
[Eval] Epoch:  10, Total:   9832, Accuracy : 0.7489, Loss: 0.5993
[Train] Epoch:  11, Total:   3927, Accuracy : 0.7667, Loss: 0.4701
[Eval] Epoch:  11, Total:   9815, Accuracy : 0.7262, Loss: 0.6399
[Eval] Epoch:  11, Total:   9832, Accuracy : 0.7386, Loss: 0.6253
[Train] Epoch:  12, Total:   3927, Accuracy : 0.8054, Loss: 0.5763
[Eval] Epoch:  12, Total:   9815, Accuracy : 0.7511, Loss: 0.6833
[Eval] Epoch:  12, Total:   9832, Accuracy : 0.7594, Loss: 0.6381
[Train] Epoch:  13, Total:   3927, Accuracy : 0.8373, Loss: 0.4198
[Eval] Epoch:  13, Total:   9815, Accuracy : 0.7291, Loss: 0.6394
[Eval] Epoch:  13, Total:   9832, Accuracy : 0.7382, Loss: 0.7058
[Train] Epoch:  14, Total:   3927, Accuracy : 0.8765, Loss: 0.3976
[Eval] Epoch:  14, Total:   9815, Accuracy : 0.7441, Loss: 0.7028
[Eval] Epoch:  14, Total:   9832, Accuracy : 0.7555, Loss: 0.5969
[Train] Epoch:  15, Total:   3927, Accuracy : 0.8910, Loss: 0.3348
[Eval] Epoch:  15, Total:   9815, Accuracy : 0.7471, Loss: 0.7216
[Eval] Epoch:  15, Total:   9832, Accuracy : 0.7596, Loss: 0.5819
[Train] Epoch:  16, Total:   3927, Accuracy : 0.9137, Loss: 0.1583
[Eval] Epoch:  16, Total:   9815, Accuracy : 0.7501, Loss: 0.7823
[Eval] Epoch:  16, Total:   9832, Accuracy : 0.7617, Loss: 0.6248
[Train] Epoch:  17, Total:   3927, Accuracy : 0.9282, Loss: 0.2236
[Eval] Epoch:  17, Total:   9815, Accuracy : 0.7494, Loss: 0.7696
[Eval] Epoch:  17, Total:   9832, Accuracy : 0.7592, Loss: 0.6547
[Train] Epoch:  18, Total:   3927, Accuracy : 0.9318, Loss: 0.2539
[Eval] Epoch:  18, Total:   9815, Accuracy : 0.7436, Loss: 0.7818
[Eval] Epoch:  18, Total:   9832, Accuracy : 0.7543, Loss: 0.6488
[Train] Epoch:  19, Total:   3927, Accuracy : 0.9389, Loss: 0.1237
[Eval] Epoch:  19, Total:   9815, Accuracy : 0.7443, Loss: 0.7704
[Eval] Epoch:  19, Total:   9832, Accuracy : 0.7562, Loss: 0.6543
{"epoch":[1,2,3,4,5,6,7,8,9,10,11,12,13,14,15,16,17,18,19,20],"train_loss":[1.1052093803882599,1.0893910229206085,1.0859665125608444,1.0606319271028042,0.9711727611720562,0.8692620061337948,0.7420374639332294,0.6617786772549152,0.5958301834762096,0.5511649213731289,0.5246183630079031,0.6234020832926035,0.5211734920740128,0.44546285830438137,0.36879132129251957,0.3111284030601382,0.2554207472130656,0.23057912290096283,0.21807454153895378,0.19525784673169255],"eval_loss":[1.0996882426433074,1.114741747195904,1.1091084694251037,0.9852571594409454,0.8927134749216911,0.7426363978630457,0.6823501877295666,0.6796321807763516,0.6402450066346389,0.6409258811901777,0.6462128620881301,0.6748710458095257,0.6536975823915921,0.7213717637917935,0.7024766176174848,0.7083061948800699,0.7228422516431564,0.7422142227490743,0.755688068194267,0.7549866315646049],"train_acc":[0.3099057804940158,0.40005092946269416,0.40157881334351925,0.4155844155844156,0.5169340463458111,0.5946014769544181,0.6857652151769799,0.7305831423478483,0.7695441813088872,0.7975553857906799,0.8085052202699261,0.7667430608607079,0.805449452508276,0.8372803666921314,0.8764960529666412,0.8910109498344793,0.9136745607333843,0.9281894576012223,0.9317545199898141,0.9388846447669977],"eval_acc":[0.3114320585842148,0.318246541903987,0.318246541903987,0.5195280716029292,0.5790276647681042,0.692839707078926,0.7256916192026037,0.7281326281529699,0.7520341741253052,0.7520341741253052,0.7488812042310822,0.7386086248982913,0.7593572009764036,0.7382017900732303,0.7554922701383239,0.7595606183889341,0.7616965012205045,0.7591537835638731,0.7542717656631408,0.7562042310821806]}
[Eval] Epoch:  11, Total:   9815, Accuracy : 0.7443, Loss: 0.7704
9815 7305 30.50891613960266
[Eval] Epoch:  11, Total:   9832, Accuracy : 0.7562, Loss: 0.6543
9832 7435 29.444478631019592
