pruned_1_0.5_model_0
DatasetDict({
    train: Dataset({
        features: ['premise', 'hypothesis', 'label', 'indexes'],
        num_rows: 196347
    })
    validation_matched: Dataset({
        features: ['premise', 'hypothesis', 'label', 'indexes'],
        num_rows: 9815
    })
    validation_mismatched: Dataset({
        features: ['premise', 'hypothesis', 'label', 'indexes'],
        num_rows: 9832
    })
    test_matched: Dataset({
        features: ['premise', 'hypothesis', 'label', 'indexes'],
        num_rows: 0
    })
    test_mismatched: Dataset({
        features: ['premise', 'hypothesis', 'label', 'indexes'],
        num_rows: 0
    })
})
[Train] Epoch:   0, Total: 196347, Accuracy : 0.7710, Loss: 0.4132
[Eval] Epoch:   0, Total:   9815, Accuracy : 0.8478, Loss: 0.2577
[Eval] Epoch:   0, Total:   9832, Accuracy : 0.8484, Loss: 0.4256
[Train] Epoch:   1, Total: 196347, Accuracy : 0.8563, Loss: 0.3917
[Eval] Epoch:   1, Total:   9815, Accuracy : 0.8590, Loss: 0.2224
[Eval] Epoch:   1, Total:   9832, Accuracy : 0.8575, Loss: 0.4261
[Train] Epoch:   2, Total: 196347, Accuracy : 0.8862, Loss: 0.3069
[Eval] Epoch:   2, Total:   9815, Accuracy : 0.8573, Loss: 0.1761
[Eval] Epoch:   2, Total:   9832, Accuracy : 0.8583, Loss: 0.4418
[Train] Epoch:   3, Total: 196347, Accuracy : 0.9097, Loss: 0.2207
[Eval] Epoch:   3, Total:   9815, Accuracy : 0.8592, Loss: 0.2109
[Eval] Epoch:   3, Total:   9832, Accuracy : 0.8563, Loss: 0.4947
[Train] Epoch:   4, Total: 196347, Accuracy : 0.9283, Loss: 0.1909
[Eval] Epoch:   4, Total:   9815, Accuracy : 0.8586, Loss: 0.2200
[Eval] Epoch:   4, Total:   9832, Accuracy : 0.8555, Loss: 0.4784
[Train] Epoch:   5, Total: 196347, Accuracy : 0.9417, Loss: 0.1162
[Eval] Epoch:   5, Total:   9815, Accuracy : 0.8590, Loss: 0.2277
[Eval] Epoch:   5, Total:   9832, Accuracy : 0.8559, Loss: 0.5781
[Train] Epoch:   6, Total: 196347, Accuracy : 0.9525, Loss: 0.1301
[Eval] Epoch:   6, Total:   9815, Accuracy : 0.8581, Loss: 0.2541
[Eval] Epoch:   6, Total:   9832, Accuracy : 0.8565, Loss: 0.6271
[Train] Epoch:   7, Total: 196347, Accuracy : 0.9590, Loss: 0.1679
[Eval] Epoch:   7, Total:   9815, Accuracy : 0.8570, Loss: 0.2501
[Eval] Epoch:   7, Total:   9832, Accuracy : 0.8582, Loss: 0.5778
[Train] Epoch:   8, Total: 196347, Accuracy : 0.9642, Loss: 0.1133
[Eval] Epoch:   8, Total:   9815, Accuracy : 0.8561, Loss: 0.2463
[Eval] Epoch:   8, Total:   9832, Accuracy : 0.8572, Loss: 0.6168
[Train] Epoch:   9, Total: 196347, Accuracy : 0.9654, Loss: 0.0725
[Eval] Epoch:   9, Total:   9815, Accuracy : 0.8567, Loss: 0.2384
[Eval] Epoch:   9, Total:   9832, Accuracy : 0.8575, Loss: 0.6166
[Train] Epoch:  10, Total: 196347, Accuracy : 0.9498, Loss: 0.1675
[Eval] Epoch:  10, Total:   9815, Accuracy : 0.8563, Loss: 0.2523
[Eval] Epoch:  10, Total:   9832, Accuracy : 0.8558, Loss: 0.6401
[Train] Epoch:  11, Total: 196347, Accuracy : 0.9569, Loss: 0.1676
[Eval] Epoch:  11, Total:   9815, Accuracy : 0.8540, Loss: 0.2751
[Eval] Epoch:  11, Total:   9832, Accuracy : 0.8533, Loss: 0.6168
[Train] Epoch:  12, Total: 196347, Accuracy : 0.9658, Loss: 0.0897
[Eval] Epoch:  12, Total:   9815, Accuracy : 0.8521, Loss: 0.2463
[Eval] Epoch:  12, Total:   9832, Accuracy : 0.8549, Loss: 0.7047
[Train] Epoch:  13, Total: 196347, Accuracy : 0.9732, Loss: 0.0844
[Eval] Epoch:  13, Total:   9815, Accuracy : 0.8516, Loss: 0.3453
[Eval] Epoch:  13, Total:   9832, Accuracy : 0.8566, Loss: 0.7655
[Train] Epoch:  14, Total: 196347, Accuracy : 0.9791, Loss: 0.0324
[Eval] Epoch:  14, Total:   9815, Accuracy : 0.8566, Loss: 0.3217
[Eval] Epoch:  14, Total:   9832, Accuracy : 0.8531, Loss: 0.6865
[Train] Epoch:  15, Total: 196347, Accuracy : 0.9840, Loss: 0.0646
[Eval] Epoch:  15, Total:   9815, Accuracy : 0.8588, Loss: 0.3458
[Eval] Epoch:  15, Total:   9832, Accuracy : 0.8540, Loss: 0.7714
[Train] Epoch:  16, Total: 196347, Accuracy : 0.9873, Loss: 0.0294
[Eval] Epoch:  16, Total:   9815, Accuracy : 0.8549, Loss: 0.4383
[Eval] Epoch:  16, Total:   9832, Accuracy : 0.8556, Loss: 0.7937
[Train] Epoch:  17, Total: 196347, Accuracy : 0.9898, Loss: 0.0461
[Eval] Epoch:  17, Total:   9815, Accuracy : 0.8560, Loss: 0.4101
[Eval] Epoch:  17, Total:   9832, Accuracy : 0.8564, Loss: 0.8688
[Train] Epoch:  18, Total: 196347, Accuracy : 0.9913, Loss: 0.0216
[Eval] Epoch:  18, Total:   9815, Accuracy : 0.8569, Loss: 0.4398
[Eval] Epoch:  18, Total:   9832, Accuracy : 0.8574, Loss: 0.8908
[Train] Epoch:  19, Total: 196347, Accuracy : 0.9922, Loss: 0.0335
[Eval] Epoch:  19, Total:   9815, Accuracy : 0.8579, Loss: 0.4437
[Eval] Epoch:  19, Total:   9832, Accuracy : 0.8573, Loss: 0.9015
{"epoch":[1,2,3,4,5,6,7,8,9,10,11,12,13,14,15,16,17,18,19,20],"train_loss":[0.5429951687679764,0.3777852261043123,0.30381174680850964,0.24618651314773335,0.19962890588980767,0.16359692218445115,0.1360787778529381,0.11901038362507403,0.10609382727077762,0.10273989900519205,0.14224814135469546,0.1242785680907957,0.09919022012021116,0.07928400861179502,0.06333536787063,0.049195606843720166,0.03978350697476247,0.03185261976255548,0.027537530499378116,0.025487853470045924],"eval_loss":[0.39102921195519275,0.382339514983006,0.3996155124444228,0.42300993509781665,0.47638621620642835,0.4998260537783305,0.5431457352943909,0.5658385188151629,0.5850390791893005,0.5916344974285517,0.5792545485190856,0.5574237001247895,0.6303698749114306,0.6676297241296524,0.6623122134269812,0.7414767956122373,0.7725724608470232,0.8290874682939969,0.8432622903432602,0.8483758897353442],"train_acc":[0.7709667069015569,0.8562595812515598,0.8861810977504112,0.9097261480949543,0.92826475576403,0.941700153300025,0.952502457384121,0.959021528212807,0.9641807616108217,0.9654030873912003,0.9497929685709484,0.9568773650730594,0.965759599077144,0.973195414241114,0.979138973348205,0.9839722532047854,0.9872623467636379,0.9897986727579234,0.9913265799833968,0.9922127661741712],"eval_acc":[0.8483523189585028,0.8575061025223759,0.858319772172498,0.8562855980471928,0.8554719283970708,0.8558787632221319,0.8564890154597233,0.8582180634662328,0.8572009764035802,0.8575061025223759,0.8557770545158666,0.8533360455655004,0.8548616761594793,0.8565907241659886,0.8531326281529699,0.8540480065093572,0.855573637103336,0.8563873067534581,0.8574043938161107,0.8573026851098454]}
[Eval] Epoch:  11, Total:   9815, Accuracy : 0.8579, Loss: 0.4437
9815 8420 33.25529462099075
[Eval] Epoch:  11, Total:   9832, Accuracy : 0.8573, Loss: 0.9015
9832 8429 33.08665969967842
