pruned_2_0.1_model_0
DatasetDict({
    train: Dataset({
        features: ['premise', 'hypothesis', 'label', 'indexes'],
        num_rows: 39270
    })
    validation_matched: Dataset({
        features: ['premise', 'hypothesis', 'label', 'indexes'],
        num_rows: 9815
    })
    validation_mismatched: Dataset({
        features: ['premise', 'hypothesis', 'label', 'indexes'],
        num_rows: 9832
    })
    test_matched: Dataset({
        features: ['premise', 'hypothesis', 'label', 'indexes'],
        num_rows: 0
    })
    test_mismatched: Dataset({
        features: ['premise', 'hypothesis', 'label', 'indexes'],
        num_rows: 0
    })
})
[Train] Epoch:   0, Total:  39270, Accuracy : 0.8079, Loss: 0.1644
[Eval] Epoch:   0, Total:   9815, Accuracy : 0.7492, Loss: 0.4665
[Eval] Epoch:   0, Total:   9832, Accuracy : 0.7595, Loss: 0.7771
[Train] Epoch:   1, Total:  39270, Accuracy : 0.9614, Loss: 0.0358
[Eval] Epoch:   1, Total:   9815, Accuracy : 0.7777, Loss: 0.5377
[Eval] Epoch:   1, Total:   9832, Accuracy : 0.7809, Loss: 0.7942
[Train] Epoch:   2, Total:  39270, Accuracy : 0.9700, Loss: 0.1600
[Eval] Epoch:   2, Total:   9815, Accuracy : 0.7846, Loss: 0.3230
[Eval] Epoch:   2, Total:   9832, Accuracy : 0.7859, Loss: 0.7794
[Train] Epoch:   3, Total:  39270, Accuracy : 0.9754, Loss: 0.0980
[Eval] Epoch:   3, Total:   9815, Accuracy : 0.7771, Loss: 0.3031
[Eval] Epoch:   3, Total:   9832, Accuracy : 0.7809, Loss: 0.7429
[Train] Epoch:   4, Total:  39270, Accuracy : 0.9826, Loss: 0.0851
[Eval] Epoch:   4, Total:   9815, Accuracy : 0.7930, Loss: 0.5023
[Eval] Epoch:   4, Total:   9832, Accuracy : 0.7977, Loss: 0.9404
[Train] Epoch:   5, Total:  39270, Accuracy : 0.9861, Loss: 0.0077
[Eval] Epoch:   5, Total:   9815, Accuracy : 0.7910, Loss: 0.4718
[Eval] Epoch:   5, Total:   9832, Accuracy : 0.7908, Loss: 0.9131
[Train] Epoch:   6, Total:  39270, Accuracy : 0.9895, Loss: 0.0463
[Eval] Epoch:   6, Total:   9815, Accuracy : 0.7956, Loss: 0.4028
[Eval] Epoch:   6, Total:   9832, Accuracy : 0.7936, Loss: 0.9093
[Train] Epoch:   7, Total:  39270, Accuracy : 0.9912, Loss: 0.0079
[Eval] Epoch:   7, Total:   9815, Accuracy : 0.7936, Loss: 0.4175
[Eval] Epoch:   7, Total:   9832, Accuracy : 0.7945, Loss: 1.0043
[Train] Epoch:   8, Total:  39270, Accuracy : 0.9924, Loss: 0.0568
[Eval] Epoch:   8, Total:   9815, Accuracy : 0.7932, Loss: 0.3980
[Eval] Epoch:   8, Total:   9832, Accuracy : 0.7962, Loss: 0.9622
[Train] Epoch:   9, Total:  39270, Accuracy : 0.9928, Loss: 0.0367
[Eval] Epoch:   9, Total:   9815, Accuracy : 0.7944, Loss: 0.4049
[Eval] Epoch:   9, Total:   9832, Accuracy : 0.7961, Loss: 0.9584
[Train] Epoch:  10, Total:  39270, Accuracy : 0.9901, Loss: 0.0059
[Eval] Epoch:  10, Total:   9815, Accuracy : 0.7907, Loss: 0.5533
[Eval] Epoch:  10, Total:   9832, Accuracy : 0.7881, Loss: 1.0483
[Train] Epoch:  11, Total:  39270, Accuracy : 0.9895, Loss: 0.0166
[Eval] Epoch:  11, Total:   9815, Accuracy : 0.7795, Loss: 0.3542
[Eval] Epoch:  11, Total:   9832, Accuracy : 0.7784, Loss: 1.1100
[Train] Epoch:  12, Total:  39270, Accuracy : 0.9922, Loss: 0.1046
[Eval] Epoch:  12, Total:   9815, Accuracy : 0.7611, Loss: 0.6437
[Eval] Epoch:  12, Total:   9832, Accuracy : 0.7679, Loss: 1.1928
[Train] Epoch:  13, Total:  39270, Accuracy : 0.9928, Loss: 0.0245
[Eval] Epoch:  13, Total:   9815, Accuracy : 0.7867, Loss: 0.4534
[Eval] Epoch:  13, Total:   9832, Accuracy : 0.7870, Loss: 1.2897
[Train] Epoch:  14, Total:  39270, Accuracy : 0.9941, Loss: 0.0033
[Eval] Epoch:  14, Total:   9815, Accuracy : 0.7901, Loss: 0.4655
[Eval] Epoch:  14, Total:   9832, Accuracy : 0.7932, Loss: 1.1883
[Train] Epoch:  15, Total:  39270, Accuracy : 0.9949, Loss: 0.0057
[Eval] Epoch:  15, Total:   9815, Accuracy : 0.7910, Loss: 0.4968
[Eval] Epoch:  15, Total:   9832, Accuracy : 0.7942, Loss: 1.1030
[Train] Epoch:  16, Total:  39270, Accuracy : 0.9957, Loss: 0.0165
[Eval] Epoch:  16, Total:   9815, Accuracy : 0.7930, Loss: 0.4893
[Eval] Epoch:  16, Total:   9832, Accuracy : 0.7947, Loss: 1.1709
[Train] Epoch:  17, Total:  39270, Accuracy : 0.9965, Loss: 0.0027
[Eval] Epoch:  17, Total:   9815, Accuracy : 0.7945, Loss: 0.5856
[Eval] Epoch:  17, Total:   9832, Accuracy : 0.7940, Loss: 1.2183
[Train] Epoch:  18, Total:  39270, Accuracy : 0.9968, Loss: 0.0036
[Eval] Epoch:  18, Total:   9815, Accuracy : 0.7917, Loss: 0.5698
[Eval] Epoch:  18, Total:   9832, Accuracy : 0.7955, Loss: 1.2202
[Train] Epoch:  19, Total:  39270, Accuracy : 0.9970, Loss: 0.0052
[Eval] Epoch:  19, Total:   9815, Accuracy : 0.7905, Loss: 0.5841
[Eval] Epoch:  19, Total:   9832, Accuracy : 0.7940, Loss: 1.2231
{"epoch":[1,2,3,4,5,6,7,8,9,10,11,12,13,14,15,16,17,18,19,20],"train_loss":[0.44490640349202343,0.12515029395845803,0.09975739570890928,0.08335374017524255,0.06636526362438287,0.05523529660573544,0.04512679334971812,0.03910622445340329,0.035630297883377446,0.03370006534561225,0.04438507123306006,0.04333543748739962,0.0369387578397578,0.03262157598661573,0.02750263471071693,0.022407550981582758,0.01833585938801626,0.013988053154762738,0.012665391018970979,0.011545538565131849],"eval_loss":[0.7165363201728234,0.7758199740678836,0.6882101832292019,0.6777208432173117,0.8128102161945441,0.8873876501352359,0.8571215699880551,0.9171359218083895,0.9231644792434497,0.9196297113712018,1.0206715449308739,1.0406408325219765,1.1902302931516597,1.031003080881559,1.106493278955802,1.0870039845124269,1.1000751302792475,1.1517962920360076,1.16912075647941,1.1733567271477137],"train_acc":[0.807868601986249,0.9614209320091673,0.9700280112044818,0.9754265342500636,0.9826075884899415,0.9861471861471861,0.9895085306850012,0.9911892029539089,0.992436974789916,0.9928189457601222,0.9900687547746372,0.9894830659536542,0.9921568627450981,0.9928189457601222,0.9940921823274764,0.9949325184619302,0.9956709956709957,0.9964858670741024,0.9967659791189203,0.9969951617010441],"eval_acc":[0.7594589096826688,0.7809194467046379,0.7859031733116355,0.7809194467046379,0.7977013832384052,0.7907851912123678,0.7936330349877949,0.7945484133441822,0.7961757526444264,0.7960740439381611,0.7881407648494712,0.7783767290480065,0.7679007323026851,0.7870219690805533,0.7932262001627339,0.7942432872253865,0.7946501220504475,0.794039869812856,0.7954637917005696,0.794039869812856]}
[Eval] Epoch:  11, Total:   9815, Accuracy : 0.7905, Loss: 0.5841
9815 7759 46.082998156547546
[Eval] Epoch:  11, Total:   9832, Accuracy : 0.7940, Loss: 1.2231
9832 7807 45.760912358760834
