pruned_2_0.02_model_0
DatasetDict({
    train: Dataset({
        features: ['premise', 'hypothesis', 'label', 'indexes'],
        num_rows: 7854
    })
    validation_matched: Dataset({
        features: ['premise', 'hypothesis', 'label', 'indexes'],
        num_rows: 9815
    })
    validation_mismatched: Dataset({
        features: ['premise', 'hypothesis', 'label', 'indexes'],
        num_rows: 9832
    })
    test_matched: Dataset({
        features: ['premise', 'hypothesis', 'label', 'indexes'],
        num_rows: 0
    })
    test_mismatched: Dataset({
        features: ['premise', 'hypothesis', 'label', 'indexes'],
        num_rows: 0
    })
})
[Train] Epoch:   0, Total:   7854, Accuracy : 0.4180, Loss: 0.8911
[Eval] Epoch:   0, Total:   9815, Accuracy : 0.3274, Loss: 1.4420
[Eval] Epoch:   0, Total:   9832, Accuracy : 0.3295, Loss: 1.3804
[Train] Epoch:   1, Total:   7854, Accuracy : 0.8040, Loss: 0.2262
[Eval] Epoch:   1, Total:   9815, Accuracy : 0.5211, Loss: 1.1391
[Eval] Epoch:   1, Total:   9832, Accuracy : 0.5295, Loss: 1.1633
[Train] Epoch:   2, Total:   7854, Accuracy : 0.9339, Loss: 0.1560
[Eval] Epoch:   2, Total:   9815, Accuracy : 0.6716, Loss: 0.8152
[Eval] Epoch:   2, Total:   9832, Accuracy : 0.6846, Loss: 0.9290
[Train] Epoch:   3, Total:   7854, Accuracy : 0.9503, Loss: 0.1137
[Eval] Epoch:   3, Total:   9815, Accuracy : 0.6717, Loss: 0.9464
[Eval] Epoch:   3, Total:   9832, Accuracy : 0.6898, Loss: 1.0832
[Train] Epoch:   4, Total:   7854, Accuracy : 0.9637, Loss: 0.1030
[Eval] Epoch:   4, Total:   9815, Accuracy : 0.7026, Loss: 0.9420
[Eval] Epoch:   4, Total:   9832, Accuracy : 0.7167, Loss: 1.1317
[Train] Epoch:   5, Total:   7854, Accuracy : 0.9675, Loss: 0.1314
[Eval] Epoch:   5, Total:   9815, Accuracy : 0.6995, Loss: 0.7249
[Eval] Epoch:   5, Total:   9832, Accuracy : 0.7144, Loss: 1.1048
[Train] Epoch:   6, Total:   7854, Accuracy : 0.9738, Loss: 0.0437
[Eval] Epoch:   6, Total:   9815, Accuracy : 0.7121, Loss: 0.8831
[Eval] Epoch:   6, Total:   9832, Accuracy : 0.7216, Loss: 1.0917
[Train] Epoch:   7, Total:   7854, Accuracy : 0.9768, Loss: 0.0893
[Eval] Epoch:   7, Total:   9815, Accuracy : 0.7066, Loss: 0.9805
[Eval] Epoch:   7, Total:   9832, Accuracy : 0.7127, Loss: 1.1667
[Train] Epoch:   8, Total:   7854, Accuracy : 0.9792, Loss: 0.1106
[Eval] Epoch:   8, Total:   9815, Accuracy : 0.7164, Loss: 0.7884
[Eval] Epoch:   8, Total:   9832, Accuracy : 0.7260, Loss: 1.0567
[Train] Epoch:   9, Total:   7854, Accuracy : 0.9824, Loss: 0.0945
[Eval] Epoch:   9, Total:   9815, Accuracy : 0.7194, Loss: 0.7380
[Eval] Epoch:   9, Total:   9832, Accuracy : 0.7266, Loss: 1.0353
[Train] Epoch:  10, Total:   7854, Accuracy : 0.9808, Loss: 0.1448
[Eval] Epoch:  10, Total:   9815, Accuracy : 0.7060, Loss: 0.9983
[Eval] Epoch:  10, Total:   9832, Accuracy : 0.7145, Loss: 1.0784
[Train] Epoch:  11, Total:   7854, Accuracy : 0.9810, Loss: 0.0484
[Eval] Epoch:  11, Total:   9815, Accuracy : 0.7113, Loss: 0.6544
[Eval] Epoch:  11, Total:   9832, Accuracy : 0.7216, Loss: 1.0902
[Train] Epoch:  12, Total:   7854, Accuracy : 0.9846, Loss: 0.1042
[Eval] Epoch:  12, Total:   9815, Accuracy : 0.6987, Loss: 0.8932
[Eval] Epoch:  12, Total:   9832, Accuracy : 0.7115, Loss: 1.2373
[Train] Epoch:  13, Total:   7854, Accuracy : 0.9868, Loss: 0.0601
[Eval] Epoch:  13, Total:   9815, Accuracy : 0.7053, Loss: 0.6801
[Eval] Epoch:  13, Total:   9832, Accuracy : 0.7098, Loss: 1.1974
[Train] Epoch:  14, Total:   7854, Accuracy : 0.9912, Loss: 0.0074
[Eval] Epoch:  14, Total:   9815, Accuracy : 0.7146, Loss: 0.7573
[Eval] Epoch:  14, Total:   9832, Accuracy : 0.7261, Loss: 1.0436
[Train] Epoch:  15, Total:   7854, Accuracy : 0.9930, Loss: 0.0250
[Eval] Epoch:  15, Total:   9815, Accuracy : 0.7058, Loss: 0.7079
[Eval] Epoch:  15, Total:   9832, Accuracy : 0.7147, Loss: 1.1588
[Train] Epoch:  16, Total:   7854, Accuracy : 0.9947, Loss: 0.0571
[Eval] Epoch:  16, Total:   9815, Accuracy : 0.7160, Loss: 0.9372
[Eval] Epoch:  16, Total:   9832, Accuracy : 0.7234, Loss: 1.1549
[Train] Epoch:  17, Total:   7854, Accuracy : 0.9952, Loss: 0.0107
[Eval] Epoch:  17, Total:   9815, Accuracy : 0.7138, Loss: 0.9167
[Eval] Epoch:  17, Total:   9832, Accuracy : 0.7211, Loss: 1.1709
[Train] Epoch:  18, Total:   7854, Accuracy : 0.9959, Loss: 0.0293
[Eval] Epoch:  18, Total:   9815, Accuracy : 0.7145, Loss: 0.9100
[Eval] Epoch:  18, Total:   9832, Accuracy : 0.7212, Loss: 1.1619
[Train] Epoch:  19, Total:   7854, Accuracy : 0.9967, Loss: 0.0045
[Eval] Epoch:  19, Total:   9815, Accuracy : 0.7148, Loss: 0.9223
[Eval] Epoch:  19, Total:   9832, Accuracy : 0.7217, Loss: 1.1642
{"epoch":[1,2,3,4,5,6,7,8,9,10,11,12,13,14,15,16,17,18,19,20],"train_loss":[1.0342571831518603,0.5386791623407795,0.18341052339922997,0.12783308663675863,0.10317658416686519,0.09178841126061255,0.07978381240560163,0.07319744910684324,0.06802349729884055,0.059409055678594495,0.06446107032318268,0.061091860816363364,0.052296563141768976,0.04940673793035169,0.03766433621246007,0.03283939614231067,0.027408110728907968,0.02499878996863,0.022229209519742478,0.019957809288415215],"eval_loss":[1.3635894090701373,1.0966403377361786,0.9025014776449937,1.094643880159427,1.0704627526112092,0.9892406417773321,1.0385301495209718,1.0841781053787622,1.0459050643138397,1.040059051452539,1.139125359364045,1.0750962434670863,1.2369924034827795,1.1547923928652055,1.1314687835864532,1.2412858742934008,1.2631756770305145,1.2749203856174762,1.2707897501114087,1.2740729099664934],"train_acc":[0.4180035650623886,0.8040488922841864,0.9339190221543163,0.9503437738731857,0.9637127578304049,0.9675324675324676,0.9737713267125032,0.9768270944741533,0.9792462439521263,0.9824293353705118,0.9807741278329514,0.9810287751464222,0.9845938375350141,0.9867583396995162,0.9912146676852559,0.9929971988795518,0.9946524064171123,0.995161701044054,0.9959256429844665,0.996689584924879],"eval_acc":[0.3295362082994304,0.5294955248169243,0.6846013018714402,0.6897884458909682,0.7167412530512612,0.7144019528071603,0.7216232709519935,0.7126729048006509,0.7259967453213995,0.726606997558991,0.7145036615134256,0.7216232709519935,0.7114524003254679,0.7098250610252238,0.7260984540276648,0.7147070789259561,0.7233523189585028,0.7211147274206672,0.7212164361269324,0.7217249796582588]}
[Eval] Epoch:  11, Total:   9815, Accuracy : 0.7148, Loss: 0.9223
9815 7016 50.49247395992279
[Eval] Epoch:  11, Total:   9832, Accuracy : 0.7217, Loss: 1.1642
9832 7096 49.68884348869324
