pruned_1_0.01_model_0
DatasetDict({
    train: Dataset({
        features: ['premise', 'hypothesis', 'label', 'indexes'],
        num_rows: 3909
    })
    validation_matched: Dataset({
        features: ['premise', 'hypothesis', 'label', 'indexes'],
        num_rows: 9815
    })
    validation_mismatched: Dataset({
        features: ['premise', 'hypothesis', 'label', 'indexes'],
        num_rows: 9832
    })
    test_matched: Dataset({
        features: ['premise', 'hypothesis', 'label', 'indexes'],
        num_rows: 0
    })
    test_mismatched: Dataset({
        features: ['premise', 'hypothesis', 'label', 'indexes'],
        num_rows: 0
    })
})
[Train] Epoch:   0, Total:   3909, Accuracy : 0.3336, Loss: 1.0931
[Eval] Epoch:   0, Total:   9815, Accuracy : 0.3274, Loss: 1.0993
[Eval] Epoch:   0, Total:   9832, Accuracy : 0.3295, Loss: 1.0998
[Train] Epoch:   1, Total:   3909, Accuracy : 0.3423, Loss: 1.1002
[Eval] Epoch:   1, Total:   9815, Accuracy : 0.3545, Loss: 1.0994
[Eval] Epoch:   1, Total:   9832, Accuracy : 0.3522, Loss: 1.0978
[Train] Epoch:   2, Total:   3909, Accuracy : 0.3981, Loss: 1.0977
[Eval] Epoch:   2, Total:   9815, Accuracy : 0.4732, Loss: 1.0734
[Eval] Epoch:   2, Total:   9832, Accuracy : 0.4847, Loss: 1.0600
[Train] Epoch:   3, Total:   3909, Accuracy : 0.5505, Loss: 0.7979
[Eval] Epoch:   3, Total:   9815, Accuracy : 0.6519, Loss: 0.8340
[Eval] Epoch:   3, Total:   9832, Accuracy : 0.6711, Loss: 0.7419
[Train] Epoch:   4, Total:   3909, Accuracy : 0.7222, Loss: 0.6510
[Eval] Epoch:   4, Total:   9815, Accuracy : 0.7193, Loss: 0.7289
[Eval] Epoch:   4, Total:   9832, Accuracy : 0.7353, Loss: 0.6562
[Train] Epoch:   5, Total:   3909, Accuracy : 0.7925, Loss: 0.4005
[Eval] Epoch:   5, Total:   9815, Accuracy : 0.7578, Loss: 0.6120
[Eval] Epoch:   5, Total:   9832, Accuracy : 0.7621, Loss: 0.5562
[Train] Epoch:   6, Total:   3909, Accuracy : 0.8488, Loss: 0.4837
[Eval] Epoch:   6, Total:   9815, Accuracy : 0.7534, Loss: 0.7307
[Eval] Epoch:   6, Total:   9832, Accuracy : 0.7632, Loss: 0.5984
[Train] Epoch:   7, Total:   3909, Accuracy : 0.8772, Loss: 0.2699
[Eval] Epoch:   7, Total:   9815, Accuracy : 0.7673, Loss: 0.5905
[Eval] Epoch:   7, Total:   9832, Accuracy : 0.7757, Loss: 0.6098
[Train] Epoch:   8, Total:   3909, Accuracy : 0.9007, Loss: 0.2790
[Eval] Epoch:   8, Total:   9815, Accuracy : 0.7708, Loss: 0.5827
[Eval] Epoch:   8, Total:   9832, Accuracy : 0.7779, Loss: 0.5913
[Train] Epoch:   9, Total:   3909, Accuracy : 0.9092, Loss: 0.2709
[Eval] Epoch:   9, Total:   9815, Accuracy : 0.7699, Loss: 0.6528
[Eval] Epoch:   9, Total:   9832, Accuracy : 0.7754, Loss: 0.5788
[Train] Epoch:  10, Total:   3909, Accuracy : 0.9192, Loss: 0.4952
[Eval] Epoch:  10, Total:   9815, Accuracy : 0.7711, Loss: 0.6502
[Eval] Epoch:  10, Total:   9832, Accuracy : 0.7760, Loss: 0.5853
[Train] Epoch:  11, Total:   3909, Accuracy : 0.9176, Loss: 0.3460
[Eval] Epoch:  11, Total:   9815, Accuracy : 0.7624, Loss: 0.7840
[Eval] Epoch:  11, Total:   9832, Accuracy : 0.7675, Loss: 0.6670
[Train] Epoch:  12, Total:   3909, Accuracy : 0.9207, Loss: 0.1374
[Eval] Epoch:  12, Total:   9815, Accuracy : 0.7704, Loss: 0.6725
[Eval] Epoch:  12, Total:   9832, Accuracy : 0.7761, Loss: 0.6564
[Train] Epoch:  13, Total:   3909, Accuracy : 0.9391, Loss: 0.1630
[Eval] Epoch:  13, Total:   9815, Accuracy : 0.7730, Loss: 0.6445
[Eval] Epoch:  13, Total:   9832, Accuracy : 0.7794, Loss: 0.7625
[Train] Epoch:  14, Total:   3909, Accuracy : 0.9634, Loss: 0.0746
[Eval] Epoch:  14, Total:   9815, Accuracy : 0.7755, Loss: 0.7462
[Eval] Epoch:  14, Total:   9832, Accuracy : 0.7742, Loss: 0.8041
[Train] Epoch:  15, Total:   3909, Accuracy : 0.9632, Loss: 0.1222
[Eval] Epoch:  15, Total:   9815, Accuracy : 0.7717, Loss: 0.7618
[Eval] Epoch:  15, Total:   9832, Accuracy : 0.7723, Loss: 0.7528
[Train] Epoch:  16, Total:   3909, Accuracy : 0.9734, Loss: 0.1463
[Eval] Epoch:  16, Total:   9815, Accuracy : 0.7715, Loss: 0.8612
[Eval] Epoch:  16, Total:   9832, Accuracy : 0.7707, Loss: 0.7743
[Train] Epoch:  17, Total:   3909, Accuracy : 0.9706, Loss: 0.0208
[Eval] Epoch:  17, Total:   9815, Accuracy : 0.7748, Loss: 0.8275
[Eval] Epoch:  17, Total:   9832, Accuracy : 0.7747, Loss: 0.8148
[Train] Epoch:  18, Total:   3909, Accuracy : 0.9795, Loss: 0.0568
[Eval] Epoch:  18, Total:   9815, Accuracy : 0.7763, Loss: 0.8121
[Eval] Epoch:  18, Total:   9832, Accuracy : 0.7758, Loss: 0.8292
[Train] Epoch:  19, Total:   3909, Accuracy : 0.9808, Loss: 0.0602
[Eval] Epoch:  19, Total:   9815, Accuracy : 0.7763, Loss: 0.8228
[Eval] Epoch:  19, Total:   9832, Accuracy : 0.7753, Loss: 0.8280
{"epoch":[1,2,3,4,5,6,7,8,9,10,11,12,13,14,15,16,17,18,19,20],"train_loss":[1.1004812568426132,1.098403051495552,1.093967355787754,0.9590277001261711,0.6896344125270844,0.5392572078853846,0.43318201042711735,0.35306581296026707,0.3056054674088955,0.28160711750388145,0.2753955749794841,0.2672172039747238,0.23373909015208483,0.18658654112368822,0.13518408685922623,0.1254040556959808,0.09550147340632975,0.09333008492831141,0.07631259225308895,0.07226563477888703],"eval_loss":[1.0992370507656,1.096861726198441,1.0610841023616302,0.7939358216065627,0.6723069915404687,0.6050922595537626,0.6471662062865037,0.6311946794008597,0.6377473122034317,0.6490570291494712,0.651411425608855,0.7231217714456412,0.7226394139803373,0.7376791651432331,0.8097405494787754,0.8226327636303046,0.874918499054053,0.8672031958897909,0.8671692304122143,0.8695342051677215],"train_acc":[0.33358915323612176,0.34228702993092863,0.3980557687388079,0.5505244308007163,0.7221795855717574,0.7925300588385776,0.8488104374520338,0.8772064466615502,0.9007418777180864,0.9091839345101049,0.919160910718854,0.9176259913021233,0.9206958301355845,0.9391148631363521,0.9634177539012535,0.9631619339984651,0.9733947301100025,0.9705807111793298,0.979534407776925,0.9808135072908672],"eval_acc":[0.3295362082994304,0.3522172497965826,0.48474369406021156,0.6710740439381611,0.7352522375915378,0.7621033360455655,0.7632221318144833,0.7757323026851098,0.7778681855166802,0.7754271765663141,0.7760374288039056,0.7674938974776241,0.7761391375101708,0.779393816110659,0.774206672091131,0.7722742066720911,0.7707485760781123,0.7747152156224573,0.7758340113913751,0.7753254678600489]}
[Eval] Epoch:  11, Total:   9815, Accuracy : 0.7763, Loss: 0.8228
9815 7619 34.24421286582947
[Eval] Epoch:  11, Total:   9832, Accuracy : 0.7753, Loss: 0.8280
9832 7623 33.91183400154114
