pruned_1_0.1_model_0
DatasetDict({
    train: Dataset({
        features: ['sentence1', 'sentence2', 'label', 'indexes'],
        num_rows: 248
    })
    validation: Dataset({
        features: ['sentence1', 'sentence2', 'label', 'indexes'],
        num_rows: 277
    })
    test: Dataset({
        features: ['sentence1', 'sentence2', 'label', 'indexes'],
        num_rows: 3000
    })
})
[Train] Epoch:   0, Total:    248, Accuracy : 0.4879, Loss: 0.7013
[Eval] Epoch:   0, Total:    277, Accuracy : 0.4729, Loss: 0.7045
[Train] Epoch:   1, Total:    248, Accuracy : 0.5040, Loss: 0.6916
[Eval] Epoch:   1, Total:    277, Accuracy : 0.4729, Loss: 0.7017
[Train] Epoch:   2, Total:    248, Accuracy : 0.5000, Loss: 0.6904
[Eval] Epoch:   2, Total:    277, Accuracy : 0.4729, Loss: 0.6977
[Train] Epoch:   3, Total:    248, Accuracy : 0.4718, Loss: 0.6919
[Eval] Epoch:   3, Total:    277, Accuracy : 0.4874, Loss: 0.6938
[Train] Epoch:   4, Total:    248, Accuracy : 0.4355, Loss: 0.6825
[Eval] Epoch:   4, Total:    277, Accuracy : 0.5271, Loss: 0.6913
[Train] Epoch:   5, Total:    248, Accuracy : 0.5282, Loss: 0.7008
[Eval] Epoch:   5, Total:    277, Accuracy : 0.5271, Loss: 0.6901
[Train] Epoch:   6, Total:    248, Accuracy : 0.5202, Loss: 0.6953
[Eval] Epoch:   6, Total:    277, Accuracy : 0.5271, Loss: 0.6905
[Train] Epoch:   7, Total:    248, Accuracy : 0.5282, Loss: 0.6900
[Eval] Epoch:   7, Total:    277, Accuracy : 0.5271, Loss: 0.6899
[Train] Epoch:   8, Total:    248, Accuracy : 0.5202, Loss: 0.6940
[Eval] Epoch:   8, Total:    277, Accuracy : 0.5271, Loss: 0.6903
[Train] Epoch:   9, Total:    248, Accuracy : 0.5282, Loss: 0.6938
[Eval] Epoch:   9, Total:    277, Accuracy : 0.5235, Loss: 0.6932
[Train] Epoch:  10, Total:    248, Accuracy : 0.5927, Loss: 0.6881
[Eval] Epoch:  10, Total:    277, Accuracy : 0.4693, Loss: 0.6953
[Train] Epoch:  11, Total:    248, Accuracy : 0.6935, Loss: 0.6609
[Eval] Epoch:  11, Total:    277, Accuracy : 0.5126, Loss: 0.6830
[Train] Epoch:  12, Total:    248, Accuracy : 0.6290, Loss: 0.6416
[Eval] Epoch:  12, Total:    277, Accuracy : 0.5090, Loss: 0.6812
[Train] Epoch:  13, Total:    248, Accuracy : 0.7782, Loss: 0.5755
[Eval] Epoch:  13, Total:    277, Accuracy : 0.4982, Loss: 0.6999
[Train] Epoch:  14, Total:    248, Accuracy : 0.8629, Loss: 0.4948
[Eval] Epoch:  14, Total:    277, Accuracy : 0.5018, Loss: 0.6937
[Train] Epoch:  15, Total:    248, Accuracy : 0.8468, Loss: 0.4640
[Eval] Epoch:  15, Total:    277, Accuracy : 0.4946, Loss: 0.6952
[Train] Epoch:  16, Total:    248, Accuracy : 0.8911, Loss: 0.4632
[Eval] Epoch:  16, Total:    277, Accuracy : 0.4801, Loss: 0.8293
[Train] Epoch:  17, Total:    248, Accuracy : 0.8992, Loss: 0.3316
[Eval] Epoch:  17, Total:    277, Accuracy : 0.5090, Loss: 0.7763
[Train] Epoch:  18, Total:    248, Accuracy : 0.9556, Loss: 0.2311
[Eval] Epoch:  18, Total:    277, Accuracy : 0.5379, Loss: 0.8133
[Train] Epoch:  19, Total:    248, Accuracy : 0.9476, Loss: 0.2780
[Eval] Epoch:  19, Total:    277, Accuracy : 0.5379, Loss: 0.8219
{"epoch":[1,2,3,4,5,6,7,8,9,10,11,12,13,14,15,16,17,18,19,20],"train_loss":[0.6965026706457138,0.6945182681083679,0.6954832971096039,0.6947773844003677,0.6933763325214386,0.6952369809150696,0.6940656751394272,0.690911740064621,0.690830409526825,0.6906255185604095,0.6848566979169846,0.6763332635164261,0.6549543589353561,0.6073600649833679,0.5331803858280182,0.48939698934555054,0.45544564723968506,0.36967985332012177,0.24947036430239677,0.2078365683555603],"eval_loss":[0.699561607837677,0.6978452324867248,0.695536470413208,0.6935479044914246,0.6924201726913453,0.6918846964836121,0.6920274376869202,0.6918014168739319,0.6920096158981324,0.6932653069496155,0.6944733500480652,0.6905954003334045,0.6938986539840698,0.7038747668266296,0.7191303849220276,0.7179893255233765,0.8148400783538818,0.8620069265365601,0.916104793548584,0.9302634596824646],"train_acc":[0.4879032258064516,0.5040322580645161,0.5,0.4717741935483871,0.43548387096774194,0.5282258064516129,0.5201612903225806,0.5282258064516129,0.5201612903225806,0.5282258064516129,0.592741935483871,0.6935483870967742,0.6290322580645161,0.7782258064516129,0.8629032258064516,0.8467741935483871,0.8911290322580645,0.8991935483870968,0.9556451612903226,0.9475806451612904],"eval_acc":[0.4729241877256318,0.4729241877256318,0.4729241877256318,0.48736462093862815,0.5270758122743683,0.5270758122743683,0.5270758122743683,0.5270758122743683,0.5270758122743683,0.5234657039711191,0.4693140794223827,0.5126353790613718,0.5090252707581228,0.4981949458483754,0.5018050541516246,0.49458483754512633,0.48014440433212996,0.5090252707581228,0.5379061371841155,0.5379061371841155]}
[Eval] Epoch:  11, Total:    277, Accuracy : 0.5379, Loss: 0.8219
277 149 4.651317298412323
