pruned_1_0.4_model_0
DatasetDict({
    train: Dataset({
        features: ['sentence1', 'sentence2', 'label', 'indexes'],
        num_rows: 997
    })
    validation: Dataset({
        features: ['sentence1', 'sentence2', 'label', 'indexes'],
        num_rows: 277
    })
    test: Dataset({
        features: ['sentence1', 'sentence2', 'label', 'indexes'],
        num_rows: 3000
    })
})
[Train] Epoch:   0, Total:    997, Accuracy : 0.4965, Loss: 0.6983
[Eval] Epoch:   0, Total:    277, Accuracy : 0.5271, Loss: 0.6909
[Train] Epoch:   1, Total:    997, Accuracy : 0.4985, Loss: 0.7032
[Eval] Epoch:   1, Total:    277, Accuracy : 0.4729, Loss: 0.6971
[Train] Epoch:   2, Total:    997, Accuracy : 0.5065, Loss: 0.6826
[Eval] Epoch:   2, Total:    277, Accuracy : 0.5957, Loss: 0.6902
[Train] Epoch:   3, Total:    997, Accuracy : 0.6038, Loss: 0.6100
[Eval] Epoch:   3, Total:    277, Accuracy : 0.6787, Loss: 0.5672
[Train] Epoch:   4, Total:    997, Accuracy : 0.7352, Loss: 0.4529
[Eval] Epoch:   4, Total:    277, Accuracy : 0.6823, Loss: 0.5199
[Train] Epoch:   5, Total:    997, Accuracy : 0.8114, Loss: 0.4953
[Eval] Epoch:   5, Total:    277, Accuracy : 0.6751, Loss: 0.5991
[Train] Epoch:   6, Total:    997, Accuracy : 0.8385, Loss: 0.3781
[Eval] Epoch:   6, Total:    277, Accuracy : 0.7040, Loss: 0.3363
[Train] Epoch:   7, Total:    997, Accuracy : 0.8786, Loss: 0.3172
[Eval] Epoch:   7, Total:    277, Accuracy : 0.7256, Loss: 0.4175
[Train] Epoch:   8, Total:    997, Accuracy : 0.9047, Loss: 0.2643
[Eval] Epoch:   8, Total:    277, Accuracy : 0.7292, Loss: 0.3329
[Train] Epoch:   9, Total:    997, Accuracy : 0.9147, Loss: 0.1822
[Eval] Epoch:   9, Total:    277, Accuracy : 0.7112, Loss: 0.5018
[Train] Epoch:  10, Total:    997, Accuracy : 0.9358, Loss: 0.2365
[Eval] Epoch:  10, Total:    277, Accuracy : 0.7329, Loss: 0.4509
[Train] Epoch:  11, Total:    997, Accuracy : 0.9218, Loss: 0.2577
[Eval] Epoch:  11, Total:    277, Accuracy : 0.7184, Loss: 0.3617
[Train] Epoch:  12, Total:    997, Accuracy : 0.8686, Loss: 0.1883
[Eval] Epoch:  12, Total:    277, Accuracy : 0.7220, Loss: 0.3744
[Train] Epoch:  13, Total:    997, Accuracy : 0.9609, Loss: 0.2488
[Eval] Epoch:  13, Total:    277, Accuracy : 0.6606, Loss: 0.8582
[Train] Epoch:  14, Total:    997, Accuracy : 0.9569, Loss: 0.0972
[Eval] Epoch:  14, Total:    277, Accuracy : 0.7509, Loss: 0.5295
[Train] Epoch:  15, Total:    997, Accuracy : 0.9819, Loss: 0.0171
[Eval] Epoch:  15, Total:    277, Accuracy : 0.7184, Loss: 0.7880
[Train] Epoch:  16, Total:    997, Accuracy : 0.9870, Loss: 0.0065
[Eval] Epoch:  16, Total:    277, Accuracy : 0.7365, Loss: 0.8120
[Train] Epoch:  17, Total:    997, Accuracy : 0.9950, Loss: 0.0049
[Eval] Epoch:  17, Total:    277, Accuracy : 0.7365, Loss: 0.8513
[Train] Epoch:  18, Total:    997, Accuracy : 0.9970, Loss: 0.0055
[Eval] Epoch:  18, Total:    277, Accuracy : 0.7473, Loss: 1.0550
[Train] Epoch:  19, Total:    997, Accuracy : 0.9980, Loss: 0.0032
[Eval] Epoch:  19, Total:    277, Accuracy : 0.7473, Loss: 1.0727
{"epoch":[1,2,3,4,5,6,7,8,9,10,11,12,13,14,15,16,17,18,19,20],"train_loss":[0.6971863731741905,0.6946339532732964,0.6923580020666122,0.6734917499125004,0.5520027186721563,0.4493806827813387,0.3785779904574156,0.3202571328729391,0.2538606356829405,0.23156119138002396,0.1967287939041853,0.25241602258756757,0.323061621747911,0.13689249637536705,0.12428358686156571,0.06967495544813573,0.04864664326305501,0.02470483715296723,0.014160088598146103,0.009672057523857802],"eval_loss":[0.692262589931488,0.6948681831359863,0.6907847285270691,0.6219678521156311,0.6568021416664124,0.6996639728546142,0.6045987010002136,0.612844979763031,0.6718316614627838,0.6881558775901795,0.6578344106674194,0.7903571188449859,0.720184987783432,1.2718615531921387,0.8121554255485535,1.107610547542572,1.190728747844696,1.2146448135375976,1.300873613357544,1.3159608602523805],"train_acc":[0.49648946840521563,0.49849548645937813,0.506519558676028,0.6038114343029087,0.7352056168505516,0.8114343029087262,0.8385155466399198,0.8786359077231695,0.9047141424272819,0.9147442326980942,0.9358074222668004,0.921765295887663,0.8686058174523571,0.9608826479438315,0.9568706118355065,0.9819458375125376,0.9869608826479438,0.9949849548645938,0.9969909729187563,0.9979939819458375],"eval_acc":[0.5270758122743683,0.4729241877256318,0.5956678700361011,0.6787003610108303,0.6823104693140795,0.6750902527075813,0.703971119133574,0.7256317689530686,0.7292418772563177,0.7111913357400722,0.7328519855595668,0.7184115523465704,0.7220216606498195,0.6606498194945848,0.7509025270758123,0.7184115523465704,0.7364620938628159,0.7364620938628159,0.7472924187725631,0.7472924187725631]}
[Eval] Epoch:  11, Total:    277, Accuracy : 0.7473, Loss: 1.0727
277 207 6.579804301261902
