pruned_3_0.2_model_0
DatasetDict({
    train: Dataset({
        features: ['sentence1', 'sentence2', 'label', 'indexes'],
        num_rows: 498
    })
    validation: Dataset({
        features: ['sentence1', 'sentence2', 'label', 'indexes'],
        num_rows: 277
    })
    test: Dataset({
        features: ['sentence1', 'sentence2', 'label', 'indexes'],
        num_rows: 3000
    })
})
[Train] Epoch:   0, Total:    498, Accuracy : 0.4920, Loss: 0.7009
[Eval] Epoch:   0, Total:    277, Accuracy : 0.5271, Loss: 0.6905
[Train] Epoch:   1, Total:    498, Accuracy : 0.4779, Loss: 0.6999
[Eval] Epoch:   1, Total:    277, Accuracy : 0.4729, Loss: 0.6981
[Train] Epoch:   2, Total:    498, Accuracy : 0.5201, Loss: 0.6942
[Eval] Epoch:   2, Total:    277, Accuracy : 0.4729, Loss: 0.7019
[Train] Epoch:   3, Total:    498, Accuracy : 0.5080, Loss: 0.6987
[Eval] Epoch:   3, Total:    277, Accuracy : 0.4729, Loss: 0.7029
[Train] Epoch:   4, Total:    498, Accuracy : 0.5221, Loss: 0.7054
[Eval] Epoch:   4, Total:    277, Accuracy : 0.4729, Loss: 0.7034
[Train] Epoch:   5, Total:    498, Accuracy : 0.5482, Loss: 0.6811
[Eval] Epoch:   5, Total:    277, Accuracy : 0.5451, Loss: 0.6906
[Train] Epoch:   6, Total:    498, Accuracy : 0.6867, Loss: 0.5866
[Eval] Epoch:   6, Total:    277, Accuracy : 0.5523, Loss: 0.6482
[Train] Epoch:   7, Total:    498, Accuracy : 0.6948, Loss: 0.5899
[Eval] Epoch:   7, Total:    277, Accuracy : 0.5740, Loss: 0.7022
[Train] Epoch:   8, Total:    498, Accuracy : 0.8213, Loss: 0.4371
[Eval] Epoch:   8, Total:    277, Accuracy : 0.5776, Loss: 0.7604
[Train] Epoch:   9, Total:    498, Accuracy : 0.8594, Loss: 0.2882
[Eval] Epoch:   9, Total:    277, Accuracy : 0.6065, Loss: 0.8285
[Train] Epoch:  10, Total:    498, Accuracy : 0.8976, Loss: 0.2551
[Eval] Epoch:  10, Total:    277, Accuracy : 0.6029, Loss: 0.8387
[Train] Epoch:  11, Total:    498, Accuracy : 0.9398, Loss: 0.1755
[Eval] Epoch:  11, Total:    277, Accuracy : 0.6065, Loss: 0.8738
[Train] Epoch:  12, Total:    498, Accuracy : 0.9538, Loss: 0.3038
[Eval] Epoch:  12, Total:    277, Accuracy : 0.6173, Loss: 0.8829
[Train] Epoch:  13, Total:    498, Accuracy : 0.9598, Loss: 0.1798
[Eval] Epoch:  13, Total:    277, Accuracy : 0.6101, Loss: 1.2340
[Train] Epoch:  14, Total:    498, Accuracy : 0.9779, Loss: 0.1093
[Eval] Epoch:  14, Total:    277, Accuracy : 0.6534, Loss: 1.4160
[Train] Epoch:  15, Total:    498, Accuracy : 0.9900, Loss: 0.0332
[Eval] Epoch:  15, Total:    277, Accuracy : 0.6318, Loss: 1.5689
[Train] Epoch:  16, Total:    498, Accuracy : 0.9980, Loss: 0.0185
[Eval] Epoch:  16, Total:    277, Accuracy : 0.6462, Loss: 1.6799
[Train] Epoch:  17, Total:    498, Accuracy : 1.0000, Loss: 0.0265
[Eval] Epoch:  17, Total:    277, Accuracy : 0.6462, Loss: 1.7263
[Train] Epoch:  18, Total:    498, Accuracy : 1.0000, Loss: 0.0061
[Eval] Epoch:  18, Total:    277, Accuracy : 0.6209, Loss: 2.0100
[Train] Epoch:  19, Total:    498, Accuracy : 1.0000, Loss: 0.0048
[Eval] Epoch:  19, Total:    277, Accuracy : 0.6173, Loss: 1.9718
{"epoch":[1,2,3,4,5,6,7,8,9,10,11,12,13,14,15,16,17,18,19,20],"train_loss":[0.6964861452579498,0.6942003965377808,0.6916295662522316,0.6923118308186531,0.6905806139111519,0.6830841973423958,0.6511100679636002,0.5787854045629501,0.44863826036453247,0.35032595694065094,0.28441822342574596,0.20653964579105377,0.19393647648394108,0.16065555438399315,0.07749233767390251,0.048360397573560476,0.022730184951797128,0.013147743593435735,0.010676355217583477,0.006305233284365386],"eval_loss":[0.691675889492035,0.6952118754386902,0.6973538875579834,0.6977351665496826,0.6976089119911194,0.6891022324562073,0.6700915932655335,0.7247838258743287,0.7669368743896484,0.8534772634506226,0.866587221622467,0.8997328639030456,0.8945497155189515,1.1271823287010192,1.268617832660675,1.3692343711853028,1.5016745448112487,1.6159168004989624,1.704053020477295,1.6941044807434082],"train_acc":[0.4919678714859438,0.4779116465863454,0.5200803212851406,0.5080321285140562,0.5220883534136547,0.5481927710843374,0.6867469879518072,0.6947791164658634,0.821285140562249,0.8594377510040161,0.8975903614457831,0.9397590361445783,0.9538152610441767,0.9598393574297188,0.9779116465863453,0.9899598393574297,0.9979919678714859,1.0,1.0,1.0],"eval_acc":[0.5270758122743683,0.4729241877256318,0.4729241877256318,0.4729241877256318,0.4729241877256318,0.5451263537906137,0.5523465703971119,0.5740072202166066,0.5776173285198556,0.6064981949458483,0.6028880866425993,0.6064981949458483,0.6173285198555957,0.6101083032490975,0.6534296028880866,0.631768953068592,0.6462093862815884,0.6462093862815884,0.6209386281588448,0.6173285198555957]}
[Eval] Epoch:  11, Total:    277, Accuracy : 0.6173, Loss: 1.9718
277 171 8.470522403717041
