pruned_3_0.3_model_0
DatasetDict({
    train: Dataset({
        features: ['sentence1', 'sentence2', 'label', 'indexes'],
        num_rows: 747
    })
    validation: Dataset({
        features: ['sentence1', 'sentence2', 'label', 'indexes'],
        num_rows: 277
    })
    test: Dataset({
        features: ['sentence1', 'sentence2', 'label', 'indexes'],
        num_rows: 3000
    })
})
[Train] Epoch:   0, Total:    747, Accuracy : 0.5448, Loss: 0.6901
[Eval] Epoch:   0, Total:    277, Accuracy : 0.5162, Loss: 0.6931
[Train] Epoch:   1, Total:    747, Accuracy : 0.5060, Loss: 0.6875
[Eval] Epoch:   1, Total:    277, Accuracy : 0.4729, Loss: 0.6947
[Train] Epoch:   2, Total:    747, Accuracy : 0.5315, Loss: 0.6935
[Eval] Epoch:   2, Total:    277, Accuracy : 0.5812, Loss: 0.6921
[Train] Epoch:   3, Total:    747, Accuracy : 0.5636, Loss: 0.7015
[Eval] Epoch:   3, Total:    277, Accuracy : 0.4765, Loss: 0.6981
[Train] Epoch:   4, Total:    747, Accuracy : 0.5930, Loss: 0.6483
[Eval] Epoch:   4, Total:    277, Accuracy : 0.5199, Loss: 0.7168
[Train] Epoch:   5, Total:    747, Accuracy : 0.6011, Loss: 0.6318
[Eval] Epoch:   5, Total:    277, Accuracy : 0.6173, Loss: 0.5884
[Train] Epoch:   6, Total:    747, Accuracy : 0.7858, Loss: 0.4676
[Eval] Epoch:   6, Total:    277, Accuracy : 0.6137, Loss: 0.5338
[Train] Epoch:   7, Total:    747, Accuracy : 0.8742, Loss: 0.2880
[Eval] Epoch:   7, Total:    277, Accuracy : 0.6426, Loss: 0.6821
[Train] Epoch:   8, Total:    747, Accuracy : 0.9130, Loss: 0.2197
[Eval] Epoch:   8, Total:    277, Accuracy : 0.6787, Loss: 0.5443
[Train] Epoch:   9, Total:    747, Accuracy : 0.9572, Loss: 0.1017
[Eval] Epoch:   9, Total:    277, Accuracy : 0.6606, Loss: 0.7424
[Train] Epoch:  10, Total:    747, Accuracy : 0.9719, Loss: 0.1148
[Eval] Epoch:  10, Total:    277, Accuracy : 0.6534, Loss: 0.7975
[Train] Epoch:  11, Total:    747, Accuracy : 0.9732, Loss: 0.0589
[Eval] Epoch:  11, Total:    277, Accuracy : 0.6606, Loss: 0.7748
[Train] Epoch:  12, Total:    747, Accuracy : 0.9411, Loss: 0.0554
[Eval] Epoch:  12, Total:    277, Accuracy : 0.6498, Loss: 0.9813
[Train] Epoch:  13, Total:    747, Accuracy : 0.9705, Loss: 0.0578
[Eval] Epoch:  13, Total:    277, Accuracy : 0.6679, Loss: 1.3021
[Train] Epoch:  14, Total:    747, Accuracy : 0.9893, Loss: 0.0134
[Eval] Epoch:  14, Total:    277, Accuracy : 0.6715, Loss: 1.4901
[Train] Epoch:  15, Total:    747, Accuracy : 0.9826, Loss: 0.0097
[Eval] Epoch:  15, Total:    277, Accuracy : 0.7148, Loss: 0.6302
[Train] Epoch:  16, Total:    747, Accuracy : 0.9839, Loss: 0.0599
[Eval] Epoch:  16, Total:    277, Accuracy : 0.7112, Loss: 0.9537
[Train] Epoch:  17, Total:    747, Accuracy : 0.9893, Loss: 0.0071
[Eval] Epoch:  17, Total:    277, Accuracy : 0.6859, Loss: 1.1732
[Train] Epoch:  18, Total:    747, Accuracy : 0.9933, Loss: 0.0069
[Eval] Epoch:  18, Total:    277, Accuracy : 0.6859, Loss: 1.3278
[Train] Epoch:  19, Total:    747, Accuracy : 0.9933, Loss: 0.0047
[Eval] Epoch:  19, Total:    277, Accuracy : 0.6859, Loss: 1.4954
{"epoch":[1,2,3,4,5,6,7,8,9,10,11,12,13,14,15,16,17,18,19,20],"train_loss":[0.6926856189966202,0.6917652040719986,0.6922073761622111,0.6894812931617101,0.6743661761283875,0.6431302428245544,0.4990274136265119,0.3369565395017465,0.24650167177120844,0.15457048453390598,0.12837669625878334,0.12067620890835921,0.16325288296987614,0.09856766213973363,0.0484516693589588,0.059506883922343455,0.04890262863288323,0.032160714462709926,0.025736865897973377,0.02125528532390793],"eval_loss":[0.6931613564491272,0.6937692999839783,0.6923008680343627,0.6945608496665955,0.7036763310432435,0.6500343918800354,0.681875205039978,0.75917489528656,0.8063288927078247,0.920049786567688,0.9188114404678345,0.9249032616615296,1.2051203966140747,1.264008140563965,1.4000755310058595,1.2312920808792114,1.318533444404602,1.4660203218460084,1.5034781455993653,1.4883117914199828],"train_acc":[0.5448460508701473,0.5060240963855421,0.5314591700133868,0.5635876840696118,0.5930388219544847,0.6010709504685409,0.785809906291834,0.8741633199464525,0.9129852744310576,0.9571619812583668,0.9718875502008032,0.9732262382864793,0.9410977242302544,0.9705488621151271,0.9892904953145917,0.9825970548862115,0.9839357429718876,0.9892904953145917,0.9933065595716198,0.9933065595716198],"eval_acc":[0.516245487364621,0.4729241877256318,0.5812274368231047,0.47653429602888087,0.51985559566787,0.6173285198555957,0.6137184115523465,0.6425992779783394,0.6787003610108303,0.6606498194945848,0.6534296028880866,0.6606498194945848,0.6498194945848376,0.6678700361010831,0.6714801444043321,0.7148014440433214,0.7111913357400722,0.6859205776173285,0.6859205776173285,0.6859205776173285]}
[Eval] Epoch:  11, Total:    277, Accuracy : 0.6859, Loss: 1.4954
277 190 7.4415589570999146
