pruned_1_0.04_model_0
DatasetDict({
    train: Dataset({
        features: ['sentence1', 'sentence2', 'label', 'indexes'],
        num_rows: 100
    })
    validation: Dataset({
        features: ['sentence1', 'sentence2', 'label', 'indexes'],
        num_rows: 277
    })
    test: Dataset({
        features: ['sentence1', 'sentence2', 'label', 'indexes'],
        num_rows: 3000
    })
})
[Train] Epoch:   0, Total:    100, Accuracy : 0.3900, Loss: 0.7022
[Eval] Epoch:   0, Total:    277, Accuracy : 0.5271, Loss: 0.6900
[Train] Epoch:   1, Total:    100, Accuracy : 0.4200, Loss: 0.7171
[Eval] Epoch:   1, Total:    277, Accuracy : 0.5271, Loss: 0.6903
[Train] Epoch:   2, Total:    100, Accuracy : 0.3800, Loss: 0.6926
[Eval] Epoch:   2, Total:    277, Accuracy : 0.5271, Loss: 0.6909
[Train] Epoch:   3, Total:    100, Accuracy : 0.4300, Loss: 0.6955
[Eval] Epoch:   3, Total:    277, Accuracy : 0.5271, Loss: 0.6920
[Train] Epoch:   4, Total:    100, Accuracy : 0.5000, Loss: 0.6971
[Eval] Epoch:   4, Total:    277, Accuracy : 0.4549, Loss: 0.6938
[Train] Epoch:   5, Total:    100, Accuracy : 0.4100, Loss: 0.6964
[Eval] Epoch:   5, Total:    277, Accuracy : 0.4729, Loss: 0.6961
[Train] Epoch:   6, Total:    100, Accuracy : 0.5700, Loss: 0.6793
[Eval] Epoch:   6, Total:    277, Accuracy : 0.4729, Loss: 0.6986
[Train] Epoch:   7, Total:    100, Accuracy : 0.5800, Loss: 0.6808
[Eval] Epoch:   7, Total:    277, Accuracy : 0.4729, Loss: 0.7024
[Train] Epoch:   8, Total:    100, Accuracy : 0.5800, Loss: 0.6935
[Eval] Epoch:   8, Total:    277, Accuracy : 0.4729, Loss: 0.7070
[Train] Epoch:   9, Total:    100, Accuracy : 0.5800, Loss: 0.6799
[Eval] Epoch:   9, Total:    277, Accuracy : 0.4729, Loss: 0.7121
[Train] Epoch:  10, Total:    100, Accuracy : 0.5800, Loss: 0.6813
[Eval] Epoch:  10, Total:    277, Accuracy : 0.4729, Loss: 0.7182
[Train] Epoch:  11, Total:    100, Accuracy : 0.5800, Loss: 0.6917
[Eval] Epoch:  11, Total:    277, Accuracy : 0.4729, Loss: 0.7259
[Train] Epoch:  12, Total:    100, Accuracy : 0.5800, Loss: 0.7257
[Eval] Epoch:  12, Total:    277, Accuracy : 0.4729, Loss: 0.7336
[Train] Epoch:  13, Total:    100, Accuracy : 0.5800, Loss: 0.6464
[Eval] Epoch:  13, Total:    277, Accuracy : 0.4729, Loss: 0.7392
[Train] Epoch:  14, Total:    100, Accuracy : 0.5800, Loss: 0.7039
[Eval] Epoch:  14, Total:    277, Accuracy : 0.4729, Loss: 0.7449
[Train] Epoch:  15, Total:    100, Accuracy : 0.5800, Loss: 0.6242
[Eval] Epoch:  15, Total:    277, Accuracy : 0.4729, Loss: 0.7472
[Train] Epoch:  16, Total:    100, Accuracy : 0.5800, Loss: 0.6264
[Eval] Epoch:  16, Total:    277, Accuracy : 0.4729, Loss: 0.7565
[Train] Epoch:  17, Total:    100, Accuracy : 0.5800, Loss: 0.6684
[Eval] Epoch:  17, Total:    277, Accuracy : 0.4729, Loss: 0.7756
[Train] Epoch:  18, Total:    100, Accuracy : 0.5800, Loss: 0.6079
[Eval] Epoch:  18, Total:    277, Accuracy : 0.4729, Loss: 0.7970
[Train] Epoch:  19, Total:    100, Accuracy : 0.5900, Loss: 0.6351
[Eval] Epoch:  19, Total:    277, Accuracy : 0.4729, Loss: 0.8030
{"epoch":[1,2,3,4,5,6,7,8,9,10,11,12,13,14,15,16,17,18,19,20],"train_loss":[0.7017683982849121,0.7018924057483673,0.6992752552032471,0.6954143047332764,0.6944767236709595,0.696010410785675,0.6873213648796082,0.6847991943359375,0.6880881488323212,0.6806987524032593,0.683233231306076,0.6779342889785767,0.6974216997623444,0.6735996305942535,0.686336487531662,0.6597945690155029,0.6433740556240082,0.650898814201355,0.6262383759021759,0.6209803223609924],"eval_loss":[0.6920491576194763,0.6921372890472413,0.6923574090003968,0.6927648425102234,0.6935306906700134,0.6945775508880615,0.6958877325057984,0.6979961514472961,0.700761878490448,0.7039074420928955,0.7078865051269532,0.7130233168601989,0.7183158993721008,0.7220365881919861,0.7261439800262451,0.7280313491821289,0.7350340008735656,0.749231481552124,0.7651457548141479,0.7680004835128784],"train_acc":[0.39,0.42,0.38,0.43,0.5,0.41,0.57,0.58,0.58,0.58,0.58,0.58,0.58,0.58,0.58,0.58,0.58,0.58,0.58,0.59],"eval_acc":[0.5270758122743683,0.5270758122743683,0.5270758122743683,0.5270758122743683,0.4548736462093863,0.4729241877256318,0.4729241877256318,0.4729241877256318,0.4729241877256318,0.4729241877256318,0.4729241877256318,0.4729241877256318,0.4729241877256318,0.4729241877256318,0.4729241877256318,0.4729241877256318,0.4729241877256318,0.4729241877256318,0.4729241877256318,0.4729241877256318]}
[Eval] Epoch:  11, Total:    277, Accuracy : 0.4729, Loss: 0.8030
277 131 3.840002417564392
