model_0.pkl
0.75
{"0.0": 444, "0.03": 360, "0.02": 593, "0.04": 139, "0.01": 897, "0.05": 54, "0.06": 3}
{"0.0": 333, "0.03": 270, "0.02": 445, "0.04": 104, "0.01": 673, "0.05": 40, "0.06": 2}
                t_label  ... avg2
indexes                  ...     
900      not_entailment  ...  0.2
1237         entailment  ...  0.2
1392         entailment  ...  0.2
959          entailment  ...  0.2
2099         entailment  ...  0.2
...                 ...  ...  ...
1201     not_entailment  ...  0.2
2355     not_entailment  ...  0.3
1657         entailment  ...  0.3
2022         entailment  ...  0.3
773          entailment  ...  0.3

[1867 rows x 56 columns]
1867
{"0.06": 3, "0.05": 54, "0.04": 139, "0.03": 360, "0.02": 593, "0.01": 897, "0.0": 444}
{"0.06": 3, "0.05": 54, "0.04": 139, "0.03": 360, "0.02": 593, "0.01": 718}
1867
1867
{"0.0": 444, "0.01": 897, "0.02": 593, "0.03": 360, "0.04": 139, "0.05": 54, "0.06": 3}
{"0.0": 444, "0.01": 897, "0.02": 526}
1867
0.5
{"0.0": 444, "0.03": 360, "0.02": 593, "0.04": 139, "0.01": 897, "0.05": 54, "0.06": 3}
{"0.0": 222, "0.03": 180, "0.02": 296, "0.04": 70, "0.01": 448, "0.05": 27, "0.06": 2}
                t_label  ... avg2
indexes                  ...     
624      not_entailment  ...  0.2
1885         entailment  ...  0.2
1877     not_entailment  ...  0.2
164          entailment  ...  0.2
1745         entailment  ...  0.2
...                 ...  ...  ...
22           entailment  ...  0.2
1203         entailment  ...  0.2
707      not_entailment  ...  0.2
2022         entailment  ...  0.3
773          entailment  ...  0.3

[1245 rows x 56 columns]
1245
{"0.06": 3, "0.05": 54, "0.04": 139, "0.03": 360, "0.02": 593, "0.01": 897, "0.0": 444}
{"0.06": 3, "0.05": 54, "0.04": 139, "0.03": 360, "0.02": 593, "0.01": 96}
1245
1245
{"0.0": 444, "0.01": 897, "0.02": 593, "0.03": 360, "0.04": 139, "0.05": 54, "0.06": 3}
{"0.0": 444, "0.01": 801}
1245
0.4
{"0.0": 444, "0.03": 360, "0.02": 593, "0.04": 139, "0.01": 897, "0.05": 54, "0.06": 3}
{"0.0": 178, "0.03": 144, "0.02": 237, "0.04": 56, "0.01": 359, "0.05": 22, "0.06": 1}
                t_label  ... avg2
indexes                  ...     
1804     not_entailment  ...  0.2
1276     not_entailment  ...  0.2
1733     not_entailment  ...  0.2
336      not_entailment  ...  0.3
342          entailment  ...  0.2
...                 ...  ...  ...
2162     not_entailment  ...  0.2
2412         entailment  ...  0.2
22           entailment  ...  0.2
861      not_entailment  ...  0.2
1574         entailment  ...  0.2

[997 rows x 56 columns]
996
{"0.06": 3, "0.05": 54, "0.04": 139, "0.03": 360, "0.02": 593, "0.01": 897, "0.0": 444}
{"0.06": 3, "0.05": 54, "0.04": 139, "0.03": 360, "0.02": 440}
996
996
{"0.0": 444, "0.01": 897, "0.02": 593, "0.03": 360, "0.04": 139, "0.05": 54, "0.06": 3}
{"0.0": 444, "0.01": 552}
996
0.3
{"0.0": 444, "0.03": 360, "0.02": 593, "0.04": 139, "0.01": 897, "0.05": 54, "0.06": 3}
{"0.0": 133, "0.03": 108, "0.02": 178, "0.04": 42, "0.01": 269, "0.05": 16, "0.06": 1}
                t_label  ... avg2
indexes                  ...     
2171     not_entailment  ...  0.2
1466         entailment  ...  0.2
1670     not_entailment  ...  0.3
2074     not_entailment  ...  0.2
1865     not_entailment  ...  0.2
...                 ...  ...  ...
1207         entailment  ...  0.2
1129         entailment  ...  0.2
487          entailment  ...  0.3
446      not_entailment  ...  0.2
1574         entailment  ...  0.2

[747 rows x 56 columns]
747
{"0.06": 3, "0.05": 54, "0.04": 139, "0.03": 360, "0.02": 593, "0.01": 897, "0.0": 444}
{"0.06": 3, "0.05": 54, "0.04": 139, "0.03": 360, "0.02": 191}
747
747
{"0.0": 444, "0.01": 897, "0.02": 593, "0.03": 360, "0.04": 139, "0.05": 54, "0.06": 3}
{"0.0": 444, "0.01": 303}
747
0.25
{"0.0": 444, "0.03": 360, "0.02": 593, "0.04": 139, "0.01": 897, "0.05": 54, "0.06": 3}
{"0.0": 111, "0.03": 90, "0.02": 148, "0.04": 35, "0.01": 224, "0.05": 14, "0.06": 1}
                t_label  ... avg2
indexes                  ...     
2336         entailment  ...  0.2
2210         entailment  ...  0.2
2489     not_entailment  ...  0.2
935      not_entailment  ...  0.2
1349         entailment  ...  0.2
...                 ...  ...  ...
2059     not_entailment  ...  0.2
22           entailment  ...  0.2
854          entailment  ...  0.2
2357     not_entailment  ...  0.2
2022         entailment  ...  0.3

[623 rows x 56 columns]
622
{"0.06": 3, "0.05": 54, "0.04": 139, "0.03": 360, "0.02": 593, "0.01": 897, "0.0": 444}
{"0.06": 3, "0.05": 54, "0.04": 139, "0.03": 360, "0.02": 66}
622
622
{"0.0": 444, "0.01": 897, "0.02": 593, "0.03": 360, "0.04": 139, "0.05": 54, "0.06": 3}
{"0.0": 444, "0.01": 178}
622
0.2
{"0.0": 444, "0.03": 360, "0.02": 593, "0.04": 139, "0.01": 897, "0.05": 54, "0.06": 3}
{"0.0": 89, "0.03": 72, "0.02": 119, "0.04": 28, "0.01": 179, "0.05": 11, "0.06": 1}
                t_label  ... avg2
indexes                  ...     
1997         entailment  ...  0.2
982      not_entailment  ...  0.2
2091     not_entailment  ...  0.2
1508     not_entailment  ...  0.2
212      not_entailment  ...  0.2
...                 ...  ...  ...
2406         entailment  ...  0.2
2162     not_entailment  ...  0.2
22           entailment  ...  0.2
609      not_entailment  ...  0.2
2022         entailment  ...  0.3

[499 rows x 56 columns]
498
{"0.06": 3, "0.05": 54, "0.04": 139, "0.03": 360, "0.02": 593, "0.01": 897, "0.0": 444}
{"0.06": 3, "0.05": 54, "0.04": 139, "0.03": 302}
498
498
{"0.0": 444, "0.01": 897, "0.02": 593, "0.03": 360, "0.04": 139, "0.05": 54, "0.06": 3}
{"0.0": 444, "0.01": 54}
498
0.15
{"0.0": 444, "0.03": 360, "0.02": 593, "0.04": 139, "0.01": 897, "0.05": 54, "0.06": 3}
{"0.0": 67, "0.03": 54, "0.02": 89, "0.04": 21, "0.01": 135, "0.05": 8, "0.06": 0}
                t_label  ... avg2
indexes                  ...     
1662         entailment  ...  0.2
1468         entailment  ...  0.2
634      not_entailment  ...  0.2
875      not_entailment  ...  0.2
2163     not_entailment  ...  0.2
...                 ...  ...  ...
854          entailment  ...  0.2
2412         entailment  ...  0.2
1116     not_entailment  ...  0.2
1944         entailment  ...  0.2
325          entailment  ...  0.2

[374 rows x 56 columns]
373
{"0.06": 3, "0.05": 54, "0.04": 139, "0.03": 360, "0.02": 593, "0.01": 897, "0.0": 444}
{"0.06": 3, "0.05": 54, "0.04": 139, "0.03": 177}
373
373
{"0.0": 444, "0.01": 897, "0.02": 593, "0.03": 360, "0.04": 139, "0.05": 54, "0.06": 3}
{"0.0": 373}
373
0.1
{"0.0": 444, "0.03": 360, "0.02": 593, "0.04": 139, "0.01": 897, "0.05": 54, "0.06": 3}
{"0.0": 44, "0.03": 36, "0.02": 59, "0.04": 14, "0.01": 90, "0.05": 5, "0.06": 0}
                t_label  ... avg2
indexes                  ...     
1865     not_entailment  ...  0.2
1384     not_entailment  ...  0.2
1689         entailment  ...  0.2
458      not_entailment  ...  0.2
1745         entailment  ...  0.2
...                 ...  ...  ...
707      not_entailment  ...  0.2
1203         entailment  ...  0.2
2330     not_entailment  ...  0.3
1657         entailment  ...  0.3
1351     not_entailment  ...  0.2

[248 rows x 56 columns]
249
{"0.06": 3, "0.05": 54, "0.04": 139, "0.03": 360, "0.02": 593, "0.01": 897, "0.0": 444}
{"0.06": 3, "0.05": 54, "0.04": 139, "0.03": 53}
249
249
{"0.0": 444, "0.01": 897, "0.02": 593, "0.03": 360, "0.04": 139, "0.05": 54, "0.06": 3}
{"0.0": 249}
249
0.05
{"0.0": 444, "0.03": 360, "0.02": 593, "0.04": 139, "0.01": 897, "0.05": 54, "0.06": 3}
{"0.0": 22, "0.03": 18, "0.02": 30, "0.04": 7, "0.01": 45, "0.05": 3, "0.06": 0}
                t_label  ... avg2
indexes                  ...     
3            entailment  ...  0.2
1976     not_entailment  ...  0.2
867          entailment  ...  0.2
1879         entailment  ...  0.3
344      not_entailment  ...  0.2
...                 ...  ...  ...
2322         entailment  ...  0.2
995      not_entailment  ...  0.2
2286         entailment  ...  0.2
2355     not_entailment  ...  0.3
487          entailment  ...  0.3

[125 rows x 56 columns]
124
{"0.06": 3, "0.05": 54, "0.04": 139, "0.03": 360, "0.02": 593, "0.01": 897, "0.0": 444}
{"0.06": 3, "0.05": 54, "0.04": 67}
124
124
{"0.0": 444, "0.01": 897, "0.02": 593, "0.03": 360, "0.04": 139, "0.05": 54, "0.06": 3}
{"0.0": 124}
124
0.04
{"0.0": 444, "0.03": 360, "0.02": 593, "0.04": 139, "0.01": 897, "0.05": 54, "0.06": 3}
{"0.0": 18, "0.03": 14, "0.02": 24, "0.04": 6, "0.01": 36, "0.05": 2, "0.06": 0}
                t_label  ... avg2
indexes                  ...     
1078     not_entailment  ...  0.2
2413         entailment  ...  0.2
1856         entailment  ...  0.3
1466         entailment  ...  0.2
2178     not_entailment  ...  0.2
...                 ...  ...  ...
1608     not_entailment  ...  0.3
1394     not_entailment  ...  0.2
986      not_entailment  ...  0.2
446      not_entailment  ...  0.2
1657         entailment  ...  0.3

[100 rows x 56 columns]
99
{"0.06": 3, "0.05": 54, "0.04": 139, "0.03": 360, "0.02": 593, "0.01": 897, "0.0": 444}
{"0.06": 3, "0.05": 54, "0.04": 42}
99
99
{"0.0": 444, "0.01": 897, "0.02": 593, "0.03": 360, "0.04": 139, "0.05": 54, "0.06": 3}
{"0.0": 99}
99
0.03
{"0.0": 444, "0.03": 360, "0.02": 593, "0.04": 139, "0.01": 897, "0.05": 54, "0.06": 3}
{"0.0": 13, "0.03": 11, "0.02": 18, "0.04": 4, "0.01": 27, "0.05": 2, "0.06": 0}
                t_label  ... avg2
indexes                  ...     
98       not_entailment  ...  0.2
1856         entailment  ...  0.3
1964         entailment  ...  0.2
2354     not_entailment  ...  0.2
2206         entailment  ...  0.2
...                 ...  ...  ...
1628         entailment  ...  0.2
1162     not_entailment  ...  0.2
2294     not_entailment  ...  0.2
1122     not_entailment  ...  0.2
1129         entailment  ...  0.2

[75 rows x 56 columns]
74
{"0.06": 3, "0.05": 54, "0.04": 139, "0.03": 360, "0.02": 593, "0.01": 897, "0.0": 444}
{"0.06": 3, "0.05": 54, "0.04": 17}
74
74
{"0.0": 444, "0.01": 897, "0.02": 593, "0.03": 360, "0.04": 139, "0.05": 54, "0.06": 3}
{"0.0": 74}
74
0.02
{"0.0": 444, "0.03": 360, "0.02": 593, "0.04": 139, "0.01": 897, "0.05": 54, "0.06": 3}
{"0.0": 9, "0.03": 7, "0.02": 12, "0.04": 3, "0.01": 18, "0.05": 1, "0.06": 0}
                t_label  ... avg2
indexes                  ...     
1928         entailment  ...  0.3
1349         entailment  ...  0.2
1695     not_entailment  ...  0.2
2346         entailment  ...  0.3
1237         entailment  ...  0.2
164          entailment  ...  0.2
2141         entailment  ...  0.2
417          entailment  ...  0.2
2178     not_entailment  ...  0.2
2382     not_entailment  ...  0.3
1896         entailment  ...  0.2
175          entailment  ...  0.2
381          entailment  ...  0.3
2239         entailment  ...  0.2
922          entailment  ...  0.3
792      not_entailment  ...  0.2
1898         entailment  ...  0.3
915      not_entailment  ...  0.3
79           entailment  ...  0.2
191      not_entailment  ...  0.2
1826         entailment  ...  0.2
2446     not_entailment  ...  0.3
349          entailment  ...  0.2
2245     not_entailment  ...  0.2
2251     not_entailment  ...  0.2
716      not_entailment  ...  0.2
112      not_entailment  ...  0.2
795          entailment  ...  0.2
1878         entailment  ...  0.3
100          entailment  ...  0.3
2419         entailment  ...  0.2
1248     not_entailment  ...  0.2
396          entailment  ...  0.2
793          entailment  ...  0.2
338      not_entailment  ...  0.2
264      not_entailment  ...  0.2
1651         entailment  ...  0.2
1729         entailment  ...  0.2
1147     not_entailment  ...  0.2
790          entailment  ...  0.2
1736     not_entailment  ...  0.2
1470     not_entailment  ...  0.2
1999         entailment  ...  0.2
72           entailment  ...  0.2
725      not_entailment  ...  0.2
2222         entailment  ...  0.2
2094         entailment  ...  0.2
594          entailment  ...  0.2
1506         entailment  ...  0.2
1991     not_entailment  ...  0.2

[50 rows x 56 columns]
49
{"0.06": 3, "0.05": 54, "0.04": 139, "0.03": 360, "0.02": 593, "0.01": 897, "0.0": 444}
{"0.06": 3, "0.05": 46}
49
49
{"0.0": 444, "0.01": 897, "0.02": 593, "0.03": 360, "0.04": 139, "0.05": 54, "0.06": 3}
{"0.0": 49}
49
0.01
{"0.0": 444, "0.03": 360, "0.02": 593, "0.04": 139, "0.01": 897, "0.05": 54, "0.06": 3}
{"0.0": 4, "0.03": 4, "0.02": 6, "0.04": 1, "0.01": 9, "0.05": 1, "0.06": 0}
                t_label  ... avg2
indexes                  ...     
503          entailment  ...  0.2
1963     not_entailment  ...  0.2
501          entailment  ...  0.2
664          entailment  ...  0.2
1818     not_entailment  ...  0.2
360          entailment  ...  0.2
2086         entailment  ...  0.3
1675     not_entailment  ...  0.2
383          entailment  ...  0.2
1540     not_entailment  ...  0.2
1806     not_entailment  ...  0.2
2446     not_entailment  ...  0.3
641          entailment  ...  0.2
2080     not_entailment  ...  0.2
2241     not_entailment  ...  0.2
1330         entailment  ...  0.2
1769     not_entailment  ...  0.2
127      not_entailment  ...  0.2
2199         entailment  ...  0.2
177      not_entailment  ...  0.3
2485     not_entailment  ...  0.2
1704     not_entailment  ...  0.2
1832     not_entailment  ...  0.2
188          entailment  ...  0.2
1657         entailment  ...  0.3

[25 rows x 56 columns]
24
{"0.06": 3, "0.05": 54, "0.04": 139, "0.03": 360, "0.02": 593, "0.01": 897, "0.0": 444}
{"0.06": 3, "0.05": 21}
24
24
{"0.0": 444, "0.01": 897, "0.02": 593, "0.03": 360, "0.04": 139, "0.05": 54, "0.06": 3}
{"0.0": 24}
24
0.005
{"0.0": 444, "0.03": 360, "0.02": 593, "0.04": 139, "0.01": 897, "0.05": 54, "0.06": 3}
{"0.0": 2, "0.03": 2, "0.02": 3, "0.04": 1, "0.01": 4, "0.05": 0, "0.06": 0}
                t_label  ... avg2
indexes                  ...     
1475     not_entailment  ...  0.2
1647         entailment  ...  0.3
623          entailment  ...  0.2
12           entailment  ...  0.2
2172         entailment  ...  0.2
1739         entailment  ...  0.2
151      not_entailment  ...  0.3
881      not_entailment  ...  0.2
769      not_entailment  ...  0.2
760          entailment  ...  0.2
154          entailment  ...  0.2
1045         entailment  ...  0.2

[12 rows x 56 columns]
12
{"0.06": 3, "0.05": 54, "0.04": 139, "0.03": 360, "0.02": 593, "0.01": 897, "0.0": 444}
{"0.06": 3, "0.05": 9}
12
12
{"0.0": 444, "0.01": 897, "0.02": 593, "0.03": 360, "0.04": 139, "0.05": 54, "0.06": 3}
{"0.0": 12}
12
