pruned_3_0.03_model_0
DatasetDict({
    train: Dataset({
        features: ['sentence1', 'sentence2', 'label', 'indexes'],
        num_rows: 74
    })
    validation: Dataset({
        features: ['sentence1', 'sentence2', 'label', 'indexes'],
        num_rows: 277
    })
    test: Dataset({
        features: ['sentence1', 'sentence2', 'label', 'indexes'],
        num_rows: 3000
    })
})
[Train] Epoch:   0, Total:     74, Accuracy : 0.5405, Loss: 0.6757
[Eval] Epoch:   0, Total:    277, Accuracy : 0.5271, Loss: 0.6829
[Train] Epoch:   1, Total:     74, Accuracy : 0.5405, Loss: 0.6956
[Eval] Epoch:   1, Total:    277, Accuracy : 0.5271, Loss: 0.6828
[Train] Epoch:   2, Total:     74, Accuracy : 0.5405, Loss: 0.6650
[Eval] Epoch:   2, Total:    277, Accuracy : 0.5271, Loss: 0.6828
[Train] Epoch:   3, Total:     74, Accuracy : 0.5405, Loss: 0.6941
[Eval] Epoch:   3, Total:    277, Accuracy : 0.5271, Loss: 0.6828
[Train] Epoch:   4, Total:     74, Accuracy : 0.5405, Loss: 0.6992
[Eval] Epoch:   4, Total:    277, Accuracy : 0.5271, Loss: 0.6827
[Train] Epoch:   5, Total:     74, Accuracy : 0.5405, Loss: 0.6563
[Eval] Epoch:   5, Total:    277, Accuracy : 0.5271, Loss: 0.6827
[Train] Epoch:   6, Total:     74, Accuracy : 0.5405, Loss: 0.7028
[Eval] Epoch:   6, Total:    277, Accuracy : 0.5271, Loss: 0.6826
[Train] Epoch:   7, Total:     74, Accuracy : 0.5405, Loss: 0.6477
[Eval] Epoch:   7, Total:    277, Accuracy : 0.5271, Loss: 0.6826
[Train] Epoch:   8, Total:     74, Accuracy : 0.5405, Loss: 0.6987
[Eval] Epoch:   8, Total:    277, Accuracy : 0.5271, Loss: 0.6827
[Train] Epoch:   9, Total:     74, Accuracy : 0.5405, Loss: 0.7518
[Eval] Epoch:   9, Total:    277, Accuracy : 0.5271, Loss: 0.6827
[Train] Epoch:  10, Total:     74, Accuracy : 0.5405, Loss: 0.7299
[Eval] Epoch:  10, Total:    277, Accuracy : 0.5271, Loss: 0.6830
[Train] Epoch:  11, Total:     74, Accuracy : 0.5405, Loss: 0.7014
[Eval] Epoch:  11, Total:    277, Accuracy : 0.5271, Loss: 0.6836
[Train] Epoch:  12, Total:     74, Accuracy : 0.5405, Loss: 0.7391
[Eval] Epoch:  12, Total:    277, Accuracy : 0.5271, Loss: 0.6844
[Train] Epoch:  13, Total:     74, Accuracy : 0.5405, Loss: 0.6473
[Eval] Epoch:  13, Total:    277, Accuracy : 0.5271, Loss: 0.6856
[Train] Epoch:  14, Total:     74, Accuracy : 0.5541, Loss: 0.7251
[Eval] Epoch:  14, Total:    277, Accuracy : 0.5271, Loss: 0.6862
[Train] Epoch:  15, Total:     74, Accuracy : 0.5676, Loss: 0.6940
[Eval] Epoch:  15, Total:    277, Accuracy : 0.5271, Loss: 0.6871
[Train] Epoch:  16, Total:     74, Accuracy : 0.5676, Loss: 0.6811
[Eval] Epoch:  16, Total:    277, Accuracy : 0.5271, Loss: 0.6876
[Train] Epoch:  17, Total:     74, Accuracy : 0.5270, Loss: 0.6944
[Eval] Epoch:  17, Total:    277, Accuracy : 0.5271, Loss: 0.6866
[Train] Epoch:  18, Total:     74, Accuracy : 0.6216, Loss: 0.6843
[Eval] Epoch:  18, Total:    277, Accuracy : 0.5271, Loss: 0.6844
[Train] Epoch:  19, Total:     74, Accuracy : 0.6216, Loss: 0.6976
[Eval] Epoch:  19, Total:    277, Accuracy : 0.5271, Loss: 0.6810
{"epoch":[1,2,3,4,5,6,7,8,9,10,11,12,13,14,15,16,17,18,19,20],"train_loss":[0.6788856685161591,0.6967112123966217,0.6807840168476105,0.6900104284286499,0.6934223473072052,0.6753804385662079,0.6984528601169586,0.6744154095649719,0.6964836120605469,0.7143502235412598,0.7048155069351196,0.6949189007282257,0.7113001644611359,0.6728030145168304,0.7021739482879639,0.6894477605819702,0.6820790469646454,0.6898854374885559,0.6791618466377258,0.6814881265163422],"eval_loss":[0.6921694159507752,0.6921881198883056,0.6921618700027465,0.6921136975288391,0.6920183062553406,0.6919620513916016,0.6918754577636719,0.6917652487754822,0.6916648030281067,0.6915172576904297,0.691264545917511,0.6909634470939636,0.690800940990448,0.6908621430397034,0.6909665584564209,0.6912189960479737,0.6914611101150513,0.6913778066635132,0.6911126375198364,0.6910714268684387],"train_acc":[0.5405405405405406,0.5405405405405406,0.5405405405405406,0.5405405405405406,0.5405405405405406,0.5405405405405406,0.5405405405405406,0.5405405405405406,0.5405405405405406,0.5405405405405406,0.5405405405405406,0.5405405405405406,0.5405405405405406,0.5405405405405406,0.5540540540540541,0.5675675675675675,0.5675675675675675,0.527027027027027,0.6216216216216216,0.6216216216216216],"eval_acc":[0.5270758122743683,0.5270758122743683,0.5270758122743683,0.5270758122743683,0.5270758122743683,0.5270758122743683,0.5270758122743683,0.5270758122743683,0.5270758122743683,0.5270758122743683,0.5270758122743683,0.5270758122743683,0.5270758122743683,0.5270758122743683,0.5270758122743683,0.5270758122743683,0.5270758122743683,0.5270758122743683,0.5270758122743683,0.5270758122743683]}
[Eval] Epoch:  11, Total:    277, Accuracy : 0.5271, Loss: 0.6810
277 146 3.4553571343421936
