[Train] Epoch:   0, Total:   2490, Accuracy : 0.4988, Loss: 0.6935
[Eval] Epoch:   0, Total:    277, Accuracy : 0.5271, Loss: 0.6875
[Train] Epoch:   1, Total:   2490, Accuracy : 0.5707, Loss: 0.6709
[Eval] Epoch:   1, Total:    277, Accuracy : 0.6570, Loss: 0.5407
[Train] Epoch:   2, Total:   2490, Accuracy : 0.7004, Loss: 0.5693
[Eval] Epoch:   2, Total:    277, Accuracy : 0.7148, Loss: 0.3268
[Train] Epoch:   3, Total:   2490, Accuracy : 0.8024, Loss: 0.4122
[Eval] Epoch:   3, Total:    277, Accuracy : 0.7292, Loss: 0.3746
[Train] Epoch:   4, Total:   2490, Accuracy : 0.8594, Loss: 0.2568
[Eval] Epoch:   4, Total:    277, Accuracy : 0.7292, Loss: 0.3761
[Train] Epoch:   5, Total:   2490, Accuracy : 0.9133, Loss: 0.0713
[Eval] Epoch:   5, Total:    277, Accuracy : 0.7473, Loss: 0.3547
[Train] Epoch:   6, Total:   2490, Accuracy : 0.9382, Loss: 0.1099
[Eval] Epoch:   6, Total:    277, Accuracy : 0.7509, Loss: 0.4700
[Train] Epoch:   7, Total:   2490, Accuracy : 0.9562, Loss: 0.0794
[Eval] Epoch:   7, Total:    277, Accuracy : 0.7292, Loss: 0.4259
[Train] Epoch:   8, Total:   2490, Accuracy : 0.9723, Loss: 0.0863
[Eval] Epoch:   8, Total:    277, Accuracy : 0.7401, Loss: 0.4297
[Train] Epoch:   9, Total:   2490, Accuracy : 0.9731, Loss: 0.0999
[Eval] Epoch:   9, Total:    277, Accuracy : 0.7437, Loss: 0.4269
[Train] Epoch:  10, Total:   2490, Accuracy : 0.9795, Loss: 0.0291
[Eval] Epoch:  10, Total:    277, Accuracy : 0.7329, Loss: 0.3496
[Train] Epoch:  11, Total:   2490, Accuracy : 0.9466, Loss: 0.2620
[Eval] Epoch:  11, Total:    277, Accuracy : 0.7365, Loss: 0.5956
[Train] Epoch:  12, Total:   2490, Accuracy : 0.9635, Loss: 0.0406
[Eval] Epoch:  12, Total:    277, Accuracy : 0.7365, Loss: 0.5153
[Train] Epoch:  13, Total:   2490, Accuracy : 0.9731, Loss: 0.2188
[Eval] Epoch:  13, Total:    277, Accuracy : 0.7617, Loss: 0.6885
[Train] Epoch:  14, Total:   2490, Accuracy : 0.9735, Loss: 0.1063
[Eval] Epoch:  14, Total:    277, Accuracy : 0.7726, Loss: 0.5746
[Train] Epoch:  15, Total:   2490, Accuracy : 0.9803, Loss: 0.0120
[Eval] Epoch:  15, Total:    277, Accuracy : 0.7329, Loss: 0.8684
[Train] Epoch:  16, Total:   2490, Accuracy : 0.9867, Loss: 0.1827
[Eval] Epoch:  16, Total:    277, Accuracy : 0.7509, Loss: 0.5760
[Train] Epoch:  17, Total:   2490, Accuracy : 0.9908, Loss: 0.0062
[Eval] Epoch:  17, Total:    277, Accuracy : 0.7329, Loss: 0.7007
[Train] Epoch:  18, Total:   2490, Accuracy : 0.9916, Loss: 0.0021
[Eval] Epoch:  18, Total:    277, Accuracy : 0.7581, Loss: 0.6164
[Train] Epoch:  19, Total:   2490, Accuracy : 0.9944, Loss: 0.1147
[Eval] Epoch:  19, Total:    277, Accuracy : 0.7545, Loss: 0.6129
{"epoch":[1,2,3,4,5,6,7,8,9,10,11,12,13,14,15,16,17,18,19,20],"train_loss":[0.6945672019934043,0.685334366101485,0.5922736823558807,0.4433531165122986,0.34274271283394253,0.23884451924226222,0.17869876019465616,0.132707019838003,0.10425051263509652,0.09107489071977444,0.07666826572937843,0.14595705867768863,0.11404119802113527,0.1082159309194256,0.09865158691238134,0.06981976510574803,0.053304180287970945,0.04117153190339032,0.03530083349846208,0.021522379528062466],"eval_loss":[0.6908205986022949,0.6297285318374634,0.5214213728904724,0.5343701720237732,0.6032249450683593,0.6962010443210602,0.7192346036434174,0.8524933516979217,0.8347043514251709,0.8829030752182007,0.9823605358600617,0.8891748189926147,1.1141152381896973,1.2026953458786012,1.0557600021362306,1.4094651103019715,1.2919518232345581,1.3787281274795533,1.3119414925575257,1.3081205129623412],"train_acc":[0.4987951807228916,0.5706827309236948,0.7004016064257028,0.8024096385542169,0.8594377510040161,0.9132530120481928,0.9381526104417671,0.9562248995983936,0.9722891566265061,0.9730923694779117,0.9795180722891567,0.9465863453815261,0.9634538152610441,0.9730923694779117,0.9734939759036144,0.9803212851405623,0.9867469879518073,0.9907630522088353,0.9915662650602409,0.9943775100401606],"eval_acc":[0.5270758122743683,0.6570397111913358,0.7148014440433214,0.7292418772563177,0.7292418772563177,0.7472924187725631,0.7509025270758123,0.7292418772563177,0.740072202166065,0.7436823104693141,0.7328519855595668,0.7364620938628159,0.7364620938628159,0.7617328519855595,0.7725631768953068,0.7328519855595668,0.7509025270758123,0.7328519855595668,0.7581227436823105,0.7545126353790613]}
[Eval] Epoch:  11, Total:    277, Accuracy : 0.7545, Loss: 0.6129
277 209 6.5406025648117065
