pruned_1_0.75_model_0
DatasetDict({
    train: Dataset({
        features: ['sentence1', 'sentence2', 'label', 'indexes'],
        num_rows: 1867
    })
    validation: Dataset({
        features: ['sentence1', 'sentence2', 'label', 'indexes'],
        num_rows: 277
    })
    test: Dataset({
        features: ['sentence1', 'sentence2', 'label', 'indexes'],
        num_rows: 3000
    })
})
[Train] Epoch:   0, Total:   1867, Accuracy : 0.5099, Loss: 0.7057
[Eval] Epoch:   0, Total:    277, Accuracy : 0.5415, Loss: 0.6933
[Train] Epoch:   1, Total:   1867, Accuracy : 0.5035, Loss: 0.6790
[Eval] Epoch:   1, Total:    277, Accuracy : 0.5451, Loss: 0.6662
[Train] Epoch:   2, Total:   1867, Accuracy : 0.6310, Loss: 0.4456
[Eval] Epoch:   2, Total:    277, Accuracy : 0.7184, Loss: 0.4666
[Train] Epoch:   3, Total:   1867, Accuracy : 0.7574, Loss: 0.2569
[Eval] Epoch:   3, Total:    277, Accuracy : 0.7401, Loss: 0.3744
[Train] Epoch:   4, Total:   1867, Accuracy : 0.8329, Loss: 0.1572
[Eval] Epoch:   4, Total:    277, Accuracy : 0.7184, Loss: 0.3374
[Train] Epoch:   5, Total:   1867, Accuracy : 0.8918, Loss: 0.4598
[Eval] Epoch:   5, Total:    277, Accuracy : 0.7437, Loss: 0.5419
[Train] Epoch:   6, Total:   1867, Accuracy : 0.9320, Loss: 0.0453
[Eval] Epoch:   6, Total:    277, Accuracy : 0.7329, Loss: 0.4490
[Train] Epoch:   7, Total:   1867, Accuracy : 0.9561, Loss: 0.0671
[Eval] Epoch:   7, Total:    277, Accuracy : 0.7401, Loss: 0.4590
[Train] Epoch:   8, Total:   1867, Accuracy : 0.9668, Loss: 0.0346
[Eval] Epoch:   8, Total:    277, Accuracy : 0.7329, Loss: 0.5704
[Train] Epoch:   9, Total:   1867, Accuracy : 0.9663, Loss: 0.0754
[Eval] Epoch:   9, Total:    277, Accuracy : 0.7329, Loss: 0.5024
[Train] Epoch:  10, Total:   1867, Accuracy : 0.9700, Loss: 0.0213
[Eval] Epoch:  10, Total:    277, Accuracy : 0.7184, Loss: 0.6795
[Train] Epoch:  11, Total:   1867, Accuracy : 0.9464, Loss: 0.2700
[Eval] Epoch:  11, Total:    277, Accuracy : 0.7148, Loss: 0.8597
[Train] Epoch:  12, Total:   1867, Accuracy : 0.9657, Loss: 0.0679
[Eval] Epoch:  12, Total:    277, Accuracy : 0.7112, Loss: 0.5923
[Train] Epoch:  13, Total:   1867, Accuracy : 0.9716, Loss: 0.0391
[Eval] Epoch:  13, Total:    277, Accuracy : 0.7148, Loss: 1.0966
[Train] Epoch:  14, Total:   1867, Accuracy : 0.9780, Loss: 0.0176
[Eval] Epoch:  14, Total:    277, Accuracy : 0.7256, Loss: 1.1169
[Train] Epoch:  15, Total:   1867, Accuracy : 0.9796, Loss: 0.0049
[Eval] Epoch:  15, Total:    277, Accuracy : 0.7220, Loss: 1.1052
[Train] Epoch:  16, Total:   1867, Accuracy : 0.9861, Loss: 0.4619
[Eval] Epoch:  16, Total:    277, Accuracy : 0.7401, Loss: 1.1249
[Train] Epoch:  17, Total:   1867, Accuracy : 0.9920, Loss: 0.0061
[Eval] Epoch:  17, Total:    277, Accuracy : 0.7437, Loss: 1.2843
[Train] Epoch:  18, Total:   1867, Accuracy : 0.9930, Loss: 0.0025
[Eval] Epoch:  18, Total:    277, Accuracy : 0.7365, Loss: 1.1959
[Train] Epoch:  19, Total:   1867, Accuracy : 0.9963, Loss: 0.0023
[Eval] Epoch:  19, Total:    277, Accuracy : 0.7401, Loss: 1.1947
{"epoch":[1,2,3,4,5,6,7,8,9,10,11,12,13,14,15,16,17,18,19,20],"train_loss":[0.6936507105827332,0.6922308544317881,0.6406594961881638,0.5105545957883199,0.40179873009522754,0.29911721497774124,0.20289190423985323,0.14949769986172518,0.11717376870413622,0.11459375297029813,0.10542018872996171,0.1676302737245957,0.11459028366953135,0.08845590660348535,0.07408349538842837,0.0645018972766896,0.05914022526703775,0.03193010431714356,0.026444977421003085,0.014013892986501257],"eval_loss":[0.6928856492042541,0.6811965107917786,0.579957127571106,0.5254045009613038,0.6379580914974212,0.7032075762748718,0.7332764565944672,0.8031267940998077,0.847716462612152,0.8648418664932251,0.9798346281051635,0.9531233072280884,1.0650426030158997,1.3016995191574097,1.2811224460601807,1.3651098251342773,1.3287278652191161,1.4294289588928222,1.4201581716537475,1.422187089920044],"train_acc":[0.5099089448312801,0.5034815211569362,0.6309587573647563,0.757364756293519,0.8328869844670594,0.8918050348152116,0.9319764327798608,0.9560792715586502,0.9667916443492234,0.9662560257096947,0.9700053561863953,0.9464381360471344,0.965720407070166,0.9716122121049813,0.9780396357793251,0.9796464916979111,0.986073915372255,0.9919657204070702,0.9930369576861274,0.9962506695232994],"eval_acc":[0.5415162454873647,0.5451263537906137,0.7184115523465704,0.740072202166065,0.7184115523465704,0.7436823104693141,0.7328519855595668,0.740072202166065,0.7328519855595668,0.7328519855595668,0.7184115523465704,0.7148014440433214,0.7111913357400722,0.7148014440433214,0.7256317689530686,0.7220216606498195,0.740072202166065,0.7436823104693141,0.7364620938628159,0.740072202166065]}
[Eval] Epoch:  11, Total:    277, Accuracy : 0.7401, Loss: 1.1947
277 205 7.11093544960022
