random_0.01_model_0
DatasetDict({
    train: Dataset({
        features: ['sentence1', 'sentence2', 'label', 'indexes'],
        num_rows: 25
    })
    validation: Dataset({
        features: ['sentence1', 'sentence2', 'label', 'indexes'],
        num_rows: 277
    })
    test: Dataset({
        features: ['sentence1', 'sentence2', 'label', 'indexes'],
        num_rows: 3000
    })
})
[Train] Epoch:   0, Total:     25, Accuracy : 0.6400, Loss: 0.6740
[Eval] Epoch:   0, Total:    277, Accuracy : 0.4729, Loss: 0.7091
[Train] Epoch:   1, Total:     25, Accuracy : 0.6400, Loss: 0.6789
[Eval] Epoch:   1, Total:    277, Accuracy : 0.4729, Loss: 0.7093
[Train] Epoch:   2, Total:     25, Accuracy : 0.6400, Loss: 0.6785
[Eval] Epoch:   2, Total:    277, Accuracy : 0.4729, Loss: 0.7097
[Train] Epoch:   3, Total:     25, Accuracy : 0.6400, Loss: 0.6673
[Eval] Epoch:   3, Total:    277, Accuracy : 0.4729, Loss: 0.7102
[Train] Epoch:   4, Total:     25, Accuracy : 0.6400, Loss: 0.6649
[Eval] Epoch:   4, Total:    277, Accuracy : 0.4729, Loss: 0.7110
[Train] Epoch:   5, Total:     25, Accuracy : 0.6400, Loss: 0.6692
[Eval] Epoch:   5, Total:    277, Accuracy : 0.4729, Loss: 0.7120
[Train] Epoch:   6, Total:     25, Accuracy : 0.6400, Loss: 0.6706
[Eval] Epoch:   6, Total:    277, Accuracy : 0.4729, Loss: 0.7132
[Train] Epoch:   7, Total:     25, Accuracy : 0.6400, Loss: 0.6712
[Eval] Epoch:   7, Total:    277, Accuracy : 0.4729, Loss: 0.7147
[Train] Epoch:   8, Total:     25, Accuracy : 0.6400, Loss: 0.6623
[Eval] Epoch:   8, Total:    277, Accuracy : 0.4729, Loss: 0.7164
[Train] Epoch:   9, Total:     25, Accuracy : 0.6400, Loss: 0.6700
[Eval] Epoch:   9, Total:    277, Accuracy : 0.4729, Loss: 0.7183
[Train] Epoch:  10, Total:     25, Accuracy : 0.6400, Loss: 0.6692
[Eval] Epoch:  10, Total:    277, Accuracy : 0.4729, Loss: 0.7204
[Train] Epoch:  11, Total:     25, Accuracy : 0.6400, Loss: 0.6672
[Eval] Epoch:  11, Total:    277, Accuracy : 0.4729, Loss: 0.7227
[Train] Epoch:  12, Total:     25, Accuracy : 0.6400, Loss: 0.6631
[Eval] Epoch:  12, Total:    277, Accuracy : 0.4729, Loss: 0.7253
[Train] Epoch:  13, Total:     25, Accuracy : 0.6400, Loss: 0.6642
[Eval] Epoch:  13, Total:    277, Accuracy : 0.4729, Loss: 0.7282
[Train] Epoch:  14, Total:     25, Accuracy : 0.6400, Loss: 0.6511
[Eval] Epoch:  14, Total:    277, Accuracy : 0.4729, Loss: 0.7314
[Train] Epoch:  15, Total:     25, Accuracy : 0.6400, Loss: 0.6489
[Eval] Epoch:  15, Total:    277, Accuracy : 0.4729, Loss: 0.7351
[Train] Epoch:  16, Total:     25, Accuracy : 0.6400, Loss: 0.6469
[Eval] Epoch:  16, Total:    277, Accuracy : 0.4729, Loss: 0.7391
[Train] Epoch:  17, Total:     25, Accuracy : 0.6400, Loss: 0.6574
[Eval] Epoch:  17, Total:    277, Accuracy : 0.4729, Loss: 0.7434
[Train] Epoch:  18, Total:     25, Accuracy : 0.6400, Loss: 0.6531
[Eval] Epoch:  18, Total:    277, Accuracy : 0.4729, Loss: 0.7478
[Train] Epoch:  19, Total:     25, Accuracy : 0.6400, Loss: 0.6451
[Eval] Epoch:  19, Total:    277, Accuracy : 0.4729, Loss: 0.7526
{"epoch":[1,2,3,4,5,6,7,8,9,10,11,12,13,14,15,16,17,18,19,20],"train_loss":[0.6739721894264221,0.6788995862007141,0.6785339117050171,0.6673003435134888,0.6649276614189148,0.6692047119140625,0.6705840826034546,0.6711942553520203,0.6623102426528931,0.6700153946876526,0.6692196726799011,0.6671874523162842,0.6630756258964539,0.6642183065414429,0.6510559916496277,0.6488886475563049,0.6469157338142395,0.6574069857597351,0.6530933380126953,0.6451370120048523],"eval_loss":[0.7020480871200562,0.7021696925163269,0.7024016141891479,0.7027658104896546,0.7032804608345031,0.7039331436157227,0.7047500848770142,0.705723786354065,0.7068977952003479,0.7082409739494324,0.7097045660018921,0.7113503098487854,0.7131828665733337,0.7152953386306763,0.7176724672317505,0.7203891277313232,0.7234200239181519,0.7266368269920349,0.7300294637680054,0.7337284088134766],"train_acc":[0.64,0.64,0.64,0.64,0.64,0.64,0.64,0.64,0.64,0.64,0.64,0.64,0.64,0.64,0.64,0.64,0.64,0.64,0.64,0.64],"eval_acc":[0.4729241877256318,0.4729241877256318,0.4729241877256318,0.4729241877256318,0.4729241877256318,0.4729241877256318,0.4729241877256318,0.4729241877256318,0.4729241877256318,0.4729241877256318,0.4729241877256318,0.4729241877256318,0.4729241877256318,0.4729241877256318,0.4729241877256318,0.4729241877256318,0.4729241877256318,0.4729241877256318,0.4729241877256318,0.4729241877256318]}
[Eval] Epoch:  11, Total:    277, Accuracy : 0.4729, Loss: 0.7526
277 131 3.668642044067383
