pruned_3_0.5_model_0
DatasetDict({
    train: Dataset({
        features: ['sentence1', 'sentence2', 'label', 'indexes'],
        num_rows: 1245
    })
    validation: Dataset({
        features: ['sentence1', 'sentence2', 'label', 'indexes'],
        num_rows: 277
    })
    test: Dataset({
        features: ['sentence1', 'sentence2', 'label', 'indexes'],
        num_rows: 3000
    })
})
[Train] Epoch:   0, Total:   1245, Accuracy : 0.5116, Loss: 0.6900
[Eval] Epoch:   0, Total:    277, Accuracy : 0.4729, Loss: 0.6953
[Train] Epoch:   1, Total:   1245, Accuracy : 0.5028, Loss: 0.6877
[Eval] Epoch:   1, Total:    277, Accuracy : 0.4729, Loss: 0.6994
[Train] Epoch:   2, Total:   1245, Accuracy : 0.5173, Loss: 0.7067
[Eval] Epoch:   2, Total:    277, Accuracy : 0.5560, Loss: 0.6770
[Train] Epoch:   3, Total:   1245, Accuracy : 0.5807, Loss: 0.6252
[Eval] Epoch:   3, Total:    277, Accuracy : 0.6354, Loss: 0.5608
[Train] Epoch:   4, Total:   1245, Accuracy : 0.7116, Loss: 0.5760
[Eval] Epoch:   4, Total:    277, Accuracy : 0.6823, Loss: 0.4346
[Train] Epoch:   5, Total:   1245, Accuracy : 0.8185, Loss: 0.3837
[Eval] Epoch:   5, Total:    277, Accuracy : 0.6968, Loss: 0.3733
[Train] Epoch:   6, Total:   1245, Accuracy : 0.8651, Loss: 0.3199
[Eval] Epoch:   6, Total:    277, Accuracy : 0.7292, Loss: 0.4127
[Train] Epoch:   7, Total:   1245, Accuracy : 0.9141, Loss: 0.1795
[Eval] Epoch:   7, Total:    277, Accuracy : 0.7401, Loss: 0.3349
[Train] Epoch:   8, Total:   1245, Accuracy : 0.9454, Loss: 0.0725
[Eval] Epoch:   8, Total:    277, Accuracy : 0.7437, Loss: 0.3347
[Train] Epoch:   9, Total:   1245, Accuracy : 0.9566, Loss: 0.1295
[Eval] Epoch:   9, Total:    277, Accuracy : 0.7256, Loss: 0.4134
[Train] Epoch:  10, Total:   1245, Accuracy : 0.9631, Loss: 0.1429
[Eval] Epoch:  10, Total:    277, Accuracy : 0.7401, Loss: 0.3678
[Train] Epoch:  11, Total:   1245, Accuracy : 0.9502, Loss: 0.1706
[Eval] Epoch:  11, Total:    277, Accuracy : 0.7365, Loss: 0.4149
[Train] Epoch:  12, Total:   1245, Accuracy : 0.9671, Loss: 0.0954
[Eval] Epoch:  12, Total:    277, Accuracy : 0.7401, Loss: 0.5183
[Train] Epoch:  13, Total:   1245, Accuracy : 0.9759, Loss: 0.2380
[Eval] Epoch:  13, Total:    277, Accuracy : 0.7220, Loss: 0.5590
[Train] Epoch:  14, Total:   1245, Accuracy : 0.9807, Loss: 0.1789
[Eval] Epoch:  14, Total:    277, Accuracy : 0.7220, Loss: 0.5467
[Train] Epoch:  15, Total:   1245, Accuracy : 0.9823, Loss: 0.1904
[Eval] Epoch:  15, Total:    277, Accuracy : 0.7509, Loss: 0.7656
[Train] Epoch:  16, Total:   1245, Accuracy : 0.9855, Loss: 0.0081
[Eval] Epoch:  16, Total:    277, Accuracy : 0.7220, Loss: 0.7352
[Train] Epoch:  17, Total:   1245, Accuracy : 0.9936, Loss: 0.0047
[Eval] Epoch:  17, Total:    277, Accuracy : 0.7184, Loss: 0.6305
[Train] Epoch:  18, Total:   1245, Accuracy : 0.9928, Loss: 0.0055
[Eval] Epoch:  18, Total:    277, Accuracy : 0.7112, Loss: 0.6661
[Train] Epoch:  19, Total:   1245, Accuracy : 0.9928, Loss: 0.0088
[Eval] Epoch:  19, Total:    277, Accuracy : 0.7112, Loss: 0.6666
{"epoch":[1,2,3,4,5,6,7,8,9,10,11,12,13,14,15,16,17,18,19,20],"train_loss":[0.6950631499290466,0.6942476123571396,0.696525564789772,0.672208160161972,0.5988108187913894,0.45343090444803236,0.3462551884353161,0.2427236795425415,0.17851201593875884,0.1503957960754633,0.13790140729397535,0.15127178132534028,0.1084411502815783,0.09552759556099773,0.07917641154490411,0.07281481777317822,0.052862248849123716,0.030350149213336407,0.026205965387634932,0.03409497744869441],"eval_loss":[0.694259250164032,0.6964143276214599,0.684753954410553,0.633100402355194,0.6138778150081634,0.6063988387584687,0.6463401556015015,0.6659466385841369,0.6867210030555725,0.7627814710140228,0.7275197863578796,0.8697686731815338,0.9602564454078675,0.8602275848388672,1.1421825766563416,1.0262638926506042,1.1714473485946655,1.2932064294815064,1.2979806184768676,1.306317150592804],"train_acc":[0.5116465863453815,0.5028112449799197,0.5172690763052209,0.5807228915662651,0.7116465863453815,0.8184738955823293,0.8650602409638555,0.9140562248995984,0.9453815261044177,0.9566265060240964,0.9630522088353414,0.9502008032128514,0.9670682730923694,0.9759036144578314,0.980722891566265,0.9823293172690764,0.9855421686746988,0.993574297188755,0.9927710843373494,0.9927710843373494],"eval_acc":[0.4729241877256318,0.4729241877256318,0.555956678700361,0.6353790613718412,0.6823104693140795,0.6967509025270758,0.7292418772563177,0.740072202166065,0.7436823104693141,0.7256317689530686,0.740072202166065,0.7364620938628159,0.740072202166065,0.7220216606498195,0.7220216606498195,0.7509025270758123,0.7220216606498195,0.7184115523465704,0.7111913357400722,0.7111913357400722]}
[Eval] Epoch:  11, Total:    277, Accuracy : 0.7112, Loss: 0.6666
277 197 6.53158575296402
