pruned_2_0.5_model_0
DatasetDict({
    train: Dataset({
        features: ['sentence1', 'sentence2', 'label', 'indexes'],
        num_rows: 1245
    })
    validation: Dataset({
        features: ['sentence1', 'sentence2', 'label', 'indexes'],
        num_rows: 277
    })
    test: Dataset({
        features: ['sentence1', 'sentence2', 'label', 'indexes'],
        num_rows: 3000
    })
})
[Train] Epoch:   0, Total:   1245, Accuracy : 0.5076, Loss: 0.6830
[Eval] Epoch:   0, Total:    277, Accuracy : 0.5271, Loss: 0.6882
[Train] Epoch:   1, Total:   1245, Accuracy : 0.5020, Loss: 0.6928
[Eval] Epoch:   1, Total:    277, Accuracy : 0.5271, Loss: 0.6894
[Train] Epoch:   2, Total:   1245, Accuracy : 0.5100, Loss: 0.6956
[Eval] Epoch:   2, Total:    277, Accuracy : 0.5271, Loss: 0.6802
[Train] Epoch:   3, Total:   1245, Accuracy : 0.5631, Loss: 0.6339
[Eval] Epoch:   3, Total:    277, Accuracy : 0.6931, Loss: 0.5671
[Train] Epoch:   4, Total:   1245, Accuracy : 0.7237, Loss: 0.5838
[Eval] Epoch:   4, Total:    277, Accuracy : 0.6570, Loss: 0.4517
[Train] Epoch:   5, Total:   1245, Accuracy : 0.7944, Loss: 0.2307
[Eval] Epoch:   5, Total:    277, Accuracy : 0.7112, Loss: 0.2682
[Train] Epoch:   6, Total:   1245, Accuracy : 0.8570, Loss: 0.3451
[Eval] Epoch:   6, Total:    277, Accuracy : 0.7004, Loss: 0.2574
[Train] Epoch:   7, Total:   1245, Accuracy : 0.9068, Loss: 0.2215
[Eval] Epoch:   7, Total:    277, Accuracy : 0.6859, Loss: 0.1989
[Train] Epoch:   8, Total:   1245, Accuracy : 0.9261, Loss: 0.1241
[Eval] Epoch:   8, Total:    277, Accuracy : 0.6823, Loss: 0.2278
[Train] Epoch:   9, Total:   1245, Accuracy : 0.9518, Loss: 0.1134
[Eval] Epoch:   9, Total:    277, Accuracy : 0.6859, Loss: 0.2273
[Train] Epoch:  10, Total:   1245, Accuracy : 0.9510, Loss: 0.1328
[Eval] Epoch:  10, Total:    277, Accuracy : 0.6823, Loss: 0.2378
[Train] Epoch:  11, Total:   1245, Accuracy : 0.8916, Loss: 0.5651
[Eval] Epoch:  11, Total:    277, Accuracy : 0.6498, Loss: 0.6921
[Train] Epoch:  12, Total:   1245, Accuracy : 0.9052, Loss: 0.1250
[Eval] Epoch:  12, Total:    277, Accuracy : 0.6823, Loss: 0.3270
[Train] Epoch:  13, Total:   1245, Accuracy : 0.9382, Loss: 0.2064
[Eval] Epoch:  13, Total:    277, Accuracy : 0.6643, Loss: 0.6832
[Train] Epoch:  14, Total:   1245, Accuracy : 0.9438, Loss: 0.0416
[Eval] Epoch:  14, Total:    277, Accuracy : 0.6931, Loss: 0.3225
[Train] Epoch:  15, Total:   1245, Accuracy : 0.9767, Loss: 0.0085
[Eval] Epoch:  15, Total:    277, Accuracy : 0.7076, Loss: 0.2494
[Train] Epoch:  16, Total:   1245, Accuracy : 0.9880, Loss: 0.1613
[Eval] Epoch:  16, Total:    277, Accuracy : 0.6895, Loss: 0.3794
[Train] Epoch:  17, Total:   1245, Accuracy : 0.9880, Loss: 0.0084
[Eval] Epoch:  17, Total:    277, Accuracy : 0.7148, Loss: 0.3208
[Train] Epoch:  18, Total:   1245, Accuracy : 0.9928, Loss: 0.0105
[Eval] Epoch:  18, Total:    277, Accuracy : 0.6751, Loss: 0.5711
[Train] Epoch:  19, Total:   1245, Accuracy : 0.9960, Loss: 0.0038
[Eval] Epoch:  19, Total:    277, Accuracy : 0.6751, Loss: 0.5900
{"epoch":[1,2,3,4,5,6,7,8,9,10,11,12,13,14,15,16,17,18,19,20],"train_loss":[0.6920998960733413,0.6937445074319839,0.6915271610021592,0.6785716444253922,0.5791282624006271,0.4626701153814793,0.3569744125008583,0.2576229810714722,0.1893805216997862,0.15682615302503108,0.1498950809240341,0.2793791588395834,0.2342383734881878,0.1555847827345133,0.14918725937604904,0.06526380903087556,0.04862202040385455,0.039510312117636205,0.03619588233996183,0.01568837756058201],"eval_loss":[0.6914098739624024,0.691475772857666,0.6873668909072876,0.6254833340644836,0.5662388622760772,0.6344516456127167,0.6555202841758728,0.7292695313692092,0.7740527004003525,0.7961084961891174,0.804648494720459,1.0472825527191163,0.8610206007957458,1.173927640914917,0.9560295164585113,1.1138187229633332,1.309491789340973,1.2571980774402618,1.4155020833015441,1.429722833633423],"train_acc":[0.5076305220883535,0.5020080321285141,0.5100401606425703,0.5630522088353414,0.7236947791164658,0.7943775100401607,0.8570281124497992,0.9068273092369478,0.9261044176706827,0.9518072289156626,0.951004016064257,0.891566265060241,0.9052208835341365,0.9381526104417671,0.9437751004016064,0.976706827309237,0.9879518072289156,0.9879518072289156,0.9927710843373494,0.9959839357429718],"eval_acc":[0.5270758122743683,0.5270758122743683,0.5270758122743683,0.6931407942238267,0.6570397111913358,0.7111913357400722,0.7003610108303249,0.6859205776173285,0.6823104693140795,0.6859205776173285,0.6823104693140795,0.6498194945848376,0.6823104693140795,0.6642599277978339,0.6931407942238267,0.7075812274368231,0.6895306859205776,0.7148014440433214,0.6750902527075813,0.6750902527075813]}
[Eval] Epoch:  11, Total:    277, Accuracy : 0.6751, Loss: 0.5900
277 187 7.148614168167114
