pruned_2_0.01_model_0
DatasetDict({
    train: Dataset({
        features: ['sentence1', 'sentence2', 'label', 'indexes'],
        num_rows: 24
    })
    validation: Dataset({
        features: ['sentence1', 'sentence2', 'label', 'indexes'],
        num_rows: 277
    })
    test: Dataset({
        features: ['sentence1', 'sentence2', 'label', 'indexes'],
        num_rows: 3000
    })
})
[Train] Epoch:   0, Total:     24, Accuracy : 0.5000, Loss: 0.6944
[Eval] Epoch:   0, Total:    277, Accuracy : 0.4729, Loss: 0.6992
[Train] Epoch:   1, Total:     24, Accuracy : 0.5833, Loss: 0.6804
[Eval] Epoch:   1, Total:    277, Accuracy : 0.4729, Loss: 0.6992
[Train] Epoch:   2, Total:     24, Accuracy : 0.5417, Loss: 0.6939
[Eval] Epoch:   2, Total:    277, Accuracy : 0.4729, Loss: 0.6991
[Train] Epoch:   3, Total:     24, Accuracy : 0.5000, Loss: 0.6951
[Eval] Epoch:   3, Total:    277, Accuracy : 0.4729, Loss: 0.6989
[Train] Epoch:   4, Total:     24, Accuracy : 0.5833, Loss: 0.6861
[Eval] Epoch:   4, Total:    277, Accuracy : 0.4729, Loss: 0.6986
[Train] Epoch:   5, Total:     24, Accuracy : 0.3750, Loss: 0.7016
[Eval] Epoch:   5, Total:    277, Accuracy : 0.4729, Loss: 0.6983
[Train] Epoch:   6, Total:     24, Accuracy : 0.5000, Loss: 0.6984
[Eval] Epoch:   6, Total:    277, Accuracy : 0.4729, Loss: 0.6979
[Train] Epoch:   7, Total:     24, Accuracy : 0.4167, Loss: 0.6913
[Eval] Epoch:   7, Total:    277, Accuracy : 0.4729, Loss: 0.6975
[Train] Epoch:   8, Total:     24, Accuracy : 0.5417, Loss: 0.6878
[Eval] Epoch:   8, Total:    277, Accuracy : 0.4729, Loss: 0.6973
[Train] Epoch:   9, Total:     24, Accuracy : 0.5000, Loss: 0.6866
[Eval] Epoch:   9, Total:    277, Accuracy : 0.4729, Loss: 0.6969
[Train] Epoch:  10, Total:     24, Accuracy : 0.5000, Loss: 0.6901
[Eval] Epoch:  10, Total:    277, Accuracy : 0.4729, Loss: 0.6966
[Train] Epoch:  11, Total:     24, Accuracy : 0.5417, Loss: 0.6914
[Eval] Epoch:  11, Total:    277, Accuracy : 0.4729, Loss: 0.6963
[Train] Epoch:  12, Total:     24, Accuracy : 0.5000, Loss: 0.6848
[Eval] Epoch:  12, Total:    277, Accuracy : 0.4729, Loss: 0.6963
[Train] Epoch:  13, Total:     24, Accuracy : 0.5000, Loss: 0.6874
[Eval] Epoch:  13, Total:    277, Accuracy : 0.4729, Loss: 0.6961
[Train] Epoch:  14, Total:     24, Accuracy : 0.5417, Loss: 0.6918
[Eval] Epoch:  14, Total:    277, Accuracy : 0.4729, Loss: 0.6958
[Train] Epoch:  15, Total:     24, Accuracy : 0.5417, Loss: 0.6851
[Eval] Epoch:  15, Total:    277, Accuracy : 0.4729, Loss: 0.6955
[Train] Epoch:  16, Total:     24, Accuracy : 0.6667, Loss: 0.6846
[Eval] Epoch:  16, Total:    277, Accuracy : 0.4729, Loss: 0.6951
[Train] Epoch:  17, Total:     24, Accuracy : 0.4583, Loss: 0.6875
[Eval] Epoch:  17, Total:    277, Accuracy : 0.4729, Loss: 0.6947
[Train] Epoch:  18, Total:     24, Accuracy : 0.7083, Loss: 0.6774
[Eval] Epoch:  18, Total:    277, Accuracy : 0.4801, Loss: 0.6944
[Train] Epoch:  19, Total:     24, Accuracy : 0.6667, Loss: 0.6866
[Eval] Epoch:  19, Total:    277, Accuracy : 0.4982, Loss: 0.6941
{"epoch":[1,2,3,4,5,6,7,8,9,10,11,12,13,14,15,16,17,18,19,20],"train_loss":[0.6944060325622559,0.6803639531135559,0.6939348578453064,0.6951252818107605,0.6860573887825012,0.7015857696533203,0.6984090805053711,0.6913321018218994,0.6878154277801514,0.6865758299827576,0.6901061534881592,0.6914072036743164,0.6848364472389221,0.6873844265937805,0.6917672753334045,0.6850773692131042,0.6845844388008118,0.6874544024467468,0.6773929595947266,0.6865582466125488],"eval_loss":[0.6964801669120788,0.696455979347229,0.6963943004608154,0.6962904810905457,0.6961260914802552,0.69593905210495,0.6957104682922364,0.6955320835113525,0.69537855386734,0.6951864004135132,0.6950130105018616,0.6948252320289612,0.6948090553283691,0.6947180986404419,0.6945294499397278,0.6943768978118896,0.6941420912742615,0.6939548254013062,0.6937773585319519,0.6936233043670654],"train_acc":[0.5,0.5833333333333334,0.5416666666666666,0.5,0.5833333333333334,0.375,0.5,0.4166666666666667,0.5416666666666666,0.5,0.5,0.5416666666666666,0.5,0.5,0.5416666666666666,0.5416666666666666,0.6666666666666666,0.4583333333333333,0.7083333333333334,0.6666666666666666],"eval_acc":[0.4729241877256318,0.4729241877256318,0.4729241877256318,0.4729241877256318,0.4729241877256318,0.4729241877256318,0.4729241877256318,0.4729241877256318,0.4729241877256318,0.4729241877256318,0.4729241877256318,0.4729241877256318,0.4729241877256318,0.4729241877256318,0.4729241877256318,0.4729241877256318,0.4729241877256318,0.4729241877256318,0.48014440433212996,0.4981949458483754]}
[Eval] Epoch:  11, Total:    277, Accuracy : 0.4982, Loss: 0.6941
277 138 3.468116521835327
