pruned_2_0.02_model_0
DatasetDict({
    train: Dataset({
        features: ['sentence1', 'sentence2', 'label', 'indexes'],
        num_rows: 49
    })
    validation: Dataset({
        features: ['sentence1', 'sentence2', 'label', 'indexes'],
        num_rows: 277
    })
    test: Dataset({
        features: ['sentence1', 'sentence2', 'label', 'indexes'],
        num_rows: 3000
    })
})
[Train] Epoch:   0, Total:     49, Accuracy : 0.4490, Loss: 0.7019
[Eval] Epoch:   0, Total:    277, Accuracy : 0.5271, Loss: 0.6867
[Train] Epoch:   1, Total:     49, Accuracy : 0.4694, Loss: 0.7010
[Eval] Epoch:   1, Total:    277, Accuracy : 0.5271, Loss: 0.6867
[Train] Epoch:   2, Total:     49, Accuracy : 0.4082, Loss: 0.7096
[Eval] Epoch:   2, Total:    277, Accuracy : 0.5271, Loss: 0.6869
[Train] Epoch:   3, Total:     49, Accuracy : 0.3878, Loss: 0.6980
[Eval] Epoch:   3, Total:    277, Accuracy : 0.5271, Loss: 0.6872
[Train] Epoch:   4, Total:     49, Accuracy : 0.4898, Loss: 0.6931
[Eval] Epoch:   4, Total:    277, Accuracy : 0.5271, Loss: 0.6875
[Train] Epoch:   5, Total:     49, Accuracy : 0.4490, Loss: 0.6980
[Eval] Epoch:   5, Total:    277, Accuracy : 0.5271, Loss: 0.6879
[Train] Epoch:   6, Total:     49, Accuracy : 0.3878, Loss: 0.6963
[Eval] Epoch:   6, Total:    277, Accuracy : 0.5271, Loss: 0.6885
[Train] Epoch:   7, Total:     49, Accuracy : 0.4286, Loss: 0.6997
[Eval] Epoch:   7, Total:    277, Accuracy : 0.5271, Loss: 0.6891
[Train] Epoch:   8, Total:     49, Accuracy : 0.3878, Loss: 0.7003
[Eval] Epoch:   8, Total:    277, Accuracy : 0.5271, Loss: 0.6899
[Train] Epoch:   9, Total:     49, Accuracy : 0.4082, Loss: 0.6917
[Eval] Epoch:   9, Total:    277, Accuracy : 0.5271, Loss: 0.6907
[Train] Epoch:  10, Total:     49, Accuracy : 0.6735, Loss: 0.6800
[Eval] Epoch:  10, Total:    277, Accuracy : 0.5271, Loss: 0.6917
[Train] Epoch:  11, Total:     49, Accuracy : 0.5306, Loss: 0.6928
[Eval] Epoch:  11, Total:    277, Accuracy : 0.5523, Loss: 0.6928
[Train] Epoch:  12, Total:     49, Accuracy : 0.7551, Loss: 0.6778
[Eval] Epoch:  12, Total:    277, Accuracy : 0.4765, Loss: 0.6941
[Train] Epoch:  13, Total:     49, Accuracy : 0.6122, Loss: 0.6795
[Eval] Epoch:  13, Total:    277, Accuracy : 0.4729, Loss: 0.6957
[Train] Epoch:  14, Total:     49, Accuracy : 0.6122, Loss: 0.6923
[Eval] Epoch:  14, Total:    277, Accuracy : 0.4729, Loss: 0.6975
[Train] Epoch:  15, Total:     49, Accuracy : 0.6531, Loss: 0.6828
[Eval] Epoch:  15, Total:    277, Accuracy : 0.4729, Loss: 0.6994
[Train] Epoch:  16, Total:     49, Accuracy : 0.5918, Loss: 0.6816
[Eval] Epoch:  16, Total:    277, Accuracy : 0.4729, Loss: 0.7017
[Train] Epoch:  17, Total:     49, Accuracy : 0.5510, Loss: 0.6854
[Eval] Epoch:  17, Total:    277, Accuracy : 0.4729, Loss: 0.7040
[Train] Epoch:  18, Total:     49, Accuracy : 0.5714, Loss: 0.6882
[Eval] Epoch:  18, Total:    277, Accuracy : 0.4729, Loss: 0.7066
[Train] Epoch:  19, Total:     49, Accuracy : 0.5714, Loss: 0.6912
[Eval] Epoch:  19, Total:    277, Accuracy : 0.4729, Loss: 0.7092
{"epoch":[1,2,3,4,5,6,7,8,9,10,11,12,13,14,15,16,17,18,19,20],"train_loss":[0.7019293904304504,0.7009833455085754,0.7095852494239807,0.6980432868003845,0.6930680274963379,0.6979827880859375,0.6962875723838806,0.6997332572937012,0.7003455758094788,0.6917139887809753,0.6799709796905518,0.6927696466445923,0.6777821779251099,0.6795365214347839,0.6922536492347717,0.6828336119651794,0.6815534234046936,0.6854270696640015,0.6882023811340332,0.69117271900177],"eval_loss":[0.6906419157981872,0.6906588196754455,0.6906949996948242,0.6907452940940857,0.6908236622810364,0.6909367203712463,0.691090714931488,0.6912905812263489,0.6915541887283325,0.6918710350990296,0.6922686576843262,0.6927509427070617,0.6933583736419677,0.6941226243972778,0.695025622844696,0.6961036324501038,0.697382390499115,0.6987672924995423,0.700343918800354,0.70197035074234],"train_acc":[0.4489795918367347,0.46938775510204084,0.40816326530612246,0.3877551020408163,0.4897959183673469,0.4489795918367347,0.3877551020408163,0.42857142857142855,0.3877551020408163,0.40816326530612246,0.673469387755102,0.5306122448979592,0.7551020408163265,0.6122448979591837,0.6122448979591837,0.6530612244897959,0.5918367346938775,0.5510204081632653,0.5714285714285714,0.5714285714285714],"eval_acc":[0.5270758122743683,0.5270758122743683,0.5270758122743683,0.5270758122743683,0.5270758122743683,0.5270758122743683,0.5270758122743683,0.5270758122743683,0.5270758122743683,0.5270758122743683,0.5270758122743683,0.5523465703971119,0.47653429602888087,0.4729241877256318,0.4729241877256318,0.4729241877256318,0.4729241877256318,0.4729241877256318,0.4729241877256318,0.4729241877256318]}
[Eval] Epoch:  11, Total:    277, Accuracy : 0.4729, Loss: 0.7092
277 131 3.5098517537117004
