random_0.005_model_0
DatasetDict({
    train: Dataset({
        features: ['sentence1', 'sentence2', 'label', 'indexes'],
        num_rows: 12
    })
    validation: Dataset({
        features: ['sentence1', 'sentence2', 'label', 'indexes'],
        num_rows: 277
    })
    test: Dataset({
        features: ['sentence1', 'sentence2', 'label', 'indexes'],
        num_rows: 3000
    })
})
[Train] Epoch:   0, Total:     12, Accuracy : 0.5833, Loss: 0.6872
[Eval] Epoch:   0, Total:    277, Accuracy : 0.4729, Loss: 0.6995
[Train] Epoch:   1, Total:     12, Accuracy : 0.6667, Loss: 0.6797
[Eval] Epoch:   1, Total:    277, Accuracy : 0.4729, Loss: 0.6995
[Train] Epoch:   2, Total:     12, Accuracy : 0.5000, Loss: 0.6942
[Eval] Epoch:   2, Total:    277, Accuracy : 0.4729, Loss: 0.6996
[Train] Epoch:   3, Total:     12, Accuracy : 0.6667, Loss: 0.6764
[Eval] Epoch:   3, Total:    277, Accuracy : 0.4729, Loss: 0.6997
[Train] Epoch:   4, Total:     12, Accuracy : 0.5000, Loss: 0.6940
[Eval] Epoch:   4, Total:    277, Accuracy : 0.4729, Loss: 0.7000
[Train] Epoch:   5, Total:     12, Accuracy : 0.3333, Loss: 0.7021
[Eval] Epoch:   5, Total:    277, Accuracy : 0.4729, Loss: 0.7004
[Train] Epoch:   6, Total:     12, Accuracy : 0.5833, Loss: 0.6919
[Eval] Epoch:   6, Total:    277, Accuracy : 0.4729, Loss: 0.7010
[Train] Epoch:   7, Total:     12, Accuracy : 0.5833, Loss: 0.6927
[Eval] Epoch:   7, Total:    277, Accuracy : 0.4729, Loss: 0.7017
[Train] Epoch:   8, Total:     12, Accuracy : 0.5833, Loss: 0.6874
[Eval] Epoch:   8, Total:    277, Accuracy : 0.4729, Loss: 0.7025
[Train] Epoch:   9, Total:     12, Accuracy : 0.5833, Loss: 0.6792
[Eval] Epoch:   9, Total:    277, Accuracy : 0.4729, Loss: 0.7035
[Train] Epoch:  10, Total:     12, Accuracy : 0.5833, Loss: 0.6804
[Eval] Epoch:  10, Total:    277, Accuracy : 0.4729, Loss: 0.7047
[Train] Epoch:  11, Total:     12, Accuracy : 0.5833, Loss: 0.6900
[Eval] Epoch:  11, Total:    277, Accuracy : 0.4729, Loss: 0.7059
[Train] Epoch:  12, Total:     12, Accuracy : 0.6667, Loss: 0.6665
[Eval] Epoch:  12, Total:    277, Accuracy : 0.4729, Loss: 0.7071
[Train] Epoch:  13, Total:     12, Accuracy : 0.5833, Loss: 0.6942
[Eval] Epoch:  13, Total:    277, Accuracy : 0.4729, Loss: 0.7083
[Train] Epoch:  14, Total:     12, Accuracy : 0.5833, Loss: 0.6721
[Eval] Epoch:  14, Total:    277, Accuracy : 0.4729, Loss: 0.7097
[Train] Epoch:  15, Total:     12, Accuracy : 0.5833, Loss: 0.6800
[Eval] Epoch:  15, Total:    277, Accuracy : 0.4729, Loss: 0.7109
[Train] Epoch:  16, Total:     12, Accuracy : 0.5833, Loss: 0.6513
[Eval] Epoch:  16, Total:    277, Accuracy : 0.4729, Loss: 0.7123
[Train] Epoch:  17, Total:     12, Accuracy : 0.5833, Loss: 0.6686
[Eval] Epoch:  17, Total:    277, Accuracy : 0.4729, Loss: 0.7140
[Train] Epoch:  18, Total:     12, Accuracy : 0.5833, Loss: 0.6802
[Eval] Epoch:  18, Total:    277, Accuracy : 0.4729, Loss: 0.7160
[Train] Epoch:  19, Total:     12, Accuracy : 0.5833, Loss: 0.6639
[Eval] Epoch:  19, Total:    277, Accuracy : 0.4729, Loss: 0.7183
{"epoch":[1,2,3,4,5,6,7,8,9,10,11,12,13,14,15,16,17,18,19,20],"train_loss":[0.6872396469116211,0.6797404289245605,0.6942453980445862,0.6763885021209717,0.6940262913703918,0.7020897269248962,0.6919274926185608,0.692663848400116,0.6874448657035828,0.6792276501655579,0.6803669929504395,0.6900417804718018,0.6665039658546448,0.694214403629303,0.6721413731575012,0.6800375580787659,0.6513442993164062,0.6686450839042664,0.6802187561988831,0.6639025807380676],"eval_loss":[0.6965970158576965,0.6966126084327697,0.6966371893882751,0.6967038869857788,0.6968747973442078,0.6971278548240661,0.6974364638328552,0.6978451251983643,0.6983412027359008,0.6989666938781738,0.6997253894805908,0.7004671931266785,0.7012486457824707,0.7020272135734558,0.7029093623161315,0.7037449955940247,0.7046429634094238,0.7058237195014954,0.7071495294570923,0.7087533235549927],"train_acc":[0.5833333333333334,0.6666666666666666,0.5,0.6666666666666666,0.5,0.3333333333333333,0.5833333333333334,0.5833333333333334,0.5833333333333334,0.5833333333333334,0.5833333333333334,0.5833333333333334,0.6666666666666666,0.5833333333333334,0.5833333333333334,0.5833333333333334,0.5833333333333334,0.5833333333333334,0.5833333333333334,0.5833333333333334],"eval_acc":[0.4729241877256318,0.4729241877256318,0.4729241877256318,0.4729241877256318,0.4729241877256318,0.4729241877256318,0.4729241877256318,0.4729241877256318,0.4729241877256318,0.4729241877256318,0.4729241877256318,0.4729241877256318,0.4729241877256318,0.4729241877256318,0.4729241877256318,0.4729241877256318,0.4729241877256318,0.4729241877256318,0.4729241877256318,0.4729241877256318]}
[Eval] Epoch:  11, Total:    277, Accuracy : 0.4729, Loss: 0.7183
277 131 3.5437666177749634
