random_0.4_model_0
DatasetDict({
    train: Dataset({
        features: ['sentence1', 'sentence2', 'label', 'indexes'],
        num_rows: 996
    })
    validation: Dataset({
        features: ['sentence1', 'sentence2', 'label', 'indexes'],
        num_rows: 277
    })
    test: Dataset({
        features: ['sentence1', 'sentence2', 'label', 'indexes'],
        num_rows: 3000
    })
})
[Train] Epoch:   0, Total:    996, Accuracy : 0.5171, Loss: 0.6955
[Eval] Epoch:   0, Total:    277, Accuracy : 0.5271, Loss: 0.6906
[Train] Epoch:   1, Total:    996, Accuracy : 0.4980, Loss: 0.6981
[Eval] Epoch:   1, Total:    277, Accuracy : 0.5271, Loss: 0.6921
[Train] Epoch:   2, Total:    996, Accuracy : 0.5040, Loss: 0.6868
[Eval] Epoch:   2, Total:    277, Accuracy : 0.4946, Loss: 0.6945
[Train] Epoch:   3, Total:    996, Accuracy : 0.5894, Loss: 0.6610
[Eval] Epoch:   3, Total:    277, Accuracy : 0.6065, Loss: 0.6332
[Train] Epoch:   4, Total:    996, Accuracy : 0.7149, Loss: 0.5374
[Eval] Epoch:   4, Total:    277, Accuracy : 0.6498, Loss: 0.5478
[Train] Epoch:   5, Total:    996, Accuracy : 0.8082, Loss: 0.4743
[Eval] Epoch:   5, Total:    277, Accuracy : 0.6715, Loss: 0.6328
[Train] Epoch:   6, Total:    996, Accuracy : 0.8755, Loss: 0.1923
[Eval] Epoch:   6, Total:    277, Accuracy : 0.6606, Loss: 0.5730
[Train] Epoch:   7, Total:    996, Accuracy : 0.9056, Loss: 0.1373
[Eval] Epoch:   7, Total:    277, Accuracy : 0.6931, Loss: 0.5867
[Train] Epoch:   8, Total:    996, Accuracy : 0.9347, Loss: 0.1977
[Eval] Epoch:   8, Total:    277, Accuracy : 0.6968, Loss: 0.6925
[Train] Epoch:   9, Total:    996, Accuracy : 0.9618, Loss: 0.3098
[Eval] Epoch:   9, Total:    277, Accuracy : 0.7004, Loss: 0.8160
[Train] Epoch:  10, Total:    996, Accuracy : 0.9649, Loss: 0.1584
[Eval] Epoch:  10, Total:    277, Accuracy : 0.6931, Loss: 0.8448
[Train] Epoch:  11, Total:    996, Accuracy : 0.9558, Loss: 0.0901
[Eval] Epoch:  11, Total:    277, Accuracy : 0.6498, Loss: 0.9116
[Train] Epoch:  12, Total:    996, Accuracy : 0.9608, Loss: 0.1711
[Eval] Epoch:  12, Total:    277, Accuracy : 0.6968, Loss: 1.0200
[Train] Epoch:  13, Total:    996, Accuracy : 0.9769, Loss: 0.1332
[Eval] Epoch:  13, Total:    277, Accuracy : 0.7076, Loss: 1.1207
[Train] Epoch:  14, Total:    996, Accuracy : 0.9779, Loss: 0.0200
[Eval] Epoch:  14, Total:    277, Accuracy : 0.6823, Loss: 1.4526
[Train] Epoch:  15, Total:    996, Accuracy : 0.9910, Loss: 0.1083
[Eval] Epoch:  15, Total:    277, Accuracy : 0.7076, Loss: 1.2854
[Train] Epoch:  16, Total:    996, Accuracy : 0.9940, Loss: 0.0435
[Eval] Epoch:  16, Total:    277, Accuracy : 0.6931, Loss: 1.3656
[Train] Epoch:  17, Total:    996, Accuracy : 0.9930, Loss: 0.0431
[Eval] Epoch:  17, Total:    277, Accuracy : 0.6859, Loss: 1.6051
[Train] Epoch:  18, Total:    996, Accuracy : 0.9900, Loss: 0.0030
[Eval] Epoch:  18, Total:    277, Accuracy : 0.7004, Loss: 1.6400
[Train] Epoch:  19, Total:    996, Accuracy : 0.9970, Loss: 0.0032
[Eval] Epoch:  19, Total:    277, Accuracy : 0.7004, Loss: 1.6522
{"epoch":[1,2,3,4,5,6,7,8,9,10,11,12,13,14,15,16,17,18,19,20],"train_loss":[0.6925277225673199,0.6947850845754147,0.6942164935171604,0.6770709045231342,0.5912165213376284,0.44880918227136135,0.3286834731698036,0.23515657614916563,0.18486874923110008,0.1324232721235603,0.12287778360769153,0.1361690149642527,0.12172835622914135,0.07312528241891414,0.06541144312359393,0.03683580641518347,0.01971608746680431,0.023621476342668757,0.028272993629798293,0.013606177002657205],"eval_loss":[0.6919158220291137,0.6922091960906982,0.692473304271698,0.6475712299346924,0.6073288679122925,0.6971576690673829,0.735266923904419,0.7674293994903565,0.8089433073997497,0.8950942754745483,0.9256796717643738,1.0589736700057983,1.1423712015151977,1.268147838115692,1.4362936735153198,1.523302721977234,1.6430852174758912,1.7700188398361205,1.7489869594573975,1.7557531356811524],"train_acc":[0.5170682730923695,0.4979919678714859,0.5040160642570282,0.5893574297188755,0.714859437751004,0.8082329317269076,0.8755020080321285,0.9056224899598394,0.9347389558232931,0.9618473895582329,0.964859437751004,0.9558232931726908,0.9608433734939759,0.9769076305220884,0.9779116465863453,0.9909638554216867,0.9939759036144579,0.9929718875502008,0.9899598393574297,0.9969879518072289],"eval_acc":[0.5270758122743683,0.5270758122743683,0.49458483754512633,0.6064981949458483,0.6498194945848376,0.6714801444043321,0.6606498194945848,0.6931407942238267,0.6967509025270758,0.7003610108303249,0.6931407942238267,0.6498194945848376,0.6967509025270758,0.7075812274368231,0.6823104693140795,0.7075812274368231,0.6931407942238267,0.6859205776173285,0.7003610108303249,0.7003610108303249]}
[Eval] Epoch:  11, Total:    277, Accuracy : 0.7004, Loss: 1.6522
277 194 8.778765678405762
