pruned_3_0.04_model_0
DatasetDict({
    train: Dataset({
        features: ['sentence1', 'sentence2', 'label', 'indexes'],
        num_rows: 99
    })
    validation: Dataset({
        features: ['sentence1', 'sentence2', 'label', 'indexes'],
        num_rows: 277
    })
    test: Dataset({
        features: ['sentence1', 'sentence2', 'label', 'indexes'],
        num_rows: 3000
    })
})
[Train] Epoch:   0, Total:     99, Accuracy : 0.5051, Loss: 0.6977
[Eval] Epoch:   0, Total:    277, Accuracy : 0.5271, Loss: 0.6863
[Train] Epoch:   1, Total:     99, Accuracy : 0.5051, Loss: 0.7238
[Eval] Epoch:   1, Total:    277, Accuracy : 0.5271, Loss: 0.6866
[Train] Epoch:   2, Total:     99, Accuracy : 0.5051, Loss: 0.7050
[Eval] Epoch:   2, Total:    277, Accuracy : 0.5271, Loss: 0.6870
[Train] Epoch:   3, Total:     99, Accuracy : 0.5051, Loss: 0.6842
[Eval] Epoch:   3, Total:    277, Accuracy : 0.5271, Loss: 0.6877
[Train] Epoch:   4, Total:     99, Accuracy : 0.5152, Loss: 0.6962
[Eval] Epoch:   4, Total:    277, Accuracy : 0.5271, Loss: 0.6885
[Train] Epoch:   5, Total:     99, Accuracy : 0.5556, Loss: 0.6924
[Eval] Epoch:   5, Total:    277, Accuracy : 0.5271, Loss: 0.6896
[Train] Epoch:   6, Total:     99, Accuracy : 0.4242, Loss: 0.7013
[Eval] Epoch:   6, Total:    277, Accuracy : 0.5271, Loss: 0.6910
[Train] Epoch:   7, Total:     99, Accuracy : 0.5152, Loss: 0.6931
[Eval] Epoch:   7, Total:    277, Accuracy : 0.5271, Loss: 0.6924
[Train] Epoch:   8, Total:     99, Accuracy : 0.5556, Loss: 0.6922
[Eval] Epoch:   8, Total:    277, Accuracy : 0.4801, Loss: 0.6938
[Train] Epoch:   9, Total:     99, Accuracy : 0.5455, Loss: 0.6908
[Eval] Epoch:   9, Total:    277, Accuracy : 0.4838, Loss: 0.6947
[Train] Epoch:  10, Total:     99, Accuracy : 0.5556, Loss: 0.6906
[Eval] Epoch:  10, Total:    277, Accuracy : 0.4801, Loss: 0.6953
[Train] Epoch:  11, Total:     99, Accuracy : 0.5859, Loss: 0.6883
[Eval] Epoch:  11, Total:    277, Accuracy : 0.4801, Loss: 0.6956
[Train] Epoch:  12, Total:     99, Accuracy : 0.5556, Loss: 0.6863
[Eval] Epoch:  12, Total:    277, Accuracy : 0.4765, Loss: 0.6955
[Train] Epoch:  13, Total:     99, Accuracy : 0.6364, Loss: 0.6815
[Eval] Epoch:  13, Total:    277, Accuracy : 0.4874, Loss: 0.6951
[Train] Epoch:  14, Total:     99, Accuracy : 0.6061, Loss: 0.6819
[Eval] Epoch:  14, Total:    277, Accuracy : 0.4910, Loss: 0.6952
[Train] Epoch:  15, Total:     99, Accuracy : 0.6465, Loss: 0.6858
[Eval] Epoch:  15, Total:    277, Accuracy : 0.5162, Loss: 0.6957
[Train] Epoch:  16, Total:     99, Accuracy : 0.6566, Loss: 0.6679
[Eval] Epoch:  16, Total:    277, Accuracy : 0.4801, Loss: 0.6992
[Train] Epoch:  17, Total:     99, Accuracy : 0.6768, Loss: 0.6663
[Eval] Epoch:  17, Total:    277, Accuracy : 0.4801, Loss: 0.7037
[Train] Epoch:  18, Total:     99, Accuracy : 0.7071, Loss: 0.6338
[Eval] Epoch:  18, Total:    277, Accuracy : 0.4765, Loss: 0.7123
[Train] Epoch:  19, Total:     99, Accuracy : 0.6768, Loss: 0.5804
[Eval] Epoch:  19, Total:    277, Accuracy : 0.5271, Loss: 0.7254
{"epoch":[1,2,3,4,5,6,7,8,9,10,11,12,13,14,15,16,17,18,19,20],"train_loss":[0.6987327933311462,0.7083355784416199,0.6994592845439911,0.6922246813774109,0.6921610832214355,0.6898941397666931,0.6966382265090942,0.6940931975841522,0.6908053457736969,0.689331978559494,0.6906051337718964,0.6883850395679474,0.6880966424942017,0.6845000386238098,0.6839258670806885,0.6838946044445038,0.6746195256710052,0.6665539443492889,0.6430276930332184,0.6094275712966919],"eval_loss":[0.6909097075462342,0.6909346222877503,0.6909953832626343,0.6911225199699402,0.6913113832473755,0.6916212558746337,0.6920799255371094,0.6926142454147339,0.6931970596313477,0.6935535192489624,0.6938122510910034,0.6938936471939087,0.6937829613685608,0.6934651851654052,0.6933674931526184,0.6934009194374084,0.6944865584373474,0.6962114095687866,0.7005581378936767,0.7081430554389954],"train_acc":[0.5050505050505051,0.5050505050505051,0.5050505050505051,0.5050505050505051,0.5151515151515151,0.5555555555555556,0.42424242424242425,0.5151515151515151,0.5555555555555556,0.5454545454545454,0.5555555555555556,0.5858585858585859,0.5555555555555556,0.6363636363636364,0.6060606060606061,0.6464646464646465,0.6565656565656566,0.6767676767676768,0.7070707070707071,0.6767676767676768],"eval_acc":[0.5270758122743683,0.5270758122743683,0.5270758122743683,0.5270758122743683,0.5270758122743683,0.5270758122743683,0.5270758122743683,0.5270758122743683,0.48014440433212996,0.48375451263537905,0.48014440433212996,0.48014440433212996,0.47653429602888087,0.48736462093862815,0.49097472924187724,0.516245487364621,0.48014440433212996,0.48014440433212996,0.47653429602888087,0.5270758122743683]}
[Eval] Epoch:  11, Total:    277, Accuracy : 0.5271, Loss: 0.7254
277 146 3.540715277194977
