pruned_2_0.05_model_0
DatasetDict({
    train: Dataset({
        features: ['sentence1', 'sentence2', 'label', 'indexes'],
        num_rows: 124
    })
    validation: Dataset({
        features: ['sentence1', 'sentence2', 'label', 'indexes'],
        num_rows: 277
    })
    test: Dataset({
        features: ['sentence1', 'sentence2', 'label', 'indexes'],
        num_rows: 3000
    })
})
[Train] Epoch:   0, Total:    124, Accuracy : 0.5323, Loss: 0.6921
[Eval] Epoch:   0, Total:    277, Accuracy : 0.4729, Loss: 0.6996
[Train] Epoch:   1, Total:    124, Accuracy : 0.5323, Loss: 0.6959
[Eval] Epoch:   1, Total:    277, Accuracy : 0.4729, Loss: 0.7000
[Train] Epoch:   2, Total:    124, Accuracy : 0.5323, Loss: 0.6901
[Eval] Epoch:   2, Total:    277, Accuracy : 0.4729, Loss: 0.7001
[Train] Epoch:   3, Total:    124, Accuracy : 0.5403, Loss: 0.6911
[Eval] Epoch:   3, Total:    277, Accuracy : 0.4729, Loss: 0.7003
[Train] Epoch:   4, Total:    124, Accuracy : 0.5403, Loss: 0.6875
[Eval] Epoch:   4, Total:    277, Accuracy : 0.4729, Loss: 0.7008
[Train] Epoch:   5, Total:    124, Accuracy : 0.5403, Loss: 0.6848
[Eval] Epoch:   5, Total:    277, Accuracy : 0.4729, Loss: 0.7008
[Train] Epoch:   6, Total:    124, Accuracy : 0.5242, Loss: 0.6939
[Eval] Epoch:   6, Total:    277, Accuracy : 0.4729, Loss: 0.7013
[Train] Epoch:   7, Total:    124, Accuracy : 0.5403, Loss: 0.6915
[Eval] Epoch:   7, Total:    277, Accuracy : 0.4729, Loss: 0.7018
[Train] Epoch:   8, Total:    124, Accuracy : 0.5323, Loss: 0.6798
[Eval] Epoch:   8, Total:    277, Accuracy : 0.4729, Loss: 0.7020
[Train] Epoch:   9, Total:    124, Accuracy : 0.5323, Loss: 0.6820
[Eval] Epoch:   9, Total:    277, Accuracy : 0.4729, Loss: 0.7018
[Train] Epoch:  10, Total:    124, Accuracy : 0.5323, Loss: 0.6971
[Eval] Epoch:  10, Total:    277, Accuracy : 0.4729, Loss: 0.7025
[Train] Epoch:  11, Total:    124, Accuracy : 0.5403, Loss: 0.6868
[Eval] Epoch:  11, Total:    277, Accuracy : 0.4729, Loss: 0.7019
[Train] Epoch:  12, Total:    124, Accuracy : 0.5323, Loss: 0.6952
[Eval] Epoch:  12, Total:    277, Accuracy : 0.4729, Loss: 0.7015
[Train] Epoch:  13, Total:    124, Accuracy : 0.5484, Loss: 0.6877
[Eval] Epoch:  13, Total:    277, Accuracy : 0.4729, Loss: 0.7002
[Train] Epoch:  14, Total:    124, Accuracy : 0.5968, Loss: 0.6826
[Eval] Epoch:  14, Total:    277, Accuracy : 0.4729, Loss: 0.7008
[Train] Epoch:  15, Total:    124, Accuracy : 0.5726, Loss: 0.6759
[Eval] Epoch:  15, Total:    277, Accuracy : 0.4729, Loss: 0.7018
[Train] Epoch:  16, Total:    124, Accuracy : 0.6129, Loss: 0.6700
[Eval] Epoch:  16, Total:    277, Accuracy : 0.4729, Loss: 0.7063
[Train] Epoch:  17, Total:    124, Accuracy : 0.5484, Loss: 0.6565
[Eval] Epoch:  17, Total:    277, Accuracy : 0.4693, Loss: 0.7152
[Train] Epoch:  18, Total:    124, Accuracy : 0.5968, Loss: 0.6166
[Eval] Epoch:  18, Total:    277, Accuracy : 0.4838, Loss: 0.7169
[Train] Epoch:  19, Total:    124, Accuracy : 0.6935, Loss: 0.6085
[Eval] Epoch:  19, Total:    277, Accuracy : 0.5090, Loss: 0.7101
{"epoch":[1,2,3,4,5,6,7,8,9,10,11,12,13,14,15,16,17,18,19,20],"train_loss":[0.6928873658180237,0.6899191439151764,0.6920019090175629,0.6942802667617798,0.6887798309326172,0.691013514995575,0.692530632019043,0.6894085705280304,0.6889810860157013,0.6938682198524475,0.6877075135707855,0.6883096992969513,0.6877195537090302,0.6897517740726471,0.6776871979236603,0.6785560250282288,0.6687832176685333,0.6578931212425232,0.6424660980701447,0.6163696646690369],"eval_loss":[0.6962427973747254,0.69645916223526,0.6965121746063232,0.6966437101364136,0.6968969345092774,0.69691241979599,0.6971384644508362,0.6974449872970581,0.6974919557571411,0.697387981414795,0.6977038979530334,0.6973048090934754,0.6970055937767029,0.6961318373680114,0.6962586283683777,0.6964393496513367,0.6977451205253601,0.7011854767799377,0.7005470752716064,0.6948279976844788],"train_acc":[0.532258064516129,0.532258064516129,0.532258064516129,0.5403225806451613,0.5403225806451613,0.5403225806451613,0.5241935483870968,0.5403225806451613,0.532258064516129,0.532258064516129,0.532258064516129,0.5403225806451613,0.532258064516129,0.5483870967741935,0.5967741935483871,0.5725806451612904,0.6129032258064516,0.5483870967741935,0.5967741935483871,0.6935483870967742],"eval_acc":[0.4729241877256318,0.4729241877256318,0.4729241877256318,0.4729241877256318,0.4729241877256318,0.4729241877256318,0.4729241877256318,0.4729241877256318,0.4729241877256318,0.4729241877256318,0.4729241877256318,0.4729241877256318,0.4729241877256318,0.4729241877256318,0.4729241877256318,0.4729241877256318,0.4729241877256318,0.4693140794223827,0.48375451263537905,0.5090252707581228]}
[Eval] Epoch:  11, Total:    277, Accuracy : 0.5090, Loss: 0.7101
277 141 3.474139988422394
