pruned_3_0.05_model_0
DatasetDict({
    train: Dataset({
        features: ['sentence1', 'sentence2', 'label', 'indexes'],
        num_rows: 124
    })
    validation: Dataset({
        features: ['sentence1', 'sentence2', 'label', 'indexes'],
        num_rows: 277
    })
    test: Dataset({
        features: ['sentence1', 'sentence2', 'label', 'indexes'],
        num_rows: 3000
    })
})
[Train] Epoch:   0, Total:    124, Accuracy : 0.5403, Loss: 0.7046
[Eval] Epoch:   0, Total:    277, Accuracy : 0.4729, Loss: 0.7289
[Train] Epoch:   1, Total:    124, Accuracy : 0.5403, Loss: 0.6907
[Eval] Epoch:   1, Total:    277, Accuracy : 0.4729, Loss: 0.7282
[Train] Epoch:   2, Total:    124, Accuracy : 0.5403, Loss: 0.7053
[Eval] Epoch:   2, Total:    277, Accuracy : 0.4729, Loss: 0.7268
[Train] Epoch:   3, Total:    124, Accuracy : 0.5323, Loss: 0.7245
[Eval] Epoch:   3, Total:    277, Accuracy : 0.4729, Loss: 0.7255
[Train] Epoch:   4, Total:    124, Accuracy : 0.5484, Loss: 0.6836
[Eval] Epoch:   4, Total:    277, Accuracy : 0.4729, Loss: 0.7229
[Train] Epoch:   5, Total:    124, Accuracy : 0.5403, Loss: 0.6973
[Eval] Epoch:   5, Total:    277, Accuracy : 0.4729, Loss: 0.7195
[Train] Epoch:   6, Total:    124, Accuracy : 0.5403, Loss: 0.6992
[Eval] Epoch:   6, Total:    277, Accuracy : 0.4729, Loss: 0.7159
[Train] Epoch:   7, Total:    124, Accuracy : 0.5403, Loss: 0.7127
[Eval] Epoch:   7, Total:    277, Accuracy : 0.4729, Loss: 0.7125
[Train] Epoch:   8, Total:    124, Accuracy : 0.5403, Loss: 0.7030
[Eval] Epoch:   8, Total:    277, Accuracy : 0.4729, Loss: 0.7089
[Train] Epoch:   9, Total:    124, Accuracy : 0.5645, Loss: 0.6840
[Eval] Epoch:   9, Total:    277, Accuracy : 0.4729, Loss: 0.7048
[Train] Epoch:  10, Total:    124, Accuracy : 0.5242, Loss: 0.6871
[Eval] Epoch:  10, Total:    277, Accuracy : 0.4729, Loss: 0.7020
[Train] Epoch:  11, Total:    124, Accuracy : 0.5161, Loss: 0.6910
[Eval] Epoch:  11, Total:    277, Accuracy : 0.4729, Loss: 0.6997
[Train] Epoch:  12, Total:    124, Accuracy : 0.5806, Loss: 0.6858
[Eval] Epoch:  12, Total:    277, Accuracy : 0.4729, Loss: 0.6983
[Train] Epoch:  13, Total:    124, Accuracy : 0.5887, Loss: 0.6875
[Eval] Epoch:  13, Total:    277, Accuracy : 0.4729, Loss: 0.6973
[Train] Epoch:  14, Total:    124, Accuracy : 0.5323, Loss: 0.6908
[Eval] Epoch:  14, Total:    277, Accuracy : 0.4729, Loss: 0.6983
[Train] Epoch:  15, Total:    124, Accuracy : 0.5484, Loss: 0.6811
[Eval] Epoch:  15, Total:    277, Accuracy : 0.4729, Loss: 0.7002
[Train] Epoch:  16, Total:    124, Accuracy : 0.5565, Loss: 0.6633
[Eval] Epoch:  16, Total:    277, Accuracy : 0.4729, Loss: 0.7016
[Train] Epoch:  17, Total:    124, Accuracy : 0.5645, Loss: 0.6754
[Eval] Epoch:  17, Total:    277, Accuracy : 0.4729, Loss: 0.7050
[Train] Epoch:  18, Total:    124, Accuracy : 0.5645, Loss: 0.6566
[Eval] Epoch:  18, Total:    277, Accuracy : 0.4729, Loss: 0.7081
[Train] Epoch:  19, Total:    124, Accuracy : 0.5565, Loss: 0.6472
[Eval] Epoch:  19, Total:    277, Accuracy : 0.4693, Loss: 0.7133
{"epoch":[1,2,3,4,5,6,7,8,9,10,11,12,13,14,15,16,17,18,19,20],"train_loss":[0.6903862357139587,0.6909444332122803,0.691431999206543,0.6953399777412415,0.6966994404792786,0.6967702209949493,0.6914023756980896,0.69428351521492,0.6920197904109955,0.6885294020175934,0.6903384327888489,0.6907131969928741,0.6807525157928467,0.6872403621673584,0.6876321732997894,0.684218168258667,0.6716434955596924,0.668942391872406,0.6630264222621918,0.6458829641342163],"eval_loss":[0.7165608167648315,0.7160308480262756,0.7150184869766235,0.7140621304512024,0.7121922254562378,0.7097619056701661,0.7072115898132324,0.7048088431358337,0.7023891687393189,0.699780797958374,0.6979688286781311,0.6965823292732238,0.6956980109214783,0.6950688123703003,0.6956039309501648,0.6965803384780884,0.6973430275917053,0.699402105808258,0.7016712903976441,0.7064131021499633],"train_acc":[0.5403225806451613,0.5403225806451613,0.5403225806451613,0.532258064516129,0.5483870967741935,0.5403225806451613,0.5403225806451613,0.5403225806451613,0.5403225806451613,0.5645161290322581,0.5241935483870968,0.5161290322580645,0.5806451612903226,0.5887096774193549,0.532258064516129,0.5483870967741935,0.5564516129032258,0.5645161290322581,0.5645161290322581,0.5564516129032258],"eval_acc":[0.4729241877256318,0.4729241877256318,0.4729241877256318,0.4729241877256318,0.4729241877256318,0.4729241877256318,0.4729241877256318,0.4729241877256318,0.4729241877256318,0.4729241877256318,0.4729241877256318,0.4729241877256318,0.4729241877256318,0.4729241877256318,0.4729241877256318,0.4729241877256318,0.4729241877256318,0.4729241877256318,0.4729241877256318,0.4693140794223827]}
[Eval] Epoch:  11, Total:    277, Accuracy : 0.4693, Loss: 0.7133
277 130 3.532065510749817
