random_0.5_model_0
DatasetDict({
    train: Dataset({
        features: ['sentence1', 'sentence2', 'label', 'indexes'],
        num_rows: 1245
    })
    validation: Dataset({
        features: ['sentence1', 'sentence2', 'label', 'indexes'],
        num_rows: 277
    })
    test: Dataset({
        features: ['sentence1', 'sentence2', 'label', 'indexes'],
        num_rows: 3000
    })
})
[Train] Epoch:   0, Total:   1245, Accuracy : 0.4948, Loss: 0.6901
[Eval] Epoch:   0, Total:    277, Accuracy : 0.4621, Loss: 0.6942
[Train] Epoch:   1, Total:   1245, Accuracy : 0.5108, Loss: 0.6965
[Eval] Epoch:   1, Total:    277, Accuracy : 0.5271, Loss: 0.6854
[Train] Epoch:   2, Total:   1245, Accuracy : 0.6104, Loss: 0.6498
[Eval] Epoch:   2, Total:    277, Accuracy : 0.6498, Loss: 0.5354
[Train] Epoch:   3, Total:   1245, Accuracy : 0.7349, Loss: 0.5208
[Eval] Epoch:   3, Total:    277, Accuracy : 0.6715, Loss: 0.4509
[Train] Epoch:   4, Total:   1245, Accuracy : 0.8217, Loss: 0.2756
[Eval] Epoch:   4, Total:    277, Accuracy : 0.7256, Loss: 0.3316
[Train] Epoch:   5, Total:   1245, Accuracy : 0.8739, Loss: 0.1690
[Eval] Epoch:   5, Total:    277, Accuracy : 0.6968, Loss: 0.3011
[Train] Epoch:   6, Total:   1245, Accuracy : 0.9205, Loss: 0.1807
[Eval] Epoch:   6, Total:    277, Accuracy : 0.7004, Loss: 0.4432
[Train] Epoch:   7, Total:   1245, Accuracy : 0.9486, Loss: 0.2071
[Eval] Epoch:   7, Total:    277, Accuracy : 0.7040, Loss: 0.6388
[Train] Epoch:   8, Total:   1245, Accuracy : 0.9743, Loss: 0.0982
[Eval] Epoch:   8, Total:    277, Accuracy : 0.7004, Loss: 0.5813
[Train] Epoch:   9, Total:   1245, Accuracy : 0.9711, Loss: 0.0995
[Eval] Epoch:   9, Total:    277, Accuracy : 0.7112, Loss: 0.5498
[Train] Epoch:  10, Total:   1245, Accuracy : 0.9783, Loss: 0.0242
[Eval] Epoch:  10, Total:    277, Accuracy : 0.7076, Loss: 0.5925
[Train] Epoch:  11, Total:   1245, Accuracy : 0.9614, Loss: 0.0121
[Eval] Epoch:  11, Total:    277, Accuracy : 0.7148, Loss: 0.9051
[Train] Epoch:  12, Total:   1245, Accuracy : 0.9590, Loss: 0.1128
[Eval] Epoch:  12, Total:    277, Accuracy : 0.7076, Loss: 0.5020
[Train] Epoch:  13, Total:   1245, Accuracy : 0.9655, Loss: 0.0678
[Eval] Epoch:  13, Total:    277, Accuracy : 0.6859, Loss: 0.6595
[Train] Epoch:  14, Total:   1245, Accuracy : 0.9663, Loss: 0.0140
[Eval] Epoch:  14, Total:    277, Accuracy : 0.7329, Loss: 0.7745
[Train] Epoch:  15, Total:   1245, Accuracy : 0.9823, Loss: 0.0079
[Eval] Epoch:  15, Total:    277, Accuracy : 0.7004, Loss: 1.0400
[Train] Epoch:  16, Total:   1245, Accuracy : 0.9823, Loss: 0.0042
[Eval] Epoch:  16, Total:    277, Accuracy : 0.7365, Loss: 0.8575
[Train] Epoch:  17, Total:   1245, Accuracy : 0.9904, Loss: 0.2187
[Eval] Epoch:  17, Total:    277, Accuracy : 0.7184, Loss: 0.9655
[Train] Epoch:  18, Total:   1245, Accuracy : 0.9952, Loss: 0.0029
[Eval] Epoch:  18, Total:    277, Accuracy : 0.7076, Loss: 0.9892
[Train] Epoch:  19, Total:   1245, Accuracy : 0.9928, Loss: 0.0031
[Eval] Epoch:  19, Total:    277, Accuracy : 0.7076, Loss: 0.9922
{"epoch":[1,2,3,4,5,6,7,8,9,10,11,12,13,14,15,16,17,18,19,20],"train_loss":[0.6941080331802368,0.6936416864395142,0.6769956022500991,0.5571200087666511,0.4193186894059181,0.31716454178094866,0.22065791860222816,0.15285480804741383,0.10405359081923962,0.09580879881978036,0.08370534759014844,0.12404516926035285,0.1263968575745821,0.1139212915673852,0.10343966605141759,0.05386557481251657,0.06083048023283481,0.04102912151720375,0.023518204328138382,0.026550503890030087],"eval_loss":[0.6935176014900207,0.6893731713294983,0.6341609477996826,0.5956562519073486,0.5980393946170807,0.6662466526031494,0.8084822118282318,0.9120112419128418,0.9354398608207702,0.913417649269104,0.9641659379005432,1.2003208994865417,1.106231725215912,0.9932426571846008,1.1151771187782287,1.383467936515808,1.351516807079315,1.437742495536804,1.4800334692001342,1.4826124906539917],"train_acc":[0.4947791164658635,0.5108433734939759,0.6104417670682731,0.7349397590361446,0.8216867469879519,0.8738955823293173,0.9204819277108434,0.9485943775100402,0.97429718875502,0.9710843373493976,0.9783132530120482,0.9614457831325302,0.9590361445783132,0.9654618473895582,0.9662650602409638,0.9823293172690764,0.9823293172690764,0.9903614457831326,0.9951807228915662,0.9927710843373494],"eval_acc":[0.4620938628158845,0.5270758122743683,0.6498194945848376,0.6714801444043321,0.7256317689530686,0.6967509025270758,0.7003610108303249,0.703971119133574,0.7003610108303249,0.7111913357400722,0.7075812274368231,0.7148014440433214,0.7075812274368231,0.6859205776173285,0.7328519855595668,0.7003610108303249,0.7364620938628159,0.7184115523465704,0.7075812274368231,0.7075812274368231]}
[Eval] Epoch:  11, Total:    277, Accuracy : 0.7076, Loss: 0.9922
277 196 7.4130624532699585
