random_0.2_model_0
DatasetDict({
    train: Dataset({
        features: ['sentence1', 'sentence2', 'label', 'indexes'],
        num_rows: 498
    })
    validation: Dataset({
        features: ['sentence1', 'sentence2', 'label', 'indexes'],
        num_rows: 277
    })
    test: Dataset({
        features: ['sentence1', 'sentence2', 'label', 'indexes'],
        num_rows: 3000
    })
})
[Train] Epoch:   0, Total:    498, Accuracy : 0.5241, Loss: 0.6873
[Eval] Epoch:   0, Total:    277, Accuracy : 0.5271, Loss: 0.6892
[Train] Epoch:   1, Total:    498, Accuracy : 0.5201, Loss: 0.6971
[Eval] Epoch:   1, Total:    277, Accuracy : 0.5271, Loss: 0.6896
[Train] Epoch:   2, Total:    498, Accuracy : 0.5201, Loss: 0.6961
[Eval] Epoch:   2, Total:    277, Accuracy : 0.5307, Loss: 0.6914
[Train] Epoch:   3, Total:    498, Accuracy : 0.5341, Loss: 0.6902
[Eval] Epoch:   3, Total:    277, Accuracy : 0.4765, Loss: 0.6959
[Train] Epoch:   4, Total:    498, Accuracy : 0.5221, Loss: 0.6722
[Eval] Epoch:   4, Total:    277, Accuracy : 0.4946, Loss: 0.6957
[Train] Epoch:   5, Total:    498, Accuracy : 0.5261, Loss: 0.6912
[Eval] Epoch:   5, Total:    277, Accuracy : 0.5523, Loss: 0.6844
[Train] Epoch:   6, Total:    498, Accuracy : 0.6888, Loss: 0.5764
[Eval] Epoch:   6, Total:    277, Accuracy : 0.5740, Loss: 0.6305
[Train] Epoch:   7, Total:    498, Accuracy : 0.7751, Loss: 0.4817
[Eval] Epoch:   7, Total:    277, Accuracy : 0.5957, Loss: 0.6176
[Train] Epoch:   8, Total:    498, Accuracy : 0.8514, Loss: 0.3315
[Eval] Epoch:   8, Total:    277, Accuracy : 0.6390, Loss: 0.6731
[Train] Epoch:   9, Total:    498, Accuracy : 0.9197, Loss: 0.3156
[Eval] Epoch:   9, Total:    277, Accuracy : 0.6209, Loss: 0.6894
[Train] Epoch:  10, Total:    498, Accuracy : 0.9317, Loss: 0.2005
[Eval] Epoch:  10, Total:    277, Accuracy : 0.6426, Loss: 0.7468
[Train] Epoch:  11, Total:    498, Accuracy : 0.9538, Loss: 0.1703
[Eval] Epoch:  11, Total:    277, Accuracy : 0.6173, Loss: 0.7406
[Train] Epoch:  12, Total:    498, Accuracy : 0.9618, Loss: 0.1326
[Eval] Epoch:  12, Total:    277, Accuracy : 0.6173, Loss: 0.7312
[Train] Epoch:  13, Total:    498, Accuracy : 0.9598, Loss: 0.0867
[Eval] Epoch:  13, Total:    277, Accuracy : 0.6390, Loss: 0.8581
[Train] Epoch:  14, Total:    498, Accuracy : 0.9558, Loss: 0.0639
[Eval] Epoch:  14, Total:    277, Accuracy : 0.6209, Loss: 0.6894
[Train] Epoch:  15, Total:    498, Accuracy : 0.9699, Loss: 0.1077
[Eval] Epoch:  15, Total:    277, Accuracy : 0.6101, Loss: 1.1612
[Train] Epoch:  16, Total:    498, Accuracy : 0.9859, Loss: 0.0601
[Eval] Epoch:  16, Total:    277, Accuracy : 0.6318, Loss: 1.0122
[Train] Epoch:  17, Total:    498, Accuracy : 0.9920, Loss: 0.0354
[Eval] Epoch:  17, Total:    277, Accuracy : 0.6354, Loss: 1.0473
[Train] Epoch:  18, Total:    498, Accuracy : 0.9960, Loss: 0.0221
[Eval] Epoch:  18, Total:    277, Accuracy : 0.6209, Loss: 0.9876
[Train] Epoch:  19, Total:    498, Accuracy : 0.9859, Loss: 0.0865
[Eval] Epoch:  19, Total:    277, Accuracy : 0.6209, Loss: 0.9910
{"epoch":[1,2,3,4,5,6,7,8,9,10,11,12,13,14,15,16,17,18,19,20],"train_loss":[0.6912016719579697,0.6934790536761284,0.6941105723381042,0.6915382146835327,0.6871604770421982,0.6873662918806076,0.6275259554386139,0.507379774004221,0.36825180798768997,0.2653944753110409,0.2046661339700222,0.15963098220527172,0.14555533975362778,0.14338828530162573,0.12524173688143492,0.09907407406717539,0.06836632709018886,0.050334912026301026,0.032129809842444956,0.04923137335572392],"eval_loss":[0.6912937998771668,0.6913511276245117,0.6918471574783325,0.6936453938484192,0.6925745844841004,0.6840094327926636,0.6797648906707764,0.7365389943122864,0.8356723427772522,0.9218551874160766,0.9684705138206482,0.9924890279769898,0.9953752636909485,1.073873519897461,1.1913625836372375,1.3634873151779174,1.3484795570373536,1.4206391096115112,1.4405822992324828,1.4541447043418885],"train_acc":[0.5240963855421686,0.5200803212851406,0.5200803212851406,0.5341365461847389,0.5220883534136547,0.5261044176706827,0.6887550200803213,0.7751004016064257,0.8514056224899599,0.9196787148594378,0.9317269076305221,0.9538152610441767,0.9618473895582329,0.9598393574297188,0.9558232931726908,0.9698795180722891,0.9859437751004017,0.9919678714859438,0.9959839357429718,0.9859437751004017],"eval_acc":[0.5270758122743683,0.5270758122743683,0.5306859205776173,0.47653429602888087,0.49458483754512633,0.5523465703971119,0.5740072202166066,0.5956678700361011,0.6389891696750902,0.6209386281588448,0.6425992779783394,0.6173285198555957,0.6173285198555957,0.6389891696750902,0.6209386281588448,0.6101083032490975,0.631768953068592,0.6353790613718412,0.6209386281588448,0.6209386281588448]}
[Eval] Epoch:  11, Total:    277, Accuracy : 0.6209, Loss: 0.9910
277 172 7.270723521709442
