pruned_2_0.4_model_0
DatasetDict({
    train: Dataset({
        features: ['sentence1', 'sentence2', 'label', 'indexes'],
        num_rows: 996
    })
    validation: Dataset({
        features: ['sentence1', 'sentence2', 'label', 'indexes'],
        num_rows: 277
    })
    test: Dataset({
        features: ['sentence1', 'sentence2', 'label', 'indexes'],
        num_rows: 3000
    })
})
[Train] Epoch:   0, Total:    996, Accuracy : 0.4859, Loss: 0.6891
[Eval] Epoch:   0, Total:    277, Accuracy : 0.5126, Loss: 0.6937
[Train] Epoch:   1, Total:    996, Accuracy : 0.5321, Loss: 0.7093
[Eval] Epoch:   1, Total:    277, Accuracy : 0.5054, Loss: 0.6948
[Train] Epoch:   2, Total:    996, Accuracy : 0.5331, Loss: 0.6887
[Eval] Epoch:   2, Total:    277, Accuracy : 0.5271, Loss: 0.6829
[Train] Epoch:   3, Total:    996, Accuracy : 0.5442, Loss: 0.6698
[Eval] Epoch:   3, Total:    277, Accuracy : 0.5632, Loss: 0.6621
[Train] Epoch:   4, Total:    996, Accuracy : 0.6586, Loss: 0.5962
[Eval] Epoch:   4, Total:    277, Accuracy : 0.6679, Loss: 0.4483
[Train] Epoch:   5, Total:    996, Accuracy : 0.7721, Loss: 0.4425
[Eval] Epoch:   5, Total:    277, Accuracy : 0.7329, Loss: 0.3503
[Train] Epoch:   6, Total:    996, Accuracy : 0.8454, Loss: 0.3032
[Eval] Epoch:   6, Total:    277, Accuracy : 0.7004, Loss: 0.4903
[Train] Epoch:   7, Total:    996, Accuracy : 0.8996, Loss: 0.1959
[Eval] Epoch:   7, Total:    277, Accuracy : 0.7220, Loss: 0.3302
[Train] Epoch:   8, Total:    996, Accuracy : 0.9418, Loss: 0.1679
[Eval] Epoch:   8, Total:    277, Accuracy : 0.7004, Loss: 0.2982
[Train] Epoch:   9, Total:    996, Accuracy : 0.9488, Loss: 0.0738
[Eval] Epoch:   9, Total:    277, Accuracy : 0.7220, Loss: 0.2218
[Train] Epoch:  10, Total:    996, Accuracy : 0.9709, Loss: 0.2020
[Eval] Epoch:  10, Total:    277, Accuracy : 0.7220, Loss: 0.2754
[Train] Epoch:  11, Total:    996, Accuracy : 0.9629, Loss: 0.2933
[Eval] Epoch:  11, Total:    277, Accuracy : 0.6931, Loss: 0.7518
[Train] Epoch:  12, Total:    996, Accuracy : 0.9478, Loss: 0.1161
[Eval] Epoch:  12, Total:    277, Accuracy : 0.7112, Loss: 0.3229
[Train] Epoch:  13, Total:    996, Accuracy : 0.9649, Loss: 0.1625
[Eval] Epoch:  13, Total:    277, Accuracy : 0.7112, Loss: 0.2160
[Train] Epoch:  14, Total:    996, Accuracy : 0.9769, Loss: 0.1247
[Eval] Epoch:  14, Total:    277, Accuracy : 0.7004, Loss: 0.3919
[Train] Epoch:  15, Total:    996, Accuracy : 0.9769, Loss: 0.2198
[Eval] Epoch:  15, Total:    277, Accuracy : 0.6751, Loss: 0.5044
[Train] Epoch:  16, Total:    996, Accuracy : 0.9839, Loss: 0.0109
[Eval] Epoch:  16, Total:    277, Accuracy : 0.6968, Loss: 0.2370
[Train] Epoch:  17, Total:    996, Accuracy : 0.9890, Loss: 0.0242
[Eval] Epoch:  17, Total:    277, Accuracy : 0.7004, Loss: 0.4472
[Train] Epoch:  18, Total:    996, Accuracy : 0.9920, Loss: 0.1520
[Eval] Epoch:  18, Total:    277, Accuracy : 0.6859, Loss: 0.3284
[Train] Epoch:  19, Total:    996, Accuracy : 0.9930, Loss: 0.0083
[Eval] Epoch:  19, Total:    277, Accuracy : 0.6787, Loss: 0.2944
{"epoch":[1,2,3,4,5,6,7,8,9,10,11,12,13,14,15,16,17,18,19,20],"train_loss":[0.6931050419807434,0.692180585116148,0.6910269930958748,0.6880705021321774,0.6335794031620026,0.49384048767387867,0.35779730416834354,0.26910252682864666,0.18710307823494077,0.1545860804617405,0.12107982719317079,0.13107609981670976,0.15064913383685052,0.11625292850658298,0.09111322282114998,0.07743998180376366,0.05318798898952082,0.04947751390864141,0.03138067157124169,0.028820775594795123],"eval_loss":[0.6929918885231018,0.6931708335876465,0.6886381030082702,0.6742281079292297,0.59241783618927,0.5419182777404785,0.7413090765476227,0.6526524901390076,0.7795787394046784,0.7716306924819947,0.8017399251461029,1.1049677968025207,0.925792145729065,0.8513000816106796,1.1128023266792297,1.2880076169967651,1.115579181909561,1.271473652124405,1.2547453701496125,1.244792890548706],"train_acc":[0.4859437751004016,0.5321285140562249,0.5331325301204819,0.5441767068273092,0.6586345381526104,0.7720883534136547,0.8453815261044176,0.8995983935742972,0.9417670682730924,0.9487951807228916,0.9708835341365462,0.9628514056224899,0.9477911646586346,0.964859437751004,0.9769076305220884,0.9769076305220884,0.9839357429718876,0.9889558232931727,0.9919678714859438,0.9929718875502008],"eval_acc":[0.5126353790613718,0.5054151624548736,0.5270758122743683,0.5631768953068592,0.6678700361010831,0.7328519855595668,0.7003610108303249,0.7220216606498195,0.7003610108303249,0.7220216606498195,0.7220216606498195,0.6931407942238267,0.7111913357400722,0.7111913357400722,0.7003610108303249,0.6750902527075813,0.6967509025270758,0.7003610108303249,0.6859205776173285,0.6787003610108303]}
[Eval] Epoch:  11, Total:    277, Accuracy : 0.6787, Loss: 0.2944
277 188 6.22396445274353
