pruned_1_0.3_model_0
DatasetDict({
    train: Dataset({
        features: ['sentence1', 'sentence2', 'label', 'indexes'],
        num_rows: 747
    })
    validation: Dataset({
        features: ['sentence1', 'sentence2', 'label', 'indexes'],
        num_rows: 277
    })
    test: Dataset({
        features: ['sentence1', 'sentence2', 'label', 'indexes'],
        num_rows: 3000
    })
})
[Train] Epoch:   0, Total:    747, Accuracy : 0.4793, Loss: 0.6913
[Eval] Epoch:   0, Total:    277, Accuracy : 0.4729, Loss: 0.6962
[Train] Epoch:   1, Total:    747, Accuracy : 0.4940, Loss: 0.6989
[Eval] Epoch:   1, Total:    277, Accuracy : 0.5271, Loss: 0.6864
[Train] Epoch:   2, Total:    747, Accuracy : 0.5207, Loss: 0.6892
[Eval] Epoch:   2, Total:    277, Accuracy : 0.5271, Loss: 0.6841
[Train] Epoch:   3, Total:    747, Accuracy : 0.5181, Loss: 0.6966
[Eval] Epoch:   3, Total:    277, Accuracy : 0.5271, Loss: 0.6775
[Train] Epoch:   4, Total:    747, Accuracy : 0.5328, Loss: 0.6737
[Eval] Epoch:   4, Total:    277, Accuracy : 0.5921, Loss: 0.6215
[Train] Epoch:   5, Total:    747, Accuracy : 0.6801, Loss: 0.6232
[Eval] Epoch:   5, Total:    277, Accuracy : 0.6498, Loss: 0.5359
[Train] Epoch:   6, Total:    747, Accuracy : 0.7470, Loss: 0.6286
[Eval] Epoch:   6, Total:    277, Accuracy : 0.6570, Loss: 0.5592
[Train] Epoch:   7, Total:    747, Accuracy : 0.8353, Loss: 0.3414
[Eval] Epoch:   7, Total:    277, Accuracy : 0.6823, Loss: 0.4326
[Train] Epoch:   8, Total:    747, Accuracy : 0.8608, Loss: 0.2284
[Eval] Epoch:   8, Total:    277, Accuracy : 0.6570, Loss: 0.5105
[Train] Epoch:   9, Total:    747, Accuracy : 0.8929, Loss: 0.1513
[Eval] Epoch:   9, Total:    277, Accuracy : 0.6787, Loss: 0.4321
[Train] Epoch:  10, Total:    747, Accuracy : 0.9023, Loss: 0.3196
[Eval] Epoch:  10, Total:    277, Accuracy : 0.6787, Loss: 0.4627
[Train] Epoch:  11, Total:    747, Accuracy : 0.9197, Loss: 0.3439
[Eval] Epoch:  11, Total:    277, Accuracy : 0.6823, Loss: 0.4689
[Train] Epoch:  12, Total:    747, Accuracy : 0.9130, Loss: 0.3336
[Eval] Epoch:  12, Total:    277, Accuracy : 0.6570, Loss: 0.7212
[Train] Epoch:  13, Total:    747, Accuracy : 0.9264, Loss: 0.1230
[Eval] Epoch:  13, Total:    277, Accuracy : 0.6318, Loss: 0.9498
[Train] Epoch:  14, Total:    747, Accuracy : 0.9612, Loss: 0.0571
[Eval] Epoch:  14, Total:    277, Accuracy : 0.6534, Loss: 0.9443
[Train] Epoch:  15, Total:    747, Accuracy : 0.9759, Loss: 0.1200
[Eval] Epoch:  15, Total:    277, Accuracy : 0.6715, Loss: 0.8942
[Train] Epoch:  16, Total:    747, Accuracy : 0.9866, Loss: 0.2068
[Eval] Epoch:  16, Total:    277, Accuracy : 0.6643, Loss: 1.0155
[Train] Epoch:  17, Total:    747, Accuracy : 0.9880, Loss: 0.1265
[Eval] Epoch:  17, Total:    277, Accuracy : 0.6462, Loss: 1.5133
[Train] Epoch:  18, Total:    747, Accuracy : 0.9906, Loss: 0.0164
[Eval] Epoch:  18, Total:    277, Accuracy : 0.6679, Loss: 1.1571
[Train] Epoch:  19, Total:    747, Accuracy : 0.9920, Loss: 0.0376
[Eval] Epoch:  19, Total:    277, Accuracy : 0.6643, Loss: 1.1983
{"epoch":[1,2,3,4,5,6,7,8,9,10,11,12,13,14,15,16,17,18,19,20],"train_loss":[0.6964526275793711,0.6963675419489542,0.6911357790231705,0.6919441322485606,0.6827151626348495,0.6349898229042689,0.5552534610033035,0.43373720347881317,0.3532129377126694,0.29401762162645656,0.2637759211162726,0.2476705089211464,0.23849636440475783,0.2096934299916029,0.11952033297469218,0.08564655839775999,0.057457113172858953,0.04439903500800332,0.03776403384593626,0.02918595300676922],"eval_loss":[0.6949331402778626,0.6906787514686584,0.6897408723831177,0.6867239117622376,0.6638272285461426,0.6338441491127014,0.6756551265716553,0.6695831775665283,0.6981603026390075,0.6917478859424591,0.7418850660324097,0.7395152747631073,0.9071457624435425,1.197982704639435,1.1971298813819886,1.1050587892532349,1.2634798765182496,1.5800477027893067,1.3655211448669433,1.3825591802597046],"train_acc":[0.47925033467202144,0.4939759036144578,0.5207496653279786,0.5180722891566265,0.5327978580990629,0.6800535475234271,0.7469879518072289,0.8353413654618473,0.8607764390896921,0.892904953145917,0.9022757697456493,0.9196787148594378,0.9129852744310576,0.9263721552878179,0.9611780455153949,0.9759036144578314,0.9866131191432396,0.9879518072289156,0.9906291834002677,0.9919678714859438],"eval_acc":[0.4729241877256318,0.5270758122743683,0.5270758122743683,0.5270758122743683,0.592057761732852,0.6498194945848376,0.6570397111913358,0.6823104693140795,0.6570397111913358,0.6787003610108303,0.6787003610108303,0.6823104693140795,0.6570397111913358,0.631768953068592,0.6534296028880866,0.6714801444043321,0.6642599277978339,0.6462093862815884,0.6678700361010831,0.6642599277978339]}
[Eval] Epoch:  11, Total:    277, Accuracy : 0.6643, Loss: 1.1983
277 184 6.912795901298523
