pruned_2_0.04_model_0
DatasetDict({
    train: Dataset({
        features: ['sentence1', 'sentence2', 'label', 'indexes'],
        num_rows: 99
    })
    validation: Dataset({
        features: ['sentence1', 'sentence2', 'label', 'indexes'],
        num_rows: 277
    })
    test: Dataset({
        features: ['sentence1', 'sentence2', 'label', 'indexes'],
        num_rows: 3000
    })
})
[Train] Epoch:   0, Total:     99, Accuracy : 0.4747, Loss: 0.6980
[Eval] Epoch:   0, Total:    277, Accuracy : 0.5162, Loss: 0.6936
[Train] Epoch:   1, Total:     99, Accuracy : 0.4646, Loss: 0.6954
[Eval] Epoch:   1, Total:    277, Accuracy : 0.5668, Loss: 0.6941
[Train] Epoch:   2, Total:     99, Accuracy : 0.5253, Loss: 0.6854
[Eval] Epoch:   2, Total:    277, Accuracy : 0.4838, Loss: 0.6950
[Train] Epoch:   3, Total:     99, Accuracy : 0.4444, Loss: 0.6884
[Eval] Epoch:   3, Total:    277, Accuracy : 0.4729, Loss: 0.6964
[Train] Epoch:   4, Total:     99, Accuracy : 0.5556, Loss: 0.6937
[Eval] Epoch:   4, Total:    277, Accuracy : 0.4729, Loss: 0.6985
[Train] Epoch:   5, Total:     99, Accuracy : 0.5253, Loss: 0.6874
[Eval] Epoch:   5, Total:    277, Accuracy : 0.4729, Loss: 0.7015
[Train] Epoch:   6, Total:     99, Accuracy : 0.5556, Loss: 0.6752
[Eval] Epoch:   6, Total:    277, Accuracy : 0.4729, Loss: 0.7052
[Train] Epoch:   7, Total:     99, Accuracy : 0.5556, Loss: 0.6842
[Eval] Epoch:   7, Total:    277, Accuracy : 0.4729, Loss: 0.7095
[Train] Epoch:   8, Total:     99, Accuracy : 0.5455, Loss: 0.6770
[Eval] Epoch:   8, Total:    277, Accuracy : 0.4729, Loss: 0.7140
[Train] Epoch:   9, Total:     99, Accuracy : 0.5455, Loss: 0.6888
[Eval] Epoch:   9, Total:    277, Accuracy : 0.4729, Loss: 0.7181
[Train] Epoch:  10, Total:     99, Accuracy : 0.5455, Loss: 0.6878
[Eval] Epoch:  10, Total:    277, Accuracy : 0.4729, Loss: 0.7213
[Train] Epoch:  11, Total:     99, Accuracy : 0.5455, Loss: 0.7068
[Eval] Epoch:  11, Total:    277, Accuracy : 0.4729, Loss: 0.7230
[Train] Epoch:  12, Total:     99, Accuracy : 0.5455, Loss: 0.6849
[Eval] Epoch:  12, Total:    277, Accuracy : 0.4729, Loss: 0.7226
[Train] Epoch:  13, Total:     99, Accuracy : 0.5455, Loss: 0.6997
[Eval] Epoch:  13, Total:    277, Accuracy : 0.4729, Loss: 0.7213
[Train] Epoch:  14, Total:     99, Accuracy : 0.5455, Loss: 0.6639
[Eval] Epoch:  14, Total:    277, Accuracy : 0.4729, Loss: 0.7183
[Train] Epoch:  15, Total:     99, Accuracy : 0.5455, Loss: 0.6918
[Eval] Epoch:  15, Total:    277, Accuracy : 0.4729, Loss: 0.7172
[Train] Epoch:  16, Total:     99, Accuracy : 0.5455, Loss: 0.6513
[Eval] Epoch:  16, Total:    277, Accuracy : 0.4729, Loss: 0.7154
[Train] Epoch:  17, Total:     99, Accuracy : 0.5556, Loss: 0.6665
[Eval] Epoch:  17, Total:    277, Accuracy : 0.4729, Loss: 0.7180
[Train] Epoch:  18, Total:     99, Accuracy : 0.5556, Loss: 0.6765
[Eval] Epoch:  18, Total:    277, Accuracy : 0.4729, Loss: 0.7284
[Train] Epoch:  19, Total:     99, Accuracy : 0.5556, Loss: 0.6330
[Eval] Epoch:  19, Total:    277, Accuracy : 0.4729, Loss: 0.7458
{"epoch":[1,2,3,4,5,6,7,8,9,10,11,12,13,14,15,16,17,18,19,20],"train_loss":[0.6943755745887756,0.6952767372131348,0.6911726593971252,0.6926129758358002,0.6934013068675995,0.6898849308490753,0.6823448836803436,0.6851108074188232,0.6837143301963806,0.6918138265609741,0.6852637231349945,0.6926396787166595,0.686280757188797,0.686063140630722,0.6816681921482086,0.6802397668361664,0.6689197421073914,0.6663220226764679,0.6651335656642914,0.6424871385097504],"eval_loss":[0.6927707910537719,0.6930016994476318,0.6933656811714173,0.6940387725830078,0.695154869556427,0.6967479586601257,0.6989073991775513,0.7015228271484375,0.704377269744873,0.7070328593254089,0.7090850114822388,0.7100704789161683,0.7095110297203064,0.7081490397453308,0.7056744813919067,0.7041535615921021,0.702047061920166,0.7020966053009033,0.7055995464324951,0.7118518948554993],"train_acc":[0.47474747474747475,0.46464646464646464,0.5252525252525253,0.4444444444444444,0.5555555555555556,0.5252525252525253,0.5555555555555556,0.5555555555555556,0.5454545454545454,0.5454545454545454,0.5454545454545454,0.5454545454545454,0.5454545454545454,0.5454545454545454,0.5454545454545454,0.5454545454545454,0.5454545454545454,0.5555555555555556,0.5555555555555556,0.5555555555555556],"eval_acc":[0.516245487364621,0.5667870036101083,0.48375451263537905,0.4729241877256318,0.4729241877256318,0.4729241877256318,0.4729241877256318,0.4729241877256318,0.4729241877256318,0.4729241877256318,0.4729241877256318,0.4729241877256318,0.4729241877256318,0.4729241877256318,0.4729241877256318,0.4729241877256318,0.4729241877256318,0.4729241877256318,0.4729241877256318,0.4729241877256318]}
[Eval] Epoch:  11, Total:    277, Accuracy : 0.4729, Loss: 0.7458
277 131 3.5592594742774963
