random_0.04_model_0
DatasetDict({
    train: Dataset({
        features: ['sentence1', 'sentence2', 'label', 'indexes'],
        num_rows: 100
    })
    validation: Dataset({
        features: ['sentence1', 'sentence2', 'label', 'indexes'],
        num_rows: 277
    })
    test: Dataset({
        features: ['sentence1', 'sentence2', 'label', 'indexes'],
        num_rows: 3000
    })
})
[Train] Epoch:   0, Total:    100, Accuracy : 0.4700, Loss: 0.6928
[Eval] Epoch:   0, Total:    277, Accuracy : 0.5271, Loss: 0.6861
[Train] Epoch:   1, Total:    100, Accuracy : 0.4900, Loss: 0.7163
[Eval] Epoch:   1, Total:    277, Accuracy : 0.5271, Loss: 0.6862
[Train] Epoch:   2, Total:    100, Accuracy : 0.4900, Loss: 0.6984
[Eval] Epoch:   2, Total:    277, Accuracy : 0.5271, Loss: 0.6865
[Train] Epoch:   3, Total:    100, Accuracy : 0.5000, Loss: 0.6889
[Eval] Epoch:   3, Total:    277, Accuracy : 0.5271, Loss: 0.6871
[Train] Epoch:   4, Total:    100, Accuracy : 0.4800, Loss: 0.6883
[Eval] Epoch:   4, Total:    277, Accuracy : 0.5271, Loss: 0.6877
[Train] Epoch:   5, Total:    100, Accuracy : 0.4900, Loss: 0.6856
[Eval] Epoch:   5, Total:    277, Accuracy : 0.5271, Loss: 0.6883
[Train] Epoch:   6, Total:    100, Accuracy : 0.4800, Loss: 0.6983
[Eval] Epoch:   6, Total:    277, Accuracy : 0.5271, Loss: 0.6886
[Train] Epoch:   7, Total:    100, Accuracy : 0.4900, Loss: 0.6946
[Eval] Epoch:   7, Total:    277, Accuracy : 0.5271, Loss: 0.6889
[Train] Epoch:   8, Total:    100, Accuracy : 0.5300, Loss: 0.6842
[Eval] Epoch:   8, Total:    277, Accuracy : 0.5271, Loss: 0.6892
[Train] Epoch:   9, Total:    100, Accuracy : 0.5300, Loss: 0.6811
[Eval] Epoch:   9, Total:    277, Accuracy : 0.5271, Loss: 0.6894
[Train] Epoch:  10, Total:    100, Accuracy : 0.5400, Loss: 0.6925
[Eval] Epoch:  10, Total:    277, Accuracy : 0.5271, Loss: 0.6896
[Train] Epoch:  11, Total:    100, Accuracy : 0.5500, Loss: 0.7039
[Eval] Epoch:  11, Total:    277, Accuracy : 0.5271, Loss: 0.6899
[Train] Epoch:  12, Total:    100, Accuracy : 0.4800, Loss: 0.6945
[Eval] Epoch:  12, Total:    277, Accuracy : 0.5271, Loss: 0.6903
[Train] Epoch:  13, Total:    100, Accuracy : 0.6400, Loss: 0.6829
[Eval] Epoch:  13, Total:    277, Accuracy : 0.5199, Loss: 0.6906
[Train] Epoch:  14, Total:    100, Accuracy : 0.5500, Loss: 0.6945
[Eval] Epoch:  14, Total:    277, Accuracy : 0.5199, Loss: 0.6902
[Train] Epoch:  15, Total:    100, Accuracy : 0.6100, Loss: 0.6832
[Eval] Epoch:  15, Total:    277, Accuracy : 0.5235, Loss: 0.6906
[Train] Epoch:  16, Total:    100, Accuracy : 0.6600, Loss: 0.6745
[Eval] Epoch:  16, Total:    277, Accuracy : 0.5343, Loss: 0.6912
[Train] Epoch:  17, Total:    100, Accuracy : 0.7300, Loss: 0.6762
[Eval] Epoch:  17, Total:    277, Accuracy : 0.5235, Loss: 0.6914
[Train] Epoch:  18, Total:    100, Accuracy : 0.7600, Loss: 0.6654
[Eval] Epoch:  18, Total:    277, Accuracy : 0.5235, Loss: 0.6912
[Train] Epoch:  19, Total:    100, Accuracy : 0.7400, Loss: 0.6474
[Eval] Epoch:  19, Total:    277, Accuracy : 0.5271, Loss: 0.6932
{"epoch":[1,2,3,4,5,6,7,8,9,10,11,12,13,14,15,16,17,18,19,20],"train_loss":[0.6999994814395905,0.7036120295524597,0.6965005993843079,0.6935865581035614,0.6960596442222595,0.6914703845977783,0.6939580738544464,0.6936226487159729,0.6900150775909424,0.6887581646442413,0.6897101998329163,0.6970820128917694,0.6956356763839722,0.6834294199943542,0.6902137398719788,0.6828523278236389,0.6751908659934998,0.6744179129600525,0.666390985250473,0.6518924832344055],"eval_loss":[0.6909784197807312,0.6909816265106201,0.6910184264183045,0.6910970330238342,0.6912244439125061,0.69134681224823,0.6914148092269897,0.6914961457252502,0.6915932655334472,0.6916374683380127,0.6916701793670654,0.6917767643928527,0.6918950915336609,0.6919237971305847,0.6917187094688415,0.6917781949043273,0.6918508529663085,0.6918119788169861,0.6917540192604065,0.6927646279335022],"train_acc":[0.47,0.49,0.49,0.5,0.48,0.49,0.48,0.49,0.53,0.53,0.54,0.55,0.48,0.64,0.55,0.61,0.66,0.73,0.76,0.74],"eval_acc":[0.5270758122743683,0.5270758122743683,0.5270758122743683,0.5270758122743683,0.5270758122743683,0.5270758122743683,0.5270758122743683,0.5270758122743683,0.5270758122743683,0.5270758122743683,0.5270758122743683,0.5270758122743683,0.5270758122743683,0.51985559566787,0.51985559566787,0.5234657039711191,0.5342960288808665,0.5234657039711191,0.5234657039711191,0.5270758122743683]}
[Eval] Epoch:  11, Total:    277, Accuracy : 0.5271, Loss: 0.6932
277 146 3.463823139667511
