random_0.03_model_0
DatasetDict({
    train: Dataset({
        features: ['sentence1', 'sentence2', 'label', 'indexes'],
        num_rows: 75
    })
    validation: Dataset({
        features: ['sentence1', 'sentence2', 'label', 'indexes'],
        num_rows: 277
    })
    test: Dataset({
        features: ['sentence1', 'sentence2', 'label', 'indexes'],
        num_rows: 3000
    })
})
[Train] Epoch:   0, Total:     75, Accuracy : 0.4933, Loss: 0.7064
[Eval] Epoch:   0, Total:    277, Accuracy : 0.4729, Loss: 0.6978
[Train] Epoch:   1, Total:     75, Accuracy : 0.5200, Loss: 0.6795
[Eval] Epoch:   1, Total:    277, Accuracy : 0.4729, Loss: 0.6975
[Train] Epoch:   2, Total:     75, Accuracy : 0.4667, Loss: 0.6982
[Eval] Epoch:   2, Total:    277, Accuracy : 0.4729, Loss: 0.6973
[Train] Epoch:   3, Total:     75, Accuracy : 0.4000, Loss: 0.6920
[Eval] Epoch:   3, Total:    277, Accuracy : 0.4729, Loss: 0.6970
[Train] Epoch:   4, Total:     75, Accuracy : 0.4800, Loss: 0.7061
[Eval] Epoch:   4, Total:    277, Accuracy : 0.4729, Loss: 0.6967
[Train] Epoch:   5, Total:     75, Accuracy : 0.4800, Loss: 0.7112
[Eval] Epoch:   5, Total:    277, Accuracy : 0.4729, Loss: 0.6961
[Train] Epoch:   6, Total:     75, Accuracy : 0.5867, Loss: 0.6913
[Eval] Epoch:   6, Total:    277, Accuracy : 0.4729, Loss: 0.6952
[Train] Epoch:   7, Total:     75, Accuracy : 0.5733, Loss: 0.6872
[Eval] Epoch:   7, Total:    277, Accuracy : 0.5054, Loss: 0.6940
[Train] Epoch:   8, Total:     75, Accuracy : 0.5067, Loss: 0.6932
[Eval] Epoch:   8, Total:    277, Accuracy : 0.5162, Loss: 0.6934
[Train] Epoch:   9, Total:     75, Accuracy : 0.4800, Loss: 0.7047
[Eval] Epoch:   9, Total:    277, Accuracy : 0.5271, Loss: 0.6931
[Train] Epoch:  10, Total:     75, Accuracy : 0.5733, Loss: 0.6930
[Eval] Epoch:  10, Total:    277, Accuracy : 0.5126, Loss: 0.6934
[Train] Epoch:  11, Total:     75, Accuracy : 0.5200, Loss: 0.6848
[Eval] Epoch:  11, Total:    277, Accuracy : 0.5560, Loss: 0.6940
[Train] Epoch:  12, Total:     75, Accuracy : 0.6933, Loss: 0.6861
[Eval] Epoch:  12, Total:    277, Accuracy : 0.4982, Loss: 0.6944
[Train] Epoch:  13, Total:     75, Accuracy : 0.5867, Loss: 0.6911
[Eval] Epoch:  13, Total:    277, Accuracy : 0.5343, Loss: 0.6941
[Train] Epoch:  14, Total:     75, Accuracy : 0.7200, Loss: 0.6863
[Eval] Epoch:  14, Total:    277, Accuracy : 0.5451, Loss: 0.6945
[Train] Epoch:  15, Total:     75, Accuracy : 0.6267, Loss: 0.6943
[Eval] Epoch:  15, Total:    277, Accuracy : 0.5271, Loss: 0.6954
[Train] Epoch:  16, Total:     75, Accuracy : 0.6800, Loss: 0.6741
[Eval] Epoch:  16, Total:    277, Accuracy : 0.5199, Loss: 0.6952
[Train] Epoch:  17, Total:     75, Accuracy : 0.7067, Loss: 0.6798
[Eval] Epoch:  17, Total:    277, Accuracy : 0.5307, Loss: 0.6947
[Train] Epoch:  18, Total:     75, Accuracy : 0.6933, Loss: 0.6658
[Eval] Epoch:  18, Total:    277, Accuracy : 0.5271, Loss: 0.6952
[Train] Epoch:  19, Total:     75, Accuracy : 0.6667, Loss: 0.6715
[Eval] Epoch:  19, Total:    277, Accuracy : 0.5271, Loss: 0.6963
{"epoch":[1,2,3,4,5,6,7,8,9,10,11,12,13,14,15,16,17,18,19,20],"train_loss":[0.6992232799530029,0.6871086359024048,0.6952692568302155,0.6963154971599579,0.6982386708259583,0.699966698884964,0.6903980672359467,0.6896326839923859,0.693449467420578,0.6980355083942413,0.6919068992137909,0.6873787045478821,0.686629444360733,0.690132349729538,0.6851800680160522,0.6905446350574493,0.6779633164405823,0.6785348355770111,0.6723634004592896,0.6723354160785675],"eval_loss":[0.6951359510421753,0.6949583888053894,0.6948568463325501,0.6947066783905029,0.694546353816986,0.6942318916320801,0.6937381267547608,0.6931923747062683,0.6928632855415344,0.6927120685577393,0.6928447842597961,0.6930225372314454,0.6931789636611938,0.692926824092865,0.6930377840995788,0.6932687520980835,0.6931515097618103,0.6927635550498963,0.6927911639213562,0.6930116891860962],"train_acc":[0.49333333333333335,0.52,0.4666666666666667,0.4,0.48,0.48,0.5866666666666667,0.5733333333333334,0.5066666666666667,0.48,0.5733333333333334,0.52,0.6933333333333334,0.5866666666666667,0.72,0.6266666666666667,0.68,0.7066666666666667,0.6933333333333334,0.6666666666666666],"eval_acc":[0.4729241877256318,0.4729241877256318,0.4729241877256318,0.4729241877256318,0.4729241877256318,0.4729241877256318,0.4729241877256318,0.5054151624548736,0.516245487364621,0.5270758122743683,0.5126353790613718,0.555956678700361,0.4981949458483754,0.5342960288808665,0.5451263537906137,0.5270758122743683,0.51985559566787,0.5306859205776173,0.5270758122743683,0.5270758122743683]}
[Eval] Epoch:  11, Total:    277, Accuracy : 0.5271, Loss: 0.6963
277 146 3.465058445930481
