pruned_1_0.2_model_0
DatasetDict({
    train: Dataset({
        features: ['sentence1', 'sentence2', 'label', 'indexes'],
        num_rows: 499
    })
    validation: Dataset({
        features: ['sentence1', 'sentence2', 'label', 'indexes'],
        num_rows: 277
    })
    test: Dataset({
        features: ['sentence1', 'sentence2', 'label', 'indexes'],
        num_rows: 3000
    })
})
[Train] Epoch:   0, Total:    499, Accuracy : 0.4870, Loss: 0.6978
[Eval] Epoch:   0, Total:    277, Accuracy : 0.4729, Loss: 0.6999
[Train] Epoch:   1, Total:    499, Accuracy : 0.4930, Loss: 0.6946
[Eval] Epoch:   1, Total:    277, Accuracy : 0.4729, Loss: 0.6956
[Train] Epoch:   2, Total:    499, Accuracy : 0.5030, Loss: 0.6979
[Eval] Epoch:   2, Total:    277, Accuracy : 0.5271, Loss: 0.6913
[Train] Epoch:   3, Total:    499, Accuracy : 0.5230, Loss: 0.6892
[Eval] Epoch:   3, Total:    277, Accuracy : 0.5271, Loss: 0.6890
[Train] Epoch:   4, Total:    499, Accuracy : 0.5210, Loss: 0.6944
[Eval] Epoch:   4, Total:    277, Accuracy : 0.5235, Loss: 0.6917
[Train] Epoch:   5, Total:    499, Accuracy : 0.5752, Loss: 0.6741
[Eval] Epoch:   5, Total:    277, Accuracy : 0.5560, Loss: 0.6937
[Train] Epoch:   6, Total:    499, Accuracy : 0.6613, Loss: 0.6160
[Eval] Epoch:   6, Total:    277, Accuracy : 0.5487, Loss: 0.6757
[Train] Epoch:   7, Total:    499, Accuracy : 0.7675, Loss: 0.4837
[Eval] Epoch:   7, Total:    277, Accuracy : 0.5812, Loss: 0.5846
[Train] Epoch:   8, Total:    499, Accuracy : 0.8417, Loss: 0.3246
[Eval] Epoch:   8, Total:    277, Accuracy : 0.5957, Loss: 0.5800
[Train] Epoch:   9, Total:    499, Accuracy : 0.8958, Loss: 0.2646
[Eval] Epoch:   9, Total:    277, Accuracy : 0.6029, Loss: 0.5358
[Train] Epoch:  10, Total:    499, Accuracy : 0.9379, Loss: 0.2442
[Eval] Epoch:  10, Total:    277, Accuracy : 0.6173, Loss: 0.5328
[Train] Epoch:  11, Total:    499, Accuracy : 0.9439, Loss: 0.1643
[Eval] Epoch:  11, Total:    277, Accuracy : 0.6137, Loss: 0.5502
[Train] Epoch:  12, Total:    499, Accuracy : 0.9579, Loss: 0.0973
[Eval] Epoch:  12, Total:    277, Accuracy : 0.6245, Loss: 0.5714
[Train] Epoch:  13, Total:    499, Accuracy : 0.9619, Loss: 0.1202
[Eval] Epoch:  13, Total:    277, Accuracy : 0.6065, Loss: 0.8835
[Train] Epoch:  14, Total:    499, Accuracy : 0.9739, Loss: 0.0299
[Eval] Epoch:  14, Total:    277, Accuracy : 0.6029, Loss: 0.8485
[Train] Epoch:  15, Total:    499, Accuracy : 0.9840, Loss: 0.0167
[Eval] Epoch:  15, Total:    277, Accuracy : 0.6209, Loss: 0.7901
[Train] Epoch:  16, Total:    499, Accuracy : 0.9920, Loss: 0.0472
[Eval] Epoch:  16, Total:    277, Accuracy : 0.6318, Loss: 0.9120
[Train] Epoch:  17, Total:    499, Accuracy : 0.9900, Loss: 0.0082
[Eval] Epoch:  17, Total:    277, Accuracy : 0.6209, Loss: 0.9341
[Train] Epoch:  18, Total:    499, Accuracy : 0.9960, Loss: 0.0056
[Eval] Epoch:  18, Total:    277, Accuracy : 0.6282, Loss: 0.9433
[Train] Epoch:  19, Total:    499, Accuracy : 1.0000, Loss: 0.0071
[Eval] Epoch:  19, Total:    277, Accuracy : 0.6390, Loss: 0.9364
{"epoch":[1,2,3,4,5,6,7,8,9,10,11,12,13,14,15,16,17,18,19,20],"train_loss":[0.6968667209148407,0.6941208094358444,0.693603090941906,0.6914656311273575,0.6901286691427231,0.6867688447237015,0.6519552990794182,0.5518406890332699,0.4085020124912262,0.2958857510238886,0.21001015976071358,0.19291070848703384,0.14610672276467085,0.13404614478349686,0.09046867280267179,0.0608480058144778,0.027982984320260584,0.02498658065451309,0.014049704885110259,0.00818964943755418],"eval_loss":[0.6962517619132995,0.6940126895904541,0.6920689105987549,0.6911941051483155,0.6917551994323731,0.6911815047264099,0.6896755337715149,0.6869035243988038,0.7859771847724915,0.8348118543624878,0.909005081653595,0.9084088444709778,0.9441349506378174,1.1573633551597595,1.252722692489624,1.4476763010025024,1.587695574760437,1.698821783065796,1.6314878940582276,1.6313733458518982],"train_acc":[0.48697394789579157,0.49298597194388777,0.503006012024048,0.5230460921843687,0.5210420841683366,0.5751503006012024,0.6613226452905812,0.7675350701402806,0.8416833667334669,0.8957915831663327,0.9378757515030061,0.9438877755511023,0.9579158316633266,0.9619238476953907,0.9739478957915831,0.9839679358717435,0.9919839679358717,0.9899799599198397,0.9959919839679359,1.0],"eval_acc":[0.4729241877256318,0.4729241877256318,0.5270758122743683,0.5270758122743683,0.5234657039711191,0.555956678700361,0.5487364620938628,0.5812274368231047,0.5956678700361011,0.6028880866425993,0.6173285198555957,0.6137184115523465,0.6245487364620939,0.6064981949458483,0.6028880866425993,0.6209386281588448,0.631768953068592,0.6209386281588448,0.628158844765343,0.6389891696750902]}
[Eval] Epoch:  11, Total:    277, Accuracy : 0.6390, Loss: 0.9364
277 177 8.156866729259491
