pruned_2_0.3_model_0
DatasetDict({
    train: Dataset({
        features: ['sentence1', 'sentence2', 'label', 'indexes'],
        num_rows: 747
    })
    validation: Dataset({
        features: ['sentence1', 'sentence2', 'label', 'indexes'],
        num_rows: 277
    })
    test: Dataset({
        features: ['sentence1', 'sentence2', 'label', 'indexes'],
        num_rows: 3000
    })
})
[Train] Epoch:   0, Total:    747, Accuracy : 0.4993, Loss: 0.6978
[Eval] Epoch:   0, Total:    277, Accuracy : 0.5271, Loss: 0.6818
[Train] Epoch:   1, Total:    747, Accuracy : 0.4967, Loss: 0.7019
[Eval] Epoch:   1, Total:    277, Accuracy : 0.5235, Loss: 0.6918
[Train] Epoch:   2, Total:    747, Accuracy : 0.4980, Loss: 0.6959
[Eval] Epoch:   2, Total:    277, Accuracy : 0.5271, Loss: 0.6921
[Train] Epoch:   3, Total:    747, Accuracy : 0.4900, Loss: 0.7055
[Eval] Epoch:   3, Total:    277, Accuracy : 0.4729, Loss: 0.6933
[Train] Epoch:   4, Total:    747, Accuracy : 0.5248, Loss: 0.6961
[Eval] Epoch:   4, Total:    277, Accuracy : 0.5812, Loss: 0.6682
[Train] Epoch:   5, Total:    747, Accuracy : 0.6519, Loss: 0.7512
[Eval] Epoch:   5, Total:    277, Accuracy : 0.6245, Loss: 0.5622
[Train] Epoch:   6, Total:    747, Accuracy : 0.7162, Loss: 0.6060
[Eval] Epoch:   6, Total:    277, Accuracy : 0.6859, Loss: 0.4164
[Train] Epoch:   7, Total:    747, Accuracy : 0.7952, Loss: 0.3901
[Eval] Epoch:   7, Total:    277, Accuracy : 0.7004, Loss: 0.3489
[Train] Epoch:   8, Total:    747, Accuracy : 0.8554, Loss: 0.2595
[Eval] Epoch:   8, Total:    277, Accuracy : 0.7148, Loss: 0.3444
[Train] Epoch:   9, Total:    747, Accuracy : 0.9143, Loss: 0.2559
[Eval] Epoch:   9, Total:    277, Accuracy : 0.6823, Loss: 0.3151
[Train] Epoch:  10, Total:    747, Accuracy : 0.9331, Loss: 0.2566
[Eval] Epoch:  10, Total:    277, Accuracy : 0.6895, Loss: 0.2872
[Train] Epoch:  11, Total:    747, Accuracy : 0.9384, Loss: 0.1584
[Eval] Epoch:  11, Total:    277, Accuracy : 0.6895, Loss: 0.2859
[Train] Epoch:  12, Total:    747, Accuracy : 0.9357, Loss: 0.0596
[Eval] Epoch:  12, Total:    277, Accuracy : 0.6931, Loss: 0.3264
[Train] Epoch:  13, Total:    747, Accuracy : 0.9665, Loss: 0.0703
[Eval] Epoch:  13, Total:    277, Accuracy : 0.6787, Loss: 0.2622
[Train] Epoch:  14, Total:    747, Accuracy : 0.9772, Loss: 0.0215
[Eval] Epoch:  14, Total:    277, Accuracy : 0.7148, Loss: 0.1391
[Train] Epoch:  15, Total:    747, Accuracy : 0.9799, Loss: 0.2437
[Eval] Epoch:  15, Total:    277, Accuracy : 0.6895, Loss: 0.4703
[Train] Epoch:  16, Total:    747, Accuracy : 0.9826, Loss: 0.0123
[Eval] Epoch:  16, Total:    277, Accuracy : 0.6931, Loss: 0.5953
[Train] Epoch:  17, Total:    747, Accuracy : 0.9893, Loss: 0.0102
[Eval] Epoch:  17, Total:    277, Accuracy : 0.6895, Loss: 0.5667
[Train] Epoch:  18, Total:    747, Accuracy : 0.9920, Loss: 0.0191
[Eval] Epoch:  18, Total:    277, Accuracy : 0.6968, Loss: 0.5223
[Train] Epoch:  19, Total:    747, Accuracy : 0.9946, Loss: 0.0075
[Eval] Epoch:  19, Total:    277, Accuracy : 0.6931, Loss: 0.5265
{"epoch":[1,2,3,4,5,6,7,8,9,10,11,12,13,14,15,16,17,18,19,20],"train_loss":[0.7071358859539032,0.6950214405854543,0.6943723360697428,0.6943877190351486,0.6889726966619492,0.6569866140683492,0.5448958724737167,0.4516055683294932,0.3512205208341281,0.26919077585140866,0.22796581809719405,0.20630212128162384,0.188217100687325,0.11112042811388771,0.07723539415746927,0.06396381192219754,0.0549364963080734,0.03974797630993029,0.03524549313200017,0.02546196395996958],"eval_loss":[0.6914119005203248,0.692745816707611,0.6926839828491211,0.693534517288208,0.6801657319068909,0.6338399410247803,0.5893561542034149,0.563673198223114,0.5715918242931366,0.6358359515666961,0.6422055959701538,0.6444065928459167,0.8378545761108398,0.9090752720832824,0.9009337663650513,1.0957554221153258,1.121086323261261,1.317104423046112,1.1912915587425232,1.18852379322052],"train_acc":[0.499330655957162,0.4966532797858099,0.4979919678714859,0.4899598393574297,0.5247657295850067,0.6519410977242303,0.7161981258366801,0.7951807228915663,0.8554216867469879,0.9143239625167336,0.9330655957161981,0.9384203480589023,0.9357429718875502,0.9665327978580991,0.9772423025435074,0.9799196787148594,0.9825970548862115,0.9892904953145917,0.9919678714859438,0.9946452476572959],"eval_acc":[0.5270758122743683,0.5234657039711191,0.5270758122743683,0.4729241877256318,0.5812274368231047,0.6245487364620939,0.6859205776173285,0.7003610108303249,0.7148014440433214,0.6823104693140795,0.6895306859205776,0.6895306859205776,0.6931407942238267,0.6787003610108303,0.7148014440433214,0.6895306859205776,0.6931407942238267,0.6895306859205776,0.6967509025270758,0.6931407942238267]}
[Eval] Epoch:  11, Total:    277, Accuracy : 0.6931, Loss: 0.5265
277 192 5.9426189661026
