pruned_3_0.005_model_0
DatasetDict({
    train: Dataset({
        features: ['sentence1', 'sentence2', 'label', 'indexes'],
        num_rows: 12
    })
    validation: Dataset({
        features: ['sentence1', 'sentence2', 'label', 'indexes'],
        num_rows: 277
    })
    test: Dataset({
        features: ['sentence1', 'sentence2', 'label', 'indexes'],
        num_rows: 3000
    })
})
[Train] Epoch:   0, Total:     12, Accuracy : 0.7500, Loss: 0.6487
[Eval] Epoch:   0, Total:    277, Accuracy : 0.4729, Loss: 0.7105
[Train] Epoch:   1, Total:     12, Accuracy : 0.7500, Loss: 0.6511
[Eval] Epoch:   1, Total:    277, Accuracy : 0.4729, Loss: 0.7107
[Train] Epoch:   2, Total:     12, Accuracy : 0.7500, Loss: 0.6509
[Eval] Epoch:   2, Total:    277, Accuracy : 0.4729, Loss: 0.7112
[Train] Epoch:   3, Total:     12, Accuracy : 0.7500, Loss: 0.6477
[Eval] Epoch:   3, Total:    277, Accuracy : 0.4729, Loss: 0.7119
[Train] Epoch:   4, Total:     12, Accuracy : 0.7500, Loss: 0.6448
[Eval] Epoch:   4, Total:    277, Accuracy : 0.4729, Loss: 0.7128
[Train] Epoch:   5, Total:     12, Accuracy : 0.7500, Loss: 0.6400
[Eval] Epoch:   5, Total:    277, Accuracy : 0.4729, Loss: 0.7140
[Train] Epoch:   6, Total:     12, Accuracy : 0.7500, Loss: 0.6494
[Eval] Epoch:   6, Total:    277, Accuracy : 0.4729, Loss: 0.7154
[Train] Epoch:   7, Total:     12, Accuracy : 0.7500, Loss: 0.6643
[Eval] Epoch:   7, Total:    277, Accuracy : 0.4729, Loss: 0.7172
[Train] Epoch:   8, Total:     12, Accuracy : 0.7500, Loss: 0.6537
[Eval] Epoch:   8, Total:    277, Accuracy : 0.4729, Loss: 0.7193
[Train] Epoch:   9, Total:     12, Accuracy : 0.7500, Loss: 0.6581
[Eval] Epoch:   9, Total:    277, Accuracy : 0.4729, Loss: 0.7218
[Train] Epoch:  10, Total:     12, Accuracy : 0.7500, Loss: 0.6306
[Eval] Epoch:  10, Total:    277, Accuracy : 0.4729, Loss: 0.7247
[Train] Epoch:  11, Total:     12, Accuracy : 0.7500, Loss: 0.6330
[Eval] Epoch:  11, Total:    277, Accuracy : 0.4729, Loss: 0.7282
[Train] Epoch:  12, Total:     12, Accuracy : 0.7500, Loss: 0.6148
[Eval] Epoch:  12, Total:    277, Accuracy : 0.4729, Loss: 0.7323
[Train] Epoch:  13, Total:     12, Accuracy : 0.7500, Loss: 0.5867
[Eval] Epoch:  13, Total:    277, Accuracy : 0.4729, Loss: 0.7371
[Train] Epoch:  14, Total:     12, Accuracy : 0.7500, Loss: 0.6193
[Eval] Epoch:  14, Total:    277, Accuracy : 0.4729, Loss: 0.7428
[Train] Epoch:  15, Total:     12, Accuracy : 0.7500, Loss: 0.5847
[Eval] Epoch:  15, Total:    277, Accuracy : 0.4729, Loss: 0.7495
[Train] Epoch:  16, Total:     12, Accuracy : 0.7500, Loss: 0.6162
[Eval] Epoch:  16, Total:    277, Accuracy : 0.4729, Loss: 0.7568
[Train] Epoch:  17, Total:     12, Accuracy : 0.7500, Loss: 0.5733
[Eval] Epoch:  17, Total:    277, Accuracy : 0.4729, Loss: 0.7655
[Train] Epoch:  18, Total:     12, Accuracy : 0.7500, Loss: 0.5921
[Eval] Epoch:  18, Total:    277, Accuracy : 0.4729, Loss: 0.7760
[Train] Epoch:  19, Total:     12, Accuracy : 0.7500, Loss: 0.6009
[Eval] Epoch:  19, Total:    277, Accuracy : 0.4729, Loss: 0.7888
{"epoch":[1,2,3,4,5,6,7,8,9,10,11,12,13,14,15,16,17,18,19,20],"train_loss":[0.6487463116645813,0.6510822772979736,0.6508769392967224,0.6476952433586121,0.6448035836219788,0.6400208473205566,0.6494137048721313,0.6642760038375854,0.653709352016449,0.6581159234046936,0.630621612071991,0.6329625844955444,0.6147822737693787,0.5866827368736267,0.6193253397941589,0.5847105383872986,0.6162272095680237,0.5733067989349365,0.5921069383621216,0.6009354591369629],"eval_loss":[0.7031552910804748,0.7033165216445922,0.7036208987236023,0.704080855846405,0.7046945810317993,0.7054847121238709,0.706468939781189,0.7076674938201905,0.7091326117515564,0.7108747005462647,0.7129630804061889,0.715459156036377,0.7184707522392273,0.7220106840133667,0.7262877345085144,0.731321120262146,0.7369879603385925,0.743782377243042,0.7520550727844239,0.7623076677322388],"train_acc":[0.75,0.75,0.75,0.75,0.75,0.75,0.75,0.75,0.75,0.75,0.75,0.75,0.75,0.75,0.75,0.75,0.75,0.75,0.75,0.75],"eval_acc":[0.4729241877256318,0.4729241877256318,0.4729241877256318,0.4729241877256318,0.4729241877256318,0.4729241877256318,0.4729241877256318,0.4729241877256318,0.4729241877256318,0.4729241877256318,0.4729241877256318,0.4729241877256318,0.4729241877256318,0.4729241877256318,0.4729241877256318,0.4729241877256318,0.4729241877256318,0.4729241877256318,0.4729241877256318,0.4729241877256318]}
[Eval] Epoch:  11, Total:    277, Accuracy : 0.4729, Loss: 0.7888
277 131 3.811538338661194
