pruned_3_0.1_model_0
DatasetDict({
    train: Dataset({
        features: ['sentence1', 'sentence2', 'label', 'indexes'],
        num_rows: 249
    })
    validation: Dataset({
        features: ['sentence1', 'sentence2', 'label', 'indexes'],
        num_rows: 277
    })
    test: Dataset({
        features: ['sentence1', 'sentence2', 'label', 'indexes'],
        num_rows: 3000
    })
})
[Train] Epoch:   0, Total:    249, Accuracy : 0.5100, Loss: 0.6878
[Eval] Epoch:   0, Total:    277, Accuracy : 0.4729, Loss: 0.7043
[Train] Epoch:   1, Total:    249, Accuracy : 0.5020, Loss: 0.6853
[Eval] Epoch:   1, Total:    277, Accuracy : 0.4729, Loss: 0.7029
[Train] Epoch:   2, Total:    249, Accuracy : 0.5100, Loss: 0.6937
[Eval] Epoch:   2, Total:    277, Accuracy : 0.4729, Loss: 0.7024
[Train] Epoch:   3, Total:    249, Accuracy : 0.5181, Loss: 0.6988
[Eval] Epoch:   3, Total:    277, Accuracy : 0.4729, Loss: 0.7003
[Train] Epoch:   4, Total:    249, Accuracy : 0.5060, Loss: 0.6845
[Eval] Epoch:   4, Total:    277, Accuracy : 0.4729, Loss: 0.6964
[Train] Epoch:   5, Total:    249, Accuracy : 0.5582, Loss: 0.6865
[Eval] Epoch:   5, Total:    277, Accuracy : 0.4946, Loss: 0.6920
[Train] Epoch:   6, Total:    249, Accuracy : 0.5582, Loss: 0.6847
[Eval] Epoch:   6, Total:    277, Accuracy : 0.5235, Loss: 0.6884
[Train] Epoch:   7, Total:    249, Accuracy : 0.5382, Loss: 0.6899
[Eval] Epoch:   7, Total:    277, Accuracy : 0.5271, Loss: 0.6836
[Train] Epoch:   8, Total:    249, Accuracy : 0.5181, Loss: 0.6681
[Eval] Epoch:   8, Total:    277, Accuracy : 0.5235, Loss: 0.6818
[Train] Epoch:   9, Total:    249, Accuracy : 0.5542, Loss: 0.7010
[Eval] Epoch:   9, Total:    277, Accuracy : 0.5487, Loss: 0.6746
[Train] Epoch:  10, Total:    249, Accuracy : 0.7108, Loss: 0.6416
[Eval] Epoch:  10, Total:    277, Accuracy : 0.5126, Loss: 0.6788
[Train] Epoch:  11, Total:    249, Accuracy : 0.7269, Loss: 0.5859
[Eval] Epoch:  11, Total:    277, Accuracy : 0.5379, Loss: 0.6735
[Train] Epoch:  12, Total:    249, Accuracy : 0.7952, Loss: 0.5330
[Eval] Epoch:  12, Total:    277, Accuracy : 0.5560, Loss: 0.7335
[Train] Epoch:  13, Total:    249, Accuracy : 0.8554, Loss: 0.3767
[Eval] Epoch:  13, Total:    277, Accuracy : 0.5379, Loss: 0.7397
[Train] Epoch:  14, Total:    249, Accuracy : 0.8795, Loss: 0.3043
[Eval] Epoch:  14, Total:    277, Accuracy : 0.5668, Loss: 0.8227
[Train] Epoch:  15, Total:    249, Accuracy : 0.9036, Loss: 0.3322
[Eval] Epoch:  15, Total:    277, Accuracy : 0.5668, Loss: 0.8440
[Train] Epoch:  16, Total:    249, Accuracy : 0.9076, Loss: 0.2013
[Eval] Epoch:  16, Total:    277, Accuracy : 0.5632, Loss: 0.9614
[Train] Epoch:  17, Total:    249, Accuracy : 0.9598, Loss: 0.1067
[Eval] Epoch:  17, Total:    277, Accuracy : 0.5668, Loss: 1.1010
[Train] Epoch:  18, Total:    249, Accuracy : 0.9679, Loss: 0.1201
[Eval] Epoch:  18, Total:    277, Accuracy : 0.5126, Loss: 1.2141
[Train] Epoch:  19, Total:    249, Accuracy : 0.9880, Loss: 0.0986
[Eval] Epoch:  19, Total:    277, Accuracy : 0.5451, Loss: 1.2001
{"epoch":[1,2,3,4,5,6,7,8,9,10,11,12,13,14,15,16,17,18,19,20],"train_loss":[0.6952062994241714,0.6931682676076889,0.691190242767334,0.6914783418178558,0.6915615946054459,0.6897515207529068,0.6914126873016357,0.6865543872117996,0.6852070987224579,0.6824545860290527,0.6580463647842407,0.6208095699548721,0.5444171279668808,0.4403956010937691,0.36181286722421646,0.287302128970623,0.26363157480955124,0.16918384283781052,0.12921220064163208,0.0953458771109581],"eval_loss":[0.6996548414230347,0.6988326787948609,0.698499071598053,0.6972352981567382,0.6950082063674927,0.6927739024162293,0.6911608815193176,0.6895182251930236,0.6884770631790161,0.6867445230484008,0.6836497545242309,0.7044388651847839,0.7258093953132629,0.8213322520256042,0.8585012793540955,0.8796515345573426,1.0150701880455018,1.1451342940330504,1.3389114141464233,1.3006460905075072],"train_acc":[0.5100401606425703,0.5020080321285141,0.5100401606425703,0.5180722891566265,0.5060240963855421,0.5582329317269076,0.5582329317269076,0.5381526104417671,0.5180722891566265,0.5542168674698795,0.7108433734939759,0.7269076305220884,0.7951807228915663,0.8554216867469879,0.8795180722891566,0.9036144578313253,0.9076305220883534,0.9598393574297188,0.9678714859437751,0.9879518072289156],"eval_acc":[0.4729241877256318,0.4729241877256318,0.4729241877256318,0.4729241877256318,0.4729241877256318,0.49458483754512633,0.5234657039711191,0.5270758122743683,0.5234657039711191,0.5487364620938628,0.5126353790613718,0.5379061371841155,0.555956678700361,0.5379061371841155,0.5667870036101083,0.5667870036101083,0.5631768953068592,0.5667870036101083,0.5126353790613718,0.5451263537906137]}
[Eval] Epoch:  11, Total:    277, Accuracy : 0.5451, Loss: 1.2001
277 151 6.503230452537537
