pruned_2_0.75_model_0
DatasetDict({
    train: Dataset({
        features: ['sentence1', 'sentence2', 'label', 'indexes'],
        num_rows: 1867
    })
    validation: Dataset({
        features: ['sentence1', 'sentence2', 'label', 'indexes'],
        num_rows: 277
    })
    test: Dataset({
        features: ['sentence1', 'sentence2', 'label', 'indexes'],
        num_rows: 3000
    })
})
[Train] Epoch:   0, Total:   1867, Accuracy : 0.5137, Loss: 0.7101
[Eval] Epoch:   0, Total:    277, Accuracy : 0.5271, Loss: 0.6910
[Train] Epoch:   1, Total:   1867, Accuracy : 0.5163, Loss: 0.7132
[Eval] Epoch:   1, Total:    277, Accuracy : 0.5271, Loss: 0.6635
[Train] Epoch:   2, Total:   1867, Accuracy : 0.6283, Loss: 0.5227
[Eval] Epoch:   2, Total:    277, Accuracy : 0.6570, Loss: 0.5582
[Train] Epoch:   3, Total:   1867, Accuracy : 0.7424, Loss: 0.4402
[Eval] Epoch:   3, Total:    277, Accuracy : 0.6751, Loss: 0.4580
[Train] Epoch:   4, Total:   1867, Accuracy : 0.8184, Loss: 0.2857
[Eval] Epoch:   4, Total:    277, Accuracy : 0.7076, Loss: 0.3323
[Train] Epoch:   5, Total:   1867, Accuracy : 0.8972, Loss: 0.2166
[Eval] Epoch:   5, Total:    277, Accuracy : 0.7256, Loss: 0.3686
[Train] Epoch:   6, Total:   1867, Accuracy : 0.9148, Loss: 0.3264
[Eval] Epoch:   6, Total:    277, Accuracy : 0.7040, Loss: 0.3044
[Train] Epoch:   7, Total:   1867, Accuracy : 0.9491, Loss: 0.0627
[Eval] Epoch:   7, Total:    277, Accuracy : 0.7329, Loss: 0.4690
[Train] Epoch:   8, Total:   1867, Accuracy : 0.9598, Loss: 0.0245
[Eval] Epoch:   8, Total:    277, Accuracy : 0.7292, Loss: 0.4310
[Train] Epoch:   9, Total:   1867, Accuracy : 0.9684, Loss: 0.0715
[Eval] Epoch:   9, Total:    277, Accuracy : 0.7329, Loss: 0.3966
[Train] Epoch:  10, Total:   1867, Accuracy : 0.9754, Loss: 0.0314
[Eval] Epoch:  10, Total:    277, Accuracy : 0.7184, Loss: 0.5717
[Train] Epoch:  11, Total:   1867, Accuracy : 0.9507, Loss: 0.0324
[Eval] Epoch:  11, Total:    277, Accuracy : 0.7076, Loss: 0.3397
[Train] Epoch:  12, Total:   1867, Accuracy : 0.9630, Loss: 0.0065
[Eval] Epoch:  12, Total:    277, Accuracy : 0.7148, Loss: 0.6707
[Train] Epoch:  13, Total:   1867, Accuracy : 0.9684, Loss: 0.0123
[Eval] Epoch:  13, Total:    277, Accuracy : 0.7329, Loss: 0.7589
[Train] Epoch:  14, Total:   1867, Accuracy : 0.9807, Loss: 0.0066
[Eval] Epoch:  14, Total:    277, Accuracy : 0.7256, Loss: 0.7434
[Train] Epoch:  15, Total:   1867, Accuracy : 0.9930, Loss: 0.0028
[Eval] Epoch:  15, Total:    277, Accuracy : 0.7040, Loss: 0.8254
[Train] Epoch:  16, Total:   1867, Accuracy : 0.9920, Loss: 0.0019
[Eval] Epoch:  16, Total:    277, Accuracy : 0.7184, Loss: 0.7039
[Train] Epoch:  17, Total:   1867, Accuracy : 0.9925, Loss: 0.0022
[Eval] Epoch:  17, Total:    277, Accuracy : 0.7292, Loss: 0.8687
[Train] Epoch:  18, Total:   1867, Accuracy : 0.9973, Loss: 0.0014
[Eval] Epoch:  18, Total:    277, Accuracy : 0.7220, Loss: 0.8926
[Train] Epoch:  19, Total:   1867, Accuracy : 0.9963, Loss: 0.0023
[Eval] Epoch:  19, Total:    277, Accuracy : 0.7256, Loss: 0.8448
{"epoch":[1,2,3,4,5,6,7,8,9,10,11,12,13,14,15,16,17,18,19,20],"train_loss":[0.6934474627176921,0.6916604578495026,0.6487645626068115,0.5411756565173467,0.417715972661972,0.285687884191672,0.22876035869121553,0.15896112869183224,0.12856069890161356,0.10347410179674625,0.09014231003820897,0.14523699954152108,0.11156478511790434,0.09039781463022033,0.06548169737992188,0.027683875950363774,0.03412476008137067,0.026187323829314362,0.015491612787203242,0.014766235133477797],"eval_loss":[0.6917929887771607,0.6809811472892762,0.621242105960846,0.613855105638504,0.6059784114360809,0.6978923082351685,0.7203142404556274,0.7665417551994324,0.8622003972530365,0.8634119808673859,1.0188580632209778,0.8065031409263611,1.1952206373214722,1.121606433391571,1.1655741214752198,1.4793623328208922,1.4474503517150878,1.520614755153656,1.544060730934143,1.5188677549362182],"train_acc":[0.5136582753079807,0.516336368505624,0.628280664167113,0.7423674343867167,0.8184252811997857,0.8971612212104981,0.9148366363149437,0.9491162292447777,0.9598286020353508,0.9683985002678093,0.9753615425816818,0.9507230851633637,0.9630423138725228,0.9683985002678093,0.9807177289769684,0.9930369576861274,0.9919657204070702,0.9925013390465989,0.9973219068023568,0.9962506695232994],"eval_acc":[0.5270758122743683,0.5270758122743683,0.6570397111913358,0.6750902527075813,0.7075812274368231,0.7256317689530686,0.703971119133574,0.7328519855595668,0.7292418772563177,0.7328519855595668,0.7184115523465704,0.7075812274368231,0.7148014440433214,0.7328519855595668,0.7256317689530686,0.703971119133574,0.7184115523465704,0.7292418772563177,0.7220216606498195,0.7256317689530686]}
[Eval] Epoch:  11, Total:    277, Accuracy : 0.7256, Loss: 0.8448
277 201 7.594338774681091
