random_0.02_model_0
DatasetDict({
    train: Dataset({
        features: ['sentence1', 'sentence2', 'label', 'indexes'],
        num_rows: 50
    })
    validation: Dataset({
        features: ['sentence1', 'sentence2', 'label', 'indexes'],
        num_rows: 277
    })
    test: Dataset({
        features: ['sentence1', 'sentence2', 'label', 'indexes'],
        num_rows: 3000
    })
})
[Train] Epoch:   0, Total:     50, Accuracy : 0.5400, Loss: 0.6961
[Eval] Epoch:   0, Total:    277, Accuracy : 0.5271, Loss: 0.6880
[Train] Epoch:   1, Total:     50, Accuracy : 0.5200, Loss: 0.6931
[Eval] Epoch:   1, Total:    277, Accuracy : 0.5271, Loss: 0.6880
[Train] Epoch:   2, Total:     50, Accuracy : 0.5000, Loss: 0.6874
[Eval] Epoch:   2, Total:    277, Accuracy : 0.5271, Loss: 0.6881
[Train] Epoch:   3, Total:     50, Accuracy : 0.5400, Loss: 0.6906
[Eval] Epoch:   3, Total:    277, Accuracy : 0.5271, Loss: 0.6881
[Train] Epoch:   4, Total:     50, Accuracy : 0.5400, Loss: 0.6931
[Eval] Epoch:   4, Total:    277, Accuracy : 0.5271, Loss: 0.6881
[Train] Epoch:   5, Total:     50, Accuracy : 0.5000, Loss: 0.6920
[Eval] Epoch:   5, Total:    277, Accuracy : 0.5271, Loss: 0.6881
[Train] Epoch:   6, Total:     50, Accuracy : 0.5200, Loss: 0.6896
[Eval] Epoch:   6, Total:    277, Accuracy : 0.5271, Loss: 0.6880
[Train] Epoch:   7, Total:     50, Accuracy : 0.5400, Loss: 0.6872
[Eval] Epoch:   7, Total:    277, Accuracy : 0.5271, Loss: 0.6879
[Train] Epoch:   8, Total:     50, Accuracy : 0.5200, Loss: 0.6992
[Eval] Epoch:   8, Total:    277, Accuracy : 0.5271, Loss: 0.6880
[Train] Epoch:   9, Total:     50, Accuracy : 0.5600, Loss: 0.6878
[Eval] Epoch:   9, Total:    277, Accuracy : 0.5271, Loss: 0.6881
[Train] Epoch:  10, Total:     50, Accuracy : 0.5000, Loss: 0.7000
[Eval] Epoch:  10, Total:    277, Accuracy : 0.5271, Loss: 0.6883
[Train] Epoch:  11, Total:     50, Accuracy : 0.5200, Loss: 0.6940
[Eval] Epoch:  11, Total:    277, Accuracy : 0.5271, Loss: 0.6884
[Train] Epoch:  12, Total:     50, Accuracy : 0.5000, Loss: 0.6965
[Eval] Epoch:  12, Total:    277, Accuracy : 0.5271, Loss: 0.6885
[Train] Epoch:  13, Total:     50, Accuracy : 0.5200, Loss: 0.6864
[Eval] Epoch:  13, Total:    277, Accuracy : 0.5271, Loss: 0.6885
[Train] Epoch:  14, Total:     50, Accuracy : 0.5400, Loss: 0.6865
[Eval] Epoch:  14, Total:    277, Accuracy : 0.5271, Loss: 0.6885
[Train] Epoch:  15, Total:     50, Accuracy : 0.5600, Loss: 0.6890
[Eval] Epoch:  15, Total:    277, Accuracy : 0.5271, Loss: 0.6886
[Train] Epoch:  16, Total:     50, Accuracy : 0.5400, Loss: 0.6922
[Eval] Epoch:  16, Total:    277, Accuracy : 0.5271, Loss: 0.6887
[Train] Epoch:  17, Total:     50, Accuracy : 0.5400, Loss: 0.6889
[Eval] Epoch:  17, Total:    277, Accuracy : 0.5271, Loss: 0.6888
[Train] Epoch:  18, Total:     50, Accuracy : 0.5200, Loss: 0.6811
[Eval] Epoch:  18, Total:    277, Accuracy : 0.5271, Loss: 0.6889
[Train] Epoch:  19, Total:     50, Accuracy : 0.6000, Loss: 0.6895
[Eval] Epoch:  19, Total:    277, Accuracy : 0.5271, Loss: 0.6889
{"epoch":[1,2,3,4,5,6,7,8,9,10,11,12,13,14,15,16,17,18,19,20],"train_loss":[0.696136474609375,0.6931177377700806,0.6873754262924194,0.6905893683433533,0.6931339502334595,0.6920362114906311,0.6895627379417419,0.6872003078460693,0.6992188096046448,0.6877567768096924,0.6999688744544983,0.6940048933029175,0.6964598894119263,0.6863739490509033,0.6864917278289795,0.6889833211898804,0.6921811699867249,0.6888719797134399,0.681050181388855,0.6894634366035461],"eval_loss":[0.6912465453147888,0.6912607550621033,0.6912671566009522,0.691275668144226,0.6912704229354858,0.6912630081176758,0.6912436962127686,0.6912125468254089,0.691240930557251,0.6912633299827575,0.6912962198257446,0.691321325302124,0.6913477301597595,0.6913346171379089,0.6913253664970398,0.6913324594497681,0.6913467645645142,0.6913522958755494,0.6913407683372498,0.6913215756416321],"train_acc":[0.54,0.52,0.5,0.54,0.54,0.5,0.52,0.54,0.52,0.56,0.5,0.52,0.5,0.52,0.54,0.56,0.54,0.54,0.52,0.6],"eval_acc":[0.5270758122743683,0.5270758122743683,0.5270758122743683,0.5270758122743683,0.5270758122743683,0.5270758122743683,0.5270758122743683,0.5270758122743683,0.5270758122743683,0.5270758122743683,0.5270758122743683,0.5270758122743683,0.5270758122743683,0.5270758122743683,0.5270758122743683,0.5270758122743683,0.5270758122743683,0.5270758122743683,0.5270758122743683,0.5270758122743683]}
[Eval] Epoch:  11, Total:    277, Accuracy : 0.5271, Loss: 0.6889
277 146 3.4566078782081604
