pruned_1_0.02_model_0
DatasetDict({
    train: Dataset({
        features: ['sentence1', 'sentence2', 'label', 'indexes'],
        num_rows: 50
    })
    validation: Dataset({
        features: ['sentence1', 'sentence2', 'label', 'indexes'],
        num_rows: 277
    })
    test: Dataset({
        features: ['sentence1', 'sentence2', 'label', 'indexes'],
        num_rows: 3000
    })
})
[Train] Epoch:   0, Total:     50, Accuracy : 0.5200, Loss: 0.6895
[Eval] Epoch:   0, Total:    277, Accuracy : 0.4585, Loss: 0.6940
[Train] Epoch:   1, Total:     50, Accuracy : 0.5000, Loss: 0.6985
[Eval] Epoch:   1, Total:    277, Accuracy : 0.4440, Loss: 0.6939
[Train] Epoch:   2, Total:     50, Accuracy : 0.5400, Loss: 0.6880
[Eval] Epoch:   2, Total:    277, Accuracy : 0.4765, Loss: 0.6936
[Train] Epoch:   3, Total:     50, Accuracy : 0.5000, Loss: 0.6951
[Eval] Epoch:   3, Total:    277, Accuracy : 0.5162, Loss: 0.6932
[Train] Epoch:   4, Total:     50, Accuracy : 0.6000, Loss: 0.6884
[Eval] Epoch:   4, Total:    277, Accuracy : 0.5271, Loss: 0.6927
[Train] Epoch:   5, Total:     50, Accuracy : 0.5000, Loss: 0.6915
[Eval] Epoch:   5, Total:    277, Accuracy : 0.5271, Loss: 0.6920
[Train] Epoch:   6, Total:     50, Accuracy : 0.5400, Loss: 0.6909
[Eval] Epoch:   6, Total:    277, Accuracy : 0.5271, Loss: 0.6912
[Train] Epoch:   7, Total:     50, Accuracy : 0.6200, Loss: 0.6919
[Eval] Epoch:   7, Total:    277, Accuracy : 0.5271, Loss: 0.6904
[Train] Epoch:   8, Total:     50, Accuracy : 0.5600, Loss: 0.6858
[Eval] Epoch:   8, Total:    277, Accuracy : 0.5271, Loss: 0.6895
[Train] Epoch:   9, Total:     50, Accuracy : 0.6000, Loss: 0.6790
[Eval] Epoch:   9, Total:    277, Accuracy : 0.5271, Loss: 0.6885
[Train] Epoch:  10, Total:     50, Accuracy : 0.6200, Loss: 0.6858
[Eval] Epoch:  10, Total:    277, Accuracy : 0.5271, Loss: 0.6876
[Train] Epoch:  11, Total:     50, Accuracy : 0.6200, Loss: 0.6833
[Eval] Epoch:  11, Total:    277, Accuracy : 0.5271, Loss: 0.6867
[Train] Epoch:  12, Total:     50, Accuracy : 0.6200, Loss: 0.6872
[Eval] Epoch:  12, Total:    277, Accuracy : 0.5271, Loss: 0.6858
[Train] Epoch:  13, Total:     50, Accuracy : 0.6200, Loss: 0.6770
[Eval] Epoch:  13, Total:    277, Accuracy : 0.5271, Loss: 0.6850
[Train] Epoch:  14, Total:     50, Accuracy : 0.6200, Loss: 0.6772
[Eval] Epoch:  14, Total:    277, Accuracy : 0.5271, Loss: 0.6842
[Train] Epoch:  15, Total:     50, Accuracy : 0.6200, Loss: 0.6668
[Eval] Epoch:  15, Total:    277, Accuracy : 0.5271, Loss: 0.6836
[Train] Epoch:  16, Total:     50, Accuracy : 0.6200, Loss: 0.6722
[Eval] Epoch:  16, Total:    277, Accuracy : 0.5271, Loss: 0.6832
[Train] Epoch:  17, Total:     50, Accuracy : 0.6200, Loss: 0.6725
[Eval] Epoch:  17, Total:    277, Accuracy : 0.5271, Loss: 0.6829
[Train] Epoch:  18, Total:     50, Accuracy : 0.6200, Loss: 0.6690
[Eval] Epoch:  18, Total:    277, Accuracy : 0.5271, Loss: 0.6829
[Train] Epoch:  19, Total:     50, Accuracy : 0.6200, Loss: 0.6674
[Eval] Epoch:  19, Total:    277, Accuracy : 0.5271, Loss: 0.6830
{"epoch":[1,2,3,4,5,6,7,8,9,10,11,12,13,14,15,16,17,18,19,20],"train_loss":[0.6895291209220886,0.6984925270080566,0.6880117654800415,0.6951048970222473,0.6884174346923828,0.6915276050567627,0.6909248232841492,0.691904604434967,0.6857697367668152,0.6790130734443665,0.6857669949531555,0.6833373308181763,0.6871989965438843,0.6769596338272095,0.677214503288269,0.6667535901069641,0.672200620174408,0.6724563837051392,0.6690321564674377,0.6674324870109558],"eval_loss":[0.6934929132461548,0.6934298276901245,0.6933005332946778,0.6931196808815002,0.6928917407989502,0.6926281094551087,0.6923357844352722,0.6920398712158203,0.6917540311813355,0.6915027976036072,0.6913167715072632,0.6912160158157349,0.6912202119827271,0.6913600921630859,0.6916666388511657,0.6921819686889649,0.6929198026657104,0.6938923835754395,0.695130729675293,0.6966794967651367],"train_acc":[0.52,0.5,0.54,0.5,0.6,0.5,0.54,0.62,0.56,0.6,0.62,0.62,0.62,0.62,0.62,0.62,0.62,0.62,0.62,0.62],"eval_acc":[0.4584837545126354,0.44404332129963897,0.47653429602888087,0.516245487364621,0.5270758122743683,0.5270758122743683,0.5270758122743683,0.5270758122743683,0.5270758122743683,0.5270758122743683,0.5270758122743683,0.5270758122743683,0.5270758122743683,0.5270758122743683,0.5270758122743683,0.5270758122743683,0.5270758122743683,0.5270758122743683,0.5270758122743683,0.5270758122743683]}
[Eval] Epoch:  11, Total:    277, Accuracy : 0.5271, Loss: 0.6830
277 146 3.4833974838256836
