pruned_2_0.005_model_0
DatasetDict({
    train: Dataset({
        features: ['sentence1', 'sentence2', 'label', 'indexes'],
        num_rows: 12
    })
    validation: Dataset({
        features: ['sentence1', 'sentence2', 'label', 'indexes'],
        num_rows: 277
    })
    test: Dataset({
        features: ['sentence1', 'sentence2', 'label', 'indexes'],
        num_rows: 3000
    })
})
[Train] Epoch:   0, Total:     12, Accuracy : 0.4167, Loss: 0.6992
[Eval] Epoch:   0, Total:    277, Accuracy : 0.4693, Loss: 0.6931
[Train] Epoch:   1, Total:     12, Accuracy : 0.5000, Loss: 0.6924
[Eval] Epoch:   1, Total:    277, Accuracy : 0.4621, Loss: 0.6931
[Train] Epoch:   2, Total:     12, Accuracy : 0.3333, Loss: 0.7023
[Eval] Epoch:   2, Total:    277, Accuracy : 0.4621, Loss: 0.6931
[Train] Epoch:   3, Total:     12, Accuracy : 0.5000, Loss: 0.7054
[Eval] Epoch:   3, Total:    277, Accuracy : 0.4765, Loss: 0.6932
[Train] Epoch:   4, Total:     12, Accuracy : 0.5000, Loss: 0.6949
[Eval] Epoch:   4, Total:    277, Accuracy : 0.4729, Loss: 0.6934
[Train] Epoch:   5, Total:     12, Accuracy : 0.5000, Loss: 0.7021
[Eval] Epoch:   5, Total:    277, Accuracy : 0.4693, Loss: 0.6936
[Train] Epoch:   6, Total:     12, Accuracy : 0.6667, Loss: 0.6881
[Eval] Epoch:   6, Total:    277, Accuracy : 0.4765, Loss: 0.6937
[Train] Epoch:   7, Total:     12, Accuracy : 0.5000, Loss: 0.6861
[Eval] Epoch:   7, Total:    277, Accuracy : 0.4765, Loss: 0.6940
[Train] Epoch:   8, Total:     12, Accuracy : 0.5833, Loss: 0.6917
[Eval] Epoch:   8, Total:    277, Accuracy : 0.4729, Loss: 0.6943
[Train] Epoch:   9, Total:     12, Accuracy : 0.2500, Loss: 0.7020
[Eval] Epoch:   9, Total:    277, Accuracy : 0.4729, Loss: 0.6947
[Train] Epoch:  10, Total:     12, Accuracy : 0.6667, Loss: 0.6819
[Eval] Epoch:  10, Total:    277, Accuracy : 0.4729, Loss: 0.6950
[Train] Epoch:  11, Total:     12, Accuracy : 0.7500, Loss: 0.6823
[Eval] Epoch:  11, Total:    277, Accuracy : 0.4729, Loss: 0.6952
[Train] Epoch:  12, Total:     12, Accuracy : 0.4167, Loss: 0.7009
[Eval] Epoch:  12, Total:    277, Accuracy : 0.4729, Loss: 0.6952
[Train] Epoch:  13, Total:     12, Accuracy : 0.7500, Loss: 0.6824
[Eval] Epoch:  13, Total:    277, Accuracy : 0.4729, Loss: 0.6951
[Train] Epoch:  14, Total:     12, Accuracy : 0.5833, Loss: 0.6910
[Eval] Epoch:  14, Total:    277, Accuracy : 0.4729, Loss: 0.6949
[Train] Epoch:  15, Total:     12, Accuracy : 0.7500, Loss: 0.6712
[Eval] Epoch:  15, Total:    277, Accuracy : 0.4729, Loss: 0.6948
[Train] Epoch:  16, Total:     12, Accuracy : 0.3333, Loss: 0.7051
[Eval] Epoch:  16, Total:    277, Accuracy : 0.4729, Loss: 0.6948
[Train] Epoch:  17, Total:     12, Accuracy : 0.5000, Loss: 0.6925
[Eval] Epoch:  17, Total:    277, Accuracy : 0.4729, Loss: 0.6951
[Train] Epoch:  18, Total:     12, Accuracy : 0.5000, Loss: 0.6915
[Eval] Epoch:  18, Total:    277, Accuracy : 0.4729, Loss: 0.6954
[Train] Epoch:  19, Total:     12, Accuracy : 0.6667, Loss: 0.6863
[Eval] Epoch:  19, Total:    277, Accuracy : 0.4729, Loss: 0.6959
{"epoch":[1,2,3,4,5,6,7,8,9,10,11,12,13,14,15,16,17,18,19,20],"train_loss":[0.6992241740226746,0.6923511624336243,0.7022762298583984,0.7054305672645569,0.6948583722114563,0.7021174430847168,0.6880742907524109,0.686143696308136,0.6916763186454773,0.7020049691200256,0.6818909645080566,0.682346522808075,0.7008967399597168,0.6824048161506653,0.6910045146942139,0.6712252497673035,0.7051455974578857,0.692484438419342,0.6915206909179688,0.6863134503364563],"eval_loss":[0.6934709787368775,0.6934406876564025,0.6934438586235047,0.693483579158783,0.6935783267021179,0.6936800122261048,0.6937692642211915,0.693917453289032,0.6940623641014099,0.6942628502845765,0.6943995118141174,0.6944861292839051,0.694520914554596,0.6944458842277527,0.6943577647209167,0.6943342804908752,0.6943663477897644,0.6945199966430664,0.6946770906448364,0.6949408650398254],"train_acc":[0.4166666666666667,0.5,0.3333333333333333,0.5,0.5,0.5,0.6666666666666666,0.5,0.5833333333333334,0.25,0.6666666666666666,0.75,0.4166666666666667,0.75,0.5833333333333334,0.75,0.3333333333333333,0.5,0.5,0.6666666666666666],"eval_acc":[0.4693140794223827,0.4620938628158845,0.4620938628158845,0.47653429602888087,0.4729241877256318,0.4693140794223827,0.47653429602888087,0.47653429602888087,0.4729241877256318,0.4729241877256318,0.4729241877256318,0.4729241877256318,0.4729241877256318,0.4729241877256318,0.4729241877256318,0.4729241877256318,0.4729241877256318,0.4729241877256318,0.4729241877256318,0.4729241877256318]}
[Eval] Epoch:  11, Total:    277, Accuracy : 0.4729, Loss: 0.6959
277 131 3.474704325199127
