pruned_3_0.02_model_0
DatasetDict({
    train: Dataset({
        features: ['sentence1', 'sentence2', 'label', 'indexes'],
        num_rows: 49
    })
    validation: Dataset({
        features: ['sentence1', 'sentence2', 'label', 'indexes'],
        num_rows: 277
    })
    test: Dataset({
        features: ['sentence1', 'sentence2', 'label', 'indexes'],
        num_rows: 3000
    })
})
[Train] Epoch:   0, Total:     49, Accuracy : 0.5714, Loss: 0.7010
[Eval] Epoch:   0, Total:    277, Accuracy : 0.4729, Loss: 0.7295
[Train] Epoch:   1, Total:     49, Accuracy : 0.5714, Loss: 0.7080
[Eval] Epoch:   1, Total:    277, Accuracy : 0.4729, Loss: 0.7293
[Train] Epoch:   2, Total:     49, Accuracy : 0.5714, Loss: 0.6798
[Eval] Epoch:   2, Total:    277, Accuracy : 0.4729, Loss: 0.7289
[Train] Epoch:   3, Total:     49, Accuracy : 0.5714, Loss: 0.6900
[Eval] Epoch:   3, Total:    277, Accuracy : 0.4729, Loss: 0.7284
[Train] Epoch:   4, Total:     49, Accuracy : 0.5714, Loss: 0.7035
[Eval] Epoch:   4, Total:    277, Accuracy : 0.4729, Loss: 0.7276
[Train] Epoch:   5, Total:     49, Accuracy : 0.5714, Loss: 0.6871
[Eval] Epoch:   5, Total:    277, Accuracy : 0.4729, Loss: 0.7267
[Train] Epoch:   6, Total:     49, Accuracy : 0.5714, Loss: 0.6803
[Eval] Epoch:   6, Total:    277, Accuracy : 0.4729, Loss: 0.7259
[Train] Epoch:   7, Total:     49, Accuracy : 0.5714, Loss: 0.6862
[Eval] Epoch:   7, Total:    277, Accuracy : 0.4729, Loss: 0.7250
[Train] Epoch:   8, Total:     49, Accuracy : 0.5714, Loss: 0.6778
[Eval] Epoch:   8, Total:    277, Accuracy : 0.4729, Loss: 0.7241
[Train] Epoch:   9, Total:     49, Accuracy : 0.5714, Loss: 0.6866
[Eval] Epoch:   9, Total:    277, Accuracy : 0.4729, Loss: 0.7232
[Train] Epoch:  10, Total:     49, Accuracy : 0.5714, Loss: 0.6834
[Eval] Epoch:  10, Total:    277, Accuracy : 0.4729, Loss: 0.7223
[Train] Epoch:  11, Total:     49, Accuracy : 0.5714, Loss: 0.6732
[Eval] Epoch:  11, Total:    277, Accuracy : 0.4729, Loss: 0.7217
[Train] Epoch:  12, Total:     49, Accuracy : 0.5714, Loss: 0.6899
[Eval] Epoch:  12, Total:    277, Accuracy : 0.4729, Loss: 0.7209
[Train] Epoch:  13, Total:     49, Accuracy : 0.5714, Loss: 0.6799
[Eval] Epoch:  13, Total:    277, Accuracy : 0.4729, Loss: 0.7202
[Train] Epoch:  14, Total:     49, Accuracy : 0.5714, Loss: 0.6625
[Eval] Epoch:  14, Total:    277, Accuracy : 0.4729, Loss: 0.7200
[Train] Epoch:  15, Total:     49, Accuracy : 0.5714, Loss: 0.6880
[Eval] Epoch:  15, Total:    277, Accuracy : 0.4729, Loss: 0.7198
[Train] Epoch:  16, Total:     49, Accuracy : 0.5714, Loss: 0.6732
[Eval] Epoch:  16, Total:    277, Accuracy : 0.4729, Loss: 0.7200
[Train] Epoch:  17, Total:     49, Accuracy : 0.5714, Loss: 0.6671
[Eval] Epoch:  17, Total:    277, Accuracy : 0.4729, Loss: 0.7207
[Train] Epoch:  18, Total:     49, Accuracy : 0.5714, Loss: 0.6742
[Eval] Epoch:  18, Total:    277, Accuracy : 0.4729, Loss: 0.7218
[Train] Epoch:  19, Total:     49, Accuracy : 0.5714, Loss: 0.6708
[Eval] Epoch:  19, Total:    277, Accuracy : 0.4729, Loss: 0.7231
{"epoch":[1,2,3,4,5,6,7,8,9,10,11,12,13,14,15,16,17,18,19,20],"train_loss":[0.7010020613670349,0.7080047726631165,0.6798434853553772,0.6900378465652466,0.7034558653831482,0.6870875358581543,0.6802855730056763,0.6862037181854248,0.6777814626693726,0.6865503787994385,0.6833636164665222,0.6732223629951477,0.6898927688598633,0.6798858642578125,0.6625358462333679,0.6879903078079224,0.6732023358345032,0.6671439409255981,0.6742091178894043,0.6707891225814819],"eval_loss":[0.7163299798965455,0.7161564111709595,0.7158806562423706,0.7154973864555358,0.7149267792701721,0.7142762780189514,0.7136734366416931,0.7130494475364685,0.7124025344848632,0.7117372274398803,0.7111170053482055,0.7106735229492187,0.710096561908722,0.7095815300941467,0.7094353914260865,0.7092555522918701,0.7093550801277161,0.7098218679428101,0.7105049371719361,0.711405086517334],"train_acc":[0.5714285714285714,0.5714285714285714,0.5714285714285714,0.5714285714285714,0.5714285714285714,0.5714285714285714,0.5714285714285714,0.5714285714285714,0.5714285714285714,0.5714285714285714,0.5714285714285714,0.5714285714285714,0.5714285714285714,0.5714285714285714,0.5714285714285714,0.5714285714285714,0.5714285714285714,0.5714285714285714,0.5714285714285714,0.5714285714285714],"eval_acc":[0.4729241877256318,0.4729241877256318,0.4729241877256318,0.4729241877256318,0.4729241877256318,0.4729241877256318,0.4729241877256318,0.4729241877256318,0.4729241877256318,0.4729241877256318,0.4729241877256318,0.4729241877256318,0.4729241877256318,0.4729241877256318,0.4729241877256318,0.4729241877256318,0.4729241877256318,0.4729241877256318,0.4729241877256318,0.4729241877256318]}
[Eval] Epoch:  11, Total:    277, Accuracy : 0.4729, Loss: 0.7231
277 131 3.55702543258667
