pruned_3_0.25_model_0
DatasetDict({
    train: Dataset({
        features: ['sentence1', 'sentence2', 'label', 'indexes'],
        num_rows: 622
    })
    validation: Dataset({
        features: ['sentence1', 'sentence2', 'label', 'indexes'],
        num_rows: 277
    })
    test: Dataset({
        features: ['sentence1', 'sentence2', 'label', 'indexes'],
        num_rows: 3000
    })
})
[Train] Epoch:   0, Total:    622, Accuracy : 0.4791, Loss: 0.6985
[Eval] Epoch:   0, Total:    277, Accuracy : 0.5271, Loss: 0.6865
[Train] Epoch:   1, Total:    622, Accuracy : 0.4678, Loss: 0.6997
[Eval] Epoch:   1, Total:    277, Accuracy : 0.4729, Loss: 0.6968
[Train] Epoch:   2, Total:    622, Accuracy : 0.5113, Loss: 0.7082
[Eval] Epoch:   2, Total:    277, Accuracy : 0.4729, Loss: 0.7044
[Train] Epoch:   3, Total:    622, Accuracy : 0.5161, Loss: 0.6957
[Eval] Epoch:   3, Total:    277, Accuracy : 0.5199, Loss: 0.6935
[Train] Epoch:   4, Total:    622, Accuracy : 0.5386, Loss: 0.6948
[Eval] Epoch:   4, Total:    277, Accuracy : 0.4729, Loss: 0.6965
[Train] Epoch:   5, Total:    622, Accuracy : 0.5354, Loss: 0.7089
[Eval] Epoch:   5, Total:    277, Accuracy : 0.5090, Loss: 0.6954
[Train] Epoch:   6, Total:    622, Accuracy : 0.6720, Loss: 0.5479
[Eval] Epoch:   6, Total:    277, Accuracy : 0.5848, Loss: 0.5795
[Train] Epoch:   7, Total:    622, Accuracy : 0.7765, Loss: 0.4644
[Eval] Epoch:   7, Total:    277, Accuracy : 0.6209, Loss: 0.5053
[Train] Epoch:   8, Total:    622, Accuracy : 0.8601, Loss: 0.3117
[Eval] Epoch:   8, Total:    277, Accuracy : 0.6318, Loss: 0.5284
[Train] Epoch:   9, Total:    622, Accuracy : 0.9035, Loss: 0.2187
[Eval] Epoch:   9, Total:    277, Accuracy : 0.6390, Loss: 0.5923
[Train] Epoch:  10, Total:    622, Accuracy : 0.9582, Loss: 0.2758
[Eval] Epoch:  10, Total:    277, Accuracy : 0.6426, Loss: 0.6093
[Train] Epoch:  11, Total:    622, Accuracy : 0.9566, Loss: 0.1422
[Eval] Epoch:  11, Total:    277, Accuracy : 0.6462, Loss: 0.5980
[Train] Epoch:  12, Total:    622, Accuracy : 0.9502, Loss: 0.2031
[Eval] Epoch:  12, Total:    277, Accuracy : 0.6282, Loss: 1.0534
[Train] Epoch:  13, Total:    622, Accuracy : 0.9791, Loss: 0.0531
[Eval] Epoch:  13, Total:    277, Accuracy : 0.6462, Loss: 0.9093
[Train] Epoch:  14, Total:    622, Accuracy : 0.9904, Loss: 0.0168
[Eval] Epoch:  14, Total:    277, Accuracy : 0.6245, Loss: 1.0213
[Train] Epoch:  15, Total:    622, Accuracy : 0.9984, Loss: 0.0072
[Eval] Epoch:  15, Total:    277, Accuracy : 0.6390, Loss: 1.4511
[Train] Epoch:  16, Total:    622, Accuracy : 0.9968, Loss: 0.0083
[Eval] Epoch:  16, Total:    277, Accuracy : 0.6318, Loss: 1.5485
[Train] Epoch:  17, Total:    622, Accuracy : 0.9984, Loss: 0.0037
[Eval] Epoch:  17, Total:    277, Accuracy : 0.6173, Loss: 1.5731
[Train] Epoch:  18, Total:    622, Accuracy : 1.0000, Loss: 0.0030
[Eval] Epoch:  18, Total:    277, Accuracy : 0.6173, Loss: 1.6102
[Train] Epoch:  19, Total:    622, Accuracy : 0.9984, Loss: 0.0037
[Eval] Epoch:  19, Total:    277, Accuracy : 0.6209, Loss: 1.6092
{"epoch":[1,2,3,4,5,6,7,8,9,10,11,12,13,14,15,16,17,18,19,20],"train_loss":[0.7007011711597443,0.6973569989204407,0.6943526864051819,0.6932935357093811,0.6923867166042328,0.6864871978759766,0.6383933246135711,0.5129447191953659,0.35913321375846863,0.26808775812387464,0.1855781629681587,0.15710182785987853,0.16534028500318526,0.08208455555140973,0.03588512847200036,0.014759442117065192,0.011322598438709974,0.009774882462807,0.0031932747922837736,0.004868134087882936],"eval_loss":[0.6908347010612488,0.694599449634552,0.698957908153534,0.6926894664764405,0.6938384652137757,0.6916761517524719,0.6645365953445435,0.6755104899406433,0.7345435500144959,0.7721507668495178,0.8440219759941101,0.8470943689346313,1.1452316761016845,1.1502100229263306,1.492669129371643,1.575840997695923,1.6825236558914185,1.829341459274292,1.8534641981124877,1.860231614112854],"train_acc":[0.4790996784565916,0.4678456591639871,0.5112540192926045,0.5160771704180064,0.5385852090032154,0.5353697749196141,0.6720257234726688,0.7765273311897106,0.860128617363344,0.9035369774919614,0.9581993569131833,0.9565916398713826,0.9501607717041801,0.9790996784565916,0.9903536977491961,0.9983922829581994,0.9967845659163987,0.9983922829581994,1.0,0.9983922829581994],"eval_acc":[0.5270758122743683,0.4729241877256318,0.4729241877256318,0.51985559566787,0.4729241877256318,0.5090252707581228,0.5848375451263538,0.6209386281588448,0.631768953068592,0.6389891696750902,0.6425992779783394,0.6462093862815884,0.628158844765343,0.6462093862815884,0.6245487364620939,0.6389891696750902,0.631768953068592,0.6173285198555957,0.6173285198555957,0.6209386281588448]}
[Eval] Epoch:  11, Total:    277, Accuracy : 0.6209, Loss: 1.6092
277 172 9.30115807056427
