pruned_1_0.005_model_0
DatasetDict({
    train: Dataset({
        features: ['sentence1', 'sentence2', 'label', 'indexes'],
        num_rows: 12
    })
    validation: Dataset({
        features: ['sentence1', 'sentence2', 'label', 'indexes'],
        num_rows: 277
    })
    test: Dataset({
        features: ['sentence1', 'sentence2', 'label', 'indexes'],
        num_rows: 3000
    })
})
[Train] Epoch:   0, Total:     12, Accuracy : 0.6667, Loss: 0.6861
[Eval] Epoch:   0, Total:    277, Accuracy : 0.5271, Loss: 0.6896
[Train] Epoch:   1, Total:     12, Accuracy : 0.5833, Loss: 0.6951
[Eval] Epoch:   1, Total:    277, Accuracy : 0.5271, Loss: 0.6895
[Train] Epoch:   2, Total:     12, Accuracy : 0.5833, Loss: 0.6888
[Eval] Epoch:   2, Total:    277, Accuracy : 0.5271, Loss: 0.6893
[Train] Epoch:   3, Total:     12, Accuracy : 0.6667, Loss: 0.6886
[Eval] Epoch:   3, Total:    277, Accuracy : 0.5271, Loss: 0.6890
[Train] Epoch:   4, Total:     12, Accuracy : 0.6667, Loss: 0.6894
[Eval] Epoch:   4, Total:    277, Accuracy : 0.5271, Loss: 0.6887
[Train] Epoch:   5, Total:     12, Accuracy : 0.5000, Loss: 0.6923
[Eval] Epoch:   5, Total:    277, Accuracy : 0.5271, Loss: 0.6883
[Train] Epoch:   6, Total:     12, Accuracy : 0.6667, Loss: 0.6770
[Eval] Epoch:   6, Total:    277, Accuracy : 0.5271, Loss: 0.6878
[Train] Epoch:   7, Total:     12, Accuracy : 0.6667, Loss: 0.6724
[Eval] Epoch:   7, Total:    277, Accuracy : 0.5271, Loss: 0.6873
[Train] Epoch:   8, Total:     12, Accuracy : 0.6667, Loss: 0.6815
[Eval] Epoch:   8, Total:    277, Accuracy : 0.5271, Loss: 0.6867
[Train] Epoch:   9, Total:     12, Accuracy : 0.6667, Loss: 0.6665
[Eval] Epoch:   9, Total:    277, Accuracy : 0.5271, Loss: 0.6861
[Train] Epoch:  10, Total:     12, Accuracy : 0.6667, Loss: 0.6688
[Eval] Epoch:  10, Total:    277, Accuracy : 0.5271, Loss: 0.6854
[Train] Epoch:  11, Total:     12, Accuracy : 0.6667, Loss: 0.6778
[Eval] Epoch:  11, Total:    277, Accuracy : 0.5271, Loss: 0.6847
[Train] Epoch:  12, Total:     12, Accuracy : 0.6667, Loss: 0.6602
[Eval] Epoch:  12, Total:    277, Accuracy : 0.5271, Loss: 0.6840
[Train] Epoch:  13, Total:     12, Accuracy : 0.6667, Loss: 0.6534
[Eval] Epoch:  13, Total:    277, Accuracy : 0.5271, Loss: 0.6834
[Train] Epoch:  14, Total:     12, Accuracy : 0.6667, Loss: 0.6602
[Eval] Epoch:  14, Total:    277, Accuracy : 0.5271, Loss: 0.6828
[Train] Epoch:  15, Total:     12, Accuracy : 0.6667, Loss: 0.6477
[Eval] Epoch:  15, Total:    277, Accuracy : 0.5271, Loss: 0.6823
[Train] Epoch:  16, Total:     12, Accuracy : 0.6667, Loss: 0.6701
[Eval] Epoch:  16, Total:    277, Accuracy : 0.5271, Loss: 0.6819
[Train] Epoch:  17, Total:     12, Accuracy : 0.6667, Loss: 0.6588
[Eval] Epoch:  17, Total:    277, Accuracy : 0.5271, Loss: 0.6817
[Train] Epoch:  18, Total:     12, Accuracy : 0.6667, Loss: 0.6464
[Eval] Epoch:  18, Total:    277, Accuracy : 0.5271, Loss: 0.6817
[Train] Epoch:  19, Total:     12, Accuracy : 0.6667, Loss: 0.6614
[Eval] Epoch:  19, Total:    277, Accuracy : 0.5271, Loss: 0.6819
{"epoch":[1,2,3,4,5,6,7,8,9,10,11,12,13,14,15,16,17,18,19,20],"train_loss":[0.6860909461975098,0.6951022744178772,0.6887750625610352,0.6885762214660645,0.6894288659095764,0.6923077702522278,0.6770054697990417,0.67244952917099,0.681541383266449,0.6664584279060364,0.6687566637992859,0.6777921319007874,0.6602253317832947,0.6533758640289307,0.6602091193199158,0.6476690173149109,0.6700994372367859,0.6587644219398499,0.6464464664459229,0.6614324450492859],"eval_loss":[0.6918470382690429,0.6918110370635986,0.6917489171028137,0.69167001247406,0.6915706634521485,0.6914557695388794,0.6913336753845215,0.6912145972251892,0.6911080241203308,0.691029167175293,0.6909963011741638,0.6910330891609192,0.6911636829376221,0.691417109966278,0.691828978061676,0.6924219727516174,0.6931581735610962,0.6940918803215027,0.6953577637672425,0.6968728303909302],"train_acc":[0.6666666666666666,0.5833333333333334,0.5833333333333334,0.6666666666666666,0.6666666666666666,0.5,0.6666666666666666,0.6666666666666666,0.6666666666666666,0.6666666666666666,0.6666666666666666,0.6666666666666666,0.6666666666666666,0.6666666666666666,0.6666666666666666,0.6666666666666666,0.6666666666666666,0.6666666666666666,0.6666666666666666,0.6666666666666666],"eval_acc":[0.5270758122743683,0.5270758122743683,0.5270758122743683,0.5270758122743683,0.5270758122743683,0.5270758122743683,0.5270758122743683,0.5270758122743683,0.5270758122743683,0.5270758122743683,0.5270758122743683,0.5270758122743683,0.5270758122743683,0.5270758122743683,0.5270758122743683,0.5270758122743683,0.5270758122743683,0.5270758122743683,0.5270758122743683,0.5270758122743683]}
[Eval] Epoch:  11, Total:    277, Accuracy : 0.5271, Loss: 0.6819
277 146 3.484364151954651
