random_0.3_model_0
DatasetDict({
    train: Dataset({
        features: ['sentence1', 'sentence2', 'label', 'indexes'],
        num_rows: 747
    })
    validation: Dataset({
        features: ['sentence1', 'sentence2', 'label', 'indexes'],
        num_rows: 277
    })
    test: Dataset({
        features: ['sentence1', 'sentence2', 'label', 'indexes'],
        num_rows: 3000
    })
})
[Train] Epoch:   0, Total:    747, Accuracy : 0.4953, Loss: 0.6947
[Eval] Epoch:   0, Total:    277, Accuracy : 0.4729, Loss: 0.6970
[Train] Epoch:   1, Total:    747, Accuracy : 0.5181, Loss: 0.6938
[Eval] Epoch:   1, Total:    277, Accuracy : 0.5271, Loss: 0.6897
[Train] Epoch:   2, Total:    747, Accuracy : 0.5087, Loss: 0.6882
[Eval] Epoch:   2, Total:    277, Accuracy : 0.5271, Loss: 0.6913
[Train] Epoch:   3, Total:    747, Accuracy : 0.5382, Loss: 0.7246
[Eval] Epoch:   3, Total:    277, Accuracy : 0.4874, Loss: 0.6962
[Train] Epoch:   4, Total:    747, Accuracy : 0.5582, Loss: 0.6830
[Eval] Epoch:   4, Total:    277, Accuracy : 0.5343, Loss: 0.7141
[Train] Epoch:   5, Total:    747, Accuracy : 0.6278, Loss: 0.6626
[Eval] Epoch:   5, Total:    277, Accuracy : 0.5812, Loss: 0.6613
[Train] Epoch:   6, Total:    747, Accuracy : 0.7229, Loss: 0.4988
[Eval] Epoch:   6, Total:    277, Accuracy : 0.5884, Loss: 0.6561
[Train] Epoch:   7, Total:    747, Accuracy : 0.8086, Loss: 0.4349
[Eval] Epoch:   7, Total:    277, Accuracy : 0.5884, Loss: 0.6540
[Train] Epoch:   8, Total:    747, Accuracy : 0.8795, Loss: 0.2345
[Eval] Epoch:   8, Total:    277, Accuracy : 0.6101, Loss: 0.5944
[Train] Epoch:   9, Total:    747, Accuracy : 0.9116, Loss: 0.2803
[Eval] Epoch:   9, Total:    277, Accuracy : 0.6426, Loss: 0.8164
[Train] Epoch:  10, Total:    747, Accuracy : 0.9237, Loss: 0.2740
[Eval] Epoch:  10, Total:    277, Accuracy : 0.6137, Loss: 0.6332
[Train] Epoch:  11, Total:    747, Accuracy : 0.9344, Loss: 0.2321
[Eval] Epoch:  11, Total:    277, Accuracy : 0.6209, Loss: 0.6583
[Train] Epoch:  12, Total:    747, Accuracy : 0.8220, Loss: 0.4450
[Eval] Epoch:  12, Total:    277, Accuracy : 0.6101, Loss: 0.8725
[Train] Epoch:  13, Total:    747, Accuracy : 0.9277, Loss: 0.2585
[Eval] Epoch:  13, Total:    277, Accuracy : 0.6282, Loss: 0.9498
[Train] Epoch:  14, Total:    747, Accuracy : 0.9746, Loss: 0.0418
[Eval] Epoch:  14, Total:    277, Accuracy : 0.6426, Loss: 1.2928
[Train] Epoch:  15, Total:    747, Accuracy : 0.9853, Loss: 0.0750
[Eval] Epoch:  15, Total:    277, Accuracy : 0.6462, Loss: 1.3195
[Train] Epoch:  16, Total:    747, Accuracy : 0.9920, Loss: 0.0093
[Eval] Epoch:  16, Total:    277, Accuracy : 0.6354, Loss: 1.5201
[Train] Epoch:  17, Total:    747, Accuracy : 0.9960, Loss: 0.0128
[Eval] Epoch:  17, Total:    277, Accuracy : 0.6390, Loss: 1.6322
[Train] Epoch:  18, Total:    747, Accuracy : 0.9973, Loss: 0.0066
[Eval] Epoch:  18, Total:    277, Accuracy : 0.6390, Loss: 1.7703
[Train] Epoch:  19, Total:    747, Accuracy : 0.9973, Loss: 0.0072
[Eval] Epoch:  19, Total:    277, Accuracy : 0.6390, Loss: 1.7346
{"epoch":[1,2,3,4,5,6,7,8,9,10,11,12,13,14,15,16,17,18,19,20],"train_loss":[0.6918402910232544,0.6921543627977371,0.6935928016901016,0.6933151731888453,0.6831207821766535,0.6463034699360529,0.563488577802976,0.4392471065123876,0.31178293252984685,0.249489177018404,0.20929556526243687,0.2007482908666134,0.41582588106393814,0.21064094454050064,0.09882577663908403,0.051036597384760775,0.028455614500368636,0.021126949577592313,0.011481650018443664,0.01154491410125047],"eval_loss":[0.6948423624038697,0.6916719317436218,0.6918737888336182,0.6928494930267334,0.6938729405403137,0.6813492894172668,0.7017796277999878,0.7334384560585022,0.798510468006134,0.9652941107749939,0.8402678847312928,0.853389048576355,1.0116147160530091,1.1065591096878051,1.185862410068512,1.4223253965377807,1.6240817785263062,1.6158233404159545,1.6796106100082397,1.6696515321731566],"train_acc":[0.49531459170013387,0.5180722891566265,0.5087014725568942,0.5381526104417671,0.5582329317269076,0.6278447121820616,0.7228915662650602,0.8085676037483266,0.8795180722891566,0.9116465863453815,0.9236947791164659,0.9344042838018741,0.821954484605087,0.927710843373494,0.9745649263721553,0.9852744310575636,0.9919678714859438,0.9959839357429718,0.9973226238286479,0.9973226238286479],"eval_acc":[0.4729241877256318,0.5270758122743683,0.5270758122743683,0.48736462093862815,0.5342960288808665,0.5812274368231047,0.5884476534296029,0.5884476534296029,0.6101083032490975,0.6425992779783394,0.6137184115523465,0.6209386281588448,0.6101083032490975,0.628158844765343,0.6425992779783394,0.6462093862815884,0.6353790613718412,0.6389891696750902,0.6389891696750902,0.6389891696750902]}
[Eval] Epoch:  11, Total:    277, Accuracy : 0.6390, Loss: 1.7346
277 177 8.348257660865784
