pruned_2_0.03_model_0
DatasetDict({
    train: Dataset({
        features: ['sentence1', 'sentence2', 'label', 'indexes'],
        num_rows: 74
    })
    validation: Dataset({
        features: ['sentence1', 'sentence2', 'label', 'indexes'],
        num_rows: 277
    })
    test: Dataset({
        features: ['sentence1', 'sentence2', 'label', 'indexes'],
        num_rows: 3000
    })
})
[Train] Epoch:   0, Total:     74, Accuracy : 0.5405, Loss: 0.6870
[Eval] Epoch:   0, Total:    277, Accuracy : 0.4729, Loss: 0.6959
[Train] Epoch:   1, Total:     74, Accuracy : 0.5000, Loss: 0.6839
[Eval] Epoch:   1, Total:    277, Accuracy : 0.4729, Loss: 0.6967
[Train] Epoch:   2, Total:     74, Accuracy : 0.5676, Loss: 0.7037
[Eval] Epoch:   2, Total:    277, Accuracy : 0.4729, Loss: 0.6981
[Train] Epoch:   3, Total:     74, Accuracy : 0.6081, Loss: 0.6830
[Eval] Epoch:   3, Total:    277, Accuracy : 0.4729, Loss: 0.7002
[Train] Epoch:   4, Total:     74, Accuracy : 0.6081, Loss: 0.6584
[Eval] Epoch:   4, Total:    277, Accuracy : 0.4729, Loss: 0.7032
[Train] Epoch:   5, Total:     74, Accuracy : 0.6081, Loss: 0.6826
[Eval] Epoch:   5, Total:    277, Accuracy : 0.4729, Loss: 0.7071
[Train] Epoch:   6, Total:     74, Accuracy : 0.6081, Loss: 0.6894
[Eval] Epoch:   6, Total:    277, Accuracy : 0.4729, Loss: 0.7117
[Train] Epoch:   7, Total:     74, Accuracy : 0.6081, Loss: 0.6871
[Eval] Epoch:   7, Total:    277, Accuracy : 0.4729, Loss: 0.7167
[Train] Epoch:   8, Total:     74, Accuracy : 0.6081, Loss: 0.6499
[Eval] Epoch:   8, Total:    277, Accuracy : 0.4729, Loss: 0.7226
[Train] Epoch:   9, Total:     74, Accuracy : 0.6081, Loss: 0.7436
[Eval] Epoch:   9, Total:    277, Accuracy : 0.4729, Loss: 0.7293
[Train] Epoch:  10, Total:     74, Accuracy : 0.6081, Loss: 0.7135
[Eval] Epoch:  10, Total:    277, Accuracy : 0.4729, Loss: 0.7356
[Train] Epoch:  11, Total:     74, Accuracy : 0.6081, Loss: 0.6001
[Eval] Epoch:  11, Total:    277, Accuracy : 0.4729, Loss: 0.7417
[Train] Epoch:  12, Total:     74, Accuracy : 0.6081, Loss: 0.6304
[Eval] Epoch:  12, Total:    277, Accuracy : 0.4729, Loss: 0.7482
[Train] Epoch:  13, Total:     74, Accuracy : 0.6081, Loss: 0.7060
[Eval] Epoch:  13, Total:    277, Accuracy : 0.4729, Loss: 0.7535
[Train] Epoch:  14, Total:     74, Accuracy : 0.6081, Loss: 0.6880
[Eval] Epoch:  14, Total:    277, Accuracy : 0.4729, Loss: 0.7568
[Train] Epoch:  15, Total:     74, Accuracy : 0.6081, Loss: 0.6776
[Eval] Epoch:  15, Total:    277, Accuracy : 0.4729, Loss: 0.7586
[Train] Epoch:  16, Total:     74, Accuracy : 0.6081, Loss: 0.8049
[Eval] Epoch:  16, Total:    277, Accuracy : 0.4729, Loss: 0.7621
[Train] Epoch:  17, Total:     74, Accuracy : 0.6081, Loss: 0.5661
[Eval] Epoch:  17, Total:    277, Accuracy : 0.4729, Loss: 0.7649
[Train] Epoch:  18, Total:     74, Accuracy : 0.6081, Loss: 0.5428
[Eval] Epoch:  18, Total:    277, Accuracy : 0.4729, Loss: 0.7736
[Train] Epoch:  19, Total:     74, Accuracy : 0.6081, Loss: 0.7315
[Eval] Epoch:  19, Total:    277, Accuracy : 0.4729, Loss: 0.7916
{"epoch":[1,2,3,4,5,6,7,8,9,10,11,12,13,14,15,16,17,18,19,20],"train_loss":[0.6888400018215179,0.6870949864387512,0.6974631249904633,0.684596449136734,0.6725694239139557,0.6826204657554626,0.6848591566085815,0.6828623116016388,0.6593710780143738,0.698609471321106,0.6800571084022522,0.6350102722644806,0.65455761551857,0.6909331381320953,0.672246128320694,0.667493999004364,0.7176981568336487,0.6127112805843353,0.6038767993450165,0.6825033724308014],"eval_loss":[0.6940572500228882,0.6944511890411377,0.6951653361320496,0.6962876796722413,0.6979821443557739,0.7003149032592774,0.7032163262367248,0.7064899921417236,0.7105289816856384,0.7151538133621216,0.719660472869873,0.7240785241127015,0.7286830067634582,0.7325899839401245,0.7349676847457886,0.7362437009811401,0.7385074138641358,0.7398092985153198,0.745337724685669,0.758225965499878],"train_acc":[0.5405405405405406,0.5,0.5675675675675675,0.6081081081081081,0.6081081081081081,0.6081081081081081,0.6081081081081081,0.6081081081081081,0.6081081081081081,0.6081081081081081,0.6081081081081081,0.6081081081081081,0.6081081081081081,0.6081081081081081,0.6081081081081081,0.6081081081081081,0.6081081081081081,0.6081081081081081,0.6081081081081081,0.6081081081081081],"eval_acc":[0.4729241877256318,0.4729241877256318,0.4729241877256318,0.4729241877256318,0.4729241877256318,0.4729241877256318,0.4729241877256318,0.4729241877256318,0.4729241877256318,0.4729241877256318,0.4729241877256318,0.4729241877256318,0.4729241877256318,0.4729241877256318,0.4729241877256318,0.4729241877256318,0.4729241877256318,0.4729241877256318,0.4729241877256318,0.4729241877256318]}
[Eval] Epoch:  11, Total:    277, Accuracy : 0.4729, Loss: 0.7916
277 131 3.7911298274993896
