pruned_2_0.2_model_0
DatasetDict({
    train: Dataset({
        features: ['sentence1', 'sentence2', 'label', 'indexes'],
        num_rows: 498
    })
    validation: Dataset({
        features: ['sentence1', 'sentence2', 'label', 'indexes'],
        num_rows: 277
    })
    test: Dataset({
        features: ['sentence1', 'sentence2', 'label', 'indexes'],
        num_rows: 3000
    })
})
[Train] Epoch:   0, Total:    498, Accuracy : 0.5161, Loss: 0.7033
[Eval] Epoch:   0, Total:    277, Accuracy : 0.4729, Loss: 0.7000
[Train] Epoch:   1, Total:    498, Accuracy : 0.4940, Loss: 0.6956
[Eval] Epoch:   1, Total:    277, Accuracy : 0.4729, Loss: 0.6979
[Train] Epoch:   2, Total:    498, Accuracy : 0.5080, Loss: 0.6961
[Eval] Epoch:   2, Total:    277, Accuracy : 0.4729, Loss: 0.6941
[Train] Epoch:   3, Total:    498, Accuracy : 0.5201, Loss: 0.7061
[Eval] Epoch:   3, Total:    277, Accuracy : 0.5271, Loss: 0.6897
[Train] Epoch:   4, Total:    498, Accuracy : 0.5361, Loss: 0.6935
[Eval] Epoch:   4, Total:    277, Accuracy : 0.4765, Loss: 0.6949
[Train] Epoch:   5, Total:    498, Accuracy : 0.5442, Loss: 0.6885
[Eval] Epoch:   5, Total:    277, Accuracy : 0.4982, Loss: 0.6951
[Train] Epoch:   6, Total:    498, Accuracy : 0.6365, Loss: 0.6424
[Eval] Epoch:   6, Total:    277, Accuracy : 0.5921, Loss: 0.6784
[Train] Epoch:   7, Total:    498, Accuracy : 0.7108, Loss: 0.6012
[Eval] Epoch:   7, Total:    277, Accuracy : 0.5884, Loss: 0.6617
[Train] Epoch:   8, Total:    498, Accuracy : 0.7631, Loss: 0.5565
[Eval] Epoch:   8, Total:    277, Accuracy : 0.6245, Loss: 0.5945
[Train] Epoch:   9, Total:    498, Accuracy : 0.8434, Loss: 0.4128
[Eval] Epoch:   9, Total:    277, Accuracy : 0.6498, Loss: 0.4628
[Train] Epoch:  10, Total:    498, Accuracy : 0.8815, Loss: 0.3038
[Eval] Epoch:  10, Total:    277, Accuracy : 0.6606, Loss: 0.6026
[Train] Epoch:  11, Total:    498, Accuracy : 0.9056, Loss: 0.1860
[Eval] Epoch:  11, Total:    277, Accuracy : 0.6787, Loss: 0.4771
[Train] Epoch:  12, Total:    498, Accuracy : 0.9177, Loss: 0.2676
[Eval] Epoch:  12, Total:    277, Accuracy : 0.6679, Loss: 0.4845
[Train] Epoch:  13, Total:    498, Accuracy : 0.8253, Loss: 0.2536
[Eval] Epoch:  13, Total:    277, Accuracy : 0.5993, Loss: 0.7656
[Train] Epoch:  14, Total:    498, Accuracy : 0.8434, Loss: 0.2806
[Eval] Epoch:  14, Total:    277, Accuracy : 0.5957, Loss: 1.0067
[Train] Epoch:  15, Total:    498, Accuracy : 0.8855, Loss: 0.2621
[Eval] Epoch:  15, Total:    277, Accuracy : 0.6498, Loss: 0.5931
[Train] Epoch:  16, Total:    498, Accuracy : 0.9498, Loss: 0.1238
[Eval] Epoch:  16, Total:    277, Accuracy : 0.6679, Loss: 0.6962
[Train] Epoch:  17, Total:    498, Accuracy : 0.9859, Loss: 0.0575
[Eval] Epoch:  17, Total:    277, Accuracy : 0.6462, Loss: 0.7375
[Train] Epoch:  18, Total:    498, Accuracy : 0.9900, Loss: 0.0513
[Eval] Epoch:  18, Total:    277, Accuracy : 0.6498, Loss: 0.6572
[Train] Epoch:  19, Total:    498, Accuracy : 0.9859, Loss: 0.0519
[Eval] Epoch:  19, Total:    277, Accuracy : 0.6606, Loss: 0.6230
{"epoch":[1,2,3,4,5,6,7,8,9,10,11,12,13,14,15,16,17,18,19,20],"train_loss":[0.6923800930380821,0.6947514861822128,0.6915841698646545,0.6936759203672409,0.6917863115668297,0.6882306858897209,0.6733986884355545,0.6198073700070381,0.5195696577429771,0.4001995399594307,0.3251226916909218,0.25869686901569366,0.2448644433170557,0.3968523573130369,0.366844130679965,0.26454369723796844,0.14890783466398716,0.0779647696763277,0.06396338623017073,0.055172023829072714],"eval_loss":[0.6972734808921814,0.6959622383117676,0.6937079906463623,0.6915111780166626,0.6933420896530151,0.6920890927314758,0.6801658391952514,0.6608438491821289,0.6657184004783631,0.6608318865299225,0.7789144277572632,0.7061560928821564,0.716558575630188,0.8824539184570312,1.1024959206581115,0.8683599233627319,0.9325243234634399,1.0269463419914246,1.0393117666244507,1.031053364276886],"train_acc":[0.5160642570281124,0.4939759036144578,0.5080321285140562,0.5200803212851406,0.536144578313253,0.5441767068273092,0.6365461847389559,0.7108433734939759,0.7630522088353414,0.8433734939759037,0.8815261044176707,0.9056224899598394,0.9176706827309237,0.8253012048192772,0.8433734939759037,0.8855421686746988,0.9497991967871486,0.9859437751004017,0.9899598393574297,0.9859437751004017],"eval_acc":[0.4729241877256318,0.4729241877256318,0.4729241877256318,0.5270758122743683,0.47653429602888087,0.4981949458483754,0.592057761732852,0.5884476534296029,0.6245487364620939,0.6498194945848376,0.6606498194945848,0.6787003610108303,0.6678700361010831,0.5992779783393501,0.5956678700361011,0.6498194945848376,0.6678700361010831,0.6462093862815884,0.6498194945848376,0.6606498194945848]}
[Eval] Epoch:  11, Total:    277, Accuracy : 0.6606, Loss: 0.6230
277 183 5.15526682138443
