random_0.1_model_0
DatasetDict({
    train: Dataset({
        features: ['sentence1', 'sentence2', 'label', 'indexes'],
        num_rows: 249
    })
    validation: Dataset({
        features: ['sentence1', 'sentence2', 'label', 'indexes'],
        num_rows: 277
    })
    test: Dataset({
        features: ['sentence1', 'sentence2', 'label', 'indexes'],
        num_rows: 3000
    })
})
[Train] Epoch:   0, Total:    249, Accuracy : 0.4538, Loss: 0.6986
[Eval] Epoch:   0, Total:    277, Accuracy : 0.4729, Loss: 0.6955
[Train] Epoch:   1, Total:    249, Accuracy : 0.4819, Loss: 0.6992
[Eval] Epoch:   1, Total:    277, Accuracy : 0.5054, Loss: 0.6931
[Train] Epoch:   2, Total:    249, Accuracy : 0.5020, Loss: 0.6927
[Eval] Epoch:   2, Total:    277, Accuracy : 0.5271, Loss: 0.6895
[Train] Epoch:   3, Total:    249, Accuracy : 0.5221, Loss: 0.6976
[Eval] Epoch:   3, Total:    277, Accuracy : 0.5271, Loss: 0.6862
[Train] Epoch:   4, Total:    249, Accuracy : 0.5502, Loss: 0.6903
[Eval] Epoch:   4, Total:    277, Accuracy : 0.5271, Loss: 0.6845
[Train] Epoch:   5, Total:    249, Accuracy : 0.5502, Loss: 0.7292
[Eval] Epoch:   5, Total:    277, Accuracy : 0.5271, Loss: 0.6829
[Train] Epoch:   6, Total:    249, Accuracy : 0.5502, Loss: 0.6904
[Eval] Epoch:   6, Total:    277, Accuracy : 0.5271, Loss: 0.6823
[Train] Epoch:   7, Total:    249, Accuracy : 0.5502, Loss: 0.6920
[Eval] Epoch:   7, Total:    277, Accuracy : 0.5271, Loss: 0.6824
[Train] Epoch:   8, Total:    249, Accuracy : 0.5502, Loss: 0.6761
[Eval] Epoch:   8, Total:    277, Accuracy : 0.5271, Loss: 0.6826
[Train] Epoch:   9, Total:    249, Accuracy : 0.5502, Loss: 0.6346
[Eval] Epoch:   9, Total:    277, Accuracy : 0.5271, Loss: 0.6826
[Train] Epoch:  10, Total:    249, Accuracy : 0.5502, Loss: 0.6419
[Eval] Epoch:  10, Total:    277, Accuracy : 0.5271, Loss: 0.6860
[Train] Epoch:  11, Total:    249, Accuracy : 0.5502, Loss: 0.6332
[Eval] Epoch:  11, Total:    277, Accuracy : 0.5307, Loss: 0.7080
[Train] Epoch:  12, Total:    249, Accuracy : 0.6747, Loss: 0.5979
[Eval] Epoch:  12, Total:    277, Accuracy : 0.5668, Loss: 0.7524
[Train] Epoch:  13, Total:    249, Accuracy : 0.7590, Loss: 0.4859
[Eval] Epoch:  13, Total:    277, Accuracy : 0.5523, Loss: 0.8103
[Train] Epoch:  14, Total:    249, Accuracy : 0.7952, Loss: 0.4891
[Eval] Epoch:  14, Total:    277, Accuracy : 0.5740, Loss: 0.8692
[Train] Epoch:  15, Total:    249, Accuracy : 0.8675, Loss: 0.4074
[Eval] Epoch:  15, Total:    277, Accuracy : 0.5740, Loss: 0.8853
[Train] Epoch:  16, Total:    249, Accuracy : 0.8514, Loss: 0.3493
[Eval] Epoch:  16, Total:    277, Accuracy : 0.5776, Loss: 0.9409
[Train] Epoch:  17, Total:    249, Accuracy : 0.9157, Loss: 0.1944
[Eval] Epoch:  17, Total:    277, Accuracy : 0.5740, Loss: 1.0496
[Train] Epoch:  18, Total:    249, Accuracy : 0.9277, Loss: 0.2133
[Eval] Epoch:  18, Total:    277, Accuracy : 0.5884, Loss: 1.0984
[Train] Epoch:  19, Total:    249, Accuracy : 0.9759, Loss: 0.1410
[Eval] Epoch:  19, Total:    277, Accuracy : 0.5776, Loss: 1.1084
{"epoch":[1,2,3,4,5,6,7,8,9,10,11,12,13,14,15,16,17,18,19,20],"train_loss":[0.6957220137119293,0.6968459188938141,0.6922691762447357,0.6922442764043808,0.6887159496545792,0.6921996027231216,0.6873839646577835,0.6877769976854324,0.6780263781547546,0.6777714490890503,0.6685429811477661,0.6461479216814041,0.5984427034854889,0.5352344140410423,0.46169108152389526,0.40915726870298386,0.3801455721259117,0.27479805797338486,0.21522976830601692,0.16181743890047073],"eval_loss":[0.6942364692687988,0.6930344223976135,0.6915247797966003,0.6906270027160645,0.6905094623565674,0.6909525394439697,0.6913792967796326,0.6912049293518067,0.690655243396759,0.690720510482788,0.6973859548568726,0.7131473422050476,0.7056079506874084,0.7761093735694885,0.7919618129730225,0.78991858959198,0.9001235127449035,0.997195589542389,1.1383875370025636,1.0953521728515625],"train_acc":[0.4538152610441767,0.4819277108433735,0.5020080321285141,0.5220883534136547,0.5502008032128514,0.5502008032128514,0.5502008032128514,0.5502008032128514,0.5502008032128514,0.5502008032128514,0.5502008032128514,0.5502008032128514,0.6746987951807228,0.7590361445783133,0.7951807228915663,0.8674698795180723,0.8514056224899599,0.9156626506024096,0.927710843373494,0.9759036144578314],"eval_acc":[0.4729241877256318,0.5054151624548736,0.5270758122743683,0.5270758122743683,0.5270758122743683,0.5270758122743683,0.5270758122743683,0.5270758122743683,0.5270758122743683,0.5270758122743683,0.5270758122743683,0.5306859205776173,0.5667870036101083,0.5523465703971119,0.5740072202166066,0.5740072202166066,0.5776173285198556,0.5740072202166066,0.5884476534296029,0.5776173285198556]}
[Eval] Epoch:  11, Total:    277, Accuracy : 0.5776, Loss: 1.1084
277 160 5.4767608642578125
