pruned_3_0.4_model_0
DatasetDict({
    train: Dataset({
        features: ['sentence1', 'sentence2', 'label', 'indexes'],
        num_rows: 996
    })
    validation: Dataset({
        features: ['sentence1', 'sentence2', 'label', 'indexes'],
        num_rows: 277
    })
    test: Dataset({
        features: ['sentence1', 'sentence2', 'label', 'indexes'],
        num_rows: 3000
    })
})
[Train] Epoch:   0, Total:    996, Accuracy : 0.5110, Loss: 0.6941
[Eval] Epoch:   0, Total:    277, Accuracy : 0.4729, Loss: 0.6988
[Train] Epoch:   1, Total:    996, Accuracy : 0.4980, Loss: 0.7018
[Eval] Epoch:   1, Total:    277, Accuracy : 0.4729, Loss: 0.6957
[Train] Epoch:   2, Total:    996, Accuracy : 0.5231, Loss: 0.6857
[Eval] Epoch:   2, Total:    277, Accuracy : 0.5451, Loss: 0.6921
[Train] Epoch:   3, Total:    996, Accuracy : 0.5131, Loss: 0.7144
[Eval] Epoch:   3, Total:    277, Accuracy : 0.5415, Loss: 0.6699
[Train] Epoch:   4, Total:    996, Accuracy : 0.6687, Loss: 0.5891
[Eval] Epoch:   4, Total:    277, Accuracy : 0.6245, Loss: 0.4753
[Train] Epoch:   5, Total:    996, Accuracy : 0.7319, Loss: 0.5977
[Eval] Epoch:   5, Total:    277, Accuracy : 0.5957, Loss: 0.5750
[Train] Epoch:   6, Total:    996, Accuracy : 0.7942, Loss: 0.4738
[Eval] Epoch:   6, Total:    277, Accuracy : 0.7004, Loss: 0.3613
[Train] Epoch:   7, Total:    996, Accuracy : 0.8685, Loss: 0.3618
[Eval] Epoch:   7, Total:    277, Accuracy : 0.6895, Loss: 0.4518
[Train] Epoch:   8, Total:    996, Accuracy : 0.9127, Loss: 0.2565
[Eval] Epoch:   8, Total:    277, Accuracy : 0.6859, Loss: 0.5218
[Train] Epoch:   9, Total:    996, Accuracy : 0.9458, Loss: 0.0810
[Eval] Epoch:   9, Total:    277, Accuracy : 0.7076, Loss: 0.4250
[Train] Epoch:  10, Total:    996, Accuracy : 0.9528, Loss: 0.1778
[Eval] Epoch:  10, Total:    277, Accuracy : 0.7076, Loss: 0.4604
[Train] Epoch:  11, Total:    996, Accuracy : 0.9378, Loss: 0.2262
[Eval] Epoch:  11, Total:    277, Accuracy : 0.6787, Loss: 0.6021
[Train] Epoch:  12, Total:    996, Accuracy : 0.9367, Loss: 0.1405
[Eval] Epoch:  12, Total:    277, Accuracy : 0.6823, Loss: 0.7024
[Train] Epoch:  13, Total:    996, Accuracy : 0.9639, Loss: 0.2866
[Eval] Epoch:  13, Total:    277, Accuracy : 0.6643, Loss: 0.9607
[Train] Epoch:  14, Total:    996, Accuracy : 0.9749, Loss: 0.0337
[Eval] Epoch:  14, Total:    277, Accuracy : 0.7040, Loss: 0.7442
[Train] Epoch:  15, Total:    996, Accuracy : 0.9829, Loss: 0.0388
[Eval] Epoch:  15, Total:    277, Accuracy : 0.7148, Loss: 1.2566
[Train] Epoch:  16, Total:    996, Accuracy : 0.9890, Loss: 0.0075
[Eval] Epoch:  16, Total:    277, Accuracy : 0.7148, Loss: 0.9935
[Train] Epoch:  17, Total:    996, Accuracy : 0.9920, Loss: 0.1346
[Eval] Epoch:  17, Total:    277, Accuracy : 0.7040, Loss: 1.1644
[Train] Epoch:  18, Total:    996, Accuracy : 0.9920, Loss: 0.0093
[Eval] Epoch:  18, Total:    277, Accuracy : 0.7112, Loss: 1.1278
[Train] Epoch:  19, Total:    996, Accuracy : 0.9950, Loss: 0.0054
[Eval] Epoch:  19, Total:    277, Accuracy : 0.7112, Loss: 1.1573
{"epoch":[1,2,3,4,5,6,7,8,9,10,11,12,13,14,15,16,17,18,19,20],"train_loss":[0.6949878185987473,0.6940813213586807,0.6918768063187599,0.6947472020983696,0.643507793545723,0.5519493632018566,0.4580898117274046,0.32990919426083565,0.25533668510615826,0.19678460666909814,0.17366500850766897,0.194654846098274,0.17875879257917404,0.13162434310652316,0.10183514561504126,0.05660940194502473,0.04911366937449202,0.0359081675123889,0.03162019560113549,0.019627772562671453],"eval_loss":[0.6960473537445069,0.6943112492561341,0.6922909259796143,0.6840997934341431,0.6395592749118805,0.7138699412345886,0.6588051378726959,0.7623793661594391,0.8403653025627136,0.7860583603382111,0.8310212194919586,0.8765874862670898,1.026757550239563,1.2584325075149536,1.0521073579788207,1.2366052150726319,1.3811466455459596,1.533157730102539,1.491116213798523,1.5114299774169921],"train_acc":[0.5110441767068273,0.4979919678714859,0.5230923694779116,0.5130522088353414,0.6686746987951807,0.7319277108433735,0.7941767068273092,0.8684738955823293,0.9126506024096386,0.9457831325301205,0.9528112449799196,0.9377510040160643,0.9367469879518072,0.963855421686747,0.9748995983935743,0.9829317269076305,0.9889558232931727,0.9919678714859438,0.9919678714859438,0.9949799196787149],"eval_acc":[0.4729241877256318,0.4729241877256318,0.5451263537906137,0.5415162454873647,0.6245487364620939,0.5956678700361011,0.7003610108303249,0.6895306859205776,0.6859205776173285,0.7075812274368231,0.7075812274368231,0.6787003610108303,0.6823104693140795,0.6642599277978339,0.703971119133574,0.7148014440433214,0.7148014440433214,0.703971119133574,0.7111913357400722,0.7111913357400722]}
[Eval] Epoch:  11, Total:    277, Accuracy : 0.7112, Loss: 1.1573
277 197 7.557149887084961
