pruned_2_0.1_model_0
DatasetDict({
    train: Dataset({
        features: ['sentence1', 'sentence2', 'label', 'indexes'],
        num_rows: 249
    })
    validation: Dataset({
        features: ['sentence1', 'sentence2', 'label', 'indexes'],
        num_rows: 277
    })
    test: Dataset({
        features: ['sentence1', 'sentence2', 'label', 'indexes'],
        num_rows: 3000
    })
})
[Train] Epoch:   0, Total:    249, Accuracy : 0.5341, Loss: 0.6966
[Eval] Epoch:   0, Total:    277, Accuracy : 0.4332, Loss: 0.6929
[Train] Epoch:   1, Total:    249, Accuracy : 0.4578, Loss: 0.6990
[Eval] Epoch:   1, Total:    277, Accuracy : 0.4368, Loss: 0.6930
[Train] Epoch:   2, Total:    249, Accuracy : 0.5261, Loss: 0.6883
[Eval] Epoch:   2, Total:    277, Accuracy : 0.4693, Loss: 0.6938
[Train] Epoch:   3, Total:    249, Accuracy : 0.5141, Loss: 0.6936
[Eval] Epoch:   3, Total:    277, Accuracy : 0.4729, Loss: 0.6942
[Train] Epoch:   4, Total:    249, Accuracy : 0.4940, Loss: 0.6989
[Eval] Epoch:   4, Total:    277, Accuracy : 0.4729, Loss: 0.6941
[Train] Epoch:   5, Total:    249, Accuracy : 0.5382, Loss: 0.6898
[Eval] Epoch:   5, Total:    277, Accuracy : 0.4729, Loss: 0.6947
[Train] Epoch:   6, Total:    249, Accuracy : 0.5382, Loss: 0.6918
[Eval] Epoch:   6, Total:    277, Accuracy : 0.4729, Loss: 0.6955
[Train] Epoch:   7, Total:    249, Accuracy : 0.5462, Loss: 0.6932
[Eval] Epoch:   7, Total:    277, Accuracy : 0.4729, Loss: 0.6947
[Train] Epoch:   8, Total:    249, Accuracy : 0.5341, Loss: 0.6816
[Eval] Epoch:   8, Total:    277, Accuracy : 0.4729, Loss: 0.6946
[Train] Epoch:   9, Total:    249, Accuracy : 0.5743, Loss: 0.6890
[Eval] Epoch:   9, Total:    277, Accuracy : 0.5235, Loss: 0.6915
[Train] Epoch:  10, Total:    249, Accuracy : 0.6305, Loss: 0.6768
[Eval] Epoch:  10, Total:    277, Accuracy : 0.5560, Loss: 0.6879
[Train] Epoch:  11, Total:    249, Accuracy : 0.6948, Loss: 0.6386
[Eval] Epoch:  11, Total:    277, Accuracy : 0.5487, Loss: 0.6784
[Train] Epoch:  12, Total:    249, Accuracy : 0.7430, Loss: 0.5600
[Eval] Epoch:  12, Total:    277, Accuracy : 0.5451, Loss: 0.7033
[Train] Epoch:  13, Total:    249, Accuracy : 0.7992, Loss: 0.4723
[Eval] Epoch:  13, Total:    277, Accuracy : 0.5451, Loss: 0.7372
[Train] Epoch:  14, Total:    249, Accuracy : 0.8353, Loss: 0.3749
[Eval] Epoch:  14, Total:    277, Accuracy : 0.5379, Loss: 0.7710
[Train] Epoch:  15, Total:    249, Accuracy : 0.8956, Loss: 0.3965
[Eval] Epoch:  15, Total:    277, Accuracy : 0.5632, Loss: 0.7651
[Train] Epoch:  16, Total:    249, Accuracy : 0.8956, Loss: 0.4505
[Eval] Epoch:  16, Total:    277, Accuracy : 0.5343, Loss: 0.8044
[Train] Epoch:  17, Total:    249, Accuracy : 0.9317, Loss: 0.1787
[Eval] Epoch:  17, Total:    277, Accuracy : 0.5884, Loss: 0.8306
[Train] Epoch:  18, Total:    249, Accuracy : 0.9518, Loss: 0.1438
[Eval] Epoch:  18, Total:    277, Accuracy : 0.5343, Loss: 0.8593
[Train] Epoch:  19, Total:    249, Accuracy : 0.9639, Loss: 0.1365
[Eval] Epoch:  19, Total:    277, Accuracy : 0.5451, Loss: 0.8726
{"epoch":[1,2,3,4,5,6,7,8,9,10,11,12,13,14,15,16,17,18,19,20],"train_loss":[0.6920604407787323,0.6954342722892761,0.6915823519229889,0.693573072552681,0.6957322210073471,0.6928443610668182,0.6895670294761658,0.6913475543260574,0.6880136132240295,0.6831847280263901,0.6751859039068222,0.6499934792518616,0.5948361605405807,0.5224089026451111,0.42853139340877533,0.3902949169278145,0.3559948429465294,0.24807294458150864,0.18689725920557976,0.15289175882935524],"eval_loss":[0.6936473727226258,0.6936704754829407,0.6939849972724914,0.6941596388816833,0.6940473556518555,0.6942346334457398,0.6945689797401429,0.6940992474555969,0.6939127326011658,0.692628538608551,0.6904222965240479,0.6855698823928833,0.698718535900116,0.7218911051750183,0.7492784857749939,0.7474422335624695,0.822621202468872,0.8977151989936829,0.9565598130226135,0.9978636741638184],"train_acc":[0.5341365461847389,0.4578313253012048,0.5261044176706827,0.5140562248995983,0.4939759036144578,0.5381526104417671,0.5381526104417671,0.5461847389558233,0.5341365461847389,0.5742971887550201,0.6305220883534136,0.6947791164658634,0.7429718875502008,0.7991967871485943,0.8353413654618473,0.8955823293172691,0.8955823293172691,0.9317269076305221,0.9518072289156626,0.963855421686747],"eval_acc":[0.4332129963898917,0.4368231046931408,0.4693140794223827,0.4729241877256318,0.4729241877256318,0.4729241877256318,0.4729241877256318,0.4729241877256318,0.4729241877256318,0.5234657039711191,0.555956678700361,0.5487364620938628,0.5451263537906137,0.5451263537906137,0.5379061371841155,0.5631768953068592,0.5342960288808665,0.5884476534296029,0.5342960288808665,0.5451263537906137]}
[Eval] Epoch:  11, Total:    277, Accuracy : 0.5451, Loss: 0.8726
277 151 4.989318370819092
