pruned_1_0.4_model_0
DatasetDict({
    train: Dataset({
        features: ['sentence', 'label', 'indexes'],
        num_rows: 3419
    })
    validation: Dataset({
        features: ['sentence', 'label', 'indexes'],
        num_rows: 1043
    })
    test: Dataset({
        features: ['sentence', 'label', 'indexes'],
        num_rows: 1063
    })
})
[Train] Epoch:   0, Total:   3419, Accuracy : 0.3638, Loss: 0.6703
[Eval] Epoch:   0, Total:   1043, Accuracy : 0.6913, Loss: 0.6554
[Train] Epoch:   1, Total:   3419, Accuracy : 0.7075, Loss: 0.6468
[Eval] Epoch:   1, Total:   1043, Accuracy : 0.6913, Loss: 0.4489
[Train] Epoch:   2, Total:   3419, Accuracy : 0.7090, Loss: 0.5777
[Eval] Epoch:   2, Total:   1043, Accuracy : 0.6913, Loss: 0.4548
[Train] Epoch:   3, Total:   3419, Accuracy : 0.7090, Loss: 0.5636
[Eval] Epoch:   3, Total:   1043, Accuracy : 0.6913, Loss: 0.3820
[Train] Epoch:   4, Total:   3419, Accuracy : 0.7675, Loss: 0.3060
[Eval] Epoch:   4, Total:   1043, Accuracy : 0.8044, Loss: 0.4347
[Train] Epoch:   5, Total:   3419, Accuracy : 0.8453, Loss: 0.2855
[Eval] Epoch:   5, Total:   1043, Accuracy : 0.7891, Loss: 0.5084
[Train] Epoch:   6, Total:   3419, Accuracy : 0.8725, Loss: 0.2997
[Eval] Epoch:   6, Total:   1043, Accuracy : 0.8111, Loss: 0.5309
[Train] Epoch:   7, Total:   3419, Accuracy : 0.9008, Loss: 0.2180
[Eval] Epoch:   7, Total:   1043, Accuracy : 0.7900, Loss: 0.6901
[Train] Epoch:   8, Total:   3419, Accuracy : 0.9140, Loss: 0.2541
[Eval] Epoch:   8, Total:   1043, Accuracy : 0.8044, Loss: 0.6093
[Train] Epoch:   9, Total:   3419, Accuracy : 0.9196, Loss: 0.1461
[Eval] Epoch:   9, Total:   1043, Accuracy : 0.8082, Loss: 0.5689
[Train] Epoch:  10, Total:   3419, Accuracy : 0.9266, Loss: 0.1663
[Eval] Epoch:  10, Total:   1043, Accuracy : 0.8073, Loss: 0.5826
[Train] Epoch:  11, Total:   3419, Accuracy : 0.9324, Loss: 0.1917
[Eval] Epoch:  11, Total:   1043, Accuracy : 0.8255, Loss: 0.6546
[Train] Epoch:  12, Total:   3419, Accuracy : 0.9359, Loss: 0.0894
[Eval] Epoch:  12, Total:   1043, Accuracy : 0.7881, Loss: 0.8079
[Train] Epoch:  13, Total:   3419, Accuracy : 0.9436, Loss: 0.1535
[Eval] Epoch:  13, Total:   1043, Accuracy : 0.8121, Loss: 0.7508
[Train] Epoch:  14, Total:   3419, Accuracy : 0.9558, Loss: 0.1354
[Eval] Epoch:  14, Total:   1043, Accuracy : 0.7958, Loss: 0.8304
[Train] Epoch:  15, Total:   3419, Accuracy : 0.9599, Loss: 0.2209
[Eval] Epoch:  15, Total:   1043, Accuracy : 0.8140, Loss: 0.7416
[Train] Epoch:  16, Total:   3419, Accuracy : 0.9669, Loss: 0.1666
[Eval] Epoch:  16, Total:   1043, Accuracy : 0.8015, Loss: 0.8587
[Train] Epoch:  17, Total:   3419, Accuracy : 0.9699, Loss: 0.0601
[Eval] Epoch:  17, Total:   1043, Accuracy : 0.7987, Loss: 0.8849
[Train] Epoch:  18, Total:   3419, Accuracy : 0.9786, Loss: 0.1288
[Eval] Epoch:  18, Total:   1043, Accuracy : 0.8054, Loss: 0.9008
[Train] Epoch:  19, Total:   3419, Accuracy : 0.9763, Loss: 0.0573
[Eval] Epoch:  19, Total:   1043, Accuracy : 0.8054, Loss: 0.9213
{"epoch":[1,2,3,4,5,6,7,8,9,10,11,12,13,14,15,16,17,18,19,20],"train_loss":[0.708131662436894,0.6336350781576974,0.5965656425271716,0.551440145288195,0.4523065005029951,0.3882771666560854,0.32496229878493715,0.26659312950713293,0.24335737419979914,0.22453778024230683,0.20703481882810593,0.20321257731744222,0.18113893483366286,0.15989328495093755,0.13483843633106776,0.12823954756770814,0.10622205026447773,0.09739136642643384,0.08166093432477542,0.0755378037158932],"eval_loss":[0.6708138108253479,0.5893284916877747,0.5636232256889343,0.5103901863098145,0.5334405422210693,0.6043674111366272,0.5163139581680298,0.6472460985183716,0.5902413785457611,0.573402613401413,0.5830271542072296,0.5855528354644776,0.7530796647071838,0.6620610237121582,0.7614012479782104,0.6789209306240082,0.7349665105342865,0.7489308714866638,0.754301106929779,0.7688844978809357],"train_acc":[0.363849078677976,0.7075168177829775,0.7089792336940626,0.7089792336940626,0.7674758701374671,0.8452763966071951,0.8724773325533782,0.9008482012284293,0.9140099444281954,0.9195671248903188,0.9265867212635274,0.9324363849078678,0.9359461830944721,0.9435507458321146,0.9558350394852296,0.9599298040362679,0.9669494004094764,0.9698742322316467,0.9786487276981574,0.9763088622404211],"eval_acc":[0.6912751677852349,0.6912751677852349,0.6912751677852349,0.6912751677852349,0.8044103547459253,0.7890699904122723,0.8111217641418984,0.7900287631831256,0.8044103547459253,0.8082454458293384,0.8072866730584851,0.825503355704698,0.788111217641419,0.8120805369127517,0.7957813998082455,0.8139980824544583,0.8015340364333653,0.7986577181208053,0.8053691275167785,0.8053691275167785]}
[Eval] Epoch:  11, Total:   1043, Accuracy : 0.8054, Loss: 0.9213
1043 840 3.8444224894046783
