pruned_3_0.2_model_0
DatasetDict({
    train: Dataset({
        features: ['sentence', 'label', 'indexes'],
        num_rows: 1710
    })
    validation: Dataset({
        features: ['sentence', 'label', 'indexes'],
        num_rows: 1043
    })
    test: Dataset({
        features: ['sentence', 'label', 'indexes'],
        num_rows: 1063
    })
})
[Train] Epoch:   0, Total:   1710, Accuracy : 0.7023, Loss: 0.6588
[Eval] Epoch:   0, Total:   1043, Accuracy : 0.6913, Loss: 0.6198
[Train] Epoch:   1, Total:   1710, Accuracy : 0.7023, Loss: 0.6250
[Eval] Epoch:   1, Total:   1043, Accuracy : 0.6913, Loss: 0.5703
[Train] Epoch:   2, Total:   1710, Accuracy : 0.7023, Loss: 0.6405
[Eval] Epoch:   2, Total:   1043, Accuracy : 0.6913, Loss: 0.4853
[Train] Epoch:   3, Total:   1710, Accuracy : 0.7023, Loss: 0.6393
[Eval] Epoch:   3, Total:   1043, Accuracy : 0.6913, Loss: 0.4511
[Train] Epoch:   4, Total:   1710, Accuracy : 0.7023, Loss: 0.6475
[Eval] Epoch:   4, Total:   1043, Accuracy : 0.6913, Loss: 0.5037
[Train] Epoch:   5, Total:   1710, Accuracy : 0.7023, Loss: 0.6543
[Eval] Epoch:   5, Total:   1043, Accuracy : 0.6913, Loss: 0.4617
[Train] Epoch:   6, Total:   1710, Accuracy : 0.7023, Loss: 0.5173
[Eval] Epoch:   6, Total:   1043, Accuracy : 0.6913, Loss: 0.4534
[Train] Epoch:   7, Total:   1710, Accuracy : 0.7023, Loss: 0.4972
[Eval] Epoch:   7, Total:   1043, Accuracy : 0.6913, Loss: 0.3941
[Train] Epoch:   8, Total:   1710, Accuracy : 0.7322, Loss: 0.4332
[Eval] Epoch:   8, Total:   1043, Accuracy : 0.7546, Loss: 0.3981
[Train] Epoch:   9, Total:   1710, Accuracy : 0.8433, Loss: 0.3596
[Eval] Epoch:   9, Total:   1043, Accuracy : 0.7939, Loss: 0.3935
[Train] Epoch:  10, Total:   1710, Accuracy : 0.8895, Loss: 0.3227
[Eval] Epoch:  10, Total:   1043, Accuracy : 0.7718, Loss: 0.5630
[Train] Epoch:  11, Total:   1710, Accuracy : 0.9047, Loss: 0.3314
[Eval] Epoch:  11, Total:   1043, Accuracy : 0.7987, Loss: 0.3958
[Train] Epoch:  12, Total:   1710, Accuracy : 0.9222, Loss: 0.2633
[Eval] Epoch:  12, Total:   1043, Accuracy : 0.7929, Loss: 0.3980
[Train] Epoch:  13, Total:   1710, Accuracy : 0.9146, Loss: 0.2938
[Eval] Epoch:  13, Total:   1043, Accuracy : 0.7872, Loss: 0.4698
[Train] Epoch:  14, Total:   1710, Accuracy : 0.9199, Loss: 0.2249
[Eval] Epoch:  14, Total:   1043, Accuracy : 0.7852, Loss: 0.3411
[Train] Epoch:  15, Total:   1710, Accuracy : 0.9322, Loss: 0.1872
[Eval] Epoch:  15, Total:   1043, Accuracy : 0.7958, Loss: 0.3746
[Train] Epoch:  16, Total:   1710, Accuracy : 0.9497, Loss: 0.1477
[Eval] Epoch:  16, Total:   1043, Accuracy : 0.7939, Loss: 0.6478
[Train] Epoch:  17, Total:   1710, Accuracy : 0.9485, Loss: 0.1564
[Eval] Epoch:  17, Total:   1043, Accuracy : 0.7891, Loss: 0.6161
[Train] Epoch:  18, Total:   1710, Accuracy : 0.9596, Loss: 0.1362
[Eval] Epoch:  18, Total:   1043, Accuracy : 0.7862, Loss: 0.5934
[Train] Epoch:  19, Total:   1710, Accuracy : 0.9585, Loss: 0.1732
[Eval] Epoch:  19, Total:   1043, Accuracy : 0.7862, Loss: 0.5792
{"epoch":[1,2,3,4,5,6,7,8,9,10,11,12,13,14,15,16,17,18,19,20],"train_loss":[0.6580401659011841,0.6413743921688625,0.6204629455293927,0.6152239612170628,0.6073549815586635,0.6059539658682687,0.572010976927621,0.5271431931427547,0.4470212885311672,0.3923387484891074,0.34861351336751667,0.3218975237437657,0.2835143080779484,0.299542384488242,0.24657450190612248,0.2048897956098829,0.16287443680422647,0.15665319774832046,0.13765115503753936,0.13321713783911296],"eval_loss":[0.6487599611282349,0.6229726552963257,0.590321832895279,0.5867657482624054,0.5875040173530579,0.5722252309322358,0.5381298780441284,0.5196692645549774,0.5007984578609467,0.4923559606075287,0.6538459420204162,0.5394698500633239,0.5588236570358276,0.6671492636203766,0.6643731832504273,0.6270658850669861,0.745796549320221,0.7438648581504822,0.749374270439148,0.7469151616096497],"train_acc":[0.7023391812865497,0.7023391812865497,0.7023391812865497,0.7023391812865497,0.7023391812865497,0.7023391812865497,0.7023391812865497,0.7023391812865497,0.7321637426900585,0.8432748538011696,0.8894736842105263,0.9046783625730994,0.9222222222222223,0.9146198830409357,0.9198830409356725,0.9321637426900585,0.9497076023391813,0.9485380116959065,0.9596491228070175,0.9584795321637427],"eval_acc":[0.6912751677852349,0.6912751677852349,0.6912751677852349,0.6912751677852349,0.6912751677852349,0.6912751677852349,0.6912751677852349,0.6912751677852349,0.7545541706615532,0.7938638542665388,0.7718120805369127,0.7986577181208053,0.7929050814956855,0.7871524448705657,0.785234899328859,0.7957813998082455,0.7938638542665388,0.7890699904122723,0.7861936720997124,0.7861936720997124]}
[Eval] Epoch:  11, Total:   1043, Accuracy : 0.7862, Loss: 0.5792
1043 820 3.7345758080482483
