pruned_2_0.1_model_0
DatasetDict({
    train: Dataset({
        features: ['sentence', 'label', 'indexes'],
        num_rows: 855
    })
    validation: Dataset({
        features: ['sentence', 'label', 'indexes'],
        num_rows: 1043
    })
    test: Dataset({
        features: ['sentence', 'label', 'indexes'],
        num_rows: 1063
    })
})
[Train] Epoch:   0, Total:    855, Accuracy : 0.6105, Loss: 0.6870
[Eval] Epoch:   0, Total:   1043, Accuracy : 0.6913, Loss: 0.6759
[Train] Epoch:   1, Total:    855, Accuracy : 0.6959, Loss: 0.6734
[Eval] Epoch:   1, Total:   1043, Accuracy : 0.6913, Loss: 0.6597
[Train] Epoch:   2, Total:    855, Accuracy : 0.7287, Loss: 0.6553
[Eval] Epoch:   2, Total:   1043, Accuracy : 0.6913, Loss: 0.6331
[Train] Epoch:   3, Total:    855, Accuracy : 0.7263, Loss: 0.6406
[Eval] Epoch:   3, Total:   1043, Accuracy : 0.6913, Loss: 0.5974
[Train] Epoch:   4, Total:    855, Accuracy : 0.7263, Loss: 0.6019
[Eval] Epoch:   4, Total:   1043, Accuracy : 0.6913, Loss: 0.5532
[Train] Epoch:   5, Total:    855, Accuracy : 0.7263, Loss: 0.5956
[Eval] Epoch:   5, Total:   1043, Accuracy : 0.6913, Loss: 0.5024
[Train] Epoch:   6, Total:    855, Accuracy : 0.7263, Loss: 0.5752
[Eval] Epoch:   6, Total:   1043, Accuracy : 0.6913, Loss: 0.4619
[Train] Epoch:   7, Total:    855, Accuracy : 0.7263, Loss: 0.5307
[Eval] Epoch:   7, Total:   1043, Accuracy : 0.6913, Loss: 0.4450
[Train] Epoch:   8, Total:    855, Accuracy : 0.7263, Loss: 0.5136
[Eval] Epoch:   8, Total:   1043, Accuracy : 0.6913, Loss: 0.4397
[Train] Epoch:   9, Total:    855, Accuracy : 0.7263, Loss: 0.6877
[Eval] Epoch:   9, Total:   1043, Accuracy : 0.6913, Loss: 0.4276
[Train] Epoch:  10, Total:    855, Accuracy : 0.7263, Loss: 0.5001
[Eval] Epoch:  10, Total:   1043, Accuracy : 0.6913, Loss: 0.4184
[Train] Epoch:  11, Total:    855, Accuracy : 0.7263, Loss: 0.4022
[Eval] Epoch:  11, Total:   1043, Accuracy : 0.6913, Loss: 0.3867
[Train] Epoch:  12, Total:    855, Accuracy : 0.7310, Loss: 0.4383
[Eval] Epoch:  12, Total:   1043, Accuracy : 0.7133, Loss: 0.3895
[Train] Epoch:  13, Total:    855, Accuracy : 0.8573, Loss: 0.3238
[Eval] Epoch:  13, Total:   1043, Accuracy : 0.7651, Loss: 0.4544
[Train] Epoch:  14, Total:    855, Accuracy : 0.8959, Loss: 0.3130
[Eval] Epoch:  14, Total:   1043, Accuracy : 0.7689, Loss: 0.4602
[Train] Epoch:  15, Total:    855, Accuracy : 0.9099, Loss: 0.3021
[Eval] Epoch:  15, Total:   1043, Accuracy : 0.7689, Loss: 0.4740
[Train] Epoch:  16, Total:    855, Accuracy : 0.9053, Loss: 0.2304
[Eval] Epoch:  16, Total:   1043, Accuracy : 0.7670, Loss: 0.4958
[Train] Epoch:  17, Total:    855, Accuracy : 0.9251, Loss: 0.2233
[Eval] Epoch:  17, Total:   1043, Accuracy : 0.7641, Loss: 0.4984
[Train] Epoch:  18, Total:    855, Accuracy : 0.9380, Loss: 0.1768
[Eval] Epoch:  18, Total:   1043, Accuracy : 0.7670, Loss: 0.5336
[Train] Epoch:  19, Total:    855, Accuracy : 0.9404, Loss: 0.1795
[Eval] Epoch:  19, Total:   1043, Accuracy : 0.7661, Loss: 0.5058
{"epoch":[1,2,3,4,5,6,7,8,9,10,11,12,13,14,15,16,17,18,19,20],"train_loss":[0.6872404664754868,0.6797577887773514,0.6651651412248611,0.6453522592782974,0.6217955648899078,0.6037715822458267,0.5899400562047958,0.5686169117689133,0.550501823425293,0.5649060308933258,0.5033151283860207,0.44409044086933136,0.40357884019613266,0.3296535536646843,0.2987196370959282,0.272429671138525,0.2527993433177471,0.22026247531175613,0.18192870914936066,0.17483112215995789],"eval_loss":[0.6826323747634888,0.6726208567619324,0.6567201852798462,0.6365483403205872,0.6144306898117066,0.5951216101646424,0.5901841700077057,0.5930313408374787,0.5835818409919739,0.5695572793483734,0.5383591711521148,0.5421193599700928,0.5885766506195068,0.5588313698768616,0.5894879043102265,0.5817158639430999,0.5969547986984253,0.6676179945468903,0.6774822294712066,0.7132804036140442],"train_acc":[0.6105263157894737,0.695906432748538,0.7286549707602339,0.7263157894736842,0.7263157894736842,0.7263157894736842,0.7263157894736842,0.7263157894736842,0.7263157894736842,0.7263157894736842,0.7263157894736842,0.7263157894736842,0.7309941520467836,0.8573099415204678,0.895906432748538,0.9099415204678363,0.9052631578947369,0.9251461988304094,0.9380116959064327,0.9403508771929825],"eval_acc":[0.6912751677852349,0.6912751677852349,0.6912751677852349,0.6912751677852349,0.6912751677852349,0.6912751677852349,0.6912751677852349,0.6912751677852349,0.6912751677852349,0.6912751677852349,0.6912751677852349,0.6912751677852349,0.713326941514861,0.7651006711409396,0.7689357622243528,0.7689357622243528,0.7670182166826462,0.7641418983700863,0.7670182166826462,0.7660594439117929]}
[Eval] Epoch:  11, Total:   1043, Accuracy : 0.7661, Loss: 0.5058
1043 799 3.566402018070221
