pruned_2_0.02_model_0
DatasetDict({
    train: Dataset({
        features: ['sentence', 'label', 'indexes'],
        num_rows: 171
    })
    validation: Dataset({
        features: ['sentence', 'label', 'indexes'],
        num_rows: 1043
    })
    test: Dataset({
        features: ['sentence', 'label', 'indexes'],
        num_rows: 1063
    })
})
[Train] Epoch:   0, Total:    171, Accuracy : 0.6784, Loss: 0.6724
[Eval] Epoch:   0, Total:   1043, Accuracy : 0.6913, Loss: 0.6601
[Train] Epoch:   1, Total:    171, Accuracy : 0.6784, Loss: 0.6770
[Eval] Epoch:   1, Total:   1043, Accuracy : 0.6913, Loss: 0.6595
[Train] Epoch:   2, Total:    171, Accuracy : 0.6725, Loss: 0.6767
[Eval] Epoch:   2, Total:   1043, Accuracy : 0.6913, Loss: 0.6581
[Train] Epoch:   3, Total:    171, Accuracy : 0.6725, Loss: 0.6745
[Eval] Epoch:   3, Total:   1043, Accuracy : 0.6913, Loss: 0.6562
[Train] Epoch:   4, Total:    171, Accuracy : 0.6725, Loss: 0.6734
[Eval] Epoch:   4, Total:   1043, Accuracy : 0.6913, Loss: 0.6536
[Train] Epoch:   5, Total:    171, Accuracy : 0.6667, Loss: 0.6749
[Eval] Epoch:   5, Total:   1043, Accuracy : 0.6913, Loss: 0.6503
[Train] Epoch:   6, Total:    171, Accuracy : 0.6725, Loss: 0.6727
[Eval] Epoch:   6, Total:   1043, Accuracy : 0.6913, Loss: 0.6464
[Train] Epoch:   7, Total:    171, Accuracy : 0.6725, Loss: 0.6639
[Eval] Epoch:   7, Total:   1043, Accuracy : 0.6913, Loss: 0.6420
[Train] Epoch:   8, Total:    171, Accuracy : 0.6725, Loss: 0.6648
[Eval] Epoch:   8, Total:   1043, Accuracy : 0.6913, Loss: 0.6369
[Train] Epoch:   9, Total:    171, Accuracy : 0.6725, Loss: 0.6638
[Eval] Epoch:   9, Total:   1043, Accuracy : 0.6913, Loss: 0.6312
[Train] Epoch:  10, Total:    171, Accuracy : 0.6725, Loss: 0.6651
[Eval] Epoch:  10, Total:   1043, Accuracy : 0.6913, Loss: 0.6250
[Train] Epoch:  11, Total:    171, Accuracy : 0.6725, Loss: 0.6558
[Eval] Epoch:  11, Total:   1043, Accuracy : 0.6913, Loss: 0.6181
[Train] Epoch:  12, Total:    171, Accuracy : 0.6725, Loss: 0.6578
[Eval] Epoch:  12, Total:   1043, Accuracy : 0.6913, Loss: 0.6107
[Train] Epoch:  13, Total:    171, Accuracy : 0.6725, Loss: 0.6480
[Eval] Epoch:  13, Total:   1043, Accuracy : 0.6913, Loss: 0.6027
[Train] Epoch:  14, Total:    171, Accuracy : 0.6725, Loss: 0.6434
[Eval] Epoch:  14, Total:   1043, Accuracy : 0.6913, Loss: 0.5940
[Train] Epoch:  15, Total:    171, Accuracy : 0.6725, Loss: 0.6429
[Eval] Epoch:  15, Total:   1043, Accuracy : 0.6913, Loss: 0.5848
[Train] Epoch:  16, Total:    171, Accuracy : 0.6725, Loss: 0.6378
[Eval] Epoch:  16, Total:   1043, Accuracy : 0.6913, Loss: 0.5750
[Train] Epoch:  17, Total:    171, Accuracy : 0.6725, Loss: 0.6347
[Eval] Epoch:  17, Total:   1043, Accuracy : 0.6913, Loss: 0.5652
[Train] Epoch:  18, Total:    171, Accuracy : 0.6725, Loss: 0.6417
[Eval] Epoch:  18, Total:   1043, Accuracy : 0.6913, Loss: 0.5550
[Train] Epoch:  19, Total:    171, Accuracy : 0.6725, Loss: 0.6282
[Eval] Epoch:  19, Total:   1043, Accuracy : 0.6913, Loss: 0.5442
{"epoch":[1,2,3,4,5,6,7,8,9,10,11,12,13,14,15,16,17,18,19,20],"train_loss":[0.6723687648773193,0.6769780516624451,0.6767147779464722,0.6745040416717529,0.6734338998794556,0.674878716468811,0.672688901424408,0.663886547088623,0.6647590398788452,0.6637684106826782,0.6651189923286438,0.655787467956543,0.6577500700950623,0.6479961276054382,0.643432080745697,0.6428936719894409,0.6378397941589355,0.6347157955169678,0.6417372226715088,0.6282301545143127],"eval_loss":[0.6725363731384277,0.672131335735321,0.6713387846946717,0.6701550006866455,0.66857990026474,0.6666232466697692,0.6643369317054748,0.6617032051086426,0.6587371230125427,0.6554470419883728,0.6518593549728393,0.6479990124702454,0.6438642144203186,0.6394686937332154,0.6347968459129334,0.6299308657646179,0.6249558329582214,0.6201044678688049,0.6152307152748108,0.6102871298789978],"train_acc":[0.6783625730994152,0.6783625730994152,0.672514619883041,0.672514619883041,0.672514619883041,0.6666666666666666,0.672514619883041,0.672514619883041,0.672514619883041,0.672514619883041,0.672514619883041,0.672514619883041,0.672514619883041,0.672514619883041,0.672514619883041,0.672514619883041,0.672514619883041,0.672514619883041,0.672514619883041,0.672514619883041],"eval_acc":[0.6912751677852349,0.6912751677852349,0.6912751677852349,0.6912751677852349,0.6912751677852349,0.6912751677852349,0.6912751677852349,0.6912751677852349,0.6912751677852349,0.6912751677852349,0.6912751677852349,0.6912751677852349,0.6912751677852349,0.6912751677852349,0.6912751677852349,0.6912751677852349,0.6912751677852349,0.6912751677852349,0.6912751677852349,0.6912751677852349]}
[Eval] Epoch:  11, Total:   1043, Accuracy : 0.6913, Loss: 0.5442
1043 721 3.051435649394989
