random_0.75_model_0
DatasetDict({
    train: Dataset({
        features: ['sentence', 'label', 'indexes'],
        num_rows: 6413
    })
    validation: Dataset({
        features: ['sentence', 'label', 'indexes'],
        num_rows: 1043
    })
    test: Dataset({
        features: ['sentence', 'label', 'indexes'],
        num_rows: 1063
    })
})
[Train] Epoch:   0, Total:   6413, Accuracy : 0.5495, Loss: 0.5846
[Eval] Epoch:   0, Total:   1043, Accuracy : 0.6913, Loss: 0.4695
[Train] Epoch:   1, Total:   6413, Accuracy : 0.7037, Loss: 0.5483
[Eval] Epoch:   1, Total:   1043, Accuracy : 0.6913, Loss: 0.4206
[Train] Epoch:   2, Total:   6413, Accuracy : 0.7552, Loss: 0.5749
[Eval] Epoch:   2, Total:   1043, Accuracy : 0.7747, Loss: 0.4091
[Train] Epoch:   3, Total:   6413, Accuracy : 0.8428, Loss: 0.3336
[Eval] Epoch:   3, Total:   1043, Accuracy : 0.8226, Loss: 0.4422
[Train] Epoch:   4, Total:   6413, Accuracy : 0.8787, Loss: 0.0531
[Eval] Epoch:   4, Total:   1043, Accuracy : 0.8274, Loss: 0.4304
[Train] Epoch:   5, Total:   6413, Accuracy : 0.9038, Loss: 0.2378
[Eval] Epoch:   5, Total:   1043, Accuracy : 0.8159, Loss: 0.6557
[Train] Epoch:   6, Total:   6413, Accuracy : 0.9208, Loss: 0.1672
[Eval] Epoch:   6, Total:   1043, Accuracy : 0.8332, Loss: 0.5882
[Train] Epoch:   7, Total:   6413, Accuracy : 0.9317, Loss: 0.2367
[Eval] Epoch:   7, Total:   1043, Accuracy : 0.8198, Loss: 0.6862
[Train] Epoch:   8, Total:   6413, Accuracy : 0.9370, Loss: 0.0893
[Eval] Epoch:   8, Total:   1043, Accuracy : 0.8207, Loss: 0.7009
[Train] Epoch:   9, Total:   6413, Accuracy : 0.9425, Loss: 0.0409
[Eval] Epoch:   9, Total:   1043, Accuracy : 0.8245, Loss: 0.6435
[Train] Epoch:  10, Total:   6413, Accuracy : 0.9443, Loss: 0.2074
[Eval] Epoch:  10, Total:   1043, Accuracy : 0.8217, Loss: 0.6726
[Train] Epoch:  11, Total:   6413, Accuracy : 0.9423, Loss: 0.0913
[Eval] Epoch:  11, Total:   1043, Accuracy : 0.8217, Loss: 0.7551
[Train] Epoch:  12, Total:   6413, Accuracy : 0.9515, Loss: 0.0229
[Eval] Epoch:  12, Total:   1043, Accuracy : 0.8102, Loss: 0.6639
[Train] Epoch:  13, Total:   6413, Accuracy : 0.9637, Loss: 0.0103
[Eval] Epoch:  13, Total:   1043, Accuracy : 0.8255, Loss: 0.5778
[Train] Epoch:  14, Total:   6413, Accuracy : 0.9655, Loss: 0.1867
[Eval] Epoch:  14, Total:   1043, Accuracy : 0.8303, Loss: 0.6766
[Train] Epoch:  15, Total:   6413, Accuracy : 0.9722, Loss: 0.6108
[Eval] Epoch:  15, Total:   1043, Accuracy : 0.8293, Loss: 0.7487
[Train] Epoch:  16, Total:   6413, Accuracy : 0.9765, Loss: 0.0669
[Eval] Epoch:  16, Total:   1043, Accuracy : 0.8207, Loss: 0.7744
[Train] Epoch:  17, Total:   6413, Accuracy : 0.9785, Loss: 0.0172
[Eval] Epoch:  17, Total:   1043, Accuracy : 0.8284, Loss: 0.6806
[Train] Epoch:  18, Total:   6413, Accuracy : 0.9813, Loss: 0.0192
[Eval] Epoch:  18, Total:   1043, Accuracy : 0.8255, Loss: 0.7149
[Train] Epoch:  19, Total:   6413, Accuracy : 0.9804, Loss: 0.0174
[Eval] Epoch:  19, Total:   1043, Accuracy : 0.8293, Loss: 0.7267
{"epoch":[1,2,3,4,5,6,7,8,9,10,11,12,13,14,15,16,17,18,19,20],"train_loss":[0.6683731560523694,0.5872488228174356,0.4827267756828895,0.382042802297152,0.2987162615530766,0.25483378997215855,0.21962231283004469,0.19657002160182366,0.17643771865046942,0.16828223117269003,0.1634909244110951,0.16907460844287506,0.14058994874358177,0.1166182100557937,0.1105377793025512,0.11370881818808042,0.07387062728118438,0.07090167278567186,0.06409174060592285,0.06667802547319578],"eval_loss":[0.5846703231334687,0.49468258023262024,0.5304265201091767,0.4610330879688263,0.45251876711845396,0.5659739434719085,0.5102469384670257,0.6149438679218292,0.614780580997467,0.5738042414188385,0.6004042565822602,0.6338254153728485,0.651087349653244,0.6435512006282806,0.6504225015640259,0.6974948763847351,0.7608816385269165,0.7180777132511139,0.7245079815387726,0.7311062574386596],"train_acc":[0.5495088102292219,0.7037268049274911,0.755184780913769,0.8428192733510058,0.8786839232808358,0.9037891782317168,0.920785903633245,0.9317012318727584,0.9370029627319507,0.9424606268517075,0.9443318259784812,0.942304693591143,0.9515047559644472,0.9636675502884765,0.9655387494152503,0.9722438796195229,0.9764540776547638,0.978481210042102,0.9812880087322626,0.9803524091688757],"eval_acc":[0.6912751677852349,0.6912751677852349,0.7746883988494727,0.822627037392138,0.8274209012464045,0.8159156279961649,0.8331735378715245,0.8197507190795782,0.8207094918504314,0.8245445829338447,0.8216682646212847,0.8216682646212847,0.8101629913710451,0.825503355704698,0.8302972195589645,0.8293384467881112,0.8207094918504314,0.8283796740172579,0.825503355704698,0.8293384467881112]}
[Eval] Epoch:  11, Total:   1043, Accuracy : 0.8293, Loss: 0.7267
1043 865 3.6555312871932983
