pruned_1_0.02_model_0
DatasetDict({
    train: Dataset({
        features: ['sentence', 'label', 'indexes'],
        num_rows: 172
    })
    validation: Dataset({
        features: ['sentence', 'label', 'indexes'],
        num_rows: 1043
    })
    test: Dataset({
        features: ['sentence', 'label', 'indexes'],
        num_rows: 1063
    })
})
[Train] Epoch:   0, Total:    172, Accuracy : 0.3488, Loss: 0.7151
[Eval] Epoch:   0, Total:   1043, Accuracy : 0.3087, Loss: 0.7394
[Train] Epoch:   1, Total:    172, Accuracy : 0.3430, Loss: 0.7160
[Eval] Epoch:   1, Total:   1043, Accuracy : 0.3087, Loss: 0.7386
[Train] Epoch:   2, Total:    172, Accuracy : 0.3488, Loss: 0.7154
[Eval] Epoch:   2, Total:   1043, Accuracy : 0.3087, Loss: 0.7369
[Train] Epoch:   3, Total:    172, Accuracy : 0.3430, Loss: 0.7135
[Eval] Epoch:   3, Total:   1043, Accuracy : 0.3087, Loss: 0.7344
[Train] Epoch:   4, Total:    172, Accuracy : 0.3430, Loss: 0.7148
[Eval] Epoch:   4, Total:   1043, Accuracy : 0.3087, Loss: 0.7311
[Train] Epoch:   5, Total:    172, Accuracy : 0.3372, Loss: 0.7104
[Eval] Epoch:   5, Total:   1043, Accuracy : 0.3087, Loss: 0.7270
[Train] Epoch:   6, Total:    172, Accuracy : 0.3779, Loss: 0.7060
[Eval] Epoch:   6, Total:   1043, Accuracy : 0.3087, Loss: 0.7222
[Train] Epoch:   7, Total:    172, Accuracy : 0.3488, Loss: 0.7082
[Eval] Epoch:   7, Total:   1043, Accuracy : 0.3087, Loss: 0.7166
[Train] Epoch:   8, Total:    172, Accuracy : 0.3488, Loss: 0.7061
[Eval] Epoch:   8, Total:   1043, Accuracy : 0.3087, Loss: 0.7102
[Train] Epoch:   9, Total:    172, Accuracy : 0.4244, Loss: 0.6976
[Eval] Epoch:   9, Total:   1043, Accuracy : 0.3087, Loss: 0.7032
[Train] Epoch:  10, Total:    172, Accuracy : 0.4419, Loss: 0.6953
[Eval] Epoch:  10, Total:   1043, Accuracy : 0.3480, Loss: 0.6954
[Train] Epoch:  11, Total:    172, Accuracy : 0.4593, Loss: 0.6957
[Eval] Epoch:  11, Total:   1043, Accuracy : 0.6702, Loss: 0.6869
[Train] Epoch:  12, Total:    172, Accuracy : 0.5407, Loss: 0.6870
[Eval] Epoch:  12, Total:   1043, Accuracy : 0.6913, Loss: 0.6778
[Train] Epoch:  13, Total:    172, Accuracy : 0.6453, Loss: 0.6835
[Eval] Epoch:  13, Total:   1043, Accuracy : 0.6913, Loss: 0.6678
[Train] Epoch:  14, Total:    172, Accuracy : 0.6453, Loss: 0.6810
[Eval] Epoch:  14, Total:   1043, Accuracy : 0.6913, Loss: 0.6571
[Train] Epoch:  15, Total:    172, Accuracy : 0.6512, Loss: 0.6822
[Eval] Epoch:  15, Total:   1043, Accuracy : 0.6913, Loss: 0.6459
[Train] Epoch:  16, Total:    172, Accuracy : 0.6628, Loss: 0.6707
[Eval] Epoch:  16, Total:   1043, Accuracy : 0.6913, Loss: 0.6339
[Train] Epoch:  17, Total:    172, Accuracy : 0.6628, Loss: 0.6566
[Eval] Epoch:  17, Total:   1043, Accuracy : 0.6913, Loss: 0.6209
[Train] Epoch:  18, Total:    172, Accuracy : 0.6628, Loss: 0.6682
[Eval] Epoch:  18, Total:   1043, Accuracy : 0.6913, Loss: 0.6074
[Train] Epoch:  19, Total:    172, Accuracy : 0.6628, Loss: 0.6527
[Eval] Epoch:  19, Total:   1043, Accuracy : 0.6913, Loss: 0.5929
{"epoch":[1,2,3,4,5,6,7,8,9,10,11,12,13,14,15,16,17,18,19,20],"train_loss":[0.7150988578796387,0.7159755825996399,0.7153987884521484,0.7134789824485779,0.7147567868232727,0.7103917002677917,0.7060208916664124,0.7082099914550781,0.7061110138893127,0.69756019115448,0.6953218579292297,0.6957265138626099,0.6869632005691528,0.6835212111473083,0.6809707880020142,0.6822471022605896,0.6707043051719666,0.6565967798233032,0.6682466268539429,0.6527459621429443],"eval_loss":[0.7230444192886353,0.7224959015846253,0.7214056849479675,0.7197755455970765,0.7176112413406373,0.714926028251648,0.7117842555046081,0.7081831693649292,0.7041142344474792,0.6996114373207092,0.6946767330169678,0.689337182044983,0.683597731590271,0.677470862865448,0.6709378004074097,0.6641708016395569,0.6570976853370667,0.6495647311210633,0.6418752789497375,0.6338883996009826],"train_acc":[0.3488372093023256,0.3430232558139535,0.3488372093023256,0.3430232558139535,0.3430232558139535,0.3372093023255814,0.37790697674418605,0.3488372093023256,0.3488372093023256,0.42441860465116277,0.4418604651162791,0.45930232558139533,0.5406976744186046,0.6453488372093024,0.6453488372093024,0.6511627906976745,0.6627906976744186,0.6627906976744186,0.6627906976744186,0.6627906976744186],"eval_acc":[0.3087248322147651,0.3087248322147651,0.3087248322147651,0.3087248322147651,0.3087248322147651,0.3087248322147651,0.3087248322147651,0.3087248322147651,0.3087248322147651,0.3087248322147651,0.3480345158197507,0.6701821668264621,0.6912751677852349,0.6912751677852349,0.6912751677852349,0.6912751677852349,0.6912751677852349,0.6912751677852349,0.6912751677852349,0.6912751677852349]}
[Eval] Epoch:  11, Total:   1043, Accuracy : 0.6913, Loss: 0.5929
1043 721 3.1694419980049133
