pruned_3_0.05_model_0
DatasetDict({
    train: Dataset({
        features: ['sentence', 'label', 'indexes'],
        num_rows: 427
    })
    validation: Dataset({
        features: ['sentence', 'label', 'indexes'],
        num_rows: 1043
    })
    test: Dataset({
        features: ['sentence', 'label', 'indexes'],
        num_rows: 1063
    })
})
[Train] Epoch:   0, Total:    427, Accuracy : 0.5386, Loss: 0.6786
[Eval] Epoch:   0, Total:   1043, Accuracy : 0.5686, Loss: 0.6918
[Train] Epoch:   1, Total:    427, Accuracy : 0.5667, Loss: 0.6885
[Eval] Epoch:   1, Total:   1043, Accuracy : 0.6894, Loss: 0.6879
[Train] Epoch:   2, Total:    427, Accuracy : 0.5691, Loss: 0.6830
[Eval] Epoch:   2, Total:   1043, Accuracy : 0.6913, Loss: 0.6807
[Train] Epoch:   3, Total:    427, Accuracy : 0.6206, Loss: 0.6782
[Eval] Epoch:   3, Total:   1043, Accuracy : 0.6913, Loss: 0.6703
[Train] Epoch:   4, Total:    427, Accuracy : 0.6838, Loss: 0.6616
[Eval] Epoch:   4, Total:   1043, Accuracy : 0.6913, Loss: 0.6565
[Train] Epoch:   5, Total:    427, Accuracy : 0.6979, Loss: 0.6777
[Eval] Epoch:   5, Total:   1043, Accuracy : 0.6913, Loss: 0.6394
[Train] Epoch:   6, Total:    427, Accuracy : 0.6932, Loss: 0.6486
[Eval] Epoch:   6, Total:   1043, Accuracy : 0.6913, Loss: 0.6184
[Train] Epoch:   7, Total:    427, Accuracy : 0.6932, Loss: 0.6426
[Eval] Epoch:   7, Total:   1043, Accuracy : 0.6913, Loss: 0.5939
[Train] Epoch:   8, Total:    427, Accuracy : 0.6932, Loss: 0.6438
[Eval] Epoch:   8, Total:   1043, Accuracy : 0.6913, Loss: 0.5659
[Train] Epoch:   9, Total:    427, Accuracy : 0.6932, Loss: 0.6397
[Eval] Epoch:   9, Total:   1043, Accuracy : 0.6913, Loss: 0.5331
[Train] Epoch:  10, Total:    427, Accuracy : 0.6932, Loss: 0.6467
[Eval] Epoch:  10, Total:   1043, Accuracy : 0.6913, Loss: 0.4990
[Train] Epoch:  11, Total:    427, Accuracy : 0.6932, Loss: 0.5962
[Eval] Epoch:  11, Total:   1043, Accuracy : 0.6913, Loss: 0.4705
[Train] Epoch:  12, Total:    427, Accuracy : 0.6932, Loss: 0.6349
[Eval] Epoch:  12, Total:   1043, Accuracy : 0.6913, Loss: 0.4553
[Train] Epoch:  13, Total:    427, Accuracy : 0.6932, Loss: 0.6064
[Eval] Epoch:  13, Total:   1043, Accuracy : 0.6913, Loss: 0.4593
[Train] Epoch:  14, Total:    427, Accuracy : 0.6932, Loss: 0.6064
[Eval] Epoch:  14, Total:   1043, Accuracy : 0.6913, Loss: 0.4765
[Train] Epoch:  15, Total:    427, Accuracy : 0.6932, Loss: 0.5815
[Eval] Epoch:  15, Total:   1043, Accuracy : 0.6913, Loss: 0.4959
[Train] Epoch:  16, Total:    427, Accuracy : 0.6932, Loss: 0.6001
[Eval] Epoch:  16, Total:   1043, Accuracy : 0.6913, Loss: 0.5027
[Train] Epoch:  17, Total:    427, Accuracy : 0.6932, Loss: 0.6035
[Eval] Epoch:  17, Total:   1043, Accuracy : 0.6913, Loss: 0.4940
[Train] Epoch:  18, Total:    427, Accuracy : 0.6932, Loss: 0.5740
[Eval] Epoch:  18, Total:   1043, Accuracy : 0.6913, Loss: 0.4693
[Train] Epoch:  19, Total:    427, Accuracy : 0.6932, Loss: 0.5209
[Eval] Epoch:  19, Total:   1043, Accuracy : 0.6913, Loss: 0.4432
{"epoch":[1,2,3,4,5,6,7,8,9,10,11,12,13,14,15,16,17,18,19,20],"train_loss":[0.6838593184947968,0.6852425038814545,0.6839919090270996,0.6826341152191162,0.6696303188800812,0.6734677255153656,0.656617671251297,0.6514567136764526,0.6341604888439178,0.6269177794456482,0.6201633512973785,0.6060106158256531,0.6155658662319183,0.6152288317680359,0.605562835931778,0.6006433069705963,0.5937212109565735,0.5913940370082855,0.5861111283302307,0.5516281723976135],"eval_loss":[0.6925909399986268,0.6901244640350341,0.6856727957725525,0.6792695045471191,0.6708861231803894,0.6606959342956543,0.6485819697380066,0.6349262595176697,0.6204393863677978,0.605299198627472,0.5927086532115936,0.5870554327964783,0.587407922744751,0.5842537581920624,0.5798092484474182,0.5800630927085877,0.5787092089653015,0.571111661195755,0.5600385665893555,0.558008897304535],"train_acc":[0.5386416861826698,0.5667447306791569,0.5690866510538641,0.6206088992974239,0.6838407494145199,0.6978922716627635,0.6932084309133489,0.6932084309133489,0.6932084309133489,0.6932084309133489,0.6932084309133489,0.6932084309133489,0.6932084309133489,0.6932084309133489,0.6932084309133489,0.6932084309133489,0.6932084309133489,0.6932084309133489,0.6932084309133489,0.6932084309133489],"eval_acc":[0.5685522531160115,0.6893576222435283,0.6912751677852349,0.6912751677852349,0.6912751677852349,0.6912751677852349,0.6912751677852349,0.6912751677852349,0.6912751677852349,0.6912751677852349,0.6912751677852349,0.6912751677852349,0.6912751677852349,0.6912751677852349,0.6912751677852349,0.6912751677852349,0.6912751677852349,0.6912751677852349,0.6912751677852349,0.6912751677852349]}
[Eval] Epoch:  11, Total:   1043, Accuracy : 0.6913, Loss: 0.4432
1043 721 2.7900444865226746
