pruned_3_0.3_model_0
DatasetDict({
    train: Dataset({
        features: ['sentence', 'label', 'indexes'],
        num_rows: 2565
    })
    validation: Dataset({
        features: ['sentence', 'label', 'indexes'],
        num_rows: 1043
    })
    test: Dataset({
        features: ['sentence', 'label', 'indexes'],
        num_rows: 1063
    })
})
[Train] Epoch:   0, Total:   2565, Accuracy : 0.4308, Loss: 0.6744
[Eval] Epoch:   0, Total:   1043, Accuracy : 0.6913, Loss: 0.6707
[Train] Epoch:   1, Total:   2565, Accuracy : 0.7096, Loss: 0.3793
[Eval] Epoch:   1, Total:   1043, Accuracy : 0.6913, Loss: 0.5320
[Train] Epoch:   2, Total:   2565, Accuracy : 0.7119, Loss: 0.8950
[Eval] Epoch:   2, Total:   1043, Accuracy : 0.6913, Loss: 0.4852
[Train] Epoch:   3, Total:   2565, Accuracy : 0.7119, Loss: 0.3470
[Eval] Epoch:   3, Total:   1043, Accuracy : 0.6913, Loss: 0.4386
[Train] Epoch:   4, Total:   2565, Accuracy : 0.7119, Loss: 0.2141
[Eval] Epoch:   4, Total:   1043, Accuracy : 0.6913, Loss: 0.3986
[Train] Epoch:   5, Total:   2565, Accuracy : 0.7170, Loss: 0.5240
[Eval] Epoch:   5, Total:   1043, Accuracy : 0.7469, Loss: 0.4050
[Train] Epoch:   6, Total:   2565, Accuracy : 0.8238, Loss: 0.2601
[Eval] Epoch:   6, Total:   1043, Accuracy : 0.8063, Loss: 0.4942
[Train] Epoch:   7, Total:   2565, Accuracy : 0.8659, Loss: 0.2663
[Eval] Epoch:   7, Total:   1043, Accuracy : 0.7977, Loss: 0.3835
[Train] Epoch:   8, Total:   2565, Accuracy : 0.8940, Loss: 0.2576
[Eval] Epoch:   8, Total:   1043, Accuracy : 0.8102, Loss: 0.4957
[Train] Epoch:   9, Total:   2565, Accuracy : 0.8967, Loss: 0.5017
[Eval] Epoch:   9, Total:   1043, Accuracy : 0.7987, Loss: 0.3995
[Train] Epoch:  10, Total:   2565, Accuracy : 0.9212, Loss: 0.2007
[Eval] Epoch:  10, Total:   1043, Accuracy : 0.8054, Loss: 0.4040
[Train] Epoch:  11, Total:   2565, Accuracy : 0.9216, Loss: 0.0324
[Eval] Epoch:  11, Total:   1043, Accuracy : 0.8063, Loss: 0.4041
[Train] Epoch:  12, Total:   2565, Accuracy : 0.9255, Loss: 0.0094
[Eval] Epoch:  12, Total:   1043, Accuracy : 0.7996, Loss: 0.4739
[Train] Epoch:  13, Total:   2565, Accuracy : 0.9353, Loss: 0.0213
[Eval] Epoch:  13, Total:   1043, Accuracy : 0.8169, Loss: 0.6022
[Train] Epoch:  14, Total:   2565, Accuracy : 0.9497, Loss: 0.0541
[Eval] Epoch:  14, Total:   1043, Accuracy : 0.8054, Loss: 0.6865
[Train] Epoch:  15, Total:   2565, Accuracy : 0.9595, Loss: 0.1172
[Eval] Epoch:  15, Total:   1043, Accuracy : 0.8054, Loss: 0.8055
[Train] Epoch:  16, Total:   2565, Accuracy : 0.9649, Loss: 0.0105
[Eval] Epoch:  16, Total:   1043, Accuracy : 0.8092, Loss: 0.9536
[Train] Epoch:  17, Total:   2565, Accuracy : 0.9700, Loss: 0.0074
[Eval] Epoch:  17, Total:   1043, Accuracy : 0.8063, Loss: 1.0422
[Train] Epoch:  18, Total:   2565, Accuracy : 0.9715, Loss: 0.0090
[Eval] Epoch:  18, Total:   1043, Accuracy : 0.8082, Loss: 1.0123
[Train] Epoch:  19, Total:   2565, Accuracy : 0.9715, Loss: 0.0044
[Eval] Epoch:  19, Total:   1043, Accuracy : 0.8082, Loss: 1.0178
{"epoch":[1,2,3,4,5,6,7,8,9,10,11,12,13,14,15,16,17,18,19,20],"train_loss":[0.695960283279419,0.6277009275826541,0.63126356493343,0.5664052448489449,0.5104690979827534,0.4687912437048825,0.3768843412399292,0.32545553283257916,0.27452942864461377,0.2865035005591132,0.22225321558388797,0.2048081640492786,0.18772540461610665,0.1670683537694541,0.14000040191141042,0.13113762844692578,0.10396924386308952,0.08936076450415632,0.09225012319670482,0.08744858984242786],"eval_loss":[0.679096007347107,0.6054720640182495,0.5825641870498657,0.5620714843273162,0.5511785805225372,0.4879458546638489,0.47167774438858034,0.5281565487384796,0.5254964649677276,0.568821781873703,0.5697576761245727,0.5774714887142182,0.7103256106376648,0.7190527200698853,0.7673864364624023,0.8315844535827637,0.8530580401420593,0.8827229619026185,0.8939210534095764,0.8915645718574524],"train_acc":[0.43079922027290446,0.7095516569200779,0.7118908382066277,0.7118908382066277,0.7118908382066277,0.7169590643274854,0.8237816764132554,0.8658869395711501,0.8939571150097466,0.8966861598440545,0.9212475633528265,0.9216374269005848,0.9255360623781677,0.9352826510721247,0.9497076023391813,0.9594541910331384,0.9649122807017544,0.969980506822612,0.9715399610136453,0.9715399610136453],"eval_acc":[0.6912751677852349,0.6912751677852349,0.6912751677852349,0.6912751677852349,0.6912751677852349,0.7468839884947267,0.8063279002876318,0.7976989453499521,0.8101629913710451,0.7986577181208053,0.8053691275167785,0.8063279002876318,0.7996164908916586,0.8168744007670182,0.8053691275167785,0.8053691275167785,0.8092042186001918,0.8063279002876318,0.8082454458293384,0.8082454458293384]}
[Eval] Epoch:  11, Total:   1043, Accuracy : 0.8082, Loss: 1.0178
1043 843 4.457822859287262
