random_0.02_model_0
DatasetDict({
    train: Dataset({
        features: ['sentence', 'label', 'indexes'],
        num_rows: 171
    })
    validation: Dataset({
        features: ['sentence', 'label', 'indexes'],
        num_rows: 1043
    })
    test: Dataset({
        features: ['sentence', 'label', 'indexes'],
        num_rows: 1063
    })
})
[Train] Epoch:   0, Total:    171, Accuracy : 0.2749, Loss: 0.7501
[Eval] Epoch:   0, Total:   1043, Accuracy : 0.3087, Loss: 0.7707
[Train] Epoch:   1, Total:    171, Accuracy : 0.2749, Loss: 0.7442
[Eval] Epoch:   1, Total:   1043, Accuracy : 0.3087, Loss: 0.7698
[Train] Epoch:   2, Total:    171, Accuracy : 0.2807, Loss: 0.7425
[Eval] Epoch:   2, Total:   1043, Accuracy : 0.3087, Loss: 0.7679
[Train] Epoch:   3, Total:    171, Accuracy : 0.2807, Loss: 0.7472
[Eval] Epoch:   3, Total:   1043, Accuracy : 0.3087, Loss: 0.7650
[Train] Epoch:   4, Total:    171, Accuracy : 0.2749, Loss: 0.7430
[Eval] Epoch:   4, Total:   1043, Accuracy : 0.3087, Loss: 0.7613
[Train] Epoch:   5, Total:    171, Accuracy : 0.2749, Loss: 0.7367
[Eval] Epoch:   5, Total:   1043, Accuracy : 0.3087, Loss: 0.7567
[Train] Epoch:   6, Total:    171, Accuracy : 0.2807, Loss: 0.7360
[Eval] Epoch:   6, Total:   1043, Accuracy : 0.3087, Loss: 0.7513
[Train] Epoch:   7, Total:    171, Accuracy : 0.2807, Loss: 0.7310
[Eval] Epoch:   7, Total:   1043, Accuracy : 0.3087, Loss: 0.7452
[Train] Epoch:   8, Total:    171, Accuracy : 0.2982, Loss: 0.7270
[Eval] Epoch:   8, Total:   1043, Accuracy : 0.3087, Loss: 0.7383
[Train] Epoch:   9, Total:    171, Accuracy : 0.3158, Loss: 0.7191
[Eval] Epoch:   9, Total:   1043, Accuracy : 0.3087, Loss: 0.7308
[Train] Epoch:  10, Total:    171, Accuracy : 0.3099, Loss: 0.7156
[Eval] Epoch:  10, Total:   1043, Accuracy : 0.3087, Loss: 0.7226
[Train] Epoch:  11, Total:    171, Accuracy : 0.3275, Loss: 0.7107
[Eval] Epoch:  11, Total:   1043, Accuracy : 0.3087, Loss: 0.7138
[Train] Epoch:  12, Total:    171, Accuracy : 0.3509, Loss: 0.6982
[Eval] Epoch:  12, Total:   1043, Accuracy : 0.3087, Loss: 0.7043
[Train] Epoch:  13, Total:    171, Accuracy : 0.4035, Loss: 0.6940
[Eval] Epoch:  13, Total:   1043, Accuracy : 0.3806, Loss: 0.6943
[Train] Epoch:  14, Total:    171, Accuracy : 0.4561, Loss: 0.6907
[Eval] Epoch:  14, Total:   1043, Accuracy : 0.6913, Loss: 0.6835
[Train] Epoch:  15, Total:    171, Accuracy : 0.5906, Loss: 0.6813
[Eval] Epoch:  15, Total:   1043, Accuracy : 0.6913, Loss: 0.6720
[Train] Epoch:  16, Total:    171, Accuracy : 0.7135, Loss: 0.6646
[Eval] Epoch:  16, Total:   1043, Accuracy : 0.6913, Loss: 0.6598
[Train] Epoch:  17, Total:    171, Accuracy : 0.7135, Loss: 0.6613
[Eval] Epoch:  17, Total:   1043, Accuracy : 0.6913, Loss: 0.6467
[Train] Epoch:  18, Total:    171, Accuracy : 0.7251, Loss: 0.6680
[Eval] Epoch:  18, Total:   1043, Accuracy : 0.6913, Loss: 0.6328
[Train] Epoch:  19, Total:    171, Accuracy : 0.7251, Loss: 0.6547
[Eval] Epoch:  19, Total:   1043, Accuracy : 0.6913, Loss: 0.6177
{"epoch":[1,2,3,4,5,6,7,8,9,10,11,12,13,14,15,16,17,18,19,20],"train_loss":[0.7500820159912109,0.7441819310188293,0.7425482273101807,0.7471593022346497,0.7429661154747009,0.7366943359375,0.7359921932220459,0.7309941649436951,0.7270129919052124,0.7190573811531067,0.7155798673629761,0.7106919288635254,0.6982189416885376,0.6939632892608643,0.6907123923301697,0.6813231110572815,0.6646326780319214,0.6613399386405945,0.6679676175117493,0.6547259092330933],"eval_loss":[0.7440902709960937,0.7434541463851929,0.742185091972351,0.7402954816818237,0.7378035664558411,0.7347560524940491,0.7311827063560485,0.7271147608757019,0.7225948333740234,0.7176461696624756,0.7122939586639404,0.7065990328788757,0.7005367040634155,0.6941309809684754,0.6873636245727539,0.6802480697631836,0.6727900743484497,0.6650227785110474,0.656901752948761,0.648346197605133],"train_acc":[0.27485380116959063,0.27485380116959063,0.2807017543859649,0.2807017543859649,0.27485380116959063,0.27485380116959063,0.2807017543859649,0.2807017543859649,0.2982456140350877,0.3157894736842105,0.30994152046783624,0.32748538011695905,0.3508771929824561,0.40350877192982454,0.45614035087719296,0.5906432748538012,0.7134502923976608,0.7134502923976608,0.7251461988304093,0.7251461988304093],"eval_acc":[0.3087248322147651,0.3087248322147651,0.3087248322147651,0.3087248322147651,0.3087248322147651,0.3087248322147651,0.3087248322147651,0.3087248322147651,0.3087248322147651,0.3087248322147651,0.3087248322147651,0.3087248322147651,0.3087248322147651,0.38063279002876316,0.6912751677852349,0.6912751677852349,0.6912751677852349,0.6912751677852349,0.6912751677852349,0.6912751677852349]}
[Eval] Epoch:  11, Total:   1043, Accuracy : 0.6913, Loss: 0.6177
1043 721 3.2417309880256653
