pruned_2_0.2_model_0
DatasetDict({
    train: Dataset({
        features: ['sentence', 'label', 'indexes'],
        num_rows: 1710
    })
    validation: Dataset({
        features: ['sentence', 'label', 'indexes'],
        num_rows: 1043
    })
    test: Dataset({
        features: ['sentence', 'label', 'indexes'],
        num_rows: 1063
    })
})
[Train] Epoch:   0, Total:   1710, Accuracy : 0.6339, Loss: 0.6800
[Eval] Epoch:   0, Total:   1043, Accuracy : 0.6913, Loss: 0.6617
[Train] Epoch:   1, Total:   1710, Accuracy : 0.6696, Loss: 0.6813
[Eval] Epoch:   1, Total:   1043, Accuracy : 0.6913, Loss: 0.6170
[Train] Epoch:   2, Total:   1710, Accuracy : 0.6696, Loss: 0.6719
[Eval] Epoch:   2, Total:   1043, Accuracy : 0.6913, Loss: 0.5550
[Train] Epoch:   3, Total:   1710, Accuracy : 0.6696, Loss: 0.5965
[Eval] Epoch:   3, Total:   1043, Accuracy : 0.6913, Loss: 0.4993
[Train] Epoch:   4, Total:   1710, Accuracy : 0.6696, Loss: 0.6428
[Eval] Epoch:   4, Total:   1043, Accuracy : 0.6913, Loss: 0.4753
[Train] Epoch:   5, Total:   1710, Accuracy : 0.6696, Loss: 0.5917
[Eval] Epoch:   5, Total:   1043, Accuracy : 0.6913, Loss: 0.4889
[Train] Epoch:   6, Total:   1710, Accuracy : 0.6702, Loss: 0.4602
[Eval] Epoch:   6, Total:   1043, Accuracy : 0.6913, Loss: 0.4642
[Train] Epoch:   7, Total:   1710, Accuracy : 0.7795, Loss: 0.4291
[Eval] Epoch:   7, Total:   1043, Accuracy : 0.7737, Loss: 0.4737
[Train] Epoch:   8, Total:   1710, Accuracy : 0.8509, Loss: 0.2975
[Eval] Epoch:   8, Total:   1043, Accuracy : 0.7852, Loss: 0.5620
[Train] Epoch:   9, Total:   1710, Accuracy : 0.8713, Loss: 0.2700
[Eval] Epoch:   9, Total:   1043, Accuracy : 0.7843, Loss: 0.7412
[Train] Epoch:  10, Total:   1710, Accuracy : 0.8965, Loss: 0.2373
[Eval] Epoch:  10, Total:   1043, Accuracy : 0.7939, Loss: 0.7752
[Train] Epoch:  11, Total:   1710, Accuracy : 0.9047, Loss: 0.2954
[Eval] Epoch:  11, Total:   1043, Accuracy : 0.7891, Loss: 0.7926
[Train] Epoch:  12, Total:   1710, Accuracy : 0.9135, Loss: 0.2752
[Eval] Epoch:  12, Total:   1043, Accuracy : 0.7919, Loss: 0.7932
[Train] Epoch:  13, Total:   1710, Accuracy : 0.9140, Loss: 0.2933
[Eval] Epoch:  13, Total:   1043, Accuracy : 0.7939, Loss: 0.8076
[Train] Epoch:  14, Total:   1710, Accuracy : 0.9012, Loss: 0.1979
[Eval] Epoch:  14, Total:   1043, Accuracy : 0.7776, Loss: 0.8520
[Train] Epoch:  15, Total:   1710, Accuracy : 0.9175, Loss: 0.2456
[Eval] Epoch:  15, Total:   1043, Accuracy : 0.8025, Loss: 0.8306
[Train] Epoch:  16, Total:   1710, Accuracy : 0.9497, Loss: 0.0861
[Eval] Epoch:  16, Total:   1043, Accuracy : 0.7919, Loss: 0.8206
[Train] Epoch:  17, Total:   1710, Accuracy : 0.9538, Loss: 0.1246
[Eval] Epoch:  17, Total:   1043, Accuracy : 0.7891, Loss: 0.9031
[Train] Epoch:  18, Total:   1710, Accuracy : 0.9614, Loss: 0.1470
[Eval] Epoch:  18, Total:   1043, Accuracy : 0.7881, Loss: 0.9371
[Train] Epoch:  19, Total:   1710, Accuracy : 0.9637, Loss: 0.1356
[Eval] Epoch:  19, Total:   1043, Accuracy : 0.7891, Loss: 0.9416
{"epoch":[1,2,3,4,5,6,7,8,9,10,11,12,13,14,15,16,17,18,19,20],"train_loss":[0.6836938517434257,0.6726299098559788,0.6518943565232413,0.6338346941130502,0.620658951146262,0.5852317469460624,0.5306569465569088,0.4517057538032532,0.36841121315956116,0.31963880147252766,0.27146571448871065,0.2583890472139631,0.2427075526544026,0.2370990663766861,0.24625747118677413,0.2106484877211707,0.15277295027460372,0.1418739397610937,0.12248123756476811,0.10770413066659655],"eval_loss":[0.6739160060882569,0.6475430846214294,0.614593255519867,0.5899000465869904,0.5735781729221344,0.5406412184238434,0.5459480464458466,0.5293491899967193,0.5889547228813171,0.6685965955257416,0.6335479855537415,0.7189562261104584,0.7012764632701873,0.5805154919624329,0.7994531989097595,0.6597634077072143,0.7266448199748993,0.7875614047050477,0.8099985837936401,0.8104371070861817],"train_acc":[0.6339181286549708,0.6695906432748538,0.6695906432748538,0.6695906432748538,0.6695906432748538,0.6695906432748538,0.6701754385964912,0.7795321637426901,0.8508771929824561,0.8713450292397661,0.8964912280701754,0.9046783625730994,0.9134502923976608,0.9140350877192982,0.9011695906432748,0.9175438596491228,0.9497076023391813,0.9538011695906433,0.9614035087719298,0.9637426900584796],"eval_acc":[0.6912751677852349,0.6912751677852349,0.6912751677852349,0.6912751677852349,0.6912751677852349,0.6912751677852349,0.6912751677852349,0.7737296260786194,0.785234899328859,0.7842761265580057,0.7938638542665388,0.7890699904122723,0.7919463087248322,0.7938638542665388,0.7775647171620326,0.8024928092042186,0.7919463087248322,0.7890699904122723,0.788111217641419,0.7890699904122723]}
[Eval] Epoch:  11, Total:   1043, Accuracy : 0.7891, Loss: 0.9416
1043 823 4.052185535430908
