pruned_2_0.3_model_0
DatasetDict({
    train: Dataset({
        features: ['sentence', 'label', 'indexes'],
        num_rows: 2565
    })
    validation: Dataset({
        features: ['sentence', 'label', 'indexes'],
        num_rows: 1043
    })
    test: Dataset({
        features: ['sentence', 'label', 'indexes'],
        num_rows: 1063
    })
})
[Train] Epoch:   0, Total:   2565, Accuracy : 0.3185, Loss: 0.6263
[Eval] Epoch:   0, Total:   1043, Accuracy : 0.3087, Loss: 0.7239
[Train] Epoch:   1, Total:   2565, Accuracy : 0.5123, Loss: 0.5983
[Eval] Epoch:   1, Total:   1043, Accuracy : 0.6913, Loss: 0.6185
[Train] Epoch:   2, Total:   2565, Accuracy : 0.6815, Loss: 0.6278
[Eval] Epoch:   2, Total:   1043, Accuracy : 0.6913, Loss: 0.4875
[Train] Epoch:   3, Total:   2565, Accuracy : 0.6815, Loss: 0.7353
[Eval] Epoch:   3, Total:   1043, Accuracy : 0.6913, Loss: 0.4580
[Train] Epoch:   4, Total:   2565, Accuracy : 0.6830, Loss: 0.4871
[Eval] Epoch:   4, Total:   1043, Accuracy : 0.7526, Loss: 0.5339
[Train] Epoch:   5, Total:   2565, Accuracy : 0.8062, Loss: 0.2887
[Eval] Epoch:   5, Total:   1043, Accuracy : 0.7785, Loss: 0.5679
[Train] Epoch:   6, Total:   2565, Accuracy : 0.8452, Loss: 0.6433
[Eval] Epoch:   6, Total:   1043, Accuracy : 0.7728, Loss: 0.5102
[Train] Epoch:   7, Total:   2565, Accuracy : 0.8741, Loss: 0.1007
[Eval] Epoch:   7, Total:   1043, Accuracy : 0.7766, Loss: 0.6344
[Train] Epoch:   8, Total:   2565, Accuracy : 0.8975, Loss: 0.1226
[Eval] Epoch:   8, Total:   1043, Accuracy : 0.7689, Loss: 0.7662
[Train] Epoch:   9, Total:   2565, Accuracy : 0.9096, Loss: 1.2177
[Eval] Epoch:   9, Total:   1043, Accuracy : 0.7785, Loss: 0.7385
[Train] Epoch:  10, Total:   2565, Accuracy : 0.9131, Loss: 0.2966
[Eval] Epoch:  10, Total:   1043, Accuracy : 0.7843, Loss: 0.7021
[Train] Epoch:  11, Total:   2565, Accuracy : 0.9216, Loss: 0.2856
[Eval] Epoch:  11, Total:   1043, Accuracy : 0.7785, Loss: 0.7095
[Train] Epoch:  12, Total:   2565, Accuracy : 0.9212, Loss: 0.0458
[Eval] Epoch:  12, Total:   1043, Accuracy : 0.7958, Loss: 0.7689
[Train] Epoch:  13, Total:   2565, Accuracy : 0.9353, Loss: 0.2045
[Eval] Epoch:  13, Total:   1043, Accuracy : 0.7661, Loss: 0.8024
[Train] Epoch:  14, Total:   2565, Accuracy : 0.9361, Loss: 0.2492
[Eval] Epoch:  14, Total:   1043, Accuracy : 0.7776, Loss: 0.7882
[Train] Epoch:  15, Total:   2565, Accuracy : 0.9548, Loss: 0.0306
[Eval] Epoch:  15, Total:   1043, Accuracy : 0.7872, Loss: 0.7210
[Train] Epoch:  16, Total:   2565, Accuracy : 0.9653, Loss: 0.0147
[Eval] Epoch:  16, Total:   1043, Accuracy : 0.7977, Loss: 0.7584
[Train] Epoch:  17, Total:   2565, Accuracy : 0.9696, Loss: 0.6091
[Eval] Epoch:  17, Total:   1043, Accuracy : 0.7939, Loss: 0.8669
[Train] Epoch:  18, Total:   2565, Accuracy : 0.9715, Loss: 0.0258
[Eval] Epoch:  18, Total:   1043, Accuracy : 0.7891, Loss: 0.8548
[Train] Epoch:  19, Total:   2565, Accuracy : 0.9750, Loss: 0.0205
[Eval] Epoch:  19, Total:   1043, Accuracy : 0.7910, Loss: 0.8568
{"epoch":[1,2,3,4,5,6,7,8,9,10,11,12,13,14,15,16,17,18,19,20],"train_loss":[0.7252853350205855,0.6819957440549677,0.6378661610863425,0.6105780872431669,0.5232484421946786,0.41727107763290405,0.3890568939122287,0.29599567367271945,0.2526839036833156,0.32543701746247033,0.24066958102312955,0.22150533036752182,0.19440094923431223,0.18195981600067831,0.17823454331267963,0.12522653862833977,0.09696998972107064,0.14191153713247992,0.08462535742331635,0.07760546220974489],"eval_loss":[0.7136767864227295,0.6478845477104187,0.5802238583564758,0.5438405215740204,0.5207070469856262,0.6103025555610657,0.618353134393692,0.6806309700012207,0.7066146075725556,0.6785091638565064,0.6504867494106292,0.6748401045799255,0.6386268496513366,0.9272520065307617,0.8718883395195007,0.7630057692527771,0.7683778882026673,0.9050949811935425,0.8501802921295166,0.8430408120155335],"train_acc":[0.31851851851851853,0.512280701754386,0.6814814814814815,0.6814814814814815,0.6830409356725147,0.8062378167641325,0.845224171539961,0.8740740740740741,0.8974658869395712,0.909551656920078,0.9130604288499026,0.9216374269005848,0.9212475633528265,0.9352826510721247,0.9360623781676414,0.9547758284600389,0.9653021442495127,0.9695906432748538,0.9715399610136453,0.9750487329434698],"eval_acc":[0.3087248322147651,0.6912751677852349,0.6912751677852349,0.6912751677852349,0.7526366251198466,0.7785234899328859,0.7727708533077661,0.7766059443911792,0.7689357622243528,0.7785234899328859,0.7842761265580057,0.7785234899328859,0.7957813998082455,0.7660594439117929,0.7775647171620326,0.7871524448705657,0.7976989453499521,0.7938638542665388,0.7890699904122723,0.7909875359539789]}
[Eval] Epoch:  11, Total:   1043, Accuracy : 0.7910, Loss: 0.8568
1043 825 4.215204060077667
