pruned_3_0.02_model_0
DatasetDict({
    train: Dataset({
        features: ['sentence', 'label', 'indexes'],
        num_rows: 171
    })
    validation: Dataset({
        features: ['sentence', 'label', 'indexes'],
        num_rows: 1043
    })
    test: Dataset({
        features: ['sentence', 'label', 'indexes'],
        num_rows: 1063
    })
})
[Train] Epoch:   0, Total:    171, Accuracy : 0.3977, Loss: 0.6996
[Eval] Epoch:   0, Total:   1043, Accuracy : 0.3087, Loss: 0.7051
[Train] Epoch:   1, Total:    171, Accuracy : 0.4094, Loss: 0.6991
[Eval] Epoch:   1, Total:   1043, Accuracy : 0.3087, Loss: 0.7043
[Train] Epoch:   2, Total:    171, Accuracy : 0.4444, Loss: 0.6999
[Eval] Epoch:   2, Total:   1043, Accuracy : 0.3087, Loss: 0.7028
[Train] Epoch:   3, Total:    171, Accuracy : 0.4795, Loss: 0.6948
[Eval] Epoch:   3, Total:   1043, Accuracy : 0.3087, Loss: 0.7005
[Train] Epoch:   4, Total:    171, Accuracy : 0.4620, Loss: 0.6935
[Eval] Epoch:   4, Total:   1043, Accuracy : 0.3097, Loss: 0.6974
[Train] Epoch:   5, Total:    171, Accuracy : 0.4854, Loss: 0.6938
[Eval] Epoch:   5, Total:   1043, Accuracy : 0.5062, Loss: 0.6936
[Train] Epoch:   6, Total:    171, Accuracy : 0.5088, Loss: 0.6909
[Eval] Epoch:   6, Total:   1043, Accuracy : 0.6874, Loss: 0.6891
[Train] Epoch:   7, Total:    171, Accuracy : 0.6023, Loss: 0.6887
[Eval] Epoch:   7, Total:   1043, Accuracy : 0.6913, Loss: 0.6842
[Train] Epoch:   8, Total:    171, Accuracy : 0.6433, Loss: 0.6843
[Eval] Epoch:   8, Total:   1043, Accuracy : 0.6913, Loss: 0.6786
[Train] Epoch:   9, Total:    171, Accuracy : 0.6199, Loss: 0.6829
[Eval] Epoch:   9, Total:   1043, Accuracy : 0.6913, Loss: 0.6723
[Train] Epoch:  10, Total:    171, Accuracy : 0.6316, Loss: 0.6795
[Eval] Epoch:  10, Total:   1043, Accuracy : 0.6913, Loss: 0.6654
[Train] Epoch:  11, Total:    171, Accuracy : 0.6491, Loss: 0.6774
[Eval] Epoch:  11, Total:   1043, Accuracy : 0.6913, Loss: 0.6579
[Train] Epoch:  12, Total:    171, Accuracy : 0.6667, Loss: 0.6757
[Eval] Epoch:  12, Total:   1043, Accuracy : 0.6913, Loss: 0.6498
[Train] Epoch:  13, Total:    171, Accuracy : 0.6608, Loss: 0.6685
[Eval] Epoch:  13, Total:   1043, Accuracy : 0.6913, Loss: 0.6411
[Train] Epoch:  14, Total:    171, Accuracy : 0.6608, Loss: 0.6688
[Eval] Epoch:  14, Total:   1043, Accuracy : 0.6913, Loss: 0.6318
[Train] Epoch:  15, Total:    171, Accuracy : 0.6608, Loss: 0.6564
[Eval] Epoch:  15, Total:   1043, Accuracy : 0.6913, Loss: 0.6217
[Train] Epoch:  16, Total:    171, Accuracy : 0.6608, Loss: 0.6465
[Eval] Epoch:  16, Total:   1043, Accuracy : 0.6913, Loss: 0.6108
[Train] Epoch:  17, Total:    171, Accuracy : 0.6608, Loss: 0.6558
[Eval] Epoch:  17, Total:   1043, Accuracy : 0.6913, Loss: 0.5996
[Train] Epoch:  18, Total:    171, Accuracy : 0.6608, Loss: 0.6506
[Eval] Epoch:  18, Total:   1043, Accuracy : 0.6913, Loss: 0.5877
[Train] Epoch:  19, Total:    171, Accuracy : 0.6608, Loss: 0.6427
[Eval] Epoch:  19, Total:   1043, Accuracy : 0.6913, Loss: 0.5749
{"epoch":[1,2,3,4,5,6,7,8,9,10,11,12,13,14,15,16,17,18,19,20],"train_loss":[0.6996171474456787,0.6991293430328369,0.6998865604400635,0.6947637796401978,0.6934957504272461,0.6938071250915527,0.6909132599830627,0.6886683106422424,0.6842858791351318,0.6829362511634827,0.6795200705528259,0.6773924231529236,0.6756823062896729,0.6685193777084351,0.6687695980072021,0.6564454436302185,0.6464558839797974,0.655793309211731,0.6505798697471619,0.6427143812179565],"eval_loss":[0.700440514087677,0.6999450564384461,0.6989743709564209,0.6975118279457092,0.6955754518508911,0.6931946277618408,0.6903962016105651,0.6873072981834412,0.6838185548782348,0.6799524068832398,0.6757391095161438,0.6711782813072205,0.6663120865821839,0.6611565589904785,0.6557068586349487,0.6499009490013122,0.6437775611877441,0.6376469969749451,0.6312926530838012,0.6246248602867126],"train_acc":[0.39766081871345027,0.4093567251461988,0.4444444444444444,0.47953216374269003,0.4619883040935672,0.4853801169590643,0.5087719298245614,0.6023391812865497,0.6432748538011696,0.6198830409356725,0.631578947368421,0.6491228070175439,0.6666666666666666,0.6608187134502924,0.6608187134502924,0.6608187134502924,0.6608187134502924,0.6608187134502924,0.6608187134502924,0.6608187134502924],"eval_acc":[0.3087248322147651,0.3087248322147651,0.3087248322147651,0.3087248322147651,0.3096836049856184,0.5062320230105465,0.6874400767018217,0.6912751677852349,0.6912751677852349,0.6912751677852349,0.6912751677852349,0.6912751677852349,0.6912751677852349,0.6912751677852349,0.6912751677852349,0.6912751677852349,0.6912751677852349,0.6912751677852349,0.6912751677852349,0.6912751677852349]}
[Eval] Epoch:  11, Total:   1043, Accuracy : 0.6913, Loss: 0.5749
1043 721 3.1231243014335632
