pruned_1_0.25_model_0
DatasetDict({
    train: Dataset({
        features: ['sentence', 'label', 'indexes'],
        num_rows: 2138
    })
    validation: Dataset({
        features: ['sentence', 'label', 'indexes'],
        num_rows: 1043
    })
    test: Dataset({
        features: ['sentence', 'label', 'indexes'],
        num_rows: 1063
    })
})
[Train] Epoch:   0, Total:   2138, Accuracy : 0.5529, Loss: 0.6735
[Eval] Epoch:   0, Total:   1043, Accuracy : 0.6913, Loss: 0.6680
[Train] Epoch:   1, Total:   2138, Accuracy : 0.7086, Loss: 0.6166
[Eval] Epoch:   1, Total:   1043, Accuracy : 0.6913, Loss: 0.5896
[Train] Epoch:   2, Total:   2138, Accuracy : 0.7105, Loss: 0.5973
[Eval] Epoch:   2, Total:   1043, Accuracy : 0.6913, Loss: 0.4651
[Train] Epoch:   3, Total:   2138, Accuracy : 0.7105, Loss: 0.6666
[Eval] Epoch:   3, Total:   1043, Accuracy : 0.6913, Loss: 0.4766
[Train] Epoch:   4, Total:   2138, Accuracy : 0.7105, Loss: 0.5617
[Eval] Epoch:   4, Total:   1043, Accuracy : 0.6913, Loss: 0.4332
[Train] Epoch:   5, Total:   2138, Accuracy : 0.7105, Loss: 0.4898
[Eval] Epoch:   5, Total:   1043, Accuracy : 0.6913, Loss: 0.3907
[Train] Epoch:   6, Total:   2138, Accuracy : 0.7152, Loss: 0.4232
[Eval] Epoch:   6, Total:   1043, Accuracy : 0.7421, Loss: 0.3990
[Train] Epoch:   7, Total:   2138, Accuracy : 0.8143, Loss: 0.3532
[Eval] Epoch:   7, Total:   1043, Accuracy : 0.7756, Loss: 0.4378
[Train] Epoch:   8, Total:   2138, Accuracy : 0.8564, Loss: 0.3406
[Eval] Epoch:   8, Total:   1043, Accuracy : 0.7939, Loss: 0.4730
[Train] Epoch:   9, Total:   2138, Accuracy : 0.8761, Loss: 0.3358
[Eval] Epoch:   9, Total:   1043, Accuracy : 0.7728, Loss: 0.6227
[Train] Epoch:  10, Total:   2138, Accuracy : 0.8854, Loss: 0.4119
[Eval] Epoch:  10, Total:   1043, Accuracy : 0.7891, Loss: 0.4734
[Train] Epoch:  11, Total:   2138, Accuracy : 0.8999, Loss: 0.3177
[Eval] Epoch:  11, Total:   1043, Accuracy : 0.7766, Loss: 0.6695
[Train] Epoch:  12, Total:   2138, Accuracy : 0.8999, Loss: 0.2588
[Eval] Epoch:  12, Total:   1043, Accuracy : 0.8035, Loss: 0.4915
[Train] Epoch:  13, Total:   2138, Accuracy : 0.8999, Loss: 0.1681
[Eval] Epoch:  13, Total:   1043, Accuracy : 0.7967, Loss: 0.7175
[Train] Epoch:  14, Total:   2138, Accuracy : 0.9233, Loss: 0.1505
[Eval] Epoch:  14, Total:   1043, Accuracy : 0.7929, Loss: 0.7515
[Train] Epoch:  15, Total:   2138, Accuracy : 0.9331, Loss: 0.1122
[Eval] Epoch:  15, Total:   1043, Accuracy : 0.7929, Loss: 0.6302
[Train] Epoch:  16, Total:   2138, Accuracy : 0.9429, Loss: 0.1322
[Eval] Epoch:  16, Total:   1043, Accuracy : 0.7891, Loss: 0.7220
[Train] Epoch:  17, Total:   2138, Accuracy : 0.9565, Loss: 0.1565
[Eval] Epoch:  17, Total:   1043, Accuracy : 0.7862, Loss: 0.7536
[Train] Epoch:  18, Total:   2138, Accuracy : 0.9532, Loss: 0.1359
[Eval] Epoch:  18, Total:   1043, Accuracy : 0.7843, Loss: 0.7919
[Train] Epoch:  19, Total:   2138, Accuracy : 0.9584, Loss: 0.0876
[Eval] Epoch:  19, Total:   1043, Accuracy : 0.7852, Loss: 0.7849
{"epoch":[1,2,3,4,5,6,7,8,9,10,11,12,13,14,15,16,17,18,19,20],"train_loss":[0.6879773206180997,0.6552989681561788,0.6167064309120178,0.6056740482648214,0.5835035774442885,0.5342879460917579,0.4612234897083706,0.3819468319416046,0.3448239432440864,0.3107815318637424,0.3021099368731181,0.2753560675515069,0.27138914002312553,0.24816063708729214,0.2103422698047426,0.18675222413407433,0.16472077369689941,0.14201204975446066,0.13434034172031614,0.12595700058672163],"eval_loss":[0.6775071740150451,0.6327252984046936,0.5870836019515991,0.5824199140071868,0.5497951805591583,0.504148679971695,0.4772325873374939,0.5791186690330505,0.5367256999015808,0.7056059420108796,0.6224776923656463,0.7150932252407074,0.5956481337547302,0.6970439553260803,0.7374796211719513,0.6868574440479278,0.7821828722953796,0.8128080844879151,0.8606583714485169,0.8500664949417114],"train_acc":[0.5528531337698784,0.7086061739943873,0.7104770813844715,0.7104770813844715,0.7104770813844715,0.7104770813844715,0.715154349859682,0.8143124415341441,0.8564078578110383,0.8760523854069223,0.8854069223573433,0.8999064546304958,0.8999064546304958,0.8999064546304958,0.9232927970065482,0.9331150608044901,0.9429373246024322,0.9565014031805426,0.9532273152478953,0.9583723105706268],"eval_acc":[0.6912751677852349,0.6912751677852349,0.6912751677852349,0.6912751677852349,0.6912751677852349,0.6912751677852349,0.7420901246404602,0.775647171620326,0.7938638542665388,0.7727708533077661,0.7890699904122723,0.7766059443911792,0.8034515819750719,0.7967401725790988,0.7929050814956855,0.7929050814956855,0.7890699904122723,0.7861936720997124,0.7842761265580057,0.785234899328859]}
[Eval] Epoch:  11, Total:   1043, Accuracy : 0.7852, Loss: 0.7849
1043 819 4.250332474708557
