pruned_3_0.75_model_0
DatasetDict({
    train: Dataset({
        features: ['sentence', 'label', 'indexes'],
        num_rows: 6413
    })
    validation: Dataset({
        features: ['sentence', 'label', 'indexes'],
        num_rows: 1043
    })
    test: Dataset({
        features: ['sentence', 'label', 'indexes'],
        num_rows: 1063
    })
})
[Train] Epoch:   0, Total:   6413, Accuracy : 0.5458, Loss: 0.5644
[Eval] Epoch:   0, Total:   1043, Accuracy : 0.6913, Loss: 0.4726
[Train] Epoch:   1, Total:   6413, Accuracy : 0.7117, Loss: 0.4871
[Eval] Epoch:   1, Total:   1043, Accuracy : 0.6913, Loss: 0.4137
[Train] Epoch:   2, Total:   6413, Accuracy : 0.7500, Loss: 0.4351
[Eval] Epoch:   2, Total:   1043, Accuracy : 0.8121, Loss: 0.4450
[Train] Epoch:   3, Total:   6413, Accuracy : 0.8336, Loss: 0.5217
[Eval] Epoch:   3, Total:   1043, Accuracy : 0.8035, Loss: 0.4792
[Train] Epoch:   4, Total:   6413, Accuracy : 0.8748, Loss: 0.5940
[Eval] Epoch:   4, Total:   1043, Accuracy : 0.8188, Loss: 0.5232
[Train] Epoch:   5, Total:   6413, Accuracy : 0.9050, Loss: 0.3207
[Eval] Epoch:   5, Total:   1043, Accuracy : 0.8159, Loss: 0.5938
[Train] Epoch:   6, Total:   6413, Accuracy : 0.9292, Loss: 0.2222
[Eval] Epoch:   6, Total:   1043, Accuracy : 0.8121, Loss: 0.5357
[Train] Epoch:   7, Total:   6413, Accuracy : 0.9395, Loss: 0.0583
[Eval] Epoch:   7, Total:   1043, Accuracy : 0.8217, Loss: 0.5568
[Train] Epoch:   8, Total:   6413, Accuracy : 0.9425, Loss: 0.2407
[Eval] Epoch:   8, Total:   1043, Accuracy : 0.8265, Loss: 0.5034
[Train] Epoch:   9, Total:   6413, Accuracy : 0.9490, Loss: 0.0354
[Eval] Epoch:   9, Total:   1043, Accuracy : 0.8207, Loss: 0.5253
[Train] Epoch:  10, Total:   6413, Accuracy : 0.9473, Loss: 0.2483
[Eval] Epoch:  10, Total:   1043, Accuracy : 0.8226, Loss: 0.4873
[Train] Epoch:  11, Total:   6413, Accuracy : 0.9443, Loss: 0.0809
[Eval] Epoch:  11, Total:   1043, Accuracy : 0.8207, Loss: 0.4397
[Train] Epoch:  12, Total:   6413, Accuracy : 0.9531, Loss: 0.0906
[Eval] Epoch:  12, Total:   1043, Accuracy : 0.8188, Loss: 0.4331
[Train] Epoch:  13, Total:   6413, Accuracy : 0.9604, Loss: 0.0306
[Eval] Epoch:  13, Total:   1043, Accuracy : 0.8236, Loss: 0.5161
[Train] Epoch:  14, Total:   6413, Accuracy : 0.9719, Loss: 0.0103
[Eval] Epoch:  14, Total:   1043, Accuracy : 0.8178, Loss: 0.7569
[Train] Epoch:  15, Total:   6413, Accuracy : 0.9746, Loss: 0.0081
[Eval] Epoch:  15, Total:   1043, Accuracy : 0.8130, Loss: 0.8241
[Train] Epoch:  16, Total:   6413, Accuracy : 0.9779, Loss: 0.0655
[Eval] Epoch:  16, Total:   1043, Accuracy : 0.8073, Loss: 0.9221
[Train] Epoch:  17, Total:   6413, Accuracy : 0.9813, Loss: 0.0705
[Eval] Epoch:  17, Total:   1043, Accuracy : 0.8082, Loss: 0.9096
[Train] Epoch:  18, Total:   6413, Accuracy : 0.9841, Loss: 0.0319
[Eval] Epoch:  18, Total:   1043, Accuracy : 0.8102, Loss: 0.8989
[Train] Epoch:  19, Total:   6413, Accuracy : 0.9822, Loss: 0.0657
[Eval] Epoch:  19, Total:   1043, Accuracy : 0.8073, Loss: 0.9069
{"epoch":[1,2,3,4,5,6,7,8,9,10,11,12,13,14,15,16,17,18,19,20],"train_loss":[0.6707994708648095,0.5897169686280764,0.4839249677382983,0.3968876726352252,0.3296947576678716,0.2619078984627357,0.20653681858227804,0.1757938827459629,0.17098280386282846,0.1479074563831091,0.15994437239491022,0.15725093392225412,0.1403566928437123,0.11249946158092755,0.09146087652502152,0.08246511951662026,0.07378213164898065,0.061705992772029,0.053174334685676374,0.0552381151714004],"eval_loss":[0.586599063873291,0.5192619621753692,0.43508036732673644,0.5269265174865723,0.4996054768562317,0.6005142152309417,0.6026777446269989,0.6289703607559204,0.5952466130256653,0.6140221297740937,0.5953780889511109,0.5941100239753723,0.6284179985523224,0.6469204783439636,0.7645296931266785,0.7571972012519836,0.8571187496185303,0.8605972528457642,0.8503843784332276,0.8561893343925476],"train_acc":[0.5457664119756744,0.7116794012162795,0.7500389833151411,0.8336192109777015,0.8747855917667239,0.9050366443162327,0.9292062997037268,0.9394978949009823,0.9424606268517075,0.9490098237954155,0.9472945579292062,0.9443318259784812,0.953064088570092,0.9603929518166224,0.9719320130983938,0.97458287852799,0.977857476999844,0.9812880087322626,0.9840948074224232,0.9822236082956495],"eval_acc":[0.6912751677852349,0.6912751677852349,0.8120805369127517,0.8034515819750719,0.8187919463087249,0.8159156279961649,0.8120805369127517,0.8216682646212847,0.8264621284755513,0.8207094918504314,0.822627037392138,0.8207094918504314,0.8187919463087249,0.8235858101629914,0.8178331735378715,0.8130393096836049,0.8072866730584851,0.8082454458293384,0.8101629913710451,0.8072866730584851]}
[Eval] Epoch:  11, Total:   1043, Accuracy : 0.8073, Loss: 0.9069
1043 842 4.280946671962738
