pruned_3_0.4_model_0
DatasetDict({
    train: Dataset({
        features: ['sentence', 'label', 'indexes'],
        num_rows: 3420
    })
    validation: Dataset({
        features: ['sentence', 'label', 'indexes'],
        num_rows: 1043
    })
    test: Dataset({
        features: ['sentence', 'label', 'indexes'],
        num_rows: 1063
    })
})
[Train] Epoch:   0, Total:   3420, Accuracy : 0.6608, Loss: 0.6411
[Eval] Epoch:   0, Total:   1043, Accuracy : 0.6913, Loss: 0.6070
[Train] Epoch:   1, Total:   3420, Accuracy : 0.7132, Loss: 0.6210
[Eval] Epoch:   1, Total:   1043, Accuracy : 0.6913, Loss: 0.4546
[Train] Epoch:   2, Total:   3420, Accuracy : 0.7132, Loss: 0.5312
[Eval] Epoch:   2, Total:   1043, Accuracy : 0.6913, Loss: 0.4452
[Train] Epoch:   3, Total:   3420, Accuracy : 0.7132, Loss: 0.5510
[Eval] Epoch:   3, Total:   1043, Accuracy : 0.6913, Loss: 0.4211
[Train] Epoch:   4, Total:   3420, Accuracy : 0.7173, Loss: 0.3893
[Eval] Epoch:   4, Total:   1043, Accuracy : 0.7526, Loss: 0.3440
[Train] Epoch:   5, Total:   3420, Accuracy : 0.8412, Loss: 0.4287
[Eval] Epoch:   5, Total:   1043, Accuracy : 0.8140, Loss: 0.3566
[Train] Epoch:   6, Total:   3420, Accuracy : 0.8640, Loss: 0.2955
[Eval] Epoch:   6, Total:   1043, Accuracy : 0.8025, Loss: 0.3737
[Train] Epoch:   7, Total:   3420, Accuracy : 0.8909, Loss: 0.2958
[Eval] Epoch:   7, Total:   1043, Accuracy : 0.8025, Loss: 0.3064
[Train] Epoch:   8, Total:   3420, Accuracy : 0.9091, Loss: 0.1526
[Eval] Epoch:   8, Total:   1043, Accuracy : 0.8063, Loss: 0.2853
[Train] Epoch:   9, Total:   3420, Accuracy : 0.9140, Loss: 0.1625
[Eval] Epoch:   9, Total:   1043, Accuracy : 0.8159, Loss: 0.2996
[Train] Epoch:  10, Total:   3420, Accuracy : 0.9173, Loss: 0.2749
[Eval] Epoch:  10, Total:   1043, Accuracy : 0.8044, Loss: 0.2828
[Train] Epoch:  11, Total:   3420, Accuracy : 0.9254, Loss: 0.2442
[Eval] Epoch:  11, Total:   1043, Accuracy : 0.8207, Loss: 0.4546
[Train] Epoch:  12, Total:   3420, Accuracy : 0.9249, Loss: 0.1411
[Eval] Epoch:  12, Total:   1043, Accuracy : 0.8102, Loss: 0.3202
[Train] Epoch:  13, Total:   3420, Accuracy : 0.9404, Loss: 0.1737
[Eval] Epoch:  13, Total:   1043, Accuracy : 0.8159, Loss: 0.3718
[Train] Epoch:  14, Total:   3420, Accuracy : 0.9427, Loss: 0.0636
[Eval] Epoch:  14, Total:   1043, Accuracy : 0.7939, Loss: 0.7004
[Train] Epoch:  15, Total:   3420, Accuracy : 0.9582, Loss: 0.1920
[Eval] Epoch:  15, Total:   1043, Accuracy : 0.8015, Loss: 0.6253
[Train] Epoch:  16, Total:   3420, Accuracy : 0.9620, Loss: 0.0727
[Eval] Epoch:  16, Total:   1043, Accuracy : 0.8140, Loss: 0.4251
[Train] Epoch:  17, Total:   3420, Accuracy : 0.9620, Loss: 0.1096
[Eval] Epoch:  17, Total:   1043, Accuracy : 0.8121, Loss: 0.5338
[Train] Epoch:  18, Total:   3420, Accuracy : 0.9725, Loss: 0.0553
[Eval] Epoch:  18, Total:   1043, Accuracy : 0.8111, Loss: 0.5702
[Train] Epoch:  19, Total:   3420, Accuracy : 0.9678, Loss: 0.1469
[Eval] Epoch:  19, Total:   1043, Accuracy : 0.8121, Loss: 0.5665
{"epoch":[1,2,3,4,5,6,7,8,9,10,11,12,13,14,15,16,17,18,19,20],"train_loss":[0.674124321767262,0.6127289235591888,0.5904141579355512,0.5498387047222683,0.47416230610438753,0.3884976421083723,0.3275364956685475,0.2809582192982946,0.2415815144777298,0.23139176411288126,0.2290635992373739,0.21540523959057672,0.21094026842287608,0.17992665831531798,0.16153088531323842,0.13894369719283922,0.11560519332332271,0.11904089631778854,0.09959798652146544,0.10496945147003446],"eval_loss":[0.6426665544509887,0.5868065595626831,0.5618728816509246,0.49574572443962095,0.5101383984088897,0.502086478471756,0.47940370440483093,0.53877494931221,0.553163880109787,0.5186248302459717,0.5574021697044372,0.4973039925098419,0.6138610601425171,0.5485572278499603,0.716476035118103,0.7313805878162384,0.6578370571136475,0.6905759334564209,0.7160791873931884,0.712576949596405],"train_acc":[0.6608187134502924,0.7131578947368421,0.7131578947368421,0.7131578947368421,0.7172514619883041,0.8412280701754385,0.8640350877192983,0.8909356725146199,0.9090643274853801,0.9140350877192982,0.9172514619883041,0.9254385964912281,0.9248538011695906,0.9403508771929825,0.9426900584795321,0.958187134502924,0.9619883040935673,0.9619883040935673,0.9725146198830409,0.9678362573099415],"eval_acc":[0.6912751677852349,0.6912751677852349,0.6912751677852349,0.6912751677852349,0.7526366251198466,0.8139980824544583,0.8024928092042186,0.8024928092042186,0.8063279002876318,0.8159156279961649,0.8044103547459253,0.8207094918504314,0.8101629913710451,0.8159156279961649,0.7938638542665388,0.8015340364333653,0.8139980824544583,0.8120805369127517,0.8111217641418984,0.8120805369127517]}
[Eval] Epoch:  11, Total:   1043, Accuracy : 0.8121, Loss: 0.5665
1043 847 3.562884747982025
