pruned_1_0.05_model_0
DatasetDict({
    train: Dataset({
        features: ['sentence', 'label', 'indexes'],
        num_rows: 427
    })
    validation: Dataset({
        features: ['sentence', 'label', 'indexes'],
        num_rows: 1043
    })
    test: Dataset({
        features: ['sentence', 'label', 'indexes'],
        num_rows: 1063
    })
})
[Train] Epoch:   0, Total:    427, Accuracy : 0.6768, Loss: 0.6479
[Eval] Epoch:   0, Total:   1043, Accuracy : 0.6913, Loss: 0.6013
[Train] Epoch:   1, Total:    427, Accuracy : 0.6768, Loss: 0.6535
[Eval] Epoch:   1, Total:   1043, Accuracy : 0.6913, Loss: 0.5984
[Train] Epoch:   2, Total:    427, Accuracy : 0.6768, Loss: 0.6251
[Eval] Epoch:   2, Total:   1043, Accuracy : 0.6913, Loss: 0.5933
[Train] Epoch:   3, Total:    427, Accuracy : 0.6768, Loss: 0.6478
[Eval] Epoch:   3, Total:   1043, Accuracy : 0.6913, Loss: 0.5857
[Train] Epoch:   4, Total:    427, Accuracy : 0.6768, Loss: 0.6430
[Eval] Epoch:   4, Total:   1043, Accuracy : 0.6913, Loss: 0.5759
[Train] Epoch:   5, Total:    427, Accuracy : 0.6768, Loss: 0.6102
[Eval] Epoch:   5, Total:   1043, Accuracy : 0.6913, Loss: 0.5646
[Train] Epoch:   6, Total:    427, Accuracy : 0.6768, Loss: 0.6401
[Eval] Epoch:   6, Total:   1043, Accuracy : 0.6913, Loss: 0.5514
[Train] Epoch:   7, Total:    427, Accuracy : 0.6768, Loss: 0.6277
[Eval] Epoch:   7, Total:   1043, Accuracy : 0.6913, Loss: 0.5366
[Train] Epoch:   8, Total:    427, Accuracy : 0.6768, Loss: 0.6492
[Eval] Epoch:   8, Total:   1043, Accuracy : 0.6913, Loss: 0.5206
[Train] Epoch:   9, Total:    427, Accuracy : 0.6768, Loss: 0.6260
[Eval] Epoch:   9, Total:   1043, Accuracy : 0.6913, Loss: 0.5036
[Train] Epoch:  10, Total:    427, Accuracy : 0.6768, Loss: 0.6106
[Eval] Epoch:  10, Total:   1043, Accuracy : 0.6913, Loss: 0.4917
[Train] Epoch:  11, Total:    427, Accuracy : 0.6768, Loss: 0.6767
[Eval] Epoch:  11, Total:   1043, Accuracy : 0.6913, Loss: 0.4785
[Train] Epoch:  12, Total:    427, Accuracy : 0.6768, Loss: 0.6324
[Eval] Epoch:  12, Total:   1043, Accuracy : 0.6913, Loss: 0.4707
[Train] Epoch:  13, Total:    427, Accuracy : 0.6768, Loss: 0.6045
[Eval] Epoch:  13, Total:   1043, Accuracy : 0.6913, Loss: 0.4671
[Train] Epoch:  14, Total:    427, Accuracy : 0.6768, Loss: 0.6491
[Eval] Epoch:  14, Total:   1043, Accuracy : 0.6913, Loss: 0.4689
[Train] Epoch:  15, Total:    427, Accuracy : 0.6768, Loss: 0.6276
[Eval] Epoch:  15, Total:   1043, Accuracy : 0.6913, Loss: 0.4772
[Train] Epoch:  16, Total:    427, Accuracy : 0.6768, Loss: 0.6088
[Eval] Epoch:  16, Total:   1043, Accuracy : 0.6913, Loss: 0.4901
[Train] Epoch:  17, Total:    427, Accuracy : 0.6768, Loss: 0.5997
[Eval] Epoch:  17, Total:   1043, Accuracy : 0.6913, Loss: 0.4945
[Train] Epoch:  18, Total:    427, Accuracy : 0.6768, Loss: 0.6114
[Eval] Epoch:  18, Total:   1043, Accuracy : 0.6913, Loss: 0.4946
[Train] Epoch:  19, Total:    427, Accuracy : 0.6745, Loss: 0.6068
[Eval] Epoch:  19, Total:   1043, Accuracy : 0.6913, Loss: 0.4751
{"epoch":[1,2,3,4,5,6,7,8,9,10,11,12,13,14,15,16,17,18,19,20],"train_loss":[0.654148131608963,0.6515046060085297,0.6455688774585724,0.6482865214347839,0.6452557444572449,0.6370642185211182,0.6424817144870758,0.6343795955181122,0.6358388066291809,0.6308401226997375,0.6297327280044556,0.6401386559009552,0.6338389217853546,0.6250944435596466,0.6336187124252319,0.6296671032905579,0.6254899203777313,0.6104387938976288,0.619117945432663,0.6087041795253754],"eval_loss":[0.6388298749923706,0.6372463941574097,0.6345254421234131,0.6305761694908142,0.6255856275558471,0.6200261354446411,0.6138524293899537,0.6073918342590332,0.6009359240531922,0.5950348496437072,0.5918623924255371,0.5899152278900146,0.5900707244873047,0.5891957819461823,0.5875851809978485,0.5856648027896881,0.5865860700607299,0.5860837280750275,0.5834702849388123,0.5754187226295471],"train_acc":[0.6768149882903981,0.6768149882903981,0.6768149882903981,0.6768149882903981,0.6768149882903981,0.6768149882903981,0.6768149882903981,0.6768149882903981,0.6768149882903981,0.6768149882903981,0.6768149882903981,0.6768149882903981,0.6768149882903981,0.6768149882903981,0.6768149882903981,0.6768149882903981,0.6768149882903981,0.6768149882903981,0.6768149882903981,0.6744730679156908],"eval_acc":[0.6912751677852349,0.6912751677852349,0.6912751677852349,0.6912751677852349,0.6912751677852349,0.6912751677852349,0.6912751677852349,0.6912751677852349,0.6912751677852349,0.6912751677852349,0.6912751677852349,0.6912751677852349,0.6912751677852349,0.6912751677852349,0.6912751677852349,0.6912751677852349,0.6912751677852349,0.6912751677852349,0.6912751677852349,0.6912751677852349]}
[Eval] Epoch:  11, Total:   1043, Accuracy : 0.6913, Loss: 0.4751
1043 721 2.8770936131477356
