random_0.005_model_0
DatasetDict({
    train: Dataset({
        features: ['sentence', 'label', 'indexes'],
        num_rows: 43
    })
    validation: Dataset({
        features: ['sentence', 'label', 'indexes'],
        num_rows: 1043
    })
    test: Dataset({
        features: ['sentence', 'label', 'indexes'],
        num_rows: 1063
    })
})
[Train] Epoch:   0, Total:     43, Accuracy : 0.6744, Loss: 0.6797
[Eval] Epoch:   0, Total:   1043, Accuracy : 0.6913, Loss: 0.6643
[Train] Epoch:   1, Total:     43, Accuracy : 0.6512, Loss: 0.6814
[Eval] Epoch:   1, Total:   1043, Accuracy : 0.6913, Loss: 0.6636
[Train] Epoch:   2, Total:     43, Accuracy : 0.6279, Loss: 0.6761
[Eval] Epoch:   2, Total:   1043, Accuracy : 0.6913, Loss: 0.6622
[Train] Epoch:   3, Total:     43, Accuracy : 0.6047, Loss: 0.6815
[Eval] Epoch:   3, Total:   1043, Accuracy : 0.6913, Loss: 0.6602
[Train] Epoch:   4, Total:     43, Accuracy : 0.6512, Loss: 0.6832
[Eval] Epoch:   4, Total:   1043, Accuracy : 0.6913, Loss: 0.6575
[Train] Epoch:   5, Total:     43, Accuracy : 0.6744, Loss: 0.6754
[Eval] Epoch:   5, Total:   1043, Accuracy : 0.6913, Loss: 0.6541
[Train] Epoch:   6, Total:     43, Accuracy : 0.6512, Loss: 0.6813
[Eval] Epoch:   6, Total:   1043, Accuracy : 0.6913, Loss: 0.6500
[Train] Epoch:   7, Total:     43, Accuracy : 0.6512, Loss: 0.6744
[Eval] Epoch:   7, Total:   1043, Accuracy : 0.6913, Loss: 0.6453
[Train] Epoch:   8, Total:     43, Accuracy : 0.6512, Loss: 0.6742
[Eval] Epoch:   8, Total:   1043, Accuracy : 0.6913, Loss: 0.6400
[Train] Epoch:   9, Total:     43, Accuracy : 0.6512, Loss: 0.6697
[Eval] Epoch:   9, Total:   1043, Accuracy : 0.6913, Loss: 0.6341
[Train] Epoch:  10, Total:     43, Accuracy : 0.6512, Loss: 0.6612
[Eval] Epoch:  10, Total:   1043, Accuracy : 0.6913, Loss: 0.6274
[Train] Epoch:  11, Total:     43, Accuracy : 0.6512, Loss: 0.6663
[Eval] Epoch:  11, Total:   1043, Accuracy : 0.6913, Loss: 0.6202
[Train] Epoch:  12, Total:     43, Accuracy : 0.6512, Loss: 0.6632
[Eval] Epoch:  12, Total:   1043, Accuracy : 0.6913, Loss: 0.6123
[Train] Epoch:  13, Total:     43, Accuracy : 0.6512, Loss: 0.6531
[Eval] Epoch:  13, Total:   1043, Accuracy : 0.6913, Loss: 0.6036
[Train] Epoch:  14, Total:     43, Accuracy : 0.6512, Loss: 0.6703
[Eval] Epoch:  14, Total:   1043, Accuracy : 0.6913, Loss: 0.5943
[Train] Epoch:  15, Total:     43, Accuracy : 0.6512, Loss: 0.6574
[Eval] Epoch:  15, Total:   1043, Accuracy : 0.6913, Loss: 0.5847
[Train] Epoch:  16, Total:     43, Accuracy : 0.6512, Loss: 0.6589
[Eval] Epoch:  16, Total:   1043, Accuracy : 0.6913, Loss: 0.5747
[Train] Epoch:  17, Total:     43, Accuracy : 0.6512, Loss: 0.6492
[Eval] Epoch:  17, Total:   1043, Accuracy : 0.6913, Loss: 0.5643
[Train] Epoch:  18, Total:     43, Accuracy : 0.6512, Loss: 0.6523
[Eval] Epoch:  18, Total:   1043, Accuracy : 0.6913, Loss: 0.5540
[Train] Epoch:  19, Total:     43, Accuracy : 0.6512, Loss: 0.6377
[Eval] Epoch:  19, Total:   1043, Accuracy : 0.6913, Loss: 0.5438
{"epoch":[1,2,3,4,5,6,7,8,9,10,11,12,13,14,15,16,17,18,19,20],"train_loss":[0.6796873807907104,0.6813937425613403,0.6761307120323181,0.6814976334571838,0.6832281947135925,0.6754127740859985,0.6812601089477539,0.6743834018707275,0.6742100715637207,0.669745147228241,0.6612018942832947,0.6662701964378357,0.6631602644920349,0.6531468033790588,0.6703399419784546,0.6574491262435913,0.6589329838752747,0.6492207646369934,0.6523497104644775,0.6377023458480835],"eval_loss":[0.6754753947257995,0.6750580787658691,0.6742231130599976,0.6729912996292114,0.6713408350944519,0.6692861676216125,0.6668779611587524,0.6640927910804748,0.6609437108039856,0.6574653148651123,0.653623354434967,0.6494951367378234,0.6450803875923157,0.6402783632278443,0.6353132247924804,0.6302613615989685,0.6250967979431152,0.6199576735496521,0.6150169849395752,0.6103731513023376],"train_acc":[0.6744186046511628,0.6511627906976745,0.627906976744186,0.6046511627906976,0.6511627906976745,0.6744186046511628,0.6511627906976745,0.6511627906976745,0.6511627906976745,0.6511627906976745,0.6511627906976745,0.6511627906976745,0.6511627906976745,0.6511627906976745,0.6511627906976745,0.6511627906976745,0.6511627906976745,0.6511627906976745,0.6511627906976745,0.6511627906976745],"eval_acc":[0.6912751677852349,0.6912751677852349,0.6912751677852349,0.6912751677852349,0.6912751677852349,0.6912751677852349,0.6912751677852349,0.6912751677852349,0.6912751677852349,0.6912751677852349,0.6912751677852349,0.6912751677852349,0.6912751677852349,0.6912751677852349,0.6912751677852349,0.6912751677852349,0.6912751677852349,0.6912751677852349,0.6912751677852349,0.6912751677852349]}
[Eval] Epoch:  11, Total:   1043, Accuracy : 0.6913, Loss: 0.5438
1043 721 3.0518657565116882
