pruned_2_0.5_model_0
DatasetDict({
    train: Dataset({
        features: ['sentence', 'label', 'indexes'],
        num_rows: 4275
    })
    validation: Dataset({
        features: ['sentence', 'label', 'indexes'],
        num_rows: 1043
    })
    test: Dataset({
        features: ['sentence', 'label', 'indexes'],
        num_rows: 1063
    })
})
[Train] Epoch:   0, Total:   4275, Accuracy : 0.6234, Loss: 0.6358
[Eval] Epoch:   0, Total:   1043, Accuracy : 0.6913, Loss: 0.5788
[Train] Epoch:   1, Total:   4275, Accuracy : 0.6912, Loss: 0.6246
[Eval] Epoch:   1, Total:   1043, Accuracy : 0.6913, Loss: 0.4855
[Train] Epoch:   2, Total:   4275, Accuracy : 0.6912, Loss: 0.4953
[Eval] Epoch:   2, Total:   1043, Accuracy : 0.6913, Loss: 0.4193
[Train] Epoch:   3, Total:   4275, Accuracy : 0.7586, Loss: 0.5133
[Eval] Epoch:   3, Total:   1043, Accuracy : 0.7728, Loss: 0.5375
[Train] Epoch:   4, Total:   4275, Accuracy : 0.8414, Loss: 0.3784
[Eval] Epoch:   4, Total:   1043, Accuracy : 0.7766, Loss: 0.6813
[Train] Epoch:   5, Total:   4275, Accuracy : 0.8690, Loss: 0.2533
[Eval] Epoch:   5, Total:   1043, Accuracy : 0.7929, Loss: 0.7824
[Train] Epoch:   6, Total:   4275, Accuracy : 0.8985, Loss: 0.2325
[Eval] Epoch:   6, Total:   1043, Accuracy : 0.7996, Loss: 0.9030
[Train] Epoch:   7, Total:   4275, Accuracy : 0.9170, Loss: 0.2348
[Eval] Epoch:   7, Total:   1043, Accuracy : 0.7929, Loss: 0.9271
[Train] Epoch:   8, Total:   4275, Accuracy : 0.9261, Loss: 0.1548
[Eval] Epoch:   8, Total:   1043, Accuracy : 0.7910, Loss: 0.9226
[Train] Epoch:   9, Total:   4275, Accuracy : 0.9317, Loss: 0.1888
[Eval] Epoch:   9, Total:   1043, Accuracy : 0.8054, Loss: 0.9704
[Train] Epoch:  10, Total:   4275, Accuracy : 0.9340, Loss: 0.1495
[Eval] Epoch:  10, Total:   1043, Accuracy : 0.7977, Loss: 0.9655
[Train] Epoch:  11, Total:   4275, Accuracy : 0.9263, Loss: 0.1636
[Eval] Epoch:  11, Total:   1043, Accuracy : 0.7948, Loss: 0.9728
[Train] Epoch:  12, Total:   4275, Accuracy : 0.9408, Loss: 0.1673
[Eval] Epoch:  12, Total:   1043, Accuracy : 0.8035, Loss: 1.1268
[Train] Epoch:  13, Total:   4275, Accuracy : 0.9497, Loss: 0.2014
[Eval] Epoch:  13, Total:   1043, Accuracy : 0.7958, Loss: 1.0290
[Train] Epoch:  14, Total:   4275, Accuracy : 0.9628, Loss: 0.0663
[Eval] Epoch:  14, Total:   1043, Accuracy : 0.8092, Loss: 1.0889
[Train] Epoch:  15, Total:   4275, Accuracy : 0.9675, Loss: 0.1268
[Eval] Epoch:  15, Total:   1043, Accuracy : 0.8150, Loss: 1.1780
[Train] Epoch:  16, Total:   4275, Accuracy : 0.9722, Loss: 0.0408
[Eval] Epoch:  16, Total:   1043, Accuracy : 0.8169, Loss: 1.1394
[Train] Epoch:  17, Total:   4275, Accuracy : 0.9738, Loss: 0.0820
[Eval] Epoch:  17, Total:   1043, Accuracy : 0.8063, Loss: 1.1834
[Train] Epoch:  18, Total:   4275, Accuracy : 0.9827, Loss: 0.1007
[Eval] Epoch:  18, Total:   1043, Accuracy : 0.8082, Loss: 1.1975
[Train] Epoch:  19, Total:   4275, Accuracy : 0.9766, Loss: 0.0968
[Eval] Epoch:  19, Total:   1043, Accuracy : 0.8082, Loss: 1.1967
{"epoch":[1,2,3,4,5,6,7,8,9,10,11,12,13,14,15,16,17,18,19,20],"train_loss":[0.6740144491195679,0.6215872659402735,0.5673553628080031,0.47330260276794434,0.38892481256933775,0.32333815799039956,0.27000437413944917,0.22922435928793514,0.20650069766184864,0.195006705382291,0.18256469772142522,0.2001223862171173,0.16595636965597377,0.14014052994111004,0.12012694688404307,0.10745623488636578,0.08973420411348343,0.08071045292650952,0.0698764849015895,0.07759871355750982],"eval_loss":[0.6268298387527466,0.5748969078063965,0.49904572367668154,0.5501388967037201,0.640713095664978,0.6236423075199127,0.6543477594852447,0.7266829490661622,0.7315467238426209,0.6818720579147339,0.7233221054077148,0.7843309044837952,0.7972249150276184,0.8427899599075317,0.7747679829597474,0.7901293158531189,0.790788996219635,0.8856412887573242,0.9082975387573242,0.9004798889160156],"train_acc":[0.623391812865497,0.6912280701754386,0.6912280701754386,0.7585964912280702,0.8414035087719298,0.8690058479532163,0.8984795321637427,0.9169590643274854,0.9260818713450293,0.9316959064327486,0.9340350877192982,0.9263157894736842,0.9408187134502924,0.9497076023391813,0.9628070175438597,0.9674853801169591,0.9721637426900585,0.9738011695906432,0.9826900584795322,0.9766081871345029],"eval_acc":[0.6912751677852349,0.6912751677852349,0.6912751677852349,0.7727708533077661,0.7766059443911792,0.7929050814956855,0.7996164908916586,0.7929050814956855,0.7909875359539789,0.8053691275167785,0.7976989453499521,0.7948226270373921,0.8034515819750719,0.7957813998082455,0.8092042186001918,0.8149568552253116,0.8168744007670182,0.8063279002876318,0.8082454458293384,0.8082454458293384]}
[Eval] Epoch:  11, Total:   1043, Accuracy : 0.8082, Loss: 1.1967
1043 843 4.502399444580078
