pruned_2_0.005_model_0
DatasetDict({
    train: Dataset({
        features: ['sentence', 'label', 'indexes'],
        num_rows: 42
    })
    validation: Dataset({
        features: ['sentence', 'label', 'indexes'],
        num_rows: 1043
    })
    test: Dataset({
        features: ['sentence', 'label', 'indexes'],
        num_rows: 1063
    })
})
[Train] Epoch:   0, Total:     42, Accuracy : 0.4048, Loss: 0.7123
[Eval] Epoch:   0, Total:   1043, Accuracy : 0.3087, Loss: 0.7662
[Train] Epoch:   1, Total:     42, Accuracy : 0.4762, Loss: 0.7102
[Eval] Epoch:   1, Total:   1043, Accuracy : 0.3087, Loss: 0.7654
[Train] Epoch:   2, Total:     42, Accuracy : 0.4048, Loss: 0.7216
[Eval] Epoch:   2, Total:   1043, Accuracy : 0.3087, Loss: 0.7637
[Train] Epoch:   3, Total:     42, Accuracy : 0.4286, Loss: 0.7049
[Eval] Epoch:   3, Total:   1043, Accuracy : 0.3087, Loss: 0.7614
[Train] Epoch:   4, Total:     42, Accuracy : 0.4048, Loss: 0.7099
[Eval] Epoch:   4, Total:   1043, Accuracy : 0.3087, Loss: 0.7582
[Train] Epoch:   5, Total:     42, Accuracy : 0.4524, Loss: 0.7035
[Eval] Epoch:   5, Total:   1043, Accuracy : 0.3087, Loss: 0.7544
[Train] Epoch:   6, Total:     42, Accuracy : 0.4048, Loss: 0.7105
[Eval] Epoch:   6, Total:   1043, Accuracy : 0.3087, Loss: 0.7498
[Train] Epoch:   7, Total:     42, Accuracy : 0.4524, Loss: 0.7062
[Eval] Epoch:   7, Total:   1043, Accuracy : 0.3087, Loss: 0.7446
[Train] Epoch:   8, Total:     42, Accuracy : 0.3810, Loss: 0.7040
[Eval] Epoch:   8, Total:   1043, Accuracy : 0.3087, Loss: 0.7388
[Train] Epoch:   9, Total:     42, Accuracy : 0.4524, Loss: 0.6827
[Eval] Epoch:   9, Total:   1043, Accuracy : 0.3087, Loss: 0.7324
[Train] Epoch:  10, Total:     42, Accuracy : 0.4524, Loss: 0.6931
[Eval] Epoch:  10, Total:   1043, Accuracy : 0.3087, Loss: 0.7254
[Train] Epoch:  11, Total:     42, Accuracy : 0.4762, Loss: 0.6919
[Eval] Epoch:  11, Total:   1043, Accuracy : 0.3087, Loss: 0.7178
[Train] Epoch:  12, Total:     42, Accuracy : 0.4048, Loss: 0.6994
[Eval] Epoch:  12, Total:   1043, Accuracy : 0.3087, Loss: 0.7096
[Train] Epoch:  13, Total:     42, Accuracy : 0.4762, Loss: 0.6894
[Eval] Epoch:  13, Total:   1043, Accuracy : 0.3078, Loss: 0.7007
[Train] Epoch:  14, Total:     42, Accuracy : 0.5952, Loss: 0.6877
[Eval] Epoch:  14, Total:   1043, Accuracy : 0.6539, Loss: 0.6913
[Train] Epoch:  15, Total:     42, Accuracy : 0.4762, Loss: 0.6968
[Eval] Epoch:  15, Total:   1043, Accuracy : 0.6826, Loss: 0.6815
[Train] Epoch:  16, Total:     42, Accuracy : 0.5476, Loss: 0.6959
[Eval] Epoch:  16, Total:   1043, Accuracy : 0.6913, Loss: 0.6713
[Train] Epoch:  17, Total:     42, Accuracy : 0.8095, Loss: 0.6656
[Eval] Epoch:  17, Total:   1043, Accuracy : 0.6913, Loss: 0.6603
[Train] Epoch:  18, Total:     42, Accuracy : 0.6429, Loss: 0.6706
[Eval] Epoch:  18, Total:   1043, Accuracy : 0.6913, Loss: 0.6488
[Train] Epoch:  19, Total:     42, Accuracy : 0.5952, Loss: 0.6571
[Eval] Epoch:  19, Total:   1043, Accuracy : 0.6913, Loss: 0.6362
{"epoch":[1,2,3,4,5,6,7,8,9,10,11,12,13,14,15,16,17,18,19,20],"train_loss":[0.7122589349746704,0.7102198600769043,0.7216187715530396,0.7048847675323486,0.7098593711853027,0.7034880518913269,0.7104694843292236,0.706214964389801,0.704042375087738,0.6827431917190552,0.693117618560791,0.691922664642334,0.6993581652641296,0.6893888711929321,0.6876508593559265,0.6968213319778442,0.6959289908409119,0.6655965447425842,0.6706374287605286,0.6570627689361572],"eval_loss":[0.7408308386802673,0.740288496017456,0.7392031192779541,0.7376101613044739,0.7354936242103577,0.7329171180725098,0.7298748254776001,0.7263993859291077,0.7225699663162232,0.7183949589729309,0.7138140678405762,0.7088418245315552,0.7034909844398498,0.6978014945983887,0.6917640209197998,0.6855894088745117,0.679164183139801,0.6723605155944824,0.6653285503387452,0.6577898859977722],"train_acc":[0.40476190476190477,0.47619047619047616,0.40476190476190477,0.42857142857142855,0.40476190476190477,0.4523809523809524,0.40476190476190477,0.4523809523809524,0.38095238095238093,0.4523809523809524,0.4523809523809524,0.47619047619047616,0.40476190476190477,0.47619047619047616,0.5952380952380952,0.47619047619047616,0.5476190476190477,0.8095238095238095,0.6428571428571429,0.5952380952380952],"eval_acc":[0.3087248322147651,0.3087248322147651,0.3087248322147651,0.3087248322147651,0.3087248322147651,0.3087248322147651,0.3087248322147651,0.3087248322147651,0.3087248322147651,0.3087248322147651,0.3087248322147651,0.3087248322147651,0.3087248322147651,0.3077660594439118,0.6538830297219559,0.6826462128475551,0.6912751677852349,0.6912751677852349,0.6912751677852349,0.6912751677852349]}
[Eval] Epoch:  11, Total:   1043, Accuracy : 0.6913, Loss: 0.6362
1043 721 3.288949429988861
