pruned_1_0.1_model_0
DatasetDict({
    train: Dataset({
        features: ['sentence', 'label', 'indexes'],
        num_rows: 854
    })
    validation: Dataset({
        features: ['sentence', 'label', 'indexes'],
        num_rows: 1043
    })
    test: Dataset({
        features: ['sentence', 'label', 'indexes'],
        num_rows: 1063
    })
})
[Train] Epoch:   0, Total:    854, Accuracy : 0.6148, Loss: 0.6939
[Eval] Epoch:   0, Total:   1043, Accuracy : 0.6913, Loss: 0.6789
[Train] Epoch:   1, Total:    854, Accuracy : 0.6803, Loss: 0.6731
[Eval] Epoch:   1, Total:   1043, Accuracy : 0.6913, Loss: 0.6631
[Train] Epoch:   2, Total:    854, Accuracy : 0.7166, Loss: 0.6673
[Eval] Epoch:   2, Total:   1043, Accuracy : 0.6913, Loss: 0.6367
[Train] Epoch:   3, Total:    854, Accuracy : 0.7213, Loss: 0.6234
[Eval] Epoch:   3, Total:   1043, Accuracy : 0.6913, Loss: 0.5996
[Train] Epoch:   4, Total:    854, Accuracy : 0.7213, Loss: 0.5999
[Eval] Epoch:   4, Total:   1043, Accuracy : 0.6913, Loss: 0.5484
[Train] Epoch:   5, Total:    854, Accuracy : 0.7213, Loss: 0.6086
[Eval] Epoch:   5, Total:   1043, Accuracy : 0.6913, Loss: 0.4885
[Train] Epoch:   6, Total:    854, Accuracy : 0.7213, Loss: 0.5382
[Eval] Epoch:   6, Total:   1043, Accuracy : 0.6913, Loss: 0.4499
[Train] Epoch:   7, Total:    854, Accuracy : 0.7213, Loss: 0.5884
[Eval] Epoch:   7, Total:   1043, Accuracy : 0.6913, Loss: 0.4487
[Train] Epoch:   8, Total:    854, Accuracy : 0.7213, Loss: 0.5877
[Eval] Epoch:   8, Total:   1043, Accuracy : 0.6913, Loss: 0.4622
[Train] Epoch:   9, Total:    854, Accuracy : 0.7213, Loss: 0.5068
[Eval] Epoch:   9, Total:   1043, Accuracy : 0.6913, Loss: 0.4612
[Train] Epoch:  10, Total:    854, Accuracy : 0.7213, Loss: 0.5533
[Eval] Epoch:  10, Total:   1043, Accuracy : 0.6913, Loss: 0.4511
[Train] Epoch:  11, Total:    854, Accuracy : 0.7213, Loss: 0.5240
[Eval] Epoch:  11, Total:   1043, Accuracy : 0.6913, Loss: 0.4396
[Train] Epoch:  12, Total:    854, Accuracy : 0.7213, Loss: 0.5198
[Eval] Epoch:  12, Total:   1043, Accuracy : 0.6913, Loss: 0.4227
[Train] Epoch:  13, Total:    854, Accuracy : 0.7213, Loss: 0.4897
[Eval] Epoch:  13, Total:   1043, Accuracy : 0.6913, Loss: 0.4267
[Train] Epoch:  14, Total:    854, Accuracy : 0.7213, Loss: 0.3730
[Eval] Epoch:  14, Total:   1043, Accuracy : 0.6913, Loss: 0.4577
[Train] Epoch:  15, Total:    854, Accuracy : 0.7213, Loss: 0.3911
[Eval] Epoch:  15, Total:   1043, Accuracy : 0.6913, Loss: 0.4486
[Train] Epoch:  16, Total:    854, Accuracy : 0.7213, Loss: 0.4717
[Eval] Epoch:  16, Total:   1043, Accuracy : 0.6913, Loss: 0.5872
[Train] Epoch:  17, Total:    854, Accuracy : 0.7881, Loss: 0.2884
[Eval] Epoch:  17, Total:   1043, Accuracy : 0.7939, Loss: 0.5330
[Train] Epoch:  18, Total:    854, Accuracy : 0.9344, Loss: 0.2891
[Eval] Epoch:  18, Total:   1043, Accuracy : 0.7718, Loss: 0.5080
[Train] Epoch:  19, Total:    854, Accuracy : 0.9333, Loss: 0.2562
[Eval] Epoch:  19, Total:   1043, Accuracy : 0.7680, Loss: 0.5241
{"epoch":[1,2,3,4,5,6,7,8,9,10,11,12,13,14,15,16,17,18,19,20],"train_loss":[0.6883025914430618,0.6801058053970337,0.6689813882112503,0.6452591270208359,0.62354476749897,0.6016541719436646,0.5880172401666641,0.5926889777183533,0.5883527994155884,0.5736396908760071,0.562941312789917,0.5455233454704285,0.5163823217153549,0.4699954390525818,0.4149103984236717,0.38718336820602417,0.3930773511528969,0.3391043469309807,0.28530403226614,0.2599753402173519],"eval_loss":[0.684110963344574,0.674445652961731,0.6586897253990174,0.6378385782241821,0.6120496153831482,0.5899280607700348,0.588273686170578,0.5872613787651062,0.581595516204834,0.5756573259830475,0.575343257188797,0.5458097100257874,0.5363515257835388,0.5547246038913727,0.5354660391807556,0.5612116575241088,0.7525648951530457,0.5805774390697479,0.6618872940540313,0.6897768616676331],"train_acc":[0.6147540983606558,0.680327868852459,0.7166276346604216,0.7213114754098361,0.7213114754098361,0.7213114754098361,0.7213114754098361,0.7213114754098361,0.7213114754098361,0.7213114754098361,0.7213114754098361,0.7213114754098361,0.7213114754098361,0.7213114754098361,0.7213114754098361,0.7213114754098361,0.7213114754098361,0.788056206088993,0.9344262295081968,0.9332552693208431],"eval_acc":[0.6912751677852349,0.6912751677852349,0.6912751677852349,0.6912751677852349,0.6912751677852349,0.6912751677852349,0.6912751677852349,0.6912751677852349,0.6912751677852349,0.6912751677852349,0.6912751677852349,0.6912751677852349,0.6912751677852349,0.6912751677852349,0.6912751677852349,0.6912751677852349,0.6912751677852349,0.7938638542665388,0.7718120805369127,0.7679769894534996]}
[Eval] Epoch:  11, Total:   1043, Accuracy : 0.7680, Loss: 0.5241
1043 801 3.4488843083381653
