pruned_2_0.75_model_0
DatasetDict({
    train: Dataset({
        features: ['sentence', 'label', 'indexes'],
        num_rows: 6413
    })
    validation: Dataset({
        features: ['sentence', 'label', 'indexes'],
        num_rows: 1043
    })
    test: Dataset({
        features: ['sentence', 'label', 'indexes'],
        num_rows: 1063
    })
})
[Train] Epoch:   0, Total:   6413, Accuracy : 0.6917, Loss: 0.7203
[Eval] Epoch:   0, Total:   1043, Accuracy : 0.6913, Loss: 0.4680
[Train] Epoch:   1, Total:   6413, Accuracy : 0.7047, Loss: 0.5124
[Eval] Epoch:   1, Total:   1043, Accuracy : 0.6913, Loss: 0.3968
[Train] Epoch:   2, Total:   6413, Accuracy : 0.7610, Loss: 0.4875
[Eval] Epoch:   2, Total:   1043, Accuracy : 0.8025, Loss: 0.4321
[Train] Epoch:   3, Total:   6413, Accuracy : 0.8302, Loss: 0.4202
[Eval] Epoch:   3, Total:   1043, Accuracy : 0.7709, Loss: 0.5657
[Train] Epoch:   4, Total:   6413, Accuracy : 0.8614, Loss: 0.0726
[Eval] Epoch:   4, Total:   1043, Accuracy : 0.7910, Loss: 0.6251
[Train] Epoch:   5, Total:   6413, Accuracy : 0.8874, Loss: 0.2394
[Eval] Epoch:   5, Total:   1043, Accuracy : 0.8217, Loss: 0.5717
[Train] Epoch:   6, Total:   6413, Accuracy : 0.9124, Loss: 0.4172
[Eval] Epoch:   6, Total:   1043, Accuracy : 0.8150, Loss: 0.6471
[Train] Epoch:   7, Total:   6413, Accuracy : 0.9301, Loss: 0.2451
[Eval] Epoch:   7, Total:   1043, Accuracy : 0.8150, Loss: 0.7512
[Train] Epoch:   8, Total:   6413, Accuracy : 0.9350, Loss: 0.4776
[Eval] Epoch:   8, Total:   1043, Accuracy : 0.8150, Loss: 0.7649
[Train] Epoch:   9, Total:   6413, Accuracy : 0.9426, Loss: 0.2125
[Eval] Epoch:   9, Total:   1043, Accuracy : 0.8150, Loss: 0.7801
[Train] Epoch:  10, Total:   6413, Accuracy : 0.9460, Loss: 0.2898
[Eval] Epoch:  10, Total:   1043, Accuracy : 0.8265, Loss: 0.7632
[Train] Epoch:  11, Total:   6413, Accuracy : 0.9199, Loss: 0.0320
[Eval] Epoch:  11, Total:   1043, Accuracy : 0.8303, Loss: 0.7095
[Train] Epoch:  12, Total:   6413, Accuracy : 0.9460, Loss: 0.1249
[Eval] Epoch:  12, Total:   1043, Accuracy : 0.8178, Loss: 0.9163
[Train] Epoch:  13, Total:   6413, Accuracy : 0.9568, Loss: 0.2588
[Eval] Epoch:  13, Total:   1043, Accuracy : 0.8284, Loss: 0.9278
[Train] Epoch:  14, Total:   6413, Accuracy : 0.9624, Loss: 0.0216
[Eval] Epoch:  14, Total:   1043, Accuracy : 0.8313, Loss: 0.7989
[Train] Epoch:  15, Total:   6413, Accuracy : 0.9691, Loss: 0.1856
[Eval] Epoch:  15, Total:   1043, Accuracy : 0.8313, Loss: 0.7054
[Train] Epoch:  16, Total:   6413, Accuracy : 0.9751, Loss: 0.0181
[Eval] Epoch:  16, Total:   1043, Accuracy : 0.8236, Loss: 0.8383
[Train] Epoch:  17, Total:   6413, Accuracy : 0.9751, Loss: 0.0811
[Eval] Epoch:  17, Total:   1043, Accuracy : 0.8265, Loss: 0.7691
[Train] Epoch:  18, Total:   6413, Accuracy : 0.9771, Loss: 0.0177
[Eval] Epoch:  18, Total:   1043, Accuracy : 0.8217, Loss: 0.8080
[Train] Epoch:  19, Total:   6413, Accuracy : 0.9805, Loss: 0.0144
[Eval] Epoch:  19, Total:   1043, Accuracy : 0.8217, Loss: 0.8066
{"epoch":[1,2,3,4,5,6,7,8,9,10,11,12,13,14,15,16,17,18,19,20],"train_loss":[0.6542916573010958,0.5872534330074604,0.4738331184937404,0.40007398220208973,0.3257746917123978,0.28235500248578876,0.24135191910541975,0.20086263865232468,0.20172915091881385,0.17069628949348742,0.17064981535077095,0.20547014790085646,0.1565458937906302,0.1322779354567711,0.11208975178977618,0.10156626612521134,0.07829889526160863,0.07712090316300209,0.07179326420793167,0.06182698647563274],"eval_loss":[0.5874939620494842,0.52664834856987,0.4675601601600647,0.63804030418396,0.6213252484798432,0.5456985354423523,0.5962044894695282,0.6637558758258819,0.6466691493988037,0.6581957638263702,0.5906542360782623,0.5557824492454528,0.7451363742351532,0.704669988155365,0.6761568903923034,0.6868643522262573,0.7896602392196655,0.7444599211215973,0.7688359022140503,0.7675924062728882],"train_acc":[0.6917199438640262,0.7046624044908779,0.7609543115546546,0.8301886792452831,0.8613753313581787,0.8874161858724466,0.9123655075627631,0.9301418992671137,0.9349758303446125,0.9426165601122719,0.9460470918446905,0.9198503040698581,0.9460470918446905,0.9568064868236394,0.9624200842039607,0.9691252144082333,0.9750506783096835,0.9750506783096835,0.9770778106970217,0.9805083424294402],"eval_acc":[0.6912751677852349,0.6912751677852349,0.8024928092042186,0.7708533077660594,0.7909875359539789,0.8216682646212847,0.8149568552253116,0.8149568552253116,0.8149568552253116,0.8149568552253116,0.8264621284755513,0.8302972195589645,0.8178331735378715,0.8283796740172579,0.8312559923298178,0.8312559923298178,0.8235858101629914,0.8264621284755513,0.8216682646212847,0.8216682646212847]}
[Eval] Epoch:  11, Total:   1043, Accuracy : 0.8217, Loss: 0.8066
1043 857 3.837962031364441
