pruned_1_0.2_model_0
DatasetDict({
    train: Dataset({
        features: ['sentence', 'label', 'indexes'],
        num_rows: 1713
    })
    validation: Dataset({
        features: ['sentence', 'label', 'indexes'],
        num_rows: 1043
    })
    test: Dataset({
        features: ['sentence', 'label', 'indexes'],
        num_rows: 1063
    })
})
[Train] Epoch:   0, Total:   1713, Accuracy : 0.7023, Loss: 0.6693
[Eval] Epoch:   0, Total:   1043, Accuracy : 0.6913, Loss: 0.6425
[Train] Epoch:   1, Total:   1713, Accuracy : 0.7122, Loss: 0.6435
[Eval] Epoch:   1, Total:   1043, Accuracy : 0.6913, Loss: 0.5993
[Train] Epoch:   2, Total:   1713, Accuracy : 0.7122, Loss: 0.6357
[Eval] Epoch:   2, Total:   1043, Accuracy : 0.6913, Loss: 0.5343
[Train] Epoch:   3, Total:   1713, Accuracy : 0.7122, Loss: 0.6015
[Eval] Epoch:   3, Total:   1043, Accuracy : 0.6913, Loss: 0.4751
[Train] Epoch:   4, Total:   1713, Accuracy : 0.7122, Loss: 0.5814
[Eval] Epoch:   4, Total:   1043, Accuracy : 0.6913, Loss: 0.4754
[Train] Epoch:   5, Total:   1713, Accuracy : 0.7122, Loss: 0.5773
[Eval] Epoch:   5, Total:   1043, Accuracy : 0.6913, Loss: 0.4521
[Train] Epoch:   6, Total:   1713, Accuracy : 0.7122, Loss: 0.5658
[Eval] Epoch:   6, Total:   1043, Accuracy : 0.6913, Loss: 0.4551
[Train] Epoch:   7, Total:   1713, Accuracy : 0.7157, Loss: 0.3656
[Eval] Epoch:   7, Total:   1043, Accuracy : 0.7143, Loss: 0.3910
[Train] Epoch:   8, Total:   1713, Accuracy : 0.8482, Loss: 0.3425
[Eval] Epoch:   8, Total:   1043, Accuracy : 0.7699, Loss: 0.4967
[Train] Epoch:   9, Total:   1713, Accuracy : 0.8990, Loss: 0.2688
[Eval] Epoch:   9, Total:   1043, Accuracy : 0.7747, Loss: 0.5910
[Train] Epoch:  10, Total:   1713, Accuracy : 0.8961, Loss: 0.2740
[Eval] Epoch:  10, Total:   1043, Accuracy : 0.8006, Loss: 0.5917
[Train] Epoch:  11, Total:   1713, Accuracy : 0.9335, Loss: 0.1963
[Eval] Epoch:  11, Total:   1043, Accuracy : 0.7766, Loss: 0.6313
[Train] Epoch:  12, Total:   1713, Accuracy : 0.9381, Loss: 0.1552
[Eval] Epoch:  12, Total:   1043, Accuracy : 0.7862, Loss: 0.6208
[Train] Epoch:  13, Total:   1713, Accuracy : 0.9335, Loss: 0.1659
[Eval] Epoch:  13, Total:   1043, Accuracy : 0.7967, Loss: 0.5270
[Train] Epoch:  14, Total:   1713, Accuracy : 0.9521, Loss: 0.0928
[Eval] Epoch:  14, Total:   1043, Accuracy : 0.7919, Loss: 0.4379
[Train] Epoch:  15, Total:   1713, Accuracy : 0.9621, Loss: 0.1030
[Eval] Epoch:  15, Total:   1043, Accuracy : 0.7967, Loss: 0.4846
[Train] Epoch:  16, Total:   1713, Accuracy : 0.9597, Loss: 0.1343
[Eval] Epoch:  16, Total:   1043, Accuracy : 0.7919, Loss: 0.6216
[Train] Epoch:  17, Total:   1713, Accuracy : 0.9743, Loss: 0.0983
[Eval] Epoch:  17, Total:   1043, Accuracy : 0.7795, Loss: 0.8086
[Train] Epoch:  18, Total:   1713, Accuracy : 0.9819, Loss: 0.0807
[Eval] Epoch:  18, Total:   1043, Accuracy : 0.7852, Loss: 0.8095
[Train] Epoch:  19, Total:   1713, Accuracy : 0.9819, Loss: 0.1065
[Eval] Epoch:  19, Total:   1043, Accuracy : 0.7852, Loss: 0.8004
{"epoch":[1,2,3,4,5,6,7,8,9,10,11,12,13,14,15,16,17,18,19,20],"train_loss":[0.6714999079704285,0.6519391877310616,0.6237399578094482,0.6094141176768711,0.5987926295825413,0.5824366637638637,0.5284409821033478,0.4462707298142569,0.3614139471735273,0.29194177048546927,0.2683873836483274,0.21309371718338557,0.18907069521290915,0.18955625806535994,0.13965610627617156,0.11825368021215711,0.11244961832250867,0.08408158485378538,0.07162704159106527,0.06729947775602341],"eval_loss":[0.6620538830757141,0.6375179767608643,0.6065676093101502,0.5908663749694825,0.5841014206409454,0.5560061812400818,0.5053516685962677,0.5200644493103027,0.6199355542659759,0.668433678150177,0.5880992591381073,0.6835945129394532,0.6592475175857544,0.5821869015693665,0.6484293401241302,0.6901787579059601,0.7432851791381836,0.8838043928146362,0.8679447293281555,0.8549031138420105],"train_acc":[0.702276707530648,0.7122008172796264,0.7122008172796264,0.7122008172796264,0.7122008172796264,0.7122008172796264,0.7122008172796264,0.7157034442498541,0.848219497956801,0.8990075890251021,0.8960887332165791,0.9334500875656743,0.9381202568593111,0.9334500875656743,0.9521307647402218,0.9620548744892002,0.9597197898423818,0.974314068884997,0.981903093987157,0.981903093987157],"eval_acc":[0.6912751677852349,0.6912751677852349,0.6912751677852349,0.6912751677852349,0.6912751677852349,0.6912751677852349,0.6912751677852349,0.7142857142857143,0.7698945349952061,0.7746883988494727,0.800575263662512,0.7766059443911792,0.7861936720997124,0.7967401725790988,0.7919463087248322,0.7967401725790988,0.7919463087248322,0.7794822627037392,0.785234899328859,0.785234899328859]}
[Eval] Epoch:  11, Total:   1043, Accuracy : 0.7852, Loss: 0.8004
1043 819 4.2745155692100525
