pruned_2_0.25_model_0
DatasetDict({
    train: Dataset({
        features: ['sentence', 'label', 'indexes'],
        num_rows: 2137
    })
    validation: Dataset({
        features: ['sentence', 'label', 'indexes'],
        num_rows: 1043
    })
    test: Dataset({
        features: ['sentence', 'label', 'indexes'],
        num_rows: 1063
    })
})
[Train] Epoch:   0, Total:   2137, Accuracy : 0.6855, Loss: 0.6649
[Eval] Epoch:   0, Total:   1043, Accuracy : 0.6913, Loss: 0.6082
[Train] Epoch:   1, Total:   2137, Accuracy : 0.6851, Loss: 0.6178
[Eval] Epoch:   1, Total:   1043, Accuracy : 0.6913, Loss: 0.5390
[Train] Epoch:   2, Total:   2137, Accuracy : 0.6851, Loss: 0.5810
[Eval] Epoch:   2, Total:   1043, Accuracy : 0.6913, Loss: 0.4733
[Train] Epoch:   3, Total:   2137, Accuracy : 0.6851, Loss: 0.6588
[Eval] Epoch:   3, Total:   1043, Accuracy : 0.6913, Loss: 0.4529
[Train] Epoch:   4, Total:   2137, Accuracy : 0.6851, Loss: 0.4517
[Eval] Epoch:   4, Total:   1043, Accuracy : 0.6913, Loss: 0.4573
[Train] Epoch:   5, Total:   2137, Accuracy : 0.7412, Loss: 0.4164
[Eval] Epoch:   5, Total:   1043, Accuracy : 0.7593, Loss: 0.5225
[Train] Epoch:   6, Total:   2137, Accuracy : 0.8184, Loss: 0.4070
[Eval] Epoch:   6, Total:   1043, Accuracy : 0.7891, Loss: 0.5359
[Train] Epoch:   7, Total:   2137, Accuracy : 0.8563, Loss: 0.2821
[Eval] Epoch:   7, Total:   1043, Accuracy : 0.7881, Loss: 0.6353
[Train] Epoch:   8, Total:   2137, Accuracy : 0.8774, Loss: 0.3608
[Eval] Epoch:   8, Total:   1043, Accuracy : 0.7996, Loss: 0.7378
[Train] Epoch:   9, Total:   2137, Accuracy : 0.8919, Loss: 0.1958
[Eval] Epoch:   9, Total:   1043, Accuracy : 0.7881, Loss: 0.7116
[Train] Epoch:  10, Total:   2137, Accuracy : 0.9130, Loss: 0.2171
[Eval] Epoch:  10, Total:   1043, Accuracy : 0.7900, Loss: 0.7347
[Train] Epoch:  11, Total:   2137, Accuracy : 0.9181, Loss: 0.2964
[Eval] Epoch:  11, Total:   1043, Accuracy : 0.7852, Loss: 0.7589
[Train] Epoch:  12, Total:   2137, Accuracy : 0.9186, Loss: 0.2391
[Eval] Epoch:  12, Total:   1043, Accuracy : 0.7776, Loss: 0.7856
[Train] Epoch:  13, Total:   2137, Accuracy : 0.9317, Loss: 0.2215
[Eval] Epoch:  13, Total:   1043, Accuracy : 0.7699, Loss: 0.9075
[Train] Epoch:  14, Total:   2137, Accuracy : 0.9415, Loss: 0.0731
[Eval] Epoch:  14, Total:   1043, Accuracy : 0.7843, Loss: 1.0034
[Train] Epoch:  15, Total:   2137, Accuracy : 0.9523, Loss: 0.2338
[Eval] Epoch:  15, Total:   1043, Accuracy : 0.7881, Loss: 1.0566
[Train] Epoch:  16, Total:   2137, Accuracy : 0.9649, Loss: 0.1071
[Eval] Epoch:  16, Total:   1043, Accuracy : 0.7852, Loss: 1.0595
[Train] Epoch:  17, Total:   2137, Accuracy : 0.9733, Loss: 0.0688
[Eval] Epoch:  17, Total:   1043, Accuracy : 0.7833, Loss: 1.0640
[Train] Epoch:  18, Total:   2137, Accuracy : 0.9766, Loss: 0.0443
[Eval] Epoch:  18, Total:   1043, Accuracy : 0.7852, Loss: 1.0788
[Train] Epoch:  19, Total:   2137, Accuracy : 0.9761, Loss: 0.0443
[Eval] Epoch:  19, Total:   1043, Accuracy : 0.7843, Loss: 1.0793
{"epoch":[1,2,3,4,5,6,7,8,9,10,11,12,13,14,15,16,17,18,19,20],"train_loss":[0.6621255940861173,0.6423556870884366,0.622760103808509,0.6133995917108324,0.556073957019382,0.47186935279104447,0.40949009855588275,0.3465983370939891,0.30778205394744873,0.2663412011331982,0.2376476443476147,0.23135048813290066,0.21689746114942762,0.19821387860510084,0.1462530940771103,0.13969851285219193,0.10508553600973553,0.0862132575776842,0.07724959444668558,0.07469036926825841],"eval_loss":[0.6423063039779663,0.6075306534767151,0.584704476594925,0.5667565286159515,0.555538535118103,0.6454621374607086,0.5611896932125091,0.6251776397228241,0.5622377991676331,0.6498628914356231,0.6331241488456726,0.6630560040473938,0.7490896344184875,0.8514031648635865,0.7959145486354828,0.8258054852485657,0.8502156496047973,0.8887791156768798,0.8748852729797363,0.8775043487548828],"train_acc":[0.6855404773046326,0.685072531586336,0.685072531586336,0.685072531586336,0.685072531586336,0.7412260177819373,0.8184370613008891,0.85634066448292,0.8773982218062705,0.8919045390734675,0.912962096396818,0.9181094992980814,0.9185774450163781,0.931679925128685,0.9415067852129153,0.9522695367337389,0.9649040711277492,0.9733270940570894,0.9766027140851661,0.9761347683668694],"eval_acc":[0.6912751677852349,0.6912751677852349,0.6912751677852349,0.6912751677852349,0.6912751677852349,0.7593480345158198,0.7890699904122723,0.788111217641419,0.7996164908916586,0.788111217641419,0.7900287631831256,0.785234899328859,0.7775647171620326,0.7698945349952061,0.7842761265580057,0.788111217641419,0.785234899328859,0.7833173537871524,0.785234899328859,0.7842761265580057]}
[Eval] Epoch:  11, Total:   1043, Accuracy : 0.7843, Loss: 1.0793
1043 818 4.387521743774414
