pruned_1_0.3_model_0
DatasetDict({
    train: Dataset({
        features: ['sentence', 'label', 'indexes'],
        num_rows: 2564
    })
    validation: Dataset({
        features: ['sentence', 'label', 'indexes'],
        num_rows: 1043
    })
    test: Dataset({
        features: ['sentence', 'label', 'indexes'],
        num_rows: 1063
    })
})
[Train] Epoch:   0, Total:   2564, Accuracy : 0.6821, Loss: 0.7025
[Eval] Epoch:   0, Total:   1043, Accuracy : 0.6913, Loss: 0.6248
[Train] Epoch:   1, Total:   2564, Accuracy : 0.6981, Loss: 0.3739
[Eval] Epoch:   1, Total:   1043, Accuracy : 0.6913, Loss: 0.5092
[Train] Epoch:   2, Total:   2564, Accuracy : 0.6981, Loss: 0.5677
[Eval] Epoch:   2, Total:   1043, Accuracy : 0.6913, Loss: 0.4516
[Train] Epoch:   3, Total:   2564, Accuracy : 0.6981, Loss: 0.3843
[Eval] Epoch:   3, Total:   1043, Accuracy : 0.6913, Loss: 0.4365
[Train] Epoch:   4, Total:   2564, Accuracy : 0.6981, Loss: 0.3796
[Eval] Epoch:   4, Total:   1043, Accuracy : 0.6913, Loss: 0.4555
[Train] Epoch:   5, Total:   2564, Accuracy : 0.7574, Loss: 0.2693
[Eval] Epoch:   5, Total:   1043, Accuracy : 0.7756, Loss: 0.5242
[Train] Epoch:   6, Total:   2564, Accuracy : 0.8530, Loss: 0.1288
[Eval] Epoch:   6, Total:   1043, Accuracy : 0.7718, Loss: 0.6018
[Train] Epoch:   7, Total:   2564, Accuracy : 0.8818, Loss: 0.4329
[Eval] Epoch:   7, Total:   1043, Accuracy : 0.7804, Loss: 0.6380
[Train] Epoch:   8, Total:   2564, Accuracy : 0.8959, Loss: 0.8590
[Eval] Epoch:   8, Total:   1043, Accuracy : 0.7939, Loss: 0.6604
[Train] Epoch:   9, Total:   2564, Accuracy : 0.9072, Loss: 0.7228
[Eval] Epoch:   9, Total:   1043, Accuracy : 0.7843, Loss: 0.6747
[Train] Epoch:  10, Total:   2564, Accuracy : 0.9251, Loss: 0.0160
[Eval] Epoch:  10, Total:   1043, Accuracy : 0.7862, Loss: 0.6777
[Train] Epoch:  11, Total:   2564, Accuracy : 0.9271, Loss: 0.1476
[Eval] Epoch:  11, Total:   1043, Accuracy : 0.7862, Loss: 0.6853
[Train] Epoch:  12, Total:   2564, Accuracy : 0.9239, Loss: 0.2913
[Eval] Epoch:  12, Total:   1043, Accuracy : 0.7919, Loss: 0.7877
[Train] Epoch:  13, Total:   2564, Accuracy : 0.9314, Loss: 0.0428
[Eval] Epoch:  13, Total:   1043, Accuracy : 0.7843, Loss: 0.8261
[Train] Epoch:  14, Total:   2564, Accuracy : 0.9286, Loss: 0.0971
[Eval] Epoch:  14, Total:   1043, Accuracy : 0.7910, Loss: 0.7938
[Train] Epoch:  15, Total:   2564, Accuracy : 0.9551, Loss: 0.0407
[Eval] Epoch:  15, Total:   1043, Accuracy : 0.7833, Loss: 0.7988
[Train] Epoch:  16, Total:   2564, Accuracy : 0.9637, Loss: 0.0294
[Eval] Epoch:  16, Total:   1043, Accuracy : 0.7948, Loss: 0.8257
[Train] Epoch:  17, Total:   2564, Accuracy : 0.9692, Loss: 0.0295
[Eval] Epoch:  17, Total:   1043, Accuracy : 0.7958, Loss: 0.8515
[Train] Epoch:  18, Total:   2564, Accuracy : 0.9743, Loss: 0.0844
[Eval] Epoch:  18, Total:   1043, Accuracy : 0.7929, Loss: 0.8672
[Train] Epoch:  19, Total:   2564, Accuracy : 0.9715, Loss: 0.0147
[Eval] Epoch:  19, Total:   1043, Accuracy : 0.7929, Loss: 0.8683
{"epoch":[1,2,3,4,5,6,7,8,9,10,11,12,13,14,15,16,17,18,19,20],"train_loss":[0.6754015629941766,0.6174786551432176,0.6056196797977794,0.5692924721674486,0.5134517008608038,0.43523800102147187,0.3587013957175342,0.3351064351471988,0.3279984864321622,0.29130717705596576,0.2127270151607015,0.20547760210253976,0.21843347224322232,0.1811728741634976,0.18365131454034286,0.13353790952400726,0.11739250865172256,0.10182880881157788,0.09267071160403165,0.09051685627888549],"eval_loss":[0.6523315191268921,0.5956353664398193,0.5678635239601135,0.5250954627990723,0.5418864488601685,0.5801590383052826,0.6818540334701538,0.6590765953063965,0.6496075987815857,0.676560354232788,0.6740088701248169,0.6820862054824829,0.7564189910888672,0.8597766757011414,0.8172346234321595,0.8202263712882996,0.8161622285842896,0.8389451265335083,0.8589396953582764,0.8618326902389526],"train_acc":[0.6821372854914196,0.6981279251170047,0.6981279251170047,0.6981279251170047,0.6981279251170047,0.7574102964118564,0.8529641185647426,0.8818252730109204,0.8958658346333853,0.907176287051482,0.9251170046801872,0.9270670826833073,0.9239469578783152,0.9313572542901716,0.9286271450858035,0.9551482059282371,0.9637285491419657,0.969188767550702,0.9742589703588144,0.9715288611544461],"eval_acc":[0.6912751677852349,0.6912751677852349,0.6912751677852349,0.6912751677852349,0.6912751677852349,0.775647171620326,0.7718120805369127,0.7804410354745925,0.7938638542665388,0.7842761265580057,0.7861936720997124,0.7861936720997124,0.7919463087248322,0.7842761265580057,0.7909875359539789,0.7833173537871524,0.7948226270373921,0.7957813998082455,0.7929050814956855,0.7929050814956855]}
[Eval] Epoch:  11, Total:   1043, Accuracy : 0.7929, Loss: 0.8683
1043 827 4.309163451194763
