pruned_1_0.5_model_0
DatasetDict({
    train: Dataset({
        features: ['sentence', 'label', 'indexes'],
        num_rows: 4275
    })
    validation: Dataset({
        features: ['sentence', 'label', 'indexes'],
        num_rows: 1043
    })
    test: Dataset({
        features: ['sentence', 'label', 'indexes'],
        num_rows: 1063
    })
})
[Train] Epoch:   0, Total:   4275, Accuracy : 0.6992, Loss: 0.6251
[Eval] Epoch:   0, Total:   1043, Accuracy : 0.6913, Loss: 0.5547
[Train] Epoch:   1, Total:   4275, Accuracy : 0.7083, Loss: 0.6720
[Eval] Epoch:   1, Total:   1043, Accuracy : 0.6913, Loss: 0.4925
[Train] Epoch:   2, Total:   4275, Accuracy : 0.7083, Loss: 0.4963
[Eval] Epoch:   2, Total:   1043, Accuracy : 0.6913, Loss: 0.4137
[Train] Epoch:   3, Total:   4275, Accuracy : 0.7497, Loss: 0.4594
[Eval] Epoch:   3, Total:   1043, Accuracy : 0.7862, Loss: 0.3566
[Train] Epoch:   4, Total:   4275, Accuracy : 0.8222, Loss: 0.4178
[Eval] Epoch:   4, Total:   1043, Accuracy : 0.8082, Loss: 0.4158
[Train] Epoch:   5, Total:   4275, Accuracy : 0.8620, Loss: 0.3096
[Eval] Epoch:   5, Total:   1043, Accuracy : 0.8293, Loss: 0.3934
[Train] Epoch:   6, Total:   4275, Accuracy : 0.8807, Loss: 0.2601
[Eval] Epoch:   6, Total:   1043, Accuracy : 0.8063, Loss: 0.3543
[Train] Epoch:   7, Total:   4275, Accuracy : 0.9039, Loss: 0.2428
[Eval] Epoch:   7, Total:   1043, Accuracy : 0.8073, Loss: 0.4553
[Train] Epoch:   8, Total:   4275, Accuracy : 0.9188, Loss: 0.2280
[Eval] Epoch:   8, Total:   1043, Accuracy : 0.8102, Loss: 0.4441
[Train] Epoch:   9, Total:   4275, Accuracy : 0.9209, Loss: 0.2284
[Eval] Epoch:   9, Total:   1043, Accuracy : 0.8082, Loss: 0.4790
[Train] Epoch:  10, Total:   4275, Accuracy : 0.9308, Loss: 0.1725
[Eval] Epoch:  10, Total:   1043, Accuracy : 0.8102, Loss: 0.4872
[Train] Epoch:  11, Total:   4275, Accuracy : 0.9261, Loss: 0.2275
[Eval] Epoch:  11, Total:   1043, Accuracy : 0.8063, Loss: 0.6313
[Train] Epoch:  12, Total:   4275, Accuracy : 0.9357, Loss: 0.1524
[Eval] Epoch:  12, Total:   1043, Accuracy : 0.8063, Loss: 0.5834
[Train] Epoch:  13, Total:   4275, Accuracy : 0.9525, Loss: 0.1715
[Eval] Epoch:  13, Total:   1043, Accuracy : 0.8207, Loss: 0.5325
[Train] Epoch:  14, Total:   4275, Accuracy : 0.9595, Loss: 0.1412
[Eval] Epoch:  14, Total:   1043, Accuracy : 0.8102, Loss: 0.7500
[Train] Epoch:  15, Total:   4275, Accuracy : 0.9654, Loss: 0.1113
[Eval] Epoch:  15, Total:   1043, Accuracy : 0.8130, Loss: 0.6351
[Train] Epoch:  16, Total:   4275, Accuracy : 0.9694, Loss: 0.0781
[Eval] Epoch:  16, Total:   1043, Accuracy : 0.8226, Loss: 0.5066
[Train] Epoch:  17, Total:   4275, Accuracy : 0.9738, Loss: 0.0520
[Eval] Epoch:  17, Total:   1043, Accuracy : 0.8236, Loss: 0.5408
[Train] Epoch:  18, Total:   4275, Accuracy : 0.9782, Loss: 0.1026
[Eval] Epoch:  18, Total:   1043, Accuracy : 0.8159, Loss: 0.6190
[Train] Epoch:  19, Total:   4275, Accuracy : 0.9773, Loss: 0.0835
[Eval] Epoch:  19, Total:   1043, Accuracy : 0.8159, Loss: 0.6248
{"epoch":[1,2,3,4,5,6,7,8,9,10,11,12,13,14,15,16,17,18,19,20],"train_loss":[0.6609191298484802,0.6079344539081349,0.571180150789373,0.47364776975968303,0.4015665299752179,0.3351345360279083,0.30137381132911234,0.25485431183786955,0.2217297063154333,0.21063772545141332,0.19747932956499212,0.2056590546579922,0.18118266673649058,0.1426638391088037,0.12338471763274249,0.10812815585557152,0.09921966624610565,0.08589486273772576,0.0770881736979765,0.07631888919893433],"eval_loss":[0.6146054267883301,0.5774887204170227,0.5420650899410248,0.5296551406383514,0.46419277787208557,0.44218395948410033,0.5043320298194885,0.5317698657512665,0.5303345024585724,0.5527493059635162,0.5622597515583039,0.6387392938137054,0.6563091337680816,0.6279440999031067,0.7389727711677552,0.712298572063446,0.6632220506668091,0.6811376810073853,0.726846170425415,0.7291399955749511],"train_acc":[0.6991812865497076,0.7083040935672514,0.7083040935672514,0.7497076023391813,0.8222222222222222,0.8619883040935673,0.8807017543859649,0.903859649122807,0.9188304093567251,0.9209356725146198,0.9307602339181287,0.9260818713450293,0.935672514619883,0.952514619883041,0.95953216374269,0.9653801169590643,0.9693567251461989,0.9738011695906432,0.9782456140350877,0.9773099415204678],"eval_acc":[0.6912751677852349,0.6912751677852349,0.6912751677852349,0.7861936720997124,0.8082454458293384,0.8293384467881112,0.8063279002876318,0.8072866730584851,0.8101629913710451,0.8082454458293384,0.8101629913710451,0.8063279002876318,0.8063279002876318,0.8207094918504314,0.8101629913710451,0.8130393096836049,0.822627037392138,0.8235858101629914,0.8159156279961649,0.8159156279961649]}
[Eval] Epoch:  11, Total:   1043, Accuracy : 0.8159, Loss: 0.6248
1043 851 3.645699977874756
