model_0.pkl
0.75
{"0.04": 875, "0.07": 648, "0.17": 73, "0.08": 405, "0.0": 433, "0.03": 938, "0.05": 894, "0.09": 248, "0.02": 960, "0.19": 81, "0.06": 766, "0.01": 946, "0.1": 203, "0.12": 126, "0.11": 141, "0.13": 123, "0.15": 93, "0.14": 89, "0.16": 99, "0.21": 70, "0.18": 71, "0.23": 44, "0.2": 84, "0.22": 75, "0.25": 20, "0.24": 37, "0.26": 4, "0.27": 2, "0.28": 3}
{"0.04": 656, "0.07": 486, "0.17": 55, "0.08": 304, "0.0": 325, "0.03": 704, "0.05": 670, "0.09": 186, "0.02": 720, "0.19": 61, "0.06": 574, "0.01": 710, "0.1": 152, "0.12": 94, "0.11": 106, "0.13": 92, "0.15": 70, "0.14": 67, "0.16": 74, "0.21": 52, "0.18": 53, "0.23": 33, "0.2": 63, "0.22": 56, "0.25": 15, "0.24": 28, "0.26": 3, "0.27": 2, "0.28": 2}
              t_label  ... avg2
indexes                ...     
1043       acceptable  ...  0.5
3352       acceptable  ...  0.5
1616       acceptable  ...  0.5
2842     unacceptable  ...  0.4
162      unacceptable  ...  0.6
...               ...  ...  ...
1142     unacceptable  ...  0.5
3868       acceptable  ...  1.3
7965     unacceptable  ...  0.6
8474       acceptable  ...  1.1
8170       acceptable  ...  1.1

[6413 rows x 55 columns]
6413
{"0.28": 3, "0.27": 2, "0.26": 4, "0.25": 20, "0.24": 37, "0.23": 44, "0.22": 75, "0.21": 70, "0.2": 84, "0.19": 81, "0.18": 71, "0.17": 73, "0.16": 99, "0.15": 93, "0.14": 89, "0.13": 123, "0.12": 126, "0.11": 141, "0.1": 203, "0.09": 248, "0.08": 405, "0.07": 648, "0.06": 766, "0.05": 894, "0.04": 875, "0.03": 938, "0.02": 960, "0.01": 946, "0.0": 433}
{"0.28": 3, "0.27": 2, "0.26": 4, "0.25": 20, "0.24": 37, "0.23": 44, "0.22": 75, "0.21": 70, "0.2": 84, "0.19": 81, "0.18": 71, "0.17": 73, "0.16": 99, "0.15": 93, "0.14": 89, "0.13": 123, "0.12": 126, "0.11": 141, "0.1": 203, "0.09": 248, "0.08": 405, "0.07": 648, "0.06": 766, "0.05": 894, "0.04": 875, "0.03": 938, "0.02": 201}
6413
6413
{"0.0": 433, "0.01": 946, "0.02": 960, "0.03": 938, "0.04": 875, "0.05": 894, "0.06": 766, "0.07": 648, "0.08": 405, "0.09": 248, "0.1": 203, "0.11": 141, "0.12": 126, "0.13": 123, "0.14": 89, "0.15": 93, "0.16": 99, "0.17": 73, "0.18": 71, "0.19": 81, "0.2": 84, "0.21": 70, "0.22": 75, "0.23": 44, "0.24": 37, "0.25": 20, "0.26": 4, "0.27": 2, "0.28": 3}
{"0.0": 433, "0.01": 946, "0.02": 960, "0.03": 938, "0.04": 875, "0.05": 894, "0.06": 766, "0.07": 601}
6413
0.5
{"0.04": 875, "0.07": 648, "0.17": 73, "0.08": 405, "0.0": 433, "0.03": 938, "0.05": 894, "0.09": 248, "0.02": 960, "0.19": 81, "0.06": 766, "0.01": 946, "0.1": 203, "0.12": 126, "0.11": 141, "0.13": 123, "0.15": 93, "0.14": 89, "0.16": 99, "0.21": 70, "0.18": 71, "0.23": 44, "0.2": 84, "0.22": 75, "0.25": 20, "0.24": 37, "0.26": 4, "0.27": 2, "0.28": 3}
{"0.04": 438, "0.07": 324, "0.17": 36, "0.08": 202, "0.0": 216, "0.03": 469, "0.05": 447, "0.09": 124, "0.02": 480, "0.19": 40, "0.06": 383, "0.01": 473, "0.1": 102, "0.12": 63, "0.11": 70, "0.13": 62, "0.15": 46, "0.14": 44, "0.16": 50, "0.21": 35, "0.18": 36, "0.23": 22, "0.2": 42, "0.22": 38, "0.25": 10, "0.24": 18, "0.26": 2, "0.27": 1, "0.28": 2}
              t_label  ... avg2
indexes                ...     
5698       acceptable  ...  0.4
958      unacceptable  ...  0.4
7032     unacceptable  ...  0.6
38         acceptable  ...  0.4
6748       acceptable  ...  0.5
...               ...  ...  ...
6365       acceptable  ...  1.0
3437       acceptable  ...  1.3
7965     unacceptable  ...  0.6
8170       acceptable  ...  1.1
6884       acceptable  ...  1.1

[4275 rows x 55 columns]
4275
{"0.28": 3, "0.27": 2, "0.26": 4, "0.25": 20, "0.24": 37, "0.23": 44, "0.22": 75, "0.21": 70, "0.2": 84, "0.19": 81, "0.18": 71, "0.17": 73, "0.16": 99, "0.15": 93, "0.14": 89, "0.13": 123, "0.12": 126, "0.11": 141, "0.1": 203, "0.09": 248, "0.08": 405, "0.07": 648, "0.06": 766, "0.05": 894, "0.04": 875, "0.03": 938, "0.02": 960, "0.01": 946, "0.0": 433}
{"0.28": 3, "0.27": 2, "0.26": 4, "0.25": 20, "0.24": 37, "0.23": 44, "0.22": 75, "0.21": 70, "0.2": 84, "0.19": 81, "0.18": 71, "0.17": 73, "0.16": 99, "0.15": 93, "0.14": 89, "0.13": 123, "0.12": 126, "0.11": 141, "0.1": 203, "0.09": 248, "0.08": 405, "0.07": 648, "0.06": 766, "0.05": 770}
4275
4275
{"0.0": 433, "0.01": 946, "0.02": 960, "0.03": 938, "0.04": 875, "0.05": 894, "0.06": 766, "0.07": 648, "0.08": 405, "0.09": 248, "0.1": 203, "0.11": 141, "0.12": 126, "0.13": 123, "0.14": 89, "0.15": 93, "0.16": 99, "0.17": 73, "0.18": 71, "0.19": 81, "0.2": 84, "0.21": 70, "0.22": 75, "0.23": 44, "0.24": 37, "0.25": 20, "0.26": 4, "0.27": 2, "0.28": 3}
{"0.0": 433, "0.01": 946, "0.02": 960, "0.03": 938, "0.04": 875, "0.05": 123}
4275
0.4
{"0.04": 875, "0.07": 648, "0.17": 73, "0.08": 405, "0.0": 433, "0.03": 938, "0.05": 894, "0.09": 248, "0.02": 960, "0.19": 81, "0.06": 766, "0.01": 946, "0.1": 203, "0.12": 126, "0.11": 141, "0.13": 123, "0.15": 93, "0.14": 89, "0.16": 99, "0.21": 70, "0.18": 71, "0.23": 44, "0.2": 84, "0.22": 75, "0.25": 20, "0.24": 37, "0.26": 4, "0.27": 2, "0.28": 3}
{"0.04": 350, "0.07": 259, "0.17": 29, "0.08": 162, "0.0": 173, "0.03": 375, "0.05": 358, "0.09": 99, "0.02": 384, "0.19": 32, "0.06": 306, "0.01": 378, "0.1": 81, "0.12": 50, "0.11": 56, "0.13": 49, "0.15": 37, "0.14": 36, "0.16": 40, "0.21": 28, "0.18": 28, "0.23": 18, "0.2": 34, "0.22": 30, "0.25": 8, "0.24": 15, "0.26": 2, "0.27": 1, "0.28": 1}
              t_label  ... avg2
indexes                ...     
7032     unacceptable  ...  0.6
783      unacceptable  ...  0.4
4441       acceptable  ...  0.5
7943       acceptable  ...  0.4
1394       acceptable  ...  0.5
...               ...  ...  ...
8349     unacceptable  ...  0.6
1142     unacceptable  ...  0.5
6365       acceptable  ...  1.0
3868       acceptable  ...  1.3
6884       acceptable  ...  1.1

[3419 rows x 55 columns]
3420
{"0.28": 3, "0.27": 2, "0.26": 4, "0.25": 20, "0.24": 37, "0.23": 44, "0.22": 75, "0.21": 70, "0.2": 84, "0.19": 81, "0.18": 71, "0.17": 73, "0.16": 99, "0.15": 93, "0.14": 89, "0.13": 123, "0.12": 126, "0.11": 141, "0.1": 203, "0.09": 248, "0.08": 405, "0.07": 648, "0.06": 766, "0.05": 894, "0.04": 875, "0.03": 938, "0.02": 960, "0.01": 946, "0.0": 433}
{"0.28": 3, "0.27": 2, "0.26": 4, "0.25": 20, "0.24": 37, "0.23": 44, "0.22": 75, "0.21": 70, "0.2": 84, "0.19": 81, "0.18": 71, "0.17": 73, "0.16": 99, "0.15": 93, "0.14": 89, "0.13": 123, "0.12": 126, "0.11": 141, "0.1": 203, "0.09": 248, "0.08": 405, "0.07": 648, "0.06": 681}
3420
3420
{"0.0": 433, "0.01": 946, "0.02": 960, "0.03": 938, "0.04": 875, "0.05": 894, "0.06": 766, "0.07": 648, "0.08": 405, "0.09": 248, "0.1": 203, "0.11": 141, "0.12": 126, "0.13": 123, "0.14": 89, "0.15": 93, "0.16": 99, "0.17": 73, "0.18": 71, "0.19": 81, "0.2": 84, "0.21": 70, "0.22": 75, "0.23": 44, "0.24": 37, "0.25": 20, "0.26": 4, "0.27": 2, "0.28": 3}
{"0.0": 433, "0.01": 946, "0.02": 960, "0.03": 938, "0.04": 143}
3420
0.3
{"0.04": 875, "0.07": 648, "0.17": 73, "0.08": 405, "0.0": 433, "0.03": 938, "0.05": 894, "0.09": 248, "0.02": 960, "0.19": 81, "0.06": 766, "0.01": 946, "0.1": 203, "0.12": 126, "0.11": 141, "0.13": 123, "0.15": 93, "0.14": 89, "0.16": 99, "0.21": 70, "0.18": 71, "0.23": 44, "0.2": 84, "0.22": 75, "0.25": 20, "0.24": 37, "0.26": 4, "0.27": 2, "0.28": 3}
{"0.04": 262, "0.07": 194, "0.17": 22, "0.08": 122, "0.0": 130, "0.03": 281, "0.05": 268, "0.09": 74, "0.02": 288, "0.19": 24, "0.06": 230, "0.01": 284, "0.1": 61, "0.12": 38, "0.11": 42, "0.13": 37, "0.15": 28, "0.14": 27, "0.16": 30, "0.21": 21, "0.18": 21, "0.23": 13, "0.2": 25, "0.22": 22, "0.25": 6, "0.24": 11, "0.26": 1, "0.27": 1, "0.28": 1}
              t_label  ... avg2
indexes                ...     
6119     unacceptable  ...  0.4
16         acceptable  ...  0.4
6358       acceptable  ...  0.4
7215     unacceptable  ...  0.4
7410       acceptable  ...  0.5
...               ...  ...  ...
5345     unacceptable  ...  1.0
6567       acceptable  ...  0.5
4141       acceptable  ...  1.2
7965     unacceptable  ...  0.6
8170       acceptable  ...  1.1

[2564 rows x 55 columns]
2565
{"0.28": 3, "0.27": 2, "0.26": 4, "0.25": 20, "0.24": 37, "0.23": 44, "0.22": 75, "0.21": 70, "0.2": 84, "0.19": 81, "0.18": 71, "0.17": 73, "0.16": 99, "0.15": 93, "0.14": 89, "0.13": 123, "0.12": 126, "0.11": 141, "0.1": 203, "0.09": 248, "0.08": 405, "0.07": 648, "0.06": 766, "0.05": 894, "0.04": 875, "0.03": 938, "0.02": 960, "0.01": 946, "0.0": 433}
{"0.28": 3, "0.27": 2, "0.26": 4, "0.25": 20, "0.24": 37, "0.23": 44, "0.22": 75, "0.21": 70, "0.2": 84, "0.19": 81, "0.18": 71, "0.17": 73, "0.16": 99, "0.15": 93, "0.14": 89, "0.13": 123, "0.12": 126, "0.11": 141, "0.1": 203, "0.09": 248, "0.08": 405, "0.07": 474}
2565
2565
{"0.0": 433, "0.01": 946, "0.02": 960, "0.03": 938, "0.04": 875, "0.05": 894, "0.06": 766, "0.07": 648, "0.08": 405, "0.09": 248, "0.1": 203, "0.11": 141, "0.12": 126, "0.13": 123, "0.14": 89, "0.15": 93, "0.16": 99, "0.17": 73, "0.18": 71, "0.19": 81, "0.2": 84, "0.21": 70, "0.22": 75, "0.23": 44, "0.24": 37, "0.25": 20, "0.26": 4, "0.27": 2, "0.28": 3}
{"0.0": 433, "0.01": 946, "0.02": 960, "0.03": 226}
2565
0.25
{"0.04": 875, "0.07": 648, "0.17": 73, "0.08": 405, "0.0": 433, "0.03": 938, "0.05": 894, "0.09": 248, "0.02": 960, "0.19": 81, "0.06": 766, "0.01": 946, "0.1": 203, "0.12": 126, "0.11": 141, "0.13": 123, "0.15": 93, "0.14": 89, "0.16": 99, "0.21": 70, "0.18": 71, "0.23": 44, "0.2": 84, "0.22": 75, "0.25": 20, "0.24": 37, "0.26": 4, "0.27": 2, "0.28": 3}
{"0.04": 219, "0.07": 162, "0.17": 18, "0.08": 101, "0.0": 108, "0.03": 234, "0.05": 224, "0.09": 62, "0.02": 240, "0.19": 20, "0.06": 192, "0.01": 236, "0.1": 51, "0.12": 32, "0.11": 35, "0.13": 31, "0.15": 23, "0.14": 22, "0.16": 25, "0.21": 18, "0.18": 18, "0.23": 11, "0.2": 21, "0.22": 19, "0.25": 5, "0.24": 9, "0.26": 1, "0.27": 0, "0.28": 1}
              t_label  ... avg2
indexes                ...     
353        acceptable  ...  0.5
6318       acceptable  ...  0.6
1351     unacceptable  ...  0.5
7411       acceptable  ...  0.4
8407     unacceptable  ...  0.5
...               ...  ...  ...
8110       acceptable  ...  0.6
6771     unacceptable  ...  0.7
6214       acceptable  ...  0.6
3437       acceptable  ...  1.3
6884       acceptable  ...  1.1

[2138 rows x 55 columns]
2137
{"0.28": 3, "0.27": 2, "0.26": 4, "0.25": 20, "0.24": 37, "0.23": 44, "0.22": 75, "0.21": 70, "0.2": 84, "0.19": 81, "0.18": 71, "0.17": 73, "0.16": 99, "0.15": 93, "0.14": 89, "0.13": 123, "0.12": 126, "0.11": 141, "0.1": 203, "0.09": 248, "0.08": 405, "0.07": 648, "0.06": 766, "0.05": 894, "0.04": 875, "0.03": 938, "0.02": 960, "0.01": 946, "0.0": 433}
{"0.28": 3, "0.27": 2, "0.26": 4, "0.25": 20, "0.24": 37, "0.23": 44, "0.22": 75, "0.21": 70, "0.2": 84, "0.19": 81, "0.18": 71, "0.17": 73, "0.16": 99, "0.15": 93, "0.14": 89, "0.13": 123, "0.12": 126, "0.11": 141, "0.1": 203, "0.09": 248, "0.08": 405, "0.07": 46}
2137
2137
{"0.0": 433, "0.01": 946, "0.02": 960, "0.03": 938, "0.04": 875, "0.05": 894, "0.06": 766, "0.07": 648, "0.08": 405, "0.09": 248, "0.1": 203, "0.11": 141, "0.12": 126, "0.13": 123, "0.14": 89, "0.15": 93, "0.16": 99, "0.17": 73, "0.18": 71, "0.19": 81, "0.2": 84, "0.21": 70, "0.22": 75, "0.23": 44, "0.24": 37, "0.25": 20, "0.26": 4, "0.27": 2, "0.28": 3}
{"0.0": 433, "0.01": 946, "0.02": 758}
2137
0.2
{"0.04": 875, "0.07": 648, "0.17": 73, "0.08": 405, "0.0": 433, "0.03": 938, "0.05": 894, "0.09": 248, "0.02": 960, "0.19": 81, "0.06": 766, "0.01": 946, "0.1": 203, "0.12": 126, "0.11": 141, "0.13": 123, "0.15": 93, "0.14": 89, "0.16": 99, "0.21": 70, "0.18": 71, "0.23": 44, "0.2": 84, "0.22": 75, "0.25": 20, "0.24": 37, "0.26": 4, "0.27": 2, "0.28": 3}
{"0.04": 175, "0.07": 130, "0.17": 15, "0.08": 81, "0.0": 87, "0.03": 188, "0.05": 179, "0.09": 50, "0.02": 192, "0.19": 16, "0.06": 153, "0.01": 189, "0.1": 41, "0.12": 25, "0.11": 28, "0.13": 25, "0.15": 19, "0.14": 18, "0.16": 20, "0.21": 14, "0.18": 14, "0.23": 9, "0.2": 17, "0.22": 15, "0.25": 4, "0.24": 7, "0.26": 1, "0.27": 0, "0.28": 1}
              t_label  ... avg2
indexes                ...     
4309       acceptable  ...  0.4
5789     unacceptable  ...  0.4
258      unacceptable  ...  0.5
4829     unacceptable  ...  0.5
1940       acceptable  ...  0.5
...               ...  ...  ...
8144       acceptable  ...  0.5
6962       acceptable  ...  0.6
8349     unacceptable  ...  0.6
3437       acceptable  ...  1.3
8170       acceptable  ...  1.1

[1713 rows x 55 columns]
1710
{"0.28": 3, "0.27": 2, "0.26": 4, "0.25": 20, "0.24": 37, "0.23": 44, "0.22": 75, "0.21": 70, "0.2": 84, "0.19": 81, "0.18": 71, "0.17": 73, "0.16": 99, "0.15": 93, "0.14": 89, "0.13": 123, "0.12": 126, "0.11": 141, "0.1": 203, "0.09": 248, "0.08": 405, "0.07": 648, "0.06": 766, "0.05": 894, "0.04": 875, "0.03": 938, "0.02": 960, "0.01": 946, "0.0": 433}
{"0.28": 3, "0.27": 2, "0.26": 4, "0.25": 20, "0.24": 37, "0.23": 44, "0.22": 75, "0.21": 70, "0.2": 84, "0.19": 81, "0.18": 71, "0.17": 73, "0.16": 99, "0.15": 93, "0.14": 89, "0.13": 123, "0.12": 126, "0.11": 141, "0.1": 203, "0.09": 248, "0.08": 24}
1710
1710
{"0.0": 433, "0.01": 946, "0.02": 960, "0.03": 938, "0.04": 875, "0.05": 894, "0.06": 766, "0.07": 648, "0.08": 405, "0.09": 248, "0.1": 203, "0.11": 141, "0.12": 126, "0.13": 123, "0.14": 89, "0.15": 93, "0.16": 99, "0.17": 73, "0.18": 71, "0.19": 81, "0.2": 84, "0.21": 70, "0.22": 75, "0.23": 44, "0.24": 37, "0.25": 20, "0.26": 4, "0.27": 2, "0.28": 3}
{"0.0": 433, "0.01": 946, "0.02": 331}
1710
0.15
{"0.04": 875, "0.07": 648, "0.17": 73, "0.08": 405, "0.0": 433, "0.03": 938, "0.05": 894, "0.09": 248, "0.02": 960, "0.19": 81, "0.06": 766, "0.01": 946, "0.1": 203, "0.12": 126, "0.11": 141, "0.13": 123, "0.15": 93, "0.14": 89, "0.16": 99, "0.21": 70, "0.18": 71, "0.23": 44, "0.2": 84, "0.22": 75, "0.25": 20, "0.24": 37, "0.26": 4, "0.27": 2, "0.28": 3}
{"0.04": 131, "0.07": 97, "0.17": 11, "0.08": 61, "0.0": 65, "0.03": 141, "0.05": 134, "0.09": 37, "0.02": 144, "0.19": 12, "0.06": 115, "0.01": 142, "0.1": 30, "0.12": 19, "0.11": 21, "0.13": 18, "0.15": 14, "0.14": 13, "0.16": 15, "0.21": 10, "0.18": 11, "0.23": 7, "0.2": 13, "0.22": 11, "0.25": 3, "0.24": 6, "0.26": 1, "0.27": 0, "0.28": 0}
              t_label  ... avg2
indexes                ...     
771      unacceptable  ...  0.5
1733       acceptable  ...  0.5
1954       acceptable  ...  0.5
7064       acceptable  ...  0.4
8076     unacceptable  ...  0.5
...               ...  ...  ...
7341     unacceptable  ...  0.5
8526       acceptable  ...  0.6
8395     unacceptable  ...  0.6
6971       acceptable  ...  1.1
6365       acceptable  ...  1.0

[1282 rows x 55 columns]
1282
{"0.28": 3, "0.27": 2, "0.26": 4, "0.25": 20, "0.24": 37, "0.23": 44, "0.22": 75, "0.21": 70, "0.2": 84, "0.19": 81, "0.18": 71, "0.17": 73, "0.16": 99, "0.15": 93, "0.14": 89, "0.13": 123, "0.12": 126, "0.11": 141, "0.1": 203, "0.09": 248, "0.08": 405, "0.07": 648, "0.06": 766, "0.05": 894, "0.04": 875, "0.03": 938, "0.02": 960, "0.01": 946, "0.0": 433}
{"0.28": 3, "0.27": 2, "0.26": 4, "0.25": 20, "0.24": 37, "0.23": 44, "0.22": 75, "0.21": 70, "0.2": 84, "0.19": 81, "0.18": 71, "0.17": 73, "0.16": 99, "0.15": 93, "0.14": 89, "0.13": 123, "0.12": 126, "0.11": 141, "0.1": 47}
1282
1282
{"0.0": 433, "0.01": 946, "0.02": 960, "0.03": 938, "0.04": 875, "0.05": 894, "0.06": 766, "0.07": 648, "0.08": 405, "0.09": 248, "0.1": 203, "0.11": 141, "0.12": 126, "0.13": 123, "0.14": 89, "0.15": 93, "0.16": 99, "0.17": 73, "0.18": 71, "0.19": 81, "0.2": 84, "0.21": 70, "0.22": 75, "0.23": 44, "0.24": 37, "0.25": 20, "0.26": 4, "0.27": 2, "0.28": 3}
{"0.0": 433, "0.01": 849}
1282
0.1
{"0.04": 875, "0.07": 648, "0.17": 73, "0.08": 405, "0.0": 433, "0.03": 938, "0.05": 894, "0.09": 248, "0.02": 960, "0.19": 81, "0.06": 766, "0.01": 946, "0.1": 203, "0.12": 126, "0.11": 141, "0.13": 123, "0.15": 93, "0.14": 89, "0.16": 99, "0.21": 70, "0.18": 71, "0.23": 44, "0.2": 84, "0.22": 75, "0.25": 20, "0.24": 37, "0.26": 4, "0.27": 2, "0.28": 3}
{"0.04": 88, "0.07": 65, "0.17": 7, "0.08": 40, "0.0": 43, "0.03": 94, "0.05": 89, "0.09": 25, "0.02": 96, "0.19": 8, "0.06": 77, "0.01": 95, "0.1": 20, "0.12": 13, "0.11": 14, "0.13": 12, "0.15": 9, "0.14": 9, "0.16": 10, "0.21": 7, "0.18": 7, "0.23": 4, "0.2": 8, "0.22": 8, "0.25": 2, "0.24": 4, "0.26": 0, "0.27": 0, "0.28": 0}
            t_label  ... avg2
indexes              ...     
1224     acceptable  ...  0.5
5442     acceptable  ...  0.4
2506     acceptable  ...  0.5
6894     acceptable  ...  0.5
2771     acceptable  ...  0.4
...             ...  ...  ...
8096     acceptable  ...  0.6
8110     acceptable  ...  0.6
8526     acceptable  ...  0.6
4947     acceptable  ...  1.0
8144     acceptable  ...  0.5

[854 rows x 55 columns]
855
{"0.28": 3, "0.27": 2, "0.26": 4, "0.25": 20, "0.24": 37, "0.23": 44, "0.22": 75, "0.21": 70, "0.2": 84, "0.19": 81, "0.18": 71, "0.17": 73, "0.16": 99, "0.15": 93, "0.14": 89, "0.13": 123, "0.12": 126, "0.11": 141, "0.1": 203, "0.09": 248, "0.08": 405, "0.07": 648, "0.06": 766, "0.05": 894, "0.04": 875, "0.03": 938, "0.02": 960, "0.01": 946, "0.0": 433}
{"0.28": 3, "0.27": 2, "0.26": 4, "0.25": 20, "0.24": 37, "0.23": 44, "0.22": 75, "0.21": 70, "0.2": 84, "0.19": 81, "0.18": 71, "0.17": 73, "0.16": 99, "0.15": 93, "0.14": 89, "0.13": 10}
855
855
{"0.0": 433, "0.01": 946, "0.02": 960, "0.03": 938, "0.04": 875, "0.05": 894, "0.06": 766, "0.07": 648, "0.08": 405, "0.09": 248, "0.1": 203, "0.11": 141, "0.12": 126, "0.13": 123, "0.14": 89, "0.15": 93, "0.16": 99, "0.17": 73, "0.18": 71, "0.19": 81, "0.2": 84, "0.21": 70, "0.22": 75, "0.23": 44, "0.24": 37, "0.25": 20, "0.26": 4, "0.27": 2, "0.28": 3}
{"0.0": 433, "0.01": 422}
855
0.05
{"0.04": 875, "0.07": 648, "0.17": 73, "0.08": 405, "0.0": 433, "0.03": 938, "0.05": 894, "0.09": 248, "0.02": 960, "0.19": 81, "0.06": 766, "0.01": 946, "0.1": 203, "0.12": 126, "0.11": 141, "0.13": 123, "0.15": 93, "0.14": 89, "0.16": 99, "0.21": 70, "0.18": 71, "0.23": 44, "0.2": 84, "0.22": 75, "0.25": 20, "0.24": 37, "0.26": 4, "0.27": 2, "0.28": 3}
{"0.04": 44, "0.07": 32, "0.17": 4, "0.08": 20, "0.0": 22, "0.03": 47, "0.05": 45, "0.09": 12, "0.02": 48, "0.19": 4, "0.06": 38, "0.01": 47, "0.1": 10, "0.12": 6, "0.11": 7, "0.13": 6, "0.15": 5, "0.14": 4, "0.16": 5, "0.21": 4, "0.18": 4, "0.23": 2, "0.2": 4, "0.22": 4, "0.25": 1, "0.24": 2, "0.26": 0, "0.27": 0, "0.28": 0}
              t_label                                   sentence  ...  avg avg2
indexes                                                           ...          
4472     unacceptable   The proposal did be endorsed by Clinton.  ...  0.4  0.5
2105     unacceptable              I lent Tony the book halfway.  ...  0.4  0.5
2718       acceptable                 They lent a bicycle to me.  ...  0.3  0.4
4396       acceptable                   Mary did not avoid Bill.  ...  0.4  0.5
2987       acceptable              We peered through the screen.  ...  0.4  0.4
...               ...                                        ...  ...  ...  ...
4772       acceptable       Which books did John put in the box?  ...  0.4  0.5
6187       acceptable  How do you think John bought the sweater?  ...  0.3  0.5
8025     unacceptable                           The fig chuckled  ...  0.3  0.5
8398       acceptable      Bill reading Shakespeare satisfied me  ...  0.3  0.6
6531       acceptable                  Who do you think saw you?  ...  0.3  0.5

[427 rows x 55 columns]
427
{"0.28": 3, "0.27": 2, "0.26": 4, "0.25": 20, "0.24": 37, "0.23": 44, "0.22": 75, "0.21": 70, "0.2": 84, "0.19": 81, "0.18": 71, "0.17": 73, "0.16": 99, "0.15": 93, "0.14": 89, "0.13": 123, "0.12": 126, "0.11": 141, "0.1": 203, "0.09": 248, "0.08": 405, "0.07": 648, "0.06": 766, "0.05": 894, "0.04": 875, "0.03": 938, "0.02": 960, "0.01": 946, "0.0": 433}
{"0.28": 3, "0.27": 2, "0.26": 4, "0.25": 20, "0.24": 37, "0.23": 44, "0.22": 75, "0.21": 70, "0.2": 84, "0.19": 81, "0.18": 7}
427
427
{"0.0": 433, "0.01": 946, "0.02": 960, "0.03": 938, "0.04": 875, "0.05": 894, "0.06": 766, "0.07": 648, "0.08": 405, "0.09": 248, "0.1": 203, "0.11": 141, "0.12": 126, "0.13": 123, "0.14": 89, "0.15": 93, "0.16": 99, "0.17": 73, "0.18": 71, "0.19": 81, "0.2": 84, "0.21": 70, "0.22": 75, "0.23": 44, "0.24": 37, "0.25": 20, "0.26": 4, "0.27": 2, "0.28": 3}
{"0.0": 427}
427
0.04
{"0.04": 875, "0.07": 648, "0.17": 73, "0.08": 405, "0.0": 433, "0.03": 938, "0.05": 894, "0.09": 248, "0.02": 960, "0.19": 81, "0.06": 766, "0.01": 946, "0.1": 203, "0.12": 126, "0.11": 141, "0.13": 123, "0.15": 93, "0.14": 89, "0.16": 99, "0.21": 70, "0.18": 71, "0.23": 44, "0.2": 84, "0.22": 75, "0.25": 20, "0.24": 37, "0.26": 4, "0.27": 2, "0.28": 3}
{"0.04": 35, "0.07": 26, "0.17": 3, "0.08": 16, "0.0": 17, "0.03": 38, "0.05": 36, "0.09": 10, "0.02": 38, "0.19": 3, "0.06": 31, "0.01": 38, "0.1": 8, "0.12": 5, "0.11": 6, "0.13": 5, "0.15": 4, "0.14": 4, "0.16": 4, "0.21": 3, "0.18": 3, "0.23": 2, "0.2": 3, "0.22": 3, "0.25": 1, "0.24": 1, "0.26": 0, "0.27": 0, "0.28": 0}
              t_label  ... avg2
indexes                ...     
3077     unacceptable  ...  0.4
2746       acceptable  ...  0.7
1825       acceptable  ...  0.5
2776     unacceptable  ...  0.4
3249     unacceptable  ...  0.4
...               ...  ...  ...
1315       acceptable  ...  0.5
8499       acceptable  ...  0.5
7848       acceptable  ...  0.6
428        acceptable  ...  1.0
8116     unacceptable  ...  0.5

[343 rows x 55 columns]
342
{"0.28": 3, "0.27": 2, "0.26": 4, "0.25": 20, "0.24": 37, "0.23": 44, "0.22": 75, "0.21": 70, "0.2": 84, "0.19": 81, "0.18": 71, "0.17": 73, "0.16": 99, "0.15": 93, "0.14": 89, "0.13": 123, "0.12": 126, "0.11": 141, "0.1": 203, "0.09": 248, "0.08": 405, "0.07": 648, "0.06": 766, "0.05": 894, "0.04": 875, "0.03": 938, "0.02": 960, "0.01": 946, "0.0": 433}
{"0.28": 3, "0.27": 2, "0.26": 4, "0.25": 20, "0.24": 37, "0.23": 44, "0.22": 75, "0.21": 70, "0.2": 84, "0.19": 3}
342
342
{"0.0": 433, "0.01": 946, "0.02": 960, "0.03": 938, "0.04": 875, "0.05": 894, "0.06": 766, "0.07": 648, "0.08": 405, "0.09": 248, "0.1": 203, "0.11": 141, "0.12": 126, "0.13": 123, "0.14": 89, "0.15": 93, "0.16": 99, "0.17": 73, "0.18": 71, "0.19": 81, "0.2": 84, "0.21": 70, "0.22": 75, "0.23": 44, "0.24": 37, "0.25": 20, "0.26": 4, "0.27": 2, "0.28": 3}
{"0.0": 342}
342
0.03
{"0.04": 875, "0.07": 648, "0.17": 73, "0.08": 405, "0.0": 433, "0.03": 938, "0.05": 894, "0.09": 248, "0.02": 960, "0.19": 81, "0.06": 766, "0.01": 946, "0.1": 203, "0.12": 126, "0.11": 141, "0.13": 123, "0.15": 93, "0.14": 89, "0.16": 99, "0.21": 70, "0.18": 71, "0.23": 44, "0.2": 84, "0.22": 75, "0.25": 20, "0.24": 37, "0.26": 4, "0.27": 2, "0.28": 3}
{"0.04": 26, "0.07": 19, "0.17": 2, "0.08": 12, "0.0": 13, "0.03": 28, "0.05": 27, "0.09": 7, "0.02": 29, "0.19": 2, "0.06": 23, "0.01": 28, "0.1": 6, "0.12": 4, "0.11": 4, "0.13": 4, "0.15": 3, "0.14": 3, "0.16": 3, "0.21": 2, "0.18": 2, "0.23": 1, "0.2": 3, "0.22": 2, "0.25": 1, "0.24": 1, "0.26": 0, "0.27": 0, "0.28": 0}
              t_label  ... avg2
indexes                ...     
1801       acceptable  ...  0.5
2408     unacceptable  ...  0.5
353        acceptable  ...  0.5
5093       acceptable  ...  0.5
7365     unacceptable  ...  0.5
...               ...  ...  ...
8212       acceptable  ...  0.5
7848       acceptable  ...  0.6
8323     unacceptable  ...  0.5
7869       acceptable  ...  0.6
8433     unacceptable  ...  0.6

[255 rows x 55 columns]
256
{"0.28": 3, "0.27": 2, "0.26": 4, "0.25": 20, "0.24": 37, "0.23": 44, "0.22": 75, "0.21": 70, "0.2": 84, "0.19": 81, "0.18": 71, "0.17": 73, "0.16": 99, "0.15": 93, "0.14": 89, "0.13": 123, "0.12": 126, "0.11": 141, "0.1": 203, "0.09": 248, "0.08": 405, "0.07": 648, "0.06": 766, "0.05": 894, "0.04": 875, "0.03": 938, "0.02": 960, "0.01": 946, "0.0": 433}
{"0.28": 3, "0.27": 2, "0.26": 4, "0.25": 20, "0.24": 37, "0.23": 44, "0.22": 75, "0.21": 70, "0.2": 1}
256
256
{"0.0": 433, "0.01": 946, "0.02": 960, "0.03": 938, "0.04": 875, "0.05": 894, "0.06": 766, "0.07": 648, "0.08": 405, "0.09": 248, "0.1": 203, "0.11": 141, "0.12": 126, "0.13": 123, "0.14": 89, "0.15": 93, "0.16": 99, "0.17": 73, "0.18": 71, "0.19": 81, "0.2": 84, "0.21": 70, "0.22": 75, "0.23": 44, "0.24": 37, "0.25": 20, "0.26": 4, "0.27": 2, "0.28": 3}
{"0.0": 256}
256
0.02
{"0.04": 875, "0.07": 648, "0.17": 73, "0.08": 405, "0.0": 433, "0.03": 938, "0.05": 894, "0.09": 248, "0.02": 960, "0.19": 81, "0.06": 766, "0.01": 946, "0.1": 203, "0.12": 126, "0.11": 141, "0.13": 123, "0.15": 93, "0.14": 89, "0.16": 99, "0.21": 70, "0.18": 71, "0.23": 44, "0.2": 84, "0.22": 75, "0.25": 20, "0.24": 37, "0.26": 4, "0.27": 2, "0.28": 3}
{"0.04": 18, "0.07": 13, "0.17": 1, "0.08": 8, "0.0": 9, "0.03": 19, "0.05": 18, "0.09": 5, "0.02": 19, "0.19": 2, "0.06": 15, "0.01": 19, "0.1": 4, "0.12": 3, "0.11": 3, "0.13": 2, "0.15": 2, "0.14": 2, "0.16": 2, "0.21": 1, "0.18": 1, "0.23": 1, "0.2": 2, "0.22": 2, "0.25": 0, "0.24": 1, "0.26": 0, "0.27": 0, "0.28": 0}
              t_label  ... avg2
indexes                ...     
764        acceptable  ...  0.6
2405       acceptable  ...  0.6
7993       acceptable  ...  0.5
7981       acceptable  ...  0.4
5211     unacceptable  ...  0.5
...               ...  ...  ...
357      unacceptable  ...  0.5
2535       acceptable  ...  0.5
5343       acceptable  ...  1.0
8138       acceptable  ...  0.5
8349     unacceptable  ...  0.6

[172 rows x 55 columns]
171
{"0.28": 3, "0.27": 2, "0.26": 4, "0.25": 20, "0.24": 37, "0.23": 44, "0.22": 75, "0.21": 70, "0.2": 84, "0.19": 81, "0.18": 71, "0.17": 73, "0.16": 99, "0.15": 93, "0.14": 89, "0.13": 123, "0.12": 126, "0.11": 141, "0.1": 203, "0.09": 248, "0.08": 405, "0.07": 648, "0.06": 766, "0.05": 894, "0.04": 875, "0.03": 938, "0.02": 960, "0.01": 946, "0.0": 433}
{"0.28": 3, "0.27": 2, "0.26": 4, "0.25": 20, "0.24": 37, "0.23": 44, "0.22": 61}
171
171
{"0.0": 433, "0.01": 946, "0.02": 960, "0.03": 938, "0.04": 875, "0.05": 894, "0.06": 766, "0.07": 648, "0.08": 405, "0.09": 248, "0.1": 203, "0.11": 141, "0.12": 126, "0.13": 123, "0.14": 89, "0.15": 93, "0.16": 99, "0.17": 73, "0.18": 71, "0.19": 81, "0.2": 84, "0.21": 70, "0.22": 75, "0.23": 44, "0.24": 37, "0.25": 20, "0.26": 4, "0.27": 2, "0.28": 3}
{"0.0": 171}
171
0.01
{"0.04": 875, "0.07": 648, "0.17": 73, "0.08": 405, "0.0": 433, "0.03": 938, "0.05": 894, "0.09": 248, "0.02": 960, "0.19": 81, "0.06": 766, "0.01": 946, "0.1": 203, "0.12": 126, "0.11": 141, "0.13": 123, "0.15": 93, "0.14": 89, "0.16": 99, "0.21": 70, "0.18": 71, "0.23": 44, "0.2": 84, "0.22": 75, "0.25": 20, "0.24": 37, "0.26": 4, "0.27": 2, "0.28": 3}
{"0.04": 9, "0.07": 6, "0.17": 1, "0.08": 4, "0.0": 4, "0.03": 9, "0.05": 9, "0.09": 2, "0.02": 10, "0.19": 1, "0.06": 8, "0.01": 9, "0.1": 2, "0.12": 1, "0.11": 1, "0.13": 1, "0.15": 1, "0.14": 1, "0.16": 1, "0.21": 1, "0.18": 1, "0.23": 0, "0.2": 1, "0.22": 1, "0.25": 0, "0.24": 0, "0.26": 0, "0.27": 0, "0.28": 0}
              t_label  ... avg2
indexes                ...     
6980       acceptable  ...  0.4
6452     unacceptable  ...  0.6
5858       acceptable  ...  0.5
1785     unacceptable  ...  0.5
6780     unacceptable  ...  0.5
...               ...  ...  ...
135        acceptable  ...  0.6
3953       acceptable  ...  0.8
7038       acceptable  ...  0.5
8067     unacceptable  ...  0.6
8389       acceptable  ...  0.5

[84 rows x 55 columns]
85
{"0.28": 3, "0.27": 2, "0.26": 4, "0.25": 20, "0.24": 37, "0.23": 44, "0.22": 75, "0.21": 70, "0.2": 84, "0.19": 81, "0.18": 71, "0.17": 73, "0.16": 99, "0.15": 93, "0.14": 89, "0.13": 123, "0.12": 126, "0.11": 141, "0.1": 203, "0.09": 248, "0.08": 405, "0.07": 648, "0.06": 766, "0.05": 894, "0.04": 875, "0.03": 938, "0.02": 960, "0.01": 946, "0.0": 433}
{"0.28": 3, "0.27": 2, "0.26": 4, "0.25": 20, "0.24": 37, "0.23": 19}
85
85
{"0.0": 433, "0.01": 946, "0.02": 960, "0.03": 938, "0.04": 875, "0.05": 894, "0.06": 766, "0.07": 648, "0.08": 405, "0.09": 248, "0.1": 203, "0.11": 141, "0.12": 126, "0.13": 123, "0.14": 89, "0.15": 93, "0.16": 99, "0.17": 73, "0.18": 71, "0.19": 81, "0.2": 84, "0.21": 70, "0.22": 75, "0.23": 44, "0.24": 37, "0.25": 20, "0.26": 4, "0.27": 2, "0.28": 3}
{"0.0": 85}
85
0.005
{"0.04": 875, "0.07": 648, "0.17": 73, "0.08": 405, "0.0": 433, "0.03": 938, "0.05": 894, "0.09": 248, "0.02": 960, "0.19": 81, "0.06": 766, "0.01": 946, "0.1": 203, "0.12": 126, "0.11": 141, "0.13": 123, "0.15": 93, "0.14": 89, "0.16": 99, "0.21": 70, "0.18": 71, "0.23": 44, "0.2": 84, "0.22": 75, "0.25": 20, "0.24": 37, "0.26": 4, "0.27": 2, "0.28": 3}
{"0.04": 4, "0.07": 3, "0.17": 0, "0.08": 2, "0.0": 2, "0.03": 5, "0.05": 4, "0.09": 1, "0.02": 5, "0.19": 0, "0.06": 4, "0.01": 5, "0.1": 1, "0.12": 1, "0.11": 1, "0.13": 1, "0.15": 0, "0.14": 0, "0.16": 0, "0.21": 0, "0.18": 0, "0.23": 0, "0.2": 0, "0.22": 0, "0.25": 0, "0.24": 0, "0.26": 0, "0.27": 0, "0.28": 0}
              t_label  ... avg2
indexes                ...     
3760       acceptable  ...  0.4
6673       acceptable  ...  0.4
7013       acceptable  ...  0.5
596        acceptable  ...  0.4
1033       acceptable  ...  0.5
2328     unacceptable  ...  0.4
2170       acceptable  ...  0.4
3490       acceptable  ...  0.6
161        acceptable  ...  0.6
5257       acceptable  ...  0.4
7510     unacceptable  ...  0.4
5877       acceptable  ...  0.4
3528       acceptable  ...  0.4
2392       acceptable  ...  0.5
1401       acceptable  ...  0.5
8405       acceptable  ...  0.5
7566       acceptable  ...  0.4
6693       acceptable  ...  0.6
1347       acceptable  ...  0.5
1074       acceptable  ...  0.5
2880       acceptable  ...  0.7
6711       acceptable  ...  0.5
7451       acceptable  ...  0.4
116        acceptable  ...  0.6
2116       acceptable  ...  0.5
6486       acceptable  ...  0.4
490        acceptable  ...  0.5
3458       acceptable  ...  0.4
402      unacceptable  ...  0.5
719        acceptable  ...  0.5
4992       acceptable  ...  0.6
4152       acceptable  ...  0.5
7816       acceptable  ...  0.5
6663       acceptable  ...  0.4
3300       acceptable  ...  0.6
2803     unacceptable  ...  0.5
8454       acceptable  ...  0.5
3713       acceptable  ...  0.4
2098       acceptable  ...  0.8

[39 rows x 55 columns]
42
{"0.28": 3, "0.27": 2, "0.26": 4, "0.25": 20, "0.24": 37, "0.23": 44, "0.22": 75, "0.21": 70, "0.2": 84, "0.19": 81, "0.18": 71, "0.17": 73, "0.16": 99, "0.15": 93, "0.14": 89, "0.13": 123, "0.12": 126, "0.11": 141, "0.1": 203, "0.09": 248, "0.08": 405, "0.07": 648, "0.06": 766, "0.05": 894, "0.04": 875, "0.03": 938, "0.02": 960, "0.01": 946, "0.0": 433}
{"0.28": 3, "0.27": 2, "0.26": 4, "0.25": 20, "0.24": 13}
42
42
{"0.0": 433, "0.01": 946, "0.02": 960, "0.03": 938, "0.04": 875, "0.05": 894, "0.06": 766, "0.07": 648, "0.08": 405, "0.09": 248, "0.1": 203, "0.11": 141, "0.12": 126, "0.13": 123, "0.14": 89, "0.15": 93, "0.16": 99, "0.17": 73, "0.18": 71, "0.19": 81, "0.2": 84, "0.21": 70, "0.22": 75, "0.23": 44, "0.24": 37, "0.25": 20, "0.26": 4, "0.27": 2, "0.28": 3}
{"0.0": 42}
42
