random_0.03_model_0
DatasetDict({
    train: Dataset({
        features: ['sentence', 'label', 'indexes'],
        num_rows: 257
    })
    validation: Dataset({
        features: ['sentence', 'label', 'indexes'],
        num_rows: 1043
    })
    test: Dataset({
        features: ['sentence', 'label', 'indexes'],
        num_rows: 1063
    })
})
[Train] Epoch:   0, Total:    257, Accuracy : 0.5409, Loss: 0.6927
[Eval] Epoch:   0, Total:   1043, Accuracy : 0.6817, Loss: 0.6884
[Train] Epoch:   1, Total:    257, Accuracy : 0.5525, Loss: 0.7027
[Eval] Epoch:   1, Total:   1043, Accuracy : 0.6884, Loss: 0.6876
[Train] Epoch:   2, Total:    257, Accuracy : 0.5720, Loss: 0.7156
[Eval] Epoch:   2, Total:   1043, Accuracy : 0.6913, Loss: 0.6851
[Train] Epoch:   3, Total:    257, Accuracy : 0.6148, Loss: 0.7029
[Eval] Epoch:   3, Total:   1043, Accuracy : 0.6913, Loss: 0.6795
[Train] Epoch:   4, Total:    257, Accuracy : 0.6304, Loss: 0.6543
[Eval] Epoch:   4, Total:   1043, Accuracy : 0.6913, Loss: 0.6710
[Train] Epoch:   5, Total:    257, Accuracy : 0.6615, Loss: 0.6636
[Eval] Epoch:   5, Total:   1043, Accuracy : 0.6913, Loss: 0.6595
[Train] Epoch:   6, Total:    257, Accuracy : 0.6848, Loss: 0.6407
[Eval] Epoch:   6, Total:   1043, Accuracy : 0.6913, Loss: 0.6449
[Train] Epoch:   7, Total:    257, Accuracy : 0.6926, Loss: 0.7956
[Eval] Epoch:   7, Total:   1043, Accuracy : 0.6913, Loss: 0.6300
[Train] Epoch:   8, Total:    257, Accuracy : 0.6926, Loss: 0.6175
[Eval] Epoch:   8, Total:   1043, Accuracy : 0.6913, Loss: 0.6143
[Train] Epoch:   9, Total:    257, Accuracy : 0.6926, Loss: 0.7459
[Eval] Epoch:   9, Total:   1043, Accuracy : 0.6913, Loss: 0.5970
[Train] Epoch:  10, Total:    257, Accuracy : 0.6926, Loss: 0.5590
[Eval] Epoch:  10, Total:   1043, Accuracy : 0.6913, Loss: 0.5768
[Train] Epoch:  11, Total:    257, Accuracy : 0.6926, Loss: 0.4944
[Eval] Epoch:  11, Total:   1043, Accuracy : 0.6913, Loss: 0.5508
[Train] Epoch:  12, Total:    257, Accuracy : 0.6926, Loss: 0.5560
[Eval] Epoch:  12, Total:   1043, Accuracy : 0.6913, Loss: 0.5195
[Train] Epoch:  13, Total:    257, Accuracy : 0.6926, Loss: 0.9883
[Eval] Epoch:  13, Total:   1043, Accuracy : 0.6913, Loss: 0.4902
[Train] Epoch:  14, Total:    257, Accuracy : 0.6926, Loss: 0.3440
[Eval] Epoch:  14, Total:   1043, Accuracy : 0.6913, Loss: 0.4672
[Train] Epoch:  15, Total:    257, Accuracy : 0.6926, Loss: 0.2753
[Eval] Epoch:  15, Total:   1043, Accuracy : 0.6913, Loss: 0.4483
[Train] Epoch:  16, Total:    257, Accuracy : 0.6926, Loss: 0.2328
[Eval] Epoch:  16, Total:   1043, Accuracy : 0.6913, Loss: 0.4392
[Train] Epoch:  17, Total:    257, Accuracy : 0.6926, Loss: 0.2142
[Eval] Epoch:  17, Total:   1043, Accuracy : 0.6913, Loss: 0.4369
[Train] Epoch:  18, Total:    257, Accuracy : 0.6926, Loss: 0.2172
[Eval] Epoch:  18, Total:   1043, Accuracy : 0.6913, Loss: 0.4406
[Train] Epoch:  19, Total:    257, Accuracy : 0.6926, Loss: 0.1786
[Eval] Epoch:  19, Total:   1043, Accuracy : 0.6913, Loss: 0.4566
{"epoch":[1,2,3,4,5,6,7,8,9,10,11,12,13,14,15,16,17,18,19,20],"train_loss":[0.6906778216362,0.6969802677631378,0.7018281817436218,0.6910570561885834,0.6685527265071869,0.6718586385250092,0.6570715010166168,0.7298082113265991,0.638168215751648,0.6956329345703125,0.6015777885913849,0.5643717497587204,0.5896903574466705,0.8129087388515472,0.4813104271888733,0.4469424933195114,0.426583893597126,0.42302151769399643,0.42016076296567917,0.3981398418545723],"eval_loss":[0.690440011024475,0.6899844527244567,0.6884480595588685,0.6850393056869507,0.6798213124275208,0.6728729724884033,0.6641977667808533,0.655483067035675,0.6465644478797913,0.6370888710021972,0.6265323758125305,0.613881528377533,0.6006596207618713,0.5914332270622253,0.5876809477806091,0.5901245713233948,0.5952546656131744,0.5929837703704834,0.5825547993183136,0.5776167869567871],"train_acc":[0.5408560311284046,0.5525291828793775,0.5719844357976653,0.6147859922178989,0.6303501945525292,0.6614785992217899,0.6848249027237354,0.6926070038910506,0.6926070038910506,0.6926070038910506,0.6926070038910506,0.6926070038910506,0.6926070038910506,0.6926070038910506,0.6926070038910506,0.6926070038910506,0.6926070038910506,0.6926070038910506,0.6926070038910506,0.6926070038910506],"eval_acc":[0.6816874400767018,0.6883988494726749,0.6912751677852349,0.6912751677852349,0.6912751677852349,0.6912751677852349,0.6912751677852349,0.6912751677852349,0.6912751677852349,0.6912751677852349,0.6912751677852349,0.6912751677852349,0.6912751677852349,0.6912751677852349,0.6912751677852349,0.6912751677852349,0.6912751677852349,0.6912751677852349,0.6912751677852349,0.6912751677852349]}
[Eval] Epoch:  11, Total:   1043, Accuracy : 0.6913, Loss: 0.4566
1043 721 2.8880839347839355
