random_0.01_model_0
DatasetDict({
    train: Dataset({
        features: ['sentence', 'label', 'indexes'],
        num_rows: 86
    })
    validation: Dataset({
        features: ['sentence', 'label', 'indexes'],
        num_rows: 1043
    })
    test: Dataset({
        features: ['sentence', 'label', 'indexes'],
        num_rows: 1063
    })
})
[Train] Epoch:   0, Total:     86, Accuracy : 0.6163, Loss: 0.6904
[Eval] Epoch:   0, Total:   1043, Accuracy : 0.6913, Loss: 0.6867
[Train] Epoch:   1, Total:     86, Accuracy : 0.5233, Loss: 0.6866
[Eval] Epoch:   1, Total:   1043, Accuracy : 0.6913, Loss: 0.6859
[Train] Epoch:   2, Total:     86, Accuracy : 0.5349, Loss: 0.6920
[Eval] Epoch:   2, Total:   1043, Accuracy : 0.6913, Loss: 0.6845
[Train] Epoch:   3, Total:     86, Accuracy : 0.6163, Loss: 0.6840
[Eval] Epoch:   3, Total:   1043, Accuracy : 0.6913, Loss: 0.6824
[Train] Epoch:   4, Total:     86, Accuracy : 0.5930, Loss: 0.6874
[Eval] Epoch:   4, Total:   1043, Accuracy : 0.6913, Loss: 0.6796
[Train] Epoch:   5, Total:     86, Accuracy : 0.5930, Loss: 0.6887
[Eval] Epoch:   5, Total:   1043, Accuracy : 0.6913, Loss: 0.6761
[Train] Epoch:   6, Total:     86, Accuracy : 0.6512, Loss: 0.6806
[Eval] Epoch:   6, Total:   1043, Accuracy : 0.6913, Loss: 0.6720
[Train] Epoch:   7, Total:     86, Accuracy : 0.6977, Loss: 0.6732
[Eval] Epoch:   7, Total:   1043, Accuracy : 0.6913, Loss: 0.6672
[Train] Epoch:   8, Total:     86, Accuracy : 0.7093, Loss: 0.6765
[Eval] Epoch:   8, Total:   1043, Accuracy : 0.6913, Loss: 0.6617
[Train] Epoch:   9, Total:     86, Accuracy : 0.6977, Loss: 0.6749
[Eval] Epoch:   9, Total:   1043, Accuracy : 0.6913, Loss: 0.6555
[Train] Epoch:  10, Total:     86, Accuracy : 0.7093, Loss: 0.6594
[Eval] Epoch:  10, Total:   1043, Accuracy : 0.6913, Loss: 0.6491
[Train] Epoch:  11, Total:     86, Accuracy : 0.7093, Loss: 0.6620
[Eval] Epoch:  11, Total:   1043, Accuracy : 0.6913, Loss: 0.6419
[Train] Epoch:  12, Total:     86, Accuracy : 0.7093, Loss: 0.6511
[Eval] Epoch:  12, Total:   1043, Accuracy : 0.6913, Loss: 0.6339
[Train] Epoch:  13, Total:     86, Accuracy : 0.7093, Loss: 0.6539
[Eval] Epoch:  13, Total:   1043, Accuracy : 0.6913, Loss: 0.6252
[Train] Epoch:  14, Total:     86, Accuracy : 0.7093, Loss: 0.6482
[Eval] Epoch:  14, Total:   1043, Accuracy : 0.6913, Loss: 0.6155
[Train] Epoch:  15, Total:     86, Accuracy : 0.7093, Loss: 0.6474
[Eval] Epoch:  15, Total:   1043, Accuracy : 0.6913, Loss: 0.6049
[Train] Epoch:  16, Total:     86, Accuracy : 0.7093, Loss: 0.6345
[Eval] Epoch:  16, Total:   1043, Accuracy : 0.6913, Loss: 0.5932
[Train] Epoch:  17, Total:     86, Accuracy : 0.7093, Loss: 0.6228
[Eval] Epoch:  17, Total:   1043, Accuracy : 0.6913, Loss: 0.5806
[Train] Epoch:  18, Total:     86, Accuracy : 0.7093, Loss: 0.6212
[Eval] Epoch:  18, Total:   1043, Accuracy : 0.6913, Loss: 0.5668
[Train] Epoch:  19, Total:     86, Accuracy : 0.7093, Loss: 0.6200
[Eval] Epoch:  19, Total:   1043, Accuracy : 0.6913, Loss: 0.5522
{"epoch":[1,2,3,4,5,6,7,8,9,10,11,12,13,14,15,16,17,18,19,20],"train_loss":[0.6903720498085022,0.686596155166626,0.6920403838157654,0.6840419173240662,0.6874128580093384,0.6886715292930603,0.6806445121765137,0.6731604933738708,0.6764537692070007,0.6749454140663147,0.6594157218933105,0.6619601845741272,0.6510993838310242,0.6539223194122314,0.6482077240943909,0.647449791431427,0.6345423460006714,0.622780442237854,0.6211968660354614,0.6199504733085632],"eval_loss":[0.6894952893257141,0.6890398621559143,0.6881557583808899,0.686828362941742,0.6850809812545776,0.6829437971115112,0.6803835749626159,0.677429735660553,0.6740739703178406,0.670342493057251,0.6665500640869141,0.662318742275238,0.6576696634292603,0.6526467561721802,0.6472077965736389,0.6413560152053833,0.6350640892982483,0.6284795761108398,0.6215607047080993,0.6145768165588379],"train_acc":[0.6162790697674418,0.5232558139534884,0.5348837209302325,0.6162790697674418,0.5930232558139535,0.5930232558139535,0.6511627906976745,0.6976744186046512,0.7093023255813954,0.6976744186046512,0.7093023255813954,0.7093023255813954,0.7093023255813954,0.7093023255813954,0.7093023255813954,0.7093023255813954,0.7093023255813954,0.7093023255813954,0.7093023255813954,0.7093023255813954],"eval_acc":[0.6912751677852349,0.6912751677852349,0.6912751677852349,0.6912751677852349,0.6912751677852349,0.6912751677852349,0.6912751677852349,0.6912751677852349,0.6912751677852349,0.6912751677852349,0.6912751677852349,0.6912751677852349,0.6912751677852349,0.6912751677852349,0.6912751677852349,0.6912751677852349,0.6912751677852349,0.6912751677852349,0.6912751677852349,0.6912751677852349]}
[Eval] Epoch:  11, Total:   1043, Accuracy : 0.6913, Loss: 0.5522
1043 721 3.0728840827941895
