pruned_2_0.4_model_0
DatasetDict({
    train: Dataset({
        features: ['sentence', 'label', 'indexes'],
        num_rows: 3420
    })
    validation: Dataset({
        features: ['sentence', 'label', 'indexes'],
        num_rows: 1043
    })
    test: Dataset({
        features: ['sentence', 'label', 'indexes'],
        num_rows: 1063
    })
})
[Train] Epoch:   0, Total:   3420, Accuracy : 0.6851, Loss: 0.6214
[Eval] Epoch:   0, Total:   1043, Accuracy : 0.6913, Loss: 0.5787
[Train] Epoch:   1, Total:   3420, Accuracy : 0.6851, Loss: 0.6064
[Eval] Epoch:   1, Total:   1043, Accuracy : 0.6913, Loss: 0.4706
[Train] Epoch:   2, Total:   3420, Accuracy : 0.6851, Loss: 0.5339
[Eval] Epoch:   2, Total:   1043, Accuracy : 0.6913, Loss: 0.4389
[Train] Epoch:   3, Total:   3420, Accuracy : 0.6915, Loss: 0.4835
[Eval] Epoch:   3, Total:   1043, Accuracy : 0.7651, Loss: 0.4368
[Train] Epoch:   4, Total:   3420, Accuracy : 0.8158, Loss: 0.4550
[Eval] Epoch:   4, Total:   1043, Accuracy : 0.8111, Loss: 0.4581
[Train] Epoch:   5, Total:   3420, Accuracy : 0.8605, Loss: 0.3417
[Eval] Epoch:   5, Total:   1043, Accuracy : 0.7919, Loss: 0.6467
[Train] Epoch:   6, Total:   3420, Accuracy : 0.8784, Loss: 0.2700
[Eval] Epoch:   6, Total:   1043, Accuracy : 0.7967, Loss: 0.6146
[Train] Epoch:   7, Total:   3420, Accuracy : 0.9058, Loss: 0.2389
[Eval] Epoch:   7, Total:   1043, Accuracy : 0.7996, Loss: 0.7580
[Train] Epoch:   8, Total:   3420, Accuracy : 0.9199, Loss: 0.1867
[Eval] Epoch:   8, Total:   1043, Accuracy : 0.8025, Loss: 0.8209
[Train] Epoch:   9, Total:   3420, Accuracy : 0.9371, Loss: 0.1127
[Eval] Epoch:   9, Total:   1043, Accuracy : 0.8015, Loss: 0.8088
[Train] Epoch:  10, Total:   3420, Accuracy : 0.9371, Loss: 0.2063
[Eval] Epoch:  10, Total:   1043, Accuracy : 0.8054, Loss: 0.7910
[Train] Epoch:  11, Total:   3420, Accuracy : 0.9386, Loss: 0.3004
[Eval] Epoch:  11, Total:   1043, Accuracy : 0.8006, Loss: 0.7521
[Train] Epoch:  12, Total:   3420, Accuracy : 0.9380, Loss: 0.2371
[Eval] Epoch:  12, Total:   1043, Accuracy : 0.8054, Loss: 0.8184
[Train] Epoch:  13, Total:   3420, Accuracy : 0.9541, Loss: 0.1128
[Eval] Epoch:  13, Total:   1043, Accuracy : 0.7919, Loss: 1.0089
[Train] Epoch:  14, Total:   3420, Accuracy : 0.9608, Loss: 0.1811
[Eval] Epoch:  14, Total:   1043, Accuracy : 0.7996, Loss: 0.8725
[Train] Epoch:  15, Total:   3420, Accuracy : 0.9716, Loss: 0.0297
[Eval] Epoch:  15, Total:   1043, Accuracy : 0.7948, Loss: 0.9678
[Train] Epoch:  16, Total:   3420, Accuracy : 0.9737, Loss: 0.0821
[Eval] Epoch:  16, Total:   1043, Accuracy : 0.7987, Loss: 0.9839
[Train] Epoch:  17, Total:   3420, Accuracy : 0.9784, Loss: 0.0940
[Eval] Epoch:  17, Total:   1043, Accuracy : 0.7958, Loss: 1.0455
[Train] Epoch:  18, Total:   3420, Accuracy : 0.9778, Loss: 0.0644
[Eval] Epoch:  18, Total:   1043, Accuracy : 0.7967, Loss: 1.0429
[Train] Epoch:  19, Total:   3420, Accuracy : 0.9757, Loss: 0.0450
[Eval] Epoch:  19, Total:   1043, Accuracy : 0.7996, Loss: 1.0248
{"epoch":[1,2,3,4,5,6,7,8,9,10,11,12,13,14,15,16,17,18,19,20],"train_loss":[0.6558351048401424,0.6319460315363747,0.6014917578016009,0.5250486007758549,0.4326075996671404,0.3499766354049955,0.298285927091326,0.25405165340219227,0.21882111579179764,0.18600713834166527,0.1850647617663656,0.18316978003297532,0.18039779790810176,0.13689994279827392,0.12628253123589925,0.09235118316220385,0.09027568091239248,0.07656705565750599,0.0714433669511761,0.07376261161906379],"eval_loss":[0.6266186833381653,0.583454030752182,0.5565451622009278,0.48960636258125306,0.47155897617340087,0.6169514060020447,0.5643269300460816,0.6362190544605255,0.6659395217895507,0.6697457551956176,0.6605173707008362,0.6773778200149536,0.6996258556842804,0.8596760272979737,0.7644667983055115,0.8256649971008301,0.8349099278450012,0.888385021686554,0.8782374024391174,0.8638527989387512],"train_acc":[0.6850877192982456,0.6850877192982456,0.6850877192982456,0.6915204678362573,0.8157894736842105,0.8605263157894737,0.8783625730994152,0.9058479532163742,0.9198830409356725,0.9371345029239766,0.9371345029239766,0.9385964912280702,0.9380116959064327,0.954093567251462,0.9608187134502923,0.9716374269005847,0.9736842105263158,0.9783625730994152,0.9777777777777777,0.9757309941520468],"eval_acc":[0.6912751677852349,0.6912751677852349,0.6912751677852349,0.7651006711409396,0.8111217641418984,0.7919463087248322,0.7967401725790988,0.7996164908916586,0.8024928092042186,0.8015340364333653,0.8053691275167785,0.800575263662512,0.8053691275167785,0.7919463087248322,0.7996164908916586,0.7948226270373921,0.7986577181208053,0.7957813998082455,0.7967401725790988,0.7996164908916586]}
[Eval] Epoch:  11, Total:   1043, Accuracy : 0.7996, Loss: 1.0248
1043 834 4.319263994693756
