random_0.25_model_0
DatasetDict({
    train: Dataset({
        features: ['sentence', 'label', 'indexes'],
        num_rows: 2138
    })
    validation: Dataset({
        features: ['sentence', 'label', 'indexes'],
        num_rows: 1043
    })
    test: Dataset({
        features: ['sentence', 'label', 'indexes'],
        num_rows: 1063
    })
})
[Train] Epoch:   0, Total:   2138, Accuracy : 0.5370, Loss: 0.6858
[Eval] Epoch:   0, Total:   1043, Accuracy : 0.6913, Loss: 0.6679
[Train] Epoch:   1, Total:   2138, Accuracy : 0.7063, Loss: 0.6598
[Eval] Epoch:   1, Total:   1043, Accuracy : 0.6913, Loss: 0.5662
[Train] Epoch:   2, Total:   2138, Accuracy : 0.7095, Loss: 0.6437
[Eval] Epoch:   2, Total:   1043, Accuracy : 0.6913, Loss: 0.4415
[Train] Epoch:   3, Total:   2138, Accuracy : 0.7095, Loss: 0.5776
[Eval] Epoch:   3, Total:   1043, Accuracy : 0.6913, Loss: 0.4409
[Train] Epoch:   4, Total:   2138, Accuracy : 0.7095, Loss: 0.4980
[Eval] Epoch:   4, Total:   1043, Accuracy : 0.6913, Loss: 0.4218
[Train] Epoch:   5, Total:   2138, Accuracy : 0.7095, Loss: 0.4640
[Eval] Epoch:   5, Total:   1043, Accuracy : 0.6913, Loss: 0.3733
[Train] Epoch:   6, Total:   2138, Accuracy : 0.7633, Loss: 0.3961
[Eval] Epoch:   6, Total:   1043, Accuracy : 0.7670, Loss: 0.3969
[Train] Epoch:   7, Total:   2138, Accuracy : 0.8620, Loss: 0.5592
[Eval] Epoch:   7, Total:   1043, Accuracy : 0.7689, Loss: 0.5158
[Train] Epoch:   8, Total:   2138, Accuracy : 0.8653, Loss: 0.2780
[Eval] Epoch:   8, Total:   1043, Accuracy : 0.7795, Loss: 0.4759
[Train] Epoch:   9, Total:   2138, Accuracy : 0.8849, Loss: 0.3094
[Eval] Epoch:   9, Total:   1043, Accuracy : 0.7939, Loss: 0.4641
[Train] Epoch:  10, Total:   2138, Accuracy : 0.8901, Loss: 0.2318
[Eval] Epoch:  10, Total:   1043, Accuracy : 0.7872, Loss: 0.5423
[Train] Epoch:  11, Total:   2138, Accuracy : 0.9135, Loss: 0.2796
[Eval] Epoch:  11, Total:   1043, Accuracy : 0.7919, Loss: 0.5216
[Train] Epoch:  12, Total:   2138, Accuracy : 0.9135, Loss: 0.1832
[Eval] Epoch:  12, Total:   1043, Accuracy : 0.7958, Loss: 0.4970
[Train] Epoch:  13, Total:   2138, Accuracy : 0.9224, Loss: 0.1066
[Eval] Epoch:  13, Total:   1043, Accuracy : 0.7939, Loss: 0.6907
[Train] Epoch:  14, Total:   2138, Accuracy : 0.9373, Loss: 0.1899
[Eval] Epoch:  14, Total:   1043, Accuracy : 0.8015, Loss: 0.7466
[Train] Epoch:  15, Total:   2138, Accuracy : 0.9471, Loss: 0.1986
[Eval] Epoch:  15, Total:   1043, Accuracy : 0.8015, Loss: 0.6708
[Train] Epoch:  16, Total:   2138, Accuracy : 0.9556, Loss: 0.0812
[Eval] Epoch:  16, Total:   1043, Accuracy : 0.7891, Loss: 0.7848
[Train] Epoch:  17, Total:   2138, Accuracy : 0.9710, Loss: 0.0351
[Eval] Epoch:  17, Total:   1043, Accuracy : 0.7939, Loss: 0.8598
[Train] Epoch:  18, Total:   2138, Accuracy : 0.9687, Loss: 0.0450
[Eval] Epoch:  18, Total:   1043, Accuracy : 0.7967, Loss: 0.8776
[Train] Epoch:  19, Total:   2138, Accuracy : 0.9687, Loss: 0.1156
[Eval] Epoch:  19, Total:   1043, Accuracy : 0.7958, Loss: 0.8798
{"epoch":[1,2,3,4,5,6,7,8,9,10,11,12,13,14,15,16,17,18,19,20],"train_loss":[0.6891647842195299,0.6590791808234321,0.6124037636650933,0.5961989561716715,0.5642373131381141,0.5037114686436124,0.42925335301293266,0.37774721450275844,0.32808516754044426,0.3058314157856835,0.27539125747150844,0.24902857343355814,0.2401548077662786,0.20586957534154257,0.18328262368837991,0.16252314216560787,0.13257394813829,0.09608075519402821,0.09832770460181767,0.1005708740817176],"eval_loss":[0.6773470759391784,0.6203981757164001,0.5894765853881836,0.5639594852924347,0.5443598091602325,0.5156463980674744,0.6227251410484314,0.7015773534774781,0.6856424510478973,0.571814626455307,0.6867660641670227,0.6536831259727478,0.5740886688232422,0.7494628310203553,0.7513861298561096,0.6781470239162445,0.8119147539138794,0.8464119553565979,0.8475761890411377,0.8486474633216858],"train_acc":[0.5369504209541628,0.706267539756782,0.7095416276894294,0.7095416276894294,0.7095416276894294,0.7095416276894294,0.7633302151543498,0.8620205799812909,0.8652946679139383,0.8849391955098223,0.8900841908325537,0.9134705332086062,0.9134705332086062,0.9223573433115061,0.9373246024321796,0.9471468662301216,0.9555659494855004,0.971000935453695,0.9686623012160898,0.9686623012160898],"eval_acc":[0.6912751677852349,0.6912751677852349,0.6912751677852349,0.6912751677852349,0.6912751677852349,0.6912751677852349,0.7670182166826462,0.7689357622243528,0.7794822627037392,0.7938638542665388,0.7871524448705657,0.7919463087248322,0.7957813998082455,0.7938638542665388,0.8015340364333653,0.8015340364333653,0.7890699904122723,0.7938638542665388,0.7967401725790988,0.7957813998082455]}
[Eval] Epoch:  11, Total:   1043, Accuracy : 0.7958, Loss: 0.8798
1043 830 4.243237316608429
