pruned_1_0.005_model_0
DatasetDict({
    train: Dataset({
        features: ['sentence', 'label', 'indexes'],
        num_rows: 39
    })
    validation: Dataset({
        features: ['sentence', 'label', 'indexes'],
        num_rows: 1043
    })
    test: Dataset({
        features: ['sentence', 'label', 'indexes'],
        num_rows: 1063
    })
})
[Train] Epoch:   0, Total:     39, Accuracy : 0.2564, Loss: 0.7176
[Eval] Epoch:   0, Total:   1043, Accuracy : 0.3087, Loss: 0.7081
[Train] Epoch:   1, Total:     39, Accuracy : 0.1795, Loss: 0.7212
[Eval] Epoch:   1, Total:   1043, Accuracy : 0.3087, Loss: 0.7073
[Train] Epoch:   2, Total:     39, Accuracy : 0.2821, Loss: 0.7053
[Eval] Epoch:   2, Total:   1043, Accuracy : 0.3087, Loss: 0.7057
[Train] Epoch:   3, Total:     39, Accuracy : 0.2564, Loss: 0.7145
[Eval] Epoch:   3, Total:   1043, Accuracy : 0.3087, Loss: 0.7033
[Train] Epoch:   4, Total:     39, Accuracy : 0.2308, Loss: 0.7073
[Eval] Epoch:   4, Total:   1043, Accuracy : 0.3087, Loss: 0.7002
[Train] Epoch:   5, Total:     39, Accuracy : 0.3077, Loss: 0.7089
[Eval] Epoch:   5, Total:   1043, Accuracy : 0.3193, Loss: 0.6962
[Train] Epoch:   6, Total:     39, Accuracy : 0.2308, Loss: 0.7107
[Eval] Epoch:   6, Total:   1043, Accuracy : 0.5705, Loss: 0.6915
[Train] Epoch:   7, Total:     39, Accuracy : 0.5128, Loss: 0.7011
[Eval] Epoch:   7, Total:   1043, Accuracy : 0.6846, Loss: 0.6861
[Train] Epoch:   8, Total:     39, Accuracy : 0.6923, Loss: 0.6893
[Eval] Epoch:   8, Total:   1043, Accuracy : 0.6913, Loss: 0.6799
[Train] Epoch:   9, Total:     39, Accuracy : 0.8462, Loss: 0.6777
[Eval] Epoch:   9, Total:   1043, Accuracy : 0.6913, Loss: 0.6730
[Train] Epoch:  10, Total:     39, Accuracy : 0.8974, Loss: 0.6710
[Eval] Epoch:  10, Total:   1043, Accuracy : 0.6913, Loss: 0.6653
[Train] Epoch:  11, Total:     39, Accuracy : 0.8718, Loss: 0.6634
[Eval] Epoch:  11, Total:   1043, Accuracy : 0.6913, Loss: 0.6568
[Train] Epoch:  12, Total:     39, Accuracy : 0.8974, Loss: 0.6509
[Eval] Epoch:  12, Total:   1043, Accuracy : 0.6913, Loss: 0.6476
[Train] Epoch:  13, Total:     39, Accuracy : 0.8974, Loss: 0.6360
[Eval] Epoch:  13, Total:   1043, Accuracy : 0.6913, Loss: 0.6376
[Train] Epoch:  14, Total:     39, Accuracy : 0.8974, Loss: 0.6258
[Eval] Epoch:  14, Total:   1043, Accuracy : 0.6913, Loss: 0.6266
[Train] Epoch:  15, Total:     39, Accuracy : 0.8974, Loss: 0.6101
[Eval] Epoch:  15, Total:   1043, Accuracy : 0.6913, Loss: 0.6146
[Train] Epoch:  16, Total:     39, Accuracy : 0.8974, Loss: 0.5821
[Eval] Epoch:  16, Total:   1043, Accuracy : 0.6913, Loss: 0.6017
[Train] Epoch:  17, Total:     39, Accuracy : 0.8974, Loss: 0.5931
[Eval] Epoch:  17, Total:   1043, Accuracy : 0.6913, Loss: 0.5874
[Train] Epoch:  18, Total:     39, Accuracy : 0.8974, Loss: 0.5559
[Eval] Epoch:  18, Total:   1043, Accuracy : 0.6913, Loss: 0.5719
[Train] Epoch:  19, Total:     39, Accuracy : 0.8974, Loss: 0.5264
[Eval] Epoch:  19, Total:   1043, Accuracy : 0.6913, Loss: 0.5547
{"epoch":[1,2,3,4,5,6,7,8,9,10,11,12,13,14,15,16,17,18,19,20],"train_loss":[0.7175808548927307,0.7211795449256897,0.7052760124206543,0.7144575715065002,0.707261860370636,0.708930492401123,0.710706889629364,0.7010548710823059,0.68928062915802,0.6776897311210632,0.6710097193717957,0.6634484529495239,0.6509438753128052,0.6360450387001038,0.6258106231689453,0.6101160645484924,0.5820674300193787,0.5930718779563904,0.5558810234069824,0.5263726711273193],"eval_loss":[0.7028695702552795,0.7023613214492798,0.7013487696647644,0.6998444199562073,0.697843873500824,0.695361340045929,0.692415428161621,0.6890343070030213,0.685206389427185,0.6809490084648132,0.676260793209076,0.6711636781692505,0.6656890034675598,0.659752082824707,0.6533552289009095,0.6465256094932557,0.6392923474311829,0.6316121459007263,0.6235594034194947,0.6151632905006409],"train_acc":[0.2564102564102564,0.1794871794871795,0.28205128205128205,0.2564102564102564,0.23076923076923078,0.3076923076923077,0.23076923076923078,0.5128205128205128,0.6923076923076923,0.8461538461538461,0.8974358974358975,0.8717948717948718,0.8974358974358975,0.8974358974358975,0.8974358974358975,0.8974358974358975,0.8974358974358975,0.8974358974358975,0.8974358974358975,0.8974358974358975],"eval_acc":[0.3087248322147651,0.3087248322147651,0.3087248322147651,0.3087248322147651,0.3087248322147651,0.3192713326941515,0.5704697986577181,0.6845637583892618,0.6912751677852349,0.6912751677852349,0.6912751677852349,0.6912751677852349,0.6912751677852349,0.6912751677852349,0.6912751677852349,0.6912751677852349,0.6912751677852349,0.6912751677852349,0.6912751677852349,0.6912751677852349]}
[Eval] Epoch:  11, Total:   1043, Accuracy : 0.6913, Loss: 0.5547
1043 721 3.0758164525032043
