pruned_3_0.01_model_0
DatasetDict({
    train: Dataset({
        features: ['sentence', 'label', 'indexes'],
        num_rows: 85
    })
    validation: Dataset({
        features: ['sentence', 'label', 'indexes'],
        num_rows: 1043
    })
    test: Dataset({
        features: ['sentence', 'label', 'indexes'],
        num_rows: 1063
    })
})
[Train] Epoch:   0, Total:     85, Accuracy : 0.7294, Loss: 0.6782
[Eval] Epoch:   0, Total:   1043, Accuracy : 0.6913, Loss: 0.6678
[Train] Epoch:   1, Total:     85, Accuracy : 0.6706, Loss: 0.6796
[Eval] Epoch:   1, Total:   1043, Accuracy : 0.6913, Loss: 0.6670
[Train] Epoch:   2, Total:     85, Accuracy : 0.6941, Loss: 0.6747
[Eval] Epoch:   2, Total:   1043, Accuracy : 0.6913, Loss: 0.6654
[Train] Epoch:   3, Total:     85, Accuracy : 0.7059, Loss: 0.6723
[Eval] Epoch:   3, Total:   1043, Accuracy : 0.6913, Loss: 0.6631
[Train] Epoch:   4, Total:     85, Accuracy : 0.7059, Loss: 0.6720
[Eval] Epoch:   4, Total:   1043, Accuracy : 0.6913, Loss: 0.6600
[Train] Epoch:   5, Total:     85, Accuracy : 0.6824, Loss: 0.6725
[Eval] Epoch:   5, Total:   1043, Accuracy : 0.6913, Loss: 0.6562
[Train] Epoch:   6, Total:     85, Accuracy : 0.7176, Loss: 0.6719
[Eval] Epoch:   6, Total:   1043, Accuracy : 0.6913, Loss: 0.6516
[Train] Epoch:   7, Total:     85, Accuracy : 0.7176, Loss: 0.6666
[Eval] Epoch:   7, Total:   1043, Accuracy : 0.6913, Loss: 0.6464
[Train] Epoch:   8, Total:     85, Accuracy : 0.7176, Loss: 0.6668
[Eval] Epoch:   8, Total:   1043, Accuracy : 0.6913, Loss: 0.6404
[Train] Epoch:   9, Total:     85, Accuracy : 0.7176, Loss: 0.6664
[Eval] Epoch:   9, Total:   1043, Accuracy : 0.6913, Loss: 0.6336
[Train] Epoch:  10, Total:     85, Accuracy : 0.7176, Loss: 0.6529
[Eval] Epoch:  10, Total:   1043, Accuracy : 0.6913, Loss: 0.6261
[Train] Epoch:  11, Total:     85, Accuracy : 0.7176, Loss: 0.6451
[Eval] Epoch:  11, Total:   1043, Accuracy : 0.6913, Loss: 0.6178
[Train] Epoch:  12, Total:     85, Accuracy : 0.7176, Loss: 0.6385
[Eval] Epoch:  12, Total:   1043, Accuracy : 0.6913, Loss: 0.6087
[Train] Epoch:  13, Total:     85, Accuracy : 0.7176, Loss: 0.6313
[Eval] Epoch:  13, Total:   1043, Accuracy : 0.6913, Loss: 0.5987
[Train] Epoch:  14, Total:     85, Accuracy : 0.7176, Loss: 0.6282
[Eval] Epoch:  14, Total:   1043, Accuracy : 0.6913, Loss: 0.5880
[Train] Epoch:  15, Total:     85, Accuracy : 0.7176, Loss: 0.6291
[Eval] Epoch:  15, Total:   1043, Accuracy : 0.6913, Loss: 0.5766
[Train] Epoch:  16, Total:     85, Accuracy : 0.7176, Loss: 0.6174
[Eval] Epoch:  16, Total:   1043, Accuracy : 0.6913, Loss: 0.5644
[Train] Epoch:  17, Total:     85, Accuracy : 0.7176, Loss: 0.6063
[Eval] Epoch:  17, Total:   1043, Accuracy : 0.6913, Loss: 0.5515
[Train] Epoch:  18, Total:     85, Accuracy : 0.7176, Loss: 0.5998
[Eval] Epoch:  18, Total:   1043, Accuracy : 0.6913, Loss: 0.5378
[Train] Epoch:  19, Total:     85, Accuracy : 0.7176, Loss: 0.6056
[Eval] Epoch:  19, Total:   1043, Accuracy : 0.6913, Loss: 0.5235
{"epoch":[1,2,3,4,5,6,7,8,9,10,11,12,13,14,15,16,17,18,19,20],"train_loss":[0.6781717538833618,0.679643452167511,0.6747177839279175,0.672286331653595,0.6720148324966431,0.6725203990936279,0.6718736290931702,0.6665628552436829,0.6668431758880615,0.6664078235626221,0.6529147028923035,0.6450502276420593,0.6384813785552979,0.6313153505325317,0.6281754374504089,0.6290730237960815,0.6173679828643799,0.6063469648361206,0.5997895002365112,0.6056159734725952],"eval_loss":[0.677901315689087,0.6774278998374939,0.676483404636383,0.6750719785690308,0.6732009887695313,0.670881187915802,0.6681595325469971,0.6650295495986939,0.6615152001380921,0.6575841426849365,0.6532646059989929,0.6485533714294434,0.6434799313545227,0.6380592703819274,0.632318663597107,0.6264374613761902,0.6203650832176208,0.6141693830490113,0.607988703250885,0.602116072177887],"train_acc":[0.7294117647058823,0.6705882352941176,0.6941176470588235,0.7058823529411765,0.7058823529411765,0.6823529411764706,0.7176470588235294,0.7176470588235294,0.7176470588235294,0.7176470588235294,0.7176470588235294,0.7176470588235294,0.7176470588235294,0.7176470588235294,0.7176470588235294,0.7176470588235294,0.7176470588235294,0.7176470588235294,0.7176470588235294,0.7176470588235294],"eval_acc":[0.6912751677852349,0.6912751677852349,0.6912751677852349,0.6912751677852349,0.6912751677852349,0.6912751677852349,0.6912751677852349,0.6912751677852349,0.6912751677852349,0.6912751677852349,0.6912751677852349,0.6912751677852349,0.6912751677852349,0.6912751677852349,0.6912751677852349,0.6912751677852349,0.6912751677852349,0.6912751677852349,0.6912751677852349,0.6912751677852349]}
[Eval] Epoch:  11, Total:   1043, Accuracy : 0.6913, Loss: 0.5235
1043 721 3.010580360889435
