pruned_1_0.01_model_0
DatasetDict({
    train: Dataset({
        features: ['sentence', 'label', 'indexes'],
        num_rows: 84
    })
    validation: Dataset({
        features: ['sentence', 'label', 'indexes'],
        num_rows: 1043
    })
    test: Dataset({
        features: ['sentence', 'label', 'indexes'],
        num_rows: 1063
    })
})
[Train] Epoch:   0, Total:     84, Accuracy : 0.7024, Loss: 0.6811
[Eval] Epoch:   0, Total:   1043, Accuracy : 0.6913, Loss: 0.6753
[Train] Epoch:   1, Total:     84, Accuracy : 0.6786, Loss: 0.6804
[Eval] Epoch:   1, Total:   1043, Accuracy : 0.6913, Loss: 0.6745
[Train] Epoch:   2, Total:     84, Accuracy : 0.7143, Loss: 0.6793
[Eval] Epoch:   2, Total:   1043, Accuracy : 0.6913, Loss: 0.6731
[Train] Epoch:   3, Total:     84, Accuracy : 0.6667, Loss: 0.6802
[Eval] Epoch:   3, Total:   1043, Accuracy : 0.6913, Loss: 0.6710
[Train] Epoch:   4, Total:     84, Accuracy : 0.7381, Loss: 0.6809
[Eval] Epoch:   4, Total:   1043, Accuracy : 0.6913, Loss: 0.6682
[Train] Epoch:   5, Total:     84, Accuracy : 0.7381, Loss: 0.6739
[Eval] Epoch:   5, Total:   1043, Accuracy : 0.6913, Loss: 0.6647
[Train] Epoch:   6, Total:     84, Accuracy : 0.7500, Loss: 0.6741
[Eval] Epoch:   6, Total:   1043, Accuracy : 0.6913, Loss: 0.6604
[Train] Epoch:   7, Total:     84, Accuracy : 0.7381, Loss: 0.6676
[Eval] Epoch:   7, Total:   1043, Accuracy : 0.6913, Loss: 0.6556
[Train] Epoch:   8, Total:     84, Accuracy : 0.7381, Loss: 0.6633
[Eval] Epoch:   8, Total:   1043, Accuracy : 0.6913, Loss: 0.6500
[Train] Epoch:   9, Total:     84, Accuracy : 0.7381, Loss: 0.6616
[Eval] Epoch:   9, Total:   1043, Accuracy : 0.6913, Loss: 0.6437
[Train] Epoch:  10, Total:     84, Accuracy : 0.7381, Loss: 0.6632
[Eval] Epoch:  10, Total:   1043, Accuracy : 0.6913, Loss: 0.6368
[Train] Epoch:  11, Total:     84, Accuracy : 0.7381, Loss: 0.6488
[Eval] Epoch:  11, Total:   1043, Accuracy : 0.6913, Loss: 0.6291
[Train] Epoch:  12, Total:     84, Accuracy : 0.7381, Loss: 0.6472
[Eval] Epoch:  12, Total:   1043, Accuracy : 0.6913, Loss: 0.6207
[Train] Epoch:  13, Total:     84, Accuracy : 0.7381, Loss: 0.6349
[Eval] Epoch:  13, Total:   1043, Accuracy : 0.6913, Loss: 0.6116
[Train] Epoch:  14, Total:     84, Accuracy : 0.7381, Loss: 0.6466
[Eval] Epoch:  14, Total:   1043, Accuracy : 0.6913, Loss: 0.6018
[Train] Epoch:  15, Total:     84, Accuracy : 0.7381, Loss: 0.6335
[Eval] Epoch:  15, Total:   1043, Accuracy : 0.6913, Loss: 0.5911
[Train] Epoch:  16, Total:     84, Accuracy : 0.7381, Loss: 0.6199
[Eval] Epoch:  16, Total:   1043, Accuracy : 0.6913, Loss: 0.5793
[Train] Epoch:  17, Total:     84, Accuracy : 0.7381, Loss: 0.6102
[Eval] Epoch:  17, Total:   1043, Accuracy : 0.6913, Loss: 0.5666
[Train] Epoch:  18, Total:     84, Accuracy : 0.7381, Loss: 0.6089
[Eval] Epoch:  18, Total:   1043, Accuracy : 0.6913, Loss: 0.5528
[Train] Epoch:  19, Total:     84, Accuracy : 0.7381, Loss: 0.5980
[Eval] Epoch:  19, Total:   1043, Accuracy : 0.6913, Loss: 0.5383
{"epoch":[1,2,3,4,5,6,7,8,9,10,11,12,13,14,15,16,17,18,19,20],"train_loss":[0.6810851097106934,0.6803698539733887,0.6792647242546082,0.6801735758781433,0.6809239387512207,0.6738579273223877,0.6741224527359009,0.6676172614097595,0.6633153557777405,0.6616371870040894,0.663157045841217,0.6488089561462402,0.6471959948539734,0.6349215507507324,0.64662766456604,0.6335263848304749,0.6198532581329346,0.6102496981620789,0.6089457273483276,0.598029613494873],"eval_loss":[0.6818767070770264,0.6814305067062378,0.680565071105957,0.6792651891708374,0.6775346755981445,0.6753816604614258,0.672821044921875,0.6698756098747254,0.6665420413017273,0.6628192663192749,0.6587604880332947,0.654319429397583,0.6495092034339904,0.6444100379943848,0.6389922380447388,0.6332149863243103,0.6270502090454102,0.6206056475639343,0.6138872861862182,0.607262909412384],"train_acc":[0.7023809523809523,0.6785714285714286,0.7142857142857143,0.6666666666666666,0.7380952380952381,0.7380952380952381,0.75,0.7380952380952381,0.7380952380952381,0.7380952380952381,0.7380952380952381,0.7380952380952381,0.7380952380952381,0.7380952380952381,0.7380952380952381,0.7380952380952381,0.7380952380952381,0.7380952380952381,0.7380952380952381,0.7380952380952381],"eval_acc":[0.6912751677852349,0.6912751677852349,0.6912751677852349,0.6912751677852349,0.6912751677852349,0.6912751677852349,0.6912751677852349,0.6912751677852349,0.6912751677852349,0.6912751677852349,0.6912751677852349,0.6912751677852349,0.6912751677852349,0.6912751677852349,0.6912751677852349,0.6912751677852349,0.6912751677852349,0.6912751677852349,0.6912751677852349,0.6912751677852349]}
[Eval] Epoch:  11, Total:   1043, Accuracy : 0.6913, Loss: 0.5383
1043 721 3.03631454706192
