pruned_3_0.005_model_0
DatasetDict({
    train: Dataset({
        features: ['sentence', 'label', 'indexes'],
        num_rows: 42
    })
    validation: Dataset({
        features: ['sentence', 'label', 'indexes'],
        num_rows: 1043
    })
    test: Dataset({
        features: ['sentence', 'label', 'indexes'],
        num_rows: 1063
    })
})
[Train] Epoch:   0, Total:     42, Accuracy : 0.4524, Loss: 0.7005
[Eval] Epoch:   0, Total:   1043, Accuracy : 0.3087, Loss: 0.7115
[Train] Epoch:   1, Total:     42, Accuracy : 0.4524, Loss: 0.6997
[Eval] Epoch:   1, Total:   1043, Accuracy : 0.3087, Loss: 0.7108
[Train] Epoch:   2, Total:     42, Accuracy : 0.3333, Loss: 0.6996
[Eval] Epoch:   2, Total:   1043, Accuracy : 0.3087, Loss: 0.7094
[Train] Epoch:   3, Total:     42, Accuracy : 0.4048, Loss: 0.7031
[Eval] Epoch:   3, Total:   1043, Accuracy : 0.3087, Loss: 0.7073
[Train] Epoch:   4, Total:     42, Accuracy : 0.3095, Loss: 0.7027
[Eval] Epoch:   4, Total:   1043, Accuracy : 0.3087, Loss: 0.7046
[Train] Epoch:   5, Total:     42, Accuracy : 0.4048, Loss: 0.7018
[Eval] Epoch:   5, Total:   1043, Accuracy : 0.3087, Loss: 0.7013
[Train] Epoch:   6, Total:     42, Accuracy : 0.3571, Loss: 0.7036
[Eval] Epoch:   6, Total:   1043, Accuracy : 0.3221, Loss: 0.6975
[Train] Epoch:   7, Total:     42, Accuracy : 0.5238, Loss: 0.6932
[Eval] Epoch:   7, Total:   1043, Accuracy : 0.4688, Loss: 0.6929
[Train] Epoch:   8, Total:     42, Accuracy : 0.4762, Loss: 0.6912
[Eval] Epoch:   8, Total:   1043, Accuracy : 0.6692, Loss: 0.6877
[Train] Epoch:   9, Total:     42, Accuracy : 0.6190, Loss: 0.6897
[Eval] Epoch:   9, Total:   1043, Accuracy : 0.6913, Loss: 0.6820
[Train] Epoch:  10, Total:     42, Accuracy : 0.5238, Loss: 0.6877
[Eval] Epoch:  10, Total:   1043, Accuracy : 0.6913, Loss: 0.6756
[Train] Epoch:  11, Total:     42, Accuracy : 0.6190, Loss: 0.6876
[Eval] Epoch:  11, Total:   1043, Accuracy : 0.6913, Loss: 0.6689
[Train] Epoch:  12, Total:     42, Accuracy : 0.6429, Loss: 0.6824
[Eval] Epoch:  12, Total:   1043, Accuracy : 0.6913, Loss: 0.6614
[Train] Epoch:  13, Total:     42, Accuracy : 0.6190, Loss: 0.6815
[Eval] Epoch:  13, Total:   1043, Accuracy : 0.6913, Loss: 0.6534
[Train] Epoch:  14, Total:     42, Accuracy : 0.6667, Loss: 0.6848
[Eval] Epoch:  14, Total:   1043, Accuracy : 0.6913, Loss: 0.6449
[Train] Epoch:  15, Total:     42, Accuracy : 0.6429, Loss: 0.6657
[Eval] Epoch:  15, Total:   1043, Accuracy : 0.6913, Loss: 0.6357
[Train] Epoch:  16, Total:     42, Accuracy : 0.6429, Loss: 0.6626
[Eval] Epoch:  16, Total:   1043, Accuracy : 0.6913, Loss: 0.6258
[Train] Epoch:  17, Total:     42, Accuracy : 0.6429, Loss: 0.6713
[Eval] Epoch:  17, Total:   1043, Accuracy : 0.6913, Loss: 0.6152
[Train] Epoch:  18, Total:     42, Accuracy : 0.6429, Loss: 0.6679
[Eval] Epoch:  18, Total:   1043, Accuracy : 0.6913, Loss: 0.6039
[Train] Epoch:  19, Total:     42, Accuracy : 0.6429, Loss: 0.6596
[Eval] Epoch:  19, Total:   1043, Accuracy : 0.6913, Loss: 0.5923
{"epoch":[1,2,3,4,5,6,7,8,9,10,11,12,13,14,15,16,17,18,19,20],"train_loss":[0.7004650831222534,0.6996753811836243,0.6996232867240906,0.7031058073043823,0.7026739120483398,0.7018023729324341,0.7036051750183105,0.6932092905044556,0.6912018656730652,0.6896839141845703,0.6877222061157227,0.6875767707824707,0.682414174079895,0.6814989447593689,0.6848160624504089,0.6657002568244934,0.662566065788269,0.6713051795959473,0.667900025844574,0.6596237421035767],"eval_loss":[0.7052422642707825,0.704778504371643,0.7038698792457581,0.702499270439148,0.7007736682891845,0.6986773848533631,0.6962169647216797,0.6933496952056885,0.6900807857513428,0.6864821553230286,0.6825104713439941,0.6783407807350159,0.6737808585166931,0.6689354300498962,0.6639188528060913,0.658526623249054,0.6527665495872498,0.6467389106750489,0.6404874801635743,0.6341975212097168],"train_acc":[0.4523809523809524,0.4523809523809524,0.3333333333333333,0.40476190476190477,0.30952380952380953,0.40476190476190477,0.35714285714285715,0.5238095238095238,0.47619047619047616,0.6190476190476191,0.5238095238095238,0.6190476190476191,0.6428571428571429,0.6190476190476191,0.6666666666666666,0.6428571428571429,0.6428571428571429,0.6428571428571429,0.6428571428571429,0.6428571428571429],"eval_acc":[0.3087248322147651,0.3087248322147651,0.3087248322147651,0.3087248322147651,0.3087248322147651,0.3087248322147651,0.3221476510067114,0.46883988494726747,0.6692233940556088,0.6912751677852349,0.6912751677852349,0.6912751677852349,0.6912751677852349,0.6912751677852349,0.6912751677852349,0.6912751677852349,0.6912751677852349,0.6912751677852349,0.6912751677852349,0.6912751677852349]}
[Eval] Epoch:  11, Total:   1043, Accuracy : 0.6913, Loss: 0.5923
1043 721 3.170987606048584
