random_0.1_model_0
DatasetDict({
    train: Dataset({
        features: ['sentence', 'label', 'indexes'],
        num_rows: 855
    })
    validation: Dataset({
        features: ['sentence', 'label', 'indexes'],
        num_rows: 1043
    })
    test: Dataset({
        features: ['sentence', 'label', 'indexes'],
        num_rows: 1063
    })
})
[Train] Epoch:   0, Total:    855, Accuracy : 0.7064, Loss: 0.6756
[Eval] Epoch:   0, Total:   1043, Accuracy : 0.6913, Loss: 0.6471
[Train] Epoch:   1, Total:    855, Accuracy : 0.7193, Loss: 0.6521
[Eval] Epoch:   1, Total:   1043, Accuracy : 0.6913, Loss: 0.6322
[Train] Epoch:   2, Total:    855, Accuracy : 0.7216, Loss: 0.6412
[Eval] Epoch:   2, Total:   1043, Accuracy : 0.6913, Loss: 0.6075
[Train] Epoch:   3, Total:    855, Accuracy : 0.7216, Loss: 0.6497
[Eval] Epoch:   3, Total:   1043, Accuracy : 0.6913, Loss: 0.5729
[Train] Epoch:   4, Total:    855, Accuracy : 0.7216, Loss: 0.6071
[Eval] Epoch:   4, Total:   1043, Accuracy : 0.6913, Loss: 0.5288
[Train] Epoch:   5, Total:    855, Accuracy : 0.7216, Loss: 0.5814
[Eval] Epoch:   5, Total:   1043, Accuracy : 0.6913, Loss: 0.4800
[Train] Epoch:   6, Total:    855, Accuracy : 0.7216, Loss: 0.5798
[Eval] Epoch:   6, Total:   1043, Accuracy : 0.6913, Loss: 0.4500
[Train] Epoch:   7, Total:    855, Accuracy : 0.7216, Loss: 0.5568
[Eval] Epoch:   7, Total:   1043, Accuracy : 0.6913, Loss: 0.4421
[Train] Epoch:   8, Total:    855, Accuracy : 0.7216, Loss: 0.5081
[Eval] Epoch:   8, Total:   1043, Accuracy : 0.6913, Loss: 0.4274
[Train] Epoch:   9, Total:    855, Accuracy : 0.7216, Loss: 0.6469
[Eval] Epoch:   9, Total:   1043, Accuracy : 0.6913, Loss: 0.4238
[Train] Epoch:  10, Total:    855, Accuracy : 0.7216, Loss: 0.5145
[Eval] Epoch:  10, Total:   1043, Accuracy : 0.6913, Loss: 0.4038
[Train] Epoch:  11, Total:    855, Accuracy : 0.7216, Loss: 0.5903
[Eval] Epoch:  11, Total:   1043, Accuracy : 0.6913, Loss: 0.4004
[Train] Epoch:  12, Total:    855, Accuracy : 0.7216, Loss: 0.4983
[Eval] Epoch:  12, Total:   1043, Accuracy : 0.6913, Loss: 0.3623
[Train] Epoch:  13, Total:    855, Accuracy : 0.7216, Loss: 0.4067
[Eval] Epoch:  13, Total:   1043, Accuracy : 0.6913, Loss: 0.4009
[Train] Epoch:  14, Total:    855, Accuracy : 0.7287, Loss: 0.3545
[Eval] Epoch:  14, Total:   1043, Accuracy : 0.6922, Loss: 0.3284
[Train] Epoch:  15, Total:    855, Accuracy : 0.7661, Loss: 0.3125
[Eval] Epoch:  15, Total:   1043, Accuracy : 0.7066, Loss: 0.3362
[Train] Epoch:  16, Total:    855, Accuracy : 0.8070, Loss: 0.3762
[Eval] Epoch:  16, Total:   1043, Accuracy : 0.7411, Loss: 0.5852
[Train] Epoch:  17, Total:    855, Accuracy : 0.8971, Loss: 0.2357
[Eval] Epoch:  17, Total:   1043, Accuracy : 0.7718, Loss: 0.3220
[Train] Epoch:  18, Total:    855, Accuracy : 0.9275, Loss: 0.1671
[Eval] Epoch:  18, Total:   1043, Accuracy : 0.7680, Loss: 0.4220
[Train] Epoch:  19, Total:    855, Accuracy : 0.9474, Loss: 0.2904
[Eval] Epoch:  19, Total:   1043, Accuracy : 0.7670, Loss: 0.5328
{"epoch":[1,2,3,4,5,6,7,8,9,10,11,12,13,14,15,16,17,18,19,20],"train_loss":[0.6696214377880096,0.660115510225296,0.649013414978981,0.6354964077472687,0.6153833270072937,0.6018911451101303,0.5886406451463699,0.5819606482982635,0.5621247738599777,0.585437074303627,0.545767217874527,0.5405003726482391,0.485321007668972,0.4306889846920967,0.37036339193582535,0.3449768200516701,0.34370624274015427,0.28465496748685837,0.22960251197218895,0.2237134501338005],"eval_loss":[0.6645233631134033,0.6558343410491944,0.6419310212135315,0.6238828897476196,0.6037490129470825,0.5885401904582978,0.5861650466918945,0.5794118344783783,0.5807511270046234,0.5561735212802887,0.5412692546844482,0.5471536636352539,0.5234095811843872,0.6113825619220734,0.5725466787815094,0.5887977719306946,0.8100788712501525,0.6321799755096436,0.7368161380290985,0.7964881658554077],"train_acc":[0.7064327485380117,0.7192982456140351,0.7216374269005847,0.7216374269005847,0.7216374269005847,0.7216374269005847,0.7216374269005847,0.7216374269005847,0.7216374269005847,0.7216374269005847,0.7216374269005847,0.7216374269005847,0.7216374269005847,0.7216374269005847,0.7286549707602339,0.7660818713450293,0.8070175438596491,0.8970760233918129,0.927485380116959,0.9473684210526315],"eval_acc":[0.6912751677852349,0.6912751677852349,0.6912751677852349,0.6912751677852349,0.6912751677852349,0.6912751677852349,0.6912751677852349,0.6912751677852349,0.6912751677852349,0.6912751677852349,0.6912751677852349,0.6912751677852349,0.6912751677852349,0.6912751677852349,0.6922339405560882,0.7066155321188878,0.7411313518696069,0.7718120805369127,0.7679769894534996,0.7670182166826462]}
[Eval] Epoch:  11, Total:   1043, Accuracy : 0.7670, Loss: 0.5328
1043 800 3.9824408292770386
