random_0.5_model_0
DatasetDict({
    train: Dataset({
        features: ['sentence', 'label', 'indexes'],
        num_rows: 4276
    })
    validation: Dataset({
        features: ['sentence', 'label', 'indexes'],
        num_rows: 1043
    })
    test: Dataset({
        features: ['sentence', 'label', 'indexes'],
        num_rows: 1063
    })
})
[Train] Epoch:   0, Total:   4276, Accuracy : 0.6087, Loss: 0.6315
[Eval] Epoch:   0, Total:   1043, Accuracy : 0.6913, Loss: 0.5960
[Train] Epoch:   1, Total:   4276, Accuracy : 0.7014, Loss: 0.5896
[Eval] Epoch:   1, Total:   1043, Accuracy : 0.6913, Loss: 0.4930
[Train] Epoch:   2, Total:   4276, Accuracy : 0.7014, Loss: 0.5425
[Eval] Epoch:   2, Total:   1043, Accuracy : 0.6913, Loss: 0.4638
[Train] Epoch:   3, Total:   4276, Accuracy : 0.7467, Loss: 0.4403
[Eval] Epoch:   3, Total:   1043, Accuracy : 0.8006, Loss: 0.4341
[Train] Epoch:   4, Total:   4276, Accuracy : 0.8326, Loss: 0.3537
[Eval] Epoch:   4, Total:   1043, Accuracy : 0.7958, Loss: 0.4689
[Train] Epoch:   5, Total:   4276, Accuracy : 0.8681, Loss: 0.2996
[Eval] Epoch:   5, Total:   1043, Accuracy : 0.7939, Loss: 0.6005
[Train] Epoch:   6, Total:   4276, Accuracy : 0.8903, Loss: 0.3706
[Eval] Epoch:   6, Total:   1043, Accuracy : 0.8073, Loss: 0.5053
[Train] Epoch:   7, Total:   4276, Accuracy : 0.9029, Loss: 0.2695
[Eval] Epoch:   7, Total:   1043, Accuracy : 0.8054, Loss: 0.6001
[Train] Epoch:   8, Total:   4276, Accuracy : 0.9238, Loss: 0.2305
[Eval] Epoch:   8, Total:   1043, Accuracy : 0.8063, Loss: 0.6317
[Train] Epoch:   9, Total:   4276, Accuracy : 0.9282, Loss: 0.1265
[Eval] Epoch:   9, Total:   1043, Accuracy : 0.7967, Loss: 0.6986
[Train] Epoch:  10, Total:   4276, Accuracy : 0.9324, Loss: 0.1839
[Eval] Epoch:  10, Total:   1043, Accuracy : 0.8092, Loss: 0.6873
[Train] Epoch:  11, Total:   4276, Accuracy : 0.9310, Loss: 0.1510
[Eval] Epoch:  11, Total:   1043, Accuracy : 0.8044, Loss: 0.7219
[Train] Epoch:  12, Total:   4276, Accuracy : 0.9247, Loss: 0.1763
[Eval] Epoch:  12, Total:   1043, Accuracy : 0.8226, Loss: 0.6592
[Train] Epoch:  13, Total:   4276, Accuracy : 0.9464, Loss: 0.1799
[Eval] Epoch:  13, Total:   1043, Accuracy : 0.7996, Loss: 0.8017
[Train] Epoch:  14, Total:   4276, Accuracy : 0.9563, Loss: 0.1208
[Eval] Epoch:  14, Total:   1043, Accuracy : 0.8207, Loss: 0.8489
[Train] Epoch:  15, Total:   4276, Accuracy : 0.9659, Loss: 0.0796
[Eval] Epoch:  15, Total:   1043, Accuracy : 0.7977, Loss: 0.9511
[Train] Epoch:  16, Total:   4276, Accuracy : 0.9740, Loss: 0.0544
[Eval] Epoch:  16, Total:   1043, Accuracy : 0.8111, Loss: 0.9437
[Train] Epoch:  17, Total:   4276, Accuracy : 0.9722, Loss: 0.1266
[Eval] Epoch:  17, Total:   1043, Accuracy : 0.8073, Loss: 0.9665
[Train] Epoch:  18, Total:   4276, Accuracy : 0.9754, Loss: 0.0658
[Eval] Epoch:  18, Total:   1043, Accuracy : 0.8102, Loss: 0.9994
[Train] Epoch:  19, Total:   4276, Accuracy : 0.9780, Loss: 0.1188
[Eval] Epoch:  19, Total:   1043, Accuracy : 0.8102, Loss: 1.0071
{"epoch":[1,2,3,4,5,6,7,8,9,10,11,12,13,14,15,16,17,18,19,20],"train_loss":[0.6780049976180581,0.6166918698479148,0.556275353712194,0.46840305538738475,0.3904295949374928,0.32726259792552276,0.28196609283194823,0.2529918735518175,0.21619116558748133,0.20017580775653615,0.1955268812530181,0.19401570365709417,0.19985149537815766,0.1604408884749693,0.1351819551166366,0.11261117721305174,0.09034014558967422,0.09362954076598673,0.0812331959605217,0.08153526243918083],"eval_loss":[0.6357356905937195,0.574452406167984,0.49362807273864745,0.5025300621986389,0.5395919203758239,0.6157082140445709,0.5091456234455108,0.5674102365970611,0.5842128932476044,0.6208550870418549,0.5972180366516113,0.656234061717987,0.5767655491828918,0.7335313200950623,0.6871509253978729,0.775297224521637,0.7626319050788879,0.7955458641052247,0.7832193970680237,0.7843833684921264],"train_acc":[0.6087464920486436,0.7013564078578111,0.7013564078578111,0.7467259120673526,0.8325537885874649,0.8681010289990645,0.8903180542563143,0.9029466791393826,0.9237605238540693,0.9282039289055192,0.9324134705332086,0.9310102899906455,0.9246959775491114,0.94644527595884,0.956267539756782,0.9658559401309635,0.9740411599625819,0.9721702525724977,0.975444340505145,0.9780168381665107],"eval_acc":[0.6912751677852349,0.6912751677852349,0.6912751677852349,0.800575263662512,0.7957813998082455,0.7938638542665388,0.8072866730584851,0.8053691275167785,0.8063279002876318,0.7967401725790988,0.8092042186001918,0.8044103547459253,0.822627037392138,0.7996164908916586,0.8207094918504314,0.7976989453499521,0.8111217641418984,0.8072866730584851,0.8101629913710451,0.8101629913710451]}
[Eval] Epoch:  11, Total:   1043, Accuracy : 0.8102, Loss: 1.0071
1043 845 3.9219168424606323
