pruned_3_0.1_model_0
DatasetDict({
    train: Dataset({
        features: ['sentence', 'label', 'indexes'],
        num_rows: 855
    })
    validation: Dataset({
        features: ['sentence', 'label', 'indexes'],
        num_rows: 1043
    })
    test: Dataset({
        features: ['sentence', 'label', 'indexes'],
        num_rows: 1063
    })
})
[Train] Epoch:   0, Total:    855, Accuracy : 0.6842, Loss: 0.6664
[Eval] Epoch:   0, Total:   1043, Accuracy : 0.6913, Loss: 0.6302
[Train] Epoch:   1, Total:    855, Accuracy : 0.6842, Loss: 0.6549
[Eval] Epoch:   1, Total:   1043, Accuracy : 0.6913, Loss: 0.6155
[Train] Epoch:   2, Total:    855, Accuracy : 0.6842, Loss: 0.6518
[Eval] Epoch:   2, Total:   1043, Accuracy : 0.6913, Loss: 0.5901
[Train] Epoch:   3, Total:    855, Accuracy : 0.6842, Loss: 0.6714
[Eval] Epoch:   3, Total:   1043, Accuracy : 0.6913, Loss: 0.5538
[Train] Epoch:   4, Total:    855, Accuracy : 0.6842, Loss: 0.5774
[Eval] Epoch:   4, Total:   1043, Accuracy : 0.6913, Loss: 0.5090
[Train] Epoch:   5, Total:    855, Accuracy : 0.6842, Loss: 0.6153
[Eval] Epoch:   5, Total:   1043, Accuracy : 0.6913, Loss: 0.4697
[Train] Epoch:   6, Total:    855, Accuracy : 0.6842, Loss: 0.5409
[Eval] Epoch:   6, Total:   1043, Accuracy : 0.6913, Loss: 0.4631
[Train] Epoch:   7, Total:    855, Accuracy : 0.6842, Loss: 0.5856
[Eval] Epoch:   7, Total:   1043, Accuracy : 0.6913, Loss: 0.4822
[Train] Epoch:   8, Total:    855, Accuracy : 0.6842, Loss: 0.6620
[Eval] Epoch:   8, Total:   1043, Accuracy : 0.6913, Loss: 0.5008
[Train] Epoch:   9, Total:    855, Accuracy : 0.6842, Loss: 0.6602
[Eval] Epoch:   9, Total:   1043, Accuracy : 0.6913, Loss: 0.4817
[Train] Epoch:  10, Total:    855, Accuracy : 0.6842, Loss: 0.6453
[Eval] Epoch:  10, Total:   1043, Accuracy : 0.6913, Loss: 0.4472
[Train] Epoch:  11, Total:    855, Accuracy : 0.6842, Loss: 0.5440
[Eval] Epoch:  11, Total:   1043, Accuracy : 0.6913, Loss: 0.4270
[Train] Epoch:  12, Total:    855, Accuracy : 0.6842, Loss: 0.4926
[Eval] Epoch:  12, Total:   1043, Accuracy : 0.6913, Loss: 0.4117
[Train] Epoch:  13, Total:    855, Accuracy : 0.6865, Loss: 0.4280
[Eval] Epoch:  13, Total:   1043, Accuracy : 0.6913, Loss: 0.4207
[Train] Epoch:  14, Total:    855, Accuracy : 0.7602, Loss: 0.3301
[Eval] Epoch:  14, Total:   1043, Accuracy : 0.7478, Loss: 0.4406
[Train] Epoch:  15, Total:    855, Accuracy : 0.8643, Loss: 0.3730
[Eval] Epoch:  15, Total:   1043, Accuracy : 0.7565, Loss: 0.4459
[Train] Epoch:  16, Total:    855, Accuracy : 0.8854, Loss: 0.2701
[Eval] Epoch:  16, Total:   1043, Accuracy : 0.7833, Loss: 0.4769
[Train] Epoch:  17, Total:    855, Accuracy : 0.9392, Loss: 0.2817
[Eval] Epoch:  17, Total:   1043, Accuracy : 0.7641, Loss: 0.6362
[Train] Epoch:  18, Total:    855, Accuracy : 0.9404, Loss: 0.2917
[Eval] Epoch:  18, Total:   1043, Accuracy : 0.7766, Loss: 0.6082
[Train] Epoch:  19, Total:    855, Accuracy : 0.9462, Loss: 0.2574
[Eval] Epoch:  19, Total:   1043, Accuracy : 0.7833, Loss: 0.5669
{"epoch":[1,2,3,4,5,6,7,8,9,10,11,12,13,14,15,16,17,18,19,20],"train_loss":[0.6633981019258499,0.6581368744373322,0.6511549800634384,0.6429643630981445,0.6188307255506516,0.6226193308830261,0.6074434220790863,0.6140422224998474,0.6188732236623764,0.6231989711523056,0.5939558744430542,0.5518021136522293,0.5051041767001152,0.4465368464589119,0.38943547010421753,0.3753947615623474,0.34326332807540894,0.2925138771533966,0.2705020532011986,0.2322516031563282],"eval_loss":[0.6549243569374085,0.6466286897659301,0.6328313708305359,0.6148434400558471,0.5963558316230774,0.5869777858257293,0.5832532584667206,0.5788879156112671,0.5784947633743286,0.5612240791320801,0.5437380850315094,0.5134436309337616,0.5247315406799317,0.5298132300376892,0.5547638237476349,0.5589271306991577,0.5681843817234039,0.7284063220024108,0.6991800189018249,0.6665379643440247],"train_acc":[0.6842105263157895,0.6842105263157895,0.6842105263157895,0.6842105263157895,0.6842105263157895,0.6842105263157895,0.6842105263157895,0.6842105263157895,0.6842105263157895,0.6842105263157895,0.6842105263157895,0.6842105263157895,0.6842105263157895,0.6865497076023391,0.7602339181286549,0.8643274853801169,0.8853801169590644,0.9391812865497076,0.9403508771929825,0.9461988304093567],"eval_acc":[0.6912751677852349,0.6912751677852349,0.6912751677852349,0.6912751677852349,0.6912751677852349,0.6912751677852349,0.6912751677852349,0.6912751677852349,0.6912751677852349,0.6912751677852349,0.6912751677852349,0.6912751677852349,0.6912751677852349,0.6912751677852349,0.74784276126558,0.7564717162032598,0.7833173537871524,0.7641418983700863,0.7766059443911792,0.7833173537871524]}
[Eval] Epoch:  11, Total:   1043, Accuracy : 0.7833, Loss: 0.5669
1043 817 3.3326898217201233
