pruned_1_0.03_model_0
DatasetDict({
    train: Dataset({
        features: ['sentence', 'label', 'indexes'],
        num_rows: 255
    })
    validation: Dataset({
        features: ['sentence', 'label', 'indexes'],
        num_rows: 1043
    })
    test: Dataset({
        features: ['sentence', 'label', 'indexes'],
        num_rows: 1063
    })
})
[Train] Epoch:   0, Total:    255, Accuracy : 0.5608, Loss: 0.6890
[Eval] Epoch:   0, Total:   1043, Accuracy : 0.6913, Loss: 0.6822
[Train] Epoch:   1, Total:    255, Accuracy : 0.5020, Loss: 0.6937
[Eval] Epoch:   1, Total:   1043, Accuracy : 0.6913, Loss: 0.6814
[Train] Epoch:   2, Total:    255, Accuracy : 0.6000, Loss: 0.6873
[Eval] Epoch:   2, Total:   1043, Accuracy : 0.6913, Loss: 0.6799
[Train] Epoch:   3, Total:    255, Accuracy : 0.6275, Loss: 0.6864
[Eval] Epoch:   3, Total:   1043, Accuracy : 0.6913, Loss: 0.6775
[Train] Epoch:   4, Total:    255, Accuracy : 0.6000, Loss: 0.6868
[Eval] Epoch:   4, Total:   1043, Accuracy : 0.6913, Loss: 0.6744
[Train] Epoch:   5, Total:    255, Accuracy : 0.6471, Loss: 0.6810
[Eval] Epoch:   5, Total:   1043, Accuracy : 0.6913, Loss: 0.6705
[Train] Epoch:   6, Total:    255, Accuracy : 0.6431, Loss: 0.6803
[Eval] Epoch:   6, Total:   1043, Accuracy : 0.6913, Loss: 0.6659
[Train] Epoch:   7, Total:    255, Accuracy : 0.6745, Loss: 0.6793
[Eval] Epoch:   7, Total:   1043, Accuracy : 0.6913, Loss: 0.6605
[Train] Epoch:   8, Total:    255, Accuracy : 0.6706, Loss: 0.6786
[Eval] Epoch:   8, Total:   1043, Accuracy : 0.6913, Loss: 0.6545
[Train] Epoch:   9, Total:    255, Accuracy : 0.6745, Loss: 0.6755
[Eval] Epoch:   9, Total:   1043, Accuracy : 0.6913, Loss: 0.6478
[Train] Epoch:  10, Total:    255, Accuracy : 0.6745, Loss: 0.6680
[Eval] Epoch:  10, Total:   1043, Accuracy : 0.6913, Loss: 0.6404
[Train] Epoch:  11, Total:    255, Accuracy : 0.6745, Loss: 0.6631
[Eval] Epoch:  11, Total:   1043, Accuracy : 0.6913, Loss: 0.6322
[Train] Epoch:  12, Total:    255, Accuracy : 0.6745, Loss: 0.6681
[Eval] Epoch:  12, Total:   1043, Accuracy : 0.6913, Loss: 0.6233
[Train] Epoch:  13, Total:    255, Accuracy : 0.6745, Loss: 0.6559
[Eval] Epoch:  13, Total:   1043, Accuracy : 0.6913, Loss: 0.6136
[Train] Epoch:  14, Total:    255, Accuracy : 0.6745, Loss: 0.6525
[Eval] Epoch:  14, Total:   1043, Accuracy : 0.6913, Loss: 0.6031
[Train] Epoch:  15, Total:    255, Accuracy : 0.6745, Loss: 0.6517
[Eval] Epoch:  15, Total:   1043, Accuracy : 0.6913, Loss: 0.5916
[Train] Epoch:  16, Total:    255, Accuracy : 0.6745, Loss: 0.6491
[Eval] Epoch:  16, Total:   1043, Accuracy : 0.6913, Loss: 0.5793
[Train] Epoch:  17, Total:    255, Accuracy : 0.6745, Loss: 0.6436
[Eval] Epoch:  17, Total:   1043, Accuracy : 0.6913, Loss: 0.5662
[Train] Epoch:  18, Total:    255, Accuracy : 0.6745, Loss: 0.6390
[Eval] Epoch:  18, Total:   1043, Accuracy : 0.6913, Loss: 0.5526
[Train] Epoch:  19, Total:    255, Accuracy : 0.6745, Loss: 0.6370
[Eval] Epoch:  19, Total:   1043, Accuracy : 0.6913, Loss: 0.5383
{"epoch":[1,2,3,4,5,6,7,8,9,10,11,12,13,14,15,16,17,18,19,20],"train_loss":[0.6889809966087341,0.6937221884727478,0.6872518658638,0.6864458322525024,0.6867899298667908,0.6809535026550293,0.6802831292152405,0.6792885065078735,0.6786239147186279,0.6754609942436218,0.6680041551589966,0.6630892753601074,0.6680719256401062,0.6559158563613892,0.6524572968482971,0.6516730189323425,0.6491257548332214,0.6436355710029602,0.6390012502670288,0.6369538307189941],"eval_loss":[0.6868215680122376,0.6863251686096191,0.6853399276733398,0.6838718295097351,0.6819370031356812,0.6795453310012818,0.6767149329185486,0.6734604597091675,0.6698414206504821,0.6658260583877563,0.6614174127578736,0.6566482305526733,0.6515184760093689,0.646056866645813,0.6402382731437684,0.634006404876709,0.6275489926338196,0.6209712028503418,0.614461612701416,0.6080468535423279],"train_acc":[0.5607843137254902,0.5019607843137255,0.6,0.6274509803921569,0.6,0.6470588235294118,0.6431372549019608,0.6745098039215687,0.6705882352941176,0.6745098039215687,0.6745098039215687,0.6745098039215687,0.6745098039215687,0.6745098039215687,0.6745098039215687,0.6745098039215687,0.6745098039215687,0.6745098039215687,0.6745098039215687,0.6745098039215687],"eval_acc":[0.6912751677852349,0.6912751677852349,0.6912751677852349,0.6912751677852349,0.6912751677852349,0.6912751677852349,0.6912751677852349,0.6912751677852349,0.6912751677852349,0.6912751677852349,0.6912751677852349,0.6912751677852349,0.6912751677852349,0.6912751677852349,0.6912751677852349,0.6912751677852349,0.6912751677852349,0.6912751677852349,0.6912751677852349,0.6912751677852349]}
[Eval] Epoch:  11, Total:   1043, Accuracy : 0.6913, Loss: 0.5383
1043 721 3.0402342677116394
