random_0.05_model_0
DatasetDict({
    train: Dataset({
        features: ['sentence', 'label', 'indexes'],
        num_rows: 428
    })
    validation: Dataset({
        features: ['sentence', 'label', 'indexes'],
        num_rows: 1043
    })
    test: Dataset({
        features: ['sentence', 'label', 'indexes'],
        num_rows: 1063
    })
})
[Train] Epoch:   0, Total:    428, Accuracy : 0.2944, Loss: 0.7629
[Eval] Epoch:   0, Total:   1043, Accuracy : 0.3087, Loss: 0.7902
[Train] Epoch:   1, Total:    428, Accuracy : 0.2944, Loss: 0.7565
[Eval] Epoch:   1, Total:   1043, Accuracy : 0.3087, Loss: 0.7853
[Train] Epoch:   2, Total:    428, Accuracy : 0.2967, Loss: 0.7373
[Eval] Epoch:   2, Total:   1043, Accuracy : 0.3087, Loss: 0.7767
[Train] Epoch:   3, Total:    428, Accuracy : 0.2967, Loss: 0.7399
[Eval] Epoch:   3, Total:   1043, Accuracy : 0.3087, Loss: 0.7649
[Train] Epoch:   4, Total:    428, Accuracy : 0.3271, Loss: 0.7263
[Eval] Epoch:   4, Total:   1043, Accuracy : 0.3087, Loss: 0.7503
[Train] Epoch:   5, Total:    428, Accuracy : 0.3154, Loss: 0.7157
[Eval] Epoch:   5, Total:   1043, Accuracy : 0.3087, Loss: 0.7330
[Train] Epoch:   6, Total:    428, Accuracy : 0.3341, Loss: 0.7061
[Eval] Epoch:   6, Total:   1043, Accuracy : 0.3087, Loss: 0.7131
[Train] Epoch:   7, Total:    428, Accuracy : 0.3621, Loss: 0.6971
[Eval] Epoch:   7, Total:   1043, Accuracy : 0.5820, Loss: 0.6902
[Train] Epoch:   8, Total:    428, Accuracy : 0.5607, Loss: 0.6846
[Eval] Epoch:   8, Total:   1043, Accuracy : 0.6913, Loss: 0.6641
[Train] Epoch:   9, Total:    428, Accuracy : 0.6939, Loss: 0.6671
[Eval] Epoch:   9, Total:   1043, Accuracy : 0.6913, Loss: 0.6336
[Train] Epoch:  10, Total:    428, Accuracy : 0.7056, Loss: 0.6477
[Eval] Epoch:  10, Total:   1043, Accuracy : 0.6913, Loss: 0.5982
[Train] Epoch:  11, Total:    428, Accuracy : 0.7056, Loss: 0.6267
[Eval] Epoch:  11, Total:   1043, Accuracy : 0.6913, Loss: 0.5567
[Train] Epoch:  12, Total:    428, Accuracy : 0.7056, Loss: 0.6117
[Eval] Epoch:  12, Total:   1043, Accuracy : 0.6913, Loss: 0.5115
[Train] Epoch:  13, Total:    428, Accuracy : 0.7056, Loss: 0.6027
[Eval] Epoch:  13, Total:   1043, Accuracy : 0.6913, Loss: 0.4742
[Train] Epoch:  14, Total:    428, Accuracy : 0.7056, Loss: 0.6117
[Eval] Epoch:  14, Total:   1043, Accuracy : 0.6913, Loss: 0.4544
[Train] Epoch:  15, Total:    428, Accuracy : 0.7056, Loss: 0.5778
[Eval] Epoch:  15, Total:   1043, Accuracy : 0.6913, Loss: 0.4504
[Train] Epoch:  16, Total:    428, Accuracy : 0.7056, Loss: 0.6233
[Eval] Epoch:  16, Total:   1043, Accuracy : 0.6913, Loss: 0.4518
[Train] Epoch:  17, Total:    428, Accuracy : 0.7056, Loss: 0.5676
[Eval] Epoch:  17, Total:   1043, Accuracy : 0.6913, Loss: 0.4549
[Train] Epoch:  18, Total:    428, Accuracy : 0.7056, Loss: 0.6092
[Eval] Epoch:  18, Total:   1043, Accuracy : 0.6913, Loss: 0.4377
[Train] Epoch:  19, Total:    428, Accuracy : 0.7056, Loss: 0.5623
[Eval] Epoch:  19, Total:   1043, Accuracy : 0.6913, Loss: 0.4192
{"epoch":[1,2,3,4,5,6,7,8,9,10,11,12,13,14,15,16,17,18,19,20],"train_loss":[0.7596510052680969,0.7561600208282471,0.7476693689823151,0.740641862154007,0.7287374138832092,0.7207669913768768,0.7104648649692535,0.6985847651958466,0.6872953474521637,0.670665830373764,0.6543697416782379,0.6297540962696075,0.6258146166801453,0.6135250627994537,0.6162088215351105,0.5963404774665833,0.6041095852851868,0.5873955190181732,0.5871784389019012,0.5689451992511749],"eval_loss":[0.7576528310775756,0.7543256998062133,0.7485450983047486,0.7405808925628662,0.7307942867279053,0.7194120287895203,0.7064795017242431,0.6919410347938537,0.6758535981178284,0.6578245043754578,0.6381168723106384,0.6171990036964417,0.5981369018554688,0.5880627036094666,0.5872714161872864,0.5843395173549653,0.5785957753658295,0.572274112701416,0.566667103767395,0.5709294974803925],"train_acc":[0.29439252336448596,0.29439252336448596,0.2967289719626168,0.2967289719626168,0.32710280373831774,0.31542056074766356,0.3341121495327103,0.3621495327102804,0.5607476635514018,0.6939252336448598,0.705607476635514,0.705607476635514,0.705607476635514,0.705607476635514,0.705607476635514,0.705607476635514,0.705607476635514,0.705607476635514,0.705607476635514,0.705607476635514],"eval_acc":[0.3087248322147651,0.3087248322147651,0.3087248322147651,0.3087248322147651,0.3087248322147651,0.3087248322147651,0.3087248322147651,0.5819750719079578,0.6912751677852349,0.6912751677852349,0.6912751677852349,0.6912751677852349,0.6912751677852349,0.6912751677852349,0.6912751677852349,0.6912751677852349,0.6912751677852349,0.6912751677852349,0.6912751677852349,0.6912751677852349]}
[Eval] Epoch:  11, Total:   1043, Accuracy : 0.6913, Loss: 0.4192
1043 721 2.8546474874019623
