pruned_3_0.5_model_0
DatasetDict({
    train: Dataset({
        features: ['sentence', 'label', 'indexes'],
        num_rows: 4275
    })
    validation: Dataset({
        features: ['sentence', 'label', 'indexes'],
        num_rows: 1043
    })
    test: Dataset({
        features: ['sentence', 'label', 'indexes'],
        num_rows: 1063
    })
})
[Train] Epoch:   0, Total:   4275, Accuracy : 0.7158, Loss: 0.5856
[Eval] Epoch:   0, Total:   1043, Accuracy : 0.6913, Loss: 0.5394
[Train] Epoch:   1, Total:   4275, Accuracy : 0.7160, Loss: 0.6025
[Eval] Epoch:   1, Total:   1043, Accuracy : 0.6913, Loss: 0.4842
[Train] Epoch:   2, Total:   4275, Accuracy : 0.7160, Loss: 0.6060
[Eval] Epoch:   2, Total:   1043, Accuracy : 0.6913, Loss: 0.4527
[Train] Epoch:   3, Total:   4275, Accuracy : 0.7158, Loss: 0.5004
[Eval] Epoch:   3, Total:   1043, Accuracy : 0.6913, Loss: 0.3689
[Train] Epoch:   4, Total:   4275, Accuracy : 0.7801, Loss: 0.4420
[Eval] Epoch:   4, Total:   1043, Accuracy : 0.8063, Loss: 0.4102
[Train] Epoch:   5, Total:   4275, Accuracy : 0.8524, Loss: 0.3176
[Eval] Epoch:   5, Total:   1043, Accuracy : 0.7929, Loss: 0.3975
[Train] Epoch:   6, Total:   4275, Accuracy : 0.8795, Loss: 0.3104
[Eval] Epoch:   6, Total:   1043, Accuracy : 0.7996, Loss: 0.4493
[Train] Epoch:   7, Total:   4275, Accuracy : 0.9036, Loss: 0.2414
[Eval] Epoch:   7, Total:   1043, Accuracy : 0.8188, Loss: 0.5276
[Train] Epoch:   8, Total:   4275, Accuracy : 0.9214, Loss: 0.2160
[Eval] Epoch:   8, Total:   1043, Accuracy : 0.8063, Loss: 0.5971
[Train] Epoch:   9, Total:   4275, Accuracy : 0.9258, Loss: 0.1903
[Eval] Epoch:   9, Total:   1043, Accuracy : 0.7977, Loss: 0.6410
[Train] Epoch:  10, Total:   4275, Accuracy : 0.9336, Loss: 0.2520
[Eval] Epoch:  10, Total:   1043, Accuracy : 0.7987, Loss: 0.6370
[Train] Epoch:  11, Total:   4275, Accuracy : 0.9298, Loss: 0.2669
[Eval] Epoch:  11, Total:   1043, Accuracy : 0.8054, Loss: 0.5423
[Train] Epoch:  12, Total:   4275, Accuracy : 0.9413, Loss: 0.1330
[Eval] Epoch:  12, Total:   1043, Accuracy : 0.8121, Loss: 0.7321
[Train] Epoch:  13, Total:   4275, Accuracy : 0.9492, Loss: 0.0770
[Eval] Epoch:  13, Total:   1043, Accuracy : 0.8025, Loss: 0.7201
[Train] Epoch:  14, Total:   4275, Accuracy : 0.9642, Loss: 0.0734
[Eval] Epoch:  14, Total:   1043, Accuracy : 0.8063, Loss: 0.8468
[Train] Epoch:  15, Total:   4275, Accuracy : 0.9682, Loss: 0.0808
[Eval] Epoch:  15, Total:   1043, Accuracy : 0.8025, Loss: 0.8164
[Train] Epoch:  16, Total:   4275, Accuracy : 0.9724, Loss: 0.0593
[Eval] Epoch:  16, Total:   1043, Accuracy : 0.8015, Loss: 0.8694
[Train] Epoch:  17, Total:   4275, Accuracy : 0.9740, Loss: 0.0563
[Eval] Epoch:  17, Total:   1043, Accuracy : 0.8073, Loss: 0.8925
[Train] Epoch:  18, Total:   4275, Accuracy : 0.9780, Loss: 0.0748
[Eval] Epoch:  18, Total:   1043, Accuracy : 0.8082, Loss: 0.8762
[Train] Epoch:  19, Total:   4275, Accuracy : 0.9796, Loss: 0.1087
[Eval] Epoch:  19, Total:   1043, Accuracy : 0.8082, Loss: 0.8808
{"epoch":[1,2,3,4,5,6,7,8,9,10,11,12,13,14,15,16,17,18,19,20],"train_loss":[0.6398488528588239,0.6017018942271962,0.5915309506304124,0.5288454259143156,0.4347347634680131,0.3589576780796051,0.29764703792684216,0.2606627450269811,0.22538083879386678,0.20559757421998417,0.19589727240450241,0.20015397843192606,0.17058822994723039,0.13993835975142085,0.11670707253848805,0.10232592768528882,0.08605101989472613,0.08084545876173412,0.06834712690290283,0.06964550320716466],"eval_loss":[0.6084341406822205,0.5862027823925018,0.556640762090683,0.48309133052825926,0.4690685510635376,0.5062622010707856,0.5627827286720276,0.509202641248703,0.5635219633579254,0.6384654581546784,0.6286292433738708,0.6180757641792297,0.6679342269897461,0.7424237906932831,0.7714093923568726,0.7950313091278076,0.8426654815673829,0.8384692668914795,0.8178289651870727,0.821889865398407],"train_acc":[0.7157894736842105,0.7160233918128655,0.7160233918128655,0.7157894736842105,0.7801169590643274,0.8523976608187135,0.87953216374269,0.903625730994152,0.9214035087719298,0.9258479532163743,0.9335672514619883,0.9298245614035088,0.9412865497076024,0.9492397660818713,0.9642105263157895,0.9681871345029239,0.9723976608187135,0.9740350877192983,0.9780116959064328,0.9796491228070175],"eval_acc":[0.6912751677852349,0.6912751677852349,0.6912751677852349,0.6912751677852349,0.8063279002876318,0.7929050814956855,0.7996164908916586,0.8187919463087249,0.8063279002876318,0.7976989453499521,0.7986577181208053,0.8053691275167785,0.8120805369127517,0.8024928092042186,0.8063279002876318,0.8024928092042186,0.8015340364333653,0.8072866730584851,0.8082454458293384,0.8082454458293384]}
[Eval] Epoch:  11, Total:   1043, Accuracy : 0.8082, Loss: 0.8808
1043 843 4.109449326992035
