pruned_2_0.03_model_0
DatasetDict({
    train: Dataset({
        features: ['sentence', 'label', 'indexes'],
        num_rows: 256
    })
    validation: Dataset({
        features: ['sentence', 'label', 'indexes'],
        num_rows: 1043
    })
    test: Dataset({
        features: ['sentence', 'label', 'indexes'],
        num_rows: 1063
    })
})
[Train] Epoch:   0, Total:    256, Accuracy : 0.6836, Loss: 0.6783
[Eval] Epoch:   0, Total:   1043, Accuracy : 0.6913, Loss: 0.6729
[Train] Epoch:   1, Total:    256, Accuracy : 0.6836, Loss: 0.6782
[Eval] Epoch:   1, Total:   1043, Accuracy : 0.6913, Loss: 0.6722
[Train] Epoch:   2, Total:    256, Accuracy : 0.6797, Loss: 0.6832
[Eval] Epoch:   2, Total:   1043, Accuracy : 0.6913, Loss: 0.6708
[Train] Epoch:   3, Total:    256, Accuracy : 0.6797, Loss: 0.6766
[Eval] Epoch:   3, Total:   1043, Accuracy : 0.6913, Loss: 0.6687
[Train] Epoch:   4, Total:    256, Accuracy : 0.6914, Loss: 0.6768
[Eval] Epoch:   4, Total:   1043, Accuracy : 0.6913, Loss: 0.6659
[Train] Epoch:   5, Total:    256, Accuracy : 0.6914, Loss: 0.6771
[Eval] Epoch:   5, Total:   1043, Accuracy : 0.6913, Loss: 0.6624
[Train] Epoch:   6, Total:    256, Accuracy : 0.6953, Loss: 0.6710
[Eval] Epoch:   6, Total:   1043, Accuracy : 0.6913, Loss: 0.6583
[Train] Epoch:   7, Total:    256, Accuracy : 0.6992, Loss: 0.6676
[Eval] Epoch:   7, Total:   1043, Accuracy : 0.6913, Loss: 0.6536
[Train] Epoch:   8, Total:    256, Accuracy : 0.6992, Loss: 0.6685
[Eval] Epoch:   8, Total:   1043, Accuracy : 0.6913, Loss: 0.6482
[Train] Epoch:   9, Total:    256, Accuracy : 0.6992, Loss: 0.6606
[Eval] Epoch:   9, Total:   1043, Accuracy : 0.6913, Loss: 0.6423
[Train] Epoch:  10, Total:    256, Accuracy : 0.6992, Loss: 0.6529
[Eval] Epoch:  10, Total:   1043, Accuracy : 0.6913, Loss: 0.6357
[Train] Epoch:  11, Total:    256, Accuracy : 0.6992, Loss: 0.6550
[Eval] Epoch:  11, Total:   1043, Accuracy : 0.6913, Loss: 0.6285
[Train] Epoch:  12, Total:    256, Accuracy : 0.6992, Loss: 0.6515
[Eval] Epoch:  12, Total:   1043, Accuracy : 0.6913, Loss: 0.6208
[Train] Epoch:  13, Total:    256, Accuracy : 0.6992, Loss: 0.6429
[Eval] Epoch:  13, Total:   1043, Accuracy : 0.6913, Loss: 0.6125
[Train] Epoch:  14, Total:    256, Accuracy : 0.6992, Loss: 0.6416
[Eval] Epoch:  14, Total:   1043, Accuracy : 0.6913, Loss: 0.6037
[Train] Epoch:  15, Total:    256, Accuracy : 0.6992, Loss: 0.6434
[Eval] Epoch:  15, Total:   1043, Accuracy : 0.6913, Loss: 0.5947
[Train] Epoch:  16, Total:    256, Accuracy : 0.6992, Loss: 0.6384
[Eval] Epoch:  16, Total:   1043, Accuracy : 0.6913, Loss: 0.5851
[Train] Epoch:  17, Total:    256, Accuracy : 0.6992, Loss: 0.6325
[Eval] Epoch:  17, Total:   1043, Accuracy : 0.6913, Loss: 0.5748
[Train] Epoch:  18, Total:    256, Accuracy : 0.6992, Loss: 0.6312
[Eval] Epoch:  18, Total:   1043, Accuracy : 0.6913, Loss: 0.5641
[Train] Epoch:  19, Total:    256, Accuracy : 0.6992, Loss: 0.6277
[Eval] Epoch:  19, Total:   1043, Accuracy : 0.6913, Loss: 0.5528
{"epoch":[1,2,3,4,5,6,7,8,9,10,11,12,13,14,15,16,17,18,19,20],"train_loss":[0.6783218383789062,0.6782466769218445,0.683175265789032,0.6765507459640503,0.6767880916595459,0.6770964860916138,0.670976996421814,0.6675716042518616,0.6685053706169128,0.6606422662734985,0.652947187423706,0.655034601688385,0.6515159010887146,0.6429339051246643,0.6415669918060303,0.6434208750724792,0.6383885145187378,0.63246089220047,0.6311830878257751,0.6276843547821045],"eval_loss":[0.6795185089111329,0.6790806770324707,0.6782095670700073,0.6769116878509521,0.675200617313385,0.6730902552604675,0.6706037521362305,0.6677546262741089,0.6645597577095032,0.661026680469513,0.6571789264678956,0.653026795387268,0.6486042857170105,0.6439736366271973,0.6390865683555603,0.6342499375343322,0.6291942954063415,0.6239894986152649,0.6187398791313171,0.61341712474823],"train_acc":[0.68359375,0.68359375,0.6796875,0.6796875,0.69140625,0.69140625,0.6953125,0.69921875,0.69921875,0.69921875,0.69921875,0.69921875,0.69921875,0.69921875,0.69921875,0.69921875,0.69921875,0.69921875,0.69921875,0.69921875],"eval_acc":[0.6912751677852349,0.6912751677852349,0.6912751677852349,0.6912751677852349,0.6912751677852349,0.6912751677852349,0.6912751677852349,0.6912751677852349,0.6912751677852349,0.6912751677852349,0.6912751677852349,0.6912751677852349,0.6912751677852349,0.6912751677852349,0.6912751677852349,0.6912751677852349,0.6912751677852349,0.6912751677852349,0.6912751677852349,0.6912751677852349]}
[Eval] Epoch:  11, Total:   1043, Accuracy : 0.6913, Loss: 0.5528
1043 721 3.06708562374115
