random_0.4_model_0
DatasetDict({
    train: Dataset({
        features: ['sentence', 'label', 'indexes'],
        num_rows: 3420
    })
    validation: Dataset({
        features: ['sentence', 'label', 'indexes'],
        num_rows: 1043
    })
    test: Dataset({
        features: ['sentence', 'label', 'indexes'],
        num_rows: 1063
    })
})
[Train] Epoch:   0, Total:   3420, Accuracy : 0.5871, Loss: 0.6832
[Eval] Epoch:   0, Total:   1043, Accuracy : 0.6913, Loss: 0.6224
[Train] Epoch:   1, Total:   3420, Accuracy : 0.6977, Loss: 0.5620
[Eval] Epoch:   1, Total:   1043, Accuracy : 0.6913, Loss: 0.4744
[Train] Epoch:   2, Total:   3420, Accuracy : 0.6977, Loss: 0.5818
[Eval] Epoch:   2, Total:   1043, Accuracy : 0.6913, Loss: 0.4617
[Train] Epoch:   3, Total:   3420, Accuracy : 0.6977, Loss: 0.5193
[Eval] Epoch:   3, Total:   1043, Accuracy : 0.6913, Loss: 0.4319
[Train] Epoch:   4, Total:   3420, Accuracy : 0.7345, Loss: 0.5143
[Eval] Epoch:   4, Total:   1043, Accuracy : 0.7948, Loss: 0.4174
[Train] Epoch:   5, Total:   3420, Accuracy : 0.8199, Loss: 0.3439
[Eval] Epoch:   5, Total:   1043, Accuracy : 0.7814, Loss: 0.4853
[Train] Epoch:   6, Total:   3420, Accuracy : 0.8664, Loss: 0.3042
[Eval] Epoch:   6, Total:   1043, Accuracy : 0.8044, Loss: 0.5054
[Train] Epoch:   7, Total:   3420, Accuracy : 0.8880, Loss: 0.1985
[Eval] Epoch:   7, Total:   1043, Accuracy : 0.8006, Loss: 0.5848
[Train] Epoch:   8, Total:   3420, Accuracy : 0.9073, Loss: 0.1922
[Eval] Epoch:   8, Total:   1043, Accuracy : 0.8054, Loss: 0.6122
[Train] Epoch:   9, Total:   3420, Accuracy : 0.9175, Loss: 0.1828
[Eval] Epoch:   9, Total:   1043, Accuracy : 0.8169, Loss: 0.6097
[Train] Epoch:  10, Total:   3420, Accuracy : 0.9251, Loss: 0.1926
[Eval] Epoch:  10, Total:   1043, Accuracy : 0.8082, Loss: 0.6320
[Train] Epoch:  11, Total:   3420, Accuracy : 0.9304, Loss: 0.2188
[Eval] Epoch:  11, Total:   1043, Accuracy : 0.8207, Loss: 0.5967
[Train] Epoch:  12, Total:   3420, Accuracy : 0.9363, Loss: 0.1916
[Eval] Epoch:  12, Total:   1043, Accuracy : 0.8063, Loss: 0.5597
[Train] Epoch:  13, Total:   3420, Accuracy : 0.9450, Loss: 0.0726
[Eval] Epoch:  13, Total:   1043, Accuracy : 0.8236, Loss: 0.6938
[Train] Epoch:  14, Total:   3420, Accuracy : 0.9556, Loss: 0.1156
[Eval] Epoch:  14, Total:   1043, Accuracy : 0.8035, Loss: 0.7211
[Train] Epoch:  15, Total:   3420, Accuracy : 0.9635, Loss: 0.1128
[Eval] Epoch:  15, Total:   1043, Accuracy : 0.8178, Loss: 0.8466
[Train] Epoch:  16, Total:   3420, Accuracy : 0.9661, Loss: 0.0843
[Eval] Epoch:  16, Total:   1043, Accuracy : 0.8178, Loss: 0.8013
[Train] Epoch:  17, Total:   3420, Accuracy : 0.9737, Loss: 0.1470
[Eval] Epoch:  17, Total:   1043, Accuracy : 0.8140, Loss: 0.8241
[Train] Epoch:  18, Total:   3420, Accuracy : 0.9760, Loss: 0.0935
[Eval] Epoch:  18, Total:   1043, Accuracy : 0.8178, Loss: 0.7738
[Train] Epoch:  19, Total:   3420, Accuracy : 0.9760, Loss: 0.0325
[Eval] Epoch:  19, Total:   1043, Accuracy : 0.8178, Loss: 0.7786
{"epoch":[1,2,3,4,5,6,7,8,9,10,11,12,13,14,15,16,17,18,19,20],"train_loss":[0.6837780262742724,0.6240968491349902,0.6024989358016423,0.5601689858095986,0.4820905945130757,0.41479931133134024,0.34971042616026743,0.28778612187930513,0.24574766946690424,0.2222293966582843,0.20895780729396002,0.20800047261374338,0.18860477528401784,0.16511631437710353,0.1323577474270548,0.11611264571547508,0.10264570585318974,0.08729469829371997,0.08343568417642798,0.08116827053683144],"eval_loss":[0.6505946278572082,0.5801310300827026,0.5439238667488098,0.5114810705184937,0.4745457053184509,0.6106636762619019,0.5209306418895722,0.5524668395519257,0.5852260410785675,0.5756918370723725,0.6093467533588409,0.5614144265651703,0.6679946660995484,0.6307607531547547,0.7335210323333741,0.7557398438453674,0.7702846884727478,0.8050488829612732,0.7724075078964233,0.7726628303527832],"train_acc":[0.5871345029239766,0.6976608187134503,0.6976608187134503,0.6976608187134503,0.7345029239766082,0.8198830409356725,0.8663742690058479,0.8880116959064327,0.9073099415204678,0.9175438596491228,0.9251461988304094,0.9304093567251462,0.9362573099415205,0.9450292397660819,0.9555555555555556,0.9634502923976608,0.9660818713450292,0.9736842105263158,0.9760233918128655,0.9760233918128655],"eval_acc":[0.6912751677852349,0.6912751677852349,0.6912751677852349,0.6912751677852349,0.7948226270373921,0.7813998082454459,0.8044103547459253,0.800575263662512,0.8053691275167785,0.8168744007670182,0.8082454458293384,0.8207094918504314,0.8063279002876318,0.8235858101629914,0.8034515819750719,0.8178331735378715,0.8178331735378715,0.8139980824544583,0.8178331735378715,0.8178331735378715]}
[Eval] Epoch:  11, Total:   1043, Accuracy : 0.8178, Loss: 0.7786
1043 853 3.863314151763916
