pruned_2_0.05_model_0
DatasetDict({
    train: Dataset({
        features: ['sentence', 'label', 'indexes'],
        num_rows: 427
    })
    validation: Dataset({
        features: ['sentence', 'label', 'indexes'],
        num_rows: 1043
    })
    test: Dataset({
        features: ['sentence', 'label', 'indexes'],
        num_rows: 1063
    })
})
[Train] Epoch:   0, Total:    427, Accuracy : 0.2646, Loss: 0.7192
[Eval] Epoch:   0, Total:   1043, Accuracy : 0.3087, Loss: 0.7319
[Train] Epoch:   1, Total:    427, Accuracy : 0.2670, Loss: 0.7210
[Eval] Epoch:   1, Total:   1043, Accuracy : 0.3087, Loss: 0.7278
[Train] Epoch:   2, Total:    427, Accuracy : 0.2670, Loss: 0.7154
[Eval] Epoch:   2, Total:   1043, Accuracy : 0.3087, Loss: 0.7204
[Train] Epoch:   3, Total:    427, Accuracy : 0.2740, Loss: 0.7097
[Eval] Epoch:   3, Total:   1043, Accuracy : 0.3087, Loss: 0.7100
[Train] Epoch:   4, Total:    427, Accuracy : 0.3044, Loss: 0.7059
[Eval] Epoch:   4, Total:   1043, Accuracy : 0.3691, Loss: 0.6966
[Train] Epoch:   5, Total:    427, Accuracy : 0.4754, Loss: 0.6900
[Eval] Epoch:   5, Total:   1043, Accuracy : 0.6913, Loss: 0.6806
[Train] Epoch:   6, Total:    427, Accuracy : 0.7049, Loss: 0.6788
[Eval] Epoch:   6, Total:   1043, Accuracy : 0.6913, Loss: 0.6618
[Train] Epoch:   7, Total:    427, Accuracy : 0.7307, Loss: 0.6639
[Eval] Epoch:   7, Total:   1043, Accuracy : 0.6913, Loss: 0.6402
[Train] Epoch:   8, Total:    427, Accuracy : 0.7354, Loss: 0.6328
[Eval] Epoch:   8, Total:   1043, Accuracy : 0.6913, Loss: 0.6155
[Train] Epoch:   9, Total:    427, Accuracy : 0.7354, Loss: 0.6327
[Eval] Epoch:   9, Total:   1043, Accuracy : 0.6913, Loss: 0.5876
[Train] Epoch:  10, Total:    427, Accuracy : 0.7354, Loss: 0.6088
[Eval] Epoch:  10, Total:   1043, Accuracy : 0.6913, Loss: 0.5556
[Train] Epoch:  11, Total:    427, Accuracy : 0.7354, Loss: 0.5883
[Eval] Epoch:  11, Total:   1043, Accuracy : 0.6913, Loss: 0.5202
[Train] Epoch:  12, Total:    427, Accuracy : 0.7354, Loss: 0.5796
[Eval] Epoch:  12, Total:   1043, Accuracy : 0.6913, Loss: 0.4841
[Train] Epoch:  13, Total:    427, Accuracy : 0.7354, Loss: 0.5625
[Eval] Epoch:  13, Total:   1043, Accuracy : 0.6913, Loss: 0.4528
[Train] Epoch:  14, Total:    427, Accuracy : 0.7354, Loss: 0.5456
[Eval] Epoch:  14, Total:   1043, Accuracy : 0.6913, Loss: 0.4402
[Train] Epoch:  15, Total:    427, Accuracy : 0.7354, Loss: 0.5689
[Eval] Epoch:  15, Total:   1043, Accuracy : 0.6913, Loss: 0.4403
[Train] Epoch:  16, Total:    427, Accuracy : 0.7354, Loss: 0.5843
[Eval] Epoch:  16, Total:   1043, Accuracy : 0.6913, Loss: 0.4417
[Train] Epoch:  17, Total:    427, Accuracy : 0.7354, Loss: 0.5035
[Eval] Epoch:  17, Total:   1043, Accuracy : 0.6913, Loss: 0.4435
[Train] Epoch:  18, Total:    427, Accuracy : 0.7354, Loss: 0.5604
[Eval] Epoch:  18, Total:   1043, Accuracy : 0.6913, Loss: 0.4538
[Train] Epoch:  19, Total:    427, Accuracy : 0.7354, Loss: 0.5280
[Eval] Epoch:  19, Total:   1043, Accuracy : 0.6913, Loss: 0.4561
{"epoch":[1,2,3,4,5,6,7,8,9,10,11,12,13,14,15,16,17,18,19,20],"train_loss":[0.7222653329372406,0.7222325205802917,0.7190871238708496,0.713062584400177,0.7072049975395203,0.6936384737491608,0.6782439351081848,0.6660618185997009,0.644929826259613,0.6356284022331238,0.6174444258213043,0.5961861312389374,0.5809487104415894,0.5643371343612671,0.5551253259181976,0.5621724426746368,0.5364523530006409,0.526727169752121,0.5159789025783539,0.5055436193943024],"eval_loss":[0.7177963376045227,0.7150602459907531,0.7102400064468384,0.7034777283668519,0.6949311137199402,0.6847907304763794,0.6731908321380615,0.6601995348930358,0.6459094882011414,0.6307047009468079,0.6149259567260742,0.6003147006034851,0.5913659870624542,0.5984321057796478,0.622141706943512,0.6298223793506622,0.6258704960346222,0.6135985851287842,0.6128984034061432,0.6093485414981842],"train_acc":[0.2646370023419204,0.26697892271662765,0.26697892271662765,0.27400468384074944,0.3044496487119438,0.47540983606557374,0.7049180327868853,0.7306791569086651,0.7353629976580797,0.7353629976580797,0.7353629976580797,0.7353629976580797,0.7353629976580797,0.7353629976580797,0.7353629976580797,0.7353629976580797,0.7353629976580797,0.7353629976580797,0.7353629976580797,0.7353629976580797],"eval_acc":[0.3087248322147651,0.3087248322147651,0.3087248322147651,0.3087248322147651,0.3691275167785235,0.6912751677852349,0.6912751677852349,0.6912751677852349,0.6912751677852349,0.6912751677852349,0.6912751677852349,0.6912751677852349,0.6912751677852349,0.6912751677852349,0.6912751677852349,0.6912751677852349,0.6912751677852349,0.6912751677852349,0.6912751677852349,0.6912751677852349]}
[Eval] Epoch:  11, Total:   1043, Accuracy : 0.6913, Loss: 0.4561
1043 721 3.046742707490921
