random_0.005_model_0
DatasetDict({
    train: Dataset({
        features: ['sentence', 'label', 'indexes'],
        num_rows: 43
    })
    validation: Dataset({
        features: ['sentence', 'label', 'indexes'],
        num_rows: 1043
    })
    test: Dataset({
        features: ['sentence', 'label', 'indexes'],
        num_rows: 1063
    })
})
[Train] Epoch:   0, Total:     43, Accuracy : 0.6744, Loss: 0.6742
[Eval] Epoch:   0, Total:   1043, Accuracy : 0.6913, Loss: 0.6647
[Train] Epoch:   1, Total:     43, Accuracy : 0.6512, Loss: 0.6809
[Eval] Epoch:   1, Total:   1043, Accuracy : 0.6913, Loss: 0.6641
[Train] Epoch:   2, Total:     43, Accuracy : 0.6512, Loss: 0.6807
[Eval] Epoch:   2, Total:   1043, Accuracy : 0.6913, Loss: 0.6628
[Train] Epoch:   3, Total:     43, Accuracy : 0.6047, Loss: 0.6855
[Eval] Epoch:   3, Total:   1043, Accuracy : 0.6913, Loss: 0.6610
[Train] Epoch:   4, Total:     43, Accuracy : 0.6279, Loss: 0.6828
[Eval] Epoch:   4, Total:   1043, Accuracy : 0.6913, Loss: 0.6585
[Train] Epoch:   5, Total:     43, Accuracy : 0.6512, Loss: 0.6802
[Eval] Epoch:   5, Total:   1043, Accuracy : 0.6913, Loss: 0.6554
[Train] Epoch:   6, Total:     43, Accuracy : 0.6279, Loss: 0.6842
[Eval] Epoch:   6, Total:   1043, Accuracy : 0.6913, Loss: 0.6519
[Train] Epoch:   7, Total:     43, Accuracy : 0.6512, Loss: 0.6741
[Eval] Epoch:   7, Total:   1043, Accuracy : 0.6913, Loss: 0.6477
[Train] Epoch:   8, Total:     43, Accuracy : 0.6512, Loss: 0.6728
[Eval] Epoch:   8, Total:   1043, Accuracy : 0.6913, Loss: 0.6430
[Train] Epoch:   9, Total:     43, Accuracy : 0.6512, Loss: 0.6712
[Eval] Epoch:   9, Total:   1043, Accuracy : 0.6913, Loss: 0.6376
[Train] Epoch:  10, Total:     43, Accuracy : 0.6512, Loss: 0.6607
[Eval] Epoch:  10, Total:   1043, Accuracy : 0.6913, Loss: 0.6316
[Train] Epoch:  11, Total:     43, Accuracy : 0.6512, Loss: 0.6614
[Eval] Epoch:  11, Total:   1043, Accuracy : 0.6913, Loss: 0.6252
[Train] Epoch:  12, Total:     43, Accuracy : 0.6512, Loss: 0.6696
[Eval] Epoch:  12, Total:   1043, Accuracy : 0.6913, Loss: 0.6182
[Train] Epoch:  13, Total:     43, Accuracy : 0.6512, Loss: 0.6559
[Eval] Epoch:  13, Total:   1043, Accuracy : 0.6913, Loss: 0.6105
[Train] Epoch:  14, Total:     43, Accuracy : 0.6512, Loss: 0.6643
[Eval] Epoch:  14, Total:   1043, Accuracy : 0.6913, Loss: 0.6023
[Train] Epoch:  15, Total:     43, Accuracy : 0.6512, Loss: 0.6547
[Eval] Epoch:  15, Total:   1043, Accuracy : 0.6913, Loss: 0.5937
[Train] Epoch:  16, Total:     43, Accuracy : 0.6512, Loss: 0.6615
[Eval] Epoch:  16, Total:   1043, Accuracy : 0.6913, Loss: 0.5848
[Train] Epoch:  17, Total:     43, Accuracy : 0.6512, Loss: 0.6524
[Eval] Epoch:  17, Total:   1043, Accuracy : 0.6913, Loss: 0.5757
[Train] Epoch:  18, Total:     43, Accuracy : 0.6512, Loss: 0.6525
[Eval] Epoch:  18, Total:   1043, Accuracy : 0.6913, Loss: 0.5663
[Train] Epoch:  19, Total:     43, Accuracy : 0.6512, Loss: 0.6486
[Eval] Epoch:  19, Total:   1043, Accuracy : 0.6913, Loss: 0.5565
{"epoch":[1,2,3,4,5,6,7,8,9,10,11,12,13,14,15,16,17,18,19,20],"train_loss":[0.6741540431976318,0.6809173822402954,0.680662214756012,0.6855304837226868,0.6827912330627441,0.6801583766937256,0.6842244267463684,0.6741323471069336,0.6728062033653259,0.6712338328361511,0.6607314944267273,0.6614313721656799,0.6696344614028931,0.6558817028999329,0.6643103957176208,0.6547368764877319,0.6614875197410583,0.6523837447166443,0.6525090932846069,0.6486233472824097],"eval_loss":[0.6756108164787292,0.6752275347709655,0.6744622230529785,0.6733443737030029,0.6718535900115967,0.6700003743171692,0.6678380846977234,0.6653436660766602,0.6625081896781921,0.6593243479728699,0.6558099865913392,0.6520778417587281,0.6480772495269775,0.6437406539916992,0.6392404913902283,0.6345690131187439,0.6298157453536988,0.6250849008560181,0.6202891111373902,0.6155563950538635],"train_acc":[0.6744186046511628,0.6511627906976745,0.6511627906976745,0.6046511627906976,0.627906976744186,0.6511627906976745,0.627906976744186,0.6511627906976745,0.6511627906976745,0.6511627906976745,0.6511627906976745,0.6511627906976745,0.6511627906976745,0.6511627906976745,0.6511627906976745,0.6511627906976745,0.6511627906976745,0.6511627906976745,0.6511627906976745,0.6511627906976745],"eval_acc":[0.6912751677852349,0.6912751677852349,0.6912751677852349,0.6912751677852349,0.6912751677852349,0.6912751677852349,0.6912751677852349,0.6912751677852349,0.6912751677852349,0.6912751677852349,0.6912751677852349,0.6912751677852349,0.6912751677852349,0.6912751677852349,0.6912751677852349,0.6912751677852349,0.6912751677852349,0.6912751677852349,0.6912751677852349,0.6912751677852349]}
[Eval] Epoch:  11, Total:   1043, Accuracy : 0.6913, Loss: 0.5565
1043 721 3.0777819752693176
