pruned_2_0.04_model_0
DatasetDict({
    train: Dataset({
        features: ['sentence', 'label', 'indexes'],
        num_rows: 342
    })
    validation: Dataset({
        features: ['sentence', 'label', 'indexes'],
        num_rows: 1043
    })
    test: Dataset({
        features: ['sentence', 'label', 'indexes'],
        num_rows: 1063
    })
})
[Train] Epoch:   0, Total:    342, Accuracy : 0.4298, Loss: 0.6941
[Eval] Epoch:   0, Total:   1043, Accuracy : 0.3087, Loss: 0.7018
[Train] Epoch:   1, Total:    342, Accuracy : 0.4094, Loss: 0.7005
[Eval] Epoch:   1, Total:   1043, Accuracy : 0.3183, Loss: 0.6980
[Train] Epoch:   2, Total:    342, Accuracy : 0.4766, Loss: 0.6908
[Eval] Epoch:   2, Total:   1043, Accuracy : 0.6385, Loss: 0.6914
[Train] Epoch:   3, Total:    342, Accuracy : 0.5760, Loss: 0.6883
[Eval] Epoch:   3, Total:   1043, Accuracy : 0.6913, Loss: 0.6821
[Train] Epoch:   4, Total:    342, Accuracy : 0.7018, Loss: 0.6784
[Eval] Epoch:   4, Total:   1043, Accuracy : 0.6913, Loss: 0.6703
[Train] Epoch:   5, Total:    342, Accuracy : 0.7281, Loss: 0.6815
[Eval] Epoch:   5, Total:   1043, Accuracy : 0.6913, Loss: 0.6562
[Train] Epoch:   6, Total:    342, Accuracy : 0.7281, Loss: 0.6553
[Eval] Epoch:   6, Total:   1043, Accuracy : 0.6913, Loss: 0.6399
[Train] Epoch:   7, Total:    342, Accuracy : 0.7281, Loss: 0.6552
[Eval] Epoch:   7, Total:   1043, Accuracy : 0.6913, Loss: 0.6212
[Train] Epoch:   8, Total:    342, Accuracy : 0.7281, Loss: 0.6286
[Eval] Epoch:   8, Total:   1043, Accuracy : 0.6913, Loss: 0.6000
[Train] Epoch:   9, Total:    342, Accuracy : 0.7281, Loss: 0.6242
[Eval] Epoch:   9, Total:   1043, Accuracy : 0.6913, Loss: 0.5761
[Train] Epoch:  10, Total:    342, Accuracy : 0.7281, Loss: 0.5921
[Eval] Epoch:  10, Total:   1043, Accuracy : 0.6913, Loss: 0.5494
[Train] Epoch:  11, Total:    342, Accuracy : 0.7281, Loss: 0.5629
[Eval] Epoch:  11, Total:   1043, Accuracy : 0.6913, Loss: 0.5203
[Train] Epoch:  12, Total:    342, Accuracy : 0.7281, Loss: 0.5391
[Eval] Epoch:  12, Total:   1043, Accuracy : 0.6913, Loss: 0.4886
[Train] Epoch:  13, Total:    342, Accuracy : 0.7281, Loss: 0.5485
[Eval] Epoch:  13, Total:   1043, Accuracy : 0.6913, Loss: 0.4561
[Train] Epoch:  14, Total:    342, Accuracy : 0.7281, Loss: 0.5396
[Eval] Epoch:  14, Total:   1043, Accuracy : 0.6913, Loss: 0.4346
[Train] Epoch:  15, Total:    342, Accuracy : 0.7281, Loss: 0.5183
[Eval] Epoch:  15, Total:   1043, Accuracy : 0.6913, Loss: 0.4348
[Train] Epoch:  16, Total:    342, Accuracy : 0.7281, Loss: 0.5406
[Eval] Epoch:  16, Total:   1043, Accuracy : 0.6913, Loss: 0.4385
[Train] Epoch:  17, Total:    342, Accuracy : 0.7281, Loss: 0.4866
[Eval] Epoch:  17, Total:   1043, Accuracy : 0.6913, Loss: 0.4419
[Train] Epoch:  18, Total:    342, Accuracy : 0.7281, Loss: 0.4967
[Eval] Epoch:  18, Total:   1043, Accuracy : 0.6913, Loss: 0.4446
[Train] Epoch:  19, Total:    342, Accuracy : 0.7281, Loss: 0.3964
[Eval] Epoch:  19, Total:   1043, Accuracy : 0.6913, Loss: 0.4465
{"epoch":[1,2,3,4,5,6,7,8,9,10,11,12,13,14,15,16,17,18,19,20],"train_loss":[0.695990800857544,0.6993114352226257,0.6925259530544281,0.6893756985664368,0.6794706284999847,0.6767986714839935,0.6611041128635406,0.6548543572425842,0.6351243555545807,0.6235501766204834,0.6087688207626343,0.5902370810508728,0.5605091452598572,0.5571744740009308,0.5460979044437408,0.5288931429386139,0.5349696576595306,0.5076714754104614,0.5023582577705383,0.46413809061050415],"eval_loss":[0.6984892249107361,0.6961037635803222,0.6918909072875976,0.6860161423683167,0.6786758303642273,0.6701064229011535,0.6604135870933533,0.6496100068092346,0.6378512144088745,0.625417423248291,0.6127989411354064,0.6011425733566285,0.5928457796573638,0.5946518778800964,0.6111842036247254,0.6235850572586059,0.6257445037364959,0.6233647763729095,0.615826678276062,0.6093773365020752],"train_acc":[0.4298245614035088,0.4093567251461988,0.4766081871345029,0.5760233918128655,0.7017543859649122,0.7280701754385965,0.7280701754385965,0.7280701754385965,0.7280701754385965,0.7280701754385965,0.7280701754385965,0.7280701754385965,0.7280701754385965,0.7280701754385965,0.7280701754385965,0.7280701754385965,0.7280701754385965,0.7280701754385965,0.7280701754385965,0.7280701754385965],"eval_acc":[0.3087248322147651,0.31831255992329816,0.638542665388303,0.6912751677852349,0.6912751677852349,0.6912751677852349,0.6912751677852349,0.6912751677852349,0.6912751677852349,0.6912751677852349,0.6912751677852349,0.6912751677852349,0.6912751677852349,0.6912751677852349,0.6912751677852349,0.6912751677852349,0.6912751677852349,0.6912751677852349,0.6912751677852349,0.6912751677852349]}
[Eval] Epoch:  11, Total:   1043, Accuracy : 0.6913, Loss: 0.4465
1043 721 3.046886682510376
