pruned_1_0.04_model_0
DatasetDict({
    train: Dataset({
        features: ['sentence', 'label', 'indexes'],
        num_rows: 343
    })
    validation: Dataset({
        features: ['sentence', 'label', 'indexes'],
        num_rows: 1043
    })
    test: Dataset({
        features: ['sentence', 'label', 'indexes'],
        num_rows: 1063
    })
})
[Train] Epoch:   0, Total:    343, Accuracy : 0.3003, Loss: 0.7070
[Eval] Epoch:   0, Total:   1043, Accuracy : 0.3087, Loss: 0.7140
[Train] Epoch:   1, Total:    343, Accuracy : 0.3178, Loss: 0.7022
[Eval] Epoch:   1, Total:   1043, Accuracy : 0.3087, Loss: 0.7099
[Train] Epoch:   2, Total:    343, Accuracy : 0.3440, Loss: 0.7019
[Eval] Epoch:   2, Total:   1043, Accuracy : 0.3087, Loss: 0.7027
[Train] Epoch:   3, Total:    343, Accuracy : 0.4023, Loss: 0.6949
[Eval] Epoch:   3, Total:   1043, Accuracy : 0.4343, Loss: 0.6927
[Train] Epoch:   4, Total:    343, Accuracy : 0.5627, Loss: 0.6850
[Eval] Epoch:   4, Total:   1043, Accuracy : 0.6913, Loss: 0.6806
[Train] Epoch:   5, Total:    343, Accuracy : 0.6880, Loss: 0.6701
[Eval] Epoch:   5, Total:   1043, Accuracy : 0.6913, Loss: 0.6665
[Train] Epoch:   6, Total:    343, Accuracy : 0.7347, Loss: 0.6690
[Eval] Epoch:   6, Total:   1043, Accuracy : 0.6913, Loss: 0.6505
[Train] Epoch:   7, Total:    343, Accuracy : 0.7376, Loss: 0.6385
[Eval] Epoch:   7, Total:   1043, Accuracy : 0.6913, Loss: 0.6328
[Train] Epoch:   8, Total:    343, Accuracy : 0.7376, Loss: 0.6147
[Eval] Epoch:   8, Total:   1043, Accuracy : 0.6913, Loss: 0.6129
[Train] Epoch:   9, Total:    343, Accuracy : 0.7376, Loss: 0.6178
[Eval] Epoch:   9, Total:   1043, Accuracy : 0.6913, Loss: 0.5905
[Train] Epoch:  10, Total:    343, Accuracy : 0.7376, Loss: 0.6482
[Eval] Epoch:  10, Total:   1043, Accuracy : 0.6913, Loss: 0.5660
[Train] Epoch:  11, Total:    343, Accuracy : 0.7376, Loss: 0.6157
[Eval] Epoch:  11, Total:   1043, Accuracy : 0.6913, Loss: 0.5389
[Train] Epoch:  12, Total:    343, Accuracy : 0.7376, Loss: 0.5329
[Eval] Epoch:  12, Total:   1043, Accuracy : 0.6913, Loss: 0.5148
[Train] Epoch:  13, Total:    343, Accuracy : 0.7376, Loss: 0.5785
[Eval] Epoch:  13, Total:   1043, Accuracy : 0.6913, Loss: 0.4813
[Train] Epoch:  14, Total:    343, Accuracy : 0.7376, Loss: 0.6222
[Eval] Epoch:  14, Total:   1043, Accuracy : 0.6913, Loss: 0.4504
[Train] Epoch:  15, Total:    343, Accuracy : 0.7376, Loss: 0.6702
[Eval] Epoch:  15, Total:   1043, Accuracy : 0.6913, Loss: 0.4410
[Train] Epoch:  16, Total:    343, Accuracy : 0.7376, Loss: 0.7044
[Eval] Epoch:  16, Total:   1043, Accuracy : 0.6913, Loss: 0.4430
[Train] Epoch:  17, Total:    343, Accuracy : 0.7376, Loss: 0.5877
[Eval] Epoch:  17, Total:   1043, Accuracy : 0.6913, Loss: 0.4542
[Train] Epoch:  18, Total:    343, Accuracy : 0.7376, Loss: 0.6242
[Eval] Epoch:  18, Total:   1043, Accuracy : 0.6913, Loss: 0.4599
[Train] Epoch:  19, Total:    343, Accuracy : 0.7376, Loss: 0.5173
[Eval] Epoch:  19, Total:   1043, Accuracy : 0.6913, Loss: 0.4556
{"epoch":[1,2,3,4,5,6,7,8,9,10,11,12,13,14,15,16,17,18,19,20],"train_loss":[0.7081299722194672,0.7027325332164764,0.7029674351215363,0.6959518492221832,0.6870310008525848,0.6764772534370422,0.6714110672473907,0.6517218351364136,0.6336007714271545,0.6234655678272247,0.6353040933609009,0.6112826764583588,0.5756753385066986,0.58684441447258,0.5915374755859375,0.602804571390152,0.6228714287281036,0.5768661797046661,0.5803147554397583,0.5356684327125549],"eval_loss":[0.7069276094436645,0.7042842507362366,0.6996617436408996,0.6933382391929627,0.6856656312942505,0.6768957495689392,0.6671918392181396,0.6566593647003174,0.6453646779060364,0.6332969665527344,0.6210691094398498,0.6088610529899597,0.5997320532798767,0.5916480302810669,0.5946730613708496,0.6070246040821076,0.5993131935596466,0.5864592552185058,0.5813090980052948,0.5816853880882263],"train_acc":[0.30029154518950435,0.3177842565597668,0.34402332361516036,0.40233236151603496,0.5626822157434402,0.6880466472303207,0.7346938775510204,0.7376093294460642,0.7376093294460642,0.7376093294460642,0.7376093294460642,0.7376093294460642,0.7376093294460642,0.7376093294460642,0.7376093294460642,0.7376093294460642,0.7376093294460642,0.7376093294460642,0.7376093294460642,0.7376093294460642],"eval_acc":[0.3087248322147651,0.3087248322147651,0.3087248322147651,0.4343240651965484,0.6912751677852349,0.6912751677852349,0.6912751677852349,0.6912751677852349,0.6912751677852349,0.6912751677852349,0.6912751677852349,0.6912751677852349,0.6912751677852349,0.6912751677852349,0.6912751677852349,0.6912751677852349,0.6912751677852349,0.6912751677852349,0.6912751677852349,0.6912751677852349]}
[Eval] Epoch:  11, Total:   1043, Accuracy : 0.6913, Loss: 0.4556
1043 721 2.9084269404411316
