pruned_1_0.75_model_0
DatasetDict({
    train: Dataset({
        features: ['sentence', 'label', 'indexes'],
        num_rows: 6413
    })
    validation: Dataset({
        features: ['sentence', 'label', 'indexes'],
        num_rows: 1043
    })
    test: Dataset({
        features: ['sentence', 'label', 'indexes'],
        num_rows: 1063
    })
})
[Train] Epoch:   0, Total:   6413, Accuracy : 0.5283, Loss: 0.5177
[Eval] Epoch:   0, Total:   1043, Accuracy : 0.6913, Loss: 0.4573
[Train] Epoch:   1, Total:   6413, Accuracy : 0.7064, Loss: 0.3930
[Eval] Epoch:   1, Total:   1043, Accuracy : 0.6913, Loss: 0.4160
[Train] Epoch:   2, Total:   6413, Accuracy : 0.7440, Loss: 0.2858
[Eval] Epoch:   2, Total:   1043, Accuracy : 0.8226, Loss: 0.4959
[Train] Epoch:   3, Total:   6413, Accuracy : 0.8346, Loss: 0.3724
[Eval] Epoch:   3, Total:   1043, Accuracy : 0.8188, Loss: 0.4256
[Train] Epoch:   4, Total:   6413, Accuracy : 0.8756, Loss: 0.2030
[Eval] Epoch:   4, Total:   1043, Accuracy : 0.7900, Loss: 0.5048
[Train] Epoch:   5, Total:   6413, Accuracy : 0.9122, Loss: 0.0891
[Eval] Epoch:   5, Total:   1043, Accuracy : 0.8082, Loss: 0.7307
[Train] Epoch:   6, Total:   6413, Accuracy : 0.9233, Loss: 0.0862
[Eval] Epoch:   6, Total:   1043, Accuracy : 0.8073, Loss: 0.7259
[Train] Epoch:   7, Total:   6413, Accuracy : 0.9337, Loss: 0.0622
[Eval] Epoch:   7, Total:   1043, Accuracy : 0.8169, Loss: 0.5940
[Train] Epoch:   8, Total:   6413, Accuracy : 0.9421, Loss: 0.0185
[Eval] Epoch:   8, Total:   1043, Accuracy : 0.8150, Loss: 0.6815
[Train] Epoch:   9, Total:   6413, Accuracy : 0.9503, Loss: 0.3455
[Eval] Epoch:   9, Total:   1043, Accuracy : 0.8150, Loss: 0.6623
[Train] Epoch:  10, Total:   6413, Accuracy : 0.9498, Loss: 0.0386
[Eval] Epoch:  10, Total:   1043, Accuracy : 0.8092, Loss: 0.7749
[Train] Epoch:  11, Total:   6413, Accuracy : 0.9421, Loss: 0.0342
[Eval] Epoch:  11, Total:   1043, Accuracy : 0.8226, Loss: 0.5521
[Train] Epoch:  12, Total:   6413, Accuracy : 0.9504, Loss: 0.0211
[Eval] Epoch:  12, Total:   1043, Accuracy : 0.8082, Loss: 0.5505
[Train] Epoch:  13, Total:   6413, Accuracy : 0.9605, Loss: 0.0228
[Eval] Epoch:  13, Total:   1043, Accuracy : 0.8265, Loss: 0.7099
[Train] Epoch:  14, Total:   6413, Accuracy : 0.9694, Loss: 0.0239
[Eval] Epoch:  14, Total:   1043, Accuracy : 0.8226, Loss: 0.6434
[Train] Epoch:  15, Total:   6413, Accuracy : 0.9741, Loss: 0.1427
[Eval] Epoch:  15, Total:   1043, Accuracy : 0.8140, Loss: 0.8145
[Train] Epoch:  16, Total:   6413, Accuracy : 0.9816, Loss: 0.0622
[Eval] Epoch:  16, Total:   1043, Accuracy : 0.8121, Loss: 0.9060
[Train] Epoch:  17, Total:   6413, Accuracy : 0.9797, Loss: 0.3482
[Eval] Epoch:  17, Total:   1043, Accuracy : 0.8178, Loss: 0.9186
[Train] Epoch:  18, Total:   6413, Accuracy : 0.9814, Loss: 0.0242
[Eval] Epoch:  18, Total:   1043, Accuracy : 0.8178, Loss: 0.9224
[Train] Epoch:  19, Total:   6413, Accuracy : 0.9816, Loss: 0.0111
[Eval] Epoch:  19, Total:   1043, Accuracy : 0.8236, Loss: 0.9220
{"epoch":[1,2,3,4,5,6,7,8,9,10,11,12,13,14,15,16,17,18,19,20],"train_loss":[0.6695309464748089,0.5876963253204639,0.4789456770970271,0.3857800387419187,0.3040865155366751,0.23695794550272134,0.2071251402107569,0.18413848931399676,0.1649375964099398,0.15694215807777184,0.14806229549531752,0.16444134898483753,0.13898171040301138,0.1176496956927272,0.09507227280678657,0.08888377363865192,0.069377557016336,0.07909089197906163,0.06404647446022584,0.0619960820947129],"eval_loss":[0.58858802318573,0.5292516589164734,0.4467703282833099,0.44727702140808107,0.5565949261188508,0.6491284787654876,0.6686491549015046,0.5629723966121674,0.6267761707305908,0.6188409745693206,0.7092859447002411,0.5688389658927917,0.6172978818416596,0.6905706822872162,0.6927220106124878,0.7587063670158386,0.8203969717025756,0.8051910996437073,0.7929672837257385,0.7882274508476257],"train_acc":[0.5283018867924528,0.7063776703570872,0.7439575861531265,0.8345548105410884,0.8755652580695462,0.9122095743021986,0.9232808358022766,0.9337283642600966,0.9421487603305785,0.9502572898799314,0.949789490098238,0.9421487603305785,0.9504132231404959,0.9605488850771869,0.9694370809293622,0.9741150787462965,0.9815998752533915,0.9797286761266178,0.981443941992827,0.9815998752533915],"eval_acc":[0.6912751677852349,0.6912751677852349,0.822627037392138,0.8187919463087249,0.7900287631831256,0.8082454458293384,0.8072866730584851,0.8168744007670182,0.8149568552253116,0.8149568552253116,0.8092042186001918,0.822627037392138,0.8082454458293384,0.8264621284755513,0.822627037392138,0.8139980824544583,0.8120805369127517,0.8178331735378715,0.8178331735378715,0.8235858101629914]}
[Eval] Epoch:  11, Total:   1043, Accuracy : 0.8236, Loss: 0.9220
1043 859 3.9411372542381287
