[Train] Epoch:   0, Total:   8551, Accuracy : 0.7010, Loss: 0.5902
[Eval] Epoch:   0, Total:   1043, Accuracy : 0.6913, Loss: 0.4894
[Train] Epoch:   1, Total:   8551, Accuracy : 0.7189, Loss: 0.4612
[Eval] Epoch:   1, Total:   1043, Accuracy : 0.7824, Loss: 0.3673
[Train] Epoch:   2, Total:   8551, Accuracy : 0.8231, Loss: 0.3599
[Eval] Epoch:   2, Total:   1043, Accuracy : 0.8130, Loss: 0.5444
[Train] Epoch:   3, Total:   8551, Accuracy : 0.8674, Loss: 0.3194
[Eval] Epoch:   3, Total:   1043, Accuracy : 0.8226, Loss: 0.5925
[Train] Epoch:   4, Total:   8551, Accuracy : 0.9016, Loss: 0.3619
[Eval] Epoch:   4, Total:   1043, Accuracy : 0.8207, Loss: 0.6078
[Train] Epoch:   5, Total:   8551, Accuracy : 0.9171, Loss: 0.3307
[Eval] Epoch:   5, Total:   1043, Accuracy : 0.8159, Loss: 0.8315
[Train] Epoch:   6, Total:   8551, Accuracy : 0.9357, Loss: 0.1609
[Eval] Epoch:   6, Total:   1043, Accuracy : 0.8265, Loss: 0.8128
[Train] Epoch:   7, Total:   8551, Accuracy : 0.9454, Loss: 0.1949
[Eval] Epoch:   7, Total:   1043, Accuracy : 0.8284, Loss: 0.8329
[Train] Epoch:   8, Total:   8551, Accuracy : 0.9495, Loss: 0.1038
[Eval] Epoch:   8, Total:   1043, Accuracy : 0.8313, Loss: 0.8304
[Train] Epoch:   9, Total:   8551, Accuracy : 0.9518, Loss: 0.1345
[Eval] Epoch:   9, Total:   1043, Accuracy : 0.8313, Loss: 0.8489
[Train] Epoch:  10, Total:   8551, Accuracy : 0.9542, Loss: 0.1978
[Eval] Epoch:  10, Total:   1043, Accuracy : 0.8274, Loss: 0.7625
[Train] Epoch:  11, Total:   8551, Accuracy : 0.9540, Loss: 0.1271
[Eval] Epoch:  11, Total:   1043, Accuracy : 0.8332, Loss: 0.7582
[Train] Epoch:  12, Total:   8551, Accuracy : 0.9537, Loss: 0.1008
[Eval] Epoch:  12, Total:   1043, Accuracy : 0.8370, Loss: 0.5837
[Train] Epoch:  13, Total:   8551, Accuracy : 0.9637, Loss: 0.1212
[Eval] Epoch:  13, Total:   1043, Accuracy : 0.8245, Loss: 0.8919
[Train] Epoch:  14, Total:   8551, Accuracy : 0.9703, Loss: 0.0677
[Eval] Epoch:  14, Total:   1043, Accuracy : 0.8303, Loss: 0.9081
[Train] Epoch:  15, Total:   8551, Accuracy : 0.9761, Loss: 0.0583
[Eval] Epoch:  15, Total:   1043, Accuracy : 0.8322, Loss: 0.8756
[Train] Epoch:  16, Total:   8551, Accuracy : 0.9744, Loss: 0.0549
[Eval] Epoch:  16, Total:   1043, Accuracy : 0.8255, Loss: 0.8606
[Train] Epoch:  17, Total:   8551, Accuracy : 0.9822, Loss: 0.0554
[Eval] Epoch:  17, Total:   1043, Accuracy : 0.8313, Loss: 0.8087
[Train] Epoch:  18, Total:   8551, Accuracy : 0.9844, Loss: 0.0421
[Eval] Epoch:  18, Total:   1043, Accuracy : 0.8322, Loss: 0.7974
[Train] Epoch:  19, Total:   8551, Accuracy : 0.9823, Loss: 0.0498
[Eval] Epoch:  19, Total:   1043, Accuracy : 0.8370, Loss: 0.7755
{"epoch":[1,2,3,4,5,6,7,8,9,10,11,12,13,14,15,16,17,18,19,20],"train_loss":[0.6247285236330593,0.5417903679258683,0.4070538019432741,0.3230525518164915,0.26122240941314134,0.21997449810014053,0.17726463736856685,0.16072476720985243,0.14685035913306124,0.14155268800609253,0.13618000355713508,0.1391168442719123,0.13363128527998924,0.10866318884141304,0.08370591272764347,0.07079531592043008,0.07147688495323938,0.05822171566679197,0.048451013643951976,0.05517203218358405],"eval_loss":[0.5815168440341949,0.48783984780311584,0.49541237354278567,0.5117777168750763,0.5359024167060852,0.6489283502101898,0.6340635538101196,0.6520749270915985,0.6378857851028442,0.6534618675708771,0.6540039002895355,0.6310806155204773,0.5355546116828919,0.777528953552246,0.7906197249889374,0.7734974801540375,0.7846401870250702,0.7650405764579773,0.7710096895694732,0.759138548374176],"train_acc":[0.7009706467079874,0.7188632908431762,0.8230616302186878,0.8673839317038943,0.9016489299497135,0.9170857209683078,0.9356800374225237,0.9453865045023974,0.9494795930300549,0.951818500760145,0.9541574084902351,0.9540404631037306,0.9536896269442171,0.9637469301836042,0.9702958718278564,0.9761431411530815,0.9743889603555139,0.9822243012513157,0.9844462635949012,0.9823412466378202],"eval_acc":[0.6912751677852349,0.7823585810162992,0.8130393096836049,0.822627037392138,0.8207094918504314,0.8159156279961649,0.8264621284755513,0.8283796740172579,0.8312559923298178,0.8312559923298178,0.8274209012464045,0.8331735378715245,0.8370086289549377,0.8245445829338447,0.8302972195589645,0.8322147651006712,0.825503355704698,0.8312559923298178,0.8322147651006712,0.8370086289549377]}
[Eval] Epoch:  11, Total:   1043, Accuracy : 0.8370, Loss: 0.7755
1043 873 3.79569274187088
