pruned_3_0.03_model_0
DatasetDict({
    train: Dataset({
        features: ['sentence', 'label', 'indexes'],
        num_rows: 256
    })
    validation: Dataset({
        features: ['sentence', 'label', 'indexes'],
        num_rows: 1043
    })
    test: Dataset({
        features: ['sentence', 'label', 'indexes'],
        num_rows: 1063
    })
})
[Train] Epoch:   0, Total:    256, Accuracy : 0.7109, Loss: 0.6568
[Eval] Epoch:   0, Total:   1043, Accuracy : 0.6913, Loss: 0.6354
[Train] Epoch:   1, Total:    256, Accuracy : 0.7109, Loss: 0.6583
[Eval] Epoch:   1, Total:   1043, Accuracy : 0.6913, Loss: 0.6347
[Train] Epoch:   2, Total:    256, Accuracy : 0.7109, Loss: 0.6551
[Eval] Epoch:   2, Total:   1043, Accuracy : 0.6913, Loss: 0.6333
[Train] Epoch:   3, Total:    256, Accuracy : 0.7109, Loss: 0.6587
[Eval] Epoch:   3, Total:   1043, Accuracy : 0.6913, Loss: 0.6312
[Train] Epoch:   4, Total:    256, Accuracy : 0.7109, Loss: 0.6543
[Eval] Epoch:   4, Total:   1043, Accuracy : 0.6913, Loss: 0.6283
[Train] Epoch:   5, Total:    256, Accuracy : 0.7109, Loss: 0.6570
[Eval] Epoch:   5, Total:   1043, Accuracy : 0.6913, Loss: 0.6247
[Train] Epoch:   6, Total:    256, Accuracy : 0.7109, Loss: 0.6558
[Eval] Epoch:   6, Total:   1043, Accuracy : 0.6913, Loss: 0.6204
[Train] Epoch:   7, Total:    256, Accuracy : 0.7109, Loss: 0.6520
[Eval] Epoch:   7, Total:   1043, Accuracy : 0.6913, Loss: 0.6153
[Train] Epoch:   8, Total:    256, Accuracy : 0.7109, Loss: 0.6505
[Eval] Epoch:   8, Total:   1043, Accuracy : 0.6913, Loss: 0.6095
[Train] Epoch:   9, Total:    256, Accuracy : 0.7109, Loss: 0.6449
[Eval] Epoch:   9, Total:   1043, Accuracy : 0.6913, Loss: 0.6028
[Train] Epoch:  10, Total:    256, Accuracy : 0.7109, Loss: 0.6380
[Eval] Epoch:  10, Total:   1043, Accuracy : 0.6913, Loss: 0.5954
[Train] Epoch:  11, Total:    256, Accuracy : 0.7109, Loss: 0.6328
[Eval] Epoch:  11, Total:   1043, Accuracy : 0.6913, Loss: 0.5870
[Train] Epoch:  12, Total:    256, Accuracy : 0.7109, Loss: 0.6321
[Eval] Epoch:  12, Total:   1043, Accuracy : 0.6913, Loss: 0.5777
[Train] Epoch:  13, Total:    256, Accuracy : 0.7109, Loss: 0.6257
[Eval] Epoch:  13, Total:   1043, Accuracy : 0.6913, Loss: 0.5675
[Train] Epoch:  14, Total:    256, Accuracy : 0.7109, Loss: 0.6279
[Eval] Epoch:  14, Total:   1043, Accuracy : 0.6913, Loss: 0.5562
[Train] Epoch:  15, Total:    256, Accuracy : 0.7109, Loss: 0.6129
[Eval] Epoch:  15, Total:   1043, Accuracy : 0.6913, Loss: 0.5440
[Train] Epoch:  16, Total:    256, Accuracy : 0.7109, Loss: 0.6158
[Eval] Epoch:  16, Total:   1043, Accuracy : 0.6913, Loss: 0.5308
[Train] Epoch:  17, Total:    256, Accuracy : 0.7109, Loss: 0.6062
[Eval] Epoch:  17, Total:   1043, Accuracy : 0.6913, Loss: 0.5172
[Train] Epoch:  18, Total:    256, Accuracy : 0.7109, Loss: 0.6067
[Eval] Epoch:  18, Total:   1043, Accuracy : 0.6913, Loss: 0.5032
[Train] Epoch:  19, Total:    256, Accuracy : 0.7109, Loss: 0.5923
[Eval] Epoch:  19, Total:   1043, Accuracy : 0.6913, Loss: 0.4886
{"epoch":[1,2,3,4,5,6,7,8,9,10,11,12,13,14,15,16,17,18,19,20],"train_loss":[0.6567549705505371,0.6583423018455505,0.6551127433776855,0.6586742401123047,0.6543138027191162,0.6569957137107849,0.6558051705360413,0.6520105004310608,0.6504663228988647,0.6449301242828369,0.6380192637443542,0.6327860355377197,0.6320797204971313,0.6257209181785583,0.6278851628303528,0.6129294037818909,0.6157975792884827,0.6062230467796326,0.6066756844520569,0.5922907590866089],"eval_loss":[0.6579518675804138,0.6575413823127747,0.6567268967628479,0.6555068969726563,0.6538769960403442,0.6518549203872681,0.6494222640991211,0.6465771317481994,0.6433489203453064,0.6397059917449951,0.6356592655181885,0.63121337890625,0.626386022567749,0.6212088108062744,0.6157264947891236,0.610037088394165,0.6044902682304383,0.599156129360199,0.59454425573349,0.5906141579151154],"train_acc":[0.7109375,0.7109375,0.7109375,0.7109375,0.7109375,0.7109375,0.7109375,0.7109375,0.7109375,0.7109375,0.7109375,0.7109375,0.7109375,0.7109375,0.7109375,0.7109375,0.7109375,0.7109375,0.7109375,0.7109375],"eval_acc":[0.6912751677852349,0.6912751677852349,0.6912751677852349,0.6912751677852349,0.6912751677852349,0.6912751677852349,0.6912751677852349,0.6912751677852349,0.6912751677852349,0.6912751677852349,0.6912751677852349,0.6912751677852349,0.6912751677852349,0.6912751677852349,0.6912751677852349,0.6912751677852349,0.6912751677852349,0.6912751677852349,0.6912751677852349,0.6912751677852349]}
[Eval] Epoch:  11, Total:   1043, Accuracy : 0.6913, Loss: 0.4886
1043 721 2.953070789575577
