pruned_2_0.01_model_0
DatasetDict({
    train: Dataset({
        features: ['sentence', 'label', 'indexes'],
        num_rows: 85
    })
    validation: Dataset({
        features: ['sentence', 'label', 'indexes'],
        num_rows: 1043
    })
    test: Dataset({
        features: ['sentence', 'label', 'indexes'],
        num_rows: 1063
    })
})
[Train] Epoch:   0, Total:     85, Accuracy : 0.4118, Loss: 0.7100
[Eval] Epoch:   0, Total:   1043, Accuracy : 0.3087, Loss: 0.7417
[Train] Epoch:   1, Total:     85, Accuracy : 0.4118, Loss: 0.7107
[Eval] Epoch:   1, Total:   1043, Accuracy : 0.3087, Loss: 0.7410
[Train] Epoch:   2, Total:     85, Accuracy : 0.4118, Loss: 0.7109
[Eval] Epoch:   2, Total:   1043, Accuracy : 0.3087, Loss: 0.7394
[Train] Epoch:   3, Total:     85, Accuracy : 0.4118, Loss: 0.7043
[Eval] Epoch:   3, Total:   1043, Accuracy : 0.3087, Loss: 0.7371
[Train] Epoch:   4, Total:     85, Accuracy : 0.4118, Loss: 0.7070
[Eval] Epoch:   4, Total:   1043, Accuracy : 0.3087, Loss: 0.7341
[Train] Epoch:   5, Total:     85, Accuracy : 0.4118, Loss: 0.7061
[Eval] Epoch:   5, Total:   1043, Accuracy : 0.3087, Loss: 0.7303
[Train] Epoch:   6, Total:     85, Accuracy : 0.4118, Loss: 0.7015
[Eval] Epoch:   6, Total:   1043, Accuracy : 0.3087, Loss: 0.7257
[Train] Epoch:   7, Total:     85, Accuracy : 0.4353, Loss: 0.7035
[Eval] Epoch:   7, Total:   1043, Accuracy : 0.3087, Loss: 0.7205
[Train] Epoch:   8, Total:     85, Accuracy : 0.4118, Loss: 0.6961
[Eval] Epoch:   8, Total:   1043, Accuracy : 0.3087, Loss: 0.7145
[Train] Epoch:   9, Total:     85, Accuracy : 0.4588, Loss: 0.6986
[Eval] Epoch:   9, Total:   1043, Accuracy : 0.3087, Loss: 0.7078
[Train] Epoch:  10, Total:     85, Accuracy : 0.4471, Loss: 0.6970
[Eval] Epoch:  10, Total:   1043, Accuracy : 0.3087, Loss: 0.7003
[Train] Epoch:  11, Total:     85, Accuracy : 0.5176, Loss: 0.6911
[Eval] Epoch:  11, Total:   1043, Accuracy : 0.5868, Loss: 0.6921
[Train] Epoch:  12, Total:     85, Accuracy : 0.4353, Loss: 0.6949
[Eval] Epoch:  12, Total:   1043, Accuracy : 0.6865, Loss: 0.6831
[Train] Epoch:  13, Total:     85, Accuracy : 0.5765, Loss: 0.6864
[Eval] Epoch:  13, Total:   1043, Accuracy : 0.6922, Loss: 0.6734
[Train] Epoch:  14, Total:     85, Accuracy : 0.7529, Loss: 0.6725
[Eval] Epoch:  14, Total:   1043, Accuracy : 0.6913, Loss: 0.6631
[Train] Epoch:  15, Total:     85, Accuracy : 0.6471, Loss: 0.6817
[Eval] Epoch:  15, Total:   1043, Accuracy : 0.6913, Loss: 0.6519
[Train] Epoch:  16, Total:     85, Accuracy : 0.6000, Loss: 0.6696
[Eval] Epoch:  16, Total:   1043, Accuracy : 0.6913, Loss: 0.6396
[Train] Epoch:  17, Total:     85, Accuracy : 0.5882, Loss: 0.6695
[Eval] Epoch:  17, Total:   1043, Accuracy : 0.6913, Loss: 0.6265
[Train] Epoch:  18, Total:     85, Accuracy : 0.5882, Loss: 0.6686
[Eval] Epoch:  18, Total:   1043, Accuracy : 0.6913, Loss: 0.6126
[Train] Epoch:  19, Total:     85, Accuracy : 0.5882, Loss: 0.6483
[Eval] Epoch:  19, Total:   1043, Accuracy : 0.6913, Loss: 0.5979
{"epoch":[1,2,3,4,5,6,7,8,9,10,11,12,13,14,15,16,17,18,19,20],"train_loss":[0.7100102305412292,0.7107021808624268,0.7108603119850159,0.7043112516403198,0.7069540619850159,0.7061452865600586,0.701496958732605,0.7034976482391357,0.6961261034011841,0.6985535025596619,0.6970273852348328,0.6910886168479919,0.6948840618133545,0.6863695979118347,0.6725239157676697,0.6817400455474854,0.66963130235672,0.6694945096969604,0.6685701012611389,0.6482658982276917],"eval_loss":[0.724845552444458,0.7243330717086792,0.7233053088188172,0.7217698574066163,0.7197641849517822,0.7172506809234619,0.7142569065093994,0.7108293056488038,0.7069259405136108,0.70255206823349,0.6977024078369141,0.6924747705459595,0.686733603477478,0.6806093931198121,0.6742040753364563,0.6673576593399048,0.659956157207489,0.6521308541297912,0.6440006136894226,0.6354720592498779],"train_acc":[0.4117647058823529,0.4117647058823529,0.4117647058823529,0.4117647058823529,0.4117647058823529,0.4117647058823529,0.4117647058823529,0.43529411764705883,0.4117647058823529,0.4588235294117647,0.4470588235294118,0.5176470588235295,0.43529411764705883,0.5764705882352941,0.7529411764705882,0.6470588235294118,0.6,0.5882352941176471,0.5882352941176471,0.5882352941176471],"eval_acc":[0.3087248322147651,0.3087248322147651,0.3087248322147651,0.3087248322147651,0.3087248322147651,0.3087248322147651,0.3087248322147651,0.3087248322147651,0.3087248322147651,0.3087248322147651,0.3087248322147651,0.5867689357622243,0.6864813039309684,0.6922339405560882,0.6912751677852349,0.6912751677852349,0.6912751677852349,0.6912751677852349,0.6912751677852349,0.6912751677852349]}
[Eval] Epoch:  11, Total:   1043, Accuracy : 0.6913, Loss: 0.5979
1043 721 3.1773602962493896
