pruned_3_0.04_model_0
DatasetDict({
    train: Dataset({
        features: ['sentence', 'label', 'indexes'],
        num_rows: 342
    })
    validation: Dataset({
        features: ['sentence', 'label', 'indexes'],
        num_rows: 1043
    })
    test: Dataset({
        features: ['sentence', 'label', 'indexes'],
        num_rows: 1063
    })
})
[Train] Epoch:   0, Total:    342, Accuracy : 0.6199, Loss: 0.6850
[Eval] Epoch:   0, Total:   1043, Accuracy : 0.6913, Loss: 0.6814
[Train] Epoch:   1, Total:    342, Accuracy : 0.5760, Loss: 0.6869
[Eval] Epoch:   1, Total:   1043, Accuracy : 0.6913, Loss: 0.6776
[Train] Epoch:   2, Total:    342, Accuracy : 0.6404, Loss: 0.6817
[Eval] Epoch:   2, Total:   1043, Accuracy : 0.6913, Loss: 0.6710
[Train] Epoch:   3, Total:    342, Accuracy : 0.6784, Loss: 0.6775
[Eval] Epoch:   3, Total:   1043, Accuracy : 0.6913, Loss: 0.6616
[Train] Epoch:   4, Total:    342, Accuracy : 0.6930, Loss: 0.6788
[Eval] Epoch:   4, Total:   1043, Accuracy : 0.6913, Loss: 0.6500
[Train] Epoch:   5, Total:    342, Accuracy : 0.6930, Loss: 0.6525
[Eval] Epoch:   5, Total:   1043, Accuracy : 0.6913, Loss: 0.6358
[Train] Epoch:   6, Total:    342, Accuracy : 0.6930, Loss: 0.6471
[Eval] Epoch:   6, Total:   1043, Accuracy : 0.6913, Loss: 0.6186
[Train] Epoch:   7, Total:    342, Accuracy : 0.6930, Loss: 0.6702
[Eval] Epoch:   7, Total:   1043, Accuracy : 0.6913, Loss: 0.5987
[Train] Epoch:   8, Total:    342, Accuracy : 0.6930, Loss: 0.6290
[Eval] Epoch:   8, Total:   1043, Accuracy : 0.6913, Loss: 0.5764
[Train] Epoch:   9, Total:    342, Accuracy : 0.6930, Loss: 0.6765
[Eval] Epoch:   9, Total:   1043, Accuracy : 0.6913, Loss: 0.5510
[Train] Epoch:  10, Total:    342, Accuracy : 0.6930, Loss: 0.5668
[Eval] Epoch:  10, Total:   1043, Accuracy : 0.6913, Loss: 0.5242
[Train] Epoch:  11, Total:    342, Accuracy : 0.6930, Loss: 0.5980
[Eval] Epoch:  11, Total:   1043, Accuracy : 0.6913, Loss: 0.4981
[Train] Epoch:  12, Total:    342, Accuracy : 0.6930, Loss: 0.6229
[Eval] Epoch:  12, Total:   1043, Accuracy : 0.6913, Loss: 0.4788
[Train] Epoch:  13, Total:    342, Accuracy : 0.6930, Loss: 0.5984
[Eval] Epoch:  13, Total:   1043, Accuracy : 0.6913, Loss: 0.4685
[Train] Epoch:  14, Total:    342, Accuracy : 0.6930, Loss: 0.6551
[Eval] Epoch:  14, Total:   1043, Accuracy : 0.6913, Loss: 0.4689
[Train] Epoch:  15, Total:    342, Accuracy : 0.6930, Loss: 0.5678
[Eval] Epoch:  15, Total:   1043, Accuracy : 0.6913, Loss: 0.4787
[Train] Epoch:  16, Total:    342, Accuracy : 0.6930, Loss: 0.5926
[Eval] Epoch:  16, Total:   1043, Accuracy : 0.6913, Loss: 0.4879
[Train] Epoch:  17, Total:    342, Accuracy : 0.6930, Loss: 0.5336
[Eval] Epoch:  17, Total:   1043, Accuracy : 0.6913, Loss: 0.4916
[Train] Epoch:  18, Total:    342, Accuracy : 0.6930, Loss: 0.6060
[Eval] Epoch:  18, Total:   1043, Accuracy : 0.6913, Loss: 0.4817
[Train] Epoch:  19, Total:    342, Accuracy : 0.6930, Loss: 0.6358
[Eval] Epoch:  19, Total:   1043, Accuracy : 0.6913, Loss: 0.4660
{"epoch":[1,2,3,4,5,6,7,8,9,10,11,12,13,14,15,16,17,18,19,20],"train_loss":[0.6858251988887787,0.6876444518566132,0.6833786964416504,0.6797058284282684,0.6762077212333679,0.6612033843994141,0.6549894213676453,0.6572004556655884,0.6397265493869781,0.6515040993690491,0.5993190705776215,0.611787348985672,0.6195569634437561,0.6080760657787323,0.6237108409404755,0.5975096523761749,0.6017239689826965,0.5782638490200043,0.5955790579319,0.5968440473079681],"eval_loss":[0.6849740028381348,0.6826483368873596,0.6785650968551635,0.672882330417633,0.6659139394760132,0.657637643814087,0.6478742718696594,0.6370672821998596,0.6255122184753418,0.6133202910423279,0.6019302845001221,0.5928310215473175,0.5883760988712311,0.587089729309082,0.5851167440414429,0.5823562383651734,0.5803375542163849,0.5768760204315185,0.569480049610138,0.5660576820373535],"train_acc":[0.6198830409356725,0.5760233918128655,0.6403508771929824,0.6783625730994152,0.6929824561403509,0.6929824561403509,0.6929824561403509,0.6929824561403509,0.6929824561403509,0.6929824561403509,0.6929824561403509,0.6929824561403509,0.6929824561403509,0.6929824561403509,0.6929824561403509,0.6929824561403509,0.6929824561403509,0.6929824561403509,0.6929824561403509,0.6929824561403509],"eval_acc":[0.6912751677852349,0.6912751677852349,0.6912751677852349,0.6912751677852349,0.6912751677852349,0.6912751677852349,0.6912751677852349,0.6912751677852349,0.6912751677852349,0.6912751677852349,0.6912751677852349,0.6912751677852349,0.6912751677852349,0.6912751677852349,0.6912751677852349,0.6912751677852349,0.6912751677852349,0.6912751677852349,0.6912751677852349,0.6912751677852349]}
[Eval] Epoch:  11, Total:   1043, Accuracy : 0.6913, Loss: 0.4660
1043 721 2.8302884101867676
