random_0.04_model_0
DatasetDict({
    train: Dataset({
        features: ['sentence', 'label', 'indexes'],
        num_rows: 342
    })
    validation: Dataset({
        features: ['sentence', 'label', 'indexes'],
        num_rows: 1043
    })
    test: Dataset({
        features: ['sentence', 'label', 'indexes'],
        num_rows: 1063
    })
})
[Train] Epoch:   0, Total:    342, Accuracy : 0.3187, Loss: 0.7167
[Eval] Epoch:   0, Total:   1043, Accuracy : 0.3087, Loss: 0.7339
[Train] Epoch:   1, Total:    342, Accuracy : 0.3129, Loss: 0.7245
[Eval] Epoch:   1, Total:   1043, Accuracy : 0.3087, Loss: 0.7297
[Train] Epoch:   2, Total:    342, Accuracy : 0.3012, Loss: 0.7079
[Eval] Epoch:   2, Total:   1043, Accuracy : 0.3087, Loss: 0.7222
[Train] Epoch:   3, Total:    342, Accuracy : 0.3129, Loss: 0.7116
[Eval] Epoch:   3, Total:   1043, Accuracy : 0.3087, Loss: 0.7116
[Train] Epoch:   4, Total:    342, Accuracy : 0.3684, Loss: 0.6985
[Eval] Epoch:   4, Total:   1043, Accuracy : 0.3116, Loss: 0.6982
[Train] Epoch:   5, Total:    342, Accuracy : 0.4678, Loss: 0.6897
[Eval] Epoch:   5, Total:   1043, Accuracy : 0.6951, Loss: 0.6817
[Train] Epoch:   6, Total:    342, Accuracy : 0.5906, Loss: 0.6855
[Eval] Epoch:   6, Total:   1043, Accuracy : 0.6913, Loss: 0.6622
[Train] Epoch:   7, Total:    342, Accuracy : 0.6842, Loss: 0.6754
[Eval] Epoch:   7, Total:   1043, Accuracy : 0.6913, Loss: 0.6396
[Train] Epoch:   8, Total:    342, Accuracy : 0.6930, Loss: 0.6600
[Eval] Epoch:   8, Total:   1043, Accuracy : 0.6913, Loss: 0.6138
[Train] Epoch:   9, Total:    342, Accuracy : 0.6901, Loss: 0.6451
[Eval] Epoch:   9, Total:   1043, Accuracy : 0.6913, Loss: 0.5849
[Train] Epoch:  10, Total:    342, Accuracy : 0.6901, Loss: 0.6296
[Eval] Epoch:  10, Total:   1043, Accuracy : 0.6913, Loss: 0.5518
[Train] Epoch:  11, Total:    342, Accuracy : 0.6901, Loss: 0.6361
[Eval] Epoch:  11, Total:   1043, Accuracy : 0.6913, Loss: 0.5151
[Train] Epoch:  12, Total:    342, Accuracy : 0.6901, Loss: 0.6179
[Eval] Epoch:  12, Total:   1043, Accuracy : 0.6913, Loss: 0.4799
[Train] Epoch:  13, Total:    342, Accuracy : 0.6901, Loss: 0.6098
[Eval] Epoch:  13, Total:   1043, Accuracy : 0.6913, Loss: 0.4540
[Train] Epoch:  14, Total:    342, Accuracy : 0.6901, Loss: 0.5665
[Eval] Epoch:  14, Total:   1043, Accuracy : 0.6913, Loss: 0.4429
[Train] Epoch:  15, Total:    342, Accuracy : 0.6901, Loss: 0.6623
[Eval] Epoch:  15, Total:   1043, Accuracy : 0.6913, Loss: 0.4456
[Train] Epoch:  16, Total:    342, Accuracy : 0.6901, Loss: 0.6112
[Eval] Epoch:  16, Total:   1043, Accuracy : 0.6913, Loss: 0.4583
[Train] Epoch:  17, Total:    342, Accuracy : 0.6901, Loss: 0.5774
[Eval] Epoch:  17, Total:   1043, Accuracy : 0.6913, Loss: 0.4636
[Train] Epoch:  18, Total:    342, Accuracy : 0.6901, Loss: 0.5684
[Eval] Epoch:  18, Total:   1043, Accuracy : 0.6913, Loss: 0.4495
[Train] Epoch:  19, Total:    342, Accuracy : 0.6901, Loss: 0.5563
[Eval] Epoch:  19, Total:   1043, Accuracy : 0.6913, Loss: 0.4288
{"epoch":[1,2,3,4,5,6,7,8,9,10,11,12,13,14,15,16,17,18,19,20],"train_loss":[0.7179916501045227,0.7221178412437439,0.7156510651111603,0.7107834219932556,0.7001852095127106,0.6928853690624237,0.6879096925258636,0.6775204241275787,0.6587489247322083,0.6444648504257202,0.6368106305599213,0.6328370571136475,0.6182346940040588,0.6118786334991455,0.6053695976734161,0.6361236870288849,0.6114808619022369,0.587420254945755,0.5840067565441132,0.5602202415466309],"eval_loss":[0.7201455950736999,0.7173548817634583,0.7124677419662475,0.7056299090385437,0.6969737529754638,0.6865589857101441,0.6745387315750122,0.6609162926673889,0.6460081696510315,0.63013254404068,0.6136496782302856,0.59783536195755,0.5870071649551392,0.5837805569171906,0.5822109997272491,0.5772968888282776,0.5731524705886841,0.5675784170627594,0.5570475399494171,0.5581978380680084],"train_acc":[0.31871345029239767,0.3128654970760234,0.30116959064327486,0.3128654970760234,0.3684210526315789,0.4678362573099415,0.5906432748538012,0.6842105263157895,0.6929824561403509,0.6900584795321637,0.6900584795321637,0.6900584795321637,0.6900584795321637,0.6900584795321637,0.6900584795321637,0.6900584795321637,0.6900584795321637,0.6900584795321637,0.6900584795321637,0.6900584795321637],"eval_acc":[0.3087248322147651,0.3087248322147651,0.3087248322147651,0.3087248322147651,0.311601150527325,0.6951102588686481,0.6912751677852349,0.6912751677852349,0.6912751677852349,0.6912751677852349,0.6912751677852349,0.6912751677852349,0.6912751677852349,0.6912751677852349,0.6912751677852349,0.6912751677852349,0.6912751677852349,0.6912751677852349,0.6912751677852349,0.6912751677852349]}
[Eval] Epoch:  11, Total:   1043, Accuracy : 0.6913, Loss: 0.4288
1043 721 2.790989190340042
