random_0.3_model_0
DatasetDict({
    train: Dataset({
        features: ['sentence', 'label', 'indexes'],
        num_rows: 2565
    })
    validation: Dataset({
        features: ['sentence', 'label', 'indexes'],
        num_rows: 1043
    })
    test: Dataset({
        features: ['sentence', 'label', 'indexes'],
        num_rows: 1063
    })
})
[Train] Epoch:   0, Total:   2565, Accuracy : 0.4409, Loss: 0.6897
[Eval] Epoch:   0, Total:   1043, Accuracy : 0.6913, Loss: 0.6671
[Train] Epoch:   1, Total:   2565, Accuracy : 0.6986, Loss: 0.6647
[Eval] Epoch:   1, Total:   1043, Accuracy : 0.6913, Loss: 0.5275
[Train] Epoch:   2, Total:   2565, Accuracy : 0.7029, Loss: 0.3134
[Eval] Epoch:   2, Total:   1043, Accuracy : 0.6913, Loss: 0.4925
[Train] Epoch:   3, Total:   2565, Accuracy : 0.7029, Loss: 0.3695
[Eval] Epoch:   3, Total:   1043, Accuracy : 0.6913, Loss: 0.4098
[Train] Epoch:   4, Total:   2565, Accuracy : 0.7029, Loss: 0.4130
[Eval] Epoch:   4, Total:   1043, Accuracy : 0.6913, Loss: 0.3539
[Train] Epoch:   5, Total:   2565, Accuracy : 0.7267, Loss: 0.3509
[Eval] Epoch:   5, Total:   1043, Accuracy : 0.7804, Loss: 0.3945
[Train] Epoch:   6, Total:   2565, Accuracy : 0.8511, Loss: 0.7941
[Eval] Epoch:   6, Total:   1043, Accuracy : 0.7977, Loss: 0.3962
[Train] Epoch:   7, Total:   2565, Accuracy : 0.8795, Loss: 0.1467
[Eval] Epoch:   7, Total:   1043, Accuracy : 0.7804, Loss: 0.4344
[Train] Epoch:   8, Total:   2565, Accuracy : 0.8990, Loss: 0.0659
[Eval] Epoch:   8, Total:   1043, Accuracy : 0.7891, Loss: 0.5056
[Train] Epoch:   9, Total:   2565, Accuracy : 0.9212, Loss: 0.0454
[Eval] Epoch:   9, Total:   1043, Accuracy : 0.8025, Loss: 0.5560
[Train] Epoch:  10, Total:   2565, Accuracy : 0.9220, Loss: 0.0236
[Eval] Epoch:  10, Total:   1043, Accuracy : 0.7910, Loss: 0.5726
[Train] Epoch:  11, Total:   2565, Accuracy : 0.9341, Loss: 0.0222
[Eval] Epoch:  11, Total:   1043, Accuracy : 0.7987, Loss: 0.5677
[Train] Epoch:  12, Total:   2565, Accuracy : 0.9271, Loss: 0.0803
[Eval] Epoch:  12, Total:   1043, Accuracy : 0.8015, Loss: 0.6183
[Train] Epoch:  13, Total:   2565, Accuracy : 0.9474, Loss: 0.1916
[Eval] Epoch:  13, Total:   1043, Accuracy : 0.7939, Loss: 0.6659
[Train] Epoch:  14, Total:   2565, Accuracy : 0.9559, Loss: 0.2528
[Eval] Epoch:  14, Total:   1043, Accuracy : 0.7987, Loss: 0.6669
[Train] Epoch:  15, Total:   2565, Accuracy : 0.9649, Loss: 0.0463
[Eval] Epoch:  15, Total:   1043, Accuracy : 0.7977, Loss: 0.8319
[Train] Epoch:  16, Total:   2565, Accuracy : 0.9692, Loss: 0.0135
[Eval] Epoch:  16, Total:   1043, Accuracy : 0.7919, Loss: 1.0044
[Train] Epoch:  17, Total:   2565, Accuracy : 0.9680, Loss: 0.1215
[Eval] Epoch:  17, Total:   1043, Accuracy : 0.7910, Loss: 0.9605
[Train] Epoch:  18, Total:   2565, Accuracy : 0.9754, Loss: 1.0589
[Eval] Epoch:  18, Total:   1043, Accuracy : 0.7910, Loss: 0.9150
[Train] Epoch:  19, Total:   2565, Accuracy : 0.9774, Loss: 0.6224
[Eval] Epoch:  19, Total:   1043, Accuracy : 0.7900, Loss: 0.8865
{"epoch":[1,2,3,4,5,6,7,8,9,10,11,12,13,14,15,16,17,18,19,20],"train_loss":[0.695997720414942,0.6533516266129233,0.5821918628432534,0.5713823518969796,0.5188531523401086,0.44243473356420343,0.4118242995305495,0.2940942631526427,0.2431122281334617,0.20672864297574217,0.19497862255031412,0.17868133685128254,0.19130419397895987,0.1716360029849139,0.1519541394981471,0.11413002149625258,0.09251521883363073,0.10562314228578047,0.16921908814798703,0.1261293732307174],"eval_loss":[0.6769875407218933,0.6027683019638062,0.5792853653430938,0.5499691307544708,0.49989986419677734,0.5139592468738556,0.5371816217899322,0.5714500308036804,0.5571776926517487,0.589999544620514,0.6339780509471893,0.6193146705627441,0.63725546002388,0.7089909434318542,0.6655802249908447,0.7616707265377045,0.8694956779479981,0.8689522027969361,0.8505116462707519,0.8350658059120178],"train_acc":[0.4409356725146199,0.698635477582846,0.7029239766081872,0.7029239766081872,0.7029239766081872,0.7267056530214425,0.8510721247563353,0.87953216374269,0.8990253411306043,0.9212475633528265,0.9220272904483431,0.9341130604288499,0.9270955165692008,0.9473684210526315,0.9559454191033139,0.9649122807017544,0.9692007797270955,0.9680311890838207,0.9754385964912281,0.9773879142300195],"eval_acc":[0.6912751677852349,0.6912751677852349,0.6912751677852349,0.6912751677852349,0.6912751677852349,0.7804410354745925,0.7976989453499521,0.7804410354745925,0.7890699904122723,0.8024928092042186,0.7909875359539789,0.7986577181208053,0.8015340364333653,0.7938638542665388,0.7986577181208053,0.7976989453499521,0.7919463087248322,0.7909875359539789,0.7909875359539789,0.7900287631831256]}
[Eval] Epoch:  11, Total:   1043, Accuracy : 0.7900, Loss: 0.8865
1043 824 4.175329029560089
